<?xml version="1.0" encoding="UTF-8"?>
<testsuite xmlns:xsi="http://www.w3.org/2001/XMLSchema-instance" xsi:noNamespaceSchemaLocation="https://maven.apache.org/surefire/maven-failsafe-plugin/xsd/failsafe-test-report.xsd" version="3.0.2" name="io.apicurio.tests.serdes.apicurio.AvroSerdeIT" time="50.99" tests="21" errors="0" skipped="2" failures="0">
  <properties>
    <property name="java.specification.version" value="17"/>
    <property name="sun.jnu.encoding" value="UTF-8"/>
    <property name="java.class.path" value="/home/runner/work/apicurio-testing/apicurio-testing/clusters/ci419/namespaces/mysql/tests/integration/apicurio-registry/integration-tests/target/test-classes:/home/runner/work/apicurio-testing/apicurio-testing/clusters/ci419/namespaces/mysql/tests/integration/apicurio-registry/integration-tests/target/apicurio-registry-integration-tests-3.0.9.jar:/home/runner/.m2/repository/io/quarkus/quarkus-junit5/3.15.4/quarkus-junit5-3.15.4.jar:/home/runner/.m2/repository/io/quarkus/quarkus-bootstrap-core/3.15.4/quarkus-bootstrap-core-3.15.4.jar:/home/runner/.m2/repository/io/quarkus/quarkus-classloader-commons/3.15.4/quarkus-classloader-commons-3.15.4.jar:/home/runner/.m2/repository/io/quarkus/quarkus-bootstrap-app-model/3.15.4/quarkus-bootstrap-app-model-3.15.4.jar:/home/runner/.m2/repository/io/smallrye/common/smallrye-common-io/2.6.1/smallrye-common-io-2.6.1.jar:/home/runner/.m2/repository/org/eclipse/sisu/org.eclipse.sisu.inject/0.9.0.M3/org.eclipse.sisu.inject-0.9.0.M3.jar:/home/runner/.m2/repository/io/quarkus/quarkus-test-common/3.15.4/quarkus-test-common-3.15.4.jar:/home/runner/.m2/repository/io/quarkus/quarkus-core-deployment/3.15.4/quarkus-core-deployment-3.15.4.jar:/home/runner/.m2/repository/org/aesh/readline/2.6/readline-2.6.jar:/home/runner/.m2/repository/org/fusesource/jansi/jansi/2.4.0/jansi-2.4.0.jar:/home/runner/.m2/repository/org/aesh/aesh/2.8.2/aesh-2.8.2.jar:/home/runner/.m2/repository/io/quarkus/gizmo/gizmo/1.8.0/gizmo-1.8.0.jar:/home/runner/.m2/repository/org/ow2/asm/asm-util/9.7/asm-util-9.7.jar:/home/runner/.m2/repository/org/ow2/asm/asm-analysis/9.7/asm-analysis-9.7.jar:/home/runner/.m2/repository/org/ow2/asm/asm-commons/9.7/asm-commons-9.7.jar:/home/runner/.m2/repository/org/ow2/asm/asm-tree/9.7/asm-tree-9.7.jar:/home/runner/.m2/repository/io/quarkus/quarkus-hibernate-validator-spi/3.15.4/quarkus-hibernate-validator-spi-3.15.4.jar:/home/runner/.m2/repository/io/quarkus/quarkus-class-change-agent/3.15.4/quarkus-class-change-agent-3.15.4.jar:/home/runner/.m2/repository/io/quarkus/quarkus-devtools-utilities/3.15.4/quarkus-devtools-utilities-3.15.4.jar:/home/runner/.m2/repository/io/quarkus/quarkus-builder/3.15.4/quarkus-builder-3.15.4.jar:/home/runner/.m2/repository/org/graalvm/sdk/nativeimage/23.1.2/nativeimage-23.1.2.jar:/home/runner/.m2/repository/org/graalvm/sdk/word/23.1.2/word-23.1.2.jar:/home/runner/.m2/repository/io/quarkus/quarkus-bootstrap-maven-resolver/3.15.4/quarkus-bootstrap-maven-resolver-3.15.4.jar:/home/runner/.m2/repository/io/smallrye/beanbag/smallrye-beanbag-maven/1.5.2/smallrye-beanbag-maven-1.5.2.jar:/home/runner/.m2/repository/io/smallrye/beanbag/smallrye-beanbag-sisu/1.5.2/smallrye-beanbag-sisu-1.5.2.jar:/home/runner/.m2/repository/io/smallrye/beanbag/smallrye-beanbag/1.5.2/smallrye-beanbag-1.5.2.jar:/home/runner/.m2/repository/javax/inject/javax.inject/1/javax.inject-1.jar:/home/runner/.m2/repository/org/apache/maven/maven-artifact/3.9.8/maven-artifact-3.9.8.jar:/home/runner/.m2/repository/org/apache/maven/maven-builder-support/3.9.8/maven-builder-support-3.9.8.jar:/home/runner/.m2/repository/org/apache/maven/maven-model/3.9.8/maven-model-3.9.8.jar:/home/runner/.m2/repository/org/apache/maven/maven-model-builder/3.9.8/maven-model-builder-3.9.8.jar:/home/runner/.m2/repository/org/apache/maven/maven-repository-metadata/3.9.8/maven-repository-metadata-3.9.8.jar:/home/runner/.m2/repository/org/apache/maven/maven-settings/3.9.8/maven-settings-3.9.8.jar:/home/runner/.m2/repository/org/apache/maven/resolver/maven-resolver-api/1.9.22/maven-resolver-api-1.9.22.jar:/home/runner/.m2/repository/org/apache/maven/resolver/maven-resolver-impl/1.9.22/maven-resolver-impl-1.9.22.jar:/home/runner/.m2/repository/org/apache/maven/resolver/maven-resolver-named-locks/1.9.22/maven-resolver-named-locks-1.9.22.jar:/home/runner/.m2/repository/org/apache/maven/resolver/maven-resolver-spi/1.9.22/maven-resolver-spi-1.9.22.jar:/home/runner/.m2/repository/org/apache/maven/resolver/maven-resolver-util/1.9.22/maven-resolver-util-1.9.22.jar:/home/runner/.m2/repository/org/apache/maven/resolver/maven-resolver-transport-http/1.9.20/maven-resolver-transport-http-1.9.20.jar:/home/runner/.m2/repository/org/apache/maven/wagon/wagon-provider-api/3.5.3/wagon-provider-api-3.5.3.jar:/home/runner/.m2/repository/org/apache/maven/wagon/wagon-http-shared/3.5.3/wagon-http-shared-3.5.3.jar:/home/runner/.m2/repository/org/codehaus/plexus/plexus-interpolation/1.26/plexus-interpolation-1.26.jar:/home/runner/.m2/repository/org/codehaus/plexus/plexus-utils/3.5.1/plexus-utils-3.5.1.jar:/home/runner/.m2/repository/org/codehaus/plexus/plexus-xml/4.0.1/plexus-xml-4.0.1.jar:/home/runner/.m2/repository/org/apache/maven/maven-xml-impl/4.0.0-alpha-5/maven-xml-impl-4.0.0-alpha-5.jar:/home/runner/.m2/repository/org/apache/maven/maven-api-xml/4.0.0-alpha-5/maven-api-xml-4.0.0-alpha-5.jar:/home/runner/.m2/repository/org/apache/maven/maven-api-meta/4.0.0-alpha-5/maven-api-meta-4.0.0-alpha-5.jar:/home/runner/.m2/repository/org/codehaus/plexus/plexus-cipher/2.0/plexus-cipher-2.0.jar:/home/runner/.m2/repository/org/codehaus/plexus/plexus-sec-dispatcher/2.0/plexus-sec-dispatcher-2.0.jar:/home/runner/.m2/repository/org/apache/maven/maven-embedder/3.9.8/maven-embedder-3.9.8.jar:/home/runner/.m2/repository/org/apache/maven/maven-core/3.9.8/maven-core-3.9.8.jar:/home/runner/.m2/repository/org/codehaus/plexus/plexus-component-annotations/2.1.0/plexus-component-annotations-2.1.0.jar:/home/runner/.m2/repository/org/apache/maven/maven-plugin-api/3.9.8/maven-plugin-api-3.9.8.jar:/home/runner/.m2/repository/org/apache/maven/shared/maven-shared-utils/3.4.2/maven-shared-utils-3.4.2.jar:/home/runner/.m2/repository/com/google/inject/guice/5.1.0/guice-5.1.0.jar:/home/runner/.m2/repository/aopalliance/aopalliance/1.0/aopalliance-1.0.jar:/home/runner/.m2/repository/javax/annotation/javax.annotation-api/1.3.2/javax.annotation-api-1.3.2.jar:/home/runner/.m2/repository/org/codehaus/plexus/plexus-classworlds/2.6.0/plexus-classworlds-2.6.0.jar:/home/runner/.m2/repository/commons-cli/commons-cli/1.8.0/commons-cli-1.8.0.jar:/home/runner/.m2/repository/org/eclipse/sisu/org.eclipse.sisu.plexus/0.9.0.M3/org.eclipse.sisu.plexus-0.9.0.M3.jar:/home/runner/.m2/repository/org/apache/maven/maven-settings-builder/3.9.8/maven-settings-builder-3.9.8.jar:/home/runner/.m2/repository/org/apache/maven/maven-resolver-provider/3.9.8/maven-resolver-provider-3.9.8.jar:/home/runner/.m2/repository/org/apache/maven/resolver/maven-resolver-connector-basic/1.9.22/maven-resolver-connector-basic-1.9.22.jar:/home/runner/.m2/repository/org/apache/maven/resolver/maven-resolver-transport-wagon/1.9.22/maven-resolver-transport-wagon-1.9.22.jar:/home/runner/.m2/repository/org/apache/maven/wagon/wagon-http/3.5.3/wagon-http-3.5.3.jar:/home/runner/.m2/repository/org/apache/maven/wagon/wagon-file/3.5.3/wagon-file-3.5.3.jar:/home/runner/.m2/repository/io/quarkus/quarkus-bootstrap-gradle-resolver/3.15.4/quarkus-bootstrap-gradle-resolver-3.15.4.jar:/home/runner/.m2/repository/io/smallrye/jandex/3.2.3/jandex-3.2.3.jar:/home/runner/.m2/repository/org/jboss/logging/commons-logging-jboss-logging/1.0.0.Final/commons-logging-jboss-logging-1.0.0.Final.jar:/home/runner/.m2/repository/io/quarkus/quarkus-junit5-properties/3.15.4/quarkus-junit5-properties-3.15.4.jar:/home/runner/.m2/repository/org/junit/jupiter/junit-jupiter/5.10.3/junit-jupiter-5.10.3.jar:/home/runner/.m2/repository/org/junit/jupiter/junit-jupiter-api/5.10.3/junit-jupiter-api-5.10.3.jar:/home/runner/.m2/repository/org/junit/jupiter/junit-jupiter-params/5.10.3/junit-jupiter-params-5.10.3.jar:/home/runner/.m2/repository/org/junit/jupiter/junit-jupiter-engine/5.10.3/junit-jupiter-engine-5.10.3.jar:/home/runner/.m2/repository/io/quarkus/quarkus-core/3.15.4/quarkus-core-3.15.4.jar:/home/runner/.m2/repository/jakarta/enterprise/jakarta.enterprise.cdi-api/4.1.0/jakarta.enterprise.cdi-api-4.1.0.jar:/home/runner/.m2/repository/jakarta/enterprise/jakarta.enterprise.lang-model/4.1.0/jakarta.enterprise.lang-model-4.1.0.jar:/home/runner/.m2/repository/jakarta/el/jakarta.el-api/5.0.1/jakarta.el-api-5.0.1.jar:/home/runner/.m2/repository/jakarta/interceptor/jakarta.interceptor-api/2.2.0/jakarta.interceptor-api-2.2.0.jar:/home/runner/.m2/repository/jakarta/inject/jakarta.inject-api/2.0.1/jakarta.inject-api-2.0.1.jar:/home/runner/.m2/repository/io/smallrye/common/smallrye-common-os/2.6.1/smallrye-common-os-2.6.1.jar:/home/runner/.m2/repository/io/quarkus/quarkus-ide-launcher/3.15.4/quarkus-ide-launcher-3.15.4.jar:/home/runner/.m2/repository/io/quarkus/quarkus-development-mode-spi/3.15.4/quarkus-development-mode-spi-3.15.4.jar:/home/runner/.m2/repository/io/smallrye/config/smallrye-config/3.9.1/smallrye-config-3.9.1.jar:/home/runner/.m2/repository/io/smallrye/config/smallrye-config-core/3.9.1/smallrye-config-core-3.9.1.jar:/home/runner/.m2/repository/io/smallrye/common/smallrye-common-annotation/2.6.1/smallrye-common-annotation-2.6.1.jar:/home/runner/.m2/repository/io/smallrye/common/smallrye-common-classloader/2.6.1/smallrye-common-classloader-2.6.1.jar:/home/runner/.m2/repository/io/smallrye/config/smallrye-config-common/3.9.1/smallrye-config-common-3.9.1.jar:/home/runner/.m2/repository/org/jboss/logging/jboss-logging/3.6.0.Final/jboss-logging-3.6.0.Final.jar:/home/runner/.m2/repository/org/jboss/logmanager/jboss-logmanager/3.1.1.Final/jboss-logmanager-3.1.1.Final.jar:/home/runner/.m2/repository/io/smallrye/common/smallrye-common-constraint/2.6.1/smallrye-common-constraint-2.6.1.jar:/home/runner/.m2/repository/io/smallrye/common/smallrye-common-cpu/2.6.1/smallrye-common-cpu-2.6.1.jar:/home/runner/.m2/repository/io/smallrye/common/smallrye-common-expression/2.6.1/smallrye-common-expression-2.6.1.jar:/home/runner/.m2/repository/io/smallrye/common/smallrye-common-function/2.6.1/smallrye-common-function-2.6.1.jar:/home/runner/.m2/repository/io/smallrye/common/smallrye-common-net/2.6.1/smallrye-common-net-2.6.1.jar:/home/runner/.m2/repository/io/smallrye/common/smallrye-common-ref/2.6.1/smallrye-common-ref-2.6.1.jar:/home/runner/.m2/repository/jakarta/json/jakarta.json-api/2.1.3/jakarta.json-api-2.1.3.jar:/home/runner/.m2/repository/org/eclipse/parsson/parsson/1.1.7/parsson-1.1.7.jar:/home/runner/.m2/repository/org/jboss/logging/jboss-logging-annotations/3.0.1.Final/jboss-logging-annotations-3.0.1.Final.jar:/home/runner/.m2/repository/org/jboss/threads/jboss-threads/3.6.1.Final/jboss-threads-3.6.1.Final.jar:/home/runner/.m2/repository/org/jboss/slf4j/slf4j-jboss-logmanager/2.0.0.Final/slf4j-jboss-logmanager-2.0.0.Final.jar:/home/runner/.m2/repository/org/wildfly/common/wildfly-common/1.7.0.Final/wildfly-common-1.7.0.Final.jar:/home/runner/.m2/repository/io/quarkus/quarkus-bootstrap-runner/3.15.4/quarkus-bootstrap-runner-3.15.4.jar:/home/runner/.m2/repository/io/github/crac/org-crac/0.1.3/org-crac-0.1.3.jar:/home/runner/.m2/repository/io/quarkus/quarkus-fs-util/0.0.10/quarkus-fs-util-0.0.10.jar:/home/runner/.m2/repository/org/jboss/marshalling/jboss-marshalling/2.2.1.Final/jboss-marshalling-2.2.1.Final.jar:/home/runner/.m2/repository/io/fabric8/kubernetes-client/6.13.5/kubernetes-client-6.13.5.jar:/home/runner/.m2/repository/io/fabric8/kubernetes-client-api/6.13.5/kubernetes-client-api-6.13.5.jar:/home/runner/.m2/repository/io/fabric8/kubernetes-model-core/6.13.5/kubernetes-model-core-6.13.5.jar:/home/runner/.m2/repository/io/fabric8/kubernetes-model-common/6.13.5/kubernetes-model-common-6.13.5.jar:/home/runner/.m2/repository/io/fabric8/kubernetes-model-gatewayapi/6.13.5/kubernetes-model-gatewayapi-6.13.5.jar:/home/runner/.m2/repository/io/fabric8/kubernetes-model-resource/6.13.5/kubernetes-model-resource-6.13.5.jar:/home/runner/.m2/repository/io/fabric8/kubernetes-model-rbac/6.13.5/kubernetes-model-rbac-6.13.5.jar:/home/runner/.m2/repository/io/fabric8/kubernetes-model-admissionregistration/6.13.5/kubernetes-model-admissionregistration-6.13.5.jar:/home/runner/.m2/repository/io/fabric8/kubernetes-model-apps/6.13.5/kubernetes-model-apps-6.13.5.jar:/home/runner/.m2/repository/io/fabric8/kubernetes-model-autoscaling/6.13.5/kubernetes-model-autoscaling-6.13.5.jar:/home/runner/.m2/repository/io/fabric8/kubernetes-model-apiextensions/6.13.5/kubernetes-model-apiextensions-6.13.5.jar:/home/runner/.m2/repository/io/fabric8/kubernetes-model-batch/6.13.5/kubernetes-model-batch-6.13.5.jar:/home/runner/.m2/repository/io/fabric8/kubernetes-model-certificates/6.13.5/kubernetes-model-certificates-6.13.5.jar:/home/runner/.m2/repository/io/fabric8/kubernetes-model-coordination/6.13.5/kubernetes-model-coordination-6.13.5.jar:/home/runner/.m2/repository/io/fabric8/kubernetes-model-discovery/6.13.5/kubernetes-model-discovery-6.13.5.jar:/home/runner/.m2/repository/io/fabric8/kubernetes-model-events/6.13.5/kubernetes-model-events-6.13.5.jar:/home/runner/.m2/repository/io/fabric8/kubernetes-model-extensions/6.13.5/kubernetes-model-extensions-6.13.5.jar:/home/runner/.m2/repository/io/fabric8/kubernetes-model-flowcontrol/6.13.5/kubernetes-model-flowcontrol-6.13.5.jar:/home/runner/.m2/repository/io/fabric8/kubernetes-model-networking/6.13.5/kubernetes-model-networking-6.13.5.jar:/home/runner/.m2/repository/io/fabric8/kubernetes-model-metrics/6.13.5/kubernetes-model-metrics-6.13.5.jar:/home/runner/.m2/repository/io/fabric8/kubernetes-model-policy/6.13.5/kubernetes-model-policy-6.13.5.jar:/home/runner/.m2/repository/io/fabric8/kubernetes-model-scheduling/6.13.5/kubernetes-model-scheduling-6.13.5.jar:/home/runner/.m2/repository/io/fabric8/kubernetes-model-storageclass/6.13.5/kubernetes-model-storageclass-6.13.5.jar:/home/runner/.m2/repository/io/fabric8/kubernetes-model-node/6.13.5/kubernetes-model-node-6.13.5.jar:/home/runner/.m2/repository/org/snakeyaml/snakeyaml-engine/2.7/snakeyaml-engine-2.7.jar:/home/runner/.m2/repository/com/fasterxml/jackson/dataformat/jackson-dataformat-yaml/2.15.2/jackson-dataformat-yaml-2.15.2.jar:/home/runner/.m2/repository/com/fasterxml/jackson/datatype/jackson-datatype-jsr310/2.17.2/jackson-datatype-jsr310-2.17.2.jar:/home/runner/.m2/repository/io/fabric8/zjsonpatch/0.3.0/zjsonpatch-0.3.0.jar:/home/runner/.m2/repository/io/fabric8/kubernetes-httpclient-vertx/6.13.5/kubernetes-httpclient-vertx-6.13.5.jar:/home/runner/.m2/repository/io/vertx/vertx-web-client/4.5.13/vertx-web-client-4.5.13.jar:/home/runner/.m2/repository/io/vertx/vertx-web-common/4.5.13/vertx-web-common-4.5.13.jar:/home/runner/.m2/repository/io/vertx/vertx-auth-common/4.5.13/vertx-auth-common-4.5.13.jar:/home/runner/.m2/repository/io/vertx/vertx-uri-template/4.5.13/vertx-uri-template-4.5.13.jar:/home/runner/.m2/repository/io/fabric8/openshift-client/6.13.5/openshift-client-6.13.5.jar:/home/runner/.m2/repository/io/fabric8/openshift-client-api/6.13.5/openshift-client-api-6.13.5.jar:/home/runner/.m2/repository/io/fabric8/openshift-model/6.13.5/openshift-model-6.13.5.jar:/home/runner/.m2/repository/io/fabric8/openshift-model-clusterautoscaling/6.13.5/openshift-model-clusterautoscaling-6.13.5.jar:/home/runner/.m2/repository/io/fabric8/openshift-model-operator/6.13.5/openshift-model-operator-6.13.5.jar:/home/runner/.m2/repository/io/fabric8/openshift-model-operatorhub/6.13.5/openshift-model-operatorhub-6.13.5.jar:/home/runner/.m2/repository/io/fabric8/openshift-model-machine/6.13.5/openshift-model-machine-6.13.5.jar:/home/runner/.m2/repository/io/fabric8/openshift-model-whereabouts/6.13.5/openshift-model-whereabouts-6.13.5.jar:/home/runner/.m2/repository/io/fabric8/openshift-model-monitoring/6.13.5/openshift-model-monitoring-6.13.5.jar:/home/runner/.m2/repository/io/fabric8/openshift-model-storageversionmigrator/6.13.5/openshift-model-storageversionmigrator-6.13.5.jar:/home/runner/.m2/repository/io/fabric8/openshift-model-tuned/6.13.5/openshift-model-tuned-6.13.5.jar:/home/runner/.m2/repository/io/fabric8/openshift-model-console/6.13.5/openshift-model-console-6.13.5.jar:/home/runner/.m2/repository/io/fabric8/openshift-model-config/6.13.5/openshift-model-config-6.13.5.jar:/home/runner/.m2/repository/io/fabric8/openshift-model-machineconfig/6.13.5/openshift-model-machineconfig-6.13.5.jar:/home/runner/.m2/repository/io/fabric8/openshift-model-miscellaneous/6.13.5/openshift-model-miscellaneous-6.13.5.jar:/home/runner/.m2/repository/io/fabric8/openshift-model-hive/6.13.5/openshift-model-hive-6.13.5.jar:/home/runner/.m2/repository/io/fabric8/openshift-model-installer/6.13.5/openshift-model-installer-6.13.5.jar:/home/runner/.m2/repository/com/github/mifmif/generex/1.0.2/generex-1.0.2.jar:/home/runner/.m2/repository/dk/brics/automaton/automaton/1.11-8/automaton-1.11-8.jar:/home/runner/.m2/repository/org/junit/platform/junit-platform-launcher/1.10.3/junit-platform-launcher-1.10.3.jar:/home/runner/.m2/repository/org/junit/platform/junit-platform-engine/1.10.3/junit-platform-engine-1.10.3.jar:/home/runner/.m2/repository/org/opentest4j/opentest4j/1.3.0/opentest4j-1.3.0.jar:/home/runner/.m2/repository/org/junit/platform/junit-platform-commons/1.10.3/junit-platform-commons-1.10.3.jar:/home/runner/.m2/repository/org/apiguardian/apiguardian-api/1.1.2/apiguardian-api-1.1.2.jar:/home/runner/.m2/repository/jakarta/ws/rs/jakarta.ws.rs-api/3.1.0/jakarta.ws.rs-api-3.1.0.jar:/home/runner/work/apicurio-testing/apicurio-testing/clusters/ci419/namespaces/mysql/tests/integration/apicurio-registry/java-sdk/target/apicurio-registry-java-sdk-3.0.9.jar:/home/runner/.m2/repository/com/microsoft/kiota/microsoft-kiota-abstractions/1.8.4/microsoft-kiota-abstractions-1.8.4.jar:/home/runner/.m2/repository/io/github/std-uritemplate/std-uritemplate/2.0.0/std-uritemplate-2.0.0.jar:/home/runner/.m2/repository/io/kiota/kiota-http-jdk/0.0.21/kiota-http-jdk-0.0.21.jar:/home/runner/.m2/repository/io/kiota/kiota-http-vertx/0.0.21/kiota-http-vertx-0.0.21.jar:/home/runner/.m2/repository/io/kiota/kiota-serialization-jackson/0.0.21/kiota-serialization-jackson-0.0.21.jar:/home/runner/.m2/repository/com/microsoft/kiota/microsoft-kiota-serialization-text/1.8.4/microsoft-kiota-serialization-text-1.8.4.jar:/home/runner/.m2/repository/com/microsoft/kiota/microsoft-kiota-serialization-form/1.8.4/microsoft-kiota-serialization-form-1.8.4.jar:/home/runner/.m2/repository/com/microsoft/kiota/microsoft-kiota-serialization-multipart/1.8.4/microsoft-kiota-serialization-multipart-1.8.4.jar:/home/runner/.m2/repository/jakarta/annotation/jakarta.annotation-api/3.0.0/jakarta.annotation-api-3.0.0.jar:/home/runner/.m2/repository/io/vertx/vertx-auth-oauth2/4.5.13/vertx-auth-oauth2-4.5.13.jar:/home/runner/work/apicurio-testing/apicurio-testing/clusters/ci419/namespaces/mysql/tests/integration/apicurio-registry/java-sdk-v2/target/apicurio-registry-v2-java-sdk-3.0.9.jar:/home/runner/work/apicurio-testing/apicurio-testing/clusters/ci419/namespaces/mysql/tests/integration/apicurio-registry/utils/kafka/target/apicurio-registry-utils-kafka-3.0.9-tests.jar:/home/runner/.m2/repository/org/eclipse/microprofile/config/microprofile-config-api/3.1/microprofile-config-api-3.1.jar:/home/runner/.m2/repository/org/apache/kafka/kafka-clients/3.9.0/kafka-clients-3.9.0.jar:/home/runner/.m2/repository/com/github/luben/zstd-jni/1.5.6-4/zstd-jni-1.5.6-4.jar:/home/runner/.m2/repository/org/lz4/lz4-java/1.8.0/lz4-java-1.8.0.jar:/home/runner/.m2/repository/org/xerial/snappy/snappy-java/1.1.10.5/snappy-java-1.1.10.5.jar:/home/runner/.m2/repository/org/slf4j/slf4j-api/2.0.6/slf4j-api-2.0.6.jar:/home/runner/work/apicurio-testing/apicurio-testing/clusters/ci419/namespaces/mysql/tests/integration/apicurio-registry/utils/tests/target/apicurio-registry-utils-tests-3.0.9.jar:/home/runner/work/apicurio-testing/apicurio-testing/clusters/ci419/namespaces/mysql/tests/integration/apicurio-registry/common/target/apicurio-registry-common-3.0.9.jar:/home/runner/.m2/repository/jakarta/validation/jakarta.validation-api/3.0.2/jakarta.validation-api-3.0.2.jar:/home/runner/.m2/repository/com/github/dasniko/testcontainers-keycloak/3.6.0/testcontainers-keycloak-3.6.0.jar:/home/runner/.m2/repository/org/testcontainers/testcontainers/1.20.1/testcontainers-1.20.1.jar:/home/runner/.m2/repository/org/rnorth/duct-tape/duct-tape/1.0.8/duct-tape-1.0.8.jar:/home/runner/.m2/repository/org/jetbrains/annotations/24.1.0/annotations-24.1.0.jar:/home/runner/.m2/repository/com/github/docker-java/docker-java-transport-zerodep/3.4.0/docker-java-transport-zerodep-3.4.0.jar:/home/runner/.m2/repository/com/github/docker-java/docker-java-transport/3.4.0/docker-java-transport-3.4.0.jar:/home/runner/.m2/repository/net/java/dev/jna/jna/5.8.0/jna-5.8.0.jar:/home/runner/.m2/repository/io/quarkus/quarkus-junit4-mock/3.15.4/quarkus-junit4-mock-3.15.4.jar:/home/runner/.m2/repository/org/jboss/shrinkwrap/shrinkwrap-api/2.0.0-beta-2/shrinkwrap-api-2.0.0-beta-2.jar:/home/runner/.m2/repository/org/jboss/shrinkwrap/shrinkwrap-impl-base/2.0.0-beta-2/shrinkwrap-impl-base-2.0.0-beta-2.jar:/home/runner/.m2/repository/org/jboss/shrinkwrap/shrinkwrap-spi/2.0.0-beta-2/shrinkwrap-spi-2.0.0-beta-2.jar:/home/runner/.m2/repository/org/keycloak/keycloak-admin-client/25.0.6/keycloak-admin-client-25.0.6.jar:/home/runner/.m2/repository/org/keycloak/keycloak-core/25.0.6/keycloak-core-25.0.6.jar:/home/runner/.m2/repository/org/keycloak/keycloak-common/25.0.6/keycloak-common-25.0.6.jar:/home/runner/.m2/repository/org/jboss/resteasy/resteasy-client/6.2.9.Final/resteasy-client-6.2.9.Final.jar:/home/runner/.m2/repository/org/jboss/resteasy/resteasy-client-api/6.2.9.Final/resteasy-client-api-6.2.9.Final.jar:/home/runner/.m2/repository/org/jboss/resteasy/resteasy-core-spi/6.2.9.Final/resteasy-core-spi-6.2.9.Final.jar:/home/runner/.m2/repository/org/jboss/resteasy/resteasy-core/6.2.9.Final/resteasy-core-6.2.9.Final.jar:/home/runner/.m2/repository/org/eclipse/angus/angus-activation/2.0.2/angus-activation-2.0.2.jar:/home/runner/.m2/repository/com/ibm/async/asyncutil/0.1.0/asyncutil-0.1.0.jar:/home/runner/.m2/repository/org/reactivestreams/reactive-streams/1.0.4/reactive-streams-1.0.4.jar:/home/runner/.m2/repository/org/jboss/resteasy/resteasy-multipart-provider/6.2.9.Final/resteasy-multipart-provider-6.2.9.Final.jar:/home/runner/.m2/repository/jakarta/mail/jakarta.mail-api/2.1.2/jakarta.mail-api-2.1.2.jar:/home/runner/.m2/repository/org/eclipse/angus/angus-mail/2.0.3/angus-mail-2.0.3.jar:/home/runner/.m2/repository/org/apache/james/apache-mime4j-dom/0.8.11/apache-mime4j-dom-0.8.11.jar:/home/runner/.m2/repository/org/apache/james/apache-mime4j-core/0.8.11/apache-mime4j-core-0.8.11.jar:/home/runner/.m2/repository/org/apache/james/apache-mime4j-storage/0.8.11/apache-mime4j-storage-0.8.11.jar:/home/runner/.m2/repository/org/jboss/resteasy/resteasy-jackson2-provider/6.2.9.Final/resteasy-jackson2-provider-6.2.9.Final.jar:/home/runner/.m2/repository/com/fasterxml/jackson/jakarta/rs/jackson-jakarta-rs-base/2.17.2/jackson-jakarta-rs-base-2.17.2.jar:/home/runner/.m2/repository/com/fasterxml/jackson/jakarta/rs/jackson-jakarta-rs-json-provider/2.17.2/jackson-jakarta-rs-json-provider-2.17.2.jar:/home/runner/.m2/repository/com/fasterxml/jackson/module/jackson-module-jakarta-xmlbind-annotations/2.17.2/jackson-module-jakarta-xmlbind-annotations-2.17.2.jar:/home/runner/.m2/repository/com/github/java-json-tools/json-patch/1.13/json-patch-1.13.jar:/home/runner/.m2/repository/com/github/java-json-tools/msg-simple/1.2/msg-simple-1.2.jar:/home/runner/.m2/repository/com/github/java-json-tools/btf/1.3/btf-1.3.jar:/home/runner/.m2/repository/com/github/java-json-tools/jackson-coreutils/2.0/jackson-coreutils-2.0.jar:/home/runner/.m2/repository/org/jboss/resteasy/resteasy-jaxb-provider/6.2.9.Final/resteasy-jaxb-provider-6.2.9.Final.jar:/home/runner/.m2/repository/org/glassfish/jaxb/codemodel/4.0.3/codemodel-4.0.3.jar:/home/runner/.m2/repository/org/glassfish/jaxb/jaxb-core/4.0.5/jaxb-core-4.0.5.jar:/home/runner/.m2/repository/org/glassfish/jaxb/jaxb-jxc/4.0.3/jaxb-jxc-4.0.3.jar:/home/runner/.m2/repository/org/glassfish/jaxb/jaxb-runtime/4.0.5/jaxb-runtime-4.0.5.jar:/home/runner/.m2/repository/org/glassfish/jaxb/txw2/4.0.5/txw2-4.0.5.jar:/home/runner/.m2/repository/org/glassfish/jaxb/jaxb-xjc/4.0.3/jaxb-xjc-4.0.3.jar:/home/runner/.m2/repository/org/glassfish/jaxb/xsom/4.0.3/xsom-4.0.3.jar:/home/runner/.m2/repository/com/sun/istack/istack-commons-runtime/4.1.2/istack-commons-runtime-4.1.2.jar:/home/runner/.m2/repository/com/sun/istack/istack-commons-tools/4.1.2/istack-commons-tools-4.1.2.jar:/home/runner/.m2/repository/com/sun/xml/bind/external/relaxng-datatype/4.0.3/relaxng-datatype-4.0.3.jar:/home/runner/.m2/repository/com/sun/xml/bind/external/rngom/4.0.3/rngom-4.0.3.jar:/home/runner/.m2/repository/org/testcontainers/mssqlserver/1.20.1/mssqlserver-1.20.1.jar:/home/runner/.m2/repository/org/testcontainers/jdbc/1.20.1/jdbc-1.20.1.jar:/home/runner/.m2/repository/org/testcontainers/database-commons/1.20.1/database-commons-1.20.1.jar:/home/runner/.m2/repository/org/testcontainers/mysql/1.20.1/mysql-1.20.1.jar:/home/runner/.m2/repository/io/strimzi/strimzi-test-container/0.107.0/strimzi-test-container-0.107.0.jar:/home/runner/.m2/repository/org/testcontainers/toxiproxy/1.20.1/toxiproxy-1.20.1.jar:/home/runner/.m2/repository/com/github/docker-java/docker-java-api/3.4.0/docker-java-api-3.4.0.jar:/home/runner/.m2/repository/eu/rekawek/toxiproxy/toxiproxy-java/2.1.7/toxiproxy-java-2.1.7.jar:/home/runner/.m2/repository/junit/junit/4.13.2/junit-4.13.2.jar:/home/runner/.m2/repository/org/hamcrest/hamcrest-core/1.3/hamcrest-core-1.3.jar:/home/runner/.m2/repository/org/testcontainers/pulsar/1.20.4/pulsar-1.20.4.jar:/home/runner/.m2/repository/io/debezium/debezium-testing-testcontainers/2.6.2.Final/debezium-testing-testcontainers-2.6.2.Final.jar:/home/runner/.m2/repository/org/testcontainers/kafka/1.20.1/kafka-1.20.1.jar:/home/runner/.m2/repository/com/squareup/okhttp3/okhttp/4.8.1/okhttp-4.8.1.jar:/home/runner/.m2/repository/com/squareup/okio/okio/3.10.2/okio-3.10.2.jar:/home/runner/.m2/repository/com/squareup/okio/okio-jvm/3.10.2/okio-jvm-3.10.2.jar:/home/runner/.m2/repository/org/jetbrains/kotlin/kotlin-stdlib/2.0.10/kotlin-stdlib-2.0.10.jar:/home/runner/.m2/repository/org/awaitility/awaitility/4.2.2/awaitility-4.2.2.jar:/home/runner/.m2/repository/org/testcontainers/mongodb/1.20.1/mongodb-1.20.1.jar:/home/runner/.m2/repository/org/testcontainers/oracle-xe/1.20.1/oracle-xe-1.20.1.jar:/home/runner/.m2/repository/org/testcontainers/postgresql/1.20.1/postgresql-1.20.1.jar:/home/runner/.m2/repository/org/wiremock/wiremock/3.0.1/wiremock-3.0.1.jar:/home/runner/.m2/repository/org/eclipse/jetty/jetty-server/11.0.15/jetty-server-11.0.15.jar:/home/runner/.m2/repository/org/eclipse/jetty/toolchain/jetty-jakarta-servlet-api/5.0.2/jetty-jakarta-servlet-api-5.0.2.jar:/home/runner/.m2/repository/org/eclipse/jetty/jetty-http/11.0.15/jetty-http-11.0.15.jar:/home/runner/.m2/repository/org/eclipse/jetty/jetty-io/11.0.15/jetty-io-11.0.15.jar:/home/runner/.m2/repository/org/eclipse/jetty/jetty-servlet/11.0.15/jetty-servlet-11.0.15.jar:/home/runner/.m2/repository/org/eclipse/jetty/jetty-security/11.0.15/jetty-security-11.0.15.jar:/home/runner/.m2/repository/org/eclipse/jetty/jetty-servlets/11.0.15/jetty-servlets-11.0.15.jar:/home/runner/.m2/repository/org/eclipse/jetty/jetty-util/11.0.15/jetty-util-11.0.15.jar:/home/runner/.m2/repository/org/eclipse/jetty/jetty-webapp/11.0.15/jetty-webapp-11.0.15.jar:/home/runner/.m2/repository/org/eclipse/jetty/jetty-xml/11.0.15/jetty-xml-11.0.15.jar:/home/runner/.m2/repository/org/eclipse/jetty/jetty-proxy/11.0.15/jetty-proxy-11.0.15.jar:/home/runner/.m2/repository/org/eclipse/jetty/jetty-client/11.0.15/jetty-client-11.0.15.jar:/home/runner/.m2/repository/org/eclipse/jetty/http2/http2-server/11.0.15/http2-server-11.0.15.jar:/home/runner/.m2/repository/org/eclipse/jetty/http2/http2-common/11.0.15/http2-common-11.0.15.jar:/home/runner/.m2/repository/org/eclipse/jetty/http2/http2-hpack/11.0.15/http2-hpack-11.0.15.jar:/home/runner/.m2/repository/org/eclipse/jetty/jetty-alpn-server/11.0.15/jetty-alpn-server-11.0.15.jar:/home/runner/.m2/repository/org/eclipse/jetty/jetty-alpn-java-server/11.0.15/jetty-alpn-java-server-11.0.15.jar:/home/runner/.m2/repository/org/eclipse/jetty/jetty-alpn-java-client/11.0.15/jetty-alpn-java-client-11.0.15.jar:/home/runner/.m2/repository/org/eclipse/jetty/jetty-alpn-client/11.0.15/jetty-alpn-client-11.0.15.jar:/home/runner/.m2/repository/org/apache/httpcomponents/client5/httpclient5/5.2.1/httpclient5-5.2.1.jar:/home/runner/.m2/repository/org/apache/httpcomponents/core5/httpcore5/5.2/httpcore5-5.2.jar:/home/runner/.m2/repository/org/apache/httpcomponents/core5/httpcore5-h2/5.2/httpcore5-h2-5.2.jar:/home/runner/.m2/repository/org/xmlunit/xmlunit-core/2.9.1/xmlunit-core-2.9.1.jar:/home/runner/.m2/repository/jakarta/xml/bind/jakarta.xml.bind-api/4.0.2/jakarta.xml.bind-api-4.0.2.jar:/home/runner/.m2/repository/jakarta/activation/jakarta.activation-api/2.1.3/jakarta.activation-api-2.1.3.jar:/home/runner/.m2/repository/org/xmlunit/xmlunit-legacy/2.9.1/xmlunit-legacy-2.9.1.jar:/home/runner/.m2/repository/org/xmlunit/xmlunit-placeholders/2.9.1/xmlunit-placeholders-2.9.1.jar:/home/runner/.m2/repository/net/javacrumbs/json-unit/json-unit-core/2.38.0/json-unit-core-2.38.0.jar:/home/runner/.m2/repository/com/jayway/jsonpath/json-path/2.8.0/json-path-2.8.0.jar:/home/runner/.m2/repository/net/minidev/json-smart/2.4.10/json-smart-2.4.10.jar:/home/runner/.m2/repository/net/minidev/accessors-smart/2.4.9/accessors-smart-2.4.9.jar:/home/runner/.m2/repository/org/ow2/asm/asm/9.7/asm-9.7.jar:/home/runner/.m2/repository/net/sf/jopt-simple/jopt-simple/5.0.4/jopt-simple-5.0.4.jar:/home/runner/.m2/repository/com/github/jknack/handlebars/4.3.1/handlebars-4.3.1.jar:/home/runner/.m2/repository/com/github/jknack/handlebars-helpers/4.3.1/handlebars-helpers-4.3.1.jar:/home/runner/.m2/repository/commons-fileupload/commons-fileupload/1.5/commons-fileupload-1.5.jar:/home/runner/.m2/repository/com/networknt/json-schema-validator/1.5.5/json-schema-validator-1.5.5.jar:/home/runner/.m2/repository/com/ethlo/time/itu/1.10.3/itu-1.10.3.jar:/home/runner/.m2/repository/io/quarkus/quarkus-smallrye-jwt-build/3.15.4/quarkus-smallrye-jwt-build-3.15.4.jar:/home/runner/.m2/repository/io/smallrye/smallrye-jwt-build/4.5.3/smallrye-jwt-build-4.5.3.jar:/home/runner/.m2/repository/org/eclipse/microprofile/jwt/microprofile-jwt-auth-api/2.1/microprofile-jwt-auth-api-2.1.jar:/home/runner/.m2/repository/org/bitbucket/b_c/jose4j/0.9.6/jose4j-0.9.6.jar:/home/runner/.m2/repository/io/smallrye/smallrye-jwt-common/4.5.3/smallrye-jwt-common-4.5.3.jar:/home/runner/.m2/repository/io/quarkus/quarkus-jsonp/3.15.4/quarkus-jsonp-3.15.4.jar:/home/runner/.m2/repository/io/quarkus/quarkus-arc/3.15.4/quarkus-arc-3.15.4.jar:/home/runner/.m2/repository/io/quarkus/arc/arc/3.15.4/arc-3.15.4.jar:/home/runner/.m2/repository/jakarta/transaction/jakarta.transaction-api/2.0.1/jakarta.transaction-api-2.0.1.jar:/home/runner/.m2/repository/io/smallrye/reactive/mutiny/2.6.2/mutiny-2.6.2.jar:/home/runner/.m2/repository/org/jctools/jctools-core/4.0.5/jctools-core-4.0.5.jar:/home/runner/.m2/repository/org/eclipse/microprofile/context-propagation/microprofile-context-propagation-api/1.3/microprofile-context-propagation-api-1.3.jar:/home/runner/.m2/repository/io/apicurio/apicurio-common-rest-client-common/0.1.18.Final/apicurio-common-rest-client-common-0.1.18.Final.jar:/home/runner/work/apicurio-testing/apicurio-testing/clusters/ci419/namespaces/mysql/tests/integration/apicurio-registry/utils/maven-plugin/target/apicurio-registry-maven-plugin-3.0.9.jar:/home/runner/.m2/repository/com/fasterxml/jackson/core/jackson-databind/2.17.2/jackson-databind-2.17.2.jar:/home/runner/.m2/repository/org/apache/avro/avro/1.12.0/avro-1.12.0.jar:/home/runner/.m2/repository/com/google/protobuf/protobuf-java/3.25.8/protobuf-java-3.25.8.jar:/home/runner/.m2/repository/com/google/protobuf/protobuf-java-util/3.25.8/protobuf-java-util-3.25.8.jar:/home/runner/.m2/repository/com/google/code/findbugs/jsr305/3.0.2/jsr305-3.0.2.jar:/home/runner/.m2/repository/com/google/code/gson/gson/2.11.0/gson-2.11.0.jar:/home/runner/.m2/repository/com/google/errorprone/error_prone_annotations/2.30.0/error_prone_annotations-2.30.0.jar:/home/runner/.m2/repository/com/google/j2objc/j2objc-annotations/2.8/j2objc-annotations-2.8.jar:/home/runner/work/apicurio-testing/apicurio-testing/clusters/ci419/namespaces/mysql/tests/integration/apicurio-registry/schema-util/util-provider/target/apicurio-registry-schema-util-provider-3.0.9.jar:/home/runner/work/apicurio-testing/apicurio-testing/clusters/ci419/namespaces/mysql/tests/integration/apicurio-registry/schema-util/common/target/apicurio-registry-schema-util-common-3.0.9.jar:/home/runner/.m2/repository/com/fasterxml/jackson/module/jackson-module-parameter-names/2.17.2/jackson-module-parameter-names-2.17.2.jar:/home/runner/.m2/repository/com/fasterxml/jackson/datatype/jackson-datatype-json-org/2.18.2/jackson-datatype-json-org-2.18.2.jar:/home/runner/work/apicurio-testing/apicurio-testing/clusters/ci419/namespaces/mysql/tests/integration/apicurio-registry/schema-util/json/target/apicurio-registry-schema-util-json-3.0.9.jar:/home/runner/.m2/repository/com/github/erosb/everit-json-schema/1.14.5/everit-json-schema-1.14.5.jar:/home/runner/.m2/repository/commons-validator/commons-validator/1.9.0/commons-validator-1.9.0.jar:/home/runner/.m2/repository/commons-digester/commons-digester/2.1/commons-digester-2.1.jar:/home/runner/.m2/repository/commons-collections/commons-collections/3.2.2/commons-collections-3.2.2.jar:/home/runner/.m2/repository/com/damnhandy/handy-uri-templates/2.1.8/handy-uri-templates-2.1.8.jar:/home/runner/.m2/repository/joda-time/joda-time/2.10.2/joda-time-2.10.2.jar:/home/runner/.m2/repository/com/github/erosb/json-sKema/0.20.0/json-sKema-0.20.0.jar:/home/runner/.m2/repository/io/vertx/vertx-json-schema/4.5.13/vertx-json-schema-4.5.13.jar:/home/runner/work/apicurio-testing/apicurio-testing/clusters/ci419/namespaces/mysql/tests/integration/apicurio-registry/schema-util/protobuf/target/apicurio-registry-schema-util-protobuf-3.0.9.jar:/home/runner/work/apicurio-testing/apicurio-testing/clusters/ci419/namespaces/mysql/tests/integration/apicurio-registry/utils/protobuf-schema-utilities/target/apicurio-registry-protobuf-schema-utilities-3.0.9.jar:/home/runner/.m2/repository/com/google/api/grpc/proto-google-common-protos/2.52.0/proto-google-common-protos-2.52.0.jar:/home/runner/.m2/repository/com/squareup/wire/wire-schema-jvm/5.1.0/wire-schema-jvm-5.1.0.jar:/home/runner/.m2/repository/com/squareup/javapoet/1.13.0/javapoet-1.13.0.jar:/home/runner/.m2/repository/com/squareup/kotlinpoet-jvm/1.18.1/kotlinpoet-jvm-1.18.1.jar:/home/runner/.m2/repository/org/jetbrains/kotlin/kotlin-reflect/2.0.10/kotlin-reflect-2.0.10.jar:/home/runner/.m2/repository/com/squareup/wire/wire-runtime-jvm/5.1.0/wire-runtime-jvm-5.1.0.jar:/home/runner/.m2/repository/com/ibm/icu/icu4j/76.1/icu4j-76.1.jar:/home/runner/.m2/repository/com/squareup/okio/okio-fakefilesystem/3.10.2/okio-fakefilesystem-3.10.2.jar:/home/runner/.m2/repository/com/squareup/okio/okio-fakefilesystem-jvm/3.10.2/okio-fakefilesystem-jvm-3.10.2.jar:/home/runner/.m2/repository/org/jetbrains/kotlinx/kotlinx-datetime-jvm/0.6.1/kotlinx-datetime-jvm-0.6.1.jar:/home/runner/work/apicurio-testing/apicurio-testing/clusters/ci419/namespaces/mysql/tests/integration/apicurio-registry/schema-util/asyncapi/target/apicurio-registry-schema-util-asyncapi-3.0.9.jar:/home/runner/work/apicurio-testing/apicurio-testing/clusters/ci419/namespaces/mysql/tests/integration/apicurio-registry/schema-util/avro/target/apicurio-registry-schema-util-avro-3.0.9.jar:/home/runner/work/apicurio-testing/apicurio-testing/clusters/ci419/namespaces/mysql/tests/integration/apicurio-registry/schema-util/graphql/target/apicurio-registry-schema-util-graphql-3.0.9.jar:/home/runner/.m2/repository/com/graphql-java/graphql-java/22.3/graphql-java-22.3.jar:/home/runner/.m2/repository/com/graphql-java/java-dataloader/3.3.0/java-dataloader-3.3.0.jar:/home/runner/work/apicurio-testing/apicurio-testing/clusters/ci419/namespaces/mysql/tests/integration/apicurio-registry/schema-util/kconnect/target/apicurio-registry-schema-util-kconnect-3.0.9.jar:/home/runner/work/apicurio-testing/apicurio-testing/clusters/ci419/namespaces/mysql/tests/integration/apicurio-registry/schema-util/openapi/target/apicurio-registry-schema-util-openapi-3.0.9.jar:/home/runner/.m2/repository/io/apicurio/apicurio-data-models/2.2.1/apicurio-data-models-2.2.1.jar:/home/runner/.m2/repository/org/openapitools/openapidiff/openapi-diff-core/2.0.1/openapi-diff-core-2.0.1.jar:/home/runner/.m2/repository/io/swagger/parser/v3/swagger-parser/2.0.28/swagger-parser-2.0.28.jar:/home/runner/.m2/repository/io/swagger/parser/v3/swagger-parser-v2-converter/2.0.28/swagger-parser-v2-converter-2.0.28.jar:/home/runner/.m2/repository/io/swagger/swagger-core/1.6.3/swagger-core-1.6.3.jar:/home/runner/.m2/repository/io/swagger/swagger-models/1.6.3/swagger-models-1.6.3.jar:/home/runner/.m2/repository/io/swagger/swagger-annotations/1.6.3/swagger-annotations-1.6.3.jar:/home/runner/.m2/repository/io/swagger/swagger-parser/1.0.56/swagger-parser-1.0.56.jar:/home/runner/.m2/repository/io/swagger/swagger-compat-spec-parser/1.0.56/swagger-compat-spec-parser-1.0.56.jar:/home/runner/.m2/repository/com/github/java-json-tools/json-schema-validator/2.2.14/json-schema-validator-2.2.14.jar:/home/runner/.m2/repository/com/github/java-json-tools/jackson-coreutils-equivalence/1.0/jackson-coreutils-equivalence-1.0.jar:/home/runner/.m2/repository/com/github/java-json-tools/json-schema-core/1.2.14/json-schema-core-1.2.14.jar:/home/runner/.m2/repository/com/github/java-json-tools/uri-template/0.10/uri-template-0.10.jar:/home/runner/.m2/repository/com/sun/mail/mailapi/1.6.2/mailapi-1.6.2.jar:/home/runner/.m2/repository/com/googlecode/libphonenumber/libphonenumber/8.11.1/libphonenumber-8.11.1.jar:/home/runner/.m2/repository/com/j2html/j2html/1.5.0/j2html-1.5.0.jar:/home/runner/.m2/repository/org/apache/commons/commons-collections4/4.4/commons-collections4-4.4.jar:/home/runner/.m2/repository/commons-httpclient/commons-httpclient/3.1/commons-httpclient-3.1.jar:/home/runner/.m2/repository/io/swagger/parser/v3/swagger-parser-v3/2.1.25/swagger-parser-v3-2.1.25.jar:/home/runner/.m2/repository/io/swagger/core/v3/swagger-models/2.2.28/swagger-models-2.2.28.jar:/home/runner/.m2/repository/io/swagger/core/v3/swagger-core/2.2.28/swagger-core-2.2.28.jar:/home/runner/.m2/repository/io/swagger/parser/v3/swagger-parser-core/2.1.25/swagger-parser-core-2.1.25.jar:/home/runner/.m2/repository/io/swagger/parser/v3/swagger-parser-safe-url-resolver/2.1.25/swagger-parser-safe-url-resolver-2.1.25.jar:/home/runner/work/apicurio-testing/apicurio-testing/clusters/ci419/namespaces/mysql/tests/integration/apicurio-registry/schema-util/wsdl/target/apicurio-registry-schema-util-wsdl-3.0.9.jar:/home/runner/.m2/repository/wsdl4j/wsdl4j/1.6.3/wsdl4j-1.6.3.jar:/home/runner/work/apicurio-testing/apicurio-testing/clusters/ci419/namespaces/mysql/tests/integration/apicurio-registry/schema-util/xml/target/apicurio-registry-schema-util-xml-3.0.9.jar:/home/runner/.m2/repository/org/apache/santuario/xmlsec/4.0.3/xmlsec-4.0.3.jar:/home/runner/.m2/repository/com/fasterxml/woodstox/woodstox-core/7.1.0/woodstox-core-7.1.0.jar:/home/runner/.m2/repository/org/codehaus/woodstox/stax2-api/4.2.2/stax2-api-4.2.2.jar:/home/runner/work/apicurio-testing/apicurio-testing/clusters/ci419/namespaces/mysql/tests/integration/apicurio-registry/schema-util/xsd/target/apicurio-registry-schema-util-xsd-3.0.9.jar:/home/runner/work/apicurio-testing/apicurio-testing/clusters/ci419/namespaces/mysql/tests/integration/apicurio-registry/serdes/kafka/jsonschema-serde/target/apicurio-registry-jsonschema-serde-kafka-3.0.9.jar:/home/runner/work/apicurio-testing/apicurio-testing/clusters/ci419/namespaces/mysql/tests/integration/apicurio-registry/serdes/kafka/serde-kafka-common/target/apicurio-registry-serde-kafka-common-3.0.9.jar:/home/runner/work/apicurio-testing/apicurio-testing/clusters/ci419/namespaces/mysql/tests/integration/apicurio-registry/serdes/generic/serde-common/target/apicurio-registry-serde-common-3.0.9.jar:/home/runner/work/apicurio-testing/apicurio-testing/clusters/ci419/namespaces/mysql/tests/integration/apicurio-registry/schema-resolver/target/apicurio-registry-schema-resolver-3.0.9.jar:/home/runner/work/apicurio-testing/apicurio-testing/clusters/ci419/namespaces/mysql/tests/integration/apicurio-registry/serdes/generic/serde-common-jsonschema/target/apicurio-registry-serde-common-jsonschema-3.0.9.jar:/home/runner/.m2/repository/org/json/json/20250107/json-20250107.jar:/home/runner/work/apicurio-testing/apicurio-testing/clusters/ci419/namespaces/mysql/tests/integration/apicurio-registry/serdes/kafka/avro-serde/target/apicurio-registry-avro-serde-kafka-3.0.9.jar:/home/runner/work/apicurio-testing/apicurio-testing/clusters/ci419/namespaces/mysql/tests/integration/apicurio-registry/serdes/generic/serde-common-avro/target/apicurio-registry-serde-common-avro-3.0.9.jar:/home/runner/work/apicurio-testing/apicurio-testing/clusters/ci419/namespaces/mysql/tests/integration/apicurio-registry/serdes/kafka/protobuf-serde/target/apicurio-registry-protobuf-serde-kafka-3.0.9.jar:/home/runner/work/apicurio-testing/apicurio-testing/clusters/ci419/namespaces/mysql/tests/integration/apicurio-registry/serdes/generic/serde-common-protobuf/target/apicurio-registry-serde-common-protobuf-3.0.9.jar:/home/runner/.m2/repository/com/squareup/wire/wire-schema/5.1.0/wire-schema-5.1.0.jar:/home/runner/.m2/repository/com/squareup/wire/wire-runtime/5.1.0/wire-runtime-5.1.0.jar:/home/runner/work/apicurio-testing/apicurio-testing/clusters/ci419/namespaces/mysql/tests/integration/apicurio-registry/serdes/pulsar/avro-serde/target/apicurio-registry-avro-serde-pulsar-3.0.9.jar:/home/runner/.m2/repository/org/apache/pulsar/pulsar-functions-api/3.3.4/pulsar-functions-api-3.3.4.jar:/home/runner/work/apicurio-testing/apicurio-testing/clusters/ci419/namespaces/mysql/tests/integration/apicurio-registry/serdes/nats/avro-serde/target/apicurio-registry-avro-serde-nats-3.0.9.jar:/home/runner/.m2/repository/io/nats/jnats/2.20.5/jnats-2.20.5.jar:/home/runner/.m2/repository/net/i2p/crypto/eddsa/0.3.0/eddsa-0.3.0.jar:/home/runner/work/apicurio-testing/apicurio-testing/clusters/ci419/namespaces/mysql/tests/integration/apicurio-registry/utils/converter/target/apicurio-registry-utils-converter-3.0.9.jar:/home/runner/.m2/repository/org/apache/kafka/connect-api/3.9.1/connect-api-3.9.1.jar:/home/runner/.m2/repository/javax/ws/rs/javax.ws.rs-api/2.1.1/javax.ws.rs-api-2.1.1.jar:/home/runner/.m2/repository/org/apache/kafka/connect-json/3.9.1/connect-json-3.9.1.jar:/home/runner/.m2/repository/com/fasterxml/jackson/datatype/jackson-datatype-jdk8/2.17.2/jackson-datatype-jdk8-2.17.2.jar:/home/runner/.m2/repository/com/fasterxml/jackson/module/jackson-module-afterburner/2.17.2/jackson-module-afterburner-2.17.2.jar:/home/runner/work/apicurio-testing/apicurio-testing/clusters/ci419/namespaces/mysql/tests/integration/apicurio-registry/utils/kafka/target/apicurio-registry-utils-kafka-3.0.9.jar:/home/runner/.m2/repository/org/apache/pulsar/pulsar-client/3.3.4/pulsar-client-3.3.4.jar:/home/runner/.m2/repository/org/apache/pulsar/pulsar-client-api/3.3.4/pulsar-client-api-3.3.4.jar:/home/runner/.m2/repository/org/apache/pulsar/pulsar-client-admin-api/3.3.4/pulsar-client-admin-api-3.3.4.jar:/home/runner/.m2/repository/org/apache/pulsar/bouncy-castle-bc/3.3.4/bouncy-castle-bc-3.3.4-pkg.jar:/home/runner/.m2/repository/org/bouncycastle/bcpkix-jdk18on/1.78.1/bcpkix-jdk18on-1.78.1.jar:/home/runner/.m2/repository/org/bouncycastle/bcutil-jdk18on/1.78.1/bcutil-jdk18on-1.78.1.jar:/home/runner/.m2/repository/org/bouncycastle/bcprov-jdk18on/1.78.1/bcprov-jdk18on-1.78.1.jar:/home/runner/.m2/repository/io/opentelemetry/opentelemetry-api/1.39.0/opentelemetry-api-1.39.0.jar:/home/runner/.m2/repository/io/opentelemetry/opentelemetry-context/1.39.0/opentelemetry-context-1.39.0.jar:/home/runner/.m2/repository/io/opentelemetry/opentelemetry-api-incubator/1.39.0-alpha/opentelemetry-api-incubator-1.39.0-alpha.jar:/home/runner/.m2/repository/com/fasterxml/jackson/core/jackson-annotations/2.17.2/jackson-annotations-2.17.2.jar:/home/runner/.m2/repository/javax/validation/validation-api/1.1.0.Final/validation-api-1.1.0.Final.jar:/home/runner/.m2/repository/io/confluent/kafka-avro-serializer/7.9.0/kafka-avro-serializer-7.9.0.jar:/home/runner/.m2/repository/org/apache/commons/commons-compress/1.27.0/commons-compress-1.27.0.jar:/home/runner/.m2/repository/io/confluent/kafka-schema-serializer/7.9.0/kafka-schema-serializer-7.9.0.jar:/home/runner/.m2/repository/com/fasterxml/jackson/dataformat/jackson-dataformat-csv/2.17.2/jackson-dataformat-csv-2.17.2.jar:/home/runner/.m2/repository/io/confluent/kafka-schema-registry-client/7.9.0/kafka-schema-registry-client-7.9.0.jar:/home/runner/.m2/repository/org/yaml/snakeyaml/2.2/snakeyaml-2.2.jar:/home/runner/.m2/repository/io/swagger/core/v3/swagger-annotations/2.1.10/swagger-annotations-2.1.10.jar:/home/runner/.m2/repository/com/google/guava/guava/33.2.1-jre/guava-33.2.1-jre.jar:/home/runner/.m2/repository/com/google/guava/failureaccess/1.0.1/failureaccess-1.0.1.jar:/home/runner/.m2/repository/org/checkerframework/checker-qual/3.46.0/checker-qual-3.46.0.jar:/home/runner/.m2/repository/io/confluent/logredactor/1.0.12/logredactor-1.0.12.jar:/home/runner/.m2/repository/com/google/re2j/re2j/1.6/re2j-1.6.jar:/home/runner/.m2/repository/io/confluent/logredactor-metrics/1.0.12/logredactor-metrics-1.0.12.jar:/home/runner/.m2/repository/com/eclipsesource/minimal-json/minimal-json/0.9.5/minimal-json-0.9.5.jar:/home/runner/.m2/repository/io/confluent/common-utils/7.9.0/common-utils-7.9.0.jar:/home/runner/.m2/repository/io/confluent/kafka-connect-avro-converter/7.9.0/kafka-connect-avro-converter-7.9.0.jar:/home/runner/.m2/repository/io/confluent/kafka-connect-avro-data/7.9.0/kafka-connect-avro-data-7.9.0.jar:/home/runner/.m2/repository/io/confluent/kafka-schema-converter/7.9.0/kafka-schema-converter-7.9.0.jar:/home/runner/.m2/repository/io/rest-assured/rest-assured/5.5.0/rest-assured-5.5.0.jar:/home/runner/.m2/repository/org/apache/groovy/groovy/4.0.22/groovy-4.0.22.jar:/home/runner/.m2/repository/org/apache/groovy/groovy-xml/4.0.22/groovy-xml-4.0.22.jar:/home/runner/.m2/repository/org/apache/httpcomponents/httpclient/4.5.14/httpclient-4.5.14.jar:/home/runner/.m2/repository/org/apache/httpcomponents/httpcore/4.4.16/httpcore-4.4.16.jar:/home/runner/.m2/repository/org/apache/httpcomponents/httpmime/4.5.14/httpmime-4.5.14.jar:/home/runner/.m2/repository/org/hamcrest/hamcrest/2.2/hamcrest-2.2.jar:/home/runner/.m2/repository/org/ccil/cowan/tagsoup/tagsoup/1.2.1/tagsoup-1.2.1.jar:/home/runner/.m2/repository/io/rest-assured/json-path/5.5.0/json-path-5.5.0.jar:/home/runner/.m2/repository/org/apache/groovy/groovy-json/4.0.22/groovy-json-4.0.22.jar:/home/runner/.m2/repository/io/rest-assured/rest-assured-common/5.5.0/rest-assured-common-5.5.0.jar:/home/runner/.m2/repository/io/rest-assured/xml-path/5.5.0/xml-path-5.5.0.jar:/home/runner/.m2/repository/io/zonky/test/embedded-postgres/2.1.0/embedded-postgres-2.1.0.jar:/home/runner/.m2/repository/io/zonky/test/postgres/embedded-postgres-binaries-windows-amd64/14.15.0/embedded-postgres-binaries-windows-amd64-14.15.0.jar:/home/runner/.m2/repository/io/zonky/test/postgres/embedded-postgres-binaries-darwin-amd64/14.15.0/embedded-postgres-binaries-darwin-amd64-14.15.0.jar:/home/runner/.m2/repository/io/zonky/test/postgres/embedded-postgres-binaries-linux-amd64/14.15.0/embedded-postgres-binaries-linux-amd64-14.15.0.jar:/home/runner/.m2/repository/io/zonky/test/postgres/embedded-postgres-binaries-linux-amd64-alpine/14.15.0/embedded-postgres-binaries-linux-amd64-alpine-14.15.0.jar:/home/runner/.m2/repository/org/apache/commons/commons-lang3/3.14.0/commons-lang3-3.14.0.jar:/home/runner/.m2/repository/org/tukaani/xz/1.10/xz-1.10.jar:/home/runner/.m2/repository/commons-codec/commons-codec/1.18.0/commons-codec-1.18.0.jar:/home/runner/.m2/repository/org/postgresql/postgresql/42.7.4/postgresql-42.7.4.jar:/home/runner/.m2/repository/commons-io/commons-io/2.16.1/commons-io-2.16.1.jar:/home/runner/work/apicurio-testing/apicurio-testing/clusters/ci419/namespaces/mysql/tests/integration/apicurio-registry/utils/importexport/target/apicurio-registry-utils-import-export-3.0.9.jar:/home/runner/.m2/repository/io/vertx/vertx-core/4.5.13/vertx-core-4.5.13.jar:/home/runner/.m2/repository/io/netty/netty-common/4.1.118.Final/netty-common-4.1.118.Final.jar:/home/runner/.m2/repository/io/netty/netty-buffer/4.1.118.Final/netty-buffer-4.1.118.Final.jar:/home/runner/.m2/repository/io/netty/netty-transport/4.1.118.Final/netty-transport-4.1.118.Final.jar:/home/runner/.m2/repository/io/netty/netty-handler/4.1.118.Final/netty-handler-4.1.118.Final.jar:/home/runner/.m2/repository/io/netty/netty-transport-native-unix-common/4.1.118.Final/netty-transport-native-unix-common-4.1.118.Final.jar:/home/runner/.m2/repository/io/netty/netty-codec/4.1.118.Final/netty-codec-4.1.118.Final.jar:/home/runner/.m2/repository/io/netty/netty-handler-proxy/4.1.118.Final/netty-handler-proxy-4.1.118.Final.jar:/home/runner/.m2/repository/io/netty/netty-codec-socks/4.1.118.Final/netty-codec-socks-4.1.118.Final.jar:/home/runner/.m2/repository/io/netty/netty-codec-http/4.1.118.Final/netty-codec-http-4.1.118.Final.jar:/home/runner/.m2/repository/io/netty/netty-codec-http2/4.1.118.Final/netty-codec-http2-4.1.118.Final.jar:/home/runner/.m2/repository/io/netty/netty-resolver/4.1.118.Final/netty-resolver-4.1.118.Final.jar:/home/runner/.m2/repository/io/netty/netty-resolver-dns/4.1.118.Final/netty-resolver-dns-4.1.118.Final.jar:/home/runner/.m2/repository/io/netty/netty-codec-dns/4.1.118.Final/netty-codec-dns-4.1.118.Final.jar:/home/runner/.m2/repository/com/fasterxml/jackson/core/jackson-core/2.17.2/jackson-core-2.17.2.jar:"/>
    <property name="java.vm.vendor" value="Eclipse Adoptium"/>
    <property name="maven.javadoc.skip" value="true"/>
    <property name="sun.arch.data.model" value="64"/>
    <property name="java.vendor.url" value="https://adoptium.net/"/>
    <property name="user.timezone" value="Etc/UTC"/>
    <property name="os.name" value="Linux"/>
    <property name="java.vm.specification.version" value="17"/>
    <property name="sun.java.launcher" value="SUN_STANDARD"/>
    <property name="quarkus.http.test-port" value="80"/>
    <property name="sun.boot.library.path" value="/usr/lib/jvm/temurin-17-jdk-amd64/lib"/>
    <property name="sun.java.command" value="/home/runner/work/apicurio-testing/apicurio-testing/clusters/ci419/namespaces/mysql/tests/integration/apicurio-registry/integration-tests/target/surefire/surefirebooter-20250731153021442_3.jar /home/runner/work/apicurio-testing/apicurio-testing/clusters/ci419/namespaces/mysql/tests/integration/apicurio-registry/integration-tests/target/surefire 2025-07-31T15-30-21_268-jvmRun1 surefire-20250731153021442_1tmp surefire_0-20250731153021442_2tmp"/>
    <property name="maven.home" value="/home/runner/.m2/wrapper/dists/apache-maven-3.9.8-bin/4fnp1ql35bgk2a0p7m31ovbgb0/apache-maven-3.9.8"/>
    <property name="jdk.debug" value="release"/>
    <property name="surefire.test.class.path" value="/home/runner/work/apicurio-testing/apicurio-testing/clusters/ci419/namespaces/mysql/tests/integration/apicurio-registry/integration-tests/target/test-classes:/home/runner/work/apicurio-testing/apicurio-testing/clusters/ci419/namespaces/mysql/tests/integration/apicurio-registry/integration-tests/target/apicurio-registry-integration-tests-3.0.9.jar:/home/runner/.m2/repository/io/quarkus/quarkus-junit5/3.15.4/quarkus-junit5-3.15.4.jar:/home/runner/.m2/repository/io/quarkus/quarkus-bootstrap-core/3.15.4/quarkus-bootstrap-core-3.15.4.jar:/home/runner/.m2/repository/io/quarkus/quarkus-classloader-commons/3.15.4/quarkus-classloader-commons-3.15.4.jar:/home/runner/.m2/repository/io/quarkus/quarkus-bootstrap-app-model/3.15.4/quarkus-bootstrap-app-model-3.15.4.jar:/home/runner/.m2/repository/io/smallrye/common/smallrye-common-io/2.6.1/smallrye-common-io-2.6.1.jar:/home/runner/.m2/repository/org/eclipse/sisu/org.eclipse.sisu.inject/0.9.0.M3/org.eclipse.sisu.inject-0.9.0.M3.jar:/home/runner/.m2/repository/io/quarkus/quarkus-test-common/3.15.4/quarkus-test-common-3.15.4.jar:/home/runner/.m2/repository/io/quarkus/quarkus-core-deployment/3.15.4/quarkus-core-deployment-3.15.4.jar:/home/runner/.m2/repository/org/aesh/readline/2.6/readline-2.6.jar:/home/runner/.m2/repository/org/fusesource/jansi/jansi/2.4.0/jansi-2.4.0.jar:/home/runner/.m2/repository/org/aesh/aesh/2.8.2/aesh-2.8.2.jar:/home/runner/.m2/repository/io/quarkus/gizmo/gizmo/1.8.0/gizmo-1.8.0.jar:/home/runner/.m2/repository/org/ow2/asm/asm-util/9.7/asm-util-9.7.jar:/home/runner/.m2/repository/org/ow2/asm/asm-analysis/9.7/asm-analysis-9.7.jar:/home/runner/.m2/repository/org/ow2/asm/asm-commons/9.7/asm-commons-9.7.jar:/home/runner/.m2/repository/org/ow2/asm/asm-tree/9.7/asm-tree-9.7.jar:/home/runner/.m2/repository/io/quarkus/quarkus-hibernate-validator-spi/3.15.4/quarkus-hibernate-validator-spi-3.15.4.jar:/home/runner/.m2/repository/io/quarkus/quarkus-class-change-agent/3.15.4/quarkus-class-change-agent-3.15.4.jar:/home/runner/.m2/repository/io/quarkus/quarkus-devtools-utilities/3.15.4/quarkus-devtools-utilities-3.15.4.jar:/home/runner/.m2/repository/io/quarkus/quarkus-builder/3.15.4/quarkus-builder-3.15.4.jar:/home/runner/.m2/repository/org/graalvm/sdk/nativeimage/23.1.2/nativeimage-23.1.2.jar:/home/runner/.m2/repository/org/graalvm/sdk/word/23.1.2/word-23.1.2.jar:/home/runner/.m2/repository/io/quarkus/quarkus-bootstrap-maven-resolver/3.15.4/quarkus-bootstrap-maven-resolver-3.15.4.jar:/home/runner/.m2/repository/io/smallrye/beanbag/smallrye-beanbag-maven/1.5.2/smallrye-beanbag-maven-1.5.2.jar:/home/runner/.m2/repository/io/smallrye/beanbag/smallrye-beanbag-sisu/1.5.2/smallrye-beanbag-sisu-1.5.2.jar:/home/runner/.m2/repository/io/smallrye/beanbag/smallrye-beanbag/1.5.2/smallrye-beanbag-1.5.2.jar:/home/runner/.m2/repository/javax/inject/javax.inject/1/javax.inject-1.jar:/home/runner/.m2/repository/org/apache/maven/maven-artifact/3.9.8/maven-artifact-3.9.8.jar:/home/runner/.m2/repository/org/apache/maven/maven-builder-support/3.9.8/maven-builder-support-3.9.8.jar:/home/runner/.m2/repository/org/apache/maven/maven-model/3.9.8/maven-model-3.9.8.jar:/home/runner/.m2/repository/org/apache/maven/maven-model-builder/3.9.8/maven-model-builder-3.9.8.jar:/home/runner/.m2/repository/org/apache/maven/maven-repository-metadata/3.9.8/maven-repository-metadata-3.9.8.jar:/home/runner/.m2/repository/org/apache/maven/maven-settings/3.9.8/maven-settings-3.9.8.jar:/home/runner/.m2/repository/org/apache/maven/resolver/maven-resolver-api/1.9.22/maven-resolver-api-1.9.22.jar:/home/runner/.m2/repository/org/apache/maven/resolver/maven-resolver-impl/1.9.22/maven-resolver-impl-1.9.22.jar:/home/runner/.m2/repository/org/apache/maven/resolver/maven-resolver-named-locks/1.9.22/maven-resolver-named-locks-1.9.22.jar:/home/runner/.m2/repository/org/apache/maven/resolver/maven-resolver-spi/1.9.22/maven-resolver-spi-1.9.22.jar:/home/runner/.m2/repository/org/apache/maven/resolver/maven-resolver-util/1.9.22/maven-resolver-util-1.9.22.jar:/home/runner/.m2/repository/org/apache/maven/resolver/maven-resolver-transport-http/1.9.20/maven-resolver-transport-http-1.9.20.jar:/home/runner/.m2/repository/org/apache/maven/wagon/wagon-provider-api/3.5.3/wagon-provider-api-3.5.3.jar:/home/runner/.m2/repository/org/apache/maven/wagon/wagon-http-shared/3.5.3/wagon-http-shared-3.5.3.jar:/home/runner/.m2/repository/org/codehaus/plexus/plexus-interpolation/1.26/plexus-interpolation-1.26.jar:/home/runner/.m2/repository/org/codehaus/plexus/plexus-utils/3.5.1/plexus-utils-3.5.1.jar:/home/runner/.m2/repository/org/codehaus/plexus/plexus-xml/4.0.1/plexus-xml-4.0.1.jar:/home/runner/.m2/repository/org/apache/maven/maven-xml-impl/4.0.0-alpha-5/maven-xml-impl-4.0.0-alpha-5.jar:/home/runner/.m2/repository/org/apache/maven/maven-api-xml/4.0.0-alpha-5/maven-api-xml-4.0.0-alpha-5.jar:/home/runner/.m2/repository/org/apache/maven/maven-api-meta/4.0.0-alpha-5/maven-api-meta-4.0.0-alpha-5.jar:/home/runner/.m2/repository/org/codehaus/plexus/plexus-cipher/2.0/plexus-cipher-2.0.jar:/home/runner/.m2/repository/org/codehaus/plexus/plexus-sec-dispatcher/2.0/plexus-sec-dispatcher-2.0.jar:/home/runner/.m2/repository/org/apache/maven/maven-embedder/3.9.8/maven-embedder-3.9.8.jar:/home/runner/.m2/repository/org/apache/maven/maven-core/3.9.8/maven-core-3.9.8.jar:/home/runner/.m2/repository/org/codehaus/plexus/plexus-component-annotations/2.1.0/plexus-component-annotations-2.1.0.jar:/home/runner/.m2/repository/org/apache/maven/maven-plugin-api/3.9.8/maven-plugin-api-3.9.8.jar:/home/runner/.m2/repository/org/apache/maven/shared/maven-shared-utils/3.4.2/maven-shared-utils-3.4.2.jar:/home/runner/.m2/repository/com/google/inject/guice/5.1.0/guice-5.1.0.jar:/home/runner/.m2/repository/aopalliance/aopalliance/1.0/aopalliance-1.0.jar:/home/runner/.m2/repository/javax/annotation/javax.annotation-api/1.3.2/javax.annotation-api-1.3.2.jar:/home/runner/.m2/repository/org/codehaus/plexus/plexus-classworlds/2.6.0/plexus-classworlds-2.6.0.jar:/home/runner/.m2/repository/commons-cli/commons-cli/1.8.0/commons-cli-1.8.0.jar:/home/runner/.m2/repository/org/eclipse/sisu/org.eclipse.sisu.plexus/0.9.0.M3/org.eclipse.sisu.plexus-0.9.0.M3.jar:/home/runner/.m2/repository/org/apache/maven/maven-settings-builder/3.9.8/maven-settings-builder-3.9.8.jar:/home/runner/.m2/repository/org/apache/maven/maven-resolver-provider/3.9.8/maven-resolver-provider-3.9.8.jar:/home/runner/.m2/repository/org/apache/maven/resolver/maven-resolver-connector-basic/1.9.22/maven-resolver-connector-basic-1.9.22.jar:/home/runner/.m2/repository/org/apache/maven/resolver/maven-resolver-transport-wagon/1.9.22/maven-resolver-transport-wagon-1.9.22.jar:/home/runner/.m2/repository/org/apache/maven/wagon/wagon-http/3.5.3/wagon-http-3.5.3.jar:/home/runner/.m2/repository/org/apache/maven/wagon/wagon-file/3.5.3/wagon-file-3.5.3.jar:/home/runner/.m2/repository/io/quarkus/quarkus-bootstrap-gradle-resolver/3.15.4/quarkus-bootstrap-gradle-resolver-3.15.4.jar:/home/runner/.m2/repository/io/smallrye/jandex/3.2.3/jandex-3.2.3.jar:/home/runner/.m2/repository/org/jboss/logging/commons-logging-jboss-logging/1.0.0.Final/commons-logging-jboss-logging-1.0.0.Final.jar:/home/runner/.m2/repository/io/quarkus/quarkus-junit5-properties/3.15.4/quarkus-junit5-properties-3.15.4.jar:/home/runner/.m2/repository/org/junit/jupiter/junit-jupiter/5.10.3/junit-jupiter-5.10.3.jar:/home/runner/.m2/repository/org/junit/jupiter/junit-jupiter-api/5.10.3/junit-jupiter-api-5.10.3.jar:/home/runner/.m2/repository/org/junit/jupiter/junit-jupiter-params/5.10.3/junit-jupiter-params-5.10.3.jar:/home/runner/.m2/repository/org/junit/jupiter/junit-jupiter-engine/5.10.3/junit-jupiter-engine-5.10.3.jar:/home/runner/.m2/repository/io/quarkus/quarkus-core/3.15.4/quarkus-core-3.15.4.jar:/home/runner/.m2/repository/jakarta/enterprise/jakarta.enterprise.cdi-api/4.1.0/jakarta.enterprise.cdi-api-4.1.0.jar:/home/runner/.m2/repository/jakarta/enterprise/jakarta.enterprise.lang-model/4.1.0/jakarta.enterprise.lang-model-4.1.0.jar:/home/runner/.m2/repository/jakarta/el/jakarta.el-api/5.0.1/jakarta.el-api-5.0.1.jar:/home/runner/.m2/repository/jakarta/interceptor/jakarta.interceptor-api/2.2.0/jakarta.interceptor-api-2.2.0.jar:/home/runner/.m2/repository/jakarta/inject/jakarta.inject-api/2.0.1/jakarta.inject-api-2.0.1.jar:/home/runner/.m2/repository/io/smallrye/common/smallrye-common-os/2.6.1/smallrye-common-os-2.6.1.jar:/home/runner/.m2/repository/io/quarkus/quarkus-ide-launcher/3.15.4/quarkus-ide-launcher-3.15.4.jar:/home/runner/.m2/repository/io/quarkus/quarkus-development-mode-spi/3.15.4/quarkus-development-mode-spi-3.15.4.jar:/home/runner/.m2/repository/io/smallrye/config/smallrye-config/3.9.1/smallrye-config-3.9.1.jar:/home/runner/.m2/repository/io/smallrye/config/smallrye-config-core/3.9.1/smallrye-config-core-3.9.1.jar:/home/runner/.m2/repository/io/smallrye/common/smallrye-common-annotation/2.6.1/smallrye-common-annotation-2.6.1.jar:/home/runner/.m2/repository/io/smallrye/common/smallrye-common-classloader/2.6.1/smallrye-common-classloader-2.6.1.jar:/home/runner/.m2/repository/io/smallrye/config/smallrye-config-common/3.9.1/smallrye-config-common-3.9.1.jar:/home/runner/.m2/repository/org/jboss/logging/jboss-logging/3.6.0.Final/jboss-logging-3.6.0.Final.jar:/home/runner/.m2/repository/org/jboss/logmanager/jboss-logmanager/3.1.1.Final/jboss-logmanager-3.1.1.Final.jar:/home/runner/.m2/repository/io/smallrye/common/smallrye-common-constraint/2.6.1/smallrye-common-constraint-2.6.1.jar:/home/runner/.m2/repository/io/smallrye/common/smallrye-common-cpu/2.6.1/smallrye-common-cpu-2.6.1.jar:/home/runner/.m2/repository/io/smallrye/common/smallrye-common-expression/2.6.1/smallrye-common-expression-2.6.1.jar:/home/runner/.m2/repository/io/smallrye/common/smallrye-common-function/2.6.1/smallrye-common-function-2.6.1.jar:/home/runner/.m2/repository/io/smallrye/common/smallrye-common-net/2.6.1/smallrye-common-net-2.6.1.jar:/home/runner/.m2/repository/io/smallrye/common/smallrye-common-ref/2.6.1/smallrye-common-ref-2.6.1.jar:/home/runner/.m2/repository/jakarta/json/jakarta.json-api/2.1.3/jakarta.json-api-2.1.3.jar:/home/runner/.m2/repository/org/eclipse/parsson/parsson/1.1.7/parsson-1.1.7.jar:/home/runner/.m2/repository/org/jboss/logging/jboss-logging-annotations/3.0.1.Final/jboss-logging-annotations-3.0.1.Final.jar:/home/runner/.m2/repository/org/jboss/threads/jboss-threads/3.6.1.Final/jboss-threads-3.6.1.Final.jar:/home/runner/.m2/repository/org/jboss/slf4j/slf4j-jboss-logmanager/2.0.0.Final/slf4j-jboss-logmanager-2.0.0.Final.jar:/home/runner/.m2/repository/org/wildfly/common/wildfly-common/1.7.0.Final/wildfly-common-1.7.0.Final.jar:/home/runner/.m2/repository/io/quarkus/quarkus-bootstrap-runner/3.15.4/quarkus-bootstrap-runner-3.15.4.jar:/home/runner/.m2/repository/io/github/crac/org-crac/0.1.3/org-crac-0.1.3.jar:/home/runner/.m2/repository/io/quarkus/quarkus-fs-util/0.0.10/quarkus-fs-util-0.0.10.jar:/home/runner/.m2/repository/org/jboss/marshalling/jboss-marshalling/2.2.1.Final/jboss-marshalling-2.2.1.Final.jar:/home/runner/.m2/repository/io/fabric8/kubernetes-client/6.13.5/kubernetes-client-6.13.5.jar:/home/runner/.m2/repository/io/fabric8/kubernetes-client-api/6.13.5/kubernetes-client-api-6.13.5.jar:/home/runner/.m2/repository/io/fabric8/kubernetes-model-core/6.13.5/kubernetes-model-core-6.13.5.jar:/home/runner/.m2/repository/io/fabric8/kubernetes-model-common/6.13.5/kubernetes-model-common-6.13.5.jar:/home/runner/.m2/repository/io/fabric8/kubernetes-model-gatewayapi/6.13.5/kubernetes-model-gatewayapi-6.13.5.jar:/home/runner/.m2/repository/io/fabric8/kubernetes-model-resource/6.13.5/kubernetes-model-resource-6.13.5.jar:/home/runner/.m2/repository/io/fabric8/kubernetes-model-rbac/6.13.5/kubernetes-model-rbac-6.13.5.jar:/home/runner/.m2/repository/io/fabric8/kubernetes-model-admissionregistration/6.13.5/kubernetes-model-admissionregistration-6.13.5.jar:/home/runner/.m2/repository/io/fabric8/kubernetes-model-apps/6.13.5/kubernetes-model-apps-6.13.5.jar:/home/runner/.m2/repository/io/fabric8/kubernetes-model-autoscaling/6.13.5/kubernetes-model-autoscaling-6.13.5.jar:/home/runner/.m2/repository/io/fabric8/kubernetes-model-apiextensions/6.13.5/kubernetes-model-apiextensions-6.13.5.jar:/home/runner/.m2/repository/io/fabric8/kubernetes-model-batch/6.13.5/kubernetes-model-batch-6.13.5.jar:/home/runner/.m2/repository/io/fabric8/kubernetes-model-certificates/6.13.5/kubernetes-model-certificates-6.13.5.jar:/home/runner/.m2/repository/io/fabric8/kubernetes-model-coordination/6.13.5/kubernetes-model-coordination-6.13.5.jar:/home/runner/.m2/repository/io/fabric8/kubernetes-model-discovery/6.13.5/kubernetes-model-discovery-6.13.5.jar:/home/runner/.m2/repository/io/fabric8/kubernetes-model-events/6.13.5/kubernetes-model-events-6.13.5.jar:/home/runner/.m2/repository/io/fabric8/kubernetes-model-extensions/6.13.5/kubernetes-model-extensions-6.13.5.jar:/home/runner/.m2/repository/io/fabric8/kubernetes-model-flowcontrol/6.13.5/kubernetes-model-flowcontrol-6.13.5.jar:/home/runner/.m2/repository/io/fabric8/kubernetes-model-networking/6.13.5/kubernetes-model-networking-6.13.5.jar:/home/runner/.m2/repository/io/fabric8/kubernetes-model-metrics/6.13.5/kubernetes-model-metrics-6.13.5.jar:/home/runner/.m2/repository/io/fabric8/kubernetes-model-policy/6.13.5/kubernetes-model-policy-6.13.5.jar:/home/runner/.m2/repository/io/fabric8/kubernetes-model-scheduling/6.13.5/kubernetes-model-scheduling-6.13.5.jar:/home/runner/.m2/repository/io/fabric8/kubernetes-model-storageclass/6.13.5/kubernetes-model-storageclass-6.13.5.jar:/home/runner/.m2/repository/io/fabric8/kubernetes-model-node/6.13.5/kubernetes-model-node-6.13.5.jar:/home/runner/.m2/repository/org/snakeyaml/snakeyaml-engine/2.7/snakeyaml-engine-2.7.jar:/home/runner/.m2/repository/com/fasterxml/jackson/dataformat/jackson-dataformat-yaml/2.15.2/jackson-dataformat-yaml-2.15.2.jar:/home/runner/.m2/repository/com/fasterxml/jackson/datatype/jackson-datatype-jsr310/2.17.2/jackson-datatype-jsr310-2.17.2.jar:/home/runner/.m2/repository/io/fabric8/zjsonpatch/0.3.0/zjsonpatch-0.3.0.jar:/home/runner/.m2/repository/io/fabric8/kubernetes-httpclient-vertx/6.13.5/kubernetes-httpclient-vertx-6.13.5.jar:/home/runner/.m2/repository/io/vertx/vertx-web-client/4.5.13/vertx-web-client-4.5.13.jar:/home/runner/.m2/repository/io/vertx/vertx-web-common/4.5.13/vertx-web-common-4.5.13.jar:/home/runner/.m2/repository/io/vertx/vertx-auth-common/4.5.13/vertx-auth-common-4.5.13.jar:/home/runner/.m2/repository/io/vertx/vertx-uri-template/4.5.13/vertx-uri-template-4.5.13.jar:/home/runner/.m2/repository/io/fabric8/openshift-client/6.13.5/openshift-client-6.13.5.jar:/home/runner/.m2/repository/io/fabric8/openshift-client-api/6.13.5/openshift-client-api-6.13.5.jar:/home/runner/.m2/repository/io/fabric8/openshift-model/6.13.5/openshift-model-6.13.5.jar:/home/runner/.m2/repository/io/fabric8/openshift-model-clusterautoscaling/6.13.5/openshift-model-clusterautoscaling-6.13.5.jar:/home/runner/.m2/repository/io/fabric8/openshift-model-operator/6.13.5/openshift-model-operator-6.13.5.jar:/home/runner/.m2/repository/io/fabric8/openshift-model-operatorhub/6.13.5/openshift-model-operatorhub-6.13.5.jar:/home/runner/.m2/repository/io/fabric8/openshift-model-machine/6.13.5/openshift-model-machine-6.13.5.jar:/home/runner/.m2/repository/io/fabric8/openshift-model-whereabouts/6.13.5/openshift-model-whereabouts-6.13.5.jar:/home/runner/.m2/repository/io/fabric8/openshift-model-monitoring/6.13.5/openshift-model-monitoring-6.13.5.jar:/home/runner/.m2/repository/io/fabric8/openshift-model-storageversionmigrator/6.13.5/openshift-model-storageversionmigrator-6.13.5.jar:/home/runner/.m2/repository/io/fabric8/openshift-model-tuned/6.13.5/openshift-model-tuned-6.13.5.jar:/home/runner/.m2/repository/io/fabric8/openshift-model-console/6.13.5/openshift-model-console-6.13.5.jar:/home/runner/.m2/repository/io/fabric8/openshift-model-config/6.13.5/openshift-model-config-6.13.5.jar:/home/runner/.m2/repository/io/fabric8/openshift-model-machineconfig/6.13.5/openshift-model-machineconfig-6.13.5.jar:/home/runner/.m2/repository/io/fabric8/openshift-model-miscellaneous/6.13.5/openshift-model-miscellaneous-6.13.5.jar:/home/runner/.m2/repository/io/fabric8/openshift-model-hive/6.13.5/openshift-model-hive-6.13.5.jar:/home/runner/.m2/repository/io/fabric8/openshift-model-installer/6.13.5/openshift-model-installer-6.13.5.jar:/home/runner/.m2/repository/com/github/mifmif/generex/1.0.2/generex-1.0.2.jar:/home/runner/.m2/repository/dk/brics/automaton/automaton/1.11-8/automaton-1.11-8.jar:/home/runner/.m2/repository/org/junit/platform/junit-platform-launcher/1.10.3/junit-platform-launcher-1.10.3.jar:/home/runner/.m2/repository/org/junit/platform/junit-platform-engine/1.10.3/junit-platform-engine-1.10.3.jar:/home/runner/.m2/repository/org/opentest4j/opentest4j/1.3.0/opentest4j-1.3.0.jar:/home/runner/.m2/repository/org/junit/platform/junit-platform-commons/1.10.3/junit-platform-commons-1.10.3.jar:/home/runner/.m2/repository/org/apiguardian/apiguardian-api/1.1.2/apiguardian-api-1.1.2.jar:/home/runner/.m2/repository/jakarta/ws/rs/jakarta.ws.rs-api/3.1.0/jakarta.ws.rs-api-3.1.0.jar:/home/runner/work/apicurio-testing/apicurio-testing/clusters/ci419/namespaces/mysql/tests/integration/apicurio-registry/java-sdk/target/apicurio-registry-java-sdk-3.0.9.jar:/home/runner/.m2/repository/com/microsoft/kiota/microsoft-kiota-abstractions/1.8.4/microsoft-kiota-abstractions-1.8.4.jar:/home/runner/.m2/repository/io/github/std-uritemplate/std-uritemplate/2.0.0/std-uritemplate-2.0.0.jar:/home/runner/.m2/repository/io/kiota/kiota-http-jdk/0.0.21/kiota-http-jdk-0.0.21.jar:/home/runner/.m2/repository/io/kiota/kiota-http-vertx/0.0.21/kiota-http-vertx-0.0.21.jar:/home/runner/.m2/repository/io/kiota/kiota-serialization-jackson/0.0.21/kiota-serialization-jackson-0.0.21.jar:/home/runner/.m2/repository/com/microsoft/kiota/microsoft-kiota-serialization-text/1.8.4/microsoft-kiota-serialization-text-1.8.4.jar:/home/runner/.m2/repository/com/microsoft/kiota/microsoft-kiota-serialization-form/1.8.4/microsoft-kiota-serialization-form-1.8.4.jar:/home/runner/.m2/repository/com/microsoft/kiota/microsoft-kiota-serialization-multipart/1.8.4/microsoft-kiota-serialization-multipart-1.8.4.jar:/home/runner/.m2/repository/jakarta/annotation/jakarta.annotation-api/3.0.0/jakarta.annotation-api-3.0.0.jar:/home/runner/.m2/repository/io/vertx/vertx-auth-oauth2/4.5.13/vertx-auth-oauth2-4.5.13.jar:/home/runner/work/apicurio-testing/apicurio-testing/clusters/ci419/namespaces/mysql/tests/integration/apicurio-registry/java-sdk-v2/target/apicurio-registry-v2-java-sdk-3.0.9.jar:/home/runner/work/apicurio-testing/apicurio-testing/clusters/ci419/namespaces/mysql/tests/integration/apicurio-registry/utils/kafka/target/apicurio-registry-utils-kafka-3.0.9-tests.jar:/home/runner/.m2/repository/org/eclipse/microprofile/config/microprofile-config-api/3.1/microprofile-config-api-3.1.jar:/home/runner/.m2/repository/org/apache/kafka/kafka-clients/3.9.0/kafka-clients-3.9.0.jar:/home/runner/.m2/repository/com/github/luben/zstd-jni/1.5.6-4/zstd-jni-1.5.6-4.jar:/home/runner/.m2/repository/org/lz4/lz4-java/1.8.0/lz4-java-1.8.0.jar:/home/runner/.m2/repository/org/xerial/snappy/snappy-java/1.1.10.5/snappy-java-1.1.10.5.jar:/home/runner/.m2/repository/org/slf4j/slf4j-api/2.0.6/slf4j-api-2.0.6.jar:/home/runner/work/apicurio-testing/apicurio-testing/clusters/ci419/namespaces/mysql/tests/integration/apicurio-registry/utils/tests/target/apicurio-registry-utils-tests-3.0.9.jar:/home/runner/work/apicurio-testing/apicurio-testing/clusters/ci419/namespaces/mysql/tests/integration/apicurio-registry/common/target/apicurio-registry-common-3.0.9.jar:/home/runner/.m2/repository/jakarta/validation/jakarta.validation-api/3.0.2/jakarta.validation-api-3.0.2.jar:/home/runner/.m2/repository/com/github/dasniko/testcontainers-keycloak/3.6.0/testcontainers-keycloak-3.6.0.jar:/home/runner/.m2/repository/org/testcontainers/testcontainers/1.20.1/testcontainers-1.20.1.jar:/home/runner/.m2/repository/org/rnorth/duct-tape/duct-tape/1.0.8/duct-tape-1.0.8.jar:/home/runner/.m2/repository/org/jetbrains/annotations/24.1.0/annotations-24.1.0.jar:/home/runner/.m2/repository/com/github/docker-java/docker-java-transport-zerodep/3.4.0/docker-java-transport-zerodep-3.4.0.jar:/home/runner/.m2/repository/com/github/docker-java/docker-java-transport/3.4.0/docker-java-transport-3.4.0.jar:/home/runner/.m2/repository/net/java/dev/jna/jna/5.8.0/jna-5.8.0.jar:/home/runner/.m2/repository/io/quarkus/quarkus-junit4-mock/3.15.4/quarkus-junit4-mock-3.15.4.jar:/home/runner/.m2/repository/org/jboss/shrinkwrap/shrinkwrap-api/2.0.0-beta-2/shrinkwrap-api-2.0.0-beta-2.jar:/home/runner/.m2/repository/org/jboss/shrinkwrap/shrinkwrap-impl-base/2.0.0-beta-2/shrinkwrap-impl-base-2.0.0-beta-2.jar:/home/runner/.m2/repository/org/jboss/shrinkwrap/shrinkwrap-spi/2.0.0-beta-2/shrinkwrap-spi-2.0.0-beta-2.jar:/home/runner/.m2/repository/org/keycloak/keycloak-admin-client/25.0.6/keycloak-admin-client-25.0.6.jar:/home/runner/.m2/repository/org/keycloak/keycloak-core/25.0.6/keycloak-core-25.0.6.jar:/home/runner/.m2/repository/org/keycloak/keycloak-common/25.0.6/keycloak-common-25.0.6.jar:/home/runner/.m2/repository/org/jboss/resteasy/resteasy-client/6.2.9.Final/resteasy-client-6.2.9.Final.jar:/home/runner/.m2/repository/org/jboss/resteasy/resteasy-client-api/6.2.9.Final/resteasy-client-api-6.2.9.Final.jar:/home/runner/.m2/repository/org/jboss/resteasy/resteasy-core-spi/6.2.9.Final/resteasy-core-spi-6.2.9.Final.jar:/home/runner/.m2/repository/org/jboss/resteasy/resteasy-core/6.2.9.Final/resteasy-core-6.2.9.Final.jar:/home/runner/.m2/repository/org/eclipse/angus/angus-activation/2.0.2/angus-activation-2.0.2.jar:/home/runner/.m2/repository/com/ibm/async/asyncutil/0.1.0/asyncutil-0.1.0.jar:/home/runner/.m2/repository/org/reactivestreams/reactive-streams/1.0.4/reactive-streams-1.0.4.jar:/home/runner/.m2/repository/org/jboss/resteasy/resteasy-multipart-provider/6.2.9.Final/resteasy-multipart-provider-6.2.9.Final.jar:/home/runner/.m2/repository/jakarta/mail/jakarta.mail-api/2.1.2/jakarta.mail-api-2.1.2.jar:/home/runner/.m2/repository/org/eclipse/angus/angus-mail/2.0.3/angus-mail-2.0.3.jar:/home/runner/.m2/repository/org/apache/james/apache-mime4j-dom/0.8.11/apache-mime4j-dom-0.8.11.jar:/home/runner/.m2/repository/org/apache/james/apache-mime4j-core/0.8.11/apache-mime4j-core-0.8.11.jar:/home/runner/.m2/repository/org/apache/james/apache-mime4j-storage/0.8.11/apache-mime4j-storage-0.8.11.jar:/home/runner/.m2/repository/org/jboss/resteasy/resteasy-jackson2-provider/6.2.9.Final/resteasy-jackson2-provider-6.2.9.Final.jar:/home/runner/.m2/repository/com/fasterxml/jackson/jakarta/rs/jackson-jakarta-rs-base/2.17.2/jackson-jakarta-rs-base-2.17.2.jar:/home/runner/.m2/repository/com/fasterxml/jackson/jakarta/rs/jackson-jakarta-rs-json-provider/2.17.2/jackson-jakarta-rs-json-provider-2.17.2.jar:/home/runner/.m2/repository/com/fasterxml/jackson/module/jackson-module-jakarta-xmlbind-annotations/2.17.2/jackson-module-jakarta-xmlbind-annotations-2.17.2.jar:/home/runner/.m2/repository/com/github/java-json-tools/json-patch/1.13/json-patch-1.13.jar:/home/runner/.m2/repository/com/github/java-json-tools/msg-simple/1.2/msg-simple-1.2.jar:/home/runner/.m2/repository/com/github/java-json-tools/btf/1.3/btf-1.3.jar:/home/runner/.m2/repository/com/github/java-json-tools/jackson-coreutils/2.0/jackson-coreutils-2.0.jar:/home/runner/.m2/repository/org/jboss/resteasy/resteasy-jaxb-provider/6.2.9.Final/resteasy-jaxb-provider-6.2.9.Final.jar:/home/runner/.m2/repository/org/glassfish/jaxb/codemodel/4.0.3/codemodel-4.0.3.jar:/home/runner/.m2/repository/org/glassfish/jaxb/jaxb-core/4.0.5/jaxb-core-4.0.5.jar:/home/runner/.m2/repository/org/glassfish/jaxb/jaxb-jxc/4.0.3/jaxb-jxc-4.0.3.jar:/home/runner/.m2/repository/org/glassfish/jaxb/jaxb-runtime/4.0.5/jaxb-runtime-4.0.5.jar:/home/runner/.m2/repository/org/glassfish/jaxb/txw2/4.0.5/txw2-4.0.5.jar:/home/runner/.m2/repository/org/glassfish/jaxb/jaxb-xjc/4.0.3/jaxb-xjc-4.0.3.jar:/home/runner/.m2/repository/org/glassfish/jaxb/xsom/4.0.3/xsom-4.0.3.jar:/home/runner/.m2/repository/com/sun/istack/istack-commons-runtime/4.1.2/istack-commons-runtime-4.1.2.jar:/home/runner/.m2/repository/com/sun/istack/istack-commons-tools/4.1.2/istack-commons-tools-4.1.2.jar:/home/runner/.m2/repository/com/sun/xml/bind/external/relaxng-datatype/4.0.3/relaxng-datatype-4.0.3.jar:/home/runner/.m2/repository/com/sun/xml/bind/external/rngom/4.0.3/rngom-4.0.3.jar:/home/runner/.m2/repository/org/testcontainers/mssqlserver/1.20.1/mssqlserver-1.20.1.jar:/home/runner/.m2/repository/org/testcontainers/jdbc/1.20.1/jdbc-1.20.1.jar:/home/runner/.m2/repository/org/testcontainers/database-commons/1.20.1/database-commons-1.20.1.jar:/home/runner/.m2/repository/org/testcontainers/mysql/1.20.1/mysql-1.20.1.jar:/home/runner/.m2/repository/io/strimzi/strimzi-test-container/0.107.0/strimzi-test-container-0.107.0.jar:/home/runner/.m2/repository/org/testcontainers/toxiproxy/1.20.1/toxiproxy-1.20.1.jar:/home/runner/.m2/repository/com/github/docker-java/docker-java-api/3.4.0/docker-java-api-3.4.0.jar:/home/runner/.m2/repository/eu/rekawek/toxiproxy/toxiproxy-java/2.1.7/toxiproxy-java-2.1.7.jar:/home/runner/.m2/repository/junit/junit/4.13.2/junit-4.13.2.jar:/home/runner/.m2/repository/org/hamcrest/hamcrest-core/1.3/hamcrest-core-1.3.jar:/home/runner/.m2/repository/org/testcontainers/pulsar/1.20.4/pulsar-1.20.4.jar:/home/runner/.m2/repository/io/debezium/debezium-testing-testcontainers/2.6.2.Final/debezium-testing-testcontainers-2.6.2.Final.jar:/home/runner/.m2/repository/org/testcontainers/kafka/1.20.1/kafka-1.20.1.jar:/home/runner/.m2/repository/com/squareup/okhttp3/okhttp/4.8.1/okhttp-4.8.1.jar:/home/runner/.m2/repository/com/squareup/okio/okio/3.10.2/okio-3.10.2.jar:/home/runner/.m2/repository/com/squareup/okio/okio-jvm/3.10.2/okio-jvm-3.10.2.jar:/home/runner/.m2/repository/org/jetbrains/kotlin/kotlin-stdlib/2.0.10/kotlin-stdlib-2.0.10.jar:/home/runner/.m2/repository/org/awaitility/awaitility/4.2.2/awaitility-4.2.2.jar:/home/runner/.m2/repository/org/testcontainers/mongodb/1.20.1/mongodb-1.20.1.jar:/home/runner/.m2/repository/org/testcontainers/oracle-xe/1.20.1/oracle-xe-1.20.1.jar:/home/runner/.m2/repository/org/testcontainers/postgresql/1.20.1/postgresql-1.20.1.jar:/home/runner/.m2/repository/org/wiremock/wiremock/3.0.1/wiremock-3.0.1.jar:/home/runner/.m2/repository/org/eclipse/jetty/jetty-server/11.0.15/jetty-server-11.0.15.jar:/home/runner/.m2/repository/org/eclipse/jetty/toolchain/jetty-jakarta-servlet-api/5.0.2/jetty-jakarta-servlet-api-5.0.2.jar:/home/runner/.m2/repository/org/eclipse/jetty/jetty-http/11.0.15/jetty-http-11.0.15.jar:/home/runner/.m2/repository/org/eclipse/jetty/jetty-io/11.0.15/jetty-io-11.0.15.jar:/home/runner/.m2/repository/org/eclipse/jetty/jetty-servlet/11.0.15/jetty-servlet-11.0.15.jar:/home/runner/.m2/repository/org/eclipse/jetty/jetty-security/11.0.15/jetty-security-11.0.15.jar:/home/runner/.m2/repository/org/eclipse/jetty/jetty-servlets/11.0.15/jetty-servlets-11.0.15.jar:/home/runner/.m2/repository/org/eclipse/jetty/jetty-util/11.0.15/jetty-util-11.0.15.jar:/home/runner/.m2/repository/org/eclipse/jetty/jetty-webapp/11.0.15/jetty-webapp-11.0.15.jar:/home/runner/.m2/repository/org/eclipse/jetty/jetty-xml/11.0.15/jetty-xml-11.0.15.jar:/home/runner/.m2/repository/org/eclipse/jetty/jetty-proxy/11.0.15/jetty-proxy-11.0.15.jar:/home/runner/.m2/repository/org/eclipse/jetty/jetty-client/11.0.15/jetty-client-11.0.15.jar:/home/runner/.m2/repository/org/eclipse/jetty/http2/http2-server/11.0.15/http2-server-11.0.15.jar:/home/runner/.m2/repository/org/eclipse/jetty/http2/http2-common/11.0.15/http2-common-11.0.15.jar:/home/runner/.m2/repository/org/eclipse/jetty/http2/http2-hpack/11.0.15/http2-hpack-11.0.15.jar:/home/runner/.m2/repository/org/eclipse/jetty/jetty-alpn-server/11.0.15/jetty-alpn-server-11.0.15.jar:/home/runner/.m2/repository/org/eclipse/jetty/jetty-alpn-java-server/11.0.15/jetty-alpn-java-server-11.0.15.jar:/home/runner/.m2/repository/org/eclipse/jetty/jetty-alpn-java-client/11.0.15/jetty-alpn-java-client-11.0.15.jar:/home/runner/.m2/repository/org/eclipse/jetty/jetty-alpn-client/11.0.15/jetty-alpn-client-11.0.15.jar:/home/runner/.m2/repository/org/apache/httpcomponents/client5/httpclient5/5.2.1/httpclient5-5.2.1.jar:/home/runner/.m2/repository/org/apache/httpcomponents/core5/httpcore5/5.2/httpcore5-5.2.jar:/home/runner/.m2/repository/org/apache/httpcomponents/core5/httpcore5-h2/5.2/httpcore5-h2-5.2.jar:/home/runner/.m2/repository/org/xmlunit/xmlunit-core/2.9.1/xmlunit-core-2.9.1.jar:/home/runner/.m2/repository/jakarta/xml/bind/jakarta.xml.bind-api/4.0.2/jakarta.xml.bind-api-4.0.2.jar:/home/runner/.m2/repository/jakarta/activation/jakarta.activation-api/2.1.3/jakarta.activation-api-2.1.3.jar:/home/runner/.m2/repository/org/xmlunit/xmlunit-legacy/2.9.1/xmlunit-legacy-2.9.1.jar:/home/runner/.m2/repository/org/xmlunit/xmlunit-placeholders/2.9.1/xmlunit-placeholders-2.9.1.jar:/home/runner/.m2/repository/net/javacrumbs/json-unit/json-unit-core/2.38.0/json-unit-core-2.38.0.jar:/home/runner/.m2/repository/com/jayway/jsonpath/json-path/2.8.0/json-path-2.8.0.jar:/home/runner/.m2/repository/net/minidev/json-smart/2.4.10/json-smart-2.4.10.jar:/home/runner/.m2/repository/net/minidev/accessors-smart/2.4.9/accessors-smart-2.4.9.jar:/home/runner/.m2/repository/org/ow2/asm/asm/9.7/asm-9.7.jar:/home/runner/.m2/repository/net/sf/jopt-simple/jopt-simple/5.0.4/jopt-simple-5.0.4.jar:/home/runner/.m2/repository/com/github/jknack/handlebars/4.3.1/handlebars-4.3.1.jar:/home/runner/.m2/repository/com/github/jknack/handlebars-helpers/4.3.1/handlebars-helpers-4.3.1.jar:/home/runner/.m2/repository/commons-fileupload/commons-fileupload/1.5/commons-fileupload-1.5.jar:/home/runner/.m2/repository/com/networknt/json-schema-validator/1.5.5/json-schema-validator-1.5.5.jar:/home/runner/.m2/repository/com/ethlo/time/itu/1.10.3/itu-1.10.3.jar:/home/runner/.m2/repository/io/quarkus/quarkus-smallrye-jwt-build/3.15.4/quarkus-smallrye-jwt-build-3.15.4.jar:/home/runner/.m2/repository/io/smallrye/smallrye-jwt-build/4.5.3/smallrye-jwt-build-4.5.3.jar:/home/runner/.m2/repository/org/eclipse/microprofile/jwt/microprofile-jwt-auth-api/2.1/microprofile-jwt-auth-api-2.1.jar:/home/runner/.m2/repository/org/bitbucket/b_c/jose4j/0.9.6/jose4j-0.9.6.jar:/home/runner/.m2/repository/io/smallrye/smallrye-jwt-common/4.5.3/smallrye-jwt-common-4.5.3.jar:/home/runner/.m2/repository/io/quarkus/quarkus-jsonp/3.15.4/quarkus-jsonp-3.15.4.jar:/home/runner/.m2/repository/io/quarkus/quarkus-arc/3.15.4/quarkus-arc-3.15.4.jar:/home/runner/.m2/repository/io/quarkus/arc/arc/3.15.4/arc-3.15.4.jar:/home/runner/.m2/repository/jakarta/transaction/jakarta.transaction-api/2.0.1/jakarta.transaction-api-2.0.1.jar:/home/runner/.m2/repository/io/smallrye/reactive/mutiny/2.6.2/mutiny-2.6.2.jar:/home/runner/.m2/repository/org/jctools/jctools-core/4.0.5/jctools-core-4.0.5.jar:/home/runner/.m2/repository/org/eclipse/microprofile/context-propagation/microprofile-context-propagation-api/1.3/microprofile-context-propagation-api-1.3.jar:/home/runner/.m2/repository/io/apicurio/apicurio-common-rest-client-common/0.1.18.Final/apicurio-common-rest-client-common-0.1.18.Final.jar:/home/runner/work/apicurio-testing/apicurio-testing/clusters/ci419/namespaces/mysql/tests/integration/apicurio-registry/utils/maven-plugin/target/apicurio-registry-maven-plugin-3.0.9.jar:/home/runner/.m2/repository/com/fasterxml/jackson/core/jackson-databind/2.17.2/jackson-databind-2.17.2.jar:/home/runner/.m2/repository/org/apache/avro/avro/1.12.0/avro-1.12.0.jar:/home/runner/.m2/repository/com/google/protobuf/protobuf-java/3.25.8/protobuf-java-3.25.8.jar:/home/runner/.m2/repository/com/google/protobuf/protobuf-java-util/3.25.8/protobuf-java-util-3.25.8.jar:/home/runner/.m2/repository/com/google/code/findbugs/jsr305/3.0.2/jsr305-3.0.2.jar:/home/runner/.m2/repository/com/google/code/gson/gson/2.11.0/gson-2.11.0.jar:/home/runner/.m2/repository/com/google/errorprone/error_prone_annotations/2.30.0/error_prone_annotations-2.30.0.jar:/home/runner/.m2/repository/com/google/j2objc/j2objc-annotations/2.8/j2objc-annotations-2.8.jar:/home/runner/work/apicurio-testing/apicurio-testing/clusters/ci419/namespaces/mysql/tests/integration/apicurio-registry/schema-util/util-provider/target/apicurio-registry-schema-util-provider-3.0.9.jar:/home/runner/work/apicurio-testing/apicurio-testing/clusters/ci419/namespaces/mysql/tests/integration/apicurio-registry/schema-util/common/target/apicurio-registry-schema-util-common-3.0.9.jar:/home/runner/.m2/repository/com/fasterxml/jackson/module/jackson-module-parameter-names/2.17.2/jackson-module-parameter-names-2.17.2.jar:/home/runner/.m2/repository/com/fasterxml/jackson/datatype/jackson-datatype-json-org/2.18.2/jackson-datatype-json-org-2.18.2.jar:/home/runner/work/apicurio-testing/apicurio-testing/clusters/ci419/namespaces/mysql/tests/integration/apicurio-registry/schema-util/json/target/apicurio-registry-schema-util-json-3.0.9.jar:/home/runner/.m2/repository/com/github/erosb/everit-json-schema/1.14.5/everit-json-schema-1.14.5.jar:/home/runner/.m2/repository/commons-validator/commons-validator/1.9.0/commons-validator-1.9.0.jar:/home/runner/.m2/repository/commons-digester/commons-digester/2.1/commons-digester-2.1.jar:/home/runner/.m2/repository/commons-collections/commons-collections/3.2.2/commons-collections-3.2.2.jar:/home/runner/.m2/repository/com/damnhandy/handy-uri-templates/2.1.8/handy-uri-templates-2.1.8.jar:/home/runner/.m2/repository/joda-time/joda-time/2.10.2/joda-time-2.10.2.jar:/home/runner/.m2/repository/com/github/erosb/json-sKema/0.20.0/json-sKema-0.20.0.jar:/home/runner/.m2/repository/io/vertx/vertx-json-schema/4.5.13/vertx-json-schema-4.5.13.jar:/home/runner/work/apicurio-testing/apicurio-testing/clusters/ci419/namespaces/mysql/tests/integration/apicurio-registry/schema-util/protobuf/target/apicurio-registry-schema-util-protobuf-3.0.9.jar:/home/runner/work/apicurio-testing/apicurio-testing/clusters/ci419/namespaces/mysql/tests/integration/apicurio-registry/utils/protobuf-schema-utilities/target/apicurio-registry-protobuf-schema-utilities-3.0.9.jar:/home/runner/.m2/repository/com/google/api/grpc/proto-google-common-protos/2.52.0/proto-google-common-protos-2.52.0.jar:/home/runner/.m2/repository/com/squareup/wire/wire-schema-jvm/5.1.0/wire-schema-jvm-5.1.0.jar:/home/runner/.m2/repository/com/squareup/javapoet/1.13.0/javapoet-1.13.0.jar:/home/runner/.m2/repository/com/squareup/kotlinpoet-jvm/1.18.1/kotlinpoet-jvm-1.18.1.jar:/home/runner/.m2/repository/org/jetbrains/kotlin/kotlin-reflect/2.0.10/kotlin-reflect-2.0.10.jar:/home/runner/.m2/repository/com/squareup/wire/wire-runtime-jvm/5.1.0/wire-runtime-jvm-5.1.0.jar:/home/runner/.m2/repository/com/ibm/icu/icu4j/76.1/icu4j-76.1.jar:/home/runner/.m2/repository/com/squareup/okio/okio-fakefilesystem/3.10.2/okio-fakefilesystem-3.10.2.jar:/home/runner/.m2/repository/com/squareup/okio/okio-fakefilesystem-jvm/3.10.2/okio-fakefilesystem-jvm-3.10.2.jar:/home/runner/.m2/repository/org/jetbrains/kotlinx/kotlinx-datetime-jvm/0.6.1/kotlinx-datetime-jvm-0.6.1.jar:/home/runner/work/apicurio-testing/apicurio-testing/clusters/ci419/namespaces/mysql/tests/integration/apicurio-registry/schema-util/asyncapi/target/apicurio-registry-schema-util-asyncapi-3.0.9.jar:/home/runner/work/apicurio-testing/apicurio-testing/clusters/ci419/namespaces/mysql/tests/integration/apicurio-registry/schema-util/avro/target/apicurio-registry-schema-util-avro-3.0.9.jar:/home/runner/work/apicurio-testing/apicurio-testing/clusters/ci419/namespaces/mysql/tests/integration/apicurio-registry/schema-util/graphql/target/apicurio-registry-schema-util-graphql-3.0.9.jar:/home/runner/.m2/repository/com/graphql-java/graphql-java/22.3/graphql-java-22.3.jar:/home/runner/.m2/repository/com/graphql-java/java-dataloader/3.3.0/java-dataloader-3.3.0.jar:/home/runner/work/apicurio-testing/apicurio-testing/clusters/ci419/namespaces/mysql/tests/integration/apicurio-registry/schema-util/kconnect/target/apicurio-registry-schema-util-kconnect-3.0.9.jar:/home/runner/work/apicurio-testing/apicurio-testing/clusters/ci419/namespaces/mysql/tests/integration/apicurio-registry/schema-util/openapi/target/apicurio-registry-schema-util-openapi-3.0.9.jar:/home/runner/.m2/repository/io/apicurio/apicurio-data-models/2.2.1/apicurio-data-models-2.2.1.jar:/home/runner/.m2/repository/org/openapitools/openapidiff/openapi-diff-core/2.0.1/openapi-diff-core-2.0.1.jar:/home/runner/.m2/repository/io/swagger/parser/v3/swagger-parser/2.0.28/swagger-parser-2.0.28.jar:/home/runner/.m2/repository/io/swagger/parser/v3/swagger-parser-v2-converter/2.0.28/swagger-parser-v2-converter-2.0.28.jar:/home/runner/.m2/repository/io/swagger/swagger-core/1.6.3/swagger-core-1.6.3.jar:/home/runner/.m2/repository/io/swagger/swagger-models/1.6.3/swagger-models-1.6.3.jar:/home/runner/.m2/repository/io/swagger/swagger-annotations/1.6.3/swagger-annotations-1.6.3.jar:/home/runner/.m2/repository/io/swagger/swagger-parser/1.0.56/swagger-parser-1.0.56.jar:/home/runner/.m2/repository/io/swagger/swagger-compat-spec-parser/1.0.56/swagger-compat-spec-parser-1.0.56.jar:/home/runner/.m2/repository/com/github/java-json-tools/json-schema-validator/2.2.14/json-schema-validator-2.2.14.jar:/home/runner/.m2/repository/com/github/java-json-tools/jackson-coreutils-equivalence/1.0/jackson-coreutils-equivalence-1.0.jar:/home/runner/.m2/repository/com/github/java-json-tools/json-schema-core/1.2.14/json-schema-core-1.2.14.jar:/home/runner/.m2/repository/com/github/java-json-tools/uri-template/0.10/uri-template-0.10.jar:/home/runner/.m2/repository/com/sun/mail/mailapi/1.6.2/mailapi-1.6.2.jar:/home/runner/.m2/repository/com/googlecode/libphonenumber/libphonenumber/8.11.1/libphonenumber-8.11.1.jar:/home/runner/.m2/repository/com/j2html/j2html/1.5.0/j2html-1.5.0.jar:/home/runner/.m2/repository/org/apache/commons/commons-collections4/4.4/commons-collections4-4.4.jar:/home/runner/.m2/repository/commons-httpclient/commons-httpclient/3.1/commons-httpclient-3.1.jar:/home/runner/.m2/repository/io/swagger/parser/v3/swagger-parser-v3/2.1.25/swagger-parser-v3-2.1.25.jar:/home/runner/.m2/repository/io/swagger/core/v3/swagger-models/2.2.28/swagger-models-2.2.28.jar:/home/runner/.m2/repository/io/swagger/core/v3/swagger-core/2.2.28/swagger-core-2.2.28.jar:/home/runner/.m2/repository/io/swagger/parser/v3/swagger-parser-core/2.1.25/swagger-parser-core-2.1.25.jar:/home/runner/.m2/repository/io/swagger/parser/v3/swagger-parser-safe-url-resolver/2.1.25/swagger-parser-safe-url-resolver-2.1.25.jar:/home/runner/work/apicurio-testing/apicurio-testing/clusters/ci419/namespaces/mysql/tests/integration/apicurio-registry/schema-util/wsdl/target/apicurio-registry-schema-util-wsdl-3.0.9.jar:/home/runner/.m2/repository/wsdl4j/wsdl4j/1.6.3/wsdl4j-1.6.3.jar:/home/runner/work/apicurio-testing/apicurio-testing/clusters/ci419/namespaces/mysql/tests/integration/apicurio-registry/schema-util/xml/target/apicurio-registry-schema-util-xml-3.0.9.jar:/home/runner/.m2/repository/org/apache/santuario/xmlsec/4.0.3/xmlsec-4.0.3.jar:/home/runner/.m2/repository/com/fasterxml/woodstox/woodstox-core/7.1.0/woodstox-core-7.1.0.jar:/home/runner/.m2/repository/org/codehaus/woodstox/stax2-api/4.2.2/stax2-api-4.2.2.jar:/home/runner/work/apicurio-testing/apicurio-testing/clusters/ci419/namespaces/mysql/tests/integration/apicurio-registry/schema-util/xsd/target/apicurio-registry-schema-util-xsd-3.0.9.jar:/home/runner/work/apicurio-testing/apicurio-testing/clusters/ci419/namespaces/mysql/tests/integration/apicurio-registry/serdes/kafka/jsonschema-serde/target/apicurio-registry-jsonschema-serde-kafka-3.0.9.jar:/home/runner/work/apicurio-testing/apicurio-testing/clusters/ci419/namespaces/mysql/tests/integration/apicurio-registry/serdes/kafka/serde-kafka-common/target/apicurio-registry-serde-kafka-common-3.0.9.jar:/home/runner/work/apicurio-testing/apicurio-testing/clusters/ci419/namespaces/mysql/tests/integration/apicurio-registry/serdes/generic/serde-common/target/apicurio-registry-serde-common-3.0.9.jar:/home/runner/work/apicurio-testing/apicurio-testing/clusters/ci419/namespaces/mysql/tests/integration/apicurio-registry/schema-resolver/target/apicurio-registry-schema-resolver-3.0.9.jar:/home/runner/work/apicurio-testing/apicurio-testing/clusters/ci419/namespaces/mysql/tests/integration/apicurio-registry/serdes/generic/serde-common-jsonschema/target/apicurio-registry-serde-common-jsonschema-3.0.9.jar:/home/runner/.m2/repository/org/json/json/20250107/json-20250107.jar:/home/runner/work/apicurio-testing/apicurio-testing/clusters/ci419/namespaces/mysql/tests/integration/apicurio-registry/serdes/kafka/avro-serde/target/apicurio-registry-avro-serde-kafka-3.0.9.jar:/home/runner/work/apicurio-testing/apicurio-testing/clusters/ci419/namespaces/mysql/tests/integration/apicurio-registry/serdes/generic/serde-common-avro/target/apicurio-registry-serde-common-avro-3.0.9.jar:/home/runner/work/apicurio-testing/apicurio-testing/clusters/ci419/namespaces/mysql/tests/integration/apicurio-registry/serdes/kafka/protobuf-serde/target/apicurio-registry-protobuf-serde-kafka-3.0.9.jar:/home/runner/work/apicurio-testing/apicurio-testing/clusters/ci419/namespaces/mysql/tests/integration/apicurio-registry/serdes/generic/serde-common-protobuf/target/apicurio-registry-serde-common-protobuf-3.0.9.jar:/home/runner/.m2/repository/com/squareup/wire/wire-schema/5.1.0/wire-schema-5.1.0.jar:/home/runner/.m2/repository/com/squareup/wire/wire-runtime/5.1.0/wire-runtime-5.1.0.jar:/home/runner/work/apicurio-testing/apicurio-testing/clusters/ci419/namespaces/mysql/tests/integration/apicurio-registry/serdes/pulsar/avro-serde/target/apicurio-registry-avro-serde-pulsar-3.0.9.jar:/home/runner/.m2/repository/org/apache/pulsar/pulsar-functions-api/3.3.4/pulsar-functions-api-3.3.4.jar:/home/runner/work/apicurio-testing/apicurio-testing/clusters/ci419/namespaces/mysql/tests/integration/apicurio-registry/serdes/nats/avro-serde/target/apicurio-registry-avro-serde-nats-3.0.9.jar:/home/runner/.m2/repository/io/nats/jnats/2.20.5/jnats-2.20.5.jar:/home/runner/.m2/repository/net/i2p/crypto/eddsa/0.3.0/eddsa-0.3.0.jar:/home/runner/work/apicurio-testing/apicurio-testing/clusters/ci419/namespaces/mysql/tests/integration/apicurio-registry/utils/converter/target/apicurio-registry-utils-converter-3.0.9.jar:/home/runner/.m2/repository/org/apache/kafka/connect-api/3.9.1/connect-api-3.9.1.jar:/home/runner/.m2/repository/javax/ws/rs/javax.ws.rs-api/2.1.1/javax.ws.rs-api-2.1.1.jar:/home/runner/.m2/repository/org/apache/kafka/connect-json/3.9.1/connect-json-3.9.1.jar:/home/runner/.m2/repository/com/fasterxml/jackson/datatype/jackson-datatype-jdk8/2.17.2/jackson-datatype-jdk8-2.17.2.jar:/home/runner/.m2/repository/com/fasterxml/jackson/module/jackson-module-afterburner/2.17.2/jackson-module-afterburner-2.17.2.jar:/home/runner/work/apicurio-testing/apicurio-testing/clusters/ci419/namespaces/mysql/tests/integration/apicurio-registry/utils/kafka/target/apicurio-registry-utils-kafka-3.0.9.jar:/home/runner/.m2/repository/org/apache/pulsar/pulsar-client/3.3.4/pulsar-client-3.3.4.jar:/home/runner/.m2/repository/org/apache/pulsar/pulsar-client-api/3.3.4/pulsar-client-api-3.3.4.jar:/home/runner/.m2/repository/org/apache/pulsar/pulsar-client-admin-api/3.3.4/pulsar-client-admin-api-3.3.4.jar:/home/runner/.m2/repository/org/apache/pulsar/bouncy-castle-bc/3.3.4/bouncy-castle-bc-3.3.4-pkg.jar:/home/runner/.m2/repository/org/bouncycastle/bcpkix-jdk18on/1.78.1/bcpkix-jdk18on-1.78.1.jar:/home/runner/.m2/repository/org/bouncycastle/bcutil-jdk18on/1.78.1/bcutil-jdk18on-1.78.1.jar:/home/runner/.m2/repository/org/bouncycastle/bcprov-jdk18on/1.78.1/bcprov-jdk18on-1.78.1.jar:/home/runner/.m2/repository/io/opentelemetry/opentelemetry-api/1.39.0/opentelemetry-api-1.39.0.jar:/home/runner/.m2/repository/io/opentelemetry/opentelemetry-context/1.39.0/opentelemetry-context-1.39.0.jar:/home/runner/.m2/repository/io/opentelemetry/opentelemetry-api-incubator/1.39.0-alpha/opentelemetry-api-incubator-1.39.0-alpha.jar:/home/runner/.m2/repository/com/fasterxml/jackson/core/jackson-annotations/2.17.2/jackson-annotations-2.17.2.jar:/home/runner/.m2/repository/javax/validation/validation-api/1.1.0.Final/validation-api-1.1.0.Final.jar:/home/runner/.m2/repository/io/confluent/kafka-avro-serializer/7.9.0/kafka-avro-serializer-7.9.0.jar:/home/runner/.m2/repository/org/apache/commons/commons-compress/1.27.0/commons-compress-1.27.0.jar:/home/runner/.m2/repository/io/confluent/kafka-schema-serializer/7.9.0/kafka-schema-serializer-7.9.0.jar:/home/runner/.m2/repository/com/fasterxml/jackson/dataformat/jackson-dataformat-csv/2.17.2/jackson-dataformat-csv-2.17.2.jar:/home/runner/.m2/repository/io/confluent/kafka-schema-registry-client/7.9.0/kafka-schema-registry-client-7.9.0.jar:/home/runner/.m2/repository/org/yaml/snakeyaml/2.2/snakeyaml-2.2.jar:/home/runner/.m2/repository/io/swagger/core/v3/swagger-annotations/2.1.10/swagger-annotations-2.1.10.jar:/home/runner/.m2/repository/com/google/guava/guava/33.2.1-jre/guava-33.2.1-jre.jar:/home/runner/.m2/repository/com/google/guava/failureaccess/1.0.1/failureaccess-1.0.1.jar:/home/runner/.m2/repository/org/checkerframework/checker-qual/3.46.0/checker-qual-3.46.0.jar:/home/runner/.m2/repository/io/confluent/logredactor/1.0.12/logredactor-1.0.12.jar:/home/runner/.m2/repository/com/google/re2j/re2j/1.6/re2j-1.6.jar:/home/runner/.m2/repository/io/confluent/logredactor-metrics/1.0.12/logredactor-metrics-1.0.12.jar:/home/runner/.m2/repository/com/eclipsesource/minimal-json/minimal-json/0.9.5/minimal-json-0.9.5.jar:/home/runner/.m2/repository/io/confluent/common-utils/7.9.0/common-utils-7.9.0.jar:/home/runner/.m2/repository/io/confluent/kafka-connect-avro-converter/7.9.0/kafka-connect-avro-converter-7.9.0.jar:/home/runner/.m2/repository/io/confluent/kafka-connect-avro-data/7.9.0/kafka-connect-avro-data-7.9.0.jar:/home/runner/.m2/repository/io/confluent/kafka-schema-converter/7.9.0/kafka-schema-converter-7.9.0.jar:/home/runner/.m2/repository/io/rest-assured/rest-assured/5.5.0/rest-assured-5.5.0.jar:/home/runner/.m2/repository/org/apache/groovy/groovy/4.0.22/groovy-4.0.22.jar:/home/runner/.m2/repository/org/apache/groovy/groovy-xml/4.0.22/groovy-xml-4.0.22.jar:/home/runner/.m2/repository/org/apache/httpcomponents/httpclient/4.5.14/httpclient-4.5.14.jar:/home/runner/.m2/repository/org/apache/httpcomponents/httpcore/4.4.16/httpcore-4.4.16.jar:/home/runner/.m2/repository/org/apache/httpcomponents/httpmime/4.5.14/httpmime-4.5.14.jar:/home/runner/.m2/repository/org/hamcrest/hamcrest/2.2/hamcrest-2.2.jar:/home/runner/.m2/repository/org/ccil/cowan/tagsoup/tagsoup/1.2.1/tagsoup-1.2.1.jar:/home/runner/.m2/repository/io/rest-assured/json-path/5.5.0/json-path-5.5.0.jar:/home/runner/.m2/repository/org/apache/groovy/groovy-json/4.0.22/groovy-json-4.0.22.jar:/home/runner/.m2/repository/io/rest-assured/rest-assured-common/5.5.0/rest-assured-common-5.5.0.jar:/home/runner/.m2/repository/io/rest-assured/xml-path/5.5.0/xml-path-5.5.0.jar:/home/runner/.m2/repository/io/zonky/test/embedded-postgres/2.1.0/embedded-postgres-2.1.0.jar:/home/runner/.m2/repository/io/zonky/test/postgres/embedded-postgres-binaries-windows-amd64/14.15.0/embedded-postgres-binaries-windows-amd64-14.15.0.jar:/home/runner/.m2/repository/io/zonky/test/postgres/embedded-postgres-binaries-darwin-amd64/14.15.0/embedded-postgres-binaries-darwin-amd64-14.15.0.jar:/home/runner/.m2/repository/io/zonky/test/postgres/embedded-postgres-binaries-linux-amd64/14.15.0/embedded-postgres-binaries-linux-amd64-14.15.0.jar:/home/runner/.m2/repository/io/zonky/test/postgres/embedded-postgres-binaries-linux-amd64-alpine/14.15.0/embedded-postgres-binaries-linux-amd64-alpine-14.15.0.jar:/home/runner/.m2/repository/org/apache/commons/commons-lang3/3.14.0/commons-lang3-3.14.0.jar:/home/runner/.m2/repository/org/tukaani/xz/1.10/xz-1.10.jar:/home/runner/.m2/repository/commons-codec/commons-codec/1.18.0/commons-codec-1.18.0.jar:/home/runner/.m2/repository/org/postgresql/postgresql/42.7.4/postgresql-42.7.4.jar:/home/runner/.m2/repository/commons-io/commons-io/2.16.1/commons-io-2.16.1.jar:/home/runner/work/apicurio-testing/apicurio-testing/clusters/ci419/namespaces/mysql/tests/integration/apicurio-registry/utils/importexport/target/apicurio-registry-utils-import-export-3.0.9.jar:/home/runner/.m2/repository/io/vertx/vertx-core/4.5.13/vertx-core-4.5.13.jar:/home/runner/.m2/repository/io/netty/netty-common/4.1.118.Final/netty-common-4.1.118.Final.jar:/home/runner/.m2/repository/io/netty/netty-buffer/4.1.118.Final/netty-buffer-4.1.118.Final.jar:/home/runner/.m2/repository/io/netty/netty-transport/4.1.118.Final/netty-transport-4.1.118.Final.jar:/home/runner/.m2/repository/io/netty/netty-handler/4.1.118.Final/netty-handler-4.1.118.Final.jar:/home/runner/.m2/repository/io/netty/netty-transport-native-unix-common/4.1.118.Final/netty-transport-native-unix-common-4.1.118.Final.jar:/home/runner/.m2/repository/io/netty/netty-codec/4.1.118.Final/netty-codec-4.1.118.Final.jar:/home/runner/.m2/repository/io/netty/netty-handler-proxy/4.1.118.Final/netty-handler-proxy-4.1.118.Final.jar:/home/runner/.m2/repository/io/netty/netty-codec-socks/4.1.118.Final/netty-codec-socks-4.1.118.Final.jar:/home/runner/.m2/repository/io/netty/netty-codec-http/4.1.118.Final/netty-codec-http-4.1.118.Final.jar:/home/runner/.m2/repository/io/netty/netty-codec-http2/4.1.118.Final/netty-codec-http2-4.1.118.Final.jar:/home/runner/.m2/repository/io/netty/netty-resolver/4.1.118.Final/netty-resolver-4.1.118.Final.jar:/home/runner/.m2/repository/io/netty/netty-resolver-dns/4.1.118.Final/netty-resolver-dns-4.1.118.Final.jar:/home/runner/.m2/repository/io/netty/netty-codec-dns/4.1.118.Final/netty-codec-dns-4.1.118.Final.jar:/home/runner/.m2/repository/com/fasterxml/jackson/core/jackson-core/2.17.2/jackson-core-2.17.2.jar:"/>
    <property name="sun.cpu.endian" value="little"/>
    <property name="user.home" value="/home/runner"/>
    <property name="user.language" value="en"/>
    <property name="jboss.log-version" value="false"/>
    <property name="java.specification.vendor" value="Oracle Corporation"/>
    <property name="java.version.date" value="2025-07-15"/>
    <property name="java.home" value="/usr/lib/jvm/temurin-17-jdk-amd64"/>
    <property name="file.separator" value="/"/>
    <property name="basedir" value="/home/runner/work/apicurio-testing/apicurio-testing/clusters/ci419/namespaces/mysql/tests/integration/apicurio-registry/integration-tests"/>
    <property name="java.vm.compressedOopsMode" value="32-bit"/>
    <property name="line.separator" value="&#10;"/>
    <property name="java.specification.name" value="Java Platform API Specification"/>
    <property name="java.vm.specification.vendor" value="Oracle Corporation"/>
    <property name="quarkus.http.test-host" value="registry-app-mysql.apps.ci419.apicurio-testing.org"/>
    <property name="surefire.real.class.path" value="/home/runner/work/apicurio-testing/apicurio-testing/clusters/ci419/namespaces/mysql/tests/integration/apicurio-registry/integration-tests/target/surefire/surefirebooter-20250731153021442_3.jar"/>
    <property name="sun.management.compiler" value="HotSpot 64-Bit Tiered Compilers"/>
    <property name="org.eclipse.jetty.http.HttpGenerator.STRICT" value="true"/>
    <property name="java.runtime.version" value="17.0.16+8"/>
    <property name="user.name" value="runner"/>
    <property name="path.separator" value=":"/>
    <property name="os.version" value="6.8.0-1031-azure"/>
    <property name="java.runtime.name" value="OpenJDK Runtime Environment"/>
    <property name="file.encoding" value="UTF-8"/>
    <property name="jnidispatch.path" value="/home/runner/.cache/JNA/temp/jna1907590440896023850.tmp"/>
    <property name="java.vm.name" value="OpenJDK 64-Bit Server VM"/>
    <property name="jna.platform.library.path" value="/usr/lib/x86_64-linux-gnu:/lib/x86_64-linux-gnu:/usr/lib64:/lib64:/usr/lib:/lib:/lib32:/usr/local/lib:/usr/lib/x86_64-linux-gnu/libfakeroot"/>
    <property name="java.vendor.version" value="Temurin-17.0.16+8"/>
    <property name="quarkus.oidc.token-path" value="https://keycloak-mysql.apps.ci419.apicurio-testing.org/realms/registry/protocol/openid-connect/token"/>
    <property name="quarkus.http.host" value="registry-app-mysql.apps.ci419.apicurio-testing.org"/>
    <property name="localRepository" value="/home/runner/.m2/repository"/>
    <property name="javax.xml.xpath.XPathFactory:http://java.sun.com/jaxp/xpath/dom" value="com.sun.org.apache.xpath.internal.jaxp.XPathFactoryImpl"/>
    <property name="jna.loaded" value="true"/>
    <property name="java.vendor.url.bug" value="https://github.com/adoptium/adoptium-support/issues"/>
    <property name="jetty.git.hash" value="5bc5e562c8d05c5862505aebe5cf83a61bdbcb96"/>
    <property name="java.io.tmpdir" value="/tmp"/>
    <property name="quarkus.http.test-protocol" value="http"/>
    <property name="java.version" value="17.0.16"/>
    <property name="user.dir" value="/home/runner/work/apicurio-testing/apicurio-testing/clusters/ci419/namespaces/mysql/tests/integration/apicurio-registry/integration-tests"/>
    <property name="os.arch" value="amd64"/>
    <property name="groups" value="( smoke | serdes | acceptance | ui)"/>
    <property name="java.vm.specification.name" value="Java Virtual Machine Specification"/>
    <property name="native.encoding" value="UTF-8"/>
    <property name="java.util.logging.manager" value="org.jboss.logmanager.LogManager"/>
    <property name="java.library.path" value="/usr/java/packages/lib:/usr/lib64:/lib64:/lib:/usr/lib"/>
    <property name="jdk.console" value="java.base"/>
    <property name="java.vm.info" value="mixed mode, sharing"/>
    <property name="java.vendor" value="Eclipse Adoptium"/>
    <property name="java.vm.version" value="17.0.16+8"/>
    <property name="java.specification.maintenance.version" value="1"/>
    <property name="sun.io.unicode.encoding" value="UnicodeLittle"/>
    <property name="javax.xml.transform.TransformerFactory" value="com.sun.org.apache.xalan.internal.xsltc.trax.TransformerFactoryImpl"/>
    <property name="java.class.version" value="61.0"/>
  </properties>
  <testcase name="testGlobalIdInHeaders" classname="io.apicurio.tests.serdes.apicurio.AvroSerdeIT" time="3.503">
    <system-out><![CDATA[2025-07-31 15:30:32,232 INFO  [io.api.tes.ser.api.AvroSerdeIT] (main) RestAssured configured with http://registry-app-mysql.apps.ci419.apicurio-testing.org:80/apis/registry/v3
2025-07-31 15:30:32,232 INFO  [io.api.tes.uti.KafkaFacade] (main) Starting kafka container
2025-07-31 15:30:32,297 INFO  [org.tes.ima.PullPolicy] (main) Image pull policy will be performed by: DefaultPullPolicy()
2025-07-31 15:30:32,299 INFO  [org.tes.uti.ImageNameSubstitutor] (main) Image name substitution will be performed by: DefaultImageNameSubstitutor (composite of 'ConfigurationFileImageNameSubstitutor' and 'PrefixingImageNameSubstitutor')
2025-07-31 15:30:32,308 INFO  [org.tes.DockerClientFactory] (main) Testcontainers version: 1.20.1
2025-07-31 15:30:32,832 INFO  [org.tes.doc.DockerClientProviderStrategy] (main) Found Docker environment with local Unix socket (unix:///var/run/docker.sock)
2025-07-31 15:30:32,840 INFO  [org.tes.DockerClientFactory] (main) Docker host IP address is localhost
2025-07-31 15:30:32,857 INFO  [org.tes.DockerClientFactory] (main) Connected to docker: 
  Server Version: 28.0.4
  API Version: 1.48
  Operating System: Ubuntu 22.04.5 LTS
  Total Memory: 7944 MB
2025-07-31 15:30:32,899 INFO  [tc.tes.8.1] (main) Pulling docker image: testcontainers/ryuk:0.8.1. Please be patient; this may take some time but only needs to be done once.
2025-07-31 15:30:33,428 INFO  [tc.tes.8.1] (docker-java-stream-1689030468) Starting to pull image
2025-07-31 15:30:33,448 INFO  [tc.tes.8.1] (docker-java-stream-1689030468) Pulling image layers:  0 pending,  0 downloaded,  0 extracted, (0 bytes/0 bytes)
2025-07-31 15:30:33,662 INFO  [tc.tes.8.1] (docker-java-stream-1689030468) Pulling image layers:  2 pending,  1 downloaded,  0 extracted, (320 KB/? MB)
2025-07-31 15:30:33,702 INFO  [tc.tes.8.1] (docker-java-stream-1689030468) Pulling image layers:  1 pending,  2 downloaded,  0 extracted, (320 KB/? MB)
2025-07-31 15:30:33,839 INFO  [tc.tes.8.1] (docker-java-stream-1689030468) Pulling image layers:  1 pending,  2 downloaded,  1 extracted, (5 MB/? MB)
2025-07-31 15:30:33,862 INFO  [tc.tes.8.1] (docker-java-stream-1689030468) Pulling image layers:  0 pending,  3 downloaded,  1 extracted, (6 MB/6 MB)
2025-07-31 15:30:34,854 INFO  [tc.tes.8.1] (docker-java-stream-1689030468) Pulling image layers:  0 pending,  3 downloaded,  2 extracted, (6 MB/6 MB)
2025-07-31 15:30:34,920 INFO  [tc.tes.8.1] (docker-java-stream-1689030468) Pulling image layers:  0 pending,  3 downloaded,  3 extracted, (6 MB/6 MB)
2025-07-31 15:30:34,926 INFO  [tc.tes.8.1] (docker-java-stream-1689030468) Pull complete. 3 layers, pulled in 1s (downloaded 6 MB at 6 MB/s)
2025-07-31 15:30:34,927 INFO  [tc.tes.8.1] (main) Image testcontainers/ryuk:0.8.1 pull took PT2.026908455S
2025-07-31 15:30:34,956 INFO  [tc.tes.8.1] (main) Creating container for image: testcontainers/ryuk:0.8.1
2025-07-31 15:30:35,037 INFO  [tc.tes.8.1] (main) Container testcontainers/ryuk:0.8.1 is starting: 63181bec25b80421cedff8724976d3a066441fb3e4b9d0ca1ad2d48b185765ca
2025-07-31 15:30:36,318 INFO  [tc.tes.8.1] (main) Container testcontainers/ryuk:0.8.1 started in PT1.362013853S
2025-07-31 15:30:36,323 INFO  [org.tes.uti.RyukResourceReaper] (main) Ryuk started - will monitor and terminate Testcontainers containers on JVM exit
2025-07-31 15:30:36,323 INFO  [org.tes.DockerClientFactory] (main) Checking the system...
2025-07-31 15:30:36,323 INFO  [org.tes.DockerClientFactory] (main) ✔︎ Docker server version should be at least 1.6.0
2025-07-31 15:30:36,326 INFO  [io.str.tes.con.KafkaVersionService] (main) Latest release of Kafka is:LogicalKafkaVersionEntity{version='3.7.1', image='quay.io/strimzi-test-container/test-container:0.107.0-kafka-3.7.1'}
2025-07-31 15:30:36,326 INFO  [io.str.tes.con.KafkaVersionService] (main) Latest release of Kafka is:LogicalKafkaVersionEntity{version='3.7.1', image='quay.io/strimzi-test-container/test-container:0.107.0-kafka-3.7.1'}
2025-07-31 15:30:36,326 INFO  [io.str.tes.con.KafkaVersionService] (main) No Kafka version specified. Using latest release: quay.io/strimzi-test-container/test-container:0.107.0-kafka-3.7.1
2025-07-31 15:30:36,328 INFO  [tc.qua.io/.107.0-k.7.1] (main) Pulling docker image: quay.io/strimzi-test-container/test-container:0.107.0-kafka-3.7.1. Please be patient; this may take some time but only needs to be done once.
2025-07-31 15:30:36,901 INFO  [tc.qua.io/.107.0-k.7.1] (docker-java-stream--720530420) Starting to pull image
2025-07-31 15:30:36,902 INFO  [tc.qua.io/.107.0-k.7.1] (docker-java-stream--720530420) Pulling image layers:  0 pending,  0 downloaded,  0 extracted, (0 bytes/0 bytes)
2025-07-31 15:30:37,333 INFO  [tc.qua.io/.107.0-k.7.1] (docker-java-stream--720530420) Pulling image layers:  4 pending,  1 downloaded,  0 extracted, (524 KB/? MB)
2025-07-31 15:30:37,714 INFO  [tc.qua.io/.107.0-k.7.1] (docker-java-stream--720530420) Pulling image layers:  3 pending,  2 downloaded,  0 extracted, (52 MB/? MB)
2025-07-31 15:30:37,862 INFO  [tc.qua.io/.107.0-k.7.1] (docker-java-stream--720530420) Pulling image layers:  2 pending,  3 downloaded,  0 extracted, (78 MB/? MB)
2025-07-31 15:30:38,465 INFO  [tc.qua.io/.107.0-k.7.1] (docker-java-stream--720530420) Pulling image layers:  1 pending,  4 downloaded,  0 extracted, (142 MB/? MB)
2025-07-31 15:30:38,739 INFO  [tc.qua.io/.107.0-k.7.1] (docker-java-stream--720530420) Pulling image layers:  1 pending,  4 downloaded,  1 extracted, (163 MB/? MB)
2025-07-31 15:30:40,184 INFO  [tc.qua.io/.107.0-k.7.1] (docker-java-stream--720530420) Pulling image layers:  0 pending,  5 downloaded,  1 extracted, (225 MB/231 MB)
2025-07-31 15:30:41,153 INFO  [tc.qua.io/.107.0-k.7.1] (docker-java-stream--720530420) Pulling image layers:  0 pending,  5 downloaded,  2 extracted, (229 MB/231 MB)
2025-07-31 15:30:42,461 INFO  [tc.qua.io/.107.0-k.7.1] (docker-java-stream--720530420) Pulling image layers:  0 pending,  5 downloaded,  3 extracted, (229 MB/231 MB)
2025-07-31 15:30:43,616 INFO  [tc.qua.io/.107.0-k.7.1] (docker-java-stream--720530420) Pulling image layers:  0 pending,  5 downloaded,  4 extracted, (231 MB/231 MB)
2025-07-31 15:30:43,631 INFO  [tc.qua.io/.107.0-k.7.1] (docker-java-stream--720530420) Pulling image layers:  0 pending,  5 downloaded,  5 extracted, (231 MB/231 MB)
2025-07-31 15:30:43,638 INFO  [tc.qua.io/.107.0-k.7.1] (docker-java-stream--720530420) Pull complete. 5 layers, pulled in 6s (downloaded 231 MB at 38 MB/s)
2025-07-31 15:30:43,638 INFO  [tc.qua.io/.107.0-k.7.1] (main) Image quay.io/strimzi-test-container/test-container:0.107.0-kafka-3.7.1 pull took PT7.309042541S
2025-07-31 15:30:43,645 INFO  [tc.qua.io/.107.0-k.7.1] (main) Creating container for image: quay.io/strimzi-test-container/test-container:0.107.0-kafka-3.7.1
2025-07-31 15:30:43,716 INFO  [tc.qua.io/.107.0-k.7.1] (main) Container quay.io/strimzi-test-container/test-container:0.107.0-kafka-3.7.1 is starting: e8148f884127dda535a6a92f7aa7038e4868d33f800bae6a55a0549496e4f6f5
2025-07-31 15:30:43,913 INFO  [io.str.tes.con.StrimziKafkaContainer] (main) Mapped port: 32770
2025-07-31 15:30:43,913 INFO  [io.str.tes.con.StrimziKafkaContainer] (main) This is all advertised listeners for Kafka PLAINTEXT://localhost:32770,BROKER1://172.18.0.2:9093
2025-07-31 15:30:43,914 INFO  [io.str.tes.con.StrimziKafkaContainer] (main) Using internal ZooKeeper 'zookeeper.connect=localhost:2181.'
2025-07-31 15:30:43,914 INFO  [io.str.tes.con.StrimziKafkaContainer] (main) Copying command to 'STARTER_SCRIPT' script.
2025-07-31 15:30:47,849 INFO  [tc.qua.io/.107.0-k.7.1] (main) Container quay.io/strimzi-test-container/test-container:0.107.0-kafka-3.7.1 started in PT4.203493618S
2025-07-31 15:30:47,853 INFO  [io.api.tes.uti.TestSeparator] (main) ############################################################################
2025-07-31 15:30:47,854 INFO  [io.api.tes.uti.TestSeparator] (main) io.apicurio.tests.serdes.apicurio.AvroSerdeIT.testGlobalIdInHeaders-STARTED
2025-07-31 15:30:47,872 INFO  [org.apa.kaf.cli.adm.AdminClientConfig] (main) AdminClientConfig values: 
	auto.include.jmx.reporter = true
	bootstrap.controllers = []
	bootstrap.servers = [PLAINTEXT://localhost:32770]
	client.dns.lookup = use_all_dns_ips
	client.id = 
	connections.max.idle.ms = 10000
	default.api.timeout.ms = 60000
	enable.metrics.push = true
	metadata.max.age.ms = 300000
	metadata.recovery.strategy = none
	metric.reporters = []
	metrics.num.samples = 2
	metrics.recording.level = INFO
	metrics.sample.window.ms = 30000
	receive.buffer.bytes = 65536
	reconnect.backoff.max.ms = 1000
	reconnect.backoff.ms = 50
	request.timeout.ms = 5000
	retries = 2147483647
	retry.backoff.max.ms = 1000
	retry.backoff.ms = 100
	sasl.client.callback.handler.class = null
	sasl.jaas.config = null
	sasl.kerberos.kinit.cmd = /usr/bin/kinit
	sasl.kerberos.min.time.before.relogin = 60000
	sasl.kerberos.service.name = null
	sasl.kerberos.ticket.renew.jitter = 0.05
	sasl.kerberos.ticket.renew.window.factor = 0.8
	sasl.login.callback.handler.class = null
	sasl.login.class = null
	sasl.login.connect.timeout.ms = null
	sasl.login.read.timeout.ms = null
	sasl.login.refresh.buffer.seconds = 300
	sasl.login.refresh.min.period.seconds = 60
	sasl.login.refresh.window.factor = 0.8
	sasl.login.refresh.window.jitter = 0.05
	sasl.login.retry.backoff.max.ms = 10000
	sasl.login.retry.backoff.ms = 100
	sasl.mechanism = GSSAPI
	sasl.oauthbearer.clock.skew.seconds = 30
	sasl.oauthbearer.expected.audience = null
	sasl.oauthbearer.expected.issuer = null
	sasl.oauthbearer.header.urlencode = false
	sasl.oauthbearer.jwks.endpoint.refresh.ms = 3600000
	sasl.oauthbearer.jwks.endpoint.retry.backoff.max.ms = 10000
	sasl.oauthbearer.jwks.endpoint.retry.backoff.ms = 100
	sasl.oauthbearer.jwks.endpoint.url = null
	sasl.oauthbearer.scope.claim.name = scope
	sasl.oauthbearer.sub.claim.name = sub
	sasl.oauthbearer.token.endpoint.url = null
	security.protocol = PLAINTEXT
	security.providers = null
	send.buffer.bytes = 131072
	socket.connection.setup.timeout.max.ms = 30000
	socket.connection.setup.timeout.ms = 10000
	ssl.cipher.suites = null
	ssl.enabled.protocols = [TLSv1.2, TLSv1.3]
	ssl.endpoint.identification.algorithm = https
	ssl.engine.factory.class = null
	ssl.key.password = null
	ssl.keymanager.algorithm = SunX509
	ssl.keystore.certificate.chain = null
	ssl.keystore.key = null
	ssl.keystore.location = null
	ssl.keystore.password = null
	ssl.keystore.type = JKS
	ssl.protocol = TLSv1.3
	ssl.provider = null
	ssl.secure.random.implementation = null
	ssl.trustmanager.algorithm = PKIX
	ssl.truststore.certificates = null
	ssl.truststore.location = null
	ssl.truststore.password = null
	ssl.truststore.type = JKS

2025-07-31 15:30:48,268 INFO  [org.apa.kaf.com.uti.AppInfoParser] (main) Kafka version: 3.9.0
2025-07-31 15:30:48,268 INFO  [org.apa.kaf.com.uti.AppInfoParser] (main) Kafka commitId: 84caaa6e9da06435
2025-07-31 15:30:48,268 INFO  [org.apa.kaf.com.uti.AppInfoParser] (main) Kafka startTimeMs: 1753975848267
2025-07-31 15:30:48,343 INFO  [org.apa.kaf.cli.pro.ProducerConfig] (main) ProducerConfig values: 
	acks = -1
	auto.include.jmx.reporter = true
	batch.size = 16384
	bootstrap.servers = [PLAINTEXT://localhost:32770]
	buffer.memory = 33554432
	client.dns.lookup = use_all_dns_ips
	client.id = Producer-topic-833c5fcb_a29b_4859_86e4_577aafcdc147
	compression.gzip.level = -1
	compression.lz4.level = 9
	compression.type = none
	compression.zstd.level = 3
	connections.max.idle.ms = 10000
	delivery.timeout.ms = 120000
	enable.idempotence = true
	enable.metrics.push = true
	interceptor.classes = []
	key.serializer = class org.apache.kafka.common.serialization.StringSerializer
	linger.ms = 0
	max.block.ms = 60000
	max.in.flight.requests.per.connection = 5
	max.request.size = 1048576
	metadata.max.age.ms = 300000
	metadata.max.idle.ms = 300000
	metadata.recovery.strategy = none
	metric.reporters = []
	metrics.num.samples = 2
	metrics.recording.level = INFO
	metrics.sample.window.ms = 30000
	partitioner.adaptive.partitioning.enable = true
	partitioner.availability.timeout.ms = 0
	partitioner.class = null
	partitioner.ignore.keys = false
	receive.buffer.bytes = 32768
	reconnect.backoff.max.ms = 1000
	reconnect.backoff.ms = 50
	request.timeout.ms = 5000
	retries = 2147483647
	retry.backoff.max.ms = 1000
	retry.backoff.ms = 100
	sasl.client.callback.handler.class = null
	sasl.jaas.config = null
	sasl.kerberos.kinit.cmd = /usr/bin/kinit
	sasl.kerberos.min.time.before.relogin = 60000
	sasl.kerberos.service.name = null
	sasl.kerberos.ticket.renew.jitter = 0.05
	sasl.kerberos.ticket.renew.window.factor = 0.8
	sasl.login.callback.handler.class = null
	sasl.login.class = null
	sasl.login.connect.timeout.ms = null
	sasl.login.read.timeout.ms = null
	sasl.login.refresh.buffer.seconds = 300
	sasl.login.refresh.min.period.seconds = 60
	sasl.login.refresh.window.factor = 0.8
	sasl.login.refresh.window.jitter = 0.05
	sasl.login.retry.backoff.max.ms = 10000
	sasl.login.retry.backoff.ms = 100
	sasl.mechanism = GSSAPI
	sasl.oauthbearer.clock.skew.seconds = 30
	sasl.oauthbearer.expected.audience = null
	sasl.oauthbearer.expected.issuer = null
	sasl.oauthbearer.header.urlencode = false
	sasl.oauthbearer.jwks.endpoint.refresh.ms = 3600000
	sasl.oauthbearer.jwks.endpoint.retry.backoff.max.ms = 10000
	sasl.oauthbearer.jwks.endpoint.retry.backoff.ms = 100
	sasl.oauthbearer.jwks.endpoint.url = null
	sasl.oauthbearer.scope.claim.name = scope
	sasl.oauthbearer.sub.claim.name = sub
	sasl.oauthbearer.token.endpoint.url = null
	security.protocol = PLAINTEXT
	security.providers = null
	send.buffer.bytes = 131072
	socket.connection.setup.timeout.max.ms = 30000
	socket.connection.setup.timeout.ms = 10000
	ssl.cipher.suites = null
	ssl.enabled.protocols = [TLSv1.2, TLSv1.3]
	ssl.endpoint.identification.algorithm = https
	ssl.engine.factory.class = null
	ssl.key.password = null
	ssl.keymanager.algorithm = SunX509
	ssl.keystore.certificate.chain = null
	ssl.keystore.key = null
	ssl.keystore.location = null
	ssl.keystore.password = null
	ssl.keystore.type = JKS
	ssl.protocol = TLSv1.3
	ssl.provider = null
	ssl.secure.random.implementation = null
	ssl.trustmanager.algorithm = PKIX
	ssl.truststore.certificates = null
	ssl.truststore.location = null
	ssl.truststore.password = null
	ssl.truststore.type = JKS
	transaction.timeout.ms = 60000
	transactional.id = null
	value.serializer = class io.apicurio.registry.serde.avro.AvroKafkaSerializer

2025-07-31 15:30:48,406 INFO  [org.apa.kaf.com.tel.int.KafkaMetricsCollector] (main) initializing Kafka metrics collector
2025-07-31 15:30:48,442 INFO  [org.apa.kaf.cli.pro.KafkaProducer] (main) [Producer clientId=Producer-topic-833c5fcb_a29b_4859_86e4_577aafcdc147] Instantiated an idempotent producer.
2025-07-31 15:30:48,484 INFO  [org.apa.kaf.cli.pro.ProducerConfig] (main) These configurations '[apicurio.registry.url, apicurio.registry.auto-register, apicurio.registry.use-id, apicurio.registry.artifact-resolver-strategy]' were supplied but are not used yet.
2025-07-31 15:30:48,484 INFO  [org.apa.kaf.com.uti.AppInfoParser] (main) Kafka version: 3.9.0
2025-07-31 15:30:48,484 INFO  [org.apa.kaf.com.uti.AppInfoParser] (main) Kafka commitId: 84caaa6e9da06435
2025-07-31 15:30:48,484 INFO  [org.apa.kaf.com.uti.AppInfoParser] (main) Kafka startTimeMs: 1753975848484
2025-07-31 15:30:48,485 INFO  [io.api.tes.ser.api.SimpleSerdesTesterBuilder$SimpleSerdesTester] (main) Using producer configuration: {apicurio.registry.url=http://registry-app-mysql.apps.ci419.apicurio-testing.org:80/apis/registry/v3, apicurio.registry.auto-register=true, apicurio.registry.use-id=globalId, apicurio.registry.artifact-resolver-strategy=io.apicurio.registry.serde.strategy.TopicIdStrategy, value.serializer=io.apicurio.registry.serde.avro.AvroKafkaSerializer, request.timeout.ms=5000, acks=all, bootstrap.servers=PLAINTEXT://localhost:32770, connections.max.idle.ms=10000, key.serializer=org.apache.kafka.common.serialization.StringSerializer, client.id=Producer-topic-833c5fcb_a29b_4859_86e4_577aafcdc147}
2025-07-31 15:30:48,485 INFO  [io.api.tes.ser.api.SimpleSerdesTesterBuilder$SimpleSerdesTester] (main) Using consumer configuration: {apicurio.registry.use-id=globalId}
2025-07-31 15:30:48,494 INFO  [io.api.tes.ser.api.KafkaSerdesTester] (Thread-120) Sending message {"key11753975848318": "value-0"} to topic topic-833c5fcb_a29b_4859_86e4_577aafcdc147
2025-07-31 15:30:48,927 WARN  [org.apa.kaf.cli.NetworkClient] (kafka-producer-network-thread | Producer-topic-833c5fcb_a29b_4859_86e4_577aafcdc147) [Producer clientId=Producer-topic-833c5fcb_a29b_4859_86e4_577aafcdc147] The metadata response from the cluster reported a recoverable issue with correlation id 2 : {topic-833c5fcb_a29b_4859_86e4_577aafcdc147=LEADER_NOT_AVAILABLE}
2025-07-31 15:30:48,931 INFO  [org.apa.kaf.cli.Metadata] (kafka-producer-network-thread | Producer-topic-833c5fcb_a29b_4859_86e4_577aafcdc147) [Producer clientId=Producer-topic-833c5fcb_a29b_4859_86e4_577aafcdc147] Cluster ID: u8-Iy8eKRM2xsCw1W024xw
2025-07-31 15:30:49,081 INFO  [org.apa.kaf.cli.pro.int.TransactionManager] (kafka-producer-network-thread | Producer-topic-833c5fcb_a29b_4859_86e4_577aafcdc147) [Producer clientId=Producer-topic-833c5fcb_a29b_4859_86e4_577aafcdc147] ProducerId set to 0 with epoch 0
2025-07-31 15:30:49,105 WARN  [org.apa.kaf.cli.NetworkClient] (kafka-producer-network-thread | Producer-topic-833c5fcb_a29b_4859_86e4_577aafcdc147) [Producer clientId=Producer-topic-833c5fcb_a29b_4859_86e4_577aafcdc147] The metadata response from the cluster reported a recoverable issue with correlation id 8 : {topic-833c5fcb_a29b_4859_86e4_577aafcdc147=LEADER_NOT_AVAILABLE}
2025-07-31 15:30:49,540 INFO  [io.api.tes.ser.api.KafkaSerdesTester] (Thread-120) Sending message {"key11753975848318": "value-1"} to topic topic-833c5fcb_a29b_4859_86e4_577aafcdc147
2025-07-31 15:30:49,546 INFO  [io.api.tes.ser.api.KafkaSerdesTester] (Thread-120) Sending message {"key11753975848318": "value-2"} to topic topic-833c5fcb_a29b_4859_86e4_577aafcdc147
2025-07-31 15:30:49,556 INFO  [io.api.tes.ser.api.KafkaSerdesTester] (Thread-120) Sending message {"key11753975848318": "value-3"} to topic topic-833c5fcb_a29b_4859_86e4_577aafcdc147
2025-07-31 15:30:49,566 INFO  [io.api.tes.ser.api.KafkaSerdesTester] (Thread-120) Sending message {"key11753975848318": "value-4"} to topic topic-833c5fcb_a29b_4859_86e4_577aafcdc147
2025-07-31 15:30:49,575 INFO  [io.api.tes.ser.api.KafkaSerdesTester] (Thread-120) Sending message {"key11753975848318": "value-5"} to topic topic-833c5fcb_a29b_4859_86e4_577aafcdc147
2025-07-31 15:30:49,582 INFO  [io.api.tes.ser.api.KafkaSerdesTester] (Thread-120) Sending message {"key11753975848318": "value-6"} to topic topic-833c5fcb_a29b_4859_86e4_577aafcdc147
2025-07-31 15:30:49,587 INFO  [io.api.tes.ser.api.KafkaSerdesTester] (Thread-120) Sending message {"key11753975848318": "value-7"} to topic topic-833c5fcb_a29b_4859_86e4_577aafcdc147
2025-07-31 15:30:49,590 INFO  [io.api.tes.ser.api.KafkaSerdesTester] (Thread-120) Sending message {"key11753975848318": "value-8"} to topic topic-833c5fcb_a29b_4859_86e4_577aafcdc147
2025-07-31 15:30:49,593 INFO  [io.api.tes.ser.api.KafkaSerdesTester] (Thread-120) Sending message {"key11753975848318": "value-9"} to topic topic-833c5fcb_a29b_4859_86e4_577aafcdc147
2025-07-31 15:30:49,596 INFO  [io.api.tes.ser.api.KafkaSerdesTester] (Thread-120) Produced 10 messages
2025-07-31 15:30:49,597 INFO  [org.apa.kaf.cli.pro.KafkaProducer] (Thread-120) [Producer clientId=Producer-topic-833c5fcb_a29b_4859_86e4_577aafcdc147] Closing the Kafka producer with timeoutMillis = 9223372036854775807 ms.
2025-07-31 15:30:49,618 INFO  [org.apa.kaf.com.met.Metrics] (Thread-120) Metrics scheduler closed
2025-07-31 15:30:49,618 INFO  [org.apa.kaf.com.met.Metrics] (Thread-120) Closing reporter org.apache.kafka.common.metrics.JmxReporter
2025-07-31 15:30:49,618 INFO  [org.apa.kaf.com.met.Metrics] (Thread-120) Closing reporter org.apache.kafka.common.telemetry.internals.ClientTelemetryReporter
2025-07-31 15:30:49,619 INFO  [org.apa.kaf.com.met.Metrics] (Thread-120) Metrics reporters closed
2025-07-31 15:30:49,621 INFO  [org.apa.kaf.com.uti.AppInfoParser] (Thread-120) App info kafka.producer for Producer-topic-833c5fcb_a29b_4859_86e4_577aafcdc147 unregistered
2025-07-31 15:30:49,731 INFO  [org.apa.kaf.cli.con.ConsumerConfig] (main) ConsumerConfig values: 
	allow.auto.create.topics = true
	auto.commit.interval.ms = 500
	auto.include.jmx.reporter = true
	auto.offset.reset = earliest
	bootstrap.servers = [PLAINTEXT://localhost:32770]
	check.crcs = true
	client.dns.lookup = use_all_dns_ips
	client.id = consumer-Consumer-topic-833c5fcb_a29b_4859_86e4_577aafcdc147-1
	client.rack = 
	connections.max.idle.ms = 10000
	default.api.timeout.ms = 60000
	enable.auto.commit = true
	enable.metrics.push = true
	exclude.internal.topics = true
	fetch.max.bytes = 52428800
	fetch.max.wait.ms = 500
	fetch.min.bytes = 1
	group.id = Consumer-topic-833c5fcb_a29b_4859_86e4_577aafcdc147
	group.instance.id = null
	group.protocol = classic
	group.remote.assignor = null
	heartbeat.interval.ms = 3000
	interceptor.classes = []
	internal.leave.group.on.close = true
	internal.throw.on.fetch.stable.offset.unsupported = false
	isolation.level = read_uncommitted
	key.deserializer = class org.apache.kafka.common.serialization.StringDeserializer
	max.partition.fetch.bytes = 1048576
	max.poll.interval.ms = 300000
	max.poll.records = 500
	metadata.max.age.ms = 300000
	metadata.recovery.strategy = none
	metric.reporters = []
	metrics.num.samples = 2
	metrics.recording.level = INFO
	metrics.sample.window.ms = 30000
	partition.assignment.strategy = [class org.apache.kafka.clients.consumer.RangeAssignor, class org.apache.kafka.clients.consumer.CooperativeStickyAssignor]
	receive.buffer.bytes = 65536
	reconnect.backoff.max.ms = 1000
	reconnect.backoff.ms = 50
	request.timeout.ms = 5000
	retry.backoff.max.ms = 1000
	retry.backoff.ms = 100
	sasl.client.callback.handler.class = null
	sasl.jaas.config = null
	sasl.kerberos.kinit.cmd = /usr/bin/kinit
	sasl.kerberos.min.time.before.relogin = 60000
	sasl.kerberos.service.name = null
	sasl.kerberos.ticket.renew.jitter = 0.05
	sasl.kerberos.ticket.renew.window.factor = 0.8
	sasl.login.callback.handler.class = null
	sasl.login.class = null
	sasl.login.connect.timeout.ms = null
	sasl.login.read.timeout.ms = null
	sasl.login.refresh.buffer.seconds = 300
	sasl.login.refresh.min.period.seconds = 60
	sasl.login.refresh.window.factor = 0.8
	sasl.login.refresh.window.jitter = 0.05
	sasl.login.retry.backoff.max.ms = 10000
	sasl.login.retry.backoff.ms = 100
	sasl.mechanism = GSSAPI
	sasl.oauthbearer.clock.skew.seconds = 30
	sasl.oauthbearer.expected.audience = null
	sasl.oauthbearer.expected.issuer = null
	sasl.oauthbearer.header.urlencode = false
	sasl.oauthbearer.jwks.endpoint.refresh.ms = 3600000
	sasl.oauthbearer.jwks.endpoint.retry.backoff.max.ms = 10000
	sasl.oauthbearer.jwks.endpoint.retry.backoff.ms = 100
	sasl.oauthbearer.jwks.endpoint.url = null
	sasl.oauthbearer.scope.claim.name = scope
	sasl.oauthbearer.sub.claim.name = sub
	sasl.oauthbearer.token.endpoint.url = null
	security.protocol = PLAINTEXT
	security.providers = null
	send.buffer.bytes = 131072
	session.timeout.ms = 45000
	socket.connection.setup.timeout.max.ms = 30000
	socket.connection.setup.timeout.ms = 10000
	ssl.cipher.suites = null
	ssl.enabled.protocols = [TLSv1.2, TLSv1.3]
	ssl.endpoint.identification.algorithm = https
	ssl.engine.factory.class = null
	ssl.key.password = null
	ssl.keymanager.algorithm = SunX509
	ssl.keystore.certificate.chain = null
	ssl.keystore.key = null
	ssl.keystore.location = null
	ssl.keystore.password = null
	ssl.keystore.type = JKS
	ssl.protocol = TLSv1.3
	ssl.provider = null
	ssl.secure.random.implementation = null
	ssl.trustmanager.algorithm = PKIX
	ssl.truststore.certificates = null
	ssl.truststore.location = null
	ssl.truststore.password = null
	ssl.truststore.type = JKS
	value.deserializer = class io.apicurio.registry.serde.avro.AvroKafkaDeserializer

2025-07-31 15:30:49,738 INFO  [org.apa.kaf.com.tel.int.KafkaMetricsCollector] (main) initializing Kafka metrics collector
2025-07-31 15:30:49,779 INFO  [org.apa.kaf.cli.con.ConsumerConfig] (main) These configurations '[apicurio.registry.url, apicurio.registry.use-id]' were supplied but are not used yet.
2025-07-31 15:30:49,779 INFO  [org.apa.kaf.com.uti.AppInfoParser] (main) Kafka version: 3.9.0
2025-07-31 15:30:49,779 INFO  [org.apa.kaf.com.uti.AppInfoParser] (main) Kafka commitId: 84caaa6e9da06435
2025-07-31 15:30:49,780 INFO  [org.apa.kaf.com.uti.AppInfoParser] (main) Kafka startTimeMs: 1753975849779
2025-07-31 15:30:49,781 INFO  [org.apa.kaf.cli.con.int.ClassicKafkaConsumer] (Thread-123) [Consumer clientId=consumer-Consumer-topic-833c5fcb_a29b_4859_86e4_577aafcdc147-1, groupId=Consumer-topic-833c5fcb_a29b_4859_86e4_577aafcdc147] Subscribed to topic(s): topic-833c5fcb_a29b_4859_86e4_577aafcdc147
2025-07-31 15:30:49,797 INFO  [org.apa.kaf.cli.Metadata] (Thread-123) [Consumer clientId=consumer-Consumer-topic-833c5fcb_a29b_4859_86e4_577aafcdc147-1, groupId=Consumer-topic-833c5fcb_a29b_4859_86e4_577aafcdc147] Cluster ID: u8-Iy8eKRM2xsCw1W024xw
2025-07-31 15:30:50,499 INFO  [org.apa.kaf.cli.con.int.ConsumerCoordinator] (Thread-123) [Consumer clientId=consumer-Consumer-topic-833c5fcb_a29b_4859_86e4_577aafcdc147-1, groupId=Consumer-topic-833c5fcb_a29b_4859_86e4_577aafcdc147] Discovered group coordinator localhost:32770 (id: 2147483647 rack: null)
2025-07-31 15:30:50,506 INFO  [org.apa.kaf.cli.con.int.ConsumerCoordinator] (Thread-123) [Consumer clientId=consumer-Consumer-topic-833c5fcb_a29b_4859_86e4_577aafcdc147-1, groupId=Consumer-topic-833c5fcb_a29b_4859_86e4_577aafcdc147] (Re-)joining group
2025-07-31 15:30:50,536 INFO  [org.apa.kaf.cli.con.int.ConsumerCoordinator] (Thread-123) [Consumer clientId=consumer-Consumer-topic-833c5fcb_a29b_4859_86e4_577aafcdc147-1, groupId=Consumer-topic-833c5fcb_a29b_4859_86e4_577aafcdc147] Request joining group due to: need to re-join with the given member-id: consumer-Consumer-topic-833c5fcb_a29b_4859_86e4_577aafcdc147-1-e45a7786-5cba-4059-ab76-34db14bee11e
2025-07-31 15:30:50,536 INFO  [org.apa.kaf.cli.con.int.ConsumerCoordinator] (Thread-123) [Consumer clientId=consumer-Consumer-topic-833c5fcb_a29b_4859_86e4_577aafcdc147-1, groupId=Consumer-topic-833c5fcb_a29b_4859_86e4_577aafcdc147] (Re-)joining group
2025-07-31 15:30:50,557 INFO  [org.apa.kaf.cli.con.int.ConsumerCoordinator] (Thread-123) [Consumer clientId=consumer-Consumer-topic-833c5fcb_a29b_4859_86e4_577aafcdc147-1, groupId=Consumer-topic-833c5fcb_a29b_4859_86e4_577aafcdc147] Successfully joined group with generation Generation{generationId=1, memberId='consumer-Consumer-topic-833c5fcb_a29b_4859_86e4_577aafcdc147-1-e45a7786-5cba-4059-ab76-34db14bee11e', protocol='range'}
2025-07-31 15:30:50,563 INFO  [org.apa.kaf.cli.con.int.ConsumerCoordinator] (Thread-123) [Consumer clientId=consumer-Consumer-topic-833c5fcb_a29b_4859_86e4_577aafcdc147-1, groupId=Consumer-topic-833c5fcb_a29b_4859_86e4_577aafcdc147] Finished assignment for group at generation 1: {consumer-Consumer-topic-833c5fcb_a29b_4859_86e4_577aafcdc147-1-e45a7786-5cba-4059-ab76-34db14bee11e=Assignment(partitions=[topic-833c5fcb_a29b_4859_86e4_577aafcdc147-0])}
2025-07-31 15:30:50,589 INFO  [org.apa.kaf.cli.con.int.ConsumerCoordinator] (Thread-123) [Consumer clientId=consumer-Consumer-topic-833c5fcb_a29b_4859_86e4_577aafcdc147-1, groupId=Consumer-topic-833c5fcb_a29b_4859_86e4_577aafcdc147] Successfully synced group in generation Generation{generationId=1, memberId='consumer-Consumer-topic-833c5fcb_a29b_4859_86e4_577aafcdc147-1-e45a7786-5cba-4059-ab76-34db14bee11e', protocol='range'}
2025-07-31 15:30:50,589 INFO  [org.apa.kaf.cli.con.int.ConsumerCoordinator] (Thread-123) [Consumer clientId=consumer-Consumer-topic-833c5fcb_a29b_4859_86e4_577aafcdc147-1, groupId=Consumer-topic-833c5fcb_a29b_4859_86e4_577aafcdc147] Notifying assignor about the new Assignment(partitions=[topic-833c5fcb_a29b_4859_86e4_577aafcdc147-0])
2025-07-31 15:30:50,593 INFO  [org.apa.kaf.cli.con.int.ConsumerRebalanceListenerInvoker] (Thread-123) [Consumer clientId=consumer-Consumer-topic-833c5fcb_a29b_4859_86e4_577aafcdc147-1, groupId=Consumer-topic-833c5fcb_a29b_4859_86e4_577aafcdc147] Adding newly assigned partitions: topic-833c5fcb_a29b_4859_86e4_577aafcdc147-0
2025-07-31 15:30:50,633 INFO  [org.apa.kaf.cli.con.int.ConsumerCoordinator] (Thread-123) [Consumer clientId=consumer-Consumer-topic-833c5fcb_a29b_4859_86e4_577aafcdc147-1, groupId=Consumer-topic-833c5fcb_a29b_4859_86e4_577aafcdc147] Found no committed offset for partition topic-833c5fcb_a29b_4859_86e4_577aafcdc147-0
2025-07-31 15:30:50,655 INFO  [org.apa.kaf.cli.con.int.SubscriptionState] (Thread-123) [Consumer clientId=consumer-Consumer-topic-833c5fcb_a29b_4859_86e4_577aafcdc147-1, groupId=Consumer-topic-833c5fcb_a29b_4859_86e4_577aafcdc147] Resetting offset for partition topic-833c5fcb_a29b_4859_86e4_577aafcdc147-0 to position FetchPosition{offset=0, offsetEpoch=Optional.empty, currentLeader=LeaderAndEpoch{leader=Optional[localhost:32770 (id: 0 rack: null)], epoch=0}}.
2025-07-31 15:30:50,812 INFO  [io.api.tes.ser.api.KafkaSerdesTester] (Thread-123) topic-833c5fcb_a29b_4859_86e4_577aafcdc147 0 0 {"key11753975848318": "value-0"}
2025-07-31 15:30:50,813 INFO  [io.api.tes.ser.api.KafkaSerdesTester] (Thread-123) topic-833c5fcb_a29b_4859_86e4_577aafcdc147 0 1 {"key11753975848318": "value-1"}
2025-07-31 15:30:50,813 INFO  [io.api.tes.ser.api.KafkaSerdesTester] (Thread-123) topic-833c5fcb_a29b_4859_86e4_577aafcdc147 0 2 {"key11753975848318": "value-2"}
2025-07-31 15:30:50,813 INFO  [io.api.tes.ser.api.KafkaSerdesTester] (Thread-123) topic-833c5fcb_a29b_4859_86e4_577aafcdc147 0 3 {"key11753975848318": "value-3"}
2025-07-31 15:30:50,813 INFO  [io.api.tes.ser.api.KafkaSerdesTester] (Thread-123) topic-833c5fcb_a29b_4859_86e4_577aafcdc147 0 4 {"key11753975848318": "value-4"}
2025-07-31 15:30:50,813 INFO  [io.api.tes.ser.api.KafkaSerdesTester] (Thread-123) topic-833c5fcb_a29b_4859_86e4_577aafcdc147 0 5 {"key11753975848318": "value-5"}
2025-07-31 15:30:50,814 INFO  [io.api.tes.ser.api.KafkaSerdesTester] (Thread-123) topic-833c5fcb_a29b_4859_86e4_577aafcdc147 0 6 {"key11753975848318": "value-6"}
2025-07-31 15:30:50,814 INFO  [io.api.tes.ser.api.KafkaSerdesTester] (Thread-123) topic-833c5fcb_a29b_4859_86e4_577aafcdc147 0 7 {"key11753975848318": "value-7"}
2025-07-31 15:30:50,814 INFO  [io.api.tes.ser.api.KafkaSerdesTester] (Thread-123) topic-833c5fcb_a29b_4859_86e4_577aafcdc147 0 8 {"key11753975848318": "value-8"}
2025-07-31 15:30:50,814 INFO  [io.api.tes.ser.api.KafkaSerdesTester] (Thread-123) topic-833c5fcb_a29b_4859_86e4_577aafcdc147 0 9 {"key11753975848318": "value-9"}
2025-07-31 15:30:50,814 INFO  [io.api.tes.ser.api.KafkaSerdesTester] (Thread-123) Consumed 10 messages
2025-07-31 15:30:50,842 INFO  [org.apa.kaf.cli.con.int.ConsumerRebalanceListenerInvoker] (Thread-123) [Consumer clientId=consumer-Consumer-topic-833c5fcb_a29b_4859_86e4_577aafcdc147-1, groupId=Consumer-topic-833c5fcb_a29b_4859_86e4_577aafcdc147] Revoke previously assigned partitions topic-833c5fcb_a29b_4859_86e4_577aafcdc147-0
2025-07-31 15:30:50,843 INFO  [org.apa.kaf.cli.con.int.ConsumerCoordinator] (Thread-123) [Consumer clientId=consumer-Consumer-topic-833c5fcb_a29b_4859_86e4_577aafcdc147-1, groupId=Consumer-topic-833c5fcb_a29b_4859_86e4_577aafcdc147] Member consumer-Consumer-topic-833c5fcb_a29b_4859_86e4_577aafcdc147-1-e45a7786-5cba-4059-ab76-34db14bee11e sending LeaveGroup request to coordinator localhost:32770 (id: 2147483647 rack: null) due to the consumer is being closed
2025-07-31 15:30:50,844 INFO  [org.apa.kaf.cli.con.int.ConsumerCoordinator] (Thread-123) [Consumer clientId=consumer-Consumer-topic-833c5fcb_a29b_4859_86e4_577aafcdc147-1, groupId=Consumer-topic-833c5fcb_a29b_4859_86e4_577aafcdc147] Resetting generation and member id due to: consumer pro-actively leaving the group
2025-07-31 15:30:50,844 INFO  [org.apa.kaf.cli.con.int.ConsumerCoordinator] (Thread-123) [Consumer clientId=consumer-Consumer-topic-833c5fcb_a29b_4859_86e4_577aafcdc147-1, groupId=Consumer-topic-833c5fcb_a29b_4859_86e4_577aafcdc147] Request joining group due to: consumer pro-actively leaving the group
2025-07-31 15:30:51,331 INFO  [org.apa.kaf.com.met.Metrics] (Thread-123) Metrics scheduler closed
2025-07-31 15:30:51,331 INFO  [org.apa.kaf.com.met.Metrics] (Thread-123) Closing reporter org.apache.kafka.common.metrics.JmxReporter
2025-07-31 15:30:51,332 INFO  [org.apa.kaf.com.met.Metrics] (Thread-123) Closing reporter org.apache.kafka.common.telemetry.internals.ClientTelemetryReporter
2025-07-31 15:30:51,332 INFO  [org.apa.kaf.com.met.Metrics] (Thread-123) Metrics reporters closed
2025-07-31 15:30:51,348 INFO  [org.apa.kaf.com.uti.AppInfoParser] (Thread-123) App info kafka.consumer for consumer-Consumer-topic-833c5fcb_a29b_4859_86e4_577aafcdc147-1 unregistered
2025-07-31 15:30:51,350 INFO  [io.api.tes.uti.TestSeparator] (main) io.apicurio.tests.serdes.apicurio.AvroSerdeIT.testGlobalIdInHeaders-FINISHED
2025-07-31 15:30:51,352 INFO  [io.api.tes.uti.TestSeparator] (main) ############################################################################
]]></system-out>
  </testcase>
  <testcase name="testSimpleTopicIdStrategyFindLatest" classname="io.apicurio.tests.serdes.apicurio.AvroSerdeIT" time="1.959">
    <system-out><![CDATA[2025-07-31 15:30:51,354 INFO  [io.api.tes.uti.TestSeparator] (main) ############################################################################
2025-07-31 15:30:51,354 INFO  [io.api.tes.uti.TestSeparator] (main) io.apicurio.tests.serdes.apicurio.AvroSerdeIT.testSimpleTopicIdStrategyFindLatest-STARTED
2025-07-31 15:30:51,362 INFO  [io.api.tes.ser.api.AvroSerdeIT] (main) Registering Avro Schema: {"type":"record","name":"myrecordapicurio1","fields":[{"name":"key11753975851361","type":"string"}]}
2025-07-31 15:30:52,458 INFO  [org.apa.kaf.cli.pro.ProducerConfig] (main) ProducerConfig values: 
	acks = -1
	auto.include.jmx.reporter = true
	batch.size = 16384
	bootstrap.servers = [PLAINTEXT://localhost:32770]
	buffer.memory = 33554432
	client.dns.lookup = use_all_dns_ips
	client.id = Producer-topic-6ebea27a_73cb_43a4_8be7_a885761d1b01
	compression.gzip.level = -1
	compression.lz4.level = 9
	compression.type = none
	compression.zstd.level = 3
	connections.max.idle.ms = 10000
	delivery.timeout.ms = 120000
	enable.idempotence = true
	enable.metrics.push = true
	interceptor.classes = []
	key.serializer = class org.apache.kafka.common.serialization.StringSerializer
	linger.ms = 0
	max.block.ms = 60000
	max.in.flight.requests.per.connection = 5
	max.request.size = 1048576
	metadata.max.age.ms = 300000
	metadata.max.idle.ms = 300000
	metadata.recovery.strategy = none
	metric.reporters = []
	metrics.num.samples = 2
	metrics.recording.level = INFO
	metrics.sample.window.ms = 30000
	partitioner.adaptive.partitioning.enable = true
	partitioner.availability.timeout.ms = 0
	partitioner.class = null
	partitioner.ignore.keys = false
	receive.buffer.bytes = 32768
	reconnect.backoff.max.ms = 1000
	reconnect.backoff.ms = 50
	request.timeout.ms = 5000
	retries = 2147483647
	retry.backoff.max.ms = 1000
	retry.backoff.ms = 100
	sasl.client.callback.handler.class = null
	sasl.jaas.config = null
	sasl.kerberos.kinit.cmd = /usr/bin/kinit
	sasl.kerberos.min.time.before.relogin = 60000
	sasl.kerberos.service.name = null
	sasl.kerberos.ticket.renew.jitter = 0.05
	sasl.kerberos.ticket.renew.window.factor = 0.8
	sasl.login.callback.handler.class = null
	sasl.login.class = null
	sasl.login.connect.timeout.ms = null
	sasl.login.read.timeout.ms = null
	sasl.login.refresh.buffer.seconds = 300
	sasl.login.refresh.min.period.seconds = 60
	sasl.login.refresh.window.factor = 0.8
	sasl.login.refresh.window.jitter = 0.05
	sasl.login.retry.backoff.max.ms = 10000
	sasl.login.retry.backoff.ms = 100
	sasl.mechanism = GSSAPI
	sasl.oauthbearer.clock.skew.seconds = 30
	sasl.oauthbearer.expected.audience = null
	sasl.oauthbearer.expected.issuer = null
	sasl.oauthbearer.header.urlencode = false
	sasl.oauthbearer.jwks.endpoint.refresh.ms = 3600000
	sasl.oauthbearer.jwks.endpoint.retry.backoff.max.ms = 10000
	sasl.oauthbearer.jwks.endpoint.retry.backoff.ms = 100
	sasl.oauthbearer.jwks.endpoint.url = null
	sasl.oauthbearer.scope.claim.name = scope
	sasl.oauthbearer.sub.claim.name = sub
	sasl.oauthbearer.token.endpoint.url = null
	security.protocol = PLAINTEXT
	security.providers = null
	send.buffer.bytes = 131072
	socket.connection.setup.timeout.max.ms = 30000
	socket.connection.setup.timeout.ms = 10000
	ssl.cipher.suites = null
	ssl.enabled.protocols = [TLSv1.2, TLSv1.3]
	ssl.endpoint.identification.algorithm = https
	ssl.engine.factory.class = null
	ssl.key.password = null
	ssl.keymanager.algorithm = SunX509
	ssl.keystore.certificate.chain = null
	ssl.keystore.key = null
	ssl.keystore.location = null
	ssl.keystore.password = null
	ssl.keystore.type = JKS
	ssl.protocol = TLSv1.3
	ssl.provider = null
	ssl.secure.random.implementation = null
	ssl.trustmanager.algorithm = PKIX
	ssl.truststore.certificates = null
	ssl.truststore.location = null
	ssl.truststore.password = null
	ssl.truststore.type = JKS
	transaction.timeout.ms = 60000
	transactional.id = null
	value.serializer = class io.apicurio.registry.serde.avro.AvroKafkaSerializer

2025-07-31 15:30:52,458 INFO  [org.apa.kaf.com.tel.int.KafkaMetricsCollector] (main) initializing Kafka metrics collector
2025-07-31 15:30:52,461 INFO  [org.apa.kaf.cli.pro.KafkaProducer] (main) [Producer clientId=Producer-topic-6ebea27a_73cb_43a4_8be7_a885761d1b01] Instantiated an idempotent producer.
2025-07-31 15:30:52,472 INFO  [org.apa.kaf.cli.pro.ProducerConfig] (main) These configurations '[apicurio.registry.find-latest, apicurio.registry.artifact.group-id, apicurio.registry.url, apicurio.registry.artifact-resolver-strategy]' were supplied but are not used yet.
2025-07-31 15:30:52,472 INFO  [org.apa.kaf.com.uti.AppInfoParser] (main) Kafka version: 3.9.0
2025-07-31 15:30:52,472 INFO  [org.apa.kaf.com.uti.AppInfoParser] (main) Kafka commitId: 84caaa6e9da06435
2025-07-31 15:30:52,472 INFO  [org.apa.kaf.com.uti.AppInfoParser] (main) Kafka startTimeMs: 1753975852472
2025-07-31 15:30:52,472 INFO  [io.api.tes.ser.api.SimpleSerdesTesterBuilder$SimpleSerdesTester] (main) Using producer configuration: {apicurio.registry.find-latest=true, apicurio.registry.artifact.group-id=topic-6ebea27a_73cb_43a4_8be7_a885761d1b01, apicurio.registry.url=http://registry-app-mysql.apps.ci419.apicurio-testing.org:80/apis/registry/v3, apicurio.registry.artifact-resolver-strategy=io.apicurio.registry.serde.strategy.SimpleTopicIdStrategy, value.serializer=io.apicurio.registry.serde.avro.AvroKafkaSerializer, request.timeout.ms=5000, acks=all, bootstrap.servers=PLAINTEXT://localhost:32770, connections.max.idle.ms=10000, key.serializer=org.apache.kafka.common.serialization.StringSerializer, client.id=Producer-topic-6ebea27a_73cb_43a4_8be7_a885761d1b01}
2025-07-31 15:30:52,472 INFO  [io.api.tes.ser.api.SimpleSerdesTesterBuilder$SimpleSerdesTester] (main) Using consumer configuration: {}
2025-07-31 15:30:52,474 INFO  [io.api.tes.ser.api.KafkaSerdesTester] (Thread-126) Sending message {"key11753975851361": "value-0"} to topic topic-6ebea27a_73cb_43a4_8be7_a885761d1b01
2025-07-31 15:30:52,479 INFO  [org.apa.kaf.cli.Metadata] (kafka-producer-network-thread | Producer-topic-6ebea27a_73cb_43a4_8be7_a885761d1b01) [Producer clientId=Producer-topic-6ebea27a_73cb_43a4_8be7_a885761d1b01] Cluster ID: u8-Iy8eKRM2xsCw1W024xw
2025-07-31 15:30:52,481 INFO  [org.apa.kaf.cli.pro.int.TransactionManager] (kafka-producer-network-thread | Producer-topic-6ebea27a_73cb_43a4_8be7_a885761d1b01) [Producer clientId=Producer-topic-6ebea27a_73cb_43a4_8be7_a885761d1b01] ProducerId set to 1 with epoch 0
2025-07-31 15:30:52,600 INFO  [io.api.tes.ser.api.KafkaSerdesTester] (Thread-126) Sending message {"key11753975851361": "value-1"} to topic topic-6ebea27a_73cb_43a4_8be7_a885761d1b01
2025-07-31 15:30:52,603 INFO  [io.api.tes.ser.api.KafkaSerdesTester] (Thread-126) Sending message {"key11753975851361": "value-2"} to topic topic-6ebea27a_73cb_43a4_8be7_a885761d1b01
2025-07-31 15:30:52,605 INFO  [io.api.tes.ser.api.KafkaSerdesTester] (Thread-126) Sending message {"key11753975851361": "value-3"} to topic topic-6ebea27a_73cb_43a4_8be7_a885761d1b01
2025-07-31 15:30:52,608 INFO  [io.api.tes.ser.api.KafkaSerdesTester] (Thread-126) Sending message {"key11753975851361": "value-4"} to topic topic-6ebea27a_73cb_43a4_8be7_a885761d1b01
2025-07-31 15:30:52,610 INFO  [io.api.tes.ser.api.KafkaSerdesTester] (Thread-126) Sending message {"key11753975851361": "value-5"} to topic topic-6ebea27a_73cb_43a4_8be7_a885761d1b01
2025-07-31 15:30:52,613 INFO  [io.api.tes.ser.api.KafkaSerdesTester] (Thread-126) Sending message {"key11753975851361": "value-6"} to topic topic-6ebea27a_73cb_43a4_8be7_a885761d1b01
2025-07-31 15:30:52,616 INFO  [io.api.tes.ser.api.KafkaSerdesTester] (Thread-126) Sending message {"key11753975851361": "value-7"} to topic topic-6ebea27a_73cb_43a4_8be7_a885761d1b01
2025-07-31 15:30:52,619 INFO  [io.api.tes.ser.api.KafkaSerdesTester] (Thread-126) Sending message {"key11753975851361": "value-8"} to topic topic-6ebea27a_73cb_43a4_8be7_a885761d1b01
2025-07-31 15:30:52,622 INFO  [io.api.tes.ser.api.KafkaSerdesTester] (Thread-126) Sending message {"key11753975851361": "value-9"} to topic topic-6ebea27a_73cb_43a4_8be7_a885761d1b01
2025-07-31 15:30:52,624 INFO  [io.api.tes.ser.api.KafkaSerdesTester] (Thread-126) Produced 10 messages
2025-07-31 15:30:52,625 INFO  [org.apa.kaf.cli.pro.KafkaProducer] (Thread-126) [Producer clientId=Producer-topic-6ebea27a_73cb_43a4_8be7_a885761d1b01] Closing the Kafka producer with timeoutMillis = 9223372036854775807 ms.
2025-07-31 15:30:52,629 INFO  [org.apa.kaf.com.met.Metrics] (Thread-126) Metrics scheduler closed
2025-07-31 15:30:52,629 INFO  [org.apa.kaf.com.met.Metrics] (Thread-126) Closing reporter org.apache.kafka.common.metrics.JmxReporter
2025-07-31 15:30:52,629 INFO  [org.apa.kaf.com.met.Metrics] (Thread-126) Closing reporter org.apache.kafka.common.telemetry.internals.ClientTelemetryReporter
2025-07-31 15:30:52,629 INFO  [org.apa.kaf.com.met.Metrics] (Thread-126) Metrics reporters closed
2025-07-31 15:30:52,630 INFO  [org.apa.kaf.com.uti.AppInfoParser] (Thread-126) App info kafka.producer for Producer-topic-6ebea27a_73cb_43a4_8be7_a885761d1b01 unregistered
2025-07-31 15:30:52,631 INFO  [org.apa.kaf.cli.con.ConsumerConfig] (main) ConsumerConfig values: 
	allow.auto.create.topics = true
	auto.commit.interval.ms = 500
	auto.include.jmx.reporter = true
	auto.offset.reset = earliest
	bootstrap.servers = [PLAINTEXT://localhost:32770]
	check.crcs = true
	client.dns.lookup = use_all_dns_ips
	client.id = consumer-Consumer-topic-6ebea27a_73cb_43a4_8be7_a885761d1b01-2
	client.rack = 
	connections.max.idle.ms = 10000
	default.api.timeout.ms = 60000
	enable.auto.commit = true
	enable.metrics.push = true
	exclude.internal.topics = true
	fetch.max.bytes = 52428800
	fetch.max.wait.ms = 500
	fetch.min.bytes = 1
	group.id = Consumer-topic-6ebea27a_73cb_43a4_8be7_a885761d1b01
	group.instance.id = null
	group.protocol = classic
	group.remote.assignor = null
	heartbeat.interval.ms = 3000
	interceptor.classes = []
	internal.leave.group.on.close = true
	internal.throw.on.fetch.stable.offset.unsupported = false
	isolation.level = read_uncommitted
	key.deserializer = class org.apache.kafka.common.serialization.StringDeserializer
	max.partition.fetch.bytes = 1048576
	max.poll.interval.ms = 300000
	max.poll.records = 500
	metadata.max.age.ms = 300000
	metadata.recovery.strategy = none
	metric.reporters = []
	metrics.num.samples = 2
	metrics.recording.level = INFO
	metrics.sample.window.ms = 30000
	partition.assignment.strategy = [class org.apache.kafka.clients.consumer.RangeAssignor, class org.apache.kafka.clients.consumer.CooperativeStickyAssignor]
	receive.buffer.bytes = 65536
	reconnect.backoff.max.ms = 1000
	reconnect.backoff.ms = 50
	request.timeout.ms = 5000
	retry.backoff.max.ms = 1000
	retry.backoff.ms = 100
	sasl.client.callback.handler.class = null
	sasl.jaas.config = null
	sasl.kerberos.kinit.cmd = /usr/bin/kinit
	sasl.kerberos.min.time.before.relogin = 60000
	sasl.kerberos.service.name = null
	sasl.kerberos.ticket.renew.jitter = 0.05
	sasl.kerberos.ticket.renew.window.factor = 0.8
	sasl.login.callback.handler.class = null
	sasl.login.class = null
	sasl.login.connect.timeout.ms = null
	sasl.login.read.timeout.ms = null
	sasl.login.refresh.buffer.seconds = 300
	sasl.login.refresh.min.period.seconds = 60
	sasl.login.refresh.window.factor = 0.8
	sasl.login.refresh.window.jitter = 0.05
	sasl.login.retry.backoff.max.ms = 10000
	sasl.login.retry.backoff.ms = 100
	sasl.mechanism = GSSAPI
	sasl.oauthbearer.clock.skew.seconds = 30
	sasl.oauthbearer.expected.audience = null
	sasl.oauthbearer.expected.issuer = null
	sasl.oauthbearer.header.urlencode = false
	sasl.oauthbearer.jwks.endpoint.refresh.ms = 3600000
	sasl.oauthbearer.jwks.endpoint.retry.backoff.max.ms = 10000
	sasl.oauthbearer.jwks.endpoint.retry.backoff.ms = 100
	sasl.oauthbearer.jwks.endpoint.url = null
	sasl.oauthbearer.scope.claim.name = scope
	sasl.oauthbearer.sub.claim.name = sub
	sasl.oauthbearer.token.endpoint.url = null
	security.protocol = PLAINTEXT
	security.providers = null
	send.buffer.bytes = 131072
	session.timeout.ms = 45000
	socket.connection.setup.timeout.max.ms = 30000
	socket.connection.setup.timeout.ms = 10000
	ssl.cipher.suites = null
	ssl.enabled.protocols = [TLSv1.2, TLSv1.3]
	ssl.endpoint.identification.algorithm = https
	ssl.engine.factory.class = null
	ssl.key.password = null
	ssl.keymanager.algorithm = SunX509
	ssl.keystore.certificate.chain = null
	ssl.keystore.key = null
	ssl.keystore.location = null
	ssl.keystore.password = null
	ssl.keystore.type = JKS
	ssl.protocol = TLSv1.3
	ssl.provider = null
	ssl.secure.random.implementation = null
	ssl.trustmanager.algorithm = PKIX
	ssl.truststore.certificates = null
	ssl.truststore.location = null
	ssl.truststore.password = null
	ssl.truststore.type = JKS
	value.deserializer = class io.apicurio.registry.serde.avro.AvroKafkaDeserializer

2025-07-31 15:30:52,631 INFO  [org.apa.kaf.com.tel.int.KafkaMetricsCollector] (main) initializing Kafka metrics collector
2025-07-31 15:30:52,642 INFO  [org.apa.kaf.cli.con.ConsumerConfig] (main) These configurations '[apicurio.registry.url]' were supplied but are not used yet.
2025-07-31 15:30:52,642 INFO  [org.apa.kaf.com.uti.AppInfoParser] (main) Kafka version: 3.9.0
2025-07-31 15:30:52,642 INFO  [org.apa.kaf.com.uti.AppInfoParser] (main) Kafka commitId: 84caaa6e9da06435
2025-07-31 15:30:52,642 INFO  [org.apa.kaf.com.uti.AppInfoParser] (main) Kafka startTimeMs: 1753975852642
2025-07-31 15:30:52,643 INFO  [org.apa.kaf.cli.con.int.ClassicKafkaConsumer] (Thread-129) [Consumer clientId=consumer-Consumer-topic-6ebea27a_73cb_43a4_8be7_a885761d1b01-2, groupId=Consumer-topic-6ebea27a_73cb_43a4_8be7_a885761d1b01] Subscribed to topic(s): topic-6ebea27a_73cb_43a4_8be7_a885761d1b01
2025-07-31 15:30:52,654 INFO  [org.apa.kaf.cli.Metadata] (Thread-129) [Consumer clientId=consumer-Consumer-topic-6ebea27a_73cb_43a4_8be7_a885761d1b01-2, groupId=Consumer-topic-6ebea27a_73cb_43a4_8be7_a885761d1b01] Cluster ID: u8-Iy8eKRM2xsCw1W024xw
2025-07-31 15:30:52,660 INFO  [org.apa.kaf.cli.con.int.ConsumerCoordinator] (Thread-129) [Consumer clientId=consumer-Consumer-topic-6ebea27a_73cb_43a4_8be7_a885761d1b01-2, groupId=Consumer-topic-6ebea27a_73cb_43a4_8be7_a885761d1b01] Discovered group coordinator localhost:32770 (id: 2147483647 rack: null)
2025-07-31 15:30:52,665 INFO  [org.apa.kaf.cli.con.int.ConsumerCoordinator] (Thread-129) [Consumer clientId=consumer-Consumer-topic-6ebea27a_73cb_43a4_8be7_a885761d1b01-2, groupId=Consumer-topic-6ebea27a_73cb_43a4_8be7_a885761d1b01] (Re-)joining group
2025-07-31 15:30:52,672 INFO  [org.apa.kaf.cli.con.int.ConsumerCoordinator] (Thread-129) [Consumer clientId=consumer-Consumer-topic-6ebea27a_73cb_43a4_8be7_a885761d1b01-2, groupId=Consumer-topic-6ebea27a_73cb_43a4_8be7_a885761d1b01] Request joining group due to: need to re-join with the given member-id: consumer-Consumer-topic-6ebea27a_73cb_43a4_8be7_a885761d1b01-2-3fa608c0-810c-4431-9945-e02088f07ac5
2025-07-31 15:30:52,672 INFO  [org.apa.kaf.cli.con.int.ConsumerCoordinator] (Thread-129) [Consumer clientId=consumer-Consumer-topic-6ebea27a_73cb_43a4_8be7_a885761d1b01-2, groupId=Consumer-topic-6ebea27a_73cb_43a4_8be7_a885761d1b01] (Re-)joining group
2025-07-31 15:30:52,677 INFO  [org.apa.kaf.cli.con.int.ConsumerCoordinator] (Thread-129) [Consumer clientId=consumer-Consumer-topic-6ebea27a_73cb_43a4_8be7_a885761d1b01-2, groupId=Consumer-topic-6ebea27a_73cb_43a4_8be7_a885761d1b01] Successfully joined group with generation Generation{generationId=1, memberId='consumer-Consumer-topic-6ebea27a_73cb_43a4_8be7_a885761d1b01-2-3fa608c0-810c-4431-9945-e02088f07ac5', protocol='range'}
2025-07-31 15:30:52,677 INFO  [org.apa.kaf.cli.con.int.ConsumerCoordinator] (Thread-129) [Consumer clientId=consumer-Consumer-topic-6ebea27a_73cb_43a4_8be7_a885761d1b01-2, groupId=Consumer-topic-6ebea27a_73cb_43a4_8be7_a885761d1b01] Finished assignment for group at generation 1: {consumer-Consumer-topic-6ebea27a_73cb_43a4_8be7_a885761d1b01-2-3fa608c0-810c-4431-9945-e02088f07ac5=Assignment(partitions=[topic-6ebea27a_73cb_43a4_8be7_a885761d1b01-0])}
2025-07-31 15:30:52,682 INFO  [org.apa.kaf.cli.con.int.ConsumerCoordinator] (Thread-129) [Consumer clientId=consumer-Consumer-topic-6ebea27a_73cb_43a4_8be7_a885761d1b01-2, groupId=Consumer-topic-6ebea27a_73cb_43a4_8be7_a885761d1b01] Successfully synced group in generation Generation{generationId=1, memberId='consumer-Consumer-topic-6ebea27a_73cb_43a4_8be7_a885761d1b01-2-3fa608c0-810c-4431-9945-e02088f07ac5', protocol='range'}
2025-07-31 15:30:52,683 INFO  [org.apa.kaf.cli.con.int.ConsumerCoordinator] (Thread-129) [Consumer clientId=consumer-Consumer-topic-6ebea27a_73cb_43a4_8be7_a885761d1b01-2, groupId=Consumer-topic-6ebea27a_73cb_43a4_8be7_a885761d1b01] Notifying assignor about the new Assignment(partitions=[topic-6ebea27a_73cb_43a4_8be7_a885761d1b01-0])
2025-07-31 15:30:52,683 INFO  [org.apa.kaf.cli.con.int.ConsumerRebalanceListenerInvoker] (Thread-129) [Consumer clientId=consumer-Consumer-topic-6ebea27a_73cb_43a4_8be7_a885761d1b01-2, groupId=Consumer-topic-6ebea27a_73cb_43a4_8be7_a885761d1b01] Adding newly assigned partitions: topic-6ebea27a_73cb_43a4_8be7_a885761d1b01-0
2025-07-31 15:30:52,685 INFO  [org.apa.kaf.cli.con.int.ConsumerCoordinator] (Thread-129) [Consumer clientId=consumer-Consumer-topic-6ebea27a_73cb_43a4_8be7_a885761d1b01-2, groupId=Consumer-topic-6ebea27a_73cb_43a4_8be7_a885761d1b01] Found no committed offset for partition topic-6ebea27a_73cb_43a4_8be7_a885761d1b01-0
2025-07-31 15:30:52,694 INFO  [org.apa.kaf.cli.con.int.SubscriptionState] (Thread-129) [Consumer clientId=consumer-Consumer-topic-6ebea27a_73cb_43a4_8be7_a885761d1b01-2, groupId=Consumer-topic-6ebea27a_73cb_43a4_8be7_a885761d1b01] Resetting offset for partition topic-6ebea27a_73cb_43a4_8be7_a885761d1b01-0 to position FetchPosition{offset=0, offsetEpoch=Optional.empty, currentLeader=LeaderAndEpoch{leader=Optional[localhost:32770 (id: 0 rack: null)], epoch=0}}.
2025-07-31 15:30:52,801 INFO  [io.api.tes.ser.api.KafkaSerdesTester] (Thread-129) topic-6ebea27a_73cb_43a4_8be7_a885761d1b01 0 0 {"key11753975851361": "value-0"}
2025-07-31 15:30:52,801 INFO  [io.api.tes.ser.api.KafkaSerdesTester] (Thread-129) topic-6ebea27a_73cb_43a4_8be7_a885761d1b01 0 1 {"key11753975851361": "value-1"}
2025-07-31 15:30:52,801 INFO  [io.api.tes.ser.api.KafkaSerdesTester] (Thread-129) topic-6ebea27a_73cb_43a4_8be7_a885761d1b01 0 2 {"key11753975851361": "value-2"}
2025-07-31 15:30:52,802 INFO  [io.api.tes.ser.api.KafkaSerdesTester] (Thread-129) topic-6ebea27a_73cb_43a4_8be7_a885761d1b01 0 3 {"key11753975851361": "value-3"}
2025-07-31 15:30:52,802 INFO  [io.api.tes.ser.api.KafkaSerdesTester] (Thread-129) topic-6ebea27a_73cb_43a4_8be7_a885761d1b01 0 4 {"key11753975851361": "value-4"}
2025-07-31 15:30:52,802 INFO  [io.api.tes.ser.api.KafkaSerdesTester] (Thread-129) topic-6ebea27a_73cb_43a4_8be7_a885761d1b01 0 5 {"key11753975851361": "value-5"}
2025-07-31 15:30:52,802 INFO  [io.api.tes.ser.api.KafkaSerdesTester] (Thread-129) topic-6ebea27a_73cb_43a4_8be7_a885761d1b01 0 6 {"key11753975851361": "value-6"}
2025-07-31 15:30:52,802 INFO  [io.api.tes.ser.api.KafkaSerdesTester] (Thread-129) topic-6ebea27a_73cb_43a4_8be7_a885761d1b01 0 7 {"key11753975851361": "value-7"}
2025-07-31 15:30:52,802 INFO  [io.api.tes.ser.api.KafkaSerdesTester] (Thread-129) topic-6ebea27a_73cb_43a4_8be7_a885761d1b01 0 8 {"key11753975851361": "value-8"}
2025-07-31 15:30:52,803 INFO  [io.api.tes.ser.api.KafkaSerdesTester] (Thread-129) topic-6ebea27a_73cb_43a4_8be7_a885761d1b01 0 9 {"key11753975851361": "value-9"}
2025-07-31 15:30:52,803 INFO  [io.api.tes.ser.api.KafkaSerdesTester] (Thread-129) Consumed 10 messages
2025-07-31 15:30:52,814 INFO  [org.apa.kaf.cli.con.int.ConsumerRebalanceListenerInvoker] (Thread-129) [Consumer clientId=consumer-Consumer-topic-6ebea27a_73cb_43a4_8be7_a885761d1b01-2, groupId=Consumer-topic-6ebea27a_73cb_43a4_8be7_a885761d1b01] Revoke previously assigned partitions topic-6ebea27a_73cb_43a4_8be7_a885761d1b01-0
2025-07-31 15:30:52,814 INFO  [org.apa.kaf.cli.con.int.ConsumerCoordinator] (Thread-129) [Consumer clientId=consumer-Consumer-topic-6ebea27a_73cb_43a4_8be7_a885761d1b01-2, groupId=Consumer-topic-6ebea27a_73cb_43a4_8be7_a885761d1b01] Member consumer-Consumer-topic-6ebea27a_73cb_43a4_8be7_a885761d1b01-2-3fa608c0-810c-4431-9945-e02088f07ac5 sending LeaveGroup request to coordinator localhost:32770 (id: 2147483647 rack: null) due to the consumer is being closed
2025-07-31 15:30:52,817 INFO  [org.apa.kaf.cli.con.int.ConsumerCoordinator] (Thread-129) [Consumer clientId=consumer-Consumer-topic-6ebea27a_73cb_43a4_8be7_a885761d1b01-2, groupId=Consumer-topic-6ebea27a_73cb_43a4_8be7_a885761d1b01] Resetting generation and member id due to: consumer pro-actively leaving the group
2025-07-31 15:30:52,817 INFO  [org.apa.kaf.cli.con.int.ConsumerCoordinator] (Thread-129) [Consumer clientId=consumer-Consumer-topic-6ebea27a_73cb_43a4_8be7_a885761d1b01-2, groupId=Consumer-topic-6ebea27a_73cb_43a4_8be7_a885761d1b01] Request joining group due to: consumer pro-actively leaving the group
2025-07-31 15:30:53,306 INFO  [org.apa.kaf.com.met.Metrics] (Thread-129) Metrics scheduler closed
2025-07-31 15:30:53,307 INFO  [org.apa.kaf.com.met.Metrics] (Thread-129) Closing reporter org.apache.kafka.common.metrics.JmxReporter
2025-07-31 15:30:53,307 INFO  [org.apa.kaf.com.met.Metrics] (Thread-129) Closing reporter org.apache.kafka.common.telemetry.internals.ClientTelemetryReporter
2025-07-31 15:30:53,307 INFO  [org.apa.kaf.com.met.Metrics] (Thread-129) Metrics reporters closed
2025-07-31 15:30:53,311 INFO  [org.apa.kaf.com.uti.AppInfoParser] (Thread-129) App info kafka.consumer for consumer-Consumer-topic-6ebea27a_73cb_43a4_8be7_a885761d1b01-2 unregistered
2025-07-31 15:30:53,311 INFO  [io.api.tes.uti.TestSeparator] (main) io.apicurio.tests.serdes.apicurio.AvroSerdeIT.testSimpleTopicIdStrategyFindLatest-FINISHED
2025-07-31 15:30:53,312 INFO  [io.api.tes.uti.TestSeparator] (main) ############################################################################
]]></system-out>
  </testcase>
  <testcase name="testWrongSchema" classname="io.apicurio.tests.serdes.apicurio.AvroSerdeIT" time="1.217">
    <system-out><![CDATA[2025-07-31 15:30:53,313 INFO  [io.api.tes.uti.TestSeparator] (main) ############################################################################
2025-07-31 15:30:53,313 INFO  [io.api.tes.uti.TestSeparator] (main) io.apicurio.tests.serdes.apicurio.AvroSerdeIT.testWrongSchema-STARTED
2025-07-31 15:30:54,427 INFO  [org.apa.kaf.cli.pro.ProducerConfig] (main) ProducerConfig values: 
	acks = -1
	auto.include.jmx.reporter = true
	batch.size = 16384
	bootstrap.servers = [PLAINTEXT://localhost:32770]
	buffer.memory = 33554432
	client.dns.lookup = use_all_dns_ips
	client.id = Producer-s18b939b3xe1ccx4008x9c30x006b7635c05c
	compression.gzip.level = -1
	compression.lz4.level = 9
	compression.type = none
	compression.zstd.level = 3
	connections.max.idle.ms = 10000
	delivery.timeout.ms = 120000
	enable.idempotence = true
	enable.metrics.push = true
	interceptor.classes = []
	key.serializer = class org.apache.kafka.common.serialization.StringSerializer
	linger.ms = 0
	max.block.ms = 60000
	max.in.flight.requests.per.connection = 5
	max.request.size = 1048576
	metadata.max.age.ms = 300000
	metadata.max.idle.ms = 300000
	metadata.recovery.strategy = none
	metric.reporters = []
	metrics.num.samples = 2
	metrics.recording.level = INFO
	metrics.sample.window.ms = 30000
	partitioner.adaptive.partitioning.enable = true
	partitioner.availability.timeout.ms = 0
	partitioner.class = null
	partitioner.ignore.keys = false
	receive.buffer.bytes = 32768
	reconnect.backoff.max.ms = 1000
	reconnect.backoff.ms = 50
	request.timeout.ms = 5000
	retries = 2147483647
	retry.backoff.max.ms = 1000
	retry.backoff.ms = 100
	sasl.client.callback.handler.class = null
	sasl.jaas.config = null
	sasl.kerberos.kinit.cmd = /usr/bin/kinit
	sasl.kerberos.min.time.before.relogin = 60000
	sasl.kerberos.service.name = null
	sasl.kerberos.ticket.renew.jitter = 0.05
	sasl.kerberos.ticket.renew.window.factor = 0.8
	sasl.login.callback.handler.class = null
	sasl.login.class = null
	sasl.login.connect.timeout.ms = null
	sasl.login.read.timeout.ms = null
	sasl.login.refresh.buffer.seconds = 300
	sasl.login.refresh.min.period.seconds = 60
	sasl.login.refresh.window.factor = 0.8
	sasl.login.refresh.window.jitter = 0.05
	sasl.login.retry.backoff.max.ms = 10000
	sasl.login.retry.backoff.ms = 100
	sasl.mechanism = GSSAPI
	sasl.oauthbearer.clock.skew.seconds = 30
	sasl.oauthbearer.expected.audience = null
	sasl.oauthbearer.expected.issuer = null
	sasl.oauthbearer.header.urlencode = false
	sasl.oauthbearer.jwks.endpoint.refresh.ms = 3600000
	sasl.oauthbearer.jwks.endpoint.retry.backoff.max.ms = 10000
	sasl.oauthbearer.jwks.endpoint.retry.backoff.ms = 100
	sasl.oauthbearer.jwks.endpoint.url = null
	sasl.oauthbearer.scope.claim.name = scope
	sasl.oauthbearer.sub.claim.name = sub
	sasl.oauthbearer.token.endpoint.url = null
	security.protocol = PLAINTEXT
	security.providers = null
	send.buffer.bytes = 131072
	socket.connection.setup.timeout.max.ms = 30000
	socket.connection.setup.timeout.ms = 10000
	ssl.cipher.suites = null
	ssl.enabled.protocols = [TLSv1.2, TLSv1.3]
	ssl.endpoint.identification.algorithm = https
	ssl.engine.factory.class = null
	ssl.key.password = null
	ssl.keymanager.algorithm = SunX509
	ssl.keystore.certificate.chain = null
	ssl.keystore.key = null
	ssl.keystore.location = null
	ssl.keystore.password = null
	ssl.keystore.type = JKS
	ssl.protocol = TLSv1.3
	ssl.provider = null
	ssl.secure.random.implementation = null
	ssl.trustmanager.algorithm = PKIX
	ssl.truststore.certificates = null
	ssl.truststore.location = null
	ssl.truststore.password = null
	ssl.truststore.type = JKS
	transaction.timeout.ms = 60000
	transactional.id = null
	value.serializer = class io.apicurio.registry.serde.avro.AvroKafkaSerializer

2025-07-31 15:30:54,427 INFO  [org.apa.kaf.com.tel.int.KafkaMetricsCollector] (main) initializing Kafka metrics collector
2025-07-31 15:30:54,431 INFO  [org.apa.kaf.cli.pro.KafkaProducer] (main) [Producer clientId=Producer-s18b939b3xe1ccx4008x9c30x006b7635c05c] Instantiated an idempotent producer.
2025-07-31 15:30:54,435 INFO  [org.apa.kaf.cli.pro.ProducerConfig] (main) These configurations '[apicurio.registry.find-latest, apicurio.registry.url, apicurio.registry.artifact-resolver-strategy]' were supplied but are not used yet.
2025-07-31 15:30:54,435 INFO  [org.apa.kaf.com.uti.AppInfoParser] (main) Kafka version: 3.9.0
2025-07-31 15:30:54,435 INFO  [org.apa.kaf.com.uti.AppInfoParser] (main) Kafka commitId: 84caaa6e9da06435
2025-07-31 15:30:54,435 INFO  [org.apa.kaf.com.uti.AppInfoParser] (main) Kafka startTimeMs: 1753975854435
2025-07-31 15:30:54,440 INFO  [io.api.tes.ser.api.KafkaSerdesTester] (Thread-132) Sending message {"keyB": "value-0"} to topic s18b939b3xe1ccx4008x9c30x006b7635c05c
2025-07-31 15:30:54,441 INFO  [org.apa.kaf.cli.Metadata] (kafka-producer-network-thread | Producer-s18b939b3xe1ccx4008x9c30x006b7635c05c) [Producer clientId=Producer-s18b939b3xe1ccx4008x9c30x006b7635c05c] Cluster ID: u8-Iy8eKRM2xsCw1W024xw
2025-07-31 15:30:54,443 INFO  [org.apa.kaf.cli.pro.int.TransactionManager] (kafka-producer-network-thread | Producer-s18b939b3xe1ccx4008x9c30x006b7635c05c) [Producer clientId=Producer-s18b939b3xe1ccx4008x9c30x006b7635c05c] ProducerId set to 2 with epoch 0
2025-07-31 15:30:54,522 INFO  [org.apa.kaf.cli.pro.KafkaProducer] (Thread-132) [Producer clientId=Producer-s18b939b3xe1ccx4008x9c30x006b7635c05c] Closing the Kafka producer with timeoutMillis = 9223372036854775807 ms.
2025-07-31 15:30:54,526 INFO  [org.apa.kaf.com.met.Metrics] (Thread-132) Metrics scheduler closed
2025-07-31 15:30:54,526 INFO  [org.apa.kaf.com.met.Metrics] (Thread-132) Closing reporter org.apache.kafka.common.metrics.JmxReporter
2025-07-31 15:30:54,526 INFO  [org.apa.kaf.com.met.Metrics] (Thread-132) Closing reporter org.apache.kafka.common.telemetry.internals.ClientTelemetryReporter
2025-07-31 15:30:54,526 INFO  [org.apa.kaf.com.met.Metrics] (Thread-132) Metrics reporters closed
2025-07-31 15:30:54,527 INFO  [org.apa.kaf.com.uti.AppInfoParser] (Thread-132) App info kafka.producer for Producer-s18b939b3xe1ccx4008x9c30x006b7635c05c unregistered
2025-07-31 15:30:54,528 INFO  [io.api.tes.uti.TestSeparator] (main) io.apicurio.tests.serdes.apicurio.AvroSerdeIT.testWrongSchema-FINISHED
2025-07-31 15:30:54,528 INFO  [io.api.tes.uti.TestSeparator] (main) ############################################################################
]]></system-out>
    <system-err><![CDATA[io.apicurio.registry.rest.client.models.ProblemDetails
	at io.apicurio.registry.rest.client.models.ProblemDetails.createFromDiscriminatorValue(ProblemDetails.java:58)
	at io.kiota.serialization.json.JsonParseNode.getObjectValue(JsonParseNode.java:247)
	at io.kiota.http.vertx.VertXRequestAdapter.lambda$throwIfFailedResponse$0(VertXRequestAdapter.java:400)
	at com.microsoft.kiota.ApiExceptionBuilder.<init>(ApiExceptionBuilder.java:26)
	at io.kiota.http.vertx.VertXRequestAdapter.throwIfFailedResponse(VertXRequestAdapter.java:399)
	at io.kiota.http.vertx.VertXRequestAdapter.send(VertXRequestAdapter.java:170)
	at io.apicurio.registry.rest.client.groups.item.artifacts.item.versions.item.WithVersionExpressionItemRequestBuilder.get(WithVersionExpressionItemRequestBuilder.java:128)
	at io.apicurio.registry.rest.client.groups.item.artifacts.item.versions.item.WithVersionExpressionItemRequestBuilder.get(WithVersionExpressionItemRequestBuilder.java:111)
	at io.apicurio.registry.resolver.DefaultSchemaResolver.resolveByCoordinates(DefaultSchemaResolver.java:469)
	at io.apicurio.registry.resolver.DefaultSchemaResolver.lambda$resolveSchemaByArtifactReferenceCached$12(DefaultSchemaResolver.java:451)
	at io.apicurio.registry.resolver.ERCache.lambda$getValue$0(ERCache.java:181)
	at io.apicurio.registry.resolver.ERCache.retry(ERCache.java:234)
	at io.apicurio.registry.resolver.ERCache.getValue(ERCache.java:180)
	at io.apicurio.registry.resolver.ERCache.getByArtifactCoordinates(ERCache.java:165)
	at io.apicurio.registry.resolver.DefaultSchemaResolver.resolveSchemaByArtifactReferenceCached(DefaultSchemaResolver.java:449)
	at io.apicurio.registry.resolver.DefaultSchemaResolver.resolveSchemaByCoordinates(DefaultSchemaResolver.java:201)
	at io.apicurio.registry.resolver.DefaultSchemaResolver.getSchemaFromRegistry(DefaultSchemaResolver.java:134)
	at io.apicurio.registry.resolver.DefaultSchemaResolver.lambda$resolveSchema$0(DefaultSchemaResolver.java:86)
	at java.base/java.util.Optional.orElseGet(Optional.java:364)
	at io.apicurio.registry.resolver.DefaultSchemaResolver.resolveSchema(DefaultSchemaResolver.java:86)
	at io.apicurio.registry.serde.AbstractSerializer.serializeData(AbstractSerializer.java:62)
	at io.apicurio.registry.serde.KafkaSerializer.serialize(KafkaSerializer.java:77)
	at org.apache.kafka.clients.producer.KafkaProducer.doSend(KafkaProducer.java:1046)
	at org.apache.kafka.clients.producer.KafkaProducer.send(KafkaProducer.java:993)
	at org.apache.kafka.clients.producer.KafkaProducer.send(KafkaProducer.java:875)
	at io.apicurio.tests.serdes.apicurio.KafkaSerdesTester.lambda$produceMessages$3(KafkaSerdesTester.java:138)
	at java.base/java.util.concurrent.CompletableFuture$AsyncSupply.run(CompletableFuture.java:1768)
	at java.base/java.lang.Thread.run(Thread.java:840)
]]></system-err>
  </testcase>
  <testcase name="testAvroJSON" classname="io.apicurio.tests.serdes.apicurio.AvroSerdeIT" time="1.006">
    <system-out><![CDATA[2025-07-31 15:30:54,532 INFO  [io.api.tes.uti.TestSeparator] (main) ############################################################################
2025-07-31 15:30:54,533 INFO  [io.api.tes.uti.TestSeparator] (main) io.apicurio.tests.serdes.apicurio.AvroSerdeIT.testAvroJSON-STARTED
2025-07-31 15:30:54,540 INFO  [org.apa.kaf.cli.pro.ProducerConfig] (main) ProducerConfig values: 
	acks = -1
	auto.include.jmx.reporter = true
	batch.size = 16384
	bootstrap.servers = [PLAINTEXT://localhost:32770]
	buffer.memory = 33554432
	client.dns.lookup = use_all_dns_ips
	client.id = Producer-topic-22f4e353_fbb4_40d2_8b71_fdefe76ee44f
	compression.gzip.level = -1
	compression.lz4.level = 9
	compression.type = none
	compression.zstd.level = 3
	connections.max.idle.ms = 10000
	delivery.timeout.ms = 120000
	enable.idempotence = true
	enable.metrics.push = true
	interceptor.classes = []
	key.serializer = class org.apache.kafka.common.serialization.StringSerializer
	linger.ms = 0
	max.block.ms = 60000
	max.in.flight.requests.per.connection = 5
	max.request.size = 1048576
	metadata.max.age.ms = 300000
	metadata.max.idle.ms = 300000
	metadata.recovery.strategy = none
	metric.reporters = []
	metrics.num.samples = 2
	metrics.recording.level = INFO
	metrics.sample.window.ms = 30000
	partitioner.adaptive.partitioning.enable = true
	partitioner.availability.timeout.ms = 0
	partitioner.class = null
	partitioner.ignore.keys = false
	receive.buffer.bytes = 32768
	reconnect.backoff.max.ms = 1000
	reconnect.backoff.ms = 50
	request.timeout.ms = 5000
	retries = 2147483647
	retry.backoff.max.ms = 1000
	retry.backoff.ms = 100
	sasl.client.callback.handler.class = null
	sasl.jaas.config = null
	sasl.kerberos.kinit.cmd = /usr/bin/kinit
	sasl.kerberos.min.time.before.relogin = 60000
	sasl.kerberos.service.name = null
	sasl.kerberos.ticket.renew.jitter = 0.05
	sasl.kerberos.ticket.renew.window.factor = 0.8
	sasl.login.callback.handler.class = null
	sasl.login.class = null
	sasl.login.connect.timeout.ms = null
	sasl.login.read.timeout.ms = null
	sasl.login.refresh.buffer.seconds = 300
	sasl.login.refresh.min.period.seconds = 60
	sasl.login.refresh.window.factor = 0.8
	sasl.login.refresh.window.jitter = 0.05
	sasl.login.retry.backoff.max.ms = 10000
	sasl.login.retry.backoff.ms = 100
	sasl.mechanism = GSSAPI
	sasl.oauthbearer.clock.skew.seconds = 30
	sasl.oauthbearer.expected.audience = null
	sasl.oauthbearer.expected.issuer = null
	sasl.oauthbearer.header.urlencode = false
	sasl.oauthbearer.jwks.endpoint.refresh.ms = 3600000
	sasl.oauthbearer.jwks.endpoint.retry.backoff.max.ms = 10000
	sasl.oauthbearer.jwks.endpoint.retry.backoff.ms = 100
	sasl.oauthbearer.jwks.endpoint.url = null
	sasl.oauthbearer.scope.claim.name = scope
	sasl.oauthbearer.sub.claim.name = sub
	sasl.oauthbearer.token.endpoint.url = null
	security.protocol = PLAINTEXT
	security.providers = null
	send.buffer.bytes = 131072
	socket.connection.setup.timeout.max.ms = 30000
	socket.connection.setup.timeout.ms = 10000
	ssl.cipher.suites = null
	ssl.enabled.protocols = [TLSv1.2, TLSv1.3]
	ssl.endpoint.identification.algorithm = https
	ssl.engine.factory.class = null
	ssl.key.password = null
	ssl.keymanager.algorithm = SunX509
	ssl.keystore.certificate.chain = null
	ssl.keystore.key = null
	ssl.keystore.location = null
	ssl.keystore.password = null
	ssl.keystore.type = JKS
	ssl.protocol = TLSv1.3
	ssl.provider = null
	ssl.secure.random.implementation = null
	ssl.trustmanager.algorithm = PKIX
	ssl.truststore.certificates = null
	ssl.truststore.location = null
	ssl.truststore.password = null
	ssl.truststore.type = JKS
	transaction.timeout.ms = 60000
	transactional.id = null
	value.serializer = class io.apicurio.registry.serde.avro.AvroKafkaSerializer

2025-07-31 15:30:54,551 INFO  [org.apa.kaf.com.tel.int.KafkaMetricsCollector] (main) initializing Kafka metrics collector
2025-07-31 15:30:54,562 INFO  [org.apa.kaf.cli.pro.KafkaProducer] (main) [Producer clientId=Producer-topic-22f4e353_fbb4_40d2_8b71_fdefe76ee44f] Instantiated an idempotent producer.
2025-07-31 15:30:54,577 INFO  [org.apa.kaf.cli.pro.ProducerConfig] (main) These configurations '[apicurio.registry.avro.encoding, apicurio.registry.url, apicurio.registry.auto-register, apicurio.registry.artifact-resolver-strategy]' were supplied but are not used yet.
2025-07-31 15:30:54,577 INFO  [org.apa.kaf.com.uti.AppInfoParser] (main) Kafka version: 3.9.0
2025-07-31 15:30:54,577 INFO  [org.apa.kaf.com.uti.AppInfoParser] (main) Kafka commitId: 84caaa6e9da06435
2025-07-31 15:30:54,577 INFO  [org.apa.kaf.com.uti.AppInfoParser] (main) Kafka startTimeMs: 1753975854577
2025-07-31 15:30:54,579 INFO  [io.api.tes.ser.api.SimpleSerdesTesterBuilder$SimpleSerdesTester] (main) Using producer configuration: {apicurio.registry.avro.encoding=JSON, apicurio.registry.url=http://registry-app-mysql.apps.ci419.apicurio-testing.org:80/apis/registry/v3, apicurio.registry.auto-register=true, apicurio.registry.artifact-resolver-strategy=io.apicurio.registry.serde.strategy.TopicIdStrategy, value.serializer=io.apicurio.registry.serde.avro.AvroKafkaSerializer, request.timeout.ms=5000, acks=all, bootstrap.servers=PLAINTEXT://localhost:32770, connections.max.idle.ms=10000, key.serializer=org.apache.kafka.common.serialization.StringSerializer, client.id=Producer-topic-22f4e353_fbb4_40d2_8b71_fdefe76ee44f}
2025-07-31 15:30:54,579 INFO  [io.api.tes.ser.api.SimpleSerdesTesterBuilder$SimpleSerdesTester] (main) Using consumer configuration: {apicurio.registry.avro.encoding=JSON}
2025-07-31 15:30:54,584 INFO  [io.api.tes.ser.api.KafkaSerdesTester] (Thread-135) Sending message {"bar": "value-0"} to topic topic-22f4e353_fbb4_40d2_8b71_fdefe76ee44f
2025-07-31 15:30:54,603 WARN  [org.apa.kaf.cli.NetworkClient] (kafka-producer-network-thread | Producer-topic-22f4e353_fbb4_40d2_8b71_fdefe76ee44f) [Producer clientId=Producer-topic-22f4e353_fbb4_40d2_8b71_fdefe76ee44f] The metadata response from the cluster reported a recoverable issue with correlation id 2 : {topic-22f4e353_fbb4_40d2_8b71_fdefe76ee44f=LEADER_NOT_AVAILABLE}
2025-07-31 15:30:54,604 INFO  [org.apa.kaf.cli.Metadata] (kafka-producer-network-thread | Producer-topic-22f4e353_fbb4_40d2_8b71_fdefe76ee44f) [Producer clientId=Producer-topic-22f4e353_fbb4_40d2_8b71_fdefe76ee44f] Cluster ID: u8-Iy8eKRM2xsCw1W024xw
2025-07-31 15:30:54,608 INFO  [org.apa.kaf.cli.pro.int.TransactionManager] (kafka-producer-network-thread | Producer-topic-22f4e353_fbb4_40d2_8b71_fdefe76ee44f) [Producer clientId=Producer-topic-22f4e353_fbb4_40d2_8b71_fdefe76ee44f] ProducerId set to 3 with epoch 0
2025-07-31 15:30:54,807 INFO  [io.api.tes.ser.api.KafkaSerdesTester] (Thread-135) Sending message {"bar": "value-1"} to topic topic-22f4e353_fbb4_40d2_8b71_fdefe76ee44f
2025-07-31 15:30:54,810 INFO  [io.api.tes.ser.api.KafkaSerdesTester] (Thread-135) Sending message {"bar": "value-2"} to topic topic-22f4e353_fbb4_40d2_8b71_fdefe76ee44f
2025-07-31 15:30:54,812 INFO  [io.api.tes.ser.api.KafkaSerdesTester] (Thread-135) Sending message {"bar": "value-3"} to topic topic-22f4e353_fbb4_40d2_8b71_fdefe76ee44f
2025-07-31 15:30:54,815 INFO  [io.api.tes.ser.api.KafkaSerdesTester] (Thread-135) Sending message {"bar": "value-4"} to topic topic-22f4e353_fbb4_40d2_8b71_fdefe76ee44f
2025-07-31 15:30:54,817 INFO  [io.api.tes.ser.api.KafkaSerdesTester] (Thread-135) Sending message {"bar": "value-5"} to topic topic-22f4e353_fbb4_40d2_8b71_fdefe76ee44f
2025-07-31 15:30:54,819 INFO  [io.api.tes.ser.api.KafkaSerdesTester] (Thread-135) Sending message {"bar": "value-6"} to topic topic-22f4e353_fbb4_40d2_8b71_fdefe76ee44f
2025-07-31 15:30:54,822 INFO  [io.api.tes.ser.api.KafkaSerdesTester] (Thread-135) Sending message {"bar": "value-7"} to topic topic-22f4e353_fbb4_40d2_8b71_fdefe76ee44f
2025-07-31 15:30:54,824 INFO  [io.api.tes.ser.api.KafkaSerdesTester] (Thread-135) Sending message {"bar": "value-8"} to topic topic-22f4e353_fbb4_40d2_8b71_fdefe76ee44f
2025-07-31 15:30:54,829 INFO  [io.api.tes.ser.api.KafkaSerdesTester] (Thread-135) Sending message {"bar": "value-9"} to topic topic-22f4e353_fbb4_40d2_8b71_fdefe76ee44f
2025-07-31 15:30:54,832 INFO  [io.api.tes.ser.api.KafkaSerdesTester] (Thread-135) Produced 10 messages
2025-07-31 15:30:54,832 INFO  [org.apa.kaf.cli.pro.KafkaProducer] (Thread-135) [Producer clientId=Producer-topic-22f4e353_fbb4_40d2_8b71_fdefe76ee44f] Closing the Kafka producer with timeoutMillis = 9223372036854775807 ms.
2025-07-31 15:30:54,836 INFO  [org.apa.kaf.com.met.Metrics] (Thread-135) Metrics scheduler closed
2025-07-31 15:30:54,836 INFO  [org.apa.kaf.com.met.Metrics] (Thread-135) Closing reporter org.apache.kafka.common.metrics.JmxReporter
2025-07-31 15:30:54,836 INFO  [org.apa.kaf.com.met.Metrics] (Thread-135) Closing reporter org.apache.kafka.common.telemetry.internals.ClientTelemetryReporter
2025-07-31 15:30:54,836 INFO  [org.apa.kaf.com.met.Metrics] (Thread-135) Metrics reporters closed
2025-07-31 15:30:54,837 INFO  [org.apa.kaf.com.uti.AppInfoParser] (Thread-135) App info kafka.producer for Producer-topic-22f4e353_fbb4_40d2_8b71_fdefe76ee44f unregistered
2025-07-31 15:30:54,897 INFO  [org.apa.kaf.cli.con.ConsumerConfig] (main) ConsumerConfig values: 
	allow.auto.create.topics = true
	auto.commit.interval.ms = 500
	auto.include.jmx.reporter = true
	auto.offset.reset = earliest
	bootstrap.servers = [PLAINTEXT://localhost:32770]
	check.crcs = true
	client.dns.lookup = use_all_dns_ips
	client.id = consumer-Consumer-topic-22f4e353_fbb4_40d2_8b71_fdefe76ee44f-3
	client.rack = 
	connections.max.idle.ms = 10000
	default.api.timeout.ms = 60000
	enable.auto.commit = true
	enable.metrics.push = true
	exclude.internal.topics = true
	fetch.max.bytes = 52428800
	fetch.max.wait.ms = 500
	fetch.min.bytes = 1
	group.id = Consumer-topic-22f4e353_fbb4_40d2_8b71_fdefe76ee44f
	group.instance.id = null
	group.protocol = classic
	group.remote.assignor = null
	heartbeat.interval.ms = 3000
	interceptor.classes = []
	internal.leave.group.on.close = true
	internal.throw.on.fetch.stable.offset.unsupported = false
	isolation.level = read_uncommitted
	key.deserializer = class org.apache.kafka.common.serialization.StringDeserializer
	max.partition.fetch.bytes = 1048576
	max.poll.interval.ms = 300000
	max.poll.records = 500
	metadata.max.age.ms = 300000
	metadata.recovery.strategy = none
	metric.reporters = []
	metrics.num.samples = 2
	metrics.recording.level = INFO
	metrics.sample.window.ms = 30000
	partition.assignment.strategy = [class org.apache.kafka.clients.consumer.RangeAssignor, class org.apache.kafka.clients.consumer.CooperativeStickyAssignor]
	receive.buffer.bytes = 65536
	reconnect.backoff.max.ms = 1000
	reconnect.backoff.ms = 50
	request.timeout.ms = 5000
	retry.backoff.max.ms = 1000
	retry.backoff.ms = 100
	sasl.client.callback.handler.class = null
	sasl.jaas.config = null
	sasl.kerberos.kinit.cmd = /usr/bin/kinit
	sasl.kerberos.min.time.before.relogin = 60000
	sasl.kerberos.service.name = null
	sasl.kerberos.ticket.renew.jitter = 0.05
	sasl.kerberos.ticket.renew.window.factor = 0.8
	sasl.login.callback.handler.class = null
	sasl.login.class = null
	sasl.login.connect.timeout.ms = null
	sasl.login.read.timeout.ms = null
	sasl.login.refresh.buffer.seconds = 300
	sasl.login.refresh.min.period.seconds = 60
	sasl.login.refresh.window.factor = 0.8
	sasl.login.refresh.window.jitter = 0.05
	sasl.login.retry.backoff.max.ms = 10000
	sasl.login.retry.backoff.ms = 100
	sasl.mechanism = GSSAPI
	sasl.oauthbearer.clock.skew.seconds = 30
	sasl.oauthbearer.expected.audience = null
	sasl.oauthbearer.expected.issuer = null
	sasl.oauthbearer.header.urlencode = false
	sasl.oauthbearer.jwks.endpoint.refresh.ms = 3600000
	sasl.oauthbearer.jwks.endpoint.retry.backoff.max.ms = 10000
	sasl.oauthbearer.jwks.endpoint.retry.backoff.ms = 100
	sasl.oauthbearer.jwks.endpoint.url = null
	sasl.oauthbearer.scope.claim.name = scope
	sasl.oauthbearer.sub.claim.name = sub
	sasl.oauthbearer.token.endpoint.url = null
	security.protocol = PLAINTEXT
	security.providers = null
	send.buffer.bytes = 131072
	session.timeout.ms = 45000
	socket.connection.setup.timeout.max.ms = 30000
	socket.connection.setup.timeout.ms = 10000
	ssl.cipher.suites = null
	ssl.enabled.protocols = [TLSv1.2, TLSv1.3]
	ssl.endpoint.identification.algorithm = https
	ssl.engine.factory.class = null
	ssl.key.password = null
	ssl.keymanager.algorithm = SunX509
	ssl.keystore.certificate.chain = null
	ssl.keystore.key = null
	ssl.keystore.location = null
	ssl.keystore.password = null
	ssl.keystore.type = JKS
	ssl.protocol = TLSv1.3
	ssl.provider = null
	ssl.secure.random.implementation = null
	ssl.trustmanager.algorithm = PKIX
	ssl.truststore.certificates = null
	ssl.truststore.location = null
	ssl.truststore.password = null
	ssl.truststore.type = JKS
	value.deserializer = class io.apicurio.registry.serde.avro.AvroKafkaDeserializer

2025-07-31 15:30:54,898 INFO  [org.apa.kaf.com.tel.int.KafkaMetricsCollector] (main) initializing Kafka metrics collector
2025-07-31 15:30:54,904 INFO  [org.apa.kaf.cli.con.ConsumerConfig] (main) These configurations '[apicurio.registry.avro.encoding, apicurio.registry.url]' were supplied but are not used yet.
2025-07-31 15:30:54,904 INFO  [org.apa.kaf.com.uti.AppInfoParser] (main) Kafka version: 3.9.0
2025-07-31 15:30:54,904 INFO  [org.apa.kaf.com.uti.AppInfoParser] (main) Kafka commitId: 84caaa6e9da06435
2025-07-31 15:30:54,904 INFO  [org.apa.kaf.com.uti.AppInfoParser] (main) Kafka startTimeMs: 1753975854904
2025-07-31 15:30:54,905 INFO  [org.apa.kaf.cli.con.int.ClassicKafkaConsumer] (Thread-138) [Consumer clientId=consumer-Consumer-topic-22f4e353_fbb4_40d2_8b71_fdefe76ee44f-3, groupId=Consumer-topic-22f4e353_fbb4_40d2_8b71_fdefe76ee44f] Subscribed to topic(s): topic-22f4e353_fbb4_40d2_8b71_fdefe76ee44f
2025-07-31 15:30:54,914 INFO  [org.apa.kaf.cli.Metadata] (Thread-138) [Consumer clientId=consumer-Consumer-topic-22f4e353_fbb4_40d2_8b71_fdefe76ee44f-3, groupId=Consumer-topic-22f4e353_fbb4_40d2_8b71_fdefe76ee44f] Cluster ID: u8-Iy8eKRM2xsCw1W024xw
2025-07-31 15:30:54,917 INFO  [org.apa.kaf.cli.con.int.ConsumerCoordinator] (Thread-138) [Consumer clientId=consumer-Consumer-topic-22f4e353_fbb4_40d2_8b71_fdefe76ee44f-3, groupId=Consumer-topic-22f4e353_fbb4_40d2_8b71_fdefe76ee44f] Discovered group coordinator localhost:32770 (id: 2147483647 rack: null)
2025-07-31 15:30:54,924 INFO  [org.apa.kaf.cli.con.int.ConsumerCoordinator] (Thread-138) [Consumer clientId=consumer-Consumer-topic-22f4e353_fbb4_40d2_8b71_fdefe76ee44f-3, groupId=Consumer-topic-22f4e353_fbb4_40d2_8b71_fdefe76ee44f] (Re-)joining group
2025-07-31 15:30:54,928 INFO  [org.apa.kaf.cli.con.int.ConsumerCoordinator] (Thread-138) [Consumer clientId=consumer-Consumer-topic-22f4e353_fbb4_40d2_8b71_fdefe76ee44f-3, groupId=Consumer-topic-22f4e353_fbb4_40d2_8b71_fdefe76ee44f] Request joining group due to: need to re-join with the given member-id: consumer-Consumer-topic-22f4e353_fbb4_40d2_8b71_fdefe76ee44f-3-fb948ca4-d277-471f-9615-1bca5737da03
2025-07-31 15:30:54,928 INFO  [org.apa.kaf.cli.con.int.ConsumerCoordinator] (Thread-138) [Consumer clientId=consumer-Consumer-topic-22f4e353_fbb4_40d2_8b71_fdefe76ee44f-3, groupId=Consumer-topic-22f4e353_fbb4_40d2_8b71_fdefe76ee44f] (Re-)joining group
2025-07-31 15:30:54,933 INFO  [org.apa.kaf.cli.con.int.ConsumerCoordinator] (Thread-138) [Consumer clientId=consumer-Consumer-topic-22f4e353_fbb4_40d2_8b71_fdefe76ee44f-3, groupId=Consumer-topic-22f4e353_fbb4_40d2_8b71_fdefe76ee44f] Successfully joined group with generation Generation{generationId=1, memberId='consumer-Consumer-topic-22f4e353_fbb4_40d2_8b71_fdefe76ee44f-3-fb948ca4-d277-471f-9615-1bca5737da03', protocol='range'}
2025-07-31 15:30:54,934 INFO  [org.apa.kaf.cli.con.int.ConsumerCoordinator] (Thread-138) [Consumer clientId=consumer-Consumer-topic-22f4e353_fbb4_40d2_8b71_fdefe76ee44f-3, groupId=Consumer-topic-22f4e353_fbb4_40d2_8b71_fdefe76ee44f] Finished assignment for group at generation 1: {consumer-Consumer-topic-22f4e353_fbb4_40d2_8b71_fdefe76ee44f-3-fb948ca4-d277-471f-9615-1bca5737da03=Assignment(partitions=[topic-22f4e353_fbb4_40d2_8b71_fdefe76ee44f-0])}
2025-07-31 15:30:54,937 INFO  [org.apa.kaf.cli.con.int.ConsumerCoordinator] (Thread-138) [Consumer clientId=consumer-Consumer-topic-22f4e353_fbb4_40d2_8b71_fdefe76ee44f-3, groupId=Consumer-topic-22f4e353_fbb4_40d2_8b71_fdefe76ee44f] Successfully synced group in generation Generation{generationId=1, memberId='consumer-Consumer-topic-22f4e353_fbb4_40d2_8b71_fdefe76ee44f-3-fb948ca4-d277-471f-9615-1bca5737da03', protocol='range'}
2025-07-31 15:30:54,938 INFO  [org.apa.kaf.cli.con.int.ConsumerCoordinator] (Thread-138) [Consumer clientId=consumer-Consumer-topic-22f4e353_fbb4_40d2_8b71_fdefe76ee44f-3, groupId=Consumer-topic-22f4e353_fbb4_40d2_8b71_fdefe76ee44f] Notifying assignor about the new Assignment(partitions=[topic-22f4e353_fbb4_40d2_8b71_fdefe76ee44f-0])
2025-07-31 15:30:54,938 INFO  [org.apa.kaf.cli.con.int.ConsumerRebalanceListenerInvoker] (Thread-138) [Consumer clientId=consumer-Consumer-topic-22f4e353_fbb4_40d2_8b71_fdefe76ee44f-3, groupId=Consumer-topic-22f4e353_fbb4_40d2_8b71_fdefe76ee44f] Adding newly assigned partitions: topic-22f4e353_fbb4_40d2_8b71_fdefe76ee44f-0
2025-07-31 15:30:54,939 INFO  [org.apa.kaf.cli.con.int.ConsumerCoordinator] (Thread-138) [Consumer clientId=consumer-Consumer-topic-22f4e353_fbb4_40d2_8b71_fdefe76ee44f-3, groupId=Consumer-topic-22f4e353_fbb4_40d2_8b71_fdefe76ee44f] Found no committed offset for partition topic-22f4e353_fbb4_40d2_8b71_fdefe76ee44f-0
2025-07-31 15:30:54,941 INFO  [org.apa.kaf.cli.con.int.SubscriptionState] (Thread-138) [Consumer clientId=consumer-Consumer-topic-22f4e353_fbb4_40d2_8b71_fdefe76ee44f-3, groupId=Consumer-topic-22f4e353_fbb4_40d2_8b71_fdefe76ee44f] Resetting offset for partition topic-22f4e353_fbb4_40d2_8b71_fdefe76ee44f-0 to position FetchPosition{offset=0, offsetEpoch=Optional.empty, currentLeader=LeaderAndEpoch{leader=Optional[localhost:32770 (id: 0 rack: null)], epoch=0}}.
2025-07-31 15:30:55,026 INFO  [io.api.tes.ser.api.KafkaSerdesTester] (Thread-138) topic-22f4e353_fbb4_40d2_8b71_fdefe76ee44f 0 0 {"bar": "value-0"}
2025-07-31 15:30:55,027 INFO  [io.api.tes.ser.api.KafkaSerdesTester] (Thread-138) topic-22f4e353_fbb4_40d2_8b71_fdefe76ee44f 0 1 {"bar": "value-1"}
2025-07-31 15:30:55,027 INFO  [io.api.tes.ser.api.KafkaSerdesTester] (Thread-138) topic-22f4e353_fbb4_40d2_8b71_fdefe76ee44f 0 2 {"bar": "value-2"}
2025-07-31 15:30:55,027 INFO  [io.api.tes.ser.api.KafkaSerdesTester] (Thread-138) topic-22f4e353_fbb4_40d2_8b71_fdefe76ee44f 0 3 {"bar": "value-3"}
2025-07-31 15:30:55,027 INFO  [io.api.tes.ser.api.KafkaSerdesTester] (Thread-138) topic-22f4e353_fbb4_40d2_8b71_fdefe76ee44f 0 4 {"bar": "value-4"}
2025-07-31 15:30:55,027 INFO  [io.api.tes.ser.api.KafkaSerdesTester] (Thread-138) topic-22f4e353_fbb4_40d2_8b71_fdefe76ee44f 0 5 {"bar": "value-5"}
2025-07-31 15:30:55,028 INFO  [io.api.tes.ser.api.KafkaSerdesTester] (Thread-138) topic-22f4e353_fbb4_40d2_8b71_fdefe76ee44f 0 6 {"bar": "value-6"}
2025-07-31 15:30:55,028 INFO  [io.api.tes.ser.api.KafkaSerdesTester] (Thread-138) topic-22f4e353_fbb4_40d2_8b71_fdefe76ee44f 0 7 {"bar": "value-7"}
2025-07-31 15:30:55,028 INFO  [io.api.tes.ser.api.KafkaSerdesTester] (Thread-138) topic-22f4e353_fbb4_40d2_8b71_fdefe76ee44f 0 8 {"bar": "value-8"}
2025-07-31 15:30:55,028 INFO  [io.api.tes.ser.api.KafkaSerdesTester] (Thread-138) topic-22f4e353_fbb4_40d2_8b71_fdefe76ee44f 0 9 {"bar": "value-9"}
2025-07-31 15:30:55,028 INFO  [io.api.tes.ser.api.KafkaSerdesTester] (Thread-138) Consumed 10 messages
2025-07-31 15:30:55,032 INFO  [org.apa.kaf.cli.con.int.ConsumerRebalanceListenerInvoker] (Thread-138) [Consumer clientId=consumer-Consumer-topic-22f4e353_fbb4_40d2_8b71_fdefe76ee44f-3, groupId=Consumer-topic-22f4e353_fbb4_40d2_8b71_fdefe76ee44f] Revoke previously assigned partitions topic-22f4e353_fbb4_40d2_8b71_fdefe76ee44f-0
2025-07-31 15:30:55,032 INFO  [org.apa.kaf.cli.con.int.ConsumerCoordinator] (Thread-138) [Consumer clientId=consumer-Consumer-topic-22f4e353_fbb4_40d2_8b71_fdefe76ee44f-3, groupId=Consumer-topic-22f4e353_fbb4_40d2_8b71_fdefe76ee44f] Member consumer-Consumer-topic-22f4e353_fbb4_40d2_8b71_fdefe76ee44f-3-fb948ca4-d277-471f-9615-1bca5737da03 sending LeaveGroup request to coordinator localhost:32770 (id: 2147483647 rack: null) due to the consumer is being closed
2025-07-31 15:30:55,032 INFO  [org.apa.kaf.cli.con.int.ConsumerCoordinator] (Thread-138) [Consumer clientId=consumer-Consumer-topic-22f4e353_fbb4_40d2_8b71_fdefe76ee44f-3, groupId=Consumer-topic-22f4e353_fbb4_40d2_8b71_fdefe76ee44f] Resetting generation and member id due to: consumer pro-actively leaving the group
2025-07-31 15:30:55,032 INFO  [org.apa.kaf.cli.con.int.ConsumerCoordinator] (Thread-138) [Consumer clientId=consumer-Consumer-topic-22f4e353_fbb4_40d2_8b71_fdefe76ee44f-3, groupId=Consumer-topic-22f4e353_fbb4_40d2_8b71_fdefe76ee44f] Request joining group due to: consumer pro-actively leaving the group
2025-07-31 15:30:55,530 INFO  [org.apa.kaf.com.met.Metrics] (Thread-138) Metrics scheduler closed
2025-07-31 15:30:55,530 INFO  [org.apa.kaf.com.met.Metrics] (Thread-138) Closing reporter org.apache.kafka.common.metrics.JmxReporter
2025-07-31 15:30:55,530 INFO  [org.apa.kaf.com.met.Metrics] (Thread-138) Closing reporter org.apache.kafka.common.telemetry.internals.ClientTelemetryReporter
2025-07-31 15:30:55,530 INFO  [org.apa.kaf.com.met.Metrics] (Thread-138) Metrics reporters closed
2025-07-31 15:30:55,534 INFO  [org.apa.kaf.com.uti.AppInfoParser] (Thread-138) App info kafka.consumer for consumer-Consumer-topic-22f4e353_fbb4_40d2_8b71_fdefe76ee44f-3 unregistered
2025-07-31 15:30:55,535 INFO  [io.api.tes.uti.TestSeparator] (main) io.apicurio.tests.serdes.apicurio.AvroSerdeIT.testAvroJSON-FINISHED
2025-07-31 15:30:55,535 INFO  [io.api.tes.uti.TestSeparator] (main) ############################################################################
]]></system-out>
  </testcase>
  <testcase name="testTopicIdStrategyAutoRegister" classname="io.apicurio.tests.serdes.apicurio.AvroSerdeIT" time="1.048">
    <system-out><![CDATA[2025-07-31 15:30:55,539 INFO  [io.api.tes.uti.TestSeparator] (main) ############################################################################
2025-07-31 15:30:55,539 INFO  [io.api.tes.uti.TestSeparator] (main) io.apicurio.tests.serdes.apicurio.AvroSerdeIT.testTopicIdStrategyAutoRegister-STARTED
2025-07-31 15:30:55,544 INFO  [org.apa.kaf.cli.pro.ProducerConfig] (main) ProducerConfig values: 
	acks = -1
	auto.include.jmx.reporter = true
	batch.size = 16384
	bootstrap.servers = [PLAINTEXT://localhost:32770]
	buffer.memory = 33554432
	client.dns.lookup = use_all_dns_ips
	client.id = Producer-topic-b48dfc37_48b7_4bbe_a922_76ad6a9b8191
	compression.gzip.level = -1
	compression.lz4.level = 9
	compression.type = none
	compression.zstd.level = 3
	connections.max.idle.ms = 10000
	delivery.timeout.ms = 120000
	enable.idempotence = true
	enable.metrics.push = true
	interceptor.classes = []
	key.serializer = class org.apache.kafka.common.serialization.StringSerializer
	linger.ms = 0
	max.block.ms = 60000
	max.in.flight.requests.per.connection = 5
	max.request.size = 1048576
	metadata.max.age.ms = 300000
	metadata.max.idle.ms = 300000
	metadata.recovery.strategy = none
	metric.reporters = []
	metrics.num.samples = 2
	metrics.recording.level = INFO
	metrics.sample.window.ms = 30000
	partitioner.adaptive.partitioning.enable = true
	partitioner.availability.timeout.ms = 0
	partitioner.class = null
	partitioner.ignore.keys = false
	receive.buffer.bytes = 32768
	reconnect.backoff.max.ms = 1000
	reconnect.backoff.ms = 50
	request.timeout.ms = 5000
	retries = 2147483647
	retry.backoff.max.ms = 1000
	retry.backoff.ms = 100
	sasl.client.callback.handler.class = null
	sasl.jaas.config = null
	sasl.kerberos.kinit.cmd = /usr/bin/kinit
	sasl.kerberos.min.time.before.relogin = 60000
	sasl.kerberos.service.name = null
	sasl.kerberos.ticket.renew.jitter = 0.05
	sasl.kerberos.ticket.renew.window.factor = 0.8
	sasl.login.callback.handler.class = null
	sasl.login.class = null
	sasl.login.connect.timeout.ms = null
	sasl.login.read.timeout.ms = null
	sasl.login.refresh.buffer.seconds = 300
	sasl.login.refresh.min.period.seconds = 60
	sasl.login.refresh.window.factor = 0.8
	sasl.login.refresh.window.jitter = 0.05
	sasl.login.retry.backoff.max.ms = 10000
	sasl.login.retry.backoff.ms = 100
	sasl.mechanism = GSSAPI
	sasl.oauthbearer.clock.skew.seconds = 30
	sasl.oauthbearer.expected.audience = null
	sasl.oauthbearer.expected.issuer = null
	sasl.oauthbearer.header.urlencode = false
	sasl.oauthbearer.jwks.endpoint.refresh.ms = 3600000
	sasl.oauthbearer.jwks.endpoint.retry.backoff.max.ms = 10000
	sasl.oauthbearer.jwks.endpoint.retry.backoff.ms = 100
	sasl.oauthbearer.jwks.endpoint.url = null
	sasl.oauthbearer.scope.claim.name = scope
	sasl.oauthbearer.sub.claim.name = sub
	sasl.oauthbearer.token.endpoint.url = null
	security.protocol = PLAINTEXT
	security.providers = null
	send.buffer.bytes = 131072
	socket.connection.setup.timeout.max.ms = 30000
	socket.connection.setup.timeout.ms = 10000
	ssl.cipher.suites = null
	ssl.enabled.protocols = [TLSv1.2, TLSv1.3]
	ssl.endpoint.identification.algorithm = https
	ssl.engine.factory.class = null
	ssl.key.password = null
	ssl.keymanager.algorithm = SunX509
	ssl.keystore.certificate.chain = null
	ssl.keystore.key = null
	ssl.keystore.location = null
	ssl.keystore.password = null
	ssl.keystore.type = JKS
	ssl.protocol = TLSv1.3
	ssl.provider = null
	ssl.secure.random.implementation = null
	ssl.trustmanager.algorithm = PKIX
	ssl.truststore.certificates = null
	ssl.truststore.location = null
	ssl.truststore.password = null
	ssl.truststore.type = JKS
	transaction.timeout.ms = 60000
	transactional.id = null
	value.serializer = class io.apicurio.registry.serde.avro.AvroKafkaSerializer

2025-07-31 15:30:55,544 INFO  [org.apa.kaf.com.tel.int.KafkaMetricsCollector] (main) initializing Kafka metrics collector
2025-07-31 15:30:55,557 INFO  [org.apa.kaf.cli.pro.KafkaProducer] (main) [Producer clientId=Producer-topic-b48dfc37_48b7_4bbe_a922_76ad6a9b8191] Instantiated an idempotent producer.
2025-07-31 15:30:55,562 INFO  [org.apa.kaf.cli.pro.ProducerConfig] (main) These configurations '[apicurio.registry.url, apicurio.registry.auto-register, apicurio.registry.artifact-resolver-strategy]' were supplied but are not used yet.
2025-07-31 15:30:55,562 INFO  [org.apa.kaf.com.uti.AppInfoParser] (main) Kafka version: 3.9.0
2025-07-31 15:30:55,562 INFO  [org.apa.kaf.com.uti.AppInfoParser] (main) Kafka commitId: 84caaa6e9da06435
2025-07-31 15:30:55,562 INFO  [org.apa.kaf.com.uti.AppInfoParser] (main) Kafka startTimeMs: 1753975855562
2025-07-31 15:30:55,562 INFO  [io.api.tes.ser.api.SimpleSerdesTesterBuilder$SimpleSerdesTester] (main) Using producer configuration: {apicurio.registry.url=http://registry-app-mysql.apps.ci419.apicurio-testing.org:80/apis/registry/v3, apicurio.registry.auto-register=true, apicurio.registry.artifact-resolver-strategy=io.apicurio.registry.serde.strategy.TopicIdStrategy, value.serializer=io.apicurio.registry.serde.avro.AvroKafkaSerializer, request.timeout.ms=5000, acks=all, bootstrap.servers=PLAINTEXT://localhost:32770, connections.max.idle.ms=10000, key.serializer=org.apache.kafka.common.serialization.StringSerializer, client.id=Producer-topic-b48dfc37_48b7_4bbe_a922_76ad6a9b8191}
2025-07-31 15:30:55,562 INFO  [io.api.tes.ser.api.SimpleSerdesTesterBuilder$SimpleSerdesTester] (main) Using consumer configuration: {}
2025-07-31 15:30:55,566 INFO  [io.api.tes.ser.api.KafkaSerdesTester] (Thread-141) Sending message {"key11753975855540": "value-0"} to topic topic-b48dfc37_48b7_4bbe_a922_76ad6a9b8191
2025-07-31 15:30:55,579 WARN  [org.apa.kaf.cli.NetworkClient] (kafka-producer-network-thread | Producer-topic-b48dfc37_48b7_4bbe_a922_76ad6a9b8191) [Producer clientId=Producer-topic-b48dfc37_48b7_4bbe_a922_76ad6a9b8191] The metadata response from the cluster reported a recoverable issue with correlation id 2 : {topic-b48dfc37_48b7_4bbe_a922_76ad6a9b8191=LEADER_NOT_AVAILABLE}
2025-07-31 15:30:55,579 INFO  [org.apa.kaf.cli.Metadata] (kafka-producer-network-thread | Producer-topic-b48dfc37_48b7_4bbe_a922_76ad6a9b8191) [Producer clientId=Producer-topic-b48dfc37_48b7_4bbe_a922_76ad6a9b8191] Cluster ID: u8-Iy8eKRM2xsCw1W024xw
2025-07-31 15:30:55,582 INFO  [org.apa.kaf.cli.pro.int.TransactionManager] (kafka-producer-network-thread | Producer-topic-b48dfc37_48b7_4bbe_a922_76ad6a9b8191) [Producer clientId=Producer-topic-b48dfc37_48b7_4bbe_a922_76ad6a9b8191] ProducerId set to 4 with epoch 0
2025-07-31 15:30:55,790 INFO  [io.api.tes.ser.api.KafkaSerdesTester] (Thread-141) Sending message {"key11753975855540": "value-1"} to topic topic-b48dfc37_48b7_4bbe_a922_76ad6a9b8191
2025-07-31 15:30:55,795 INFO  [io.api.tes.ser.api.KafkaSerdesTester] (Thread-141) Sending message {"key11753975855540": "value-2"} to topic topic-b48dfc37_48b7_4bbe_a922_76ad6a9b8191
2025-07-31 15:30:55,798 INFO  [io.api.tes.ser.api.KafkaSerdesTester] (Thread-141) Sending message {"key11753975855540": "value-3"} to topic topic-b48dfc37_48b7_4bbe_a922_76ad6a9b8191
2025-07-31 15:30:55,801 INFO  [io.api.tes.ser.api.KafkaSerdesTester] (Thread-141) Sending message {"key11753975855540": "value-4"} to topic topic-b48dfc37_48b7_4bbe_a922_76ad6a9b8191
2025-07-31 15:30:55,804 INFO  [io.api.tes.ser.api.KafkaSerdesTester] (Thread-141) Sending message {"key11753975855540": "value-5"} to topic topic-b48dfc37_48b7_4bbe_a922_76ad6a9b8191
2025-07-31 15:30:55,806 INFO  [io.api.tes.ser.api.KafkaSerdesTester] (Thread-141) Sending message {"key11753975855540": "value-6"} to topic topic-b48dfc37_48b7_4bbe_a922_76ad6a9b8191
2025-07-31 15:30:55,807 INFO  [io.api.tes.ser.api.KafkaSerdesTester] (Thread-141) Sending message {"key11753975855540": "value-7"} to topic topic-b48dfc37_48b7_4bbe_a922_76ad6a9b8191
2025-07-31 15:30:55,809 INFO  [io.api.tes.ser.api.KafkaSerdesTester] (Thread-141) Sending message {"key11753975855540": "value-8"} to topic topic-b48dfc37_48b7_4bbe_a922_76ad6a9b8191
2025-07-31 15:30:55,811 INFO  [io.api.tes.ser.api.KafkaSerdesTester] (Thread-141) Sending message {"key11753975855540": "value-9"} to topic topic-b48dfc37_48b7_4bbe_a922_76ad6a9b8191
2025-07-31 15:30:55,812 INFO  [io.api.tes.ser.api.KafkaSerdesTester] (Thread-141) Produced 10 messages
2025-07-31 15:30:55,813 INFO  [org.apa.kaf.cli.pro.KafkaProducer] (Thread-141) [Producer clientId=Producer-topic-b48dfc37_48b7_4bbe_a922_76ad6a9b8191] Closing the Kafka producer with timeoutMillis = 9223372036854775807 ms.
2025-07-31 15:30:55,818 INFO  [org.apa.kaf.com.met.Metrics] (Thread-141) Metrics scheduler closed
2025-07-31 15:30:55,818 INFO  [org.apa.kaf.com.met.Metrics] (Thread-141) Closing reporter org.apache.kafka.common.metrics.JmxReporter
2025-07-31 15:30:55,818 INFO  [org.apa.kaf.com.met.Metrics] (Thread-141) Closing reporter org.apache.kafka.common.telemetry.internals.ClientTelemetryReporter
2025-07-31 15:30:55,818 INFO  [org.apa.kaf.com.met.Metrics] (Thread-141) Metrics reporters closed
2025-07-31 15:30:55,818 INFO  [org.apa.kaf.com.uti.AppInfoParser] (Thread-141) App info kafka.producer for Producer-topic-b48dfc37_48b7_4bbe_a922_76ad6a9b8191 unregistered
2025-07-31 15:30:55,880 INFO  [org.apa.kaf.cli.con.ConsumerConfig] (main) ConsumerConfig values: 
	allow.auto.create.topics = true
	auto.commit.interval.ms = 500
	auto.include.jmx.reporter = true
	auto.offset.reset = earliest
	bootstrap.servers = [PLAINTEXT://localhost:32770]
	check.crcs = true
	client.dns.lookup = use_all_dns_ips
	client.id = consumer-Consumer-topic-b48dfc37_48b7_4bbe_a922_76ad6a9b8191-4
	client.rack = 
	connections.max.idle.ms = 10000
	default.api.timeout.ms = 60000
	enable.auto.commit = true
	enable.metrics.push = true
	exclude.internal.topics = true
	fetch.max.bytes = 52428800
	fetch.max.wait.ms = 500
	fetch.min.bytes = 1
	group.id = Consumer-topic-b48dfc37_48b7_4bbe_a922_76ad6a9b8191
	group.instance.id = null
	group.protocol = classic
	group.remote.assignor = null
	heartbeat.interval.ms = 3000
	interceptor.classes = []
	internal.leave.group.on.close = true
	internal.throw.on.fetch.stable.offset.unsupported = false
	isolation.level = read_uncommitted
	key.deserializer = class org.apache.kafka.common.serialization.StringDeserializer
	max.partition.fetch.bytes = 1048576
	max.poll.interval.ms = 300000
	max.poll.records = 500
	metadata.max.age.ms = 300000
	metadata.recovery.strategy = none
	metric.reporters = []
	metrics.num.samples = 2
	metrics.recording.level = INFO
	metrics.sample.window.ms = 30000
	partition.assignment.strategy = [class org.apache.kafka.clients.consumer.RangeAssignor, class org.apache.kafka.clients.consumer.CooperativeStickyAssignor]
	receive.buffer.bytes = 65536
	reconnect.backoff.max.ms = 1000
	reconnect.backoff.ms = 50
	request.timeout.ms = 5000
	retry.backoff.max.ms = 1000
	retry.backoff.ms = 100
	sasl.client.callback.handler.class = null
	sasl.jaas.config = null
	sasl.kerberos.kinit.cmd = /usr/bin/kinit
	sasl.kerberos.min.time.before.relogin = 60000
	sasl.kerberos.service.name = null
	sasl.kerberos.ticket.renew.jitter = 0.05
	sasl.kerberos.ticket.renew.window.factor = 0.8
	sasl.login.callback.handler.class = null
	sasl.login.class = null
	sasl.login.connect.timeout.ms = null
	sasl.login.read.timeout.ms = null
	sasl.login.refresh.buffer.seconds = 300
	sasl.login.refresh.min.period.seconds = 60
	sasl.login.refresh.window.factor = 0.8
	sasl.login.refresh.window.jitter = 0.05
	sasl.login.retry.backoff.max.ms = 10000
	sasl.login.retry.backoff.ms = 100
	sasl.mechanism = GSSAPI
	sasl.oauthbearer.clock.skew.seconds = 30
	sasl.oauthbearer.expected.audience = null
	sasl.oauthbearer.expected.issuer = null
	sasl.oauthbearer.header.urlencode = false
	sasl.oauthbearer.jwks.endpoint.refresh.ms = 3600000
	sasl.oauthbearer.jwks.endpoint.retry.backoff.max.ms = 10000
	sasl.oauthbearer.jwks.endpoint.retry.backoff.ms = 100
	sasl.oauthbearer.jwks.endpoint.url = null
	sasl.oauthbearer.scope.claim.name = scope
	sasl.oauthbearer.sub.claim.name = sub
	sasl.oauthbearer.token.endpoint.url = null
	security.protocol = PLAINTEXT
	security.providers = null
	send.buffer.bytes = 131072
	session.timeout.ms = 45000
	socket.connection.setup.timeout.max.ms = 30000
	socket.connection.setup.timeout.ms = 10000
	ssl.cipher.suites = null
	ssl.enabled.protocols = [TLSv1.2, TLSv1.3]
	ssl.endpoint.identification.algorithm = https
	ssl.engine.factory.class = null
	ssl.key.password = null
	ssl.keymanager.algorithm = SunX509
	ssl.keystore.certificate.chain = null
	ssl.keystore.key = null
	ssl.keystore.location = null
	ssl.keystore.password = null
	ssl.keystore.type = JKS
	ssl.protocol = TLSv1.3
	ssl.provider = null
	ssl.secure.random.implementation = null
	ssl.trustmanager.algorithm = PKIX
	ssl.truststore.certificates = null
	ssl.truststore.location = null
	ssl.truststore.password = null
	ssl.truststore.type = JKS
	value.deserializer = class io.apicurio.registry.serde.avro.AvroKafkaDeserializer

2025-07-31 15:30:55,881 INFO  [org.apa.kaf.com.tel.int.KafkaMetricsCollector] (main) initializing Kafka metrics collector
2025-07-31 15:30:55,886 INFO  [org.apa.kaf.cli.con.ConsumerConfig] (main) These configurations '[apicurio.registry.url]' were supplied but are not used yet.
2025-07-31 15:30:55,887 INFO  [org.apa.kaf.com.uti.AppInfoParser] (main) Kafka version: 3.9.0
2025-07-31 15:30:55,887 INFO  [org.apa.kaf.com.uti.AppInfoParser] (main) Kafka commitId: 84caaa6e9da06435
2025-07-31 15:30:55,887 INFO  [org.apa.kaf.com.uti.AppInfoParser] (main) Kafka startTimeMs: 1753975855887
2025-07-31 15:30:55,887 INFO  [org.apa.kaf.cli.con.int.ClassicKafkaConsumer] (Thread-144) [Consumer clientId=consumer-Consumer-topic-b48dfc37_48b7_4bbe_a922_76ad6a9b8191-4, groupId=Consumer-topic-b48dfc37_48b7_4bbe_a922_76ad6a9b8191] Subscribed to topic(s): topic-b48dfc37_48b7_4bbe_a922_76ad6a9b8191
2025-07-31 15:30:55,900 INFO  [org.apa.kaf.cli.Metadata] (Thread-144) [Consumer clientId=consumer-Consumer-topic-b48dfc37_48b7_4bbe_a922_76ad6a9b8191-4, groupId=Consumer-topic-b48dfc37_48b7_4bbe_a922_76ad6a9b8191] Cluster ID: u8-Iy8eKRM2xsCw1W024xw
2025-07-31 15:30:55,903 INFO  [org.apa.kaf.cli.con.int.ConsumerCoordinator] (Thread-144) [Consumer clientId=consumer-Consumer-topic-b48dfc37_48b7_4bbe_a922_76ad6a9b8191-4, groupId=Consumer-topic-b48dfc37_48b7_4bbe_a922_76ad6a9b8191] Discovered group coordinator localhost:32770 (id: 2147483647 rack: null)
2025-07-31 15:30:55,909 INFO  [org.apa.kaf.cli.con.int.ConsumerCoordinator] (Thread-144) [Consumer clientId=consumer-Consumer-topic-b48dfc37_48b7_4bbe_a922_76ad6a9b8191-4, groupId=Consumer-topic-b48dfc37_48b7_4bbe_a922_76ad6a9b8191] (Re-)joining group
2025-07-31 15:30:55,917 INFO  [org.apa.kaf.cli.con.int.ConsumerCoordinator] (Thread-144) [Consumer clientId=consumer-Consumer-topic-b48dfc37_48b7_4bbe_a922_76ad6a9b8191-4, groupId=Consumer-topic-b48dfc37_48b7_4bbe_a922_76ad6a9b8191] Request joining group due to: need to re-join with the given member-id: consumer-Consumer-topic-b48dfc37_48b7_4bbe_a922_76ad6a9b8191-4-e026710a-81ca-42a8-a864-1494292e9af3
2025-07-31 15:30:55,917 INFO  [org.apa.kaf.cli.con.int.ConsumerCoordinator] (Thread-144) [Consumer clientId=consumer-Consumer-topic-b48dfc37_48b7_4bbe_a922_76ad6a9b8191-4, groupId=Consumer-topic-b48dfc37_48b7_4bbe_a922_76ad6a9b8191] (Re-)joining group
2025-07-31 15:30:55,921 INFO  [org.apa.kaf.cli.con.int.ConsumerCoordinator] (Thread-144) [Consumer clientId=consumer-Consumer-topic-b48dfc37_48b7_4bbe_a922_76ad6a9b8191-4, groupId=Consumer-topic-b48dfc37_48b7_4bbe_a922_76ad6a9b8191] Successfully joined group with generation Generation{generationId=1, memberId='consumer-Consumer-topic-b48dfc37_48b7_4bbe_a922_76ad6a9b8191-4-e026710a-81ca-42a8-a864-1494292e9af3', protocol='range'}
2025-07-31 15:30:55,922 INFO  [org.apa.kaf.cli.con.int.ConsumerCoordinator] (Thread-144) [Consumer clientId=consumer-Consumer-topic-b48dfc37_48b7_4bbe_a922_76ad6a9b8191-4, groupId=Consumer-topic-b48dfc37_48b7_4bbe_a922_76ad6a9b8191] Finished assignment for group at generation 1: {consumer-Consumer-topic-b48dfc37_48b7_4bbe_a922_76ad6a9b8191-4-e026710a-81ca-42a8-a864-1494292e9af3=Assignment(partitions=[topic-b48dfc37_48b7_4bbe_a922_76ad6a9b8191-0])}
2025-07-31 15:30:55,928 INFO  [org.apa.kaf.cli.con.int.ConsumerCoordinator] (Thread-144) [Consumer clientId=consumer-Consumer-topic-b48dfc37_48b7_4bbe_a922_76ad6a9b8191-4, groupId=Consumer-topic-b48dfc37_48b7_4bbe_a922_76ad6a9b8191] Successfully synced group in generation Generation{generationId=1, memberId='consumer-Consumer-topic-b48dfc37_48b7_4bbe_a922_76ad6a9b8191-4-e026710a-81ca-42a8-a864-1494292e9af3', protocol='range'}
2025-07-31 15:30:55,928 INFO  [org.apa.kaf.cli.con.int.ConsumerCoordinator] (Thread-144) [Consumer clientId=consumer-Consumer-topic-b48dfc37_48b7_4bbe_a922_76ad6a9b8191-4, groupId=Consumer-topic-b48dfc37_48b7_4bbe_a922_76ad6a9b8191] Notifying assignor about the new Assignment(partitions=[topic-b48dfc37_48b7_4bbe_a922_76ad6a9b8191-0])
2025-07-31 15:30:55,929 INFO  [org.apa.kaf.cli.con.int.ConsumerRebalanceListenerInvoker] (Thread-144) [Consumer clientId=consumer-Consumer-topic-b48dfc37_48b7_4bbe_a922_76ad6a9b8191-4, groupId=Consumer-topic-b48dfc37_48b7_4bbe_a922_76ad6a9b8191] Adding newly assigned partitions: topic-b48dfc37_48b7_4bbe_a922_76ad6a9b8191-0
2025-07-31 15:30:55,930 INFO  [org.apa.kaf.cli.con.int.ConsumerCoordinator] (Thread-144) [Consumer clientId=consumer-Consumer-topic-b48dfc37_48b7_4bbe_a922_76ad6a9b8191-4, groupId=Consumer-topic-b48dfc37_48b7_4bbe_a922_76ad6a9b8191] Found no committed offset for partition topic-b48dfc37_48b7_4bbe_a922_76ad6a9b8191-0
2025-07-31 15:30:55,931 INFO  [org.apa.kaf.cli.con.int.SubscriptionState] (Thread-144) [Consumer clientId=consumer-Consumer-topic-b48dfc37_48b7_4bbe_a922_76ad6a9b8191-4, groupId=Consumer-topic-b48dfc37_48b7_4bbe_a922_76ad6a9b8191] Resetting offset for partition topic-b48dfc37_48b7_4bbe_a922_76ad6a9b8191-0 to position FetchPosition{offset=0, offsetEpoch=Optional.empty, currentLeader=LeaderAndEpoch{leader=Optional[localhost:32770 (id: 0 rack: null)], epoch=0}}.
2025-07-31 15:30:56,015 INFO  [io.api.tes.ser.api.KafkaSerdesTester] (Thread-144) topic-b48dfc37_48b7_4bbe_a922_76ad6a9b8191 0 0 {"key11753975855540": "value-0"}
2025-07-31 15:30:56,015 INFO  [io.api.tes.ser.api.KafkaSerdesTester] (Thread-144) topic-b48dfc37_48b7_4bbe_a922_76ad6a9b8191 0 1 {"key11753975855540": "value-1"}
2025-07-31 15:30:56,015 INFO  [io.api.tes.ser.api.KafkaSerdesTester] (Thread-144) topic-b48dfc37_48b7_4bbe_a922_76ad6a9b8191 0 2 {"key11753975855540": "value-2"}
2025-07-31 15:30:56,016 INFO  [io.api.tes.ser.api.KafkaSerdesTester] (Thread-144) topic-b48dfc37_48b7_4bbe_a922_76ad6a9b8191 0 3 {"key11753975855540": "value-3"}
2025-07-31 15:30:56,016 INFO  [io.api.tes.ser.api.KafkaSerdesTester] (Thread-144) topic-b48dfc37_48b7_4bbe_a922_76ad6a9b8191 0 4 {"key11753975855540": "value-4"}
2025-07-31 15:30:56,016 INFO  [io.api.tes.ser.api.KafkaSerdesTester] (Thread-144) topic-b48dfc37_48b7_4bbe_a922_76ad6a9b8191 0 5 {"key11753975855540": "value-5"}
2025-07-31 15:30:56,016 INFO  [io.api.tes.ser.api.KafkaSerdesTester] (Thread-144) topic-b48dfc37_48b7_4bbe_a922_76ad6a9b8191 0 6 {"key11753975855540": "value-6"}
2025-07-31 15:30:56,016 INFO  [io.api.tes.ser.api.KafkaSerdesTester] (Thread-144) topic-b48dfc37_48b7_4bbe_a922_76ad6a9b8191 0 7 {"key11753975855540": "value-7"}
2025-07-31 15:30:56,016 INFO  [io.api.tes.ser.api.KafkaSerdesTester] (Thread-144) topic-b48dfc37_48b7_4bbe_a922_76ad6a9b8191 0 8 {"key11753975855540": "value-8"}
2025-07-31 15:30:56,016 INFO  [io.api.tes.ser.api.KafkaSerdesTester] (Thread-144) topic-b48dfc37_48b7_4bbe_a922_76ad6a9b8191 0 9 {"key11753975855540": "value-9"}
2025-07-31 15:30:56,016 INFO  [io.api.tes.ser.api.KafkaSerdesTester] (Thread-144) Consumed 10 messages
2025-07-31 15:30:56,020 INFO  [org.apa.kaf.cli.con.int.ConsumerRebalanceListenerInvoker] (Thread-144) [Consumer clientId=consumer-Consumer-topic-b48dfc37_48b7_4bbe_a922_76ad6a9b8191-4, groupId=Consumer-topic-b48dfc37_48b7_4bbe_a922_76ad6a9b8191] Revoke previously assigned partitions topic-b48dfc37_48b7_4bbe_a922_76ad6a9b8191-0
2025-07-31 15:30:56,020 INFO  [org.apa.kaf.cli.con.int.ConsumerCoordinator] (Thread-144) [Consumer clientId=consumer-Consumer-topic-b48dfc37_48b7_4bbe_a922_76ad6a9b8191-4, groupId=Consumer-topic-b48dfc37_48b7_4bbe_a922_76ad6a9b8191] Member consumer-Consumer-topic-b48dfc37_48b7_4bbe_a922_76ad6a9b8191-4-e026710a-81ca-42a8-a864-1494292e9af3 sending LeaveGroup request to coordinator localhost:32770 (id: 2147483647 rack: null) due to the consumer is being closed
2025-07-31 15:30:56,021 INFO  [org.apa.kaf.cli.con.int.ConsumerCoordinator] (Thread-144) [Consumer clientId=consumer-Consumer-topic-b48dfc37_48b7_4bbe_a922_76ad6a9b8191-4, groupId=Consumer-topic-b48dfc37_48b7_4bbe_a922_76ad6a9b8191] Resetting generation and member id due to: consumer pro-actively leaving the group
2025-07-31 15:30:56,021 INFO  [org.apa.kaf.cli.con.int.ConsumerCoordinator] (Thread-144) [Consumer clientId=consumer-Consumer-topic-b48dfc37_48b7_4bbe_a922_76ad6a9b8191-4, groupId=Consumer-topic-b48dfc37_48b7_4bbe_a922_76ad6a9b8191] Request joining group due to: consumer pro-actively leaving the group
2025-07-31 15:30:56,519 INFO  [org.apa.kaf.com.met.Metrics] (Thread-144) Metrics scheduler closed
2025-07-31 15:30:56,519 INFO  [org.apa.kaf.com.met.Metrics] (Thread-144) Closing reporter org.apache.kafka.common.metrics.JmxReporter
2025-07-31 15:30:56,519 INFO  [org.apa.kaf.com.met.Metrics] (Thread-144) Closing reporter org.apache.kafka.common.telemetry.internals.ClientTelemetryReporter
2025-07-31 15:30:56,519 INFO  [org.apa.kaf.com.met.Metrics] (Thread-144) Metrics reporters closed
2025-07-31 15:30:56,524 INFO  [org.apa.kaf.com.uti.AppInfoParser] (Thread-144) App info kafka.consumer for consumer-Consumer-topic-b48dfc37_48b7_4bbe_a922_76ad6a9b8191-4 unregistered
2025-07-31 15:30:56,583 INFO  [io.api.tes.uti.TestSeparator] (main) io.apicurio.tests.serdes.apicurio.AvroSerdeIT.testTopicIdStrategyAutoRegister-FINISHED
2025-07-31 15:30:56,583 INFO  [io.api.tes.uti.TestSeparator] (main) ############################################################################
]]></system-out>
  </testcase>
  <testcase name="testRecordIdStrategydFindLatest" classname="io.apicurio.tests.serdes.apicurio.AvroSerdeIT" time="1.89">
    <system-out><![CDATA[2025-07-31 15:30:56,586 INFO  [io.api.tes.uti.TestSeparator] (main) ############################################################################
2025-07-31 15:30:56,586 INFO  [io.api.tes.uti.TestSeparator] (main) io.apicurio.tests.serdes.apicurio.AvroSerdeIT.testRecordIdStrategydFindLatest-STARTED
2025-07-31 15:30:56,586 INFO  [io.api.tes.ser.api.AvroSerdeIT] (main) Registering Avro Schema: {"type":"record","name":"s62ced62cxf13ex4906xafbaxad65f746ce11","namespace":"sbd630c06x0d1bx49e4x8a10x1f0afcccb201","fields":[{"name":"key11753975856586","type":"string"}]}
2025-07-31 15:30:57,671 INFO  [org.apa.kaf.cli.pro.ProducerConfig] (main) ProducerConfig values: 
	acks = -1
	auto.include.jmx.reporter = true
	batch.size = 16384
	bootstrap.servers = [PLAINTEXT://localhost:32770]
	buffer.memory = 33554432
	client.dns.lookup = use_all_dns_ips
	client.id = Producer-topic-f3cd9f46_1d18_4144_8c00_93974affa1fc
	compression.gzip.level = -1
	compression.lz4.level = 9
	compression.type = none
	compression.zstd.level = 3
	connections.max.idle.ms = 10000
	delivery.timeout.ms = 120000
	enable.idempotence = true
	enable.metrics.push = true
	interceptor.classes = []
	key.serializer = class org.apache.kafka.common.serialization.StringSerializer
	linger.ms = 0
	max.block.ms = 60000
	max.in.flight.requests.per.connection = 5
	max.request.size = 1048576
	metadata.max.age.ms = 300000
	metadata.max.idle.ms = 300000
	metadata.recovery.strategy = none
	metric.reporters = []
	metrics.num.samples = 2
	metrics.recording.level = INFO
	metrics.sample.window.ms = 30000
	partitioner.adaptive.partitioning.enable = true
	partitioner.availability.timeout.ms = 0
	partitioner.class = null
	partitioner.ignore.keys = false
	receive.buffer.bytes = 32768
	reconnect.backoff.max.ms = 1000
	reconnect.backoff.ms = 50
	request.timeout.ms = 5000
	retries = 2147483647
	retry.backoff.max.ms = 1000
	retry.backoff.ms = 100
	sasl.client.callback.handler.class = null
	sasl.jaas.config = null
	sasl.kerberos.kinit.cmd = /usr/bin/kinit
	sasl.kerberos.min.time.before.relogin = 60000
	sasl.kerberos.service.name = null
	sasl.kerberos.ticket.renew.jitter = 0.05
	sasl.kerberos.ticket.renew.window.factor = 0.8
	sasl.login.callback.handler.class = null
	sasl.login.class = null
	sasl.login.connect.timeout.ms = null
	sasl.login.read.timeout.ms = null
	sasl.login.refresh.buffer.seconds = 300
	sasl.login.refresh.min.period.seconds = 60
	sasl.login.refresh.window.factor = 0.8
	sasl.login.refresh.window.jitter = 0.05
	sasl.login.retry.backoff.max.ms = 10000
	sasl.login.retry.backoff.ms = 100
	sasl.mechanism = GSSAPI
	sasl.oauthbearer.clock.skew.seconds = 30
	sasl.oauthbearer.expected.audience = null
	sasl.oauthbearer.expected.issuer = null
	sasl.oauthbearer.header.urlencode = false
	sasl.oauthbearer.jwks.endpoint.refresh.ms = 3600000
	sasl.oauthbearer.jwks.endpoint.retry.backoff.max.ms = 10000
	sasl.oauthbearer.jwks.endpoint.retry.backoff.ms = 100
	sasl.oauthbearer.jwks.endpoint.url = null
	sasl.oauthbearer.scope.claim.name = scope
	sasl.oauthbearer.sub.claim.name = sub
	sasl.oauthbearer.token.endpoint.url = null
	security.protocol = PLAINTEXT
	security.providers = null
	send.buffer.bytes = 131072
	socket.connection.setup.timeout.max.ms = 30000
	socket.connection.setup.timeout.ms = 10000
	ssl.cipher.suites = null
	ssl.enabled.protocols = [TLSv1.2, TLSv1.3]
	ssl.endpoint.identification.algorithm = https
	ssl.engine.factory.class = null
	ssl.key.password = null
	ssl.keymanager.algorithm = SunX509
	ssl.keystore.certificate.chain = null
	ssl.keystore.key = null
	ssl.keystore.location = null
	ssl.keystore.password = null
	ssl.keystore.type = JKS
	ssl.protocol = TLSv1.3
	ssl.provider = null
	ssl.secure.random.implementation = null
	ssl.trustmanager.algorithm = PKIX
	ssl.truststore.certificates = null
	ssl.truststore.location = null
	ssl.truststore.password = null
	ssl.truststore.type = JKS
	transaction.timeout.ms = 60000
	transactional.id = null
	value.serializer = class io.apicurio.registry.serde.avro.AvroKafkaSerializer

2025-07-31 15:30:57,672 INFO  [org.apa.kaf.com.tel.int.KafkaMetricsCollector] (main) initializing Kafka metrics collector
2025-07-31 15:30:57,675 INFO  [org.apa.kaf.cli.pro.KafkaProducer] (main) [Producer clientId=Producer-topic-f3cd9f46_1d18_4144_8c00_93974affa1fc] Instantiated an idempotent producer.
2025-07-31 15:30:57,680 INFO  [org.apa.kaf.cli.pro.ProducerConfig] (main) These configurations '[apicurio.registry.find-latest, apicurio.registry.url, apicurio.registry.artifact-resolver-strategy]' were supplied but are not used yet.
2025-07-31 15:30:57,680 INFO  [org.apa.kaf.com.uti.AppInfoParser] (main) Kafka version: 3.9.0
2025-07-31 15:30:57,680 INFO  [org.apa.kaf.com.uti.AppInfoParser] (main) Kafka commitId: 84caaa6e9da06435
2025-07-31 15:30:57,680 INFO  [org.apa.kaf.com.uti.AppInfoParser] (main) Kafka startTimeMs: 1753975857680
2025-07-31 15:30:57,681 INFO  [io.api.tes.ser.api.SimpleSerdesTesterBuilder$SimpleSerdesTester] (main) Using producer configuration: {apicurio.registry.find-latest=true, apicurio.registry.url=http://registry-app-mysql.apps.ci419.apicurio-testing.org:80/apis/registry/v3, apicurio.registry.artifact-resolver-strategy=io.apicurio.registry.serde.avro.strategy.RecordIdStrategy, value.serializer=io.apicurio.registry.serde.avro.AvroKafkaSerializer, request.timeout.ms=5000, acks=all, bootstrap.servers=PLAINTEXT://localhost:32770, connections.max.idle.ms=10000, key.serializer=org.apache.kafka.common.serialization.StringSerializer, client.id=Producer-topic-f3cd9f46_1d18_4144_8c00_93974affa1fc}
2025-07-31 15:30:57,681 INFO  [io.api.tes.ser.api.SimpleSerdesTesterBuilder$SimpleSerdesTester] (main) Using consumer configuration: {}
2025-07-31 15:30:57,681 INFO  [io.api.tes.ser.api.KafkaSerdesTester] (Thread-147) Sending message {"key11753975856586": "value-0"} to topic topic-f3cd9f46_1d18_4144_8c00_93974affa1fc
2025-07-31 15:30:57,684 INFO  [org.apa.kaf.cli.Metadata] (kafka-producer-network-thread | Producer-topic-f3cd9f46_1d18_4144_8c00_93974affa1fc) [Producer clientId=Producer-topic-f3cd9f46_1d18_4144_8c00_93974affa1fc] Cluster ID: u8-Iy8eKRM2xsCw1W024xw
2025-07-31 15:30:57,684 INFO  [org.apa.kaf.cli.pro.int.TransactionManager] (kafka-producer-network-thread | Producer-topic-f3cd9f46_1d18_4144_8c00_93974affa1fc) [Producer clientId=Producer-topic-f3cd9f46_1d18_4144_8c00_93974affa1fc] ProducerId set to 5 with epoch 0
2025-07-31 15:30:57,798 INFO  [io.api.tes.ser.api.KafkaSerdesTester] (Thread-147) Sending message {"key11753975856586": "value-1"} to topic topic-f3cd9f46_1d18_4144_8c00_93974affa1fc
2025-07-31 15:30:57,800 INFO  [io.api.tes.ser.api.KafkaSerdesTester] (Thread-147) Sending message {"key11753975856586": "value-2"} to topic topic-f3cd9f46_1d18_4144_8c00_93974affa1fc
2025-07-31 15:30:57,803 INFO  [io.api.tes.ser.api.KafkaSerdesTester] (Thread-147) Sending message {"key11753975856586": "value-3"} to topic topic-f3cd9f46_1d18_4144_8c00_93974affa1fc
2025-07-31 15:30:57,806 INFO  [io.api.tes.ser.api.KafkaSerdesTester] (Thread-147) Sending message {"key11753975856586": "value-4"} to topic topic-f3cd9f46_1d18_4144_8c00_93974affa1fc
2025-07-31 15:30:57,811 INFO  [io.api.tes.ser.api.KafkaSerdesTester] (Thread-147) Sending message {"key11753975856586": "value-5"} to topic topic-f3cd9f46_1d18_4144_8c00_93974affa1fc
2025-07-31 15:30:57,813 INFO  [io.api.tes.ser.api.KafkaSerdesTester] (Thread-147) Sending message {"key11753975856586": "value-6"} to topic topic-f3cd9f46_1d18_4144_8c00_93974affa1fc
2025-07-31 15:30:57,818 INFO  [io.api.tes.ser.api.KafkaSerdesTester] (Thread-147) Sending message {"key11753975856586": "value-7"} to topic topic-f3cd9f46_1d18_4144_8c00_93974affa1fc
2025-07-31 15:30:57,820 INFO  [io.api.tes.ser.api.KafkaSerdesTester] (Thread-147) Sending message {"key11753975856586": "value-8"} to topic topic-f3cd9f46_1d18_4144_8c00_93974affa1fc
2025-07-31 15:30:57,823 INFO  [io.api.tes.ser.api.KafkaSerdesTester] (Thread-147) Sending message {"key11753975856586": "value-9"} to topic topic-f3cd9f46_1d18_4144_8c00_93974affa1fc
2025-07-31 15:30:57,825 INFO  [io.api.tes.ser.api.KafkaSerdesTester] (Thread-147) Produced 10 messages
2025-07-31 15:30:57,825 INFO  [org.apa.kaf.cli.pro.KafkaProducer] (Thread-147) [Producer clientId=Producer-topic-f3cd9f46_1d18_4144_8c00_93974affa1fc] Closing the Kafka producer with timeoutMillis = 9223372036854775807 ms.
2025-07-31 15:30:57,828 INFO  [org.apa.kaf.com.met.Metrics] (Thread-147) Metrics scheduler closed
2025-07-31 15:30:57,828 INFO  [org.apa.kaf.com.met.Metrics] (Thread-147) Closing reporter org.apache.kafka.common.metrics.JmxReporter
2025-07-31 15:30:57,828 INFO  [org.apa.kaf.com.met.Metrics] (Thread-147) Closing reporter org.apache.kafka.common.telemetry.internals.ClientTelemetryReporter
2025-07-31 15:30:57,828 INFO  [org.apa.kaf.com.met.Metrics] (Thread-147) Metrics reporters closed
2025-07-31 15:30:57,828 INFO  [org.apa.kaf.com.uti.AppInfoParser] (Thread-147) App info kafka.producer for Producer-topic-f3cd9f46_1d18_4144_8c00_93974affa1fc unregistered
2025-07-31 15:30:57,832 INFO  [org.apa.kaf.cli.con.ConsumerConfig] (main) ConsumerConfig values: 
	allow.auto.create.topics = true
	auto.commit.interval.ms = 500
	auto.include.jmx.reporter = true
	auto.offset.reset = earliest
	bootstrap.servers = [PLAINTEXT://localhost:32770]
	check.crcs = true
	client.dns.lookup = use_all_dns_ips
	client.id = consumer-Consumer-topic-f3cd9f46_1d18_4144_8c00_93974affa1fc-5
	client.rack = 
	connections.max.idle.ms = 10000
	default.api.timeout.ms = 60000
	enable.auto.commit = true
	enable.metrics.push = true
	exclude.internal.topics = true
	fetch.max.bytes = 52428800
	fetch.max.wait.ms = 500
	fetch.min.bytes = 1
	group.id = Consumer-topic-f3cd9f46_1d18_4144_8c00_93974affa1fc
	group.instance.id = null
	group.protocol = classic
	group.remote.assignor = null
	heartbeat.interval.ms = 3000
	interceptor.classes = []
	internal.leave.group.on.close = true
	internal.throw.on.fetch.stable.offset.unsupported = false
	isolation.level = read_uncommitted
	key.deserializer = class org.apache.kafka.common.serialization.StringDeserializer
	max.partition.fetch.bytes = 1048576
	max.poll.interval.ms = 300000
	max.poll.records = 500
	metadata.max.age.ms = 300000
	metadata.recovery.strategy = none
	metric.reporters = []
	metrics.num.samples = 2
	metrics.recording.level = INFO
	metrics.sample.window.ms = 30000
	partition.assignment.strategy = [class org.apache.kafka.clients.consumer.RangeAssignor, class org.apache.kafka.clients.consumer.CooperativeStickyAssignor]
	receive.buffer.bytes = 65536
	reconnect.backoff.max.ms = 1000
	reconnect.backoff.ms = 50
	request.timeout.ms = 5000
	retry.backoff.max.ms = 1000
	retry.backoff.ms = 100
	sasl.client.callback.handler.class = null
	sasl.jaas.config = null
	sasl.kerberos.kinit.cmd = /usr/bin/kinit
	sasl.kerberos.min.time.before.relogin = 60000
	sasl.kerberos.service.name = null
	sasl.kerberos.ticket.renew.jitter = 0.05
	sasl.kerberos.ticket.renew.window.factor = 0.8
	sasl.login.callback.handler.class = null
	sasl.login.class = null
	sasl.login.connect.timeout.ms = null
	sasl.login.read.timeout.ms = null
	sasl.login.refresh.buffer.seconds = 300
	sasl.login.refresh.min.period.seconds = 60
	sasl.login.refresh.window.factor = 0.8
	sasl.login.refresh.window.jitter = 0.05
	sasl.login.retry.backoff.max.ms = 10000
	sasl.login.retry.backoff.ms = 100
	sasl.mechanism = GSSAPI
	sasl.oauthbearer.clock.skew.seconds = 30
	sasl.oauthbearer.expected.audience = null
	sasl.oauthbearer.expected.issuer = null
	sasl.oauthbearer.header.urlencode = false
	sasl.oauthbearer.jwks.endpoint.refresh.ms = 3600000
	sasl.oauthbearer.jwks.endpoint.retry.backoff.max.ms = 10000
	sasl.oauthbearer.jwks.endpoint.retry.backoff.ms = 100
	sasl.oauthbearer.jwks.endpoint.url = null
	sasl.oauthbearer.scope.claim.name = scope
	sasl.oauthbearer.sub.claim.name = sub
	sasl.oauthbearer.token.endpoint.url = null
	security.protocol = PLAINTEXT
	security.providers = null
	send.buffer.bytes = 131072
	session.timeout.ms = 45000
	socket.connection.setup.timeout.max.ms = 30000
	socket.connection.setup.timeout.ms = 10000
	ssl.cipher.suites = null
	ssl.enabled.protocols = [TLSv1.2, TLSv1.3]
	ssl.endpoint.identification.algorithm = https
	ssl.engine.factory.class = null
	ssl.key.password = null
	ssl.keymanager.algorithm = SunX509
	ssl.keystore.certificate.chain = null
	ssl.keystore.key = null
	ssl.keystore.location = null
	ssl.keystore.password = null
	ssl.keystore.type = JKS
	ssl.protocol = TLSv1.3
	ssl.provider = null
	ssl.secure.random.implementation = null
	ssl.trustmanager.algorithm = PKIX
	ssl.truststore.certificates = null
	ssl.truststore.location = null
	ssl.truststore.password = null
	ssl.truststore.type = JKS
	value.deserializer = class io.apicurio.registry.serde.avro.AvroKafkaDeserializer

2025-07-31 15:30:57,834 INFO  [org.apa.kaf.com.tel.int.KafkaMetricsCollector] (main) initializing Kafka metrics collector
2025-07-31 15:30:57,846 INFO  [org.apa.kaf.cli.con.ConsumerConfig] (main) These configurations '[apicurio.registry.url]' were supplied but are not used yet.
2025-07-31 15:30:57,846 INFO  [org.apa.kaf.com.uti.AppInfoParser] (main) Kafka version: 3.9.0
2025-07-31 15:30:57,846 INFO  [org.apa.kaf.com.uti.AppInfoParser] (main) Kafka commitId: 84caaa6e9da06435
2025-07-31 15:30:57,846 INFO  [org.apa.kaf.com.uti.AppInfoParser] (main) Kafka startTimeMs: 1753975857846
2025-07-31 15:30:57,847 INFO  [org.apa.kaf.cli.con.int.ClassicKafkaConsumer] (Thread-150) [Consumer clientId=consumer-Consumer-topic-f3cd9f46_1d18_4144_8c00_93974affa1fc-5, groupId=Consumer-topic-f3cd9f46_1d18_4144_8c00_93974affa1fc] Subscribed to topic(s): topic-f3cd9f46_1d18_4144_8c00_93974affa1fc
2025-07-31 15:30:57,855 INFO  [org.apa.kaf.cli.Metadata] (Thread-150) [Consumer clientId=consumer-Consumer-topic-f3cd9f46_1d18_4144_8c00_93974affa1fc-5, groupId=Consumer-topic-f3cd9f46_1d18_4144_8c00_93974affa1fc] Cluster ID: u8-Iy8eKRM2xsCw1W024xw
2025-07-31 15:30:57,858 INFO  [org.apa.kaf.cli.con.int.ConsumerCoordinator] (Thread-150) [Consumer clientId=consumer-Consumer-topic-f3cd9f46_1d18_4144_8c00_93974affa1fc-5, groupId=Consumer-topic-f3cd9f46_1d18_4144_8c00_93974affa1fc] Discovered group coordinator localhost:32770 (id: 2147483647 rack: null)
2025-07-31 15:30:57,862 INFO  [org.apa.kaf.cli.con.int.ConsumerCoordinator] (Thread-150) [Consumer clientId=consumer-Consumer-topic-f3cd9f46_1d18_4144_8c00_93974affa1fc-5, groupId=Consumer-topic-f3cd9f46_1d18_4144_8c00_93974affa1fc] (Re-)joining group
2025-07-31 15:30:57,865 INFO  [org.apa.kaf.cli.con.int.ConsumerCoordinator] (Thread-150) [Consumer clientId=consumer-Consumer-topic-f3cd9f46_1d18_4144_8c00_93974affa1fc-5, groupId=Consumer-topic-f3cd9f46_1d18_4144_8c00_93974affa1fc] Request joining group due to: need to re-join with the given member-id: consumer-Consumer-topic-f3cd9f46_1d18_4144_8c00_93974affa1fc-5-15209976-e349-4e68-895c-b79e4454f9d1
2025-07-31 15:30:57,865 INFO  [org.apa.kaf.cli.con.int.ConsumerCoordinator] (Thread-150) [Consumer clientId=consumer-Consumer-topic-f3cd9f46_1d18_4144_8c00_93974affa1fc-5, groupId=Consumer-topic-f3cd9f46_1d18_4144_8c00_93974affa1fc] (Re-)joining group
2025-07-31 15:30:57,867 INFO  [org.apa.kaf.cli.con.int.ConsumerCoordinator] (Thread-150) [Consumer clientId=consumer-Consumer-topic-f3cd9f46_1d18_4144_8c00_93974affa1fc-5, groupId=Consumer-topic-f3cd9f46_1d18_4144_8c00_93974affa1fc] Successfully joined group with generation Generation{generationId=1, memberId='consumer-Consumer-topic-f3cd9f46_1d18_4144_8c00_93974affa1fc-5-15209976-e349-4e68-895c-b79e4454f9d1', protocol='range'}
2025-07-31 15:30:57,868 INFO  [org.apa.kaf.cli.con.int.ConsumerCoordinator] (Thread-150) [Consumer clientId=consumer-Consumer-topic-f3cd9f46_1d18_4144_8c00_93974affa1fc-5, groupId=Consumer-topic-f3cd9f46_1d18_4144_8c00_93974affa1fc] Finished assignment for group at generation 1: {consumer-Consumer-topic-f3cd9f46_1d18_4144_8c00_93974affa1fc-5-15209976-e349-4e68-895c-b79e4454f9d1=Assignment(partitions=[topic-f3cd9f46_1d18_4144_8c00_93974affa1fc-0])}
2025-07-31 15:30:57,871 INFO  [org.apa.kaf.cli.con.int.ConsumerCoordinator] (Thread-150) [Consumer clientId=consumer-Consumer-topic-f3cd9f46_1d18_4144_8c00_93974affa1fc-5, groupId=Consumer-topic-f3cd9f46_1d18_4144_8c00_93974affa1fc] Successfully synced group in generation Generation{generationId=1, memberId='consumer-Consumer-topic-f3cd9f46_1d18_4144_8c00_93974affa1fc-5-15209976-e349-4e68-895c-b79e4454f9d1', protocol='range'}
2025-07-31 15:30:57,871 INFO  [org.apa.kaf.cli.con.int.ConsumerCoordinator] (Thread-150) [Consumer clientId=consumer-Consumer-topic-f3cd9f46_1d18_4144_8c00_93974affa1fc-5, groupId=Consumer-topic-f3cd9f46_1d18_4144_8c00_93974affa1fc] Notifying assignor about the new Assignment(partitions=[topic-f3cd9f46_1d18_4144_8c00_93974affa1fc-0])
2025-07-31 15:30:57,871 INFO  [org.apa.kaf.cli.con.int.ConsumerRebalanceListenerInvoker] (Thread-150) [Consumer clientId=consumer-Consumer-topic-f3cd9f46_1d18_4144_8c00_93974affa1fc-5, groupId=Consumer-topic-f3cd9f46_1d18_4144_8c00_93974affa1fc] Adding newly assigned partitions: topic-f3cd9f46_1d18_4144_8c00_93974affa1fc-0
2025-07-31 15:30:57,873 INFO  [org.apa.kaf.cli.con.int.ConsumerCoordinator] (Thread-150) [Consumer clientId=consumer-Consumer-topic-f3cd9f46_1d18_4144_8c00_93974affa1fc-5, groupId=Consumer-topic-f3cd9f46_1d18_4144_8c00_93974affa1fc] Found no committed offset for partition topic-f3cd9f46_1d18_4144_8c00_93974affa1fc-0
2025-07-31 15:30:57,880 INFO  [org.apa.kaf.cli.con.int.SubscriptionState] (Thread-150) [Consumer clientId=consumer-Consumer-topic-f3cd9f46_1d18_4144_8c00_93974affa1fc-5, groupId=Consumer-topic-f3cd9f46_1d18_4144_8c00_93974affa1fc] Resetting offset for partition topic-f3cd9f46_1d18_4144_8c00_93974affa1fc-0 to position FetchPosition{offset=0, offsetEpoch=Optional.empty, currentLeader=LeaderAndEpoch{leader=Optional[localhost:32770 (id: 0 rack: null)], epoch=0}}.
2025-07-31 15:30:57,967 INFO  [io.api.tes.ser.api.KafkaSerdesTester] (Thread-150) topic-f3cd9f46_1d18_4144_8c00_93974affa1fc 0 0 {"key11753975856586": "value-0"}
2025-07-31 15:30:57,967 INFO  [io.api.tes.ser.api.KafkaSerdesTester] (Thread-150) topic-f3cd9f46_1d18_4144_8c00_93974affa1fc 0 1 {"key11753975856586": "value-1"}
2025-07-31 15:30:57,967 INFO  [io.api.tes.ser.api.KafkaSerdesTester] (Thread-150) topic-f3cd9f46_1d18_4144_8c00_93974affa1fc 0 2 {"key11753975856586": "value-2"}
2025-07-31 15:30:57,967 INFO  [io.api.tes.ser.api.KafkaSerdesTester] (Thread-150) topic-f3cd9f46_1d18_4144_8c00_93974affa1fc 0 3 {"key11753975856586": "value-3"}
2025-07-31 15:30:57,967 INFO  [io.api.tes.ser.api.KafkaSerdesTester] (Thread-150) topic-f3cd9f46_1d18_4144_8c00_93974affa1fc 0 4 {"key11753975856586": "value-4"}
2025-07-31 15:30:57,967 INFO  [io.api.tes.ser.api.KafkaSerdesTester] (Thread-150) topic-f3cd9f46_1d18_4144_8c00_93974affa1fc 0 5 {"key11753975856586": "value-5"}
2025-07-31 15:30:57,967 INFO  [io.api.tes.ser.api.KafkaSerdesTester] (Thread-150) topic-f3cd9f46_1d18_4144_8c00_93974affa1fc 0 6 {"key11753975856586": "value-6"}
2025-07-31 15:30:57,968 INFO  [io.api.tes.ser.api.KafkaSerdesTester] (Thread-150) topic-f3cd9f46_1d18_4144_8c00_93974affa1fc 0 7 {"key11753975856586": "value-7"}
2025-07-31 15:30:57,968 INFO  [io.api.tes.ser.api.KafkaSerdesTester] (Thread-150) topic-f3cd9f46_1d18_4144_8c00_93974affa1fc 0 8 {"key11753975856586": "value-8"}
2025-07-31 15:30:57,968 INFO  [io.api.tes.ser.api.KafkaSerdesTester] (Thread-150) topic-f3cd9f46_1d18_4144_8c00_93974affa1fc 0 9 {"key11753975856586": "value-9"}
2025-07-31 15:30:57,968 INFO  [io.api.tes.ser.api.KafkaSerdesTester] (Thread-150) Consumed 10 messages
2025-07-31 15:30:57,973 INFO  [org.apa.kaf.cli.con.int.ConsumerRebalanceListenerInvoker] (Thread-150) [Consumer clientId=consumer-Consumer-topic-f3cd9f46_1d18_4144_8c00_93974affa1fc-5, groupId=Consumer-topic-f3cd9f46_1d18_4144_8c00_93974affa1fc] Revoke previously assigned partitions topic-f3cd9f46_1d18_4144_8c00_93974affa1fc-0
2025-07-31 15:30:57,973 INFO  [org.apa.kaf.cli.con.int.ConsumerCoordinator] (Thread-150) [Consumer clientId=consumer-Consumer-topic-f3cd9f46_1d18_4144_8c00_93974affa1fc-5, groupId=Consumer-topic-f3cd9f46_1d18_4144_8c00_93974affa1fc] Member consumer-Consumer-topic-f3cd9f46_1d18_4144_8c00_93974affa1fc-5-15209976-e349-4e68-895c-b79e4454f9d1 sending LeaveGroup request to coordinator localhost:32770 (id: 2147483647 rack: null) due to the consumer is being closed
2025-07-31 15:30:57,975 INFO  [org.apa.kaf.cli.con.int.ConsumerCoordinator] (Thread-150) [Consumer clientId=consumer-Consumer-topic-f3cd9f46_1d18_4144_8c00_93974affa1fc-5, groupId=Consumer-topic-f3cd9f46_1d18_4144_8c00_93974affa1fc] Resetting generation and member id due to: consumer pro-actively leaving the group
2025-07-31 15:30:57,975 INFO  [org.apa.kaf.cli.con.int.ConsumerCoordinator] (Thread-150) [Consumer clientId=consumer-Consumer-topic-f3cd9f46_1d18_4144_8c00_93974affa1fc-5, groupId=Consumer-topic-f3cd9f46_1d18_4144_8c00_93974affa1fc] Request joining group due to: consumer pro-actively leaving the group
2025-07-31 15:30:58,469 INFO  [org.apa.kaf.com.met.Metrics] (Thread-150) Metrics scheduler closed
2025-07-31 15:30:58,470 INFO  [org.apa.kaf.com.met.Metrics] (Thread-150) Closing reporter org.apache.kafka.common.metrics.JmxReporter
2025-07-31 15:30:58,470 INFO  [org.apa.kaf.com.met.Metrics] (Thread-150) Closing reporter org.apache.kafka.common.telemetry.internals.ClientTelemetryReporter
2025-07-31 15:30:58,470 INFO  [org.apa.kaf.com.met.Metrics] (Thread-150) Metrics reporters closed
2025-07-31 15:30:58,473 INFO  [org.apa.kaf.com.uti.AppInfoParser] (Thread-150) App info kafka.consumer for consumer-Consumer-topic-f3cd9f46_1d18_4144_8c00_93974affa1fc-5 unregistered
2025-07-31 15:30:58,473 INFO  [io.api.tes.uti.TestSeparator] (main) io.apicurio.tests.serdes.apicurio.AvroSerdeIT.testRecordIdStrategydFindLatest-FINISHED
2025-07-31 15:30:58,473 INFO  [io.api.tes.uti.TestSeparator] (main) ############################################################################
]]></system-out>
  </testcase>
  <testcase name="testReflectAutoRegister" classname="io.apicurio.tests.serdes.apicurio.AvroSerdeIT" time="0.966">
    <system-out><![CDATA[2025-07-31 15:30:58,475 INFO  [io.api.tes.uti.TestSeparator] (main) ############################################################################
2025-07-31 15:30:58,478 INFO  [io.api.tes.uti.TestSeparator] (main) io.apicurio.tests.serdes.apicurio.AvroSerdeIT.testReflectAutoRegister-STARTED
2025-07-31 15:30:58,482 INFO  [org.apa.kaf.cli.pro.ProducerConfig] (main) ProducerConfig values: 
	acks = -1
	auto.include.jmx.reporter = true
	batch.size = 16384
	bootstrap.servers = [PLAINTEXT://localhost:32770]
	buffer.memory = 33554432
	client.dns.lookup = use_all_dns_ips
	client.id = Producer-topic-d3f308bb_48d5_4eef_9a81_bdfc2b069ce8
	compression.gzip.level = -1
	compression.lz4.level = 9
	compression.type = none
	compression.zstd.level = 3
	connections.max.idle.ms = 10000
	delivery.timeout.ms = 120000
	enable.idempotence = true
	enable.metrics.push = true
	interceptor.classes = []
	key.serializer = class org.apache.kafka.common.serialization.StringSerializer
	linger.ms = 0
	max.block.ms = 60000
	max.in.flight.requests.per.connection = 5
	max.request.size = 1048576
	metadata.max.age.ms = 300000
	metadata.max.idle.ms = 300000
	metadata.recovery.strategy = none
	metric.reporters = []
	metrics.num.samples = 2
	metrics.recording.level = INFO
	metrics.sample.window.ms = 30000
	partitioner.adaptive.partitioning.enable = true
	partitioner.availability.timeout.ms = 0
	partitioner.class = null
	partitioner.ignore.keys = false
	receive.buffer.bytes = 32768
	reconnect.backoff.max.ms = 1000
	reconnect.backoff.ms = 50
	request.timeout.ms = 5000
	retries = 2147483647
	retry.backoff.max.ms = 1000
	retry.backoff.ms = 100
	sasl.client.callback.handler.class = null
	sasl.jaas.config = null
	sasl.kerberos.kinit.cmd = /usr/bin/kinit
	sasl.kerberos.min.time.before.relogin = 60000
	sasl.kerberos.service.name = null
	sasl.kerberos.ticket.renew.jitter = 0.05
	sasl.kerberos.ticket.renew.window.factor = 0.8
	sasl.login.callback.handler.class = null
	sasl.login.class = null
	sasl.login.connect.timeout.ms = null
	sasl.login.read.timeout.ms = null
	sasl.login.refresh.buffer.seconds = 300
	sasl.login.refresh.min.period.seconds = 60
	sasl.login.refresh.window.factor = 0.8
	sasl.login.refresh.window.jitter = 0.05
	sasl.login.retry.backoff.max.ms = 10000
	sasl.login.retry.backoff.ms = 100
	sasl.mechanism = GSSAPI
	sasl.oauthbearer.clock.skew.seconds = 30
	sasl.oauthbearer.expected.audience = null
	sasl.oauthbearer.expected.issuer = null
	sasl.oauthbearer.header.urlencode = false
	sasl.oauthbearer.jwks.endpoint.refresh.ms = 3600000
	sasl.oauthbearer.jwks.endpoint.retry.backoff.max.ms = 10000
	sasl.oauthbearer.jwks.endpoint.retry.backoff.ms = 100
	sasl.oauthbearer.jwks.endpoint.url = null
	sasl.oauthbearer.scope.claim.name = scope
	sasl.oauthbearer.sub.claim.name = sub
	sasl.oauthbearer.token.endpoint.url = null
	security.protocol = PLAINTEXT
	security.providers = null
	send.buffer.bytes = 131072
	socket.connection.setup.timeout.max.ms = 30000
	socket.connection.setup.timeout.ms = 10000
	ssl.cipher.suites = null
	ssl.enabled.protocols = [TLSv1.2, TLSv1.3]
	ssl.endpoint.identification.algorithm = https
	ssl.engine.factory.class = null
	ssl.key.password = null
	ssl.keymanager.algorithm = SunX509
	ssl.keystore.certificate.chain = null
	ssl.keystore.key = null
	ssl.keystore.location = null
	ssl.keystore.password = null
	ssl.keystore.type = JKS
	ssl.protocol = TLSv1.3
	ssl.provider = null
	ssl.secure.random.implementation = null
	ssl.trustmanager.algorithm = PKIX
	ssl.truststore.certificates = null
	ssl.truststore.location = null
	ssl.truststore.password = null
	ssl.truststore.type = JKS
	transaction.timeout.ms = 60000
	transactional.id = null
	value.serializer = class io.apicurio.registry.serde.avro.AvroKafkaSerializer

2025-07-31 15:30:58,483 INFO  [org.apa.kaf.com.tel.int.KafkaMetricsCollector] (main) initializing Kafka metrics collector
2025-07-31 15:30:58,496 INFO  [org.apa.kaf.cli.pro.KafkaProducer] (main) [Producer clientId=Producer-topic-d3f308bb_48d5_4eef_9a81_bdfc2b069ce8] Instantiated an idempotent producer.
2025-07-31 15:30:58,500 INFO  [org.apa.kaf.cli.pro.ProducerConfig] (main) These configurations '[apicurio.registry.url, apicurio.registry.auto-register, apicurio.registry.artifact-resolver-strategy, apicurio.registry.avro-datum-provider]' were supplied but are not used yet.
2025-07-31 15:30:58,500 INFO  [org.apa.kaf.com.uti.AppInfoParser] (main) Kafka version: 3.9.0
2025-07-31 15:30:58,500 INFO  [org.apa.kaf.com.uti.AppInfoParser] (main) Kafka commitId: 84caaa6e9da06435
2025-07-31 15:30:58,500 INFO  [org.apa.kaf.com.uti.AppInfoParser] (main) Kafka startTimeMs: 1753975858500
2025-07-31 15:30:58,500 INFO  [io.api.tes.ser.api.SimpleSerdesTesterBuilder$SimpleSerdesTester] (main) Using producer configuration: {apicurio.registry.url=http://registry-app-mysql.apps.ci419.apicurio-testing.org:80/apis/registry/v3, apicurio.registry.auto-register=true, apicurio.registry.artifact-resolver-strategy=io.apicurio.registry.serde.strategy.TopicIdStrategy, value.serializer=io.apicurio.registry.serde.avro.AvroKafkaSerializer, request.timeout.ms=5000, acks=all, bootstrap.servers=PLAINTEXT://localhost:32770, connections.max.idle.ms=10000, key.serializer=org.apache.kafka.common.serialization.StringSerializer, apicurio.registry.avro-datum-provider=io.apicurio.registry.serde.avro.ReflectAvroDatumProvider, client.id=Producer-topic-d3f308bb_48d5_4eef_9a81_bdfc2b069ce8}
2025-07-31 15:30:58,500 INFO  [io.api.tes.ser.api.SimpleSerdesTesterBuilder$SimpleSerdesTester] (main) Using consumer configuration: {apicurio.registry.avro-datum-provider=io.apicurio.registry.serde.avro.ReflectAvroDatumProvider}
2025-07-31 15:30:58,502 INFO  [io.api.tes.ser.api.KafkaSerdesTester] (Thread-153) Sending message io.apicurio.tests.common.serdes.TestObject@3dbd29cb to topic topic-d3f308bb_48d5_4eef_9a81_bdfc2b069ce8
2025-07-31 15:30:58,515 WARN  [org.apa.kaf.cli.NetworkClient] (kafka-producer-network-thread | Producer-topic-d3f308bb_48d5_4eef_9a81_bdfc2b069ce8) [Producer clientId=Producer-topic-d3f308bb_48d5_4eef_9a81_bdfc2b069ce8] The metadata response from the cluster reported a recoverable issue with correlation id 2 : {topic-d3f308bb_48d5_4eef_9a81_bdfc2b069ce8=LEADER_NOT_AVAILABLE}
2025-07-31 15:30:58,516 INFO  [org.apa.kaf.cli.Metadata] (kafka-producer-network-thread | Producer-topic-d3f308bb_48d5_4eef_9a81_bdfc2b069ce8) [Producer clientId=Producer-topic-d3f308bb_48d5_4eef_9a81_bdfc2b069ce8] Cluster ID: u8-Iy8eKRM2xsCw1W024xw
2025-07-31 15:30:58,516 INFO  [org.apa.kaf.cli.pro.int.TransactionManager] (kafka-producer-network-thread | Producer-topic-d3f308bb_48d5_4eef_9a81_bdfc2b069ce8) [Producer clientId=Producer-topic-d3f308bb_48d5_4eef_9a81_bdfc2b069ce8] ProducerId set to 6 with epoch 0
2025-07-31 15:30:58,726 INFO  [io.api.tes.ser.api.KafkaSerdesTester] (Thread-153) Sending message io.apicurio.tests.common.serdes.TestObject@3dbd29cb to topic topic-d3f308bb_48d5_4eef_9a81_bdfc2b069ce8
2025-07-31 15:30:58,729 INFO  [io.api.tes.ser.api.KafkaSerdesTester] (Thread-153) Sending message io.apicurio.tests.common.serdes.TestObject@3dbd29cb to topic topic-d3f308bb_48d5_4eef_9a81_bdfc2b069ce8
2025-07-31 15:30:58,732 INFO  [io.api.tes.ser.api.KafkaSerdesTester] (Thread-153) Sending message io.apicurio.tests.common.serdes.TestObject@3dbd29cb to topic topic-d3f308bb_48d5_4eef_9a81_bdfc2b069ce8
2025-07-31 15:30:58,734 INFO  [io.api.tes.ser.api.KafkaSerdesTester] (Thread-153) Sending message io.apicurio.tests.common.serdes.TestObject@3dbd29cb to topic topic-d3f308bb_48d5_4eef_9a81_bdfc2b069ce8
2025-07-31 15:30:58,736 INFO  [io.api.tes.ser.api.KafkaSerdesTester] (Thread-153) Sending message io.apicurio.tests.common.serdes.TestObject@3dbd29cb to topic topic-d3f308bb_48d5_4eef_9a81_bdfc2b069ce8
2025-07-31 15:30:58,739 INFO  [io.api.tes.ser.api.KafkaSerdesTester] (Thread-153) Sending message io.apicurio.tests.common.serdes.TestObject@3dbd29cb to topic topic-d3f308bb_48d5_4eef_9a81_bdfc2b069ce8
2025-07-31 15:30:58,743 INFO  [io.api.tes.ser.api.KafkaSerdesTester] (Thread-153) Sending message io.apicurio.tests.common.serdes.TestObject@3dbd29cb to topic topic-d3f308bb_48d5_4eef_9a81_bdfc2b069ce8
2025-07-31 15:30:58,747 INFO  [io.api.tes.ser.api.KafkaSerdesTester] (Thread-153) Sending message io.apicurio.tests.common.serdes.TestObject@3dbd29cb to topic topic-d3f308bb_48d5_4eef_9a81_bdfc2b069ce8
2025-07-31 15:30:58,748 INFO  [io.api.tes.ser.api.KafkaSerdesTester] (Thread-153) Sending message io.apicurio.tests.common.serdes.TestObject@3dbd29cb to topic topic-d3f308bb_48d5_4eef_9a81_bdfc2b069ce8
2025-07-31 15:30:58,750 INFO  [io.api.tes.ser.api.KafkaSerdesTester] (Thread-153) Produced 10 messages
2025-07-31 15:30:58,750 INFO  [org.apa.kaf.cli.pro.KafkaProducer] (Thread-153) [Producer clientId=Producer-topic-d3f308bb_48d5_4eef_9a81_bdfc2b069ce8] Closing the Kafka producer with timeoutMillis = 9223372036854775807 ms.
2025-07-31 15:30:58,753 INFO  [org.apa.kaf.com.met.Metrics] (Thread-153) Metrics scheduler closed
2025-07-31 15:30:58,753 INFO  [org.apa.kaf.com.met.Metrics] (Thread-153) Closing reporter org.apache.kafka.common.metrics.JmxReporter
2025-07-31 15:30:58,753 INFO  [org.apa.kaf.com.met.Metrics] (Thread-153) Closing reporter org.apache.kafka.common.telemetry.internals.ClientTelemetryReporter
2025-07-31 15:30:58,753 INFO  [org.apa.kaf.com.met.Metrics] (Thread-153) Metrics reporters closed
2025-07-31 15:30:58,754 INFO  [org.apa.kaf.com.uti.AppInfoParser] (Thread-153) App info kafka.producer for Producer-topic-d3f308bb_48d5_4eef_9a81_bdfc2b069ce8 unregistered
2025-07-31 15:30:58,812 INFO  [org.apa.kaf.cli.con.ConsumerConfig] (main) ConsumerConfig values: 
	allow.auto.create.topics = true
	auto.commit.interval.ms = 500
	auto.include.jmx.reporter = true
	auto.offset.reset = earliest
	bootstrap.servers = [PLAINTEXT://localhost:32770]
	check.crcs = true
	client.dns.lookup = use_all_dns_ips
	client.id = consumer-Consumer-topic-d3f308bb_48d5_4eef_9a81_bdfc2b069ce8-6
	client.rack = 
	connections.max.idle.ms = 10000
	default.api.timeout.ms = 60000
	enable.auto.commit = true
	enable.metrics.push = true
	exclude.internal.topics = true
	fetch.max.bytes = 52428800
	fetch.max.wait.ms = 500
	fetch.min.bytes = 1
	group.id = Consumer-topic-d3f308bb_48d5_4eef_9a81_bdfc2b069ce8
	group.instance.id = null
	group.protocol = classic
	group.remote.assignor = null
	heartbeat.interval.ms = 3000
	interceptor.classes = []
	internal.leave.group.on.close = true
	internal.throw.on.fetch.stable.offset.unsupported = false
	isolation.level = read_uncommitted
	key.deserializer = class org.apache.kafka.common.serialization.StringDeserializer
	max.partition.fetch.bytes = 1048576
	max.poll.interval.ms = 300000
	max.poll.records = 500
	metadata.max.age.ms = 300000
	metadata.recovery.strategy = none
	metric.reporters = []
	metrics.num.samples = 2
	metrics.recording.level = INFO
	metrics.sample.window.ms = 30000
	partition.assignment.strategy = [class org.apache.kafka.clients.consumer.RangeAssignor, class org.apache.kafka.clients.consumer.CooperativeStickyAssignor]
	receive.buffer.bytes = 65536
	reconnect.backoff.max.ms = 1000
	reconnect.backoff.ms = 50
	request.timeout.ms = 5000
	retry.backoff.max.ms = 1000
	retry.backoff.ms = 100
	sasl.client.callback.handler.class = null
	sasl.jaas.config = null
	sasl.kerberos.kinit.cmd = /usr/bin/kinit
	sasl.kerberos.min.time.before.relogin = 60000
	sasl.kerberos.service.name = null
	sasl.kerberos.ticket.renew.jitter = 0.05
	sasl.kerberos.ticket.renew.window.factor = 0.8
	sasl.login.callback.handler.class = null
	sasl.login.class = null
	sasl.login.connect.timeout.ms = null
	sasl.login.read.timeout.ms = null
	sasl.login.refresh.buffer.seconds = 300
	sasl.login.refresh.min.period.seconds = 60
	sasl.login.refresh.window.factor = 0.8
	sasl.login.refresh.window.jitter = 0.05
	sasl.login.retry.backoff.max.ms = 10000
	sasl.login.retry.backoff.ms = 100
	sasl.mechanism = GSSAPI
	sasl.oauthbearer.clock.skew.seconds = 30
	sasl.oauthbearer.expected.audience = null
	sasl.oauthbearer.expected.issuer = null
	sasl.oauthbearer.header.urlencode = false
	sasl.oauthbearer.jwks.endpoint.refresh.ms = 3600000
	sasl.oauthbearer.jwks.endpoint.retry.backoff.max.ms = 10000
	sasl.oauthbearer.jwks.endpoint.retry.backoff.ms = 100
	sasl.oauthbearer.jwks.endpoint.url = null
	sasl.oauthbearer.scope.claim.name = scope
	sasl.oauthbearer.sub.claim.name = sub
	sasl.oauthbearer.token.endpoint.url = null
	security.protocol = PLAINTEXT
	security.providers = null
	send.buffer.bytes = 131072
	session.timeout.ms = 45000
	socket.connection.setup.timeout.max.ms = 30000
	socket.connection.setup.timeout.ms = 10000
	ssl.cipher.suites = null
	ssl.enabled.protocols = [TLSv1.2, TLSv1.3]
	ssl.endpoint.identification.algorithm = https
	ssl.engine.factory.class = null
	ssl.key.password = null
	ssl.keymanager.algorithm = SunX509
	ssl.keystore.certificate.chain = null
	ssl.keystore.key = null
	ssl.keystore.location = null
	ssl.keystore.password = null
	ssl.keystore.type = JKS
	ssl.protocol = TLSv1.3
	ssl.provider = null
	ssl.secure.random.implementation = null
	ssl.trustmanager.algorithm = PKIX
	ssl.truststore.certificates = null
	ssl.truststore.location = null
	ssl.truststore.password = null
	ssl.truststore.type = JKS
	value.deserializer = class io.apicurio.registry.serde.avro.AvroKafkaDeserializer

2025-07-31 15:30:58,812 INFO  [org.apa.kaf.com.tel.int.KafkaMetricsCollector] (main) initializing Kafka metrics collector
2025-07-31 15:30:58,817 INFO  [org.apa.kaf.cli.con.ConsumerConfig] (main) These configurations '[apicurio.registry.url, apicurio.registry.avro-datum-provider]' were supplied but are not used yet.
2025-07-31 15:30:58,817 INFO  [org.apa.kaf.com.uti.AppInfoParser] (main) Kafka version: 3.9.0
2025-07-31 15:30:58,817 INFO  [org.apa.kaf.com.uti.AppInfoParser] (main) Kafka commitId: 84caaa6e9da06435
2025-07-31 15:30:58,817 INFO  [org.apa.kaf.com.uti.AppInfoParser] (main) Kafka startTimeMs: 1753975858817
2025-07-31 15:30:58,817 INFO  [org.apa.kaf.cli.con.int.ClassicKafkaConsumer] (Thread-156) [Consumer clientId=consumer-Consumer-topic-d3f308bb_48d5_4eef_9a81_bdfc2b069ce8-6, groupId=Consumer-topic-d3f308bb_48d5_4eef_9a81_bdfc2b069ce8] Subscribed to topic(s): topic-d3f308bb_48d5_4eef_9a81_bdfc2b069ce8
2025-07-31 15:30:58,824 INFO  [org.apa.kaf.cli.Metadata] (Thread-156) [Consumer clientId=consumer-Consumer-topic-d3f308bb_48d5_4eef_9a81_bdfc2b069ce8-6, groupId=Consumer-topic-d3f308bb_48d5_4eef_9a81_bdfc2b069ce8] Cluster ID: u8-Iy8eKRM2xsCw1W024xw
2025-07-31 15:30:58,826 INFO  [org.apa.kaf.cli.con.int.ConsumerCoordinator] (Thread-156) [Consumer clientId=consumer-Consumer-topic-d3f308bb_48d5_4eef_9a81_bdfc2b069ce8-6, groupId=Consumer-topic-d3f308bb_48d5_4eef_9a81_bdfc2b069ce8] Discovered group coordinator localhost:32770 (id: 2147483647 rack: null)
2025-07-31 15:30:58,827 INFO  [org.apa.kaf.cli.con.int.ConsumerCoordinator] (Thread-156) [Consumer clientId=consumer-Consumer-topic-d3f308bb_48d5_4eef_9a81_bdfc2b069ce8-6, groupId=Consumer-topic-d3f308bb_48d5_4eef_9a81_bdfc2b069ce8] (Re-)joining group
2025-07-31 15:30:58,833 INFO  [org.apa.kaf.cli.con.int.ConsumerCoordinator] (Thread-156) [Consumer clientId=consumer-Consumer-topic-d3f308bb_48d5_4eef_9a81_bdfc2b069ce8-6, groupId=Consumer-topic-d3f308bb_48d5_4eef_9a81_bdfc2b069ce8] Request joining group due to: need to re-join with the given member-id: consumer-Consumer-topic-d3f308bb_48d5_4eef_9a81_bdfc2b069ce8-6-c19a4b60-ceda-42bd-8613-5380d0218bed
2025-07-31 15:30:58,833 INFO  [org.apa.kaf.cli.con.int.ConsumerCoordinator] (Thread-156) [Consumer clientId=consumer-Consumer-topic-d3f308bb_48d5_4eef_9a81_bdfc2b069ce8-6, groupId=Consumer-topic-d3f308bb_48d5_4eef_9a81_bdfc2b069ce8] (Re-)joining group
2025-07-31 15:30:58,836 INFO  [org.apa.kaf.cli.con.int.ConsumerCoordinator] (Thread-156) [Consumer clientId=consumer-Consumer-topic-d3f308bb_48d5_4eef_9a81_bdfc2b069ce8-6, groupId=Consumer-topic-d3f308bb_48d5_4eef_9a81_bdfc2b069ce8] Successfully joined group with generation Generation{generationId=1, memberId='consumer-Consumer-topic-d3f308bb_48d5_4eef_9a81_bdfc2b069ce8-6-c19a4b60-ceda-42bd-8613-5380d0218bed', protocol='range'}
2025-07-31 15:30:58,836 INFO  [org.apa.kaf.cli.con.int.ConsumerCoordinator] (Thread-156) [Consumer clientId=consumer-Consumer-topic-d3f308bb_48d5_4eef_9a81_bdfc2b069ce8-6, groupId=Consumer-topic-d3f308bb_48d5_4eef_9a81_bdfc2b069ce8] Finished assignment for group at generation 1: {consumer-Consumer-topic-d3f308bb_48d5_4eef_9a81_bdfc2b069ce8-6-c19a4b60-ceda-42bd-8613-5380d0218bed=Assignment(partitions=[topic-d3f308bb_48d5_4eef_9a81_bdfc2b069ce8-0])}
2025-07-31 15:30:58,844 INFO  [org.apa.kaf.cli.con.int.ConsumerCoordinator] (kafka-coordinator-heartbeat-thread | Consumer-topic-d3f308bb_48d5_4eef_9a81_bdfc2b069ce8) [Consumer clientId=consumer-Consumer-topic-d3f308bb_48d5_4eef_9a81_bdfc2b069ce8-6, groupId=Consumer-topic-d3f308bb_48d5_4eef_9a81_bdfc2b069ce8] Successfully synced group in generation Generation{generationId=1, memberId='consumer-Consumer-topic-d3f308bb_48d5_4eef_9a81_bdfc2b069ce8-6-c19a4b60-ceda-42bd-8613-5380d0218bed', protocol='range'}
2025-07-31 15:30:58,845 INFO  [org.apa.kaf.cli.con.int.ConsumerCoordinator] (Thread-156) [Consumer clientId=consumer-Consumer-topic-d3f308bb_48d5_4eef_9a81_bdfc2b069ce8-6, groupId=Consumer-topic-d3f308bb_48d5_4eef_9a81_bdfc2b069ce8] Notifying assignor about the new Assignment(partitions=[topic-d3f308bb_48d5_4eef_9a81_bdfc2b069ce8-0])
2025-07-31 15:30:58,845 INFO  [org.apa.kaf.cli.con.int.ConsumerRebalanceListenerInvoker] (Thread-156) [Consumer clientId=consumer-Consumer-topic-d3f308bb_48d5_4eef_9a81_bdfc2b069ce8-6, groupId=Consumer-topic-d3f308bb_48d5_4eef_9a81_bdfc2b069ce8] Adding newly assigned partitions: topic-d3f308bb_48d5_4eef_9a81_bdfc2b069ce8-0
2025-07-31 15:30:58,846 INFO  [org.apa.kaf.cli.con.int.ConsumerCoordinator] (Thread-156) [Consumer clientId=consumer-Consumer-topic-d3f308bb_48d5_4eef_9a81_bdfc2b069ce8-6, groupId=Consumer-topic-d3f308bb_48d5_4eef_9a81_bdfc2b069ce8] Found no committed offset for partition topic-d3f308bb_48d5_4eef_9a81_bdfc2b069ce8-0
2025-07-31 15:30:58,851 INFO  [org.apa.kaf.cli.con.int.SubscriptionState] (Thread-156) [Consumer clientId=consumer-Consumer-topic-d3f308bb_48d5_4eef_9a81_bdfc2b069ce8-6, groupId=Consumer-topic-d3f308bb_48d5_4eef_9a81_bdfc2b069ce8] Resetting offset for partition topic-d3f308bb_48d5_4eef_9a81_bdfc2b069ce8-0 to position FetchPosition{offset=0, offsetEpoch=Optional.empty, currentLeader=LeaderAndEpoch{leader=Optional[localhost:32770 (id: 0 rack: null)], epoch=0}}.
2025-07-31 15:30:58,933 INFO  [io.api.tes.ser.api.KafkaSerdesTester] (Thread-156) topic-d3f308bb_48d5_4eef_9a81_bdfc2b069ce8 0 0 io.apicurio.tests.common.serdes.TestObject@3dbd29cb
2025-07-31 15:30:58,933 INFO  [io.api.tes.ser.api.KafkaSerdesTester] (Thread-156) topic-d3f308bb_48d5_4eef_9a81_bdfc2b069ce8 0 1 io.apicurio.tests.common.serdes.TestObject@3dbd29cb
2025-07-31 15:30:58,933 INFO  [io.api.tes.ser.api.KafkaSerdesTester] (Thread-156) topic-d3f308bb_48d5_4eef_9a81_bdfc2b069ce8 0 2 io.apicurio.tests.common.serdes.TestObject@3dbd29cb
2025-07-31 15:30:58,934 INFO  [io.api.tes.ser.api.KafkaSerdesTester] (Thread-156) topic-d3f308bb_48d5_4eef_9a81_bdfc2b069ce8 0 3 io.apicurio.tests.common.serdes.TestObject@3dbd29cb
2025-07-31 15:30:58,934 INFO  [io.api.tes.ser.api.KafkaSerdesTester] (Thread-156) topic-d3f308bb_48d5_4eef_9a81_bdfc2b069ce8 0 4 io.apicurio.tests.common.serdes.TestObject@3dbd29cb
2025-07-31 15:30:58,934 INFO  [io.api.tes.ser.api.KafkaSerdesTester] (Thread-156) topic-d3f308bb_48d5_4eef_9a81_bdfc2b069ce8 0 5 io.apicurio.tests.common.serdes.TestObject@3dbd29cb
2025-07-31 15:30:58,934 INFO  [io.api.tes.ser.api.KafkaSerdesTester] (Thread-156) topic-d3f308bb_48d5_4eef_9a81_bdfc2b069ce8 0 6 io.apicurio.tests.common.serdes.TestObject@3dbd29cb
2025-07-31 15:30:58,934 INFO  [io.api.tes.ser.api.KafkaSerdesTester] (Thread-156) topic-d3f308bb_48d5_4eef_9a81_bdfc2b069ce8 0 7 io.apicurio.tests.common.serdes.TestObject@3dbd29cb
2025-07-31 15:30:58,934 INFO  [io.api.tes.ser.api.KafkaSerdesTester] (Thread-156) topic-d3f308bb_48d5_4eef_9a81_bdfc2b069ce8 0 8 io.apicurio.tests.common.serdes.TestObject@3dbd29cb
2025-07-31 15:30:58,934 INFO  [io.api.tes.ser.api.KafkaSerdesTester] (Thread-156) topic-d3f308bb_48d5_4eef_9a81_bdfc2b069ce8 0 9 io.apicurio.tests.common.serdes.TestObject@3dbd29cb
2025-07-31 15:30:58,934 INFO  [io.api.tes.ser.api.KafkaSerdesTester] (Thread-156) Consumed 10 messages
2025-07-31 15:30:58,936 INFO  [org.apa.kaf.cli.con.int.ConsumerRebalanceListenerInvoker] (Thread-156) [Consumer clientId=consumer-Consumer-topic-d3f308bb_48d5_4eef_9a81_bdfc2b069ce8-6, groupId=Consumer-topic-d3f308bb_48d5_4eef_9a81_bdfc2b069ce8] Revoke previously assigned partitions topic-d3f308bb_48d5_4eef_9a81_bdfc2b069ce8-0
2025-07-31 15:30:58,936 INFO  [org.apa.kaf.cli.con.int.ConsumerCoordinator] (Thread-156) [Consumer clientId=consumer-Consumer-topic-d3f308bb_48d5_4eef_9a81_bdfc2b069ce8-6, groupId=Consumer-topic-d3f308bb_48d5_4eef_9a81_bdfc2b069ce8] Member consumer-Consumer-topic-d3f308bb_48d5_4eef_9a81_bdfc2b069ce8-6-c19a4b60-ceda-42bd-8613-5380d0218bed sending LeaveGroup request to coordinator localhost:32770 (id: 2147483647 rack: null) due to the consumer is being closed
2025-07-31 15:30:58,938 INFO  [org.apa.kaf.cli.con.int.ConsumerCoordinator] (Thread-156) [Consumer clientId=consumer-Consumer-topic-d3f308bb_48d5_4eef_9a81_bdfc2b069ce8-6, groupId=Consumer-topic-d3f308bb_48d5_4eef_9a81_bdfc2b069ce8] Resetting generation and member id due to: consumer pro-actively leaving the group
2025-07-31 15:30:58,938 INFO  [org.apa.kaf.cli.con.int.ConsumerCoordinator] (Thread-156) [Consumer clientId=consumer-Consumer-topic-d3f308bb_48d5_4eef_9a81_bdfc2b069ce8-6, groupId=Consumer-topic-d3f308bb_48d5_4eef_9a81_bdfc2b069ce8] Request joining group due to: consumer pro-actively leaving the group
2025-07-31 15:30:59,436 INFO  [org.apa.kaf.com.met.Metrics] (Thread-156) Metrics scheduler closed
2025-07-31 15:30:59,436 INFO  [org.apa.kaf.com.met.Metrics] (Thread-156) Closing reporter org.apache.kafka.common.metrics.JmxReporter
2025-07-31 15:30:59,436 INFO  [org.apa.kaf.com.met.Metrics] (Thread-156) Closing reporter org.apache.kafka.common.telemetry.internals.ClientTelemetryReporter
2025-07-31 15:30:59,437 INFO  [org.apa.kaf.com.met.Metrics] (Thread-156) Metrics reporters closed
2025-07-31 15:30:59,439 INFO  [org.apa.kaf.com.uti.AppInfoParser] (Thread-156) App info kafka.consumer for consumer-Consumer-topic-d3f308bb_48d5_4eef_9a81_bdfc2b069ce8-6 unregistered
2025-07-31 15:30:59,439 INFO  [io.api.tes.uti.TestSeparator] (main) io.apicurio.tests.serdes.apicurio.AvroSerdeIT.testReflectAutoRegister-FINISHED
2025-07-31 15:30:59,439 INFO  [io.api.tes.uti.TestSeparator] (main) ############################################################################
]]></system-out>
  </testcase>
  <testcase name="testArtifactNotFound" classname="io.apicurio.tests.serdes.apicurio.AvroSerdeIT" time="0.247">
    <system-out><![CDATA[2025-07-31 15:30:59,443 INFO  [io.api.tes.uti.TestSeparator] (main) ############################################################################
2025-07-31 15:30:59,443 INFO  [io.api.tes.uti.TestSeparator] (main) io.apicurio.tests.serdes.apicurio.AvroSerdeIT.testArtifactNotFound-STARTED
2025-07-31 15:30:59,444 INFO  [org.apa.kaf.cli.pro.ProducerConfig] (main) ProducerConfig values: 
	acks = -1
	auto.include.jmx.reporter = true
	batch.size = 16384
	bootstrap.servers = [PLAINTEXT://localhost:32770]
	buffer.memory = 33554432
	client.dns.lookup = use_all_dns_ips
	client.id = Producer-sb19f29efx0e4ax453exb51fx09ccfbbb7321
	compression.gzip.level = -1
	compression.lz4.level = 9
	compression.type = none
	compression.zstd.level = 3
	connections.max.idle.ms = 10000
	delivery.timeout.ms = 120000
	enable.idempotence = true
	enable.metrics.push = true
	interceptor.classes = []
	key.serializer = class org.apache.kafka.common.serialization.StringSerializer
	linger.ms = 0
	max.block.ms = 60000
	max.in.flight.requests.per.connection = 5
	max.request.size = 1048576
	metadata.max.age.ms = 300000
	metadata.max.idle.ms = 300000
	metadata.recovery.strategy = none
	metric.reporters = []
	metrics.num.samples = 2
	metrics.recording.level = INFO
	metrics.sample.window.ms = 30000
	partitioner.adaptive.partitioning.enable = true
	partitioner.availability.timeout.ms = 0
	partitioner.class = null
	partitioner.ignore.keys = false
	receive.buffer.bytes = 32768
	reconnect.backoff.max.ms = 1000
	reconnect.backoff.ms = 50
	request.timeout.ms = 5000
	retries = 2147483647
	retry.backoff.max.ms = 1000
	retry.backoff.ms = 100
	sasl.client.callback.handler.class = null
	sasl.jaas.config = null
	sasl.kerberos.kinit.cmd = /usr/bin/kinit
	sasl.kerberos.min.time.before.relogin = 60000
	sasl.kerberos.service.name = null
	sasl.kerberos.ticket.renew.jitter = 0.05
	sasl.kerberos.ticket.renew.window.factor = 0.8
	sasl.login.callback.handler.class = null
	sasl.login.class = null
	sasl.login.connect.timeout.ms = null
	sasl.login.read.timeout.ms = null
	sasl.login.refresh.buffer.seconds = 300
	sasl.login.refresh.min.period.seconds = 60
	sasl.login.refresh.window.factor = 0.8
	sasl.login.refresh.window.jitter = 0.05
	sasl.login.retry.backoff.max.ms = 10000
	sasl.login.retry.backoff.ms = 100
	sasl.mechanism = GSSAPI
	sasl.oauthbearer.clock.skew.seconds = 30
	sasl.oauthbearer.expected.audience = null
	sasl.oauthbearer.expected.issuer = null
	sasl.oauthbearer.header.urlencode = false
	sasl.oauthbearer.jwks.endpoint.refresh.ms = 3600000
	sasl.oauthbearer.jwks.endpoint.retry.backoff.max.ms = 10000
	sasl.oauthbearer.jwks.endpoint.retry.backoff.ms = 100
	sasl.oauthbearer.jwks.endpoint.url = null
	sasl.oauthbearer.scope.claim.name = scope
	sasl.oauthbearer.sub.claim.name = sub
	sasl.oauthbearer.token.endpoint.url = null
	security.protocol = PLAINTEXT
	security.providers = null
	send.buffer.bytes = 131072
	socket.connection.setup.timeout.max.ms = 30000
	socket.connection.setup.timeout.ms = 10000
	ssl.cipher.suites = null
	ssl.enabled.protocols = [TLSv1.2, TLSv1.3]
	ssl.endpoint.identification.algorithm = https
	ssl.engine.factory.class = null
	ssl.key.password = null
	ssl.keymanager.algorithm = SunX509
	ssl.keystore.certificate.chain = null
	ssl.keystore.key = null
	ssl.keystore.location = null
	ssl.keystore.password = null
	ssl.keystore.type = JKS
	ssl.protocol = TLSv1.3
	ssl.provider = null
	ssl.secure.random.implementation = null
	ssl.trustmanager.algorithm = PKIX
	ssl.truststore.certificates = null
	ssl.truststore.location = null
	ssl.truststore.password = null
	ssl.truststore.type = JKS
	transaction.timeout.ms = 60000
	transactional.id = null
	value.serializer = class io.apicurio.registry.serde.avro.AvroKafkaSerializer

2025-07-31 15:30:59,444 INFO  [org.apa.kaf.com.tel.int.KafkaMetricsCollector] (main) initializing Kafka metrics collector
2025-07-31 15:30:59,450 INFO  [org.apa.kaf.cli.pro.KafkaProducer] (main) [Producer clientId=Producer-sb19f29efx0e4ax453exb51fx09ccfbbb7321] Instantiated an idempotent producer.
2025-07-31 15:30:59,458 INFO  [org.apa.kaf.cli.pro.ProducerConfig] (main) These configurations '[apicurio.registry.url, apicurio.registry.artifact-resolver-strategy]' were supplied but are not used yet.
2025-07-31 15:30:59,458 INFO  [org.apa.kaf.com.uti.AppInfoParser] (main) Kafka version: 3.9.0
2025-07-31 15:30:59,458 INFO  [org.apa.kaf.com.uti.AppInfoParser] (main) Kafka commitId: 84caaa6e9da06435
2025-07-31 15:30:59,458 INFO  [org.apa.kaf.com.uti.AppInfoParser] (main) Kafka startTimeMs: 1753975859458
2025-07-31 15:30:59,464 INFO  [io.api.tes.ser.api.KafkaSerdesTester] (Thread-159) Sending message {"keyB": "value-0"} to topic sb19f29efx0e4ax453exb51fx09ccfbbb7321
2025-07-31 15:30:59,476 WARN  [org.apa.kaf.cli.NetworkClient] (kafka-producer-network-thread | Producer-sb19f29efx0e4ax453exb51fx09ccfbbb7321) [Producer clientId=Producer-sb19f29efx0e4ax453exb51fx09ccfbbb7321] The metadata response from the cluster reported a recoverable issue with correlation id 2 : {sb19f29efx0e4ax453exb51fx09ccfbbb7321=LEADER_NOT_AVAILABLE}
2025-07-31 15:30:59,476 INFO  [org.apa.kaf.cli.Metadata] (kafka-producer-network-thread | Producer-sb19f29efx0e4ax453exb51fx09ccfbbb7321) [Producer clientId=Producer-sb19f29efx0e4ax453exb51fx09ccfbbb7321] Cluster ID: u8-Iy8eKRM2xsCw1W024xw
2025-07-31 15:30:59,476 INFO  [org.apa.kaf.cli.pro.int.TransactionManager] (kafka-producer-network-thread | Producer-sb19f29efx0e4ax453exb51fx09ccfbbb7321) [Producer clientId=Producer-sb19f29efx0e4ax453exb51fx09ccfbbb7321] ProducerId set to 7 with epoch 0
2025-07-31 15:30:59,598 INFO  [DefaultSchemaResolver] (Thread-159) Retrieving schema content using string: {"type":"record","name":"myrecord","namespace":"mygroup","fields":[{"name":"keyB","type":"string"}]}
2025-07-31 15:30:59,684 INFO  [org.apa.kaf.cli.pro.KafkaProducer] (Thread-159) [Producer clientId=Producer-sb19f29efx0e4ax453exb51fx09ccfbbb7321] Closing the Kafka producer with timeoutMillis = 9223372036854775807 ms.
2025-07-31 15:30:59,686 INFO  [org.apa.kaf.com.met.Metrics] (Thread-159) Metrics scheduler closed
2025-07-31 15:30:59,686 INFO  [org.apa.kaf.com.met.Metrics] (Thread-159) Closing reporter org.apache.kafka.common.metrics.JmxReporter
2025-07-31 15:30:59,686 INFO  [org.apa.kaf.com.met.Metrics] (Thread-159) Closing reporter org.apache.kafka.common.telemetry.internals.ClientTelemetryReporter
2025-07-31 15:30:59,686 INFO  [org.apa.kaf.com.met.Metrics] (Thread-159) Metrics reporters closed
2025-07-31 15:30:59,686 INFO  [org.apa.kaf.com.uti.AppInfoParser] (Thread-159) App info kafka.producer for Producer-sb19f29efx0e4ax453exb51fx09ccfbbb7321 unregistered
2025-07-31 15:30:59,687 INFO  [io.api.tes.uti.TestSeparator] (main) io.apicurio.tests.serdes.apicurio.AvroSerdeIT.testArtifactNotFound-FINISHED
2025-07-31 15:30:59,687 INFO  [io.api.tes.uti.TestSeparator] (main) ############################################################################
]]></system-out>
    <system-err><![CDATA[java.lang.RuntimeException: Could not resolve artifact reference by content: {"type":"record","name":"myrecord","namespace":"mygroup","fields":[{"name":"keyB","type":"string"}]}&ArtifactReference [groupId=default, artifactId=sb19f29efx0e4ax453exb51fx09ccfbbb7321-value, version=null, globalId=null, contentId=null, contentHash=null]
	at io.apicurio.registry.resolver.DefaultSchemaResolver.lambda$handleResolveSchemaByContent$5(DefaultSchemaResolver.java:300)
	at io.apicurio.registry.resolver.ERCache.lambda$getValue$0(ERCache.java:181)
	at io.apicurio.registry.resolver.ERCache.retry(ERCache.java:234)
	at io.apicurio.registry.resolver.ERCache.getValue(ERCache.java:180)
	at io.apicurio.registry.resolver.ERCache.getByContent(ERCache.java:154)
	at io.apicurio.registry.resolver.DefaultSchemaResolver.handleResolveSchemaByContent(DefaultSchemaResolver.java:269)
	at io.apicurio.registry.resolver.DefaultSchemaResolver.getSchemaFromRegistry(DefaultSchemaResolver.java:142)
	at io.apicurio.registry.resolver.DefaultSchemaResolver.lambda$resolveSchema$0(DefaultSchemaResolver.java:86)
	at java.base/java.util.Optional.orElseGet(Optional.java:364)
	at io.apicurio.registry.resolver.DefaultSchemaResolver.resolveSchema(DefaultSchemaResolver.java:86)
	at io.apicurio.registry.serde.AbstractSerializer.serializeData(AbstractSerializer.java:62)
	at io.apicurio.registry.serde.KafkaSerializer.serialize(KafkaSerializer.java:77)
	at org.apache.kafka.clients.producer.KafkaProducer.doSend(KafkaProducer.java:1046)
	at org.apache.kafka.clients.producer.KafkaProducer.send(KafkaProducer.java:993)
	at org.apache.kafka.clients.producer.KafkaProducer.send(KafkaProducer.java:875)
	at io.apicurio.tests.serdes.apicurio.KafkaSerdesTester.lambda$produceMessages$3(KafkaSerdesTester.java:138)
	at java.base/java.util.concurrent.CompletableFuture$AsyncSupply.run(CompletableFuture.java:1768)
	at java.base/java.lang.Thread.run(Thread.java:840)
]]></system-err>
  </testcase>
  <testcase name="testAvroSerDesFailDifferentSchemaByRecordName" classname="io.apicurio.tests.serdes.apicurio.AvroSerdeIT" time="1.154">
    <system-out><![CDATA[2025-07-31 15:30:59,690 INFO  [io.api.tes.uti.TestSeparator] (main) ############################################################################
2025-07-31 15:30:59,690 INFO  [io.api.tes.uti.TestSeparator] (main) io.apicurio.tests.serdes.apicurio.AvroSerdeIT.testAvroSerDesFailDifferentSchemaByRecordName-STARTED
2025-07-31 15:31:00,779 INFO  [org.apa.kaf.cli.pro.ProducerConfig] (main) ProducerConfig values: 
	acks = -1
	auto.include.jmx.reporter = true
	batch.size = 16384
	bootstrap.servers = [PLAINTEXT://localhost:32770]
	buffer.memory = 33554432
	client.dns.lookup = use_all_dns_ips
	client.id = Producer-topic-e6f2155f_7375_42ef_9930_7a6c2273ff78
	compression.gzip.level = -1
	compression.lz4.level = 9
	compression.type = none
	compression.zstd.level = 3
	connections.max.idle.ms = 10000
	delivery.timeout.ms = 120000
	enable.idempotence = true
	enable.metrics.push = true
	interceptor.classes = []
	key.serializer = class org.apache.kafka.common.serialization.StringSerializer
	linger.ms = 0
	max.block.ms = 60000
	max.in.flight.requests.per.connection = 5
	max.request.size = 1048576
	metadata.max.age.ms = 300000
	metadata.max.idle.ms = 300000
	metadata.recovery.strategy = none
	metric.reporters = []
	metrics.num.samples = 2
	metrics.recording.level = INFO
	metrics.sample.window.ms = 30000
	partitioner.adaptive.partitioning.enable = true
	partitioner.availability.timeout.ms = 0
	partitioner.class = null
	partitioner.ignore.keys = false
	receive.buffer.bytes = 32768
	reconnect.backoff.max.ms = 1000
	reconnect.backoff.ms = 50
	request.timeout.ms = 5000
	retries = 2147483647
	retry.backoff.max.ms = 1000
	retry.backoff.ms = 100
	sasl.client.callback.handler.class = null
	sasl.jaas.config = null
	sasl.kerberos.kinit.cmd = /usr/bin/kinit
	sasl.kerberos.min.time.before.relogin = 60000
	sasl.kerberos.service.name = null
	sasl.kerberos.ticket.renew.jitter = 0.05
	sasl.kerberos.ticket.renew.window.factor = 0.8
	sasl.login.callback.handler.class = null
	sasl.login.class = null
	sasl.login.connect.timeout.ms = null
	sasl.login.read.timeout.ms = null
	sasl.login.refresh.buffer.seconds = 300
	sasl.login.refresh.min.period.seconds = 60
	sasl.login.refresh.window.factor = 0.8
	sasl.login.refresh.window.jitter = 0.05
	sasl.login.retry.backoff.max.ms = 10000
	sasl.login.retry.backoff.ms = 100
	sasl.mechanism = GSSAPI
	sasl.oauthbearer.clock.skew.seconds = 30
	sasl.oauthbearer.expected.audience = null
	sasl.oauthbearer.expected.issuer = null
	sasl.oauthbearer.header.urlencode = false
	sasl.oauthbearer.jwks.endpoint.refresh.ms = 3600000
	sasl.oauthbearer.jwks.endpoint.retry.backoff.max.ms = 10000
	sasl.oauthbearer.jwks.endpoint.retry.backoff.ms = 100
	sasl.oauthbearer.jwks.endpoint.url = null
	sasl.oauthbearer.scope.claim.name = scope
	sasl.oauthbearer.sub.claim.name = sub
	sasl.oauthbearer.token.endpoint.url = null
	security.protocol = PLAINTEXT
	security.providers = null
	send.buffer.bytes = 131072
	socket.connection.setup.timeout.max.ms = 30000
	socket.connection.setup.timeout.ms = 10000
	ssl.cipher.suites = null
	ssl.enabled.protocols = [TLSv1.2, TLSv1.3]
	ssl.endpoint.identification.algorithm = https
	ssl.engine.factory.class = null
	ssl.key.password = null
	ssl.keymanager.algorithm = SunX509
	ssl.keystore.certificate.chain = null
	ssl.keystore.key = null
	ssl.keystore.location = null
	ssl.keystore.password = null
	ssl.keystore.type = JKS
	ssl.protocol = TLSv1.3
	ssl.provider = null
	ssl.secure.random.implementation = null
	ssl.trustmanager.algorithm = PKIX
	ssl.truststore.certificates = null
	ssl.truststore.location = null
	ssl.truststore.password = null
	ssl.truststore.type = JKS
	transaction.timeout.ms = 60000
	transactional.id = null
	value.serializer = class io.apicurio.registry.serde.avro.AvroKafkaSerializer

2025-07-31 15:31:00,779 INFO  [org.apa.kaf.com.tel.int.KafkaMetricsCollector] (main) initializing Kafka metrics collector
2025-07-31 15:31:00,782 INFO  [org.apa.kaf.cli.pro.KafkaProducer] (main) [Producer clientId=Producer-topic-e6f2155f_7375_42ef_9930_7a6c2273ff78] Instantiated an idempotent producer.
2025-07-31 15:31:00,784 INFO  [org.apa.kaf.cli.pro.ProducerConfig] (main) These configurations '[apicurio.registry.find-latest, apicurio.registry.url, apicurio.registry.artifact-resolver-strategy]' were supplied but are not used yet.
2025-07-31 15:31:00,784 INFO  [org.apa.kaf.com.uti.AppInfoParser] (main) Kafka version: 3.9.0
2025-07-31 15:31:00,784 INFO  [org.apa.kaf.com.uti.AppInfoParser] (main) Kafka commitId: 84caaa6e9da06435
2025-07-31 15:31:00,784 INFO  [org.apa.kaf.com.uti.AppInfoParser] (main) Kafka startTimeMs: 1753975860784
2025-07-31 15:31:00,784 INFO  [io.api.tes.ser.api.KafkaSerdesTester] (Thread-162) Sending message {"keyB": "value-0"} to topic topic-e6f2155f_7375_42ef_9930_7a6c2273ff78
2025-07-31 15:31:00,788 INFO  [org.apa.kaf.cli.Metadata] (kafka-producer-network-thread | Producer-topic-e6f2155f_7375_42ef_9930_7a6c2273ff78) [Producer clientId=Producer-topic-e6f2155f_7375_42ef_9930_7a6c2273ff78] Cluster ID: u8-Iy8eKRM2xsCw1W024xw
2025-07-31 15:31:00,788 INFO  [org.apa.kaf.cli.pro.int.TransactionManager] (kafka-producer-network-thread | Producer-topic-e6f2155f_7375_42ef_9930_7a6c2273ff78) [Producer clientId=Producer-topic-e6f2155f_7375_42ef_9930_7a6c2273ff78] ProducerId set to 8 with epoch 0
2025-07-31 15:31:00,838 INFO  [org.apa.kaf.cli.pro.KafkaProducer] (Thread-162) [Producer clientId=Producer-topic-e6f2155f_7375_42ef_9930_7a6c2273ff78] Closing the Kafka producer with timeoutMillis = 9223372036854775807 ms.
2025-07-31 15:31:00,840 INFO  [org.apa.kaf.com.met.Metrics] (Thread-162) Metrics scheduler closed
2025-07-31 15:31:00,840 INFO  [org.apa.kaf.com.met.Metrics] (Thread-162) Closing reporter org.apache.kafka.common.metrics.JmxReporter
2025-07-31 15:31:00,840 INFO  [org.apa.kaf.com.met.Metrics] (Thread-162) Closing reporter org.apache.kafka.common.telemetry.internals.ClientTelemetryReporter
2025-07-31 15:31:00,840 INFO  [org.apa.kaf.com.met.Metrics] (Thread-162) Metrics reporters closed
2025-07-31 15:31:00,840 INFO  [org.apa.kaf.com.uti.AppInfoParser] (Thread-162) App info kafka.producer for Producer-topic-e6f2155f_7375_42ef_9930_7a6c2273ff78 unregistered
2025-07-31 15:31:00,842 INFO  [io.api.tes.uti.TestSeparator] (main) io.apicurio.tests.serdes.apicurio.AvroSerdeIT.testAvroSerDesFailDifferentSchemaByRecordName-FINISHED
2025-07-31 15:31:00,842 INFO  [io.api.tes.uti.TestSeparator] (main) ############################################################################
]]></system-out>
    <system-err><![CDATA[io.apicurio.registry.rest.client.models.ProblemDetails
	at io.apicurio.registry.rest.client.models.ProblemDetails.createFromDiscriminatorValue(ProblemDetails.java:58)
	at io.kiota.serialization.json.JsonParseNode.getObjectValue(JsonParseNode.java:247)
	at io.kiota.http.vertx.VertXRequestAdapter.lambda$throwIfFailedResponse$0(VertXRequestAdapter.java:400)
	at com.microsoft.kiota.ApiExceptionBuilder.<init>(ApiExceptionBuilder.java:26)
	at io.kiota.http.vertx.VertXRequestAdapter.throwIfFailedResponse(VertXRequestAdapter.java:399)
	at io.kiota.http.vertx.VertXRequestAdapter.send(VertXRequestAdapter.java:170)
	at io.apicurio.registry.rest.client.groups.item.artifacts.item.versions.item.WithVersionExpressionItemRequestBuilder.get(WithVersionExpressionItemRequestBuilder.java:128)
	at io.apicurio.registry.rest.client.groups.item.artifacts.item.versions.item.WithVersionExpressionItemRequestBuilder.get(WithVersionExpressionItemRequestBuilder.java:111)
	at io.apicurio.registry.resolver.DefaultSchemaResolver.resolveByCoordinates(DefaultSchemaResolver.java:469)
	at io.apicurio.registry.resolver.DefaultSchemaResolver.lambda$resolveSchemaByArtifactReferenceCached$12(DefaultSchemaResolver.java:451)
	at io.apicurio.registry.resolver.ERCache.lambda$getValue$0(ERCache.java:181)
	at io.apicurio.registry.resolver.ERCache.retry(ERCache.java:234)
	at io.apicurio.registry.resolver.ERCache.getValue(ERCache.java:180)
	at io.apicurio.registry.resolver.ERCache.getByArtifactCoordinates(ERCache.java:165)
	at io.apicurio.registry.resolver.DefaultSchemaResolver.resolveSchemaByArtifactReferenceCached(DefaultSchemaResolver.java:449)
	at io.apicurio.registry.resolver.DefaultSchemaResolver.resolveSchemaByCoordinates(DefaultSchemaResolver.java:201)
	at io.apicurio.registry.resolver.DefaultSchemaResolver.getSchemaFromRegistry(DefaultSchemaResolver.java:134)
	at io.apicurio.registry.resolver.DefaultSchemaResolver.lambda$resolveSchema$0(DefaultSchemaResolver.java:86)
	at java.base/java.util.Optional.orElseGet(Optional.java:364)
	at io.apicurio.registry.resolver.DefaultSchemaResolver.resolveSchema(DefaultSchemaResolver.java:86)
	at io.apicurio.registry.serde.AbstractSerializer.serializeData(AbstractSerializer.java:62)
	at io.apicurio.registry.serde.KafkaSerializer.serialize(KafkaSerializer.java:77)
	at org.apache.kafka.clients.producer.KafkaProducer.doSend(KafkaProducer.java:1046)
	at org.apache.kafka.clients.producer.KafkaProducer.send(KafkaProducer.java:993)
	at org.apache.kafka.clients.producer.KafkaProducer.send(KafkaProducer.java:875)
	at io.apicurio.tests.serdes.apicurio.KafkaSerdesTester.lambda$produceMessages$3(KafkaSerdesTester.java:138)
	at java.base/java.util.concurrent.CompletableFuture$AsyncSupply.run(CompletableFuture.java:1768)
	at java.base/java.lang.Thread.run(Thread.java:840)
]]></system-err>
  </testcase>
  <testcase name="testTopicIdStrategyFindLatest" classname="io.apicurio.tests.serdes.apicurio.AvroSerdeIT" time="1.909">
    <system-out><![CDATA[2025-07-31 15:31:00,843 INFO  [io.api.tes.uti.TestSeparator] (main) ############################################################################
2025-07-31 15:31:00,846 INFO  [io.api.tes.uti.TestSeparator] (main) io.apicurio.tests.serdes.apicurio.AvroSerdeIT.testTopicIdStrategyFindLatest-STARTED
2025-07-31 15:31:00,850 INFO  [io.api.tes.ser.api.AvroSerdeIT] (main) Registering Avro Schema: {"type":"record","name":"myrecordapicurio1","fields":[{"name":"key11753975860846","type":"string"}]}
2025-07-31 15:31:01,935 INFO  [org.apa.kaf.cli.pro.ProducerConfig] (main) ProducerConfig values: 
	acks = -1
	auto.include.jmx.reporter = true
	batch.size = 16384
	bootstrap.servers = [PLAINTEXT://localhost:32770]
	buffer.memory = 33554432
	client.dns.lookup = use_all_dns_ips
	client.id = Producer-topic-3303afd5_41aa_41c1_b696_2ee3df1ea59e
	compression.gzip.level = -1
	compression.lz4.level = 9
	compression.type = none
	compression.zstd.level = 3
	connections.max.idle.ms = 10000
	delivery.timeout.ms = 120000
	enable.idempotence = true
	enable.metrics.push = true
	interceptor.classes = []
	key.serializer = class org.apache.kafka.common.serialization.StringSerializer
	linger.ms = 0
	max.block.ms = 60000
	max.in.flight.requests.per.connection = 5
	max.request.size = 1048576
	metadata.max.age.ms = 300000
	metadata.max.idle.ms = 300000
	metadata.recovery.strategy = none
	metric.reporters = []
	metrics.num.samples = 2
	metrics.recording.level = INFO
	metrics.sample.window.ms = 30000
	partitioner.adaptive.partitioning.enable = true
	partitioner.availability.timeout.ms = 0
	partitioner.class = null
	partitioner.ignore.keys = false
	receive.buffer.bytes = 32768
	reconnect.backoff.max.ms = 1000
	reconnect.backoff.ms = 50
	request.timeout.ms = 5000
	retries = 2147483647
	retry.backoff.max.ms = 1000
	retry.backoff.ms = 100
	sasl.client.callback.handler.class = null
	sasl.jaas.config = null
	sasl.kerberos.kinit.cmd = /usr/bin/kinit
	sasl.kerberos.min.time.before.relogin = 60000
	sasl.kerberos.service.name = null
	sasl.kerberos.ticket.renew.jitter = 0.05
	sasl.kerberos.ticket.renew.window.factor = 0.8
	sasl.login.callback.handler.class = null
	sasl.login.class = null
	sasl.login.connect.timeout.ms = null
	sasl.login.read.timeout.ms = null
	sasl.login.refresh.buffer.seconds = 300
	sasl.login.refresh.min.period.seconds = 60
	sasl.login.refresh.window.factor = 0.8
	sasl.login.refresh.window.jitter = 0.05
	sasl.login.retry.backoff.max.ms = 10000
	sasl.login.retry.backoff.ms = 100
	sasl.mechanism = GSSAPI
	sasl.oauthbearer.clock.skew.seconds = 30
	sasl.oauthbearer.expected.audience = null
	sasl.oauthbearer.expected.issuer = null
	sasl.oauthbearer.header.urlencode = false
	sasl.oauthbearer.jwks.endpoint.refresh.ms = 3600000
	sasl.oauthbearer.jwks.endpoint.retry.backoff.max.ms = 10000
	sasl.oauthbearer.jwks.endpoint.retry.backoff.ms = 100
	sasl.oauthbearer.jwks.endpoint.url = null
	sasl.oauthbearer.scope.claim.name = scope
	sasl.oauthbearer.sub.claim.name = sub
	sasl.oauthbearer.token.endpoint.url = null
	security.protocol = PLAINTEXT
	security.providers = null
	send.buffer.bytes = 131072
	socket.connection.setup.timeout.max.ms = 30000
	socket.connection.setup.timeout.ms = 10000
	ssl.cipher.suites = null
	ssl.enabled.protocols = [TLSv1.2, TLSv1.3]
	ssl.endpoint.identification.algorithm = https
	ssl.engine.factory.class = null
	ssl.key.password = null
	ssl.keymanager.algorithm = SunX509
	ssl.keystore.certificate.chain = null
	ssl.keystore.key = null
	ssl.keystore.location = null
	ssl.keystore.password = null
	ssl.keystore.type = JKS
	ssl.protocol = TLSv1.3
	ssl.provider = null
	ssl.secure.random.implementation = null
	ssl.trustmanager.algorithm = PKIX
	ssl.truststore.certificates = null
	ssl.truststore.location = null
	ssl.truststore.password = null
	ssl.truststore.type = JKS
	transaction.timeout.ms = 60000
	transactional.id = null
	value.serializer = class io.apicurio.registry.serde.avro.AvroKafkaSerializer

2025-07-31 15:31:01,936 INFO  [org.apa.kaf.com.tel.int.KafkaMetricsCollector] (main) initializing Kafka metrics collector
2025-07-31 15:31:01,939 INFO  [org.apa.kaf.cli.pro.KafkaProducer] (main) [Producer clientId=Producer-topic-3303afd5_41aa_41c1_b696_2ee3df1ea59e] Instantiated an idempotent producer.
2025-07-31 15:31:01,941 INFO  [org.apa.kaf.cli.pro.ProducerConfig] (main) These configurations '[apicurio.registry.find-latest, apicurio.registry.url, apicurio.registry.artifact-resolver-strategy]' were supplied but are not used yet.
2025-07-31 15:31:01,941 INFO  [org.apa.kaf.com.uti.AppInfoParser] (main) Kafka version: 3.9.0
2025-07-31 15:31:01,941 INFO  [org.apa.kaf.com.uti.AppInfoParser] (main) Kafka commitId: 84caaa6e9da06435
2025-07-31 15:31:01,941 INFO  [org.apa.kaf.com.uti.AppInfoParser] (main) Kafka startTimeMs: 1753975861941
2025-07-31 15:31:01,941 INFO  [io.api.tes.ser.api.SimpleSerdesTesterBuilder$SimpleSerdesTester] (main) Using producer configuration: {apicurio.registry.find-latest=true, apicurio.registry.url=http://registry-app-mysql.apps.ci419.apicurio-testing.org:80/apis/registry/v3, apicurio.registry.artifact-resolver-strategy=io.apicurio.registry.serde.strategy.TopicIdStrategy, value.serializer=io.apicurio.registry.serde.avro.AvroKafkaSerializer, request.timeout.ms=5000, acks=all, bootstrap.servers=PLAINTEXT://localhost:32770, connections.max.idle.ms=10000, key.serializer=org.apache.kafka.common.serialization.StringSerializer, client.id=Producer-topic-3303afd5_41aa_41c1_b696_2ee3df1ea59e}
2025-07-31 15:31:01,941 INFO  [io.api.tes.ser.api.SimpleSerdesTesterBuilder$SimpleSerdesTester] (main) Using consumer configuration: {}
2025-07-31 15:31:01,943 INFO  [io.api.tes.ser.api.KafkaSerdesTester] (Thread-165) Sending message {"key11753975860846": "value-0"} to topic topic-3303afd5_41aa_41c1_b696_2ee3df1ea59e
2025-07-31 15:31:01,951 INFO  [org.apa.kaf.cli.Metadata] (kafka-producer-network-thread | Producer-topic-3303afd5_41aa_41c1_b696_2ee3df1ea59e) [Producer clientId=Producer-topic-3303afd5_41aa_41c1_b696_2ee3df1ea59e] Cluster ID: u8-Iy8eKRM2xsCw1W024xw
2025-07-31 15:31:01,951 INFO  [org.apa.kaf.cli.pro.int.TransactionManager] (kafka-producer-network-thread | Producer-topic-3303afd5_41aa_41c1_b696_2ee3df1ea59e) [Producer clientId=Producer-topic-3303afd5_41aa_41c1_b696_2ee3df1ea59e] ProducerId set to 9 with epoch 0
2025-07-31 15:31:02,069 INFO  [io.api.tes.ser.api.KafkaSerdesTester] (Thread-165) Sending message {"key11753975860846": "value-1"} to topic topic-3303afd5_41aa_41c1_b696_2ee3df1ea59e
2025-07-31 15:31:02,072 INFO  [io.api.tes.ser.api.KafkaSerdesTester] (Thread-165) Sending message {"key11753975860846": "value-2"} to topic topic-3303afd5_41aa_41c1_b696_2ee3df1ea59e
2025-07-31 15:31:02,073 INFO  [io.api.tes.ser.api.KafkaSerdesTester] (Thread-165) Sending message {"key11753975860846": "value-3"} to topic topic-3303afd5_41aa_41c1_b696_2ee3df1ea59e
2025-07-31 15:31:02,076 INFO  [io.api.tes.ser.api.KafkaSerdesTester] (Thread-165) Sending message {"key11753975860846": "value-4"} to topic topic-3303afd5_41aa_41c1_b696_2ee3df1ea59e
2025-07-31 15:31:02,078 INFO  [io.api.tes.ser.api.KafkaSerdesTester] (Thread-165) Sending message {"key11753975860846": "value-5"} to topic topic-3303afd5_41aa_41c1_b696_2ee3df1ea59e
2025-07-31 15:31:02,079 INFO  [io.api.tes.ser.api.KafkaSerdesTester] (Thread-165) Sending message {"key11753975860846": "value-6"} to topic topic-3303afd5_41aa_41c1_b696_2ee3df1ea59e
2025-07-31 15:31:02,080 INFO  [io.api.tes.ser.api.KafkaSerdesTester] (Thread-165) Sending message {"key11753975860846": "value-7"} to topic topic-3303afd5_41aa_41c1_b696_2ee3df1ea59e
2025-07-31 15:31:02,082 INFO  [io.api.tes.ser.api.KafkaSerdesTester] (Thread-165) Sending message {"key11753975860846": "value-8"} to topic topic-3303afd5_41aa_41c1_b696_2ee3df1ea59e
2025-07-31 15:31:02,084 INFO  [io.api.tes.ser.api.KafkaSerdesTester] (Thread-165) Sending message {"key11753975860846": "value-9"} to topic topic-3303afd5_41aa_41c1_b696_2ee3df1ea59e
2025-07-31 15:31:02,085 INFO  [io.api.tes.ser.api.KafkaSerdesTester] (Thread-165) Produced 10 messages
2025-07-31 15:31:02,085 INFO  [org.apa.kaf.cli.pro.KafkaProducer] (Thread-165) [Producer clientId=Producer-topic-3303afd5_41aa_41c1_b696_2ee3df1ea59e] Closing the Kafka producer with timeoutMillis = 9223372036854775807 ms.
2025-07-31 15:31:02,089 INFO  [org.apa.kaf.com.met.Metrics] (Thread-165) Metrics scheduler closed
2025-07-31 15:31:02,089 INFO  [org.apa.kaf.com.met.Metrics] (Thread-165) Closing reporter org.apache.kafka.common.metrics.JmxReporter
2025-07-31 15:31:02,089 INFO  [org.apa.kaf.com.met.Metrics] (Thread-165) Closing reporter org.apache.kafka.common.telemetry.internals.ClientTelemetryReporter
2025-07-31 15:31:02,089 INFO  [org.apa.kaf.com.met.Metrics] (Thread-165) Metrics reporters closed
2025-07-31 15:31:02,089 INFO  [org.apa.kaf.com.uti.AppInfoParser] (Thread-165) App info kafka.producer for Producer-topic-3303afd5_41aa_41c1_b696_2ee3df1ea59e unregistered
2025-07-31 15:31:02,090 INFO  [org.apa.kaf.cli.con.ConsumerConfig] (main) ConsumerConfig values: 
	allow.auto.create.topics = true
	auto.commit.interval.ms = 500
	auto.include.jmx.reporter = true
	auto.offset.reset = earliest
	bootstrap.servers = [PLAINTEXT://localhost:32770]
	check.crcs = true
	client.dns.lookup = use_all_dns_ips
	client.id = consumer-Consumer-topic-3303afd5_41aa_41c1_b696_2ee3df1ea59e-7
	client.rack = 
	connections.max.idle.ms = 10000
	default.api.timeout.ms = 60000
	enable.auto.commit = true
	enable.metrics.push = true
	exclude.internal.topics = true
	fetch.max.bytes = 52428800
	fetch.max.wait.ms = 500
	fetch.min.bytes = 1
	group.id = Consumer-topic-3303afd5_41aa_41c1_b696_2ee3df1ea59e
	group.instance.id = null
	group.protocol = classic
	group.remote.assignor = null
	heartbeat.interval.ms = 3000
	interceptor.classes = []
	internal.leave.group.on.close = true
	internal.throw.on.fetch.stable.offset.unsupported = false
	isolation.level = read_uncommitted
	key.deserializer = class org.apache.kafka.common.serialization.StringDeserializer
	max.partition.fetch.bytes = 1048576
	max.poll.interval.ms = 300000
	max.poll.records = 500
	metadata.max.age.ms = 300000
	metadata.recovery.strategy = none
	metric.reporters = []
	metrics.num.samples = 2
	metrics.recording.level = INFO
	metrics.sample.window.ms = 30000
	partition.assignment.strategy = [class org.apache.kafka.clients.consumer.RangeAssignor, class org.apache.kafka.clients.consumer.CooperativeStickyAssignor]
	receive.buffer.bytes = 65536
	reconnect.backoff.max.ms = 1000
	reconnect.backoff.ms = 50
	request.timeout.ms = 5000
	retry.backoff.max.ms = 1000
	retry.backoff.ms = 100
	sasl.client.callback.handler.class = null
	sasl.jaas.config = null
	sasl.kerberos.kinit.cmd = /usr/bin/kinit
	sasl.kerberos.min.time.before.relogin = 60000
	sasl.kerberos.service.name = null
	sasl.kerberos.ticket.renew.jitter = 0.05
	sasl.kerberos.ticket.renew.window.factor = 0.8
	sasl.login.callback.handler.class = null
	sasl.login.class = null
	sasl.login.connect.timeout.ms = null
	sasl.login.read.timeout.ms = null
	sasl.login.refresh.buffer.seconds = 300
	sasl.login.refresh.min.period.seconds = 60
	sasl.login.refresh.window.factor = 0.8
	sasl.login.refresh.window.jitter = 0.05
	sasl.login.retry.backoff.max.ms = 10000
	sasl.login.retry.backoff.ms = 100
	sasl.mechanism = GSSAPI
	sasl.oauthbearer.clock.skew.seconds = 30
	sasl.oauthbearer.expected.audience = null
	sasl.oauthbearer.expected.issuer = null
	sasl.oauthbearer.header.urlencode = false
	sasl.oauthbearer.jwks.endpoint.refresh.ms = 3600000
	sasl.oauthbearer.jwks.endpoint.retry.backoff.max.ms = 10000
	sasl.oauthbearer.jwks.endpoint.retry.backoff.ms = 100
	sasl.oauthbearer.jwks.endpoint.url = null
	sasl.oauthbearer.scope.claim.name = scope
	sasl.oauthbearer.sub.claim.name = sub
	sasl.oauthbearer.token.endpoint.url = null
	security.protocol = PLAINTEXT
	security.providers = null
	send.buffer.bytes = 131072
	session.timeout.ms = 45000
	socket.connection.setup.timeout.max.ms = 30000
	socket.connection.setup.timeout.ms = 10000
	ssl.cipher.suites = null
	ssl.enabled.protocols = [TLSv1.2, TLSv1.3]
	ssl.endpoint.identification.algorithm = https
	ssl.engine.factory.class = null
	ssl.key.password = null
	ssl.keymanager.algorithm = SunX509
	ssl.keystore.certificate.chain = null
	ssl.keystore.key = null
	ssl.keystore.location = null
	ssl.keystore.password = null
	ssl.keystore.type = JKS
	ssl.protocol = TLSv1.3
	ssl.provider = null
	ssl.secure.random.implementation = null
	ssl.trustmanager.algorithm = PKIX
	ssl.truststore.certificates = null
	ssl.truststore.location = null
	ssl.truststore.password = null
	ssl.truststore.type = JKS
	value.deserializer = class io.apicurio.registry.serde.avro.AvroKafkaDeserializer

2025-07-31 15:31:02,091 INFO  [org.apa.kaf.com.tel.int.KafkaMetricsCollector] (main) initializing Kafka metrics collector
2025-07-31 15:31:02,103 INFO  [org.apa.kaf.cli.con.ConsumerConfig] (main) These configurations '[apicurio.registry.url]' were supplied but are not used yet.
2025-07-31 15:31:02,103 INFO  [org.apa.kaf.com.uti.AppInfoParser] (main) Kafka version: 3.9.0
2025-07-31 15:31:02,103 INFO  [org.apa.kaf.com.uti.AppInfoParser] (main) Kafka commitId: 84caaa6e9da06435
2025-07-31 15:31:02,103 INFO  [org.apa.kaf.com.uti.AppInfoParser] (main) Kafka startTimeMs: 1753975862103
2025-07-31 15:31:02,104 INFO  [org.apa.kaf.cli.con.int.ClassicKafkaConsumer] (Thread-168) [Consumer clientId=consumer-Consumer-topic-3303afd5_41aa_41c1_b696_2ee3df1ea59e-7, groupId=Consumer-topic-3303afd5_41aa_41c1_b696_2ee3df1ea59e] Subscribed to topic(s): topic-3303afd5_41aa_41c1_b696_2ee3df1ea59e
2025-07-31 15:31:02,118 INFO  [org.apa.kaf.cli.Metadata] (Thread-168) [Consumer clientId=consumer-Consumer-topic-3303afd5_41aa_41c1_b696_2ee3df1ea59e-7, groupId=Consumer-topic-3303afd5_41aa_41c1_b696_2ee3df1ea59e] Cluster ID: u8-Iy8eKRM2xsCw1W024xw
2025-07-31 15:31:02,120 INFO  [org.apa.kaf.cli.con.int.ConsumerCoordinator] (Thread-168) [Consumer clientId=consumer-Consumer-topic-3303afd5_41aa_41c1_b696_2ee3df1ea59e-7, groupId=Consumer-topic-3303afd5_41aa_41c1_b696_2ee3df1ea59e] Discovered group coordinator localhost:32770 (id: 2147483647 rack: null)
2025-07-31 15:31:02,124 INFO  [org.apa.kaf.cli.con.int.ConsumerCoordinator] (Thread-168) [Consumer clientId=consumer-Consumer-topic-3303afd5_41aa_41c1_b696_2ee3df1ea59e-7, groupId=Consumer-topic-3303afd5_41aa_41c1_b696_2ee3df1ea59e] (Re-)joining group
2025-07-31 15:31:02,134 INFO  [org.apa.kaf.cli.con.int.ConsumerCoordinator] (Thread-168) [Consumer clientId=consumer-Consumer-topic-3303afd5_41aa_41c1_b696_2ee3df1ea59e-7, groupId=Consumer-topic-3303afd5_41aa_41c1_b696_2ee3df1ea59e] Request joining group due to: need to re-join with the given member-id: consumer-Consumer-topic-3303afd5_41aa_41c1_b696_2ee3df1ea59e-7-80016056-46b0-4c5b-8354-4a0a26da1108
2025-07-31 15:31:02,134 INFO  [org.apa.kaf.cli.con.int.ConsumerCoordinator] (Thread-168) [Consumer clientId=consumer-Consumer-topic-3303afd5_41aa_41c1_b696_2ee3df1ea59e-7, groupId=Consumer-topic-3303afd5_41aa_41c1_b696_2ee3df1ea59e] (Re-)joining group
2025-07-31 15:31:02,139 INFO  [org.apa.kaf.cli.con.int.ConsumerCoordinator] (Thread-168) [Consumer clientId=consumer-Consumer-topic-3303afd5_41aa_41c1_b696_2ee3df1ea59e-7, groupId=Consumer-topic-3303afd5_41aa_41c1_b696_2ee3df1ea59e] Successfully joined group with generation Generation{generationId=1, memberId='consumer-Consumer-topic-3303afd5_41aa_41c1_b696_2ee3df1ea59e-7-80016056-46b0-4c5b-8354-4a0a26da1108', protocol='range'}
2025-07-31 15:31:02,139 INFO  [org.apa.kaf.cli.con.int.ConsumerCoordinator] (Thread-168) [Consumer clientId=consumer-Consumer-topic-3303afd5_41aa_41c1_b696_2ee3df1ea59e-7, groupId=Consumer-topic-3303afd5_41aa_41c1_b696_2ee3df1ea59e] Finished assignment for group at generation 1: {consumer-Consumer-topic-3303afd5_41aa_41c1_b696_2ee3df1ea59e-7-80016056-46b0-4c5b-8354-4a0a26da1108=Assignment(partitions=[topic-3303afd5_41aa_41c1_b696_2ee3df1ea59e-0])}
2025-07-31 15:31:02,152 INFO  [org.apa.kaf.cli.con.int.ConsumerCoordinator] (kafka-coordinator-heartbeat-thread | Consumer-topic-3303afd5_41aa_41c1_b696_2ee3df1ea59e) [Consumer clientId=consumer-Consumer-topic-3303afd5_41aa_41c1_b696_2ee3df1ea59e-7, groupId=Consumer-topic-3303afd5_41aa_41c1_b696_2ee3df1ea59e] Successfully synced group in generation Generation{generationId=1, memberId='consumer-Consumer-topic-3303afd5_41aa_41c1_b696_2ee3df1ea59e-7-80016056-46b0-4c5b-8354-4a0a26da1108', protocol='range'}
2025-07-31 15:31:02,152 INFO  [org.apa.kaf.cli.con.int.ConsumerCoordinator] (Thread-168) [Consumer clientId=consumer-Consumer-topic-3303afd5_41aa_41c1_b696_2ee3df1ea59e-7, groupId=Consumer-topic-3303afd5_41aa_41c1_b696_2ee3df1ea59e] Notifying assignor about the new Assignment(partitions=[topic-3303afd5_41aa_41c1_b696_2ee3df1ea59e-0])
2025-07-31 15:31:02,152 INFO  [org.apa.kaf.cli.con.int.ConsumerRebalanceListenerInvoker] (Thread-168) [Consumer clientId=consumer-Consumer-topic-3303afd5_41aa_41c1_b696_2ee3df1ea59e-7, groupId=Consumer-topic-3303afd5_41aa_41c1_b696_2ee3df1ea59e] Adding newly assigned partitions: topic-3303afd5_41aa_41c1_b696_2ee3df1ea59e-0
2025-07-31 15:31:02,155 INFO  [org.apa.kaf.cli.con.int.ConsumerCoordinator] (Thread-168) [Consumer clientId=consumer-Consumer-topic-3303afd5_41aa_41c1_b696_2ee3df1ea59e-7, groupId=Consumer-topic-3303afd5_41aa_41c1_b696_2ee3df1ea59e] Found no committed offset for partition topic-3303afd5_41aa_41c1_b696_2ee3df1ea59e-0
2025-07-31 15:31:02,157 INFO  [org.apa.kaf.cli.con.int.SubscriptionState] (Thread-168) [Consumer clientId=consumer-Consumer-topic-3303afd5_41aa_41c1_b696_2ee3df1ea59e-7, groupId=Consumer-topic-3303afd5_41aa_41c1_b696_2ee3df1ea59e] Resetting offset for partition topic-3303afd5_41aa_41c1_b696_2ee3df1ea59e-0 to position FetchPosition{offset=0, offsetEpoch=Optional.empty, currentLeader=LeaderAndEpoch{leader=Optional[localhost:32770 (id: 0 rack: null)], epoch=0}}.
2025-07-31 15:31:02,245 INFO  [io.api.tes.ser.api.KafkaSerdesTester] (Thread-168) topic-3303afd5_41aa_41c1_b696_2ee3df1ea59e 0 0 {"key11753975860846": "value-0"}
2025-07-31 15:31:02,245 INFO  [io.api.tes.ser.api.KafkaSerdesTester] (Thread-168) topic-3303afd5_41aa_41c1_b696_2ee3df1ea59e 0 1 {"key11753975860846": "value-1"}
2025-07-31 15:31:02,245 INFO  [io.api.tes.ser.api.KafkaSerdesTester] (Thread-168) topic-3303afd5_41aa_41c1_b696_2ee3df1ea59e 0 2 {"key11753975860846": "value-2"}
2025-07-31 15:31:02,245 INFO  [io.api.tes.ser.api.KafkaSerdesTester] (Thread-168) topic-3303afd5_41aa_41c1_b696_2ee3df1ea59e 0 3 {"key11753975860846": "value-3"}
2025-07-31 15:31:02,246 INFO  [io.api.tes.ser.api.KafkaSerdesTester] (Thread-168) topic-3303afd5_41aa_41c1_b696_2ee3df1ea59e 0 4 {"key11753975860846": "value-4"}
2025-07-31 15:31:02,246 INFO  [io.api.tes.ser.api.KafkaSerdesTester] (Thread-168) topic-3303afd5_41aa_41c1_b696_2ee3df1ea59e 0 5 {"key11753975860846": "value-5"}
2025-07-31 15:31:02,246 INFO  [io.api.tes.ser.api.KafkaSerdesTester] (Thread-168) topic-3303afd5_41aa_41c1_b696_2ee3df1ea59e 0 6 {"key11753975860846": "value-6"}
2025-07-31 15:31:02,246 INFO  [io.api.tes.ser.api.KafkaSerdesTester] (Thread-168) topic-3303afd5_41aa_41c1_b696_2ee3df1ea59e 0 7 {"key11753975860846": "value-7"}
2025-07-31 15:31:02,246 INFO  [io.api.tes.ser.api.KafkaSerdesTester] (Thread-168) topic-3303afd5_41aa_41c1_b696_2ee3df1ea59e 0 8 {"key11753975860846": "value-8"}
2025-07-31 15:31:02,246 INFO  [io.api.tes.ser.api.KafkaSerdesTester] (Thread-168) topic-3303afd5_41aa_41c1_b696_2ee3df1ea59e 0 9 {"key11753975860846": "value-9"}
2025-07-31 15:31:02,246 INFO  [io.api.tes.ser.api.KafkaSerdesTester] (Thread-168) Consumed 10 messages
2025-07-31 15:31:02,248 INFO  [org.apa.kaf.cli.con.int.ConsumerRebalanceListenerInvoker] (Thread-168) [Consumer clientId=consumer-Consumer-topic-3303afd5_41aa_41c1_b696_2ee3df1ea59e-7, groupId=Consumer-topic-3303afd5_41aa_41c1_b696_2ee3df1ea59e] Revoke previously assigned partitions topic-3303afd5_41aa_41c1_b696_2ee3df1ea59e-0
2025-07-31 15:31:02,249 INFO  [org.apa.kaf.cli.con.int.ConsumerCoordinator] (Thread-168) [Consumer clientId=consumer-Consumer-topic-3303afd5_41aa_41c1_b696_2ee3df1ea59e-7, groupId=Consumer-topic-3303afd5_41aa_41c1_b696_2ee3df1ea59e] Member consumer-Consumer-topic-3303afd5_41aa_41c1_b696_2ee3df1ea59e-7-80016056-46b0-4c5b-8354-4a0a26da1108 sending LeaveGroup request to coordinator localhost:32770 (id: 2147483647 rack: null) due to the consumer is being closed
2025-07-31 15:31:02,249 INFO  [org.apa.kaf.cli.con.int.ConsumerCoordinator] (Thread-168) [Consumer clientId=consumer-Consumer-topic-3303afd5_41aa_41c1_b696_2ee3df1ea59e-7, groupId=Consumer-topic-3303afd5_41aa_41c1_b696_2ee3df1ea59e] Resetting generation and member id due to: consumer pro-actively leaving the group
2025-07-31 15:31:02,249 INFO  [org.apa.kaf.cli.con.int.ConsumerCoordinator] (Thread-168) [Consumer clientId=consumer-Consumer-topic-3303afd5_41aa_41c1_b696_2ee3df1ea59e-7, groupId=Consumer-topic-3303afd5_41aa_41c1_b696_2ee3df1ea59e] Request joining group due to: consumer pro-actively leaving the group
2025-07-31 15:31:02,748 INFO  [org.apa.kaf.com.met.Metrics] (Thread-168) Metrics scheduler closed
2025-07-31 15:31:02,748 INFO  [org.apa.kaf.com.met.Metrics] (Thread-168) Closing reporter org.apache.kafka.common.metrics.JmxReporter
2025-07-31 15:31:02,748 INFO  [org.apa.kaf.com.met.Metrics] (Thread-168) Closing reporter org.apache.kafka.common.telemetry.internals.ClientTelemetryReporter
2025-07-31 15:31:02,748 INFO  [org.apa.kaf.com.met.Metrics] (Thread-168) Metrics reporters closed
2025-07-31 15:31:02,750 INFO  [org.apa.kaf.com.uti.AppInfoParser] (Thread-168) App info kafka.consumer for consumer-Consumer-topic-3303afd5_41aa_41c1_b696_2ee3df1ea59e-7 unregistered
2025-07-31 15:31:02,751 INFO  [io.api.tes.uti.TestSeparator] (main) io.apicurio.tests.serdes.apicurio.AvroSerdeIT.testTopicIdStrategyFindLatest-FINISHED
2025-07-31 15:31:02,751 INFO  [io.api.tes.uti.TestSeparator] (main) ############################################################################
]]></system-out>
  </testcase>
  <testcase name="testAvroUnionWithSpecificReader" classname="io.apicurio.tests.serdes.apicurio.AvroSerdeIT" time="1.202">
    <system-out><![CDATA[2025-07-31 15:31:02,754 INFO  [io.api.tes.uti.TestSeparator] (main) ############################################################################
2025-07-31 15:31:02,754 INFO  [io.api.tes.uti.TestSeparator] (main) io.apicurio.tests.serdes.apicurio.AvroSerdeIT.testAvroUnionWithSpecificReader-STARTED
2025-07-31 15:31:02,759 INFO  [org.apa.kaf.cli.pro.ProducerConfig] (main) ProducerConfig values: 
	acks = -1
	auto.include.jmx.reporter = true
	batch.size = 16384
	bootstrap.servers = [PLAINTEXT://localhost:32770]
	buffer.memory = 33554432
	client.dns.lookup = use_all_dns_ips
	client.id = Producer-topic-43b2097f_eb1d_4c1b_81f3_0f0183686d5d
	compression.gzip.level = -1
	compression.lz4.level = 9
	compression.type = none
	compression.zstd.level = 3
	connections.max.idle.ms = 10000
	delivery.timeout.ms = 120000
	enable.idempotence = true
	enable.metrics.push = true
	interceptor.classes = []
	key.serializer = class org.apache.kafka.common.serialization.StringSerializer
	linger.ms = 0
	max.block.ms = 60000
	max.in.flight.requests.per.connection = 5
	max.request.size = 1048576
	metadata.max.age.ms = 300000
	metadata.max.idle.ms = 300000
	metadata.recovery.strategy = none
	metric.reporters = []
	metrics.num.samples = 2
	metrics.recording.level = INFO
	metrics.sample.window.ms = 30000
	partitioner.adaptive.partitioning.enable = true
	partitioner.availability.timeout.ms = 0
	partitioner.class = null
	partitioner.ignore.keys = false
	receive.buffer.bytes = 32768
	reconnect.backoff.max.ms = 1000
	reconnect.backoff.ms = 50
	request.timeout.ms = 5000
	retries = 2147483647
	retry.backoff.max.ms = 1000
	retry.backoff.ms = 100
	sasl.client.callback.handler.class = null
	sasl.jaas.config = null
	sasl.kerberos.kinit.cmd = /usr/bin/kinit
	sasl.kerberos.min.time.before.relogin = 60000
	sasl.kerberos.service.name = null
	sasl.kerberos.ticket.renew.jitter = 0.05
	sasl.kerberos.ticket.renew.window.factor = 0.8
	sasl.login.callback.handler.class = null
	sasl.login.class = null
	sasl.login.connect.timeout.ms = null
	sasl.login.read.timeout.ms = null
	sasl.login.refresh.buffer.seconds = 300
	sasl.login.refresh.min.period.seconds = 60
	sasl.login.refresh.window.factor = 0.8
	sasl.login.refresh.window.jitter = 0.05
	sasl.login.retry.backoff.max.ms = 10000
	sasl.login.retry.backoff.ms = 100
	sasl.mechanism = GSSAPI
	sasl.oauthbearer.clock.skew.seconds = 30
	sasl.oauthbearer.expected.audience = null
	sasl.oauthbearer.expected.issuer = null
	sasl.oauthbearer.header.urlencode = false
	sasl.oauthbearer.jwks.endpoint.refresh.ms = 3600000
	sasl.oauthbearer.jwks.endpoint.retry.backoff.max.ms = 10000
	sasl.oauthbearer.jwks.endpoint.retry.backoff.ms = 100
	sasl.oauthbearer.jwks.endpoint.url = null
	sasl.oauthbearer.scope.claim.name = scope
	sasl.oauthbearer.sub.claim.name = sub
	sasl.oauthbearer.token.endpoint.url = null
	security.protocol = PLAINTEXT
	security.providers = null
	send.buffer.bytes = 131072
	socket.connection.setup.timeout.max.ms = 30000
	socket.connection.setup.timeout.ms = 10000
	ssl.cipher.suites = null
	ssl.enabled.protocols = [TLSv1.2, TLSv1.3]
	ssl.endpoint.identification.algorithm = https
	ssl.engine.factory.class = null
	ssl.key.password = null
	ssl.keymanager.algorithm = SunX509
	ssl.keystore.certificate.chain = null
	ssl.keystore.key = null
	ssl.keystore.location = null
	ssl.keystore.password = null
	ssl.keystore.type = JKS
	ssl.protocol = TLSv1.3
	ssl.provider = null
	ssl.secure.random.implementation = null
	ssl.trustmanager.algorithm = PKIX
	ssl.truststore.certificates = null
	ssl.truststore.location = null
	ssl.truststore.password = null
	ssl.truststore.type = JKS
	transaction.timeout.ms = 60000
	transactional.id = null
	value.serializer = class io.apicurio.registry.serde.avro.AvroKafkaSerializer

2025-07-31 15:31:02,759 INFO  [org.apa.kaf.com.tel.int.KafkaMetricsCollector] (main) initializing Kafka metrics collector
2025-07-31 15:31:02,763 INFO  [org.apa.kaf.cli.pro.KafkaProducer] (main) [Producer clientId=Producer-topic-43b2097f_eb1d_4c1b_81f3_0f0183686d5d] Instantiated an idempotent producer.
2025-07-31 15:31:02,769 INFO  [org.apa.kaf.cli.pro.ProducerConfig] (main) These configurations '[apicurio.registry.url, apicurio.registry.auto-register, apicurio.registry.artifact-resolver-strategy]' were supplied but are not used yet.
2025-07-31 15:31:02,769 INFO  [org.apa.kaf.com.uti.AppInfoParser] (main) Kafka version: 3.9.0
2025-07-31 15:31:02,769 INFO  [org.apa.kaf.com.uti.AppInfoParser] (main) Kafka commitId: 84caaa6e9da06435
2025-07-31 15:31:02,769 INFO  [org.apa.kaf.com.uti.AppInfoParser] (main) Kafka startTimeMs: 1753975862769
2025-07-31 15:31:02,770 INFO  [io.api.tes.ser.api.SimpleSerdesTesterBuilder$SimpleSerdesTester] (main) Using producer configuration: {apicurio.registry.url=http://registry-app-mysql.apps.ci419.apicurio-testing.org:80/apis/registry/v3, apicurio.registry.auto-register=true, apicurio.registry.artifact-resolver-strategy=io.apicurio.registry.serde.strategy.TopicIdStrategy, value.serializer=io.apicurio.registry.serde.avro.AvroKafkaSerializer, request.timeout.ms=5000, acks=all, bootstrap.servers=PLAINTEXT://localhost:32770, connections.max.idle.ms=10000, key.serializer=org.apache.kafka.common.serialization.StringSerializer, client.id=Producer-topic-43b2097f_eb1d_4c1b_81f3_0f0183686d5d}
2025-07-31 15:31:02,775 INFO  [io.api.tes.ser.api.SimpleSerdesTesterBuilder$SimpleSerdesTester] (main) Using consumer configuration: {}
2025-07-31 15:31:02,777 INFO  [io.api.tes.ser.api.KafkaSerdesTester] (Thread-171) Sending message {"id": "record-0"} to topic topic-43b2097f_eb1d_4c1b_81f3_0f0183686d5d
2025-07-31 15:31:02,800 WARN  [org.apa.kaf.cli.NetworkClient] (kafka-producer-network-thread | Producer-topic-43b2097f_eb1d_4c1b_81f3_0f0183686d5d) [Producer clientId=Producer-topic-43b2097f_eb1d_4c1b_81f3_0f0183686d5d] The metadata response from the cluster reported a recoverable issue with correlation id 2 : {topic-43b2097f_eb1d_4c1b_81f3_0f0183686d5d=LEADER_NOT_AVAILABLE}
2025-07-31 15:31:02,800 INFO  [org.apa.kaf.cli.Metadata] (kafka-producer-network-thread | Producer-topic-43b2097f_eb1d_4c1b_81f3_0f0183686d5d) [Producer clientId=Producer-topic-43b2097f_eb1d_4c1b_81f3_0f0183686d5d] Cluster ID: u8-Iy8eKRM2xsCw1W024xw
2025-07-31 15:31:02,800 INFO  [org.apa.kaf.cli.pro.int.TransactionManager] (kafka-producer-network-thread | Producer-topic-43b2097f_eb1d_4c1b_81f3_0f0183686d5d) [Producer clientId=Producer-topic-43b2097f_eb1d_4c1b_81f3_0f0183686d5d] ProducerId set to 10 with epoch 0
2025-07-31 15:31:02,997 INFO  [io.api.tes.ser.api.KafkaSerdesTester] (Thread-171) Sending message {"value": 1} to topic topic-43b2097f_eb1d_4c1b_81f3_0f0183686d5d
2025-07-31 15:31:03,072 INFO  [io.api.tes.ser.api.KafkaSerdesTester] (Thread-171) Sending message {"active": true} to topic topic-43b2097f_eb1d_4c1b_81f3_0f0183686d5d
2025-07-31 15:31:03,182 INFO  [io.api.tes.ser.api.KafkaSerdesTester] (Thread-171) Sending message {"id": "record-3"} to topic topic-43b2097f_eb1d_4c1b_81f3_0f0183686d5d
2025-07-31 15:31:03,183 INFO  [io.api.tes.ser.api.KafkaSerdesTester] (Thread-171) Sending message {"value": 4} to topic topic-43b2097f_eb1d_4c1b_81f3_0f0183686d5d
2025-07-31 15:31:03,186 INFO  [io.api.tes.ser.api.KafkaSerdesTester] (Thread-171) Sending message {"active": false} to topic topic-43b2097f_eb1d_4c1b_81f3_0f0183686d5d
2025-07-31 15:31:03,188 INFO  [io.api.tes.ser.api.KafkaSerdesTester] (Thread-171) Sending message {"id": "record-6"} to topic topic-43b2097f_eb1d_4c1b_81f3_0f0183686d5d
2025-07-31 15:31:03,190 INFO  [io.api.tes.ser.api.KafkaSerdesTester] (Thread-171) Sending message {"value": 7} to topic topic-43b2097f_eb1d_4c1b_81f3_0f0183686d5d
2025-07-31 15:31:03,191 INFO  [io.api.tes.ser.api.KafkaSerdesTester] (Thread-171) Sending message {"active": true} to topic topic-43b2097f_eb1d_4c1b_81f3_0f0183686d5d
2025-07-31 15:31:03,192 INFO  [io.api.tes.ser.api.KafkaSerdesTester] (Thread-171) Sending message {"id": "record-9"} to topic topic-43b2097f_eb1d_4c1b_81f3_0f0183686d5d
2025-07-31 15:31:03,193 INFO  [io.api.tes.ser.api.KafkaSerdesTester] (Thread-171) Produced 10 messages
2025-07-31 15:31:03,194 INFO  [org.apa.kaf.cli.pro.KafkaProducer] (Thread-171) [Producer clientId=Producer-topic-43b2097f_eb1d_4c1b_81f3_0f0183686d5d] Closing the Kafka producer with timeoutMillis = 9223372036854775807 ms.
2025-07-31 15:31:03,195 INFO  [org.apa.kaf.com.met.Metrics] (Thread-171) Metrics scheduler closed
2025-07-31 15:31:03,196 INFO  [org.apa.kaf.com.met.Metrics] (Thread-171) Closing reporter org.apache.kafka.common.metrics.JmxReporter
2025-07-31 15:31:03,196 INFO  [org.apa.kaf.com.met.Metrics] (Thread-171) Closing reporter org.apache.kafka.common.telemetry.internals.ClientTelemetryReporter
2025-07-31 15:31:03,196 INFO  [org.apa.kaf.com.met.Metrics] (Thread-171) Metrics reporters closed
2025-07-31 15:31:03,196 INFO  [org.apa.kaf.com.uti.AppInfoParser] (Thread-171) App info kafka.producer for Producer-topic-43b2097f_eb1d_4c1b_81f3_0f0183686d5d unregistered
2025-07-31 15:31:03,228 INFO  [io.api.tes.ser.api.AvroSerdeIT] (main) Artifact topic-43b2097f_eb1d_4c1b_81f3_0f0183686d5d-value found in registry with globalId 20
2025-07-31 15:31:03,229 INFO  [org.apa.kaf.cli.con.ConsumerConfig] (main) ConsumerConfig values: 
	allow.auto.create.topics = true
	auto.commit.interval.ms = 500
	auto.include.jmx.reporter = true
	auto.offset.reset = earliest
	bootstrap.servers = [PLAINTEXT://localhost:32770]
	check.crcs = true
	client.dns.lookup = use_all_dns_ips
	client.id = consumer-Consumer-topic-43b2097f_eb1d_4c1b_81f3_0f0183686d5d-8
	client.rack = 
	connections.max.idle.ms = 10000
	default.api.timeout.ms = 60000
	enable.auto.commit = true
	enable.metrics.push = true
	exclude.internal.topics = true
	fetch.max.bytes = 52428800
	fetch.max.wait.ms = 500
	fetch.min.bytes = 1
	group.id = Consumer-topic-43b2097f_eb1d_4c1b_81f3_0f0183686d5d
	group.instance.id = null
	group.protocol = classic
	group.remote.assignor = null
	heartbeat.interval.ms = 3000
	interceptor.classes = []
	internal.leave.group.on.close = true
	internal.throw.on.fetch.stable.offset.unsupported = false
	isolation.level = read_uncommitted
	key.deserializer = class org.apache.kafka.common.serialization.StringDeserializer
	max.partition.fetch.bytes = 1048576
	max.poll.interval.ms = 300000
	max.poll.records = 500
	metadata.max.age.ms = 300000
	metadata.recovery.strategy = none
	metric.reporters = []
	metrics.num.samples = 2
	metrics.recording.level = INFO
	metrics.sample.window.ms = 30000
	partition.assignment.strategy = [class org.apache.kafka.clients.consumer.RangeAssignor, class org.apache.kafka.clients.consumer.CooperativeStickyAssignor]
	receive.buffer.bytes = 65536
	reconnect.backoff.max.ms = 1000
	reconnect.backoff.ms = 50
	request.timeout.ms = 5000
	retry.backoff.max.ms = 1000
	retry.backoff.ms = 100
	sasl.client.callback.handler.class = null
	sasl.jaas.config = null
	sasl.kerberos.kinit.cmd = /usr/bin/kinit
	sasl.kerberos.min.time.before.relogin = 60000
	sasl.kerberos.service.name = null
	sasl.kerberos.ticket.renew.jitter = 0.05
	sasl.kerberos.ticket.renew.window.factor = 0.8
	sasl.login.callback.handler.class = null
	sasl.login.class = null
	sasl.login.connect.timeout.ms = null
	sasl.login.read.timeout.ms = null
	sasl.login.refresh.buffer.seconds = 300
	sasl.login.refresh.min.period.seconds = 60
	sasl.login.refresh.window.factor = 0.8
	sasl.login.refresh.window.jitter = 0.05
	sasl.login.retry.backoff.max.ms = 10000
	sasl.login.retry.backoff.ms = 100
	sasl.mechanism = GSSAPI
	sasl.oauthbearer.clock.skew.seconds = 30
	sasl.oauthbearer.expected.audience = null
	sasl.oauthbearer.expected.issuer = null
	sasl.oauthbearer.header.urlencode = false
	sasl.oauthbearer.jwks.endpoint.refresh.ms = 3600000
	sasl.oauthbearer.jwks.endpoint.retry.backoff.max.ms = 10000
	sasl.oauthbearer.jwks.endpoint.retry.backoff.ms = 100
	sasl.oauthbearer.jwks.endpoint.url = null
	sasl.oauthbearer.scope.claim.name = scope
	sasl.oauthbearer.sub.claim.name = sub
	sasl.oauthbearer.token.endpoint.url = null
	security.protocol = PLAINTEXT
	security.providers = null
	send.buffer.bytes = 131072
	session.timeout.ms = 45000
	socket.connection.setup.timeout.max.ms = 30000
	socket.connection.setup.timeout.ms = 10000
	ssl.cipher.suites = null
	ssl.enabled.protocols = [TLSv1.2, TLSv1.3]
	ssl.endpoint.identification.algorithm = https
	ssl.engine.factory.class = null
	ssl.key.password = null
	ssl.keymanager.algorithm = SunX509
	ssl.keystore.certificate.chain = null
	ssl.keystore.key = null
	ssl.keystore.location = null
	ssl.keystore.password = null
	ssl.keystore.type = JKS
	ssl.protocol = TLSv1.3
	ssl.provider = null
	ssl.secure.random.implementation = null
	ssl.trustmanager.algorithm = PKIX
	ssl.truststore.certificates = null
	ssl.truststore.location = null
	ssl.truststore.password = null
	ssl.truststore.type = JKS
	value.deserializer = class io.apicurio.registry.serde.avro.AvroKafkaDeserializer

2025-07-31 15:31:03,229 INFO  [org.apa.kaf.com.tel.int.KafkaMetricsCollector] (main) initializing Kafka metrics collector
2025-07-31 15:31:03,233 INFO  [org.apa.kaf.cli.con.ConsumerConfig] (main) These configurations '[apicurio.registry.url]' were supplied but are not used yet.
2025-07-31 15:31:03,233 INFO  [org.apa.kaf.com.uti.AppInfoParser] (main) Kafka version: 3.9.0
2025-07-31 15:31:03,234 INFO  [org.apa.kaf.com.uti.AppInfoParser] (main) Kafka commitId: 84caaa6e9da06435
2025-07-31 15:31:03,234 INFO  [org.apa.kaf.com.uti.AppInfoParser] (main) Kafka startTimeMs: 1753975863233
2025-07-31 15:31:03,234 INFO  [org.apa.kaf.cli.con.int.ClassicKafkaConsumer] (Thread-174) [Consumer clientId=consumer-Consumer-topic-43b2097f_eb1d_4c1b_81f3_0f0183686d5d-8, groupId=Consumer-topic-43b2097f_eb1d_4c1b_81f3_0f0183686d5d] Subscribed to topic(s): topic-43b2097f_eb1d_4c1b_81f3_0f0183686d5d
2025-07-31 15:31:03,240 INFO  [org.apa.kaf.cli.Metadata] (Thread-174) [Consumer clientId=consumer-Consumer-topic-43b2097f_eb1d_4c1b_81f3_0f0183686d5d-8, groupId=Consumer-topic-43b2097f_eb1d_4c1b_81f3_0f0183686d5d] Cluster ID: u8-Iy8eKRM2xsCw1W024xw
2025-07-31 15:31:03,242 INFO  [org.apa.kaf.cli.con.int.ConsumerCoordinator] (Thread-174) [Consumer clientId=consumer-Consumer-topic-43b2097f_eb1d_4c1b_81f3_0f0183686d5d-8, groupId=Consumer-topic-43b2097f_eb1d_4c1b_81f3_0f0183686d5d] Discovered group coordinator localhost:32770 (id: 2147483647 rack: null)
2025-07-31 15:31:03,243 INFO  [org.apa.kaf.cli.con.int.ConsumerCoordinator] (Thread-174) [Consumer clientId=consumer-Consumer-topic-43b2097f_eb1d_4c1b_81f3_0f0183686d5d-8, groupId=Consumer-topic-43b2097f_eb1d_4c1b_81f3_0f0183686d5d] (Re-)joining group
2025-07-31 15:31:03,247 INFO  [org.apa.kaf.cli.con.int.ConsumerCoordinator] (Thread-174) [Consumer clientId=consumer-Consumer-topic-43b2097f_eb1d_4c1b_81f3_0f0183686d5d-8, groupId=Consumer-topic-43b2097f_eb1d_4c1b_81f3_0f0183686d5d] Request joining group due to: need to re-join with the given member-id: consumer-Consumer-topic-43b2097f_eb1d_4c1b_81f3_0f0183686d5d-8-256b6752-4c05-4793-9fba-e7fa13951944
2025-07-31 15:31:03,247 INFO  [org.apa.kaf.cli.con.int.ConsumerCoordinator] (Thread-174) [Consumer clientId=consumer-Consumer-topic-43b2097f_eb1d_4c1b_81f3_0f0183686d5d-8, groupId=Consumer-topic-43b2097f_eb1d_4c1b_81f3_0f0183686d5d] (Re-)joining group
2025-07-31 15:31:03,251 INFO  [org.apa.kaf.cli.con.int.ConsumerCoordinator] (Thread-174) [Consumer clientId=consumer-Consumer-topic-43b2097f_eb1d_4c1b_81f3_0f0183686d5d-8, groupId=Consumer-topic-43b2097f_eb1d_4c1b_81f3_0f0183686d5d] Successfully joined group with generation Generation{generationId=1, memberId='consumer-Consumer-topic-43b2097f_eb1d_4c1b_81f3_0f0183686d5d-8-256b6752-4c05-4793-9fba-e7fa13951944', protocol='range'}
2025-07-31 15:31:03,252 INFO  [org.apa.kaf.cli.con.int.ConsumerCoordinator] (Thread-174) [Consumer clientId=consumer-Consumer-topic-43b2097f_eb1d_4c1b_81f3_0f0183686d5d-8, groupId=Consumer-topic-43b2097f_eb1d_4c1b_81f3_0f0183686d5d] Finished assignment for group at generation 1: {consumer-Consumer-topic-43b2097f_eb1d_4c1b_81f3_0f0183686d5d-8-256b6752-4c05-4793-9fba-e7fa13951944=Assignment(partitions=[topic-43b2097f_eb1d_4c1b_81f3_0f0183686d5d-0])}
2025-07-31 15:31:03,257 INFO  [org.apa.kaf.cli.con.int.ConsumerCoordinator] (Thread-174) [Consumer clientId=consumer-Consumer-topic-43b2097f_eb1d_4c1b_81f3_0f0183686d5d-8, groupId=Consumer-topic-43b2097f_eb1d_4c1b_81f3_0f0183686d5d] Successfully synced group in generation Generation{generationId=1, memberId='consumer-Consumer-topic-43b2097f_eb1d_4c1b_81f3_0f0183686d5d-8-256b6752-4c05-4793-9fba-e7fa13951944', protocol='range'}
2025-07-31 15:31:03,257 INFO  [org.apa.kaf.cli.con.int.ConsumerCoordinator] (Thread-174) [Consumer clientId=consumer-Consumer-topic-43b2097f_eb1d_4c1b_81f3_0f0183686d5d-8, groupId=Consumer-topic-43b2097f_eb1d_4c1b_81f3_0f0183686d5d] Notifying assignor about the new Assignment(partitions=[topic-43b2097f_eb1d_4c1b_81f3_0f0183686d5d-0])
2025-07-31 15:31:03,258 INFO  [org.apa.kaf.cli.con.int.ConsumerRebalanceListenerInvoker] (Thread-174) [Consumer clientId=consumer-Consumer-topic-43b2097f_eb1d_4c1b_81f3_0f0183686d5d-8, groupId=Consumer-topic-43b2097f_eb1d_4c1b_81f3_0f0183686d5d] Adding newly assigned partitions: topic-43b2097f_eb1d_4c1b_81f3_0f0183686d5d-0
2025-07-31 15:31:03,259 INFO  [org.apa.kaf.cli.con.int.ConsumerCoordinator] (Thread-174) [Consumer clientId=consumer-Consumer-topic-43b2097f_eb1d_4c1b_81f3_0f0183686d5d-8, groupId=Consumer-topic-43b2097f_eb1d_4c1b_81f3_0f0183686d5d] Found no committed offset for partition topic-43b2097f_eb1d_4c1b_81f3_0f0183686d5d-0
2025-07-31 15:31:03,264 INFO  [org.apa.kaf.cli.con.int.SubscriptionState] (Thread-174) [Consumer clientId=consumer-Consumer-topic-43b2097f_eb1d_4c1b_81f3_0f0183686d5d-8, groupId=Consumer-topic-43b2097f_eb1d_4c1b_81f3_0f0183686d5d] Resetting offset for partition topic-43b2097f_eb1d_4c1b_81f3_0f0183686d5d-0 to position FetchPosition{offset=0, offsetEpoch=Optional.empty, currentLeader=LeaderAndEpoch{leader=Optional[localhost:32770 (id: 0 rack: null)], epoch=0}}.
2025-07-31 15:31:03,445 INFO  [io.api.tes.ser.api.KafkaSerdesTester] (Thread-174) topic-43b2097f_eb1d_4c1b_81f3_0f0183686d5d 0 0 {"id": "record-0"}
2025-07-31 15:31:03,445 INFO  [io.api.tes.ser.api.KafkaSerdesTester] (Thread-174) topic-43b2097f_eb1d_4c1b_81f3_0f0183686d5d 0 1 {"value": 1}
2025-07-31 15:31:03,445 INFO  [io.api.tes.ser.api.KafkaSerdesTester] (Thread-174) topic-43b2097f_eb1d_4c1b_81f3_0f0183686d5d 0 2 {"active": true}
2025-07-31 15:31:03,445 INFO  [io.api.tes.ser.api.KafkaSerdesTester] (Thread-174) topic-43b2097f_eb1d_4c1b_81f3_0f0183686d5d 0 3 {"id": "record-3"}
2025-07-31 15:31:03,445 INFO  [io.api.tes.ser.api.KafkaSerdesTester] (Thread-174) topic-43b2097f_eb1d_4c1b_81f3_0f0183686d5d 0 4 {"value": 4}
2025-07-31 15:31:03,445 INFO  [io.api.tes.ser.api.KafkaSerdesTester] (Thread-174) topic-43b2097f_eb1d_4c1b_81f3_0f0183686d5d 0 5 {"active": false}
2025-07-31 15:31:03,445 INFO  [io.api.tes.ser.api.KafkaSerdesTester] (Thread-174) topic-43b2097f_eb1d_4c1b_81f3_0f0183686d5d 0 6 {"id": "record-6"}
2025-07-31 15:31:03,446 INFO  [io.api.tes.ser.api.KafkaSerdesTester] (Thread-174) topic-43b2097f_eb1d_4c1b_81f3_0f0183686d5d 0 7 {"value": 7}
2025-07-31 15:31:03,446 INFO  [io.api.tes.ser.api.KafkaSerdesTester] (Thread-174) topic-43b2097f_eb1d_4c1b_81f3_0f0183686d5d 0 8 {"active": true}
2025-07-31 15:31:03,446 INFO  [io.api.tes.ser.api.KafkaSerdesTester] (Thread-174) topic-43b2097f_eb1d_4c1b_81f3_0f0183686d5d 0 9 {"id": "record-9"}
2025-07-31 15:31:03,446 INFO  [io.api.tes.ser.api.KafkaSerdesTester] (Thread-174) Consumed 10 messages
2025-07-31 15:31:03,448 INFO  [org.apa.kaf.cli.con.int.ConsumerRebalanceListenerInvoker] (Thread-174) [Consumer clientId=consumer-Consumer-topic-43b2097f_eb1d_4c1b_81f3_0f0183686d5d-8, groupId=Consumer-topic-43b2097f_eb1d_4c1b_81f3_0f0183686d5d] Revoke previously assigned partitions topic-43b2097f_eb1d_4c1b_81f3_0f0183686d5d-0
2025-07-31 15:31:03,449 INFO  [org.apa.kaf.cli.con.int.ConsumerCoordinator] (Thread-174) [Consumer clientId=consumer-Consumer-topic-43b2097f_eb1d_4c1b_81f3_0f0183686d5d-8, groupId=Consumer-topic-43b2097f_eb1d_4c1b_81f3_0f0183686d5d] Member consumer-Consumer-topic-43b2097f_eb1d_4c1b_81f3_0f0183686d5d-8-256b6752-4c05-4793-9fba-e7fa13951944 sending LeaveGroup request to coordinator localhost:32770 (id: 2147483647 rack: null) due to the consumer is being closed
2025-07-31 15:31:03,449 INFO  [org.apa.kaf.cli.con.int.ConsumerCoordinator] (Thread-174) [Consumer clientId=consumer-Consumer-topic-43b2097f_eb1d_4c1b_81f3_0f0183686d5d-8, groupId=Consumer-topic-43b2097f_eb1d_4c1b_81f3_0f0183686d5d] Resetting generation and member id due to: consumer pro-actively leaving the group
2025-07-31 15:31:03,449 INFO  [org.apa.kaf.cli.con.int.ConsumerCoordinator] (Thread-174) [Consumer clientId=consumer-Consumer-topic-43b2097f_eb1d_4c1b_81f3_0f0183686d5d-8, groupId=Consumer-topic-43b2097f_eb1d_4c1b_81f3_0f0183686d5d] Request joining group due to: consumer pro-actively leaving the group
2025-07-31 15:31:03,948 INFO  [org.apa.kaf.com.met.Metrics] (Thread-174) Metrics scheduler closed
2025-07-31 15:31:03,948 INFO  [org.apa.kaf.com.met.Metrics] (Thread-174) Closing reporter org.apache.kafka.common.metrics.JmxReporter
2025-07-31 15:31:03,948 INFO  [org.apa.kaf.com.met.Metrics] (Thread-174) Closing reporter org.apache.kafka.common.telemetry.internals.ClientTelemetryReporter
2025-07-31 15:31:03,948 INFO  [org.apa.kaf.com.met.Metrics] (Thread-174) Metrics reporters closed
2025-07-31 15:31:03,952 INFO  [org.apa.kaf.com.uti.AppInfoParser] (Thread-174) App info kafka.consumer for consumer-Consumer-topic-43b2097f_eb1d_4c1b_81f3_0f0183686d5d-8 unregistered
2025-07-31 15:31:03,953 INFO  [io.api.tes.uti.TestSeparator] (main) io.apicurio.tests.serdes.apicurio.AvroSerdeIT.testAvroUnionWithSpecificReader-FINISHED
2025-07-31 15:31:03,953 INFO  [io.api.tes.uti.TestSeparator] (main) ############################################################################
]]></system-out>
  </testcase>
  <testcase name="testEvolveAvroApicurioReusingClient" classname="io.apicurio.tests.serdes.apicurio.AvroSerdeIT" time="4.275">
    <system-out><![CDATA[2025-07-31 15:31:03,954 INFO  [io.api.tes.uti.TestSeparator] (main) ############################################################################
2025-07-31 15:31:03,954 INFO  [io.api.tes.uti.TestSeparator] (main) io.apicurio.tests.serdes.apicurio.AvroSerdeIT.testEvolveAvroApicurioReusingClient-STARTED
2025-07-31 15:31:03,956 INFO  [io.api.tes.ser.api.AvroSerdeIT] (main) Registering Avro Schema: {"type":"record","name":"s413d7eccx53b2x425ex8238xe4b614d24b10","namespace":"ns_cf06e10b_313b_42ac_896a_c7d5ac8aaa3c","fields":[{"name":"key11753975863955","type":"string"}]}
2025-07-31 15:31:05,040 INFO  [org.apa.kaf.cli.pro.ProducerConfig] (main) ProducerConfig values: 
	acks = -1
	auto.include.jmx.reporter = true
	batch.size = 16384
	bootstrap.servers = [PLAINTEXT://localhost:32770]
	buffer.memory = 33554432
	client.dns.lookup = use_all_dns_ips
	client.id = Producer-topic-b1a618da_2a15_4786_ab37_d9ef3f295f0d
	compression.gzip.level = -1
	compression.lz4.level = 9
	compression.type = none
	compression.zstd.level = 3
	connections.max.idle.ms = 10000
	delivery.timeout.ms = 120000
	enable.idempotence = true
	enable.metrics.push = true
	interceptor.classes = []
	key.serializer = class org.apache.kafka.common.serialization.StringSerializer
	linger.ms = 0
	max.block.ms = 60000
	max.in.flight.requests.per.connection = 5
	max.request.size = 1048576
	metadata.max.age.ms = 300000
	metadata.max.idle.ms = 300000
	metadata.recovery.strategy = none
	metric.reporters = []
	metrics.num.samples = 2
	metrics.recording.level = INFO
	metrics.sample.window.ms = 30000
	partitioner.adaptive.partitioning.enable = true
	partitioner.availability.timeout.ms = 0
	partitioner.class = null
	partitioner.ignore.keys = false
	receive.buffer.bytes = 32768
	reconnect.backoff.max.ms = 1000
	reconnect.backoff.ms = 50
	request.timeout.ms = 5000
	retries = 2147483647
	retry.backoff.max.ms = 1000
	retry.backoff.ms = 100
	sasl.client.callback.handler.class = null
	sasl.jaas.config = null
	sasl.kerberos.kinit.cmd = /usr/bin/kinit
	sasl.kerberos.min.time.before.relogin = 60000
	sasl.kerberos.service.name = null
	sasl.kerberos.ticket.renew.jitter = 0.05
	sasl.kerberos.ticket.renew.window.factor = 0.8
	sasl.login.callback.handler.class = null
	sasl.login.class = null
	sasl.login.connect.timeout.ms = null
	sasl.login.read.timeout.ms = null
	sasl.login.refresh.buffer.seconds = 300
	sasl.login.refresh.min.period.seconds = 60
	sasl.login.refresh.window.factor = 0.8
	sasl.login.refresh.window.jitter = 0.05
	sasl.login.retry.backoff.max.ms = 10000
	sasl.login.retry.backoff.ms = 100
	sasl.mechanism = GSSAPI
	sasl.oauthbearer.clock.skew.seconds = 30
	sasl.oauthbearer.expected.audience = null
	sasl.oauthbearer.expected.issuer = null
	sasl.oauthbearer.header.urlencode = false
	sasl.oauthbearer.jwks.endpoint.refresh.ms = 3600000
	sasl.oauthbearer.jwks.endpoint.retry.backoff.max.ms = 10000
	sasl.oauthbearer.jwks.endpoint.retry.backoff.ms = 100
	sasl.oauthbearer.jwks.endpoint.url = null
	sasl.oauthbearer.scope.claim.name = scope
	sasl.oauthbearer.sub.claim.name = sub
	sasl.oauthbearer.token.endpoint.url = null
	security.protocol = PLAINTEXT
	security.providers = null
	send.buffer.bytes = 131072
	socket.connection.setup.timeout.max.ms = 30000
	socket.connection.setup.timeout.ms = 10000
	ssl.cipher.suites = null
	ssl.enabled.protocols = [TLSv1.2, TLSv1.3]
	ssl.endpoint.identification.algorithm = https
	ssl.engine.factory.class = null
	ssl.key.password = null
	ssl.keymanager.algorithm = SunX509
	ssl.keystore.certificate.chain = null
	ssl.keystore.key = null
	ssl.keystore.location = null
	ssl.keystore.password = null
	ssl.keystore.type = JKS
	ssl.protocol = TLSv1.3
	ssl.provider = null
	ssl.secure.random.implementation = null
	ssl.trustmanager.algorithm = PKIX
	ssl.truststore.certificates = null
	ssl.truststore.location = null
	ssl.truststore.password = null
	ssl.truststore.type = JKS
	transaction.timeout.ms = 60000
	transactional.id = null
	value.serializer = class io.apicurio.registry.serde.avro.AvroKafkaSerializer

2025-07-31 15:31:05,040 INFO  [org.apa.kaf.com.tel.int.KafkaMetricsCollector] (main) initializing Kafka metrics collector
2025-07-31 15:31:05,043 INFO  [org.apa.kaf.cli.pro.KafkaProducer] (main) [Producer clientId=Producer-topic-b1a618da_2a15_4786_ab37_d9ef3f295f0d] Instantiated an idempotent producer.
2025-07-31 15:31:05,046 INFO  [org.apa.kaf.cli.pro.ProducerConfig] (main) These configurations '[apicurio.registry.url, apicurio.registry.artifact-resolver-strategy]' were supplied but are not used yet.
2025-07-31 15:31:05,046 INFO  [org.apa.kaf.com.uti.AppInfoParser] (main) Kafka version: 3.9.0
2025-07-31 15:31:05,046 INFO  [org.apa.kaf.com.uti.AppInfoParser] (main) Kafka commitId: 84caaa6e9da06435
2025-07-31 15:31:05,046 INFO  [org.apa.kaf.com.uti.AppInfoParser] (main) Kafka startTimeMs: 1753975865046
2025-07-31 15:31:05,046 INFO  [org.apa.kaf.cli.con.ConsumerConfig] (main) ConsumerConfig values: 
	allow.auto.create.topics = true
	auto.commit.interval.ms = 500
	auto.include.jmx.reporter = true
	auto.offset.reset = earliest
	bootstrap.servers = [PLAINTEXT://localhost:32770]
	check.crcs = true
	client.dns.lookup = use_all_dns_ips
	client.id = consumer-Consumer-topic-b1a618da_2a15_4786_ab37_d9ef3f295f0d-9
	client.rack = 
	connections.max.idle.ms = 10000
	default.api.timeout.ms = 60000
	enable.auto.commit = true
	enable.metrics.push = true
	exclude.internal.topics = true
	fetch.max.bytes = 52428800
	fetch.max.wait.ms = 500
	fetch.min.bytes = 1
	group.id = Consumer-topic-b1a618da_2a15_4786_ab37_d9ef3f295f0d
	group.instance.id = null
	group.protocol = classic
	group.remote.assignor = null
	heartbeat.interval.ms = 3000
	interceptor.classes = []
	internal.leave.group.on.close = true
	internal.throw.on.fetch.stable.offset.unsupported = false
	isolation.level = read_uncommitted
	key.deserializer = class org.apache.kafka.common.serialization.StringDeserializer
	max.partition.fetch.bytes = 1048576
	max.poll.interval.ms = 300000
	max.poll.records = 500
	metadata.max.age.ms = 300000
	metadata.recovery.strategy = none
	metric.reporters = []
	metrics.num.samples = 2
	metrics.recording.level = INFO
	metrics.sample.window.ms = 30000
	partition.assignment.strategy = [class org.apache.kafka.clients.consumer.RangeAssignor, class org.apache.kafka.clients.consumer.CooperativeStickyAssignor]
	receive.buffer.bytes = 65536
	reconnect.backoff.max.ms = 1000
	reconnect.backoff.ms = 50
	request.timeout.ms = 5000
	retry.backoff.max.ms = 1000
	retry.backoff.ms = 100
	sasl.client.callback.handler.class = null
	sasl.jaas.config = null
	sasl.kerberos.kinit.cmd = /usr/bin/kinit
	sasl.kerberos.min.time.before.relogin = 60000
	sasl.kerberos.service.name = null
	sasl.kerberos.ticket.renew.jitter = 0.05
	sasl.kerberos.ticket.renew.window.factor = 0.8
	sasl.login.callback.handler.class = null
	sasl.login.class = null
	sasl.login.connect.timeout.ms = null
	sasl.login.read.timeout.ms = null
	sasl.login.refresh.buffer.seconds = 300
	sasl.login.refresh.min.period.seconds = 60
	sasl.login.refresh.window.factor = 0.8
	sasl.login.refresh.window.jitter = 0.05
	sasl.login.retry.backoff.max.ms = 10000
	sasl.login.retry.backoff.ms = 100
	sasl.mechanism = GSSAPI
	sasl.oauthbearer.clock.skew.seconds = 30
	sasl.oauthbearer.expected.audience = null
	sasl.oauthbearer.expected.issuer = null
	sasl.oauthbearer.header.urlencode = false
	sasl.oauthbearer.jwks.endpoint.refresh.ms = 3600000
	sasl.oauthbearer.jwks.endpoint.retry.backoff.max.ms = 10000
	sasl.oauthbearer.jwks.endpoint.retry.backoff.ms = 100
	sasl.oauthbearer.jwks.endpoint.url = null
	sasl.oauthbearer.scope.claim.name = scope
	sasl.oauthbearer.sub.claim.name = sub
	sasl.oauthbearer.token.endpoint.url = null
	security.protocol = PLAINTEXT
	security.providers = null
	send.buffer.bytes = 131072
	session.timeout.ms = 45000
	socket.connection.setup.timeout.max.ms = 30000
	socket.connection.setup.timeout.ms = 10000
	ssl.cipher.suites = null
	ssl.enabled.protocols = [TLSv1.2, TLSv1.3]
	ssl.endpoint.identification.algorithm = https
	ssl.engine.factory.class = null
	ssl.key.password = null
	ssl.keymanager.algorithm = SunX509
	ssl.keystore.certificate.chain = null
	ssl.keystore.key = null
	ssl.keystore.location = null
	ssl.keystore.password = null
	ssl.keystore.type = JKS
	ssl.protocol = TLSv1.3
	ssl.provider = null
	ssl.secure.random.implementation = null
	ssl.trustmanager.algorithm = PKIX
	ssl.truststore.certificates = null
	ssl.truststore.location = null
	ssl.truststore.password = null
	ssl.truststore.type = JKS
	value.deserializer = class io.apicurio.registry.serde.avro.AvroKafkaDeserializer

2025-07-31 15:31:05,047 INFO  [org.apa.kaf.com.tel.int.KafkaMetricsCollector] (main) initializing Kafka metrics collector
2025-07-31 15:31:05,052 INFO  [org.apa.kaf.cli.con.ConsumerConfig] (main) These configurations '[apicurio.registry.url]' were supplied but are not used yet.
2025-07-31 15:31:05,052 INFO  [org.apa.kaf.com.uti.AppInfoParser] (main) Kafka version: 3.9.0
2025-07-31 15:31:05,052 INFO  [org.apa.kaf.com.uti.AppInfoParser] (main) Kafka commitId: 84caaa6e9da06435
2025-07-31 15:31:05,052 INFO  [org.apa.kaf.com.uti.AppInfoParser] (main) Kafka startTimeMs: 1753975865052
2025-07-31 15:31:05,053 INFO  [org.apa.kaf.cli.Metadata] (kafka-producer-network-thread | Producer-topic-b1a618da_2a15_4786_ab37_d9ef3f295f0d) [Producer clientId=Producer-topic-b1a618da_2a15_4786_ab37_d9ef3f295f0d] Cluster ID: u8-Iy8eKRM2xsCw1W024xw
2025-07-31 15:31:05,055 INFO  [io.api.tes.ser.api.KafkaSerdesTester] (Thread-179) Sending message {"key11753975863955": "value-0"} to topic topic-b1a618da_2a15_4786_ab37_d9ef3f295f0d
2025-07-31 15:31:05,056 INFO  [org.apa.kaf.cli.pro.int.TransactionManager] (kafka-producer-network-thread | Producer-topic-b1a618da_2a15_4786_ab37_d9ef3f295f0d) [Producer clientId=Producer-topic-b1a618da_2a15_4786_ab37_d9ef3f295f0d] ProducerId set to 11 with epoch 0
2025-07-31 15:31:05,059 INFO  [DefaultSchemaResolver] (Thread-179) Retrieving schema content using string: {"type":"record","name":"s413d7eccx53b2x425ex8238xe4b614d24b10","namespace":"ns_cf06e10b_313b_42ac_896a_c7d5ac8aaa3c","fields":[{"name":"key11753975863955","type":"string"}]}
2025-07-31 15:31:05,118 INFO  [io.api.tes.ser.api.KafkaSerdesTester] (Thread-179) Sending message {"key11753975863955": "value-1"} to topic topic-b1a618da_2a15_4786_ab37_d9ef3f295f0d
2025-07-31 15:31:05,120 INFO  [io.api.tes.ser.api.KafkaSerdesTester] (Thread-179) Sending message {"key11753975863955": "value-2"} to topic topic-b1a618da_2a15_4786_ab37_d9ef3f295f0d
2025-07-31 15:31:05,126 INFO  [io.api.tes.ser.api.KafkaSerdesTester] (Thread-179) Sending message {"key11753975863955": "value-3"} to topic topic-b1a618da_2a15_4786_ab37_d9ef3f295f0d
2025-07-31 15:31:05,132 INFO  [io.api.tes.ser.api.KafkaSerdesTester] (Thread-179) Sending message {"key11753975863955": "value-4"} to topic topic-b1a618da_2a15_4786_ab37_d9ef3f295f0d
2025-07-31 15:31:05,135 INFO  [io.api.tes.ser.api.KafkaSerdesTester] (Thread-179) Sending message {"key11753975863955": "value-5"} to topic topic-b1a618da_2a15_4786_ab37_d9ef3f295f0d
2025-07-31 15:31:05,137 INFO  [io.api.tes.ser.api.KafkaSerdesTester] (Thread-179) Sending message {"key11753975863955": "value-6"} to topic topic-b1a618da_2a15_4786_ab37_d9ef3f295f0d
2025-07-31 15:31:05,139 INFO  [io.api.tes.ser.api.KafkaSerdesTester] (Thread-179) Sending message {"key11753975863955": "value-7"} to topic topic-b1a618da_2a15_4786_ab37_d9ef3f295f0d
2025-07-31 15:31:05,142 INFO  [io.api.tes.ser.api.KafkaSerdesTester] (Thread-179) Sending message {"key11753975863955": "value-8"} to topic topic-b1a618da_2a15_4786_ab37_d9ef3f295f0d
2025-07-31 15:31:05,145 INFO  [io.api.tes.ser.api.KafkaSerdesTester] (Thread-179) Sending message {"key11753975863955": "value-9"} to topic topic-b1a618da_2a15_4786_ab37_d9ef3f295f0d
2025-07-31 15:31:05,149 INFO  [io.api.tes.ser.api.KafkaSerdesTester] (Thread-179) Produced 10 messages
2025-07-31 15:31:05,153 INFO  [org.apa.kaf.cli.con.int.ClassicKafkaConsumer] (Thread-180) [Consumer clientId=consumer-Consumer-topic-b1a618da_2a15_4786_ab37_d9ef3f295f0d-9, groupId=Consumer-topic-b1a618da_2a15_4786_ab37_d9ef3f295f0d] Subscribed to topic(s): topic-b1a618da_2a15_4786_ab37_d9ef3f295f0d
2025-07-31 15:31:05,159 INFO  [org.apa.kaf.cli.Metadata] (Thread-180) [Consumer clientId=consumer-Consumer-topic-b1a618da_2a15_4786_ab37_d9ef3f295f0d-9, groupId=Consumer-topic-b1a618da_2a15_4786_ab37_d9ef3f295f0d] Cluster ID: u8-Iy8eKRM2xsCw1W024xw
2025-07-31 15:31:05,161 INFO  [org.apa.kaf.cli.con.int.ConsumerCoordinator] (Thread-180) [Consumer clientId=consumer-Consumer-topic-b1a618da_2a15_4786_ab37_d9ef3f295f0d-9, groupId=Consumer-topic-b1a618da_2a15_4786_ab37_d9ef3f295f0d] Discovered group coordinator localhost:32770 (id: 2147483647 rack: null)
2025-07-31 15:31:05,162 INFO  [org.apa.kaf.cli.con.int.ConsumerCoordinator] (Thread-180) [Consumer clientId=consumer-Consumer-topic-b1a618da_2a15_4786_ab37_d9ef3f295f0d-9, groupId=Consumer-topic-b1a618da_2a15_4786_ab37_d9ef3f295f0d] (Re-)joining group
2025-07-31 15:31:05,165 INFO  [org.apa.kaf.cli.con.int.ConsumerCoordinator] (Thread-180) [Consumer clientId=consumer-Consumer-topic-b1a618da_2a15_4786_ab37_d9ef3f295f0d-9, groupId=Consumer-topic-b1a618da_2a15_4786_ab37_d9ef3f295f0d] Request joining group due to: need to re-join with the given member-id: consumer-Consumer-topic-b1a618da_2a15_4786_ab37_d9ef3f295f0d-9-bf408751-170e-4ffb-a86a-9967934feee9
2025-07-31 15:31:05,165 INFO  [org.apa.kaf.cli.con.int.ConsumerCoordinator] (Thread-180) [Consumer clientId=consumer-Consumer-topic-b1a618da_2a15_4786_ab37_d9ef3f295f0d-9, groupId=Consumer-topic-b1a618da_2a15_4786_ab37_d9ef3f295f0d] (Re-)joining group
2025-07-31 15:31:05,167 INFO  [org.apa.kaf.cli.con.int.ConsumerCoordinator] (Thread-180) [Consumer clientId=consumer-Consumer-topic-b1a618da_2a15_4786_ab37_d9ef3f295f0d-9, groupId=Consumer-topic-b1a618da_2a15_4786_ab37_d9ef3f295f0d] Successfully joined group with generation Generation{generationId=1, memberId='consumer-Consumer-topic-b1a618da_2a15_4786_ab37_d9ef3f295f0d-9-bf408751-170e-4ffb-a86a-9967934feee9', protocol='range'}
2025-07-31 15:31:05,167 INFO  [org.apa.kaf.cli.con.int.ConsumerCoordinator] (Thread-180) [Consumer clientId=consumer-Consumer-topic-b1a618da_2a15_4786_ab37_d9ef3f295f0d-9, groupId=Consumer-topic-b1a618da_2a15_4786_ab37_d9ef3f295f0d] Finished assignment for group at generation 1: {consumer-Consumer-topic-b1a618da_2a15_4786_ab37_d9ef3f295f0d-9-bf408751-170e-4ffb-a86a-9967934feee9=Assignment(partitions=[topic-b1a618da_2a15_4786_ab37_d9ef3f295f0d-0])}
2025-07-31 15:31:05,169 INFO  [org.apa.kaf.cli.con.int.ConsumerCoordinator] (Thread-180) [Consumer clientId=consumer-Consumer-topic-b1a618da_2a15_4786_ab37_d9ef3f295f0d-9, groupId=Consumer-topic-b1a618da_2a15_4786_ab37_d9ef3f295f0d] Successfully synced group in generation Generation{generationId=1, memberId='consumer-Consumer-topic-b1a618da_2a15_4786_ab37_d9ef3f295f0d-9-bf408751-170e-4ffb-a86a-9967934feee9', protocol='range'}
2025-07-31 15:31:05,169 INFO  [org.apa.kaf.cli.con.int.ConsumerCoordinator] (Thread-180) [Consumer clientId=consumer-Consumer-topic-b1a618da_2a15_4786_ab37_d9ef3f295f0d-9, groupId=Consumer-topic-b1a618da_2a15_4786_ab37_d9ef3f295f0d] Notifying assignor about the new Assignment(partitions=[topic-b1a618da_2a15_4786_ab37_d9ef3f295f0d-0])
2025-07-31 15:31:05,169 INFO  [org.apa.kaf.cli.con.int.ConsumerRebalanceListenerInvoker] (Thread-180) [Consumer clientId=consumer-Consumer-topic-b1a618da_2a15_4786_ab37_d9ef3f295f0d-9, groupId=Consumer-topic-b1a618da_2a15_4786_ab37_d9ef3f295f0d] Adding newly assigned partitions: topic-b1a618da_2a15_4786_ab37_d9ef3f295f0d-0
2025-07-31 15:31:05,171 INFO  [org.apa.kaf.cli.con.int.ConsumerCoordinator] (Thread-180) [Consumer clientId=consumer-Consumer-topic-b1a618da_2a15_4786_ab37_d9ef3f295f0d-9, groupId=Consumer-topic-b1a618da_2a15_4786_ab37_d9ef3f295f0d] Found no committed offset for partition topic-b1a618da_2a15_4786_ab37_d9ef3f295f0d-0
2025-07-31 15:31:05,177 INFO  [org.apa.kaf.cli.con.int.SubscriptionState] (Thread-180) [Consumer clientId=consumer-Consumer-topic-b1a618da_2a15_4786_ab37_d9ef3f295f0d-9, groupId=Consumer-topic-b1a618da_2a15_4786_ab37_d9ef3f295f0d] Resetting offset for partition topic-b1a618da_2a15_4786_ab37_d9ef3f295f0d-0 to position FetchPosition{offset=0, offsetEpoch=Optional.empty, currentLeader=LeaderAndEpoch{leader=Optional[localhost:32770 (id: 0 rack: null)], epoch=0}}.
2025-07-31 15:31:05,263 INFO  [io.api.tes.ser.api.KafkaSerdesTester] (Thread-180) topic-b1a618da_2a15_4786_ab37_d9ef3f295f0d 0 0 {"key11753975863955": "value-0"}
2025-07-31 15:31:05,263 INFO  [io.api.tes.ser.api.KafkaSerdesTester] (Thread-180) topic-b1a618da_2a15_4786_ab37_d9ef3f295f0d 0 1 {"key11753975863955": "value-1"}
2025-07-31 15:31:05,263 INFO  [io.api.tes.ser.api.KafkaSerdesTester] (Thread-180) topic-b1a618da_2a15_4786_ab37_d9ef3f295f0d 0 2 {"key11753975863955": "value-2"}
2025-07-31 15:31:05,263 INFO  [io.api.tes.ser.api.KafkaSerdesTester] (Thread-180) topic-b1a618da_2a15_4786_ab37_d9ef3f295f0d 0 3 {"key11753975863955": "value-3"}
2025-07-31 15:31:05,263 INFO  [io.api.tes.ser.api.KafkaSerdesTester] (Thread-180) topic-b1a618da_2a15_4786_ab37_d9ef3f295f0d 0 4 {"key11753975863955": "value-4"}
2025-07-31 15:31:05,263 INFO  [io.api.tes.ser.api.KafkaSerdesTester] (Thread-180) topic-b1a618da_2a15_4786_ab37_d9ef3f295f0d 0 5 {"key11753975863955": "value-5"}
2025-07-31 15:31:05,263 INFO  [io.api.tes.ser.api.KafkaSerdesTester] (Thread-180) topic-b1a618da_2a15_4786_ab37_d9ef3f295f0d 0 6 {"key11753975863955": "value-6"}
2025-07-31 15:31:05,263 INFO  [io.api.tes.ser.api.KafkaSerdesTester] (Thread-180) topic-b1a618da_2a15_4786_ab37_d9ef3f295f0d 0 7 {"key11753975863955": "value-7"}
2025-07-31 15:31:05,263 INFO  [io.api.tes.ser.api.KafkaSerdesTester] (Thread-180) topic-b1a618da_2a15_4786_ab37_d9ef3f295f0d 0 8 {"key11753975863955": "value-8"}
2025-07-31 15:31:05,263 INFO  [io.api.tes.ser.api.KafkaSerdesTester] (Thread-180) topic-b1a618da_2a15_4786_ab37_d9ef3f295f0d 0 9 {"key11753975863955": "value-9"}
2025-07-31 15:31:05,263 INFO  [io.api.tes.ser.api.KafkaSerdesTester] (Thread-180) Consumed 10 messages
2025-07-31 15:31:05,264 INFO  [io.api.tes.ser.api.AvroSerdeIT] (main) Registering Avro Schema 2: {"type":"record","name":"s413d7eccx53b2x425ex8238xe4b614d24b10","namespace":"ns_cf06e10b_313b_42ac_896a_c7d5ac8aaa3c","fields":[{"name":"key11753975863955","type":"string"},{"name":"key21753975865263","type":"string"}]}
2025-07-31 15:31:06,347 INFO  [io.api.tes.ser.api.KafkaSerdesTester] (Thread-181) Sending message {"key11753975863955": "value-0", "key21753975865263": "value-0"} to topic topic-b1a618da_2a15_4786_ab37_d9ef3f295f0d
2025-07-31 15:31:06,347 INFO  [DefaultSchemaResolver] (Thread-181) Retrieving schema content using string: {"type":"record","name":"s413d7eccx53b2x425ex8238xe4b614d24b10","namespace":"ns_cf06e10b_313b_42ac_896a_c7d5ac8aaa3c","fields":[{"name":"key11753975863955","type":"string"},{"name":"key21753975865263","type":"string"}]}
2025-07-31 15:31:06,381 INFO  [io.api.tes.ser.api.KafkaSerdesTester] (Thread-181) Sending message {"key11753975863955": "value-1", "key21753975865263": "value-1"} to topic topic-b1a618da_2a15_4786_ab37_d9ef3f295f0d
2025-07-31 15:31:06,389 INFO  [io.api.tes.ser.api.KafkaSerdesTester] (Thread-181) Sending message {"key11753975863955": "value-2", "key21753975865263": "value-2"} to topic topic-b1a618da_2a15_4786_ab37_d9ef3f295f0d
2025-07-31 15:31:06,391 INFO  [io.api.tes.ser.api.KafkaSerdesTester] (Thread-181) Sending message {"key11753975863955": "value-3", "key21753975865263": "value-3"} to topic topic-b1a618da_2a15_4786_ab37_d9ef3f295f0d
2025-07-31 15:31:06,393 INFO  [io.api.tes.ser.api.KafkaSerdesTester] (Thread-181) Sending message {"key11753975863955": "value-4", "key21753975865263": "value-4"} to topic topic-b1a618da_2a15_4786_ab37_d9ef3f295f0d
2025-07-31 15:31:06,396 INFO  [io.api.tes.ser.api.KafkaSerdesTester] (Thread-181) Sending message {"key11753975863955": "value-5", "key21753975865263": "value-5"} to topic topic-b1a618da_2a15_4786_ab37_d9ef3f295f0d
2025-07-31 15:31:06,398 INFO  [io.api.tes.ser.api.KafkaSerdesTester] (Thread-181) Sending message {"key11753975863955": "value-6", "key21753975865263": "value-6"} to topic topic-b1a618da_2a15_4786_ab37_d9ef3f295f0d
2025-07-31 15:31:06,400 INFO  [io.api.tes.ser.api.KafkaSerdesTester] (Thread-181) Sending message {"key11753975863955": "value-7", "key21753975865263": "value-7"} to topic topic-b1a618da_2a15_4786_ab37_d9ef3f295f0d
2025-07-31 15:31:06,402 INFO  [io.api.tes.ser.api.KafkaSerdesTester] (Thread-181) Sending message {"key11753975863955": "value-8", "key21753975865263": "value-8"} to topic topic-b1a618da_2a15_4786_ab37_d9ef3f295f0d
2025-07-31 15:31:06,404 INFO  [io.api.tes.ser.api.KafkaSerdesTester] (Thread-181) Sending message {"key11753975863955": "value-9", "key21753975865263": "value-9"} to topic topic-b1a618da_2a15_4786_ab37_d9ef3f295f0d
2025-07-31 15:31:06,407 INFO  [io.api.tes.ser.api.KafkaSerdesTester] (Thread-181) Produced 10 messages
2025-07-31 15:31:06,407 INFO  [io.api.tes.ser.api.KafkaSerdesTester] (Thread-182) Sending message {"key11753975863955": "value-0"} to topic topic-b1a618da_2a15_4786_ab37_d9ef3f295f0d
2025-07-31 15:31:06,409 INFO  [io.api.tes.ser.api.KafkaSerdesTester] (Thread-182) Sending message {"key11753975863955": "value-1"} to topic topic-b1a618da_2a15_4786_ab37_d9ef3f295f0d
2025-07-31 15:31:06,410 INFO  [io.api.tes.ser.api.KafkaSerdesTester] (Thread-182) Sending message {"key11753975863955": "value-2"} to topic topic-b1a618da_2a15_4786_ab37_d9ef3f295f0d
2025-07-31 15:31:06,414 INFO  [io.api.tes.ser.api.KafkaSerdesTester] (Thread-182) Sending message {"key11753975863955": "value-3"} to topic topic-b1a618da_2a15_4786_ab37_d9ef3f295f0d
2025-07-31 15:31:06,417 INFO  [io.api.tes.ser.api.KafkaSerdesTester] (Thread-182) Sending message {"key11753975863955": "value-4"} to topic topic-b1a618da_2a15_4786_ab37_d9ef3f295f0d
2025-07-31 15:31:06,418 INFO  [io.api.tes.ser.api.KafkaSerdesTester] (Thread-182) Sending message {"key11753975863955": "value-5"} to topic topic-b1a618da_2a15_4786_ab37_d9ef3f295f0d
2025-07-31 15:31:06,420 INFO  [io.api.tes.ser.api.KafkaSerdesTester] (Thread-182) Sending message {"key11753975863955": "value-6"} to topic topic-b1a618da_2a15_4786_ab37_d9ef3f295f0d
2025-07-31 15:31:06,421 INFO  [io.api.tes.ser.api.KafkaSerdesTester] (Thread-182) Sending message {"key11753975863955": "value-7"} to topic topic-b1a618da_2a15_4786_ab37_d9ef3f295f0d
2025-07-31 15:31:06,423 INFO  [io.api.tes.ser.api.KafkaSerdesTester] (Thread-182) Sending message {"key11753975863955": "value-8"} to topic topic-b1a618da_2a15_4786_ab37_d9ef3f295f0d
2025-07-31 15:31:06,425 INFO  [io.api.tes.ser.api.KafkaSerdesTester] (Thread-182) Sending message {"key11753975863955": "value-9"} to topic topic-b1a618da_2a15_4786_ab37_d9ef3f295f0d
2025-07-31 15:31:06,428 INFO  [io.api.tes.ser.api.KafkaSerdesTester] (Thread-182) Produced 10 messages
2025-07-31 15:31:06,429 INFO  [org.apa.kaf.cli.con.int.ClassicKafkaConsumer] (Thread-183) [Consumer clientId=consumer-Consumer-topic-b1a618da_2a15_4786_ab37_d9ef3f295f0d-9, groupId=Consumer-topic-b1a618da_2a15_4786_ab37_d9ef3f295f0d] Subscribed to topic(s): topic-b1a618da_2a15_4786_ab37_d9ef3f295f0d
2025-07-31 15:31:06,486 INFO  [io.api.tes.ser.api.KafkaSerdesTester] (Thread-183) topic-b1a618da_2a15_4786_ab37_d9ef3f295f0d 0 10 {"key11753975863955": "value-0", "key21753975865263": "value-0"}
2025-07-31 15:31:06,486 INFO  [io.api.tes.ser.api.KafkaSerdesTester] (Thread-183) topic-b1a618da_2a15_4786_ab37_d9ef3f295f0d 0 11 {"key11753975863955": "value-1", "key21753975865263": "value-1"}
2025-07-31 15:31:06,486 INFO  [io.api.tes.ser.api.KafkaSerdesTester] (Thread-183) topic-b1a618da_2a15_4786_ab37_d9ef3f295f0d 0 12 {"key11753975863955": "value-2", "key21753975865263": "value-2"}
2025-07-31 15:31:06,486 INFO  [io.api.tes.ser.api.KafkaSerdesTester] (Thread-183) topic-b1a618da_2a15_4786_ab37_d9ef3f295f0d 0 13 {"key11753975863955": "value-3", "key21753975865263": "value-3"}
2025-07-31 15:31:06,486 INFO  [io.api.tes.ser.api.KafkaSerdesTester] (Thread-183) topic-b1a618da_2a15_4786_ab37_d9ef3f295f0d 0 14 {"key11753975863955": "value-4", "key21753975865263": "value-4"}
2025-07-31 15:31:06,486 INFO  [io.api.tes.ser.api.KafkaSerdesTester] (Thread-183) topic-b1a618da_2a15_4786_ab37_d9ef3f295f0d 0 15 {"key11753975863955": "value-5", "key21753975865263": "value-5"}
2025-07-31 15:31:06,486 INFO  [io.api.tes.ser.api.KafkaSerdesTester] (Thread-183) topic-b1a618da_2a15_4786_ab37_d9ef3f295f0d 0 16 {"key11753975863955": "value-6", "key21753975865263": "value-6"}
2025-07-31 15:31:06,486 INFO  [io.api.tes.ser.api.KafkaSerdesTester] (Thread-183) topic-b1a618da_2a15_4786_ab37_d9ef3f295f0d 0 17 {"key11753975863955": "value-7", "key21753975865263": "value-7"}
2025-07-31 15:31:06,486 INFO  [io.api.tes.ser.api.KafkaSerdesTester] (Thread-183) topic-b1a618da_2a15_4786_ab37_d9ef3f295f0d 0 18 {"key11753975863955": "value-8", "key21753975865263": "value-8"}
2025-07-31 15:31:06,486 INFO  [io.api.tes.ser.api.KafkaSerdesTester] (Thread-183) topic-b1a618da_2a15_4786_ab37_d9ef3f295f0d 0 19 {"key11753975863955": "value-9", "key21753975865263": "value-9"}
2025-07-31 15:31:06,486 INFO  [io.api.tes.ser.api.KafkaSerdesTester] (Thread-183) topic-b1a618da_2a15_4786_ab37_d9ef3f295f0d 0 20 {"key11753975863955": "value-0"}
2025-07-31 15:31:06,486 INFO  [io.api.tes.ser.api.KafkaSerdesTester] (Thread-183) topic-b1a618da_2a15_4786_ab37_d9ef3f295f0d 0 21 {"key11753975863955": "value-1"}
2025-07-31 15:31:06,486 INFO  [io.api.tes.ser.api.KafkaSerdesTester] (Thread-183) topic-b1a618da_2a15_4786_ab37_d9ef3f295f0d 0 22 {"key11753975863955": "value-2"}
2025-07-31 15:31:06,486 INFO  [io.api.tes.ser.api.KafkaSerdesTester] (Thread-183) topic-b1a618da_2a15_4786_ab37_d9ef3f295f0d 0 23 {"key11753975863955": "value-3"}
2025-07-31 15:31:06,486 INFO  [io.api.tes.ser.api.KafkaSerdesTester] (Thread-183) topic-b1a618da_2a15_4786_ab37_d9ef3f295f0d 0 24 {"key11753975863955": "value-4"}
2025-07-31 15:31:06,486 INFO  [io.api.tes.ser.api.KafkaSerdesTester] (Thread-183) topic-b1a618da_2a15_4786_ab37_d9ef3f295f0d 0 25 {"key11753975863955": "value-5"}
2025-07-31 15:31:06,486 INFO  [io.api.tes.ser.api.KafkaSerdesTester] (Thread-183) topic-b1a618da_2a15_4786_ab37_d9ef3f295f0d 0 26 {"key11753975863955": "value-6"}
2025-07-31 15:31:06,486 INFO  [io.api.tes.ser.api.KafkaSerdesTester] (Thread-183) topic-b1a618da_2a15_4786_ab37_d9ef3f295f0d 0 27 {"key11753975863955": "value-7"}
2025-07-31 15:31:06,487 INFO  [io.api.tes.ser.api.KafkaSerdesTester] (Thread-183) topic-b1a618da_2a15_4786_ab37_d9ef3f295f0d 0 28 {"key11753975863955": "value-8"}
2025-07-31 15:31:06,487 INFO  [io.api.tes.ser.api.KafkaSerdesTester] (Thread-183) topic-b1a618da_2a15_4786_ab37_d9ef3f295f0d 0 29 {"key11753975863955": "value-9"}
2025-07-31 15:31:06,487 INFO  [io.api.tes.ser.api.KafkaSerdesTester] (Thread-183) Consumed 20 messages
2025-07-31 15:31:06,487 INFO  [io.api.tes.ser.api.AvroSerdeIT] (main) Registering Avro Schema 3: {"type":"record","name":"s413d7eccx53b2x425ex8238xe4b614d24b10","namespace":"ns_cf06e10b_313b_42ac_896a_c7d5ac8aaa3c","fields":[{"name":"key11753975863955","type":"string"},{"name":"key21753975865263","type":"string"},{"name":"key31753975866487","type":"string"}]}
2025-07-31 15:31:07,567 INFO  [io.api.tes.ser.api.KafkaSerdesTester] (Thread-184) Sending message {"key11753975863955": "value-0", "key21753975865263": "value-0", "key31753975866487": "value-0"} to topic topic-b1a618da_2a15_4786_ab37_d9ef3f295f0d
2025-07-31 15:31:07,567 INFO  [DefaultSchemaResolver] (Thread-184) Retrieving schema content using string: {"type":"record","name":"s413d7eccx53b2x425ex8238xe4b614d24b10","namespace":"ns_cf06e10b_313b_42ac_896a_c7d5ac8aaa3c","fields":[{"name":"key11753975863955","type":"string"},{"name":"key21753975865263","type":"string"},{"name":"key31753975866487","type":"string"}]}
2025-07-31 15:31:07,598 INFO  [io.api.tes.ser.api.KafkaSerdesTester] (Thread-184) Sending message {"key11753975863955": "value-1", "key21753975865263": "value-1", "key31753975866487": "value-1"} to topic topic-b1a618da_2a15_4786_ab37_d9ef3f295f0d
2025-07-31 15:31:07,600 INFO  [io.api.tes.ser.api.KafkaSerdesTester] (Thread-184) Sending message {"key11753975863955": "value-2", "key21753975865263": "value-2", "key31753975866487": "value-2"} to topic topic-b1a618da_2a15_4786_ab37_d9ef3f295f0d
2025-07-31 15:31:07,601 INFO  [io.api.tes.ser.api.KafkaSerdesTester] (Thread-184) Sending message {"key11753975863955": "value-3", "key21753975865263": "value-3", "key31753975866487": "value-3"} to topic topic-b1a618da_2a15_4786_ab37_d9ef3f295f0d
2025-07-31 15:31:07,604 INFO  [io.api.tes.ser.api.KafkaSerdesTester] (Thread-184) Sending message {"key11753975863955": "value-4", "key21753975865263": "value-4", "key31753975866487": "value-4"} to topic topic-b1a618da_2a15_4786_ab37_d9ef3f295f0d
2025-07-31 15:31:07,606 INFO  [io.api.tes.ser.api.KafkaSerdesTester] (Thread-184) Sending message {"key11753975863955": "value-5", "key21753975865263": "value-5", "key31753975866487": "value-5"} to topic topic-b1a618da_2a15_4786_ab37_d9ef3f295f0d
2025-07-31 15:31:07,608 INFO  [io.api.tes.ser.api.KafkaSerdesTester] (Thread-184) Sending message {"key11753975863955": "value-6", "key21753975865263": "value-6", "key31753975866487": "value-6"} to topic topic-b1a618da_2a15_4786_ab37_d9ef3f295f0d
2025-07-31 15:31:07,609 INFO  [io.api.tes.ser.api.KafkaSerdesTester] (Thread-184) Sending message {"key11753975863955": "value-7", "key21753975865263": "value-7", "key31753975866487": "value-7"} to topic topic-b1a618da_2a15_4786_ab37_d9ef3f295f0d
2025-07-31 15:31:07,611 INFO  [io.api.tes.ser.api.KafkaSerdesTester] (Thread-184) Sending message {"key11753975863955": "value-8", "key21753975865263": "value-8", "key31753975866487": "value-8"} to topic topic-b1a618da_2a15_4786_ab37_d9ef3f295f0d
2025-07-31 15:31:07,613 INFO  [io.api.tes.ser.api.KafkaSerdesTester] (Thread-184) Sending message {"key11753975863955": "value-9", "key21753975865263": "value-9", "key31753975866487": "value-9"} to topic topic-b1a618da_2a15_4786_ab37_d9ef3f295f0d
2025-07-31 15:31:07,614 INFO  [io.api.tes.ser.api.KafkaSerdesTester] (Thread-184) Produced 10 messages
2025-07-31 15:31:07,615 INFO  [io.api.tes.ser.api.KafkaSerdesTester] (Thread-185) Sending message {"key11753975863955": "value-0", "key21753975865263": "value-0"} to topic topic-b1a618da_2a15_4786_ab37_d9ef3f295f0d
2025-07-31 15:31:07,616 INFO  [io.api.tes.ser.api.KafkaSerdesTester] (Thread-185) Sending message {"key11753975863955": "value-1", "key21753975865263": "value-1"} to topic topic-b1a618da_2a15_4786_ab37_d9ef3f295f0d
2025-07-31 15:31:07,617 INFO  [io.api.tes.ser.api.KafkaSerdesTester] (Thread-185) Sending message {"key11753975863955": "value-2", "key21753975865263": "value-2"} to topic topic-b1a618da_2a15_4786_ab37_d9ef3f295f0d
2025-07-31 15:31:07,619 INFO  [io.api.tes.ser.api.KafkaSerdesTester] (Thread-185) Sending message {"key11753975863955": "value-3", "key21753975865263": "value-3"} to topic topic-b1a618da_2a15_4786_ab37_d9ef3f295f0d
2025-07-31 15:31:07,620 INFO  [io.api.tes.ser.api.KafkaSerdesTester] (Thread-185) Sending message {"key11753975863955": "value-4", "key21753975865263": "value-4"} to topic topic-b1a618da_2a15_4786_ab37_d9ef3f295f0d
2025-07-31 15:31:07,622 INFO  [io.api.tes.ser.api.KafkaSerdesTester] (Thread-185) Sending message {"key11753975863955": "value-5", "key21753975865263": "value-5"} to topic topic-b1a618da_2a15_4786_ab37_d9ef3f295f0d
2025-07-31 15:31:07,623 INFO  [io.api.tes.ser.api.KafkaSerdesTester] (Thread-185) Sending message {"key11753975863955": "value-6", "key21753975865263": "value-6"} to topic topic-b1a618da_2a15_4786_ab37_d9ef3f295f0d
2025-07-31 15:31:07,624 INFO  [io.api.tes.ser.api.KafkaSerdesTester] (Thread-185) Sending message {"key11753975863955": "value-7", "key21753975865263": "value-7"} to topic topic-b1a618da_2a15_4786_ab37_d9ef3f295f0d
2025-07-31 15:31:07,627 INFO  [io.api.tes.ser.api.KafkaSerdesTester] (Thread-185) Sending message {"key11753975863955": "value-8", "key21753975865263": "value-8"} to topic topic-b1a618da_2a15_4786_ab37_d9ef3f295f0d
2025-07-31 15:31:07,629 INFO  [io.api.tes.ser.api.KafkaSerdesTester] (Thread-185) Sending message {"key11753975863955": "value-9", "key21753975865263": "value-9"} to topic topic-b1a618da_2a15_4786_ab37_d9ef3f295f0d
2025-07-31 15:31:07,630 INFO  [io.api.tes.ser.api.KafkaSerdesTester] (Thread-185) Produced 10 messages
2025-07-31 15:31:07,630 INFO  [io.api.tes.ser.api.KafkaSerdesTester] (Thread-186) Sending message {"key11753975863955": "value-0"} to topic topic-b1a618da_2a15_4786_ab37_d9ef3f295f0d
2025-07-31 15:31:07,632 INFO  [io.api.tes.ser.api.KafkaSerdesTester] (Thread-186) Sending message {"key11753975863955": "value-1"} to topic topic-b1a618da_2a15_4786_ab37_d9ef3f295f0d
2025-07-31 15:31:07,633 INFO  [io.api.tes.ser.api.KafkaSerdesTester] (Thread-186) Sending message {"key11753975863955": "value-2"} to topic topic-b1a618da_2a15_4786_ab37_d9ef3f295f0d
2025-07-31 15:31:07,634 INFO  [io.api.tes.ser.api.KafkaSerdesTester] (Thread-186) Sending message {"key11753975863955": "value-3"} to topic topic-b1a618da_2a15_4786_ab37_d9ef3f295f0d
2025-07-31 15:31:07,635 INFO  [io.api.tes.ser.api.KafkaSerdesTester] (Thread-186) Sending message {"key11753975863955": "value-4"} to topic topic-b1a618da_2a15_4786_ab37_d9ef3f295f0d
2025-07-31 15:31:07,638 INFO  [io.api.tes.ser.api.KafkaSerdesTester] (Thread-186) Sending message {"key11753975863955": "value-5"} to topic topic-b1a618da_2a15_4786_ab37_d9ef3f295f0d
2025-07-31 15:31:07,645 INFO  [io.api.tes.ser.api.KafkaSerdesTester] (Thread-186) Sending message {"key11753975863955": "value-6"} to topic topic-b1a618da_2a15_4786_ab37_d9ef3f295f0d
2025-07-31 15:31:07,649 INFO  [io.api.tes.ser.api.KafkaSerdesTester] (Thread-186) Sending message {"key11753975863955": "value-7"} to topic topic-b1a618da_2a15_4786_ab37_d9ef3f295f0d
2025-07-31 15:31:07,656 INFO  [io.api.tes.ser.api.KafkaSerdesTester] (Thread-186) Sending message {"key11753975863955": "value-8"} to topic topic-b1a618da_2a15_4786_ab37_d9ef3f295f0d
2025-07-31 15:31:07,658 INFO  [io.api.tes.ser.api.KafkaSerdesTester] (Thread-186) Sending message {"key11753975863955": "value-9"} to topic topic-b1a618da_2a15_4786_ab37_d9ef3f295f0d
2025-07-31 15:31:07,661 INFO  [io.api.tes.ser.api.KafkaSerdesTester] (Thread-186) Produced 10 messages
2025-07-31 15:31:07,662 INFO  [org.apa.kaf.cli.con.int.ClassicKafkaConsumer] (Thread-187) [Consumer clientId=consumer-Consumer-topic-b1a618da_2a15_4786_ab37_d9ef3f295f0d-9, groupId=Consumer-topic-b1a618da_2a15_4786_ab37_d9ef3f295f0d] Subscribed to topic(s): topic-b1a618da_2a15_4786_ab37_d9ef3f295f0d
2025-07-31 15:31:07,724 INFO  [io.api.tes.ser.api.KafkaSerdesTester] (Thread-187) topic-b1a618da_2a15_4786_ab37_d9ef3f295f0d 0 30 {"key11753975863955": "value-0", "key21753975865263": "value-0", "key31753975866487": "value-0"}
2025-07-31 15:31:07,724 INFO  [io.api.tes.ser.api.KafkaSerdesTester] (Thread-187) topic-b1a618da_2a15_4786_ab37_d9ef3f295f0d 0 31 {"key11753975863955": "value-1", "key21753975865263": "value-1", "key31753975866487": "value-1"}
2025-07-31 15:31:07,724 INFO  [io.api.tes.ser.api.KafkaSerdesTester] (Thread-187) topic-b1a618da_2a15_4786_ab37_d9ef3f295f0d 0 32 {"key11753975863955": "value-2", "key21753975865263": "value-2", "key31753975866487": "value-2"}
2025-07-31 15:31:07,724 INFO  [io.api.tes.ser.api.KafkaSerdesTester] (Thread-187) topic-b1a618da_2a15_4786_ab37_d9ef3f295f0d 0 33 {"key11753975863955": "value-3", "key21753975865263": "value-3", "key31753975866487": "value-3"}
2025-07-31 15:31:07,725 INFO  [io.api.tes.ser.api.KafkaSerdesTester] (Thread-187) topic-b1a618da_2a15_4786_ab37_d9ef3f295f0d 0 34 {"key11753975863955": "value-4", "key21753975865263": "value-4", "key31753975866487": "value-4"}
2025-07-31 15:31:07,725 INFO  [io.api.tes.ser.api.KafkaSerdesTester] (Thread-187) topic-b1a618da_2a15_4786_ab37_d9ef3f295f0d 0 35 {"key11753975863955": "value-5", "key21753975865263": "value-5", "key31753975866487": "value-5"}
2025-07-31 15:31:07,725 INFO  [io.api.tes.ser.api.KafkaSerdesTester] (Thread-187) topic-b1a618da_2a15_4786_ab37_d9ef3f295f0d 0 36 {"key11753975863955": "value-6", "key21753975865263": "value-6", "key31753975866487": "value-6"}
2025-07-31 15:31:07,725 INFO  [io.api.tes.ser.api.KafkaSerdesTester] (Thread-187) topic-b1a618da_2a15_4786_ab37_d9ef3f295f0d 0 37 {"key11753975863955": "value-7", "key21753975865263": "value-7", "key31753975866487": "value-7"}
2025-07-31 15:31:07,725 INFO  [io.api.tes.ser.api.KafkaSerdesTester] (Thread-187) topic-b1a618da_2a15_4786_ab37_d9ef3f295f0d 0 38 {"key11753975863955": "value-8", "key21753975865263": "value-8", "key31753975866487": "value-8"}
2025-07-31 15:31:07,725 INFO  [io.api.tes.ser.api.KafkaSerdesTester] (Thread-187) topic-b1a618da_2a15_4786_ab37_d9ef3f295f0d 0 39 {"key11753975863955": "value-9", "key21753975865263": "value-9", "key31753975866487": "value-9"}
2025-07-31 15:31:07,725 INFO  [io.api.tes.ser.api.KafkaSerdesTester] (Thread-187) topic-b1a618da_2a15_4786_ab37_d9ef3f295f0d 0 40 {"key11753975863955": "value-0", "key21753975865263": "value-0"}
2025-07-31 15:31:07,725 INFO  [io.api.tes.ser.api.KafkaSerdesTester] (Thread-187) topic-b1a618da_2a15_4786_ab37_d9ef3f295f0d 0 41 {"key11753975863955": "value-1", "key21753975865263": "value-1"}
2025-07-31 15:31:07,725 INFO  [io.api.tes.ser.api.KafkaSerdesTester] (Thread-187) topic-b1a618da_2a15_4786_ab37_d9ef3f295f0d 0 42 {"key11753975863955": "value-2", "key21753975865263": "value-2"}
2025-07-31 15:31:07,725 INFO  [io.api.tes.ser.api.KafkaSerdesTester] (Thread-187) topic-b1a618da_2a15_4786_ab37_d9ef3f295f0d 0 43 {"key11753975863955": "value-3", "key21753975865263": "value-3"}
2025-07-31 15:31:07,725 INFO  [io.api.tes.ser.api.KafkaSerdesTester] (Thread-187) topic-b1a618da_2a15_4786_ab37_d9ef3f295f0d 0 44 {"key11753975863955": "value-4", "key21753975865263": "value-4"}
2025-07-31 15:31:07,725 INFO  [io.api.tes.ser.api.KafkaSerdesTester] (Thread-187) topic-b1a618da_2a15_4786_ab37_d9ef3f295f0d 0 45 {"key11753975863955": "value-5", "key21753975865263": "value-5"}
2025-07-31 15:31:07,725 INFO  [io.api.tes.ser.api.KafkaSerdesTester] (Thread-187) topic-b1a618da_2a15_4786_ab37_d9ef3f295f0d 0 46 {"key11753975863955": "value-6", "key21753975865263": "value-6"}
2025-07-31 15:31:07,725 INFO  [io.api.tes.ser.api.KafkaSerdesTester] (Thread-187) topic-b1a618da_2a15_4786_ab37_d9ef3f295f0d 0 47 {"key11753975863955": "value-7", "key21753975865263": "value-7"}
2025-07-31 15:31:07,726 INFO  [io.api.tes.ser.api.KafkaSerdesTester] (Thread-187) topic-b1a618da_2a15_4786_ab37_d9ef3f295f0d 0 48 {"key11753975863955": "value-8", "key21753975865263": "value-8"}
2025-07-31 15:31:07,726 INFO  [io.api.tes.ser.api.KafkaSerdesTester] (Thread-187) topic-b1a618da_2a15_4786_ab37_d9ef3f295f0d 0 49 {"key11753975863955": "value-9", "key21753975865263": "value-9"}
2025-07-31 15:31:07,726 INFO  [io.api.tes.ser.api.KafkaSerdesTester] (Thread-187) topic-b1a618da_2a15_4786_ab37_d9ef3f295f0d 0 50 {"key11753975863955": "value-0"}
2025-07-31 15:31:07,726 INFO  [io.api.tes.ser.api.KafkaSerdesTester] (Thread-187) topic-b1a618da_2a15_4786_ab37_d9ef3f295f0d 0 51 {"key11753975863955": "value-1"}
2025-07-31 15:31:07,726 INFO  [io.api.tes.ser.api.KafkaSerdesTester] (Thread-187) topic-b1a618da_2a15_4786_ab37_d9ef3f295f0d 0 52 {"key11753975863955": "value-2"}
2025-07-31 15:31:07,726 INFO  [io.api.tes.ser.api.KafkaSerdesTester] (Thread-187) topic-b1a618da_2a15_4786_ab37_d9ef3f295f0d 0 53 {"key11753975863955": "value-3"}
2025-07-31 15:31:07,726 INFO  [io.api.tes.ser.api.KafkaSerdesTester] (Thread-187) topic-b1a618da_2a15_4786_ab37_d9ef3f295f0d 0 54 {"key11753975863955": "value-4"}
2025-07-31 15:31:07,726 INFO  [io.api.tes.ser.api.KafkaSerdesTester] (Thread-187) topic-b1a618da_2a15_4786_ab37_d9ef3f295f0d 0 55 {"key11753975863955": "value-5"}
2025-07-31 15:31:07,726 INFO  [io.api.tes.ser.api.KafkaSerdesTester] (Thread-187) topic-b1a618da_2a15_4786_ab37_d9ef3f295f0d 0 56 {"key11753975863955": "value-6"}
2025-07-31 15:31:07,726 INFO  [io.api.tes.ser.api.KafkaSerdesTester] (Thread-187) topic-b1a618da_2a15_4786_ab37_d9ef3f295f0d 0 57 {"key11753975863955": "value-7"}
2025-07-31 15:31:07,726 INFO  [io.api.tes.ser.api.KafkaSerdesTester] (Thread-187) topic-b1a618da_2a15_4786_ab37_d9ef3f295f0d 0 58 {"key11753975863955": "value-8"}
2025-07-31 15:31:07,726 INFO  [io.api.tes.ser.api.KafkaSerdesTester] (Thread-187) topic-b1a618da_2a15_4786_ab37_d9ef3f295f0d 0 59 {"key11753975863955": "value-9"}
2025-07-31 15:31:07,726 INFO  [io.api.tes.ser.api.KafkaSerdesTester] (Thread-187) Consumed 30 messages
2025-07-31 15:31:07,726 INFO  [org.apa.kaf.cli.pro.KafkaProducer] (main) [Producer clientId=Producer-topic-b1a618da_2a15_4786_ab37_d9ef3f295f0d] Closing the Kafka producer with timeoutMillis = 9223372036854775807 ms.
2025-07-31 15:31:07,729 INFO  [org.apa.kaf.com.met.Metrics] (main) Metrics scheduler closed
2025-07-31 15:31:07,729 INFO  [org.apa.kaf.com.met.Metrics] (main) Closing reporter org.apache.kafka.common.metrics.JmxReporter
2025-07-31 15:31:07,729 INFO  [org.apa.kaf.com.met.Metrics] (main) Closing reporter org.apache.kafka.common.telemetry.internals.ClientTelemetryReporter
2025-07-31 15:31:07,729 INFO  [org.apa.kaf.com.met.Metrics] (main) Metrics reporters closed
2025-07-31 15:31:07,730 INFO  [org.apa.kaf.com.uti.AppInfoParser] (main) App info kafka.producer for Producer-topic-b1a618da_2a15_4786_ab37_d9ef3f295f0d unregistered
2025-07-31 15:31:07,732 INFO  [org.apa.kaf.cli.con.int.ConsumerRebalanceListenerInvoker] (main) [Consumer clientId=consumer-Consumer-topic-b1a618da_2a15_4786_ab37_d9ef3f295f0d-9, groupId=Consumer-topic-b1a618da_2a15_4786_ab37_d9ef3f295f0d] Revoke previously assigned partitions topic-b1a618da_2a15_4786_ab37_d9ef3f295f0d-0
2025-07-31 15:31:07,733 INFO  [org.apa.kaf.cli.con.int.ConsumerCoordinator] (main) [Consumer clientId=consumer-Consumer-topic-b1a618da_2a15_4786_ab37_d9ef3f295f0d-9, groupId=Consumer-topic-b1a618da_2a15_4786_ab37_d9ef3f295f0d] Member consumer-Consumer-topic-b1a618da_2a15_4786_ab37_d9ef3f295f0d-9-bf408751-170e-4ffb-a86a-9967934feee9 sending LeaveGroup request to coordinator localhost:32770 (id: 2147483647 rack: null) due to the consumer is being closed
2025-07-31 15:31:07,733 INFO  [org.apa.kaf.cli.con.int.ConsumerCoordinator] (main) [Consumer clientId=consumer-Consumer-topic-b1a618da_2a15_4786_ab37_d9ef3f295f0d-9, groupId=Consumer-topic-b1a618da_2a15_4786_ab37_d9ef3f295f0d] Resetting generation and member id due to: consumer pro-actively leaving the group
2025-07-31 15:31:07,733 INFO  [org.apa.kaf.cli.con.int.ConsumerCoordinator] (main) [Consumer clientId=consumer-Consumer-topic-b1a618da_2a15_4786_ab37_d9ef3f295f0d-9, groupId=Consumer-topic-b1a618da_2a15_4786_ab37_d9ef3f295f0d] Request joining group due to: consumer pro-actively leaving the group
2025-07-31 15:31:08,225 INFO  [org.apa.kaf.com.met.Metrics] (main) Metrics scheduler closed
2025-07-31 15:31:08,225 INFO  [org.apa.kaf.com.met.Metrics] (main) Closing reporter org.apache.kafka.common.metrics.JmxReporter
2025-07-31 15:31:08,225 INFO  [org.apa.kaf.com.met.Metrics] (main) Closing reporter org.apache.kafka.common.telemetry.internals.ClientTelemetryReporter
2025-07-31 15:31:08,225 INFO  [org.apa.kaf.com.met.Metrics] (main) Metrics reporters closed
2025-07-31 15:31:08,228 INFO  [org.apa.kaf.com.uti.AppInfoParser] (main) App info kafka.consumer for consumer-Consumer-topic-b1a618da_2a15_4786_ab37_d9ef3f295f0d-9 unregistered
2025-07-31 15:31:08,228 INFO  [io.api.tes.uti.TestSeparator] (main) io.apicurio.tests.serdes.apicurio.AvroSerdeIT.testEvolveAvroApicurioReusingClient-FINISHED
2025-07-31 15:31:08,228 INFO  [io.api.tes.uti.TestSeparator] (main) ############################################################################
]]></system-out>
  </testcase>
  <testcase name="testProducerUsesDefaultConsumerUsesGlobalId" classname="io.apicurio.tests.serdes.apicurio.AvroSerdeIT" time="0.0">
    <skipped message="void io.apicurio.tests.serdes.apicurio.AvroSerdeIT.testProducerUsesDefaultConsumerUsesGlobalId() throws java.lang.Exception is @Disabled"/>
  </testcase>
  <testcase name="testEvolveAvroApicurio" classname="io.apicurio.tests.serdes.apicurio.AvroSerdeIT" time="5.883">
    <system-out><![CDATA[2025-07-31 15:31:08,232 INFO  [io.api.tes.uti.TestSeparator] (main) ############################################################################
2025-07-31 15:31:08,232 INFO  [io.api.tes.uti.TestSeparator] (main) io.apicurio.tests.serdes.apicurio.AvroSerdeIT.testEvolveAvroApicurio-STARTED
2025-07-31 15:31:08,235 INFO  [io.api.tes.ser.api.AvroSerdeIT] (main) Registering Avro Schema: {"type":"record","name":"s139f5ca3xe5e2x4d22x8af9x7e33db0554fc","namespace":"ns_f79056e9_bf1e_4d16_a269_e1e3c55a18d8","fields":[{"name":"key11753975868235","type":"string"}]}
2025-07-31 15:31:09,317 INFO  [org.apa.kaf.cli.pro.ProducerConfig] (main) ProducerConfig values: 
	acks = -1
	auto.include.jmx.reporter = true
	batch.size = 16384
	bootstrap.servers = [PLAINTEXT://localhost:32770]
	buffer.memory = 33554432
	client.dns.lookup = use_all_dns_ips
	client.id = Producer-topic-7b53cbb9_24dc_465b_b573_a9e832124893
	compression.gzip.level = -1
	compression.lz4.level = 9
	compression.type = none
	compression.zstd.level = 3
	connections.max.idle.ms = 10000
	delivery.timeout.ms = 120000
	enable.idempotence = true
	enable.metrics.push = true
	interceptor.classes = []
	key.serializer = class org.apache.kafka.common.serialization.StringSerializer
	linger.ms = 0
	max.block.ms = 60000
	max.in.flight.requests.per.connection = 5
	max.request.size = 1048576
	metadata.max.age.ms = 300000
	metadata.max.idle.ms = 300000
	metadata.recovery.strategy = none
	metric.reporters = []
	metrics.num.samples = 2
	metrics.recording.level = INFO
	metrics.sample.window.ms = 30000
	partitioner.adaptive.partitioning.enable = true
	partitioner.availability.timeout.ms = 0
	partitioner.class = null
	partitioner.ignore.keys = false
	receive.buffer.bytes = 32768
	reconnect.backoff.max.ms = 1000
	reconnect.backoff.ms = 50
	request.timeout.ms = 5000
	retries = 2147483647
	retry.backoff.max.ms = 1000
	retry.backoff.ms = 100
	sasl.client.callback.handler.class = null
	sasl.jaas.config = null
	sasl.kerberos.kinit.cmd = /usr/bin/kinit
	sasl.kerberos.min.time.before.relogin = 60000
	sasl.kerberos.service.name = null
	sasl.kerberos.ticket.renew.jitter = 0.05
	sasl.kerberos.ticket.renew.window.factor = 0.8
	sasl.login.callback.handler.class = null
	sasl.login.class = null
	sasl.login.connect.timeout.ms = null
	sasl.login.read.timeout.ms = null
	sasl.login.refresh.buffer.seconds = 300
	sasl.login.refresh.min.period.seconds = 60
	sasl.login.refresh.window.factor = 0.8
	sasl.login.refresh.window.jitter = 0.05
	sasl.login.retry.backoff.max.ms = 10000
	sasl.login.retry.backoff.ms = 100
	sasl.mechanism = GSSAPI
	sasl.oauthbearer.clock.skew.seconds = 30
	sasl.oauthbearer.expected.audience = null
	sasl.oauthbearer.expected.issuer = null
	sasl.oauthbearer.header.urlencode = false
	sasl.oauthbearer.jwks.endpoint.refresh.ms = 3600000
	sasl.oauthbearer.jwks.endpoint.retry.backoff.max.ms = 10000
	sasl.oauthbearer.jwks.endpoint.retry.backoff.ms = 100
	sasl.oauthbearer.jwks.endpoint.url = null
	sasl.oauthbearer.scope.claim.name = scope
	sasl.oauthbearer.sub.claim.name = sub
	sasl.oauthbearer.token.endpoint.url = null
	security.protocol = PLAINTEXT
	security.providers = null
	send.buffer.bytes = 131072
	socket.connection.setup.timeout.max.ms = 30000
	socket.connection.setup.timeout.ms = 10000
	ssl.cipher.suites = null
	ssl.enabled.protocols = [TLSv1.2, TLSv1.3]
	ssl.endpoint.identification.algorithm = https
	ssl.engine.factory.class = null
	ssl.key.password = null
	ssl.keymanager.algorithm = SunX509
	ssl.keystore.certificate.chain = null
	ssl.keystore.key = null
	ssl.keystore.location = null
	ssl.keystore.password = null
	ssl.keystore.type = JKS
	ssl.protocol = TLSv1.3
	ssl.provider = null
	ssl.secure.random.implementation = null
	ssl.trustmanager.algorithm = PKIX
	ssl.truststore.certificates = null
	ssl.truststore.location = null
	ssl.truststore.password = null
	ssl.truststore.type = JKS
	transaction.timeout.ms = 60000
	transactional.id = null
	value.serializer = class io.apicurio.registry.serde.avro.AvroKafkaSerializer

2025-07-31 15:31:09,317 INFO  [org.apa.kaf.com.tel.int.KafkaMetricsCollector] (main) initializing Kafka metrics collector
2025-07-31 15:31:09,320 INFO  [org.apa.kaf.cli.pro.KafkaProducer] (main) [Producer clientId=Producer-topic-7b53cbb9_24dc_465b_b573_a9e832124893] Instantiated an idempotent producer.
2025-07-31 15:31:09,322 INFO  [org.apa.kaf.cli.pro.ProducerConfig] (main) These configurations '[apicurio.registry.url, apicurio.registry.artifact-resolver-strategy]' were supplied but are not used yet.
2025-07-31 15:31:09,322 INFO  [org.apa.kaf.com.uti.AppInfoParser] (main) Kafka version: 3.9.0
2025-07-31 15:31:09,322 INFO  [org.apa.kaf.com.uti.AppInfoParser] (main) Kafka commitId: 84caaa6e9da06435
2025-07-31 15:31:09,322 INFO  [org.apa.kaf.com.uti.AppInfoParser] (main) Kafka startTimeMs: 1753975869322
2025-07-31 15:31:09,324 INFO  [org.apa.kaf.cli.con.ConsumerConfig] (main) ConsumerConfig values: 
	allow.auto.create.topics = true
	auto.commit.interval.ms = 500
	auto.include.jmx.reporter = true
	auto.offset.reset = earliest
	bootstrap.servers = [PLAINTEXT://localhost:32770]
	check.crcs = true
	client.dns.lookup = use_all_dns_ips
	client.id = consumer-Consumer-topic-7b53cbb9_24dc_465b_b573_a9e832124893-10
	client.rack = 
	connections.max.idle.ms = 10000
	default.api.timeout.ms = 60000
	enable.auto.commit = true
	enable.metrics.push = true
	exclude.internal.topics = true
	fetch.max.bytes = 52428800
	fetch.max.wait.ms = 500
	fetch.min.bytes = 1
	group.id = Consumer-topic-7b53cbb9_24dc_465b_b573_a9e832124893
	group.instance.id = null
	group.protocol = classic
	group.remote.assignor = null
	heartbeat.interval.ms = 3000
	interceptor.classes = []
	internal.leave.group.on.close = true
	internal.throw.on.fetch.stable.offset.unsupported = false
	isolation.level = read_uncommitted
	key.deserializer = class org.apache.kafka.common.serialization.StringDeserializer
	max.partition.fetch.bytes = 1048576
	max.poll.interval.ms = 300000
	max.poll.records = 500
	metadata.max.age.ms = 300000
	metadata.recovery.strategy = none
	metric.reporters = []
	metrics.num.samples = 2
	metrics.recording.level = INFO
	metrics.sample.window.ms = 30000
	partition.assignment.strategy = [class org.apache.kafka.clients.consumer.RangeAssignor, class org.apache.kafka.clients.consumer.CooperativeStickyAssignor]
	receive.buffer.bytes = 65536
	reconnect.backoff.max.ms = 1000
	reconnect.backoff.ms = 50
	request.timeout.ms = 5000
	retry.backoff.max.ms = 1000
	retry.backoff.ms = 100
	sasl.client.callback.handler.class = null
	sasl.jaas.config = null
	sasl.kerberos.kinit.cmd = /usr/bin/kinit
	sasl.kerberos.min.time.before.relogin = 60000
	sasl.kerberos.service.name = null
	sasl.kerberos.ticket.renew.jitter = 0.05
	sasl.kerberos.ticket.renew.window.factor = 0.8
	sasl.login.callback.handler.class = null
	sasl.login.class = null
	sasl.login.connect.timeout.ms = null
	sasl.login.read.timeout.ms = null
	sasl.login.refresh.buffer.seconds = 300
	sasl.login.refresh.min.period.seconds = 60
	sasl.login.refresh.window.factor = 0.8
	sasl.login.refresh.window.jitter = 0.05
	sasl.login.retry.backoff.max.ms = 10000
	sasl.login.retry.backoff.ms = 100
	sasl.mechanism = GSSAPI
	sasl.oauthbearer.clock.skew.seconds = 30
	sasl.oauthbearer.expected.audience = null
	sasl.oauthbearer.expected.issuer = null
	sasl.oauthbearer.header.urlencode = false
	sasl.oauthbearer.jwks.endpoint.refresh.ms = 3600000
	sasl.oauthbearer.jwks.endpoint.retry.backoff.max.ms = 10000
	sasl.oauthbearer.jwks.endpoint.retry.backoff.ms = 100
	sasl.oauthbearer.jwks.endpoint.url = null
	sasl.oauthbearer.scope.claim.name = scope
	sasl.oauthbearer.sub.claim.name = sub
	sasl.oauthbearer.token.endpoint.url = null
	security.protocol = PLAINTEXT
	security.providers = null
	send.buffer.bytes = 131072
	session.timeout.ms = 45000
	socket.connection.setup.timeout.max.ms = 30000
	socket.connection.setup.timeout.ms = 10000
	ssl.cipher.suites = null
	ssl.enabled.protocols = [TLSv1.2, TLSv1.3]
	ssl.endpoint.identification.algorithm = https
	ssl.engine.factory.class = null
	ssl.key.password = null
	ssl.keymanager.algorithm = SunX509
	ssl.keystore.certificate.chain = null
	ssl.keystore.key = null
	ssl.keystore.location = null
	ssl.keystore.password = null
	ssl.keystore.type = JKS
	ssl.protocol = TLSv1.3
	ssl.provider = null
	ssl.secure.random.implementation = null
	ssl.trustmanager.algorithm = PKIX
	ssl.truststore.certificates = null
	ssl.truststore.location = null
	ssl.truststore.password = null
	ssl.truststore.type = JKS
	value.deserializer = class io.apicurio.registry.serde.avro.AvroKafkaDeserializer

2025-07-31 15:31:09,324 INFO  [org.apa.kaf.com.tel.int.KafkaMetricsCollector] (main) initializing Kafka metrics collector
2025-07-31 15:31:09,326 INFO  [org.apa.kaf.cli.Metadata] (kafka-producer-network-thread | Producer-topic-7b53cbb9_24dc_465b_b573_a9e832124893) [Producer clientId=Producer-topic-7b53cbb9_24dc_465b_b573_a9e832124893] Cluster ID: u8-Iy8eKRM2xsCw1W024xw
2025-07-31 15:31:09,327 INFO  [org.apa.kaf.cli.pro.int.TransactionManager] (kafka-producer-network-thread | Producer-topic-7b53cbb9_24dc_465b_b573_a9e832124893) [Producer clientId=Producer-topic-7b53cbb9_24dc_465b_b573_a9e832124893] ProducerId set to 12 with epoch 0
2025-07-31 15:31:09,332 INFO  [org.apa.kaf.cli.con.ConsumerConfig] (main) These configurations '[apicurio.registry.url]' were supplied but are not used yet.
2025-07-31 15:31:09,332 INFO  [org.apa.kaf.com.uti.AppInfoParser] (main) Kafka version: 3.9.0
2025-07-31 15:31:09,332 INFO  [org.apa.kaf.com.uti.AppInfoParser] (main) Kafka commitId: 84caaa6e9da06435
2025-07-31 15:31:09,332 INFO  [org.apa.kaf.com.uti.AppInfoParser] (main) Kafka startTimeMs: 1753975869332
2025-07-31 15:31:09,332 INFO  [io.api.tes.ser.api.KafkaSerdesTester] (Thread-192) Sending message {"key11753975868235": "value-0"} to topic topic-7b53cbb9_24dc_465b_b573_a9e832124893
2025-07-31 15:31:09,333 INFO  [DefaultSchemaResolver] (Thread-192) Retrieving schema content using string: {"type":"record","name":"s139f5ca3xe5e2x4d22x8af9x7e33db0554fc","namespace":"ns_f79056e9_bf1e_4d16_a269_e1e3c55a18d8","fields":[{"name":"key11753975868235","type":"string"}]}
2025-07-31 15:31:09,387 INFO  [io.api.tes.ser.api.KafkaSerdesTester] (Thread-192) Sending message {"key11753975868235": "value-1"} to topic topic-7b53cbb9_24dc_465b_b573_a9e832124893
2025-07-31 15:31:09,389 INFO  [io.api.tes.ser.api.KafkaSerdesTester] (Thread-192) Sending message {"key11753975868235": "value-2"} to topic topic-7b53cbb9_24dc_465b_b573_a9e832124893
2025-07-31 15:31:09,390 INFO  [io.api.tes.ser.api.KafkaSerdesTester] (Thread-192) Sending message {"key11753975868235": "value-3"} to topic topic-7b53cbb9_24dc_465b_b573_a9e832124893
2025-07-31 15:31:09,391 INFO  [io.api.tes.ser.api.KafkaSerdesTester] (Thread-192) Sending message {"key11753975868235": "value-4"} to topic topic-7b53cbb9_24dc_465b_b573_a9e832124893
2025-07-31 15:31:09,392 INFO  [io.api.tes.ser.api.KafkaSerdesTester] (Thread-192) Sending message {"key11753975868235": "value-5"} to topic topic-7b53cbb9_24dc_465b_b573_a9e832124893
2025-07-31 15:31:09,395 INFO  [io.api.tes.ser.api.KafkaSerdesTester] (Thread-192) Sending message {"key11753975868235": "value-6"} to topic topic-7b53cbb9_24dc_465b_b573_a9e832124893
2025-07-31 15:31:09,396 INFO  [io.api.tes.ser.api.KafkaSerdesTester] (Thread-192) Sending message {"key11753975868235": "value-7"} to topic topic-7b53cbb9_24dc_465b_b573_a9e832124893
2025-07-31 15:31:09,397 INFO  [io.api.tes.ser.api.KafkaSerdesTester] (Thread-192) Sending message {"key11753975868235": "value-8"} to topic topic-7b53cbb9_24dc_465b_b573_a9e832124893
2025-07-31 15:31:09,398 INFO  [io.api.tes.ser.api.KafkaSerdesTester] (Thread-192) Sending message {"key11753975868235": "value-9"} to topic topic-7b53cbb9_24dc_465b_b573_a9e832124893
2025-07-31 15:31:09,400 INFO  [io.api.tes.ser.api.KafkaSerdesTester] (Thread-192) Produced 10 messages
2025-07-31 15:31:09,400 INFO  [org.apa.kaf.cli.pro.KafkaProducer] (Thread-192) [Producer clientId=Producer-topic-7b53cbb9_24dc_465b_b573_a9e832124893] Closing the Kafka producer with timeoutMillis = 9223372036854775807 ms.
2025-07-31 15:31:09,403 INFO  [org.apa.kaf.com.met.Metrics] (Thread-192) Metrics scheduler closed
2025-07-31 15:31:09,403 INFO  [org.apa.kaf.com.met.Metrics] (Thread-192) Closing reporter org.apache.kafka.common.metrics.JmxReporter
2025-07-31 15:31:09,403 INFO  [org.apa.kaf.com.met.Metrics] (Thread-192) Closing reporter org.apache.kafka.common.telemetry.internals.ClientTelemetryReporter
2025-07-31 15:31:09,403 INFO  [org.apa.kaf.com.met.Metrics] (Thread-192) Metrics reporters closed
2025-07-31 15:31:09,403 INFO  [org.apa.kaf.com.uti.AppInfoParser] (Thread-192) App info kafka.producer for Producer-topic-7b53cbb9_24dc_465b_b573_a9e832124893 unregistered
2025-07-31 15:31:09,404 INFO  [org.apa.kaf.cli.con.int.ClassicKafkaConsumer] (Thread-193) [Consumer clientId=consumer-Consumer-topic-7b53cbb9_24dc_465b_b573_a9e832124893-10, groupId=Consumer-topic-7b53cbb9_24dc_465b_b573_a9e832124893] Subscribed to topic(s): topic-7b53cbb9_24dc_465b_b573_a9e832124893
2025-07-31 15:31:09,410 INFO  [org.apa.kaf.cli.Metadata] (Thread-193) [Consumer clientId=consumer-Consumer-topic-7b53cbb9_24dc_465b_b573_a9e832124893-10, groupId=Consumer-topic-7b53cbb9_24dc_465b_b573_a9e832124893] Cluster ID: u8-Iy8eKRM2xsCw1W024xw
2025-07-31 15:31:09,412 INFO  [org.apa.kaf.cli.con.int.ConsumerCoordinator] (Thread-193) [Consumer clientId=consumer-Consumer-topic-7b53cbb9_24dc_465b_b573_a9e832124893-10, groupId=Consumer-topic-7b53cbb9_24dc_465b_b573_a9e832124893] Discovered group coordinator localhost:32770 (id: 2147483647 rack: null)
2025-07-31 15:31:09,414 INFO  [org.apa.kaf.cli.con.int.ConsumerCoordinator] (Thread-193) [Consumer clientId=consumer-Consumer-topic-7b53cbb9_24dc_465b_b573_a9e832124893-10, groupId=Consumer-topic-7b53cbb9_24dc_465b_b573_a9e832124893] (Re-)joining group
2025-07-31 15:31:09,420 INFO  [org.apa.kaf.cli.con.int.ConsumerCoordinator] (Thread-193) [Consumer clientId=consumer-Consumer-topic-7b53cbb9_24dc_465b_b573_a9e832124893-10, groupId=Consumer-topic-7b53cbb9_24dc_465b_b573_a9e832124893] Request joining group due to: need to re-join with the given member-id: consumer-Consumer-topic-7b53cbb9_24dc_465b_b573_a9e832124893-10-6bc615fc-51f3-435b-90ea-44a880406a70
2025-07-31 15:31:09,420 INFO  [org.apa.kaf.cli.con.int.ConsumerCoordinator] (Thread-193) [Consumer clientId=consumer-Consumer-topic-7b53cbb9_24dc_465b_b573_a9e832124893-10, groupId=Consumer-topic-7b53cbb9_24dc_465b_b573_a9e832124893] (Re-)joining group
2025-07-31 15:31:09,424 INFO  [org.apa.kaf.cli.con.int.ConsumerCoordinator] (Thread-193) [Consumer clientId=consumer-Consumer-topic-7b53cbb9_24dc_465b_b573_a9e832124893-10, groupId=Consumer-topic-7b53cbb9_24dc_465b_b573_a9e832124893] Successfully joined group with generation Generation{generationId=1, memberId='consumer-Consumer-topic-7b53cbb9_24dc_465b_b573_a9e832124893-10-6bc615fc-51f3-435b-90ea-44a880406a70', protocol='range'}
2025-07-31 15:31:09,424 INFO  [org.apa.kaf.cli.con.int.ConsumerCoordinator] (Thread-193) [Consumer clientId=consumer-Consumer-topic-7b53cbb9_24dc_465b_b573_a9e832124893-10, groupId=Consumer-topic-7b53cbb9_24dc_465b_b573_a9e832124893] Finished assignment for group at generation 1: {consumer-Consumer-topic-7b53cbb9_24dc_465b_b573_a9e832124893-10-6bc615fc-51f3-435b-90ea-44a880406a70=Assignment(partitions=[topic-7b53cbb9_24dc_465b_b573_a9e832124893-0])}
2025-07-31 15:31:09,426 INFO  [org.apa.kaf.cli.con.int.ConsumerCoordinator] (Thread-193) [Consumer clientId=consumer-Consumer-topic-7b53cbb9_24dc_465b_b573_a9e832124893-10, groupId=Consumer-topic-7b53cbb9_24dc_465b_b573_a9e832124893] Successfully synced group in generation Generation{generationId=1, memberId='consumer-Consumer-topic-7b53cbb9_24dc_465b_b573_a9e832124893-10-6bc615fc-51f3-435b-90ea-44a880406a70', protocol='range'}
2025-07-31 15:31:09,426 INFO  [org.apa.kaf.cli.con.int.ConsumerCoordinator] (Thread-193) [Consumer clientId=consumer-Consumer-topic-7b53cbb9_24dc_465b_b573_a9e832124893-10, groupId=Consumer-topic-7b53cbb9_24dc_465b_b573_a9e832124893] Notifying assignor about the new Assignment(partitions=[topic-7b53cbb9_24dc_465b_b573_a9e832124893-0])
2025-07-31 15:31:09,426 INFO  [org.apa.kaf.cli.con.int.ConsumerRebalanceListenerInvoker] (Thread-193) [Consumer clientId=consumer-Consumer-topic-7b53cbb9_24dc_465b_b573_a9e832124893-10, groupId=Consumer-topic-7b53cbb9_24dc_465b_b573_a9e832124893] Adding newly assigned partitions: topic-7b53cbb9_24dc_465b_b573_a9e832124893-0
2025-07-31 15:31:09,428 INFO  [org.apa.kaf.cli.con.int.ConsumerCoordinator] (Thread-193) [Consumer clientId=consumer-Consumer-topic-7b53cbb9_24dc_465b_b573_a9e832124893-10, groupId=Consumer-topic-7b53cbb9_24dc_465b_b573_a9e832124893] Found no committed offset for partition topic-7b53cbb9_24dc_465b_b573_a9e832124893-0
2025-07-31 15:31:09,429 INFO  [org.apa.kaf.cli.con.int.SubscriptionState] (Thread-193) [Consumer clientId=consumer-Consumer-topic-7b53cbb9_24dc_465b_b573_a9e832124893-10, groupId=Consumer-topic-7b53cbb9_24dc_465b_b573_a9e832124893] Resetting offset for partition topic-7b53cbb9_24dc_465b_b573_a9e832124893-0 to position FetchPosition{offset=0, offsetEpoch=Optional.empty, currentLeader=LeaderAndEpoch{leader=Optional[localhost:32770 (id: 0 rack: null)], epoch=0}}.
2025-07-31 15:31:09,509 INFO  [io.api.tes.ser.api.KafkaSerdesTester] (Thread-193) topic-7b53cbb9_24dc_465b_b573_a9e832124893 0 0 {"key11753975868235": "value-0"}
2025-07-31 15:31:09,509 INFO  [io.api.tes.ser.api.KafkaSerdesTester] (Thread-193) topic-7b53cbb9_24dc_465b_b573_a9e832124893 0 1 {"key11753975868235": "value-1"}
2025-07-31 15:31:09,509 INFO  [io.api.tes.ser.api.KafkaSerdesTester] (Thread-193) topic-7b53cbb9_24dc_465b_b573_a9e832124893 0 2 {"key11753975868235": "value-2"}
2025-07-31 15:31:09,509 INFO  [io.api.tes.ser.api.KafkaSerdesTester] (Thread-193) topic-7b53cbb9_24dc_465b_b573_a9e832124893 0 3 {"key11753975868235": "value-3"}
2025-07-31 15:31:09,509 INFO  [io.api.tes.ser.api.KafkaSerdesTester] (Thread-193) topic-7b53cbb9_24dc_465b_b573_a9e832124893 0 4 {"key11753975868235": "value-4"}
2025-07-31 15:31:09,509 INFO  [io.api.tes.ser.api.KafkaSerdesTester] (Thread-193) topic-7b53cbb9_24dc_465b_b573_a9e832124893 0 5 {"key11753975868235": "value-5"}
2025-07-31 15:31:09,509 INFO  [io.api.tes.ser.api.KafkaSerdesTester] (Thread-193) topic-7b53cbb9_24dc_465b_b573_a9e832124893 0 6 {"key11753975868235": "value-6"}
2025-07-31 15:31:09,509 INFO  [io.api.tes.ser.api.KafkaSerdesTester] (Thread-193) topic-7b53cbb9_24dc_465b_b573_a9e832124893 0 7 {"key11753975868235": "value-7"}
2025-07-31 15:31:09,509 INFO  [io.api.tes.ser.api.KafkaSerdesTester] (Thread-193) topic-7b53cbb9_24dc_465b_b573_a9e832124893 0 8 {"key11753975868235": "value-8"}
2025-07-31 15:31:09,509 INFO  [io.api.tes.ser.api.KafkaSerdesTester] (Thread-193) topic-7b53cbb9_24dc_465b_b573_a9e832124893 0 9 {"key11753975868235": "value-9"}
2025-07-31 15:31:09,509 INFO  [io.api.tes.ser.api.KafkaSerdesTester] (Thread-193) Consumed 10 messages
2025-07-31 15:31:09,511 INFO  [org.apa.kaf.cli.con.int.ConsumerRebalanceListenerInvoker] (Thread-193) [Consumer clientId=consumer-Consumer-topic-7b53cbb9_24dc_465b_b573_a9e832124893-10, groupId=Consumer-topic-7b53cbb9_24dc_465b_b573_a9e832124893] Revoke previously assigned partitions topic-7b53cbb9_24dc_465b_b573_a9e832124893-0
2025-07-31 15:31:09,511 INFO  [org.apa.kaf.cli.con.int.ConsumerCoordinator] (Thread-193) [Consumer clientId=consumer-Consumer-topic-7b53cbb9_24dc_465b_b573_a9e832124893-10, groupId=Consumer-topic-7b53cbb9_24dc_465b_b573_a9e832124893] Member consumer-Consumer-topic-7b53cbb9_24dc_465b_b573_a9e832124893-10-6bc615fc-51f3-435b-90ea-44a880406a70 sending LeaveGroup request to coordinator localhost:32770 (id: 2147483647 rack: null) due to the consumer is being closed
2025-07-31 15:31:09,511 INFO  [org.apa.kaf.cli.con.int.ConsumerCoordinator] (Thread-193) [Consumer clientId=consumer-Consumer-topic-7b53cbb9_24dc_465b_b573_a9e832124893-10, groupId=Consumer-topic-7b53cbb9_24dc_465b_b573_a9e832124893] Resetting generation and member id due to: consumer pro-actively leaving the group
2025-07-31 15:31:09,511 INFO  [org.apa.kaf.cli.con.int.ConsumerCoordinator] (Thread-193) [Consumer clientId=consumer-Consumer-topic-7b53cbb9_24dc_465b_b573_a9e832124893-10, groupId=Consumer-topic-7b53cbb9_24dc_465b_b573_a9e832124893] Request joining group due to: consumer pro-actively leaving the group
2025-07-31 15:31:10,011 INFO  [org.apa.kaf.com.met.Metrics] (Thread-193) Metrics scheduler closed
2025-07-31 15:31:10,011 INFO  [org.apa.kaf.com.met.Metrics] (Thread-193) Closing reporter org.apache.kafka.common.metrics.JmxReporter
2025-07-31 15:31:10,011 INFO  [org.apa.kaf.com.met.Metrics] (Thread-193) Closing reporter org.apache.kafka.common.telemetry.internals.ClientTelemetryReporter
2025-07-31 15:31:10,011 INFO  [org.apa.kaf.com.met.Metrics] (Thread-193) Metrics reporters closed
2025-07-31 15:31:10,025 INFO  [org.apa.kaf.com.uti.AppInfoParser] (Thread-193) App info kafka.consumer for consumer-Consumer-topic-7b53cbb9_24dc_465b_b573_a9e832124893-10 unregistered
2025-07-31 15:31:10,027 INFO  [io.api.tes.ser.api.AvroSerdeIT] (main) Registering Avro Schema 2: {"type":"record","name":"s139f5ca3xe5e2x4d22x8af9x7e33db0554fc","namespace":"ns_f79056e9_bf1e_4d16_a269_e1e3c55a18d8","fields":[{"name":"key11753975868235","type":"string"},{"name":"key21753975870025","type":"string"}]}
2025-07-31 15:31:11,111 INFO  [org.apa.kaf.cli.pro.ProducerConfig] (main) ProducerConfig values: 
	acks = -1
	auto.include.jmx.reporter = true
	batch.size = 16384
	bootstrap.servers = [PLAINTEXT://localhost:32770]
	buffer.memory = 33554432
	client.dns.lookup = use_all_dns_ips
	client.id = Producer-topic-7b53cbb9_24dc_465b_b573_a9e832124893
	compression.gzip.level = -1
	compression.lz4.level = 9
	compression.type = none
	compression.zstd.level = 3
	connections.max.idle.ms = 10000
	delivery.timeout.ms = 120000
	enable.idempotence = true
	enable.metrics.push = true
	interceptor.classes = []
	key.serializer = class org.apache.kafka.common.serialization.StringSerializer
	linger.ms = 0
	max.block.ms = 60000
	max.in.flight.requests.per.connection = 5
	max.request.size = 1048576
	metadata.max.age.ms = 300000
	metadata.max.idle.ms = 300000
	metadata.recovery.strategy = none
	metric.reporters = []
	metrics.num.samples = 2
	metrics.recording.level = INFO
	metrics.sample.window.ms = 30000
	partitioner.adaptive.partitioning.enable = true
	partitioner.availability.timeout.ms = 0
	partitioner.class = null
	partitioner.ignore.keys = false
	receive.buffer.bytes = 32768
	reconnect.backoff.max.ms = 1000
	reconnect.backoff.ms = 50
	request.timeout.ms = 5000
	retries = 2147483647
	retry.backoff.max.ms = 1000
	retry.backoff.ms = 100
	sasl.client.callback.handler.class = null
	sasl.jaas.config = null
	sasl.kerberos.kinit.cmd = /usr/bin/kinit
	sasl.kerberos.min.time.before.relogin = 60000
	sasl.kerberos.service.name = null
	sasl.kerberos.ticket.renew.jitter = 0.05
	sasl.kerberos.ticket.renew.window.factor = 0.8
	sasl.login.callback.handler.class = null
	sasl.login.class = null
	sasl.login.connect.timeout.ms = null
	sasl.login.read.timeout.ms = null
	sasl.login.refresh.buffer.seconds = 300
	sasl.login.refresh.min.period.seconds = 60
	sasl.login.refresh.window.factor = 0.8
	sasl.login.refresh.window.jitter = 0.05
	sasl.login.retry.backoff.max.ms = 10000
	sasl.login.retry.backoff.ms = 100
	sasl.mechanism = GSSAPI
	sasl.oauthbearer.clock.skew.seconds = 30
	sasl.oauthbearer.expected.audience = null
	sasl.oauthbearer.expected.issuer = null
	sasl.oauthbearer.header.urlencode = false
	sasl.oauthbearer.jwks.endpoint.refresh.ms = 3600000
	sasl.oauthbearer.jwks.endpoint.retry.backoff.max.ms = 10000
	sasl.oauthbearer.jwks.endpoint.retry.backoff.ms = 100
	sasl.oauthbearer.jwks.endpoint.url = null
	sasl.oauthbearer.scope.claim.name = scope
	sasl.oauthbearer.sub.claim.name = sub
	sasl.oauthbearer.token.endpoint.url = null
	security.protocol = PLAINTEXT
	security.providers = null
	send.buffer.bytes = 131072
	socket.connection.setup.timeout.max.ms = 30000
	socket.connection.setup.timeout.ms = 10000
	ssl.cipher.suites = null
	ssl.enabled.protocols = [TLSv1.2, TLSv1.3]
	ssl.endpoint.identification.algorithm = https
	ssl.engine.factory.class = null
	ssl.key.password = null
	ssl.keymanager.algorithm = SunX509
	ssl.keystore.certificate.chain = null
	ssl.keystore.key = null
	ssl.keystore.location = null
	ssl.keystore.password = null
	ssl.keystore.type = JKS
	ssl.protocol = TLSv1.3
	ssl.provider = null
	ssl.secure.random.implementation = null
	ssl.trustmanager.algorithm = PKIX
	ssl.truststore.certificates = null
	ssl.truststore.location = null
	ssl.truststore.password = null
	ssl.truststore.type = JKS
	transaction.timeout.ms = 60000
	transactional.id = null
	value.serializer = class io.apicurio.registry.serde.avro.AvroKafkaSerializer

2025-07-31 15:31:11,111 INFO  [org.apa.kaf.com.tel.int.KafkaMetricsCollector] (main) initializing Kafka metrics collector
2025-07-31 15:31:11,114 INFO  [org.apa.kaf.cli.pro.KafkaProducer] (main) [Producer clientId=Producer-topic-7b53cbb9_24dc_465b_b573_a9e832124893] Instantiated an idempotent producer.
2025-07-31 15:31:11,118 INFO  [org.apa.kaf.cli.pro.ProducerConfig] (main) These configurations '[apicurio.registry.url, apicurio.registry.artifact-resolver-strategy]' were supplied but are not used yet.
2025-07-31 15:31:11,118 INFO  [org.apa.kaf.com.uti.AppInfoParser] (main) Kafka version: 3.9.0
2025-07-31 15:31:11,118 INFO  [org.apa.kaf.com.uti.AppInfoParser] (main) Kafka commitId: 84caaa6e9da06435
2025-07-31 15:31:11,118 INFO  [org.apa.kaf.com.uti.AppInfoParser] (main) Kafka startTimeMs: 1753975871118
2025-07-31 15:31:11,120 INFO  [io.api.tes.ser.api.KafkaSerdesTester] (Thread-196) Sending message {"key11753975868235": "value-0", "key21753975870025": "value-0"} to topic topic-7b53cbb9_24dc_465b_b573_a9e832124893
2025-07-31 15:31:11,122 INFO  [org.apa.kaf.cli.Metadata] (kafka-producer-network-thread | Producer-topic-7b53cbb9_24dc_465b_b573_a9e832124893) [Producer clientId=Producer-topic-7b53cbb9_24dc_465b_b573_a9e832124893] Cluster ID: u8-Iy8eKRM2xsCw1W024xw
2025-07-31 15:31:11,122 INFO  [DefaultSchemaResolver] (Thread-196) Retrieving schema content using string: {"type":"record","name":"s139f5ca3xe5e2x4d22x8af9x7e33db0554fc","namespace":"ns_f79056e9_bf1e_4d16_a269_e1e3c55a18d8","fields":[{"name":"key11753975868235","type":"string"},{"name":"key21753975870025","type":"string"}]}
2025-07-31 15:31:11,122 INFO  [org.apa.kaf.cli.pro.int.TransactionManager] (kafka-producer-network-thread | Producer-topic-7b53cbb9_24dc_465b_b573_a9e832124893) [Producer clientId=Producer-topic-7b53cbb9_24dc_465b_b573_a9e832124893] ProducerId set to 13 with epoch 0
2025-07-31 15:31:11,178 INFO  [io.api.tes.ser.api.KafkaSerdesTester] (Thread-196) Sending message {"key11753975868235": "value-1", "key21753975870025": "value-1"} to topic topic-7b53cbb9_24dc_465b_b573_a9e832124893
2025-07-31 15:31:11,179 INFO  [io.api.tes.ser.api.KafkaSerdesTester] (Thread-196) Sending message {"key11753975868235": "value-2", "key21753975870025": "value-2"} to topic topic-7b53cbb9_24dc_465b_b573_a9e832124893
2025-07-31 15:31:11,180 INFO  [io.api.tes.ser.api.KafkaSerdesTester] (Thread-196) Sending message {"key11753975868235": "value-3", "key21753975870025": "value-3"} to topic topic-7b53cbb9_24dc_465b_b573_a9e832124893
2025-07-31 15:31:11,181 INFO  [io.api.tes.ser.api.KafkaSerdesTester] (Thread-196) Sending message {"key11753975868235": "value-4", "key21753975870025": "value-4"} to topic topic-7b53cbb9_24dc_465b_b573_a9e832124893
2025-07-31 15:31:11,182 INFO  [io.api.tes.ser.api.KafkaSerdesTester] (Thread-196) Sending message {"key11753975868235": "value-5", "key21753975870025": "value-5"} to topic topic-7b53cbb9_24dc_465b_b573_a9e832124893
2025-07-31 15:31:11,184 INFO  [io.api.tes.ser.api.KafkaSerdesTester] (Thread-196) Sending message {"key11753975868235": "value-6", "key21753975870025": "value-6"} to topic topic-7b53cbb9_24dc_465b_b573_a9e832124893
2025-07-31 15:31:11,185 INFO  [io.api.tes.ser.api.KafkaSerdesTester] (Thread-196) Sending message {"key11753975868235": "value-7", "key21753975870025": "value-7"} to topic topic-7b53cbb9_24dc_465b_b573_a9e832124893
2025-07-31 15:31:11,187 INFO  [io.api.tes.ser.api.KafkaSerdesTester] (Thread-196) Sending message {"key11753975868235": "value-8", "key21753975870025": "value-8"} to topic topic-7b53cbb9_24dc_465b_b573_a9e832124893
2025-07-31 15:31:11,193 INFO  [io.api.tes.ser.api.KafkaSerdesTester] (Thread-196) Sending message {"key11753975868235": "value-9", "key21753975870025": "value-9"} to topic topic-7b53cbb9_24dc_465b_b573_a9e832124893
2025-07-31 15:31:11,195 INFO  [io.api.tes.ser.api.KafkaSerdesTester] (Thread-196) Produced 10 messages
2025-07-31 15:31:11,195 INFO  [org.apa.kaf.cli.pro.KafkaProducer] (Thread-196) [Producer clientId=Producer-topic-7b53cbb9_24dc_465b_b573_a9e832124893] Closing the Kafka producer with timeoutMillis = 9223372036854775807 ms.
2025-07-31 15:31:11,198 INFO  [org.apa.kaf.com.met.Metrics] (Thread-196) Metrics scheduler closed
2025-07-31 15:31:11,199 INFO  [org.apa.kaf.com.met.Metrics] (Thread-196) Closing reporter org.apache.kafka.common.metrics.JmxReporter
2025-07-31 15:31:11,199 INFO  [org.apa.kaf.com.met.Metrics] (Thread-196) Closing reporter org.apache.kafka.common.telemetry.internals.ClientTelemetryReporter
2025-07-31 15:31:11,199 INFO  [org.apa.kaf.com.met.Metrics] (Thread-196) Metrics reporters closed
2025-07-31 15:31:11,199 INFO  [org.apa.kaf.com.uti.AppInfoParser] (Thread-196) App info kafka.producer for Producer-topic-7b53cbb9_24dc_465b_b573_a9e832124893 unregistered
2025-07-31 15:31:11,199 INFO  [org.apa.kaf.cli.pro.ProducerConfig] (main) ProducerConfig values: 
	acks = -1
	auto.include.jmx.reporter = true
	batch.size = 16384
	bootstrap.servers = [PLAINTEXT://localhost:32770]
	buffer.memory = 33554432
	client.dns.lookup = use_all_dns_ips
	client.id = Producer-topic-7b53cbb9_24dc_465b_b573_a9e832124893
	compression.gzip.level = -1
	compression.lz4.level = 9
	compression.type = none
	compression.zstd.level = 3
	connections.max.idle.ms = 10000
	delivery.timeout.ms = 120000
	enable.idempotence = true
	enable.metrics.push = true
	interceptor.classes = []
	key.serializer = class org.apache.kafka.common.serialization.StringSerializer
	linger.ms = 0
	max.block.ms = 60000
	max.in.flight.requests.per.connection = 5
	max.request.size = 1048576
	metadata.max.age.ms = 300000
	metadata.max.idle.ms = 300000
	metadata.recovery.strategy = none
	metric.reporters = []
	metrics.num.samples = 2
	metrics.recording.level = INFO
	metrics.sample.window.ms = 30000
	partitioner.adaptive.partitioning.enable = true
	partitioner.availability.timeout.ms = 0
	partitioner.class = null
	partitioner.ignore.keys = false
	receive.buffer.bytes = 32768
	reconnect.backoff.max.ms = 1000
	reconnect.backoff.ms = 50
	request.timeout.ms = 5000
	retries = 2147483647
	retry.backoff.max.ms = 1000
	retry.backoff.ms = 100
	sasl.client.callback.handler.class = null
	sasl.jaas.config = null
	sasl.kerberos.kinit.cmd = /usr/bin/kinit
	sasl.kerberos.min.time.before.relogin = 60000
	sasl.kerberos.service.name = null
	sasl.kerberos.ticket.renew.jitter = 0.05
	sasl.kerberos.ticket.renew.window.factor = 0.8
	sasl.login.callback.handler.class = null
	sasl.login.class = null
	sasl.login.connect.timeout.ms = null
	sasl.login.read.timeout.ms = null
	sasl.login.refresh.buffer.seconds = 300
	sasl.login.refresh.min.period.seconds = 60
	sasl.login.refresh.window.factor = 0.8
	sasl.login.refresh.window.jitter = 0.05
	sasl.login.retry.backoff.max.ms = 10000
	sasl.login.retry.backoff.ms = 100
	sasl.mechanism = GSSAPI
	sasl.oauthbearer.clock.skew.seconds = 30
	sasl.oauthbearer.expected.audience = null
	sasl.oauthbearer.expected.issuer = null
	sasl.oauthbearer.header.urlencode = false
	sasl.oauthbearer.jwks.endpoint.refresh.ms = 3600000
	sasl.oauthbearer.jwks.endpoint.retry.backoff.max.ms = 10000
	sasl.oauthbearer.jwks.endpoint.retry.backoff.ms = 100
	sasl.oauthbearer.jwks.endpoint.url = null
	sasl.oauthbearer.scope.claim.name = scope
	sasl.oauthbearer.sub.claim.name = sub
	sasl.oauthbearer.token.endpoint.url = null
	security.protocol = PLAINTEXT
	security.providers = null
	send.buffer.bytes = 131072
	socket.connection.setup.timeout.max.ms = 30000
	socket.connection.setup.timeout.ms = 10000
	ssl.cipher.suites = null
	ssl.enabled.protocols = [TLSv1.2, TLSv1.3]
	ssl.endpoint.identification.algorithm = https
	ssl.engine.factory.class = null
	ssl.key.password = null
	ssl.keymanager.algorithm = SunX509
	ssl.keystore.certificate.chain = null
	ssl.keystore.key = null
	ssl.keystore.location = null
	ssl.keystore.password = null
	ssl.keystore.type = JKS
	ssl.protocol = TLSv1.3
	ssl.provider = null
	ssl.secure.random.implementation = null
	ssl.trustmanager.algorithm = PKIX
	ssl.truststore.certificates = null
	ssl.truststore.location = null
	ssl.truststore.password = null
	ssl.truststore.type = JKS
	transaction.timeout.ms = 60000
	transactional.id = null
	value.serializer = class io.apicurio.registry.serde.avro.AvroKafkaSerializer

2025-07-31 15:31:11,200 INFO  [org.apa.kaf.com.tel.int.KafkaMetricsCollector] (main) initializing Kafka metrics collector
2025-07-31 15:31:11,203 INFO  [org.apa.kaf.cli.pro.KafkaProducer] (main) [Producer clientId=Producer-topic-7b53cbb9_24dc_465b_b573_a9e832124893] Instantiated an idempotent producer.
2025-07-31 15:31:11,205 INFO  [org.apa.kaf.cli.pro.ProducerConfig] (main) These configurations '[apicurio.registry.url, apicurio.registry.artifact-resolver-strategy]' were supplied but are not used yet.
2025-07-31 15:31:11,205 INFO  [org.apa.kaf.com.uti.AppInfoParser] (main) Kafka version: 3.9.0
2025-07-31 15:31:11,205 INFO  [org.apa.kaf.com.uti.AppInfoParser] (main) Kafka commitId: 84caaa6e9da06435
2025-07-31 15:31:11,205 INFO  [org.apa.kaf.com.uti.AppInfoParser] (main) Kafka startTimeMs: 1753975871205
2025-07-31 15:31:11,206 INFO  [io.api.tes.ser.api.KafkaSerdesTester] (Thread-199) Sending message {"key11753975868235": "value-0"} to topic topic-7b53cbb9_24dc_465b_b573_a9e832124893
2025-07-31 15:31:11,211 INFO  [org.apa.kaf.cli.Metadata] (kafka-producer-network-thread | Producer-topic-7b53cbb9_24dc_465b_b573_a9e832124893) [Producer clientId=Producer-topic-7b53cbb9_24dc_465b_b573_a9e832124893] Cluster ID: u8-Iy8eKRM2xsCw1W024xw
2025-07-31 15:31:11,211 INFO  [DefaultSchemaResolver] (Thread-199) Retrieving schema content using string: {"type":"record","name":"s139f5ca3xe5e2x4d22x8af9x7e33db0554fc","namespace":"ns_f79056e9_bf1e_4d16_a269_e1e3c55a18d8","fields":[{"name":"key11753975868235","type":"string"}]}
2025-07-31 15:31:11,211 INFO  [org.apa.kaf.cli.pro.int.TransactionManager] (kafka-producer-network-thread | Producer-topic-7b53cbb9_24dc_465b_b573_a9e832124893) [Producer clientId=Producer-topic-7b53cbb9_24dc_465b_b573_a9e832124893] ProducerId set to 14 with epoch 0
2025-07-31 15:31:11,268 INFO  [io.api.tes.ser.api.KafkaSerdesTester] (Thread-199) Sending message {"key11753975868235": "value-1"} to topic topic-7b53cbb9_24dc_465b_b573_a9e832124893
2025-07-31 15:31:11,270 INFO  [io.api.tes.ser.api.KafkaSerdesTester] (Thread-199) Sending message {"key11753975868235": "value-2"} to topic topic-7b53cbb9_24dc_465b_b573_a9e832124893
2025-07-31 15:31:11,271 INFO  [io.api.tes.ser.api.KafkaSerdesTester] (Thread-199) Sending message {"key11753975868235": "value-3"} to topic topic-7b53cbb9_24dc_465b_b573_a9e832124893
2025-07-31 15:31:11,272 INFO  [io.api.tes.ser.api.KafkaSerdesTester] (Thread-199) Sending message {"key11753975868235": "value-4"} to topic topic-7b53cbb9_24dc_465b_b573_a9e832124893
2025-07-31 15:31:11,274 INFO  [io.api.tes.ser.api.KafkaSerdesTester] (Thread-199) Sending message {"key11753975868235": "value-5"} to topic topic-7b53cbb9_24dc_465b_b573_a9e832124893
2025-07-31 15:31:11,275 INFO  [io.api.tes.ser.api.KafkaSerdesTester] (Thread-199) Sending message {"key11753975868235": "value-6"} to topic topic-7b53cbb9_24dc_465b_b573_a9e832124893
2025-07-31 15:31:11,276 INFO  [io.api.tes.ser.api.KafkaSerdesTester] (Thread-199) Sending message {"key11753975868235": "value-7"} to topic topic-7b53cbb9_24dc_465b_b573_a9e832124893
2025-07-31 15:31:11,278 INFO  [io.api.tes.ser.api.KafkaSerdesTester] (Thread-199) Sending message {"key11753975868235": "value-8"} to topic topic-7b53cbb9_24dc_465b_b573_a9e832124893
2025-07-31 15:31:11,279 INFO  [io.api.tes.ser.api.KafkaSerdesTester] (Thread-199) Sending message {"key11753975868235": "value-9"} to topic topic-7b53cbb9_24dc_465b_b573_a9e832124893
2025-07-31 15:31:11,280 INFO  [io.api.tes.ser.api.KafkaSerdesTester] (Thread-199) Produced 10 messages
2025-07-31 15:31:11,281 INFO  [org.apa.kaf.cli.pro.KafkaProducer] (Thread-199) [Producer clientId=Producer-topic-7b53cbb9_24dc_465b_b573_a9e832124893] Closing the Kafka producer with timeoutMillis = 9223372036854775807 ms.
2025-07-31 15:31:11,283 INFO  [org.apa.kaf.com.met.Metrics] (Thread-199) Metrics scheduler closed
2025-07-31 15:31:11,283 INFO  [org.apa.kaf.com.met.Metrics] (Thread-199) Closing reporter org.apache.kafka.common.metrics.JmxReporter
2025-07-31 15:31:11,283 INFO  [org.apa.kaf.com.met.Metrics] (Thread-199) Closing reporter org.apache.kafka.common.telemetry.internals.ClientTelemetryReporter
2025-07-31 15:31:11,283 INFO  [org.apa.kaf.com.met.Metrics] (Thread-199) Metrics reporters closed
2025-07-31 15:31:11,283 INFO  [org.apa.kaf.com.uti.AppInfoParser] (Thread-199) App info kafka.producer for Producer-topic-7b53cbb9_24dc_465b_b573_a9e832124893 unregistered
2025-07-31 15:31:11,284 INFO  [org.apa.kaf.cli.con.ConsumerConfig] (main) ConsumerConfig values: 
	allow.auto.create.topics = true
	auto.commit.interval.ms = 500
	auto.include.jmx.reporter = true
	auto.offset.reset = earliest
	bootstrap.servers = [PLAINTEXT://localhost:32770]
	check.crcs = true
	client.dns.lookup = use_all_dns_ips
	client.id = consumer-Consumer-topic-7b53cbb9_24dc_465b_b573_a9e832124893-11
	client.rack = 
	connections.max.idle.ms = 10000
	default.api.timeout.ms = 60000
	enable.auto.commit = true
	enable.metrics.push = true
	exclude.internal.topics = true
	fetch.max.bytes = 52428800
	fetch.max.wait.ms = 500
	fetch.min.bytes = 1
	group.id = Consumer-topic-7b53cbb9_24dc_465b_b573_a9e832124893
	group.instance.id = null
	group.protocol = classic
	group.remote.assignor = null
	heartbeat.interval.ms = 3000
	interceptor.classes = []
	internal.leave.group.on.close = true
	internal.throw.on.fetch.stable.offset.unsupported = false
	isolation.level = read_uncommitted
	key.deserializer = class org.apache.kafka.common.serialization.StringDeserializer
	max.partition.fetch.bytes = 1048576
	max.poll.interval.ms = 300000
	max.poll.records = 500
	metadata.max.age.ms = 300000
	metadata.recovery.strategy = none
	metric.reporters = []
	metrics.num.samples = 2
	metrics.recording.level = INFO
	metrics.sample.window.ms = 30000
	partition.assignment.strategy = [class org.apache.kafka.clients.consumer.RangeAssignor, class org.apache.kafka.clients.consumer.CooperativeStickyAssignor]
	receive.buffer.bytes = 65536
	reconnect.backoff.max.ms = 1000
	reconnect.backoff.ms = 50
	request.timeout.ms = 5000
	retry.backoff.max.ms = 1000
	retry.backoff.ms = 100
	sasl.client.callback.handler.class = null
	sasl.jaas.config = null
	sasl.kerberos.kinit.cmd = /usr/bin/kinit
	sasl.kerberos.min.time.before.relogin = 60000
	sasl.kerberos.service.name = null
	sasl.kerberos.ticket.renew.jitter = 0.05
	sasl.kerberos.ticket.renew.window.factor = 0.8
	sasl.login.callback.handler.class = null
	sasl.login.class = null
	sasl.login.connect.timeout.ms = null
	sasl.login.read.timeout.ms = null
	sasl.login.refresh.buffer.seconds = 300
	sasl.login.refresh.min.period.seconds = 60
	sasl.login.refresh.window.factor = 0.8
	sasl.login.refresh.window.jitter = 0.05
	sasl.login.retry.backoff.max.ms = 10000
	sasl.login.retry.backoff.ms = 100
	sasl.mechanism = GSSAPI
	sasl.oauthbearer.clock.skew.seconds = 30
	sasl.oauthbearer.expected.audience = null
	sasl.oauthbearer.expected.issuer = null
	sasl.oauthbearer.header.urlencode = false
	sasl.oauthbearer.jwks.endpoint.refresh.ms = 3600000
	sasl.oauthbearer.jwks.endpoint.retry.backoff.max.ms = 10000
	sasl.oauthbearer.jwks.endpoint.retry.backoff.ms = 100
	sasl.oauthbearer.jwks.endpoint.url = null
	sasl.oauthbearer.scope.claim.name = scope
	sasl.oauthbearer.sub.claim.name = sub
	sasl.oauthbearer.token.endpoint.url = null
	security.protocol = PLAINTEXT
	security.providers = null
	send.buffer.bytes = 131072
	session.timeout.ms = 45000
	socket.connection.setup.timeout.max.ms = 30000
	socket.connection.setup.timeout.ms = 10000
	ssl.cipher.suites = null
	ssl.enabled.protocols = [TLSv1.2, TLSv1.3]
	ssl.endpoint.identification.algorithm = https
	ssl.engine.factory.class = null
	ssl.key.password = null
	ssl.keymanager.algorithm = SunX509
	ssl.keystore.certificate.chain = null
	ssl.keystore.key = null
	ssl.keystore.location = null
	ssl.keystore.password = null
	ssl.keystore.type = JKS
	ssl.protocol = TLSv1.3
	ssl.provider = null
	ssl.secure.random.implementation = null
	ssl.trustmanager.algorithm = PKIX
	ssl.truststore.certificates = null
	ssl.truststore.location = null
	ssl.truststore.password = null
	ssl.truststore.type = JKS
	value.deserializer = class io.apicurio.registry.serde.avro.AvroKafkaDeserializer

2025-07-31 15:31:11,284 INFO  [org.apa.kaf.com.tel.int.KafkaMetricsCollector] (main) initializing Kafka metrics collector
2025-07-31 15:31:11,291 INFO  [org.apa.kaf.cli.con.ConsumerConfig] (main) These configurations '[apicurio.registry.url]' were supplied but are not used yet.
2025-07-31 15:31:11,291 INFO  [org.apa.kaf.com.uti.AppInfoParser] (main) Kafka version: 3.9.0
2025-07-31 15:31:11,291 INFO  [org.apa.kaf.com.uti.AppInfoParser] (main) Kafka commitId: 84caaa6e9da06435
2025-07-31 15:31:11,291 INFO  [org.apa.kaf.com.uti.AppInfoParser] (main) Kafka startTimeMs: 1753975871291
2025-07-31 15:31:11,291 INFO  [org.apa.kaf.cli.con.int.ClassicKafkaConsumer] (Thread-202) [Consumer clientId=consumer-Consumer-topic-7b53cbb9_24dc_465b_b573_a9e832124893-11, groupId=Consumer-topic-7b53cbb9_24dc_465b_b573_a9e832124893] Subscribed to topic(s): topic-7b53cbb9_24dc_465b_b573_a9e832124893
2025-07-31 15:31:11,297 INFO  [org.apa.kaf.cli.Metadata] (Thread-202) [Consumer clientId=consumer-Consumer-topic-7b53cbb9_24dc_465b_b573_a9e832124893-11, groupId=Consumer-topic-7b53cbb9_24dc_465b_b573_a9e832124893] Cluster ID: u8-Iy8eKRM2xsCw1W024xw
2025-07-31 15:31:11,298 INFO  [org.apa.kaf.cli.con.int.ConsumerCoordinator] (Thread-202) [Consumer clientId=consumer-Consumer-topic-7b53cbb9_24dc_465b_b573_a9e832124893-11, groupId=Consumer-topic-7b53cbb9_24dc_465b_b573_a9e832124893] Discovered group coordinator localhost:32770 (id: 2147483647 rack: null)
2025-07-31 15:31:11,300 INFO  [org.apa.kaf.cli.con.int.ConsumerCoordinator] (Thread-202) [Consumer clientId=consumer-Consumer-topic-7b53cbb9_24dc_465b_b573_a9e832124893-11, groupId=Consumer-topic-7b53cbb9_24dc_465b_b573_a9e832124893] (Re-)joining group
2025-07-31 15:31:11,306 INFO  [org.apa.kaf.cli.con.int.ConsumerCoordinator] (Thread-202) [Consumer clientId=consumer-Consumer-topic-7b53cbb9_24dc_465b_b573_a9e832124893-11, groupId=Consumer-topic-7b53cbb9_24dc_465b_b573_a9e832124893] Request joining group due to: need to re-join with the given member-id: consumer-Consumer-topic-7b53cbb9_24dc_465b_b573_a9e832124893-11-5a81d5be-2898-434b-aeb9-9f0a3205ed86
2025-07-31 15:31:11,306 INFO  [org.apa.kaf.cli.con.int.ConsumerCoordinator] (Thread-202) [Consumer clientId=consumer-Consumer-topic-7b53cbb9_24dc_465b_b573_a9e832124893-11, groupId=Consumer-topic-7b53cbb9_24dc_465b_b573_a9e832124893] (Re-)joining group
2025-07-31 15:31:11,316 INFO  [org.apa.kaf.cli.con.int.ConsumerCoordinator] (Thread-202) [Consumer clientId=consumer-Consumer-topic-7b53cbb9_24dc_465b_b573_a9e832124893-11, groupId=Consumer-topic-7b53cbb9_24dc_465b_b573_a9e832124893] Successfully joined group with generation Generation{generationId=3, memberId='consumer-Consumer-topic-7b53cbb9_24dc_465b_b573_a9e832124893-11-5a81d5be-2898-434b-aeb9-9f0a3205ed86', protocol='range'}
2025-07-31 15:31:11,319 INFO  [org.apa.kaf.cli.con.int.ConsumerCoordinator] (Thread-202) [Consumer clientId=consumer-Consumer-topic-7b53cbb9_24dc_465b_b573_a9e832124893-11, groupId=Consumer-topic-7b53cbb9_24dc_465b_b573_a9e832124893] Finished assignment for group at generation 3: {consumer-Consumer-topic-7b53cbb9_24dc_465b_b573_a9e832124893-11-5a81d5be-2898-434b-aeb9-9f0a3205ed86=Assignment(partitions=[topic-7b53cbb9_24dc_465b_b573_a9e832124893-0])}
2025-07-31 15:31:11,324 INFO  [org.apa.kaf.cli.con.int.ConsumerCoordinator] (Thread-202) [Consumer clientId=consumer-Consumer-topic-7b53cbb9_24dc_465b_b573_a9e832124893-11, groupId=Consumer-topic-7b53cbb9_24dc_465b_b573_a9e832124893] Successfully synced group in generation Generation{generationId=3, memberId='consumer-Consumer-topic-7b53cbb9_24dc_465b_b573_a9e832124893-11-5a81d5be-2898-434b-aeb9-9f0a3205ed86', protocol='range'}
2025-07-31 15:31:11,324 INFO  [org.apa.kaf.cli.con.int.ConsumerCoordinator] (Thread-202) [Consumer clientId=consumer-Consumer-topic-7b53cbb9_24dc_465b_b573_a9e832124893-11, groupId=Consumer-topic-7b53cbb9_24dc_465b_b573_a9e832124893] Notifying assignor about the new Assignment(partitions=[topic-7b53cbb9_24dc_465b_b573_a9e832124893-0])
2025-07-31 15:31:11,324 INFO  [org.apa.kaf.cli.con.int.ConsumerRebalanceListenerInvoker] (Thread-202) [Consumer clientId=consumer-Consumer-topic-7b53cbb9_24dc_465b_b573_a9e832124893-11, groupId=Consumer-topic-7b53cbb9_24dc_465b_b573_a9e832124893] Adding newly assigned partitions: topic-7b53cbb9_24dc_465b_b573_a9e832124893-0
2025-07-31 15:31:11,326 INFO  [org.apa.kaf.cli.con.int.ConsumerUtils] (Thread-202) Setting offset for partition topic-7b53cbb9_24dc_465b_b573_a9e832124893-0 to the committed offset FetchPosition{offset=10, offsetEpoch=Optional[0], currentLeader=LeaderAndEpoch{leader=Optional[localhost:32770 (id: 0 rack: null)], epoch=0}}
2025-07-31 15:31:11,468 INFO  [io.api.tes.ser.api.KafkaSerdesTester] (Thread-202) topic-7b53cbb9_24dc_465b_b573_a9e832124893 0 10 {"key11753975868235": "value-0", "key21753975870025": "value-0"}
2025-07-31 15:31:11,468 INFO  [io.api.tes.ser.api.KafkaSerdesTester] (Thread-202) topic-7b53cbb9_24dc_465b_b573_a9e832124893 0 11 {"key11753975868235": "value-1", "key21753975870025": "value-1"}
2025-07-31 15:31:11,468 INFO  [io.api.tes.ser.api.KafkaSerdesTester] (Thread-202) topic-7b53cbb9_24dc_465b_b573_a9e832124893 0 12 {"key11753975868235": "value-2", "key21753975870025": "value-2"}
2025-07-31 15:31:11,468 INFO  [io.api.tes.ser.api.KafkaSerdesTester] (Thread-202) topic-7b53cbb9_24dc_465b_b573_a9e832124893 0 13 {"key11753975868235": "value-3", "key21753975870025": "value-3"}
2025-07-31 15:31:11,468 INFO  [io.api.tes.ser.api.KafkaSerdesTester] (Thread-202) topic-7b53cbb9_24dc_465b_b573_a9e832124893 0 14 {"key11753975868235": "value-4", "key21753975870025": "value-4"}
2025-07-31 15:31:11,468 INFO  [io.api.tes.ser.api.KafkaSerdesTester] (Thread-202) topic-7b53cbb9_24dc_465b_b573_a9e832124893 0 15 {"key11753975868235": "value-5", "key21753975870025": "value-5"}
2025-07-31 15:31:11,469 INFO  [io.api.tes.ser.api.KafkaSerdesTester] (Thread-202) topic-7b53cbb9_24dc_465b_b573_a9e832124893 0 16 {"key11753975868235": "value-6", "key21753975870025": "value-6"}
2025-07-31 15:31:11,469 INFO  [io.api.tes.ser.api.KafkaSerdesTester] (Thread-202) topic-7b53cbb9_24dc_465b_b573_a9e832124893 0 17 {"key11753975868235": "value-7", "key21753975870025": "value-7"}
2025-07-31 15:31:11,469 INFO  [io.api.tes.ser.api.KafkaSerdesTester] (Thread-202) topic-7b53cbb9_24dc_465b_b573_a9e832124893 0 18 {"key11753975868235": "value-8", "key21753975870025": "value-8"}
2025-07-31 15:31:11,469 INFO  [io.api.tes.ser.api.KafkaSerdesTester] (Thread-202) topic-7b53cbb9_24dc_465b_b573_a9e832124893 0 19 {"key11753975868235": "value-9", "key21753975870025": "value-9"}
2025-07-31 15:31:11,469 INFO  [io.api.tes.ser.api.KafkaSerdesTester] (Thread-202) topic-7b53cbb9_24dc_465b_b573_a9e832124893 0 20 {"key11753975868235": "value-0"}
2025-07-31 15:31:11,469 INFO  [io.api.tes.ser.api.KafkaSerdesTester] (Thread-202) topic-7b53cbb9_24dc_465b_b573_a9e832124893 0 21 {"key11753975868235": "value-1"}
2025-07-31 15:31:11,469 INFO  [io.api.tes.ser.api.KafkaSerdesTester] (Thread-202) topic-7b53cbb9_24dc_465b_b573_a9e832124893 0 22 {"key11753975868235": "value-2"}
2025-07-31 15:31:11,469 INFO  [io.api.tes.ser.api.KafkaSerdesTester] (Thread-202) topic-7b53cbb9_24dc_465b_b573_a9e832124893 0 23 {"key11753975868235": "value-3"}
2025-07-31 15:31:11,469 INFO  [io.api.tes.ser.api.KafkaSerdesTester] (Thread-202) topic-7b53cbb9_24dc_465b_b573_a9e832124893 0 24 {"key11753975868235": "value-4"}
2025-07-31 15:31:11,469 INFO  [io.api.tes.ser.api.KafkaSerdesTester] (Thread-202) topic-7b53cbb9_24dc_465b_b573_a9e832124893 0 25 {"key11753975868235": "value-5"}
2025-07-31 15:31:11,469 INFO  [io.api.tes.ser.api.KafkaSerdesTester] (Thread-202) topic-7b53cbb9_24dc_465b_b573_a9e832124893 0 26 {"key11753975868235": "value-6"}
2025-07-31 15:31:11,469 INFO  [io.api.tes.ser.api.KafkaSerdesTester] (Thread-202) topic-7b53cbb9_24dc_465b_b573_a9e832124893 0 27 {"key11753975868235": "value-7"}
2025-07-31 15:31:11,469 INFO  [io.api.tes.ser.api.KafkaSerdesTester] (Thread-202) topic-7b53cbb9_24dc_465b_b573_a9e832124893 0 28 {"key11753975868235": "value-8"}
2025-07-31 15:31:11,469 INFO  [io.api.tes.ser.api.KafkaSerdesTester] (Thread-202) topic-7b53cbb9_24dc_465b_b573_a9e832124893 0 29 {"key11753975868235": "value-9"}
2025-07-31 15:31:11,469 INFO  [io.api.tes.ser.api.KafkaSerdesTester] (Thread-202) Consumed 20 messages
2025-07-31 15:31:11,472 INFO  [org.apa.kaf.cli.con.int.ConsumerRebalanceListenerInvoker] (Thread-202) [Consumer clientId=consumer-Consumer-topic-7b53cbb9_24dc_465b_b573_a9e832124893-11, groupId=Consumer-topic-7b53cbb9_24dc_465b_b573_a9e832124893] Revoke previously assigned partitions topic-7b53cbb9_24dc_465b_b573_a9e832124893-0
2025-07-31 15:31:11,472 INFO  [org.apa.kaf.cli.con.int.ConsumerCoordinator] (Thread-202) [Consumer clientId=consumer-Consumer-topic-7b53cbb9_24dc_465b_b573_a9e832124893-11, groupId=Consumer-topic-7b53cbb9_24dc_465b_b573_a9e832124893] Member consumer-Consumer-topic-7b53cbb9_24dc_465b_b573_a9e832124893-11-5a81d5be-2898-434b-aeb9-9f0a3205ed86 sending LeaveGroup request to coordinator localhost:32770 (id: 2147483647 rack: null) due to the consumer is being closed
2025-07-31 15:31:11,473 INFO  [org.apa.kaf.cli.con.int.ConsumerCoordinator] (Thread-202) [Consumer clientId=consumer-Consumer-topic-7b53cbb9_24dc_465b_b573_a9e832124893-11, groupId=Consumer-topic-7b53cbb9_24dc_465b_b573_a9e832124893] Resetting generation and member id due to: consumer pro-actively leaving the group
2025-07-31 15:31:11,473 INFO  [org.apa.kaf.cli.con.int.ConsumerCoordinator] (Thread-202) [Consumer clientId=consumer-Consumer-topic-7b53cbb9_24dc_465b_b573_a9e832124893-11, groupId=Consumer-topic-7b53cbb9_24dc_465b_b573_a9e832124893] Request joining group due to: consumer pro-actively leaving the group
2025-07-31 15:31:11,969 INFO  [org.apa.kaf.com.met.Metrics] (Thread-202) Metrics scheduler closed
2025-07-31 15:31:11,969 INFO  [org.apa.kaf.com.met.Metrics] (Thread-202) Closing reporter org.apache.kafka.common.metrics.JmxReporter
2025-07-31 15:31:11,970 INFO  [org.apa.kaf.com.met.Metrics] (Thread-202) Closing reporter org.apache.kafka.common.telemetry.internals.ClientTelemetryReporter
2025-07-31 15:31:11,970 INFO  [org.apa.kaf.com.met.Metrics] (Thread-202) Metrics reporters closed
2025-07-31 15:31:11,973 INFO  [org.apa.kaf.com.uti.AppInfoParser] (Thread-202) App info kafka.consumer for consumer-Consumer-topic-7b53cbb9_24dc_465b_b573_a9e832124893-11 unregistered
2025-07-31 15:31:11,974 INFO  [io.api.tes.ser.api.AvroSerdeIT] (main) Registering Avro Schema 3: {"type":"record","name":"s139f5ca3xe5e2x4d22x8af9x7e33db0554fc","namespace":"ns_f79056e9_bf1e_4d16_a269_e1e3c55a18d8","fields":[{"name":"key11753975868235","type":"string"},{"name":"key21753975870025","type":"string"},{"name":"key31753975871973","type":"string"}]}
2025-07-31 15:31:13,058 INFO  [org.apa.kaf.cli.pro.ProducerConfig] (main) ProducerConfig values: 
	acks = -1
	auto.include.jmx.reporter = true
	batch.size = 16384
	bootstrap.servers = [PLAINTEXT://localhost:32770]
	buffer.memory = 33554432
	client.dns.lookup = use_all_dns_ips
	client.id = Producer-topic-7b53cbb9_24dc_465b_b573_a9e832124893
	compression.gzip.level = -1
	compression.lz4.level = 9
	compression.type = none
	compression.zstd.level = 3
	connections.max.idle.ms = 10000
	delivery.timeout.ms = 120000
	enable.idempotence = true
	enable.metrics.push = true
	interceptor.classes = []
	key.serializer = class org.apache.kafka.common.serialization.StringSerializer
	linger.ms = 0
	max.block.ms = 60000
	max.in.flight.requests.per.connection = 5
	max.request.size = 1048576
	metadata.max.age.ms = 300000
	metadata.max.idle.ms = 300000
	metadata.recovery.strategy = none
	metric.reporters = []
	metrics.num.samples = 2
	metrics.recording.level = INFO
	metrics.sample.window.ms = 30000
	partitioner.adaptive.partitioning.enable = true
	partitioner.availability.timeout.ms = 0
	partitioner.class = null
	partitioner.ignore.keys = false
	receive.buffer.bytes = 32768
	reconnect.backoff.max.ms = 1000
	reconnect.backoff.ms = 50
	request.timeout.ms = 5000
	retries = 2147483647
	retry.backoff.max.ms = 1000
	retry.backoff.ms = 100
	sasl.client.callback.handler.class = null
	sasl.jaas.config = null
	sasl.kerberos.kinit.cmd = /usr/bin/kinit
	sasl.kerberos.min.time.before.relogin = 60000
	sasl.kerberos.service.name = null
	sasl.kerberos.ticket.renew.jitter = 0.05
	sasl.kerberos.ticket.renew.window.factor = 0.8
	sasl.login.callback.handler.class = null
	sasl.login.class = null
	sasl.login.connect.timeout.ms = null
	sasl.login.read.timeout.ms = null
	sasl.login.refresh.buffer.seconds = 300
	sasl.login.refresh.min.period.seconds = 60
	sasl.login.refresh.window.factor = 0.8
	sasl.login.refresh.window.jitter = 0.05
	sasl.login.retry.backoff.max.ms = 10000
	sasl.login.retry.backoff.ms = 100
	sasl.mechanism = GSSAPI
	sasl.oauthbearer.clock.skew.seconds = 30
	sasl.oauthbearer.expected.audience = null
	sasl.oauthbearer.expected.issuer = null
	sasl.oauthbearer.header.urlencode = false
	sasl.oauthbearer.jwks.endpoint.refresh.ms = 3600000
	sasl.oauthbearer.jwks.endpoint.retry.backoff.max.ms = 10000
	sasl.oauthbearer.jwks.endpoint.retry.backoff.ms = 100
	sasl.oauthbearer.jwks.endpoint.url = null
	sasl.oauthbearer.scope.claim.name = scope
	sasl.oauthbearer.sub.claim.name = sub
	sasl.oauthbearer.token.endpoint.url = null
	security.protocol = PLAINTEXT
	security.providers = null
	send.buffer.bytes = 131072
	socket.connection.setup.timeout.max.ms = 30000
	socket.connection.setup.timeout.ms = 10000
	ssl.cipher.suites = null
	ssl.enabled.protocols = [TLSv1.2, TLSv1.3]
	ssl.endpoint.identification.algorithm = https
	ssl.engine.factory.class = null
	ssl.key.password = null
	ssl.keymanager.algorithm = SunX509
	ssl.keystore.certificate.chain = null
	ssl.keystore.key = null
	ssl.keystore.location = null
	ssl.keystore.password = null
	ssl.keystore.type = JKS
	ssl.protocol = TLSv1.3
	ssl.provider = null
	ssl.secure.random.implementation = null
	ssl.trustmanager.algorithm = PKIX
	ssl.truststore.certificates = null
	ssl.truststore.location = null
	ssl.truststore.password = null
	ssl.truststore.type = JKS
	transaction.timeout.ms = 60000
	transactional.id = null
	value.serializer = class io.apicurio.registry.serde.avro.AvroKafkaSerializer

2025-07-31 15:31:13,059 INFO  [org.apa.kaf.com.tel.int.KafkaMetricsCollector] (main) initializing Kafka metrics collector
2025-07-31 15:31:13,062 INFO  [org.apa.kaf.cli.pro.KafkaProducer] (main) [Producer clientId=Producer-topic-7b53cbb9_24dc_465b_b573_a9e832124893] Instantiated an idempotent producer.
2025-07-31 15:31:13,064 INFO  [org.apa.kaf.cli.pro.ProducerConfig] (main) These configurations '[apicurio.registry.url, apicurio.registry.artifact-resolver-strategy]' were supplied but are not used yet.
2025-07-31 15:31:13,064 INFO  [org.apa.kaf.com.uti.AppInfoParser] (main) Kafka version: 3.9.0
2025-07-31 15:31:13,064 INFO  [org.apa.kaf.com.uti.AppInfoParser] (main) Kafka commitId: 84caaa6e9da06435
2025-07-31 15:31:13,064 INFO  [org.apa.kaf.com.uti.AppInfoParser] (main) Kafka startTimeMs: 1753975873064
2025-07-31 15:31:13,075 INFO  [io.api.tes.ser.api.KafkaSerdesTester] (Thread-205) Sending message {"key11753975868235": "value-0", "key21753975870025": "value-0", "key31753975871973": "value-0"} to topic topic-7b53cbb9_24dc_465b_b573_a9e832124893
2025-07-31 15:31:13,077 INFO  [org.apa.kaf.cli.Metadata] (kafka-producer-network-thread | Producer-topic-7b53cbb9_24dc_465b_b573_a9e832124893) [Producer clientId=Producer-topic-7b53cbb9_24dc_465b_b573_a9e832124893] Cluster ID: u8-Iy8eKRM2xsCw1W024xw
2025-07-31 15:31:13,078 INFO  [DefaultSchemaResolver] (Thread-205) Retrieving schema content using string: {"type":"record","name":"s139f5ca3xe5e2x4d22x8af9x7e33db0554fc","namespace":"ns_f79056e9_bf1e_4d16_a269_e1e3c55a18d8","fields":[{"name":"key11753975868235","type":"string"},{"name":"key21753975870025","type":"string"},{"name":"key31753975871973","type":"string"}]}
2025-07-31 15:31:13,079 INFO  [org.apa.kaf.cli.pro.int.TransactionManager] (kafka-producer-network-thread | Producer-topic-7b53cbb9_24dc_465b_b573_a9e832124893) [Producer clientId=Producer-topic-7b53cbb9_24dc_465b_b573_a9e832124893] ProducerId set to 15 with epoch 0
2025-07-31 15:31:13,140 INFO  [io.api.tes.ser.api.KafkaSerdesTester] (Thread-205) Sending message {"key11753975868235": "value-1", "key21753975870025": "value-1", "key31753975871973": "value-1"} to topic topic-7b53cbb9_24dc_465b_b573_a9e832124893
2025-07-31 15:31:13,142 INFO  [io.api.tes.ser.api.KafkaSerdesTester] (Thread-205) Sending message {"key11753975868235": "value-2", "key21753975870025": "value-2", "key31753975871973": "value-2"} to topic topic-7b53cbb9_24dc_465b_b573_a9e832124893
2025-07-31 15:31:13,144 INFO  [io.api.tes.ser.api.KafkaSerdesTester] (Thread-205) Sending message {"key11753975868235": "value-3", "key21753975870025": "value-3", "key31753975871973": "value-3"} to topic topic-7b53cbb9_24dc_465b_b573_a9e832124893
2025-07-31 15:31:13,148 INFO  [io.api.tes.ser.api.KafkaSerdesTester] (Thread-205) Sending message {"key11753975868235": "value-4", "key21753975870025": "value-4", "key31753975871973": "value-4"} to topic topic-7b53cbb9_24dc_465b_b573_a9e832124893
2025-07-31 15:31:13,151 INFO  [io.api.tes.ser.api.KafkaSerdesTester] (Thread-205) Sending message {"key11753975868235": "value-5", "key21753975870025": "value-5", "key31753975871973": "value-5"} to topic topic-7b53cbb9_24dc_465b_b573_a9e832124893
2025-07-31 15:31:13,152 INFO  [io.api.tes.ser.api.KafkaSerdesTester] (Thread-205) Sending message {"key11753975868235": "value-6", "key21753975870025": "value-6", "key31753975871973": "value-6"} to topic topic-7b53cbb9_24dc_465b_b573_a9e832124893
2025-07-31 15:31:13,155 INFO  [io.api.tes.ser.api.KafkaSerdesTester] (Thread-205) Sending message {"key11753975868235": "value-7", "key21753975870025": "value-7", "key31753975871973": "value-7"} to topic topic-7b53cbb9_24dc_465b_b573_a9e832124893
2025-07-31 15:31:13,159 INFO  [io.api.tes.ser.api.KafkaSerdesTester] (Thread-205) Sending message {"key11753975868235": "value-8", "key21753975870025": "value-8", "key31753975871973": "value-8"} to topic topic-7b53cbb9_24dc_465b_b573_a9e832124893
2025-07-31 15:31:13,161 INFO  [io.api.tes.ser.api.KafkaSerdesTester] (Thread-205) Sending message {"key11753975868235": "value-9", "key21753975870025": "value-9", "key31753975871973": "value-9"} to topic topic-7b53cbb9_24dc_465b_b573_a9e832124893
2025-07-31 15:31:13,162 INFO  [io.api.tes.ser.api.KafkaSerdesTester] (Thread-205) Produced 10 messages
2025-07-31 15:31:13,162 INFO  [org.apa.kaf.cli.pro.KafkaProducer] (Thread-205) [Producer clientId=Producer-topic-7b53cbb9_24dc_465b_b573_a9e832124893] Closing the Kafka producer with timeoutMillis = 9223372036854775807 ms.
2025-07-31 15:31:13,170 INFO  [org.apa.kaf.com.met.Metrics] (Thread-205) Metrics scheduler closed
2025-07-31 15:31:13,170 INFO  [org.apa.kaf.com.met.Metrics] (Thread-205) Closing reporter org.apache.kafka.common.metrics.JmxReporter
2025-07-31 15:31:13,170 INFO  [org.apa.kaf.com.met.Metrics] (Thread-205) Closing reporter org.apache.kafka.common.telemetry.internals.ClientTelemetryReporter
2025-07-31 15:31:13,170 INFO  [org.apa.kaf.com.met.Metrics] (Thread-205) Metrics reporters closed
2025-07-31 15:31:13,170 INFO  [org.apa.kaf.com.uti.AppInfoParser] (Thread-205) App info kafka.producer for Producer-topic-7b53cbb9_24dc_465b_b573_a9e832124893 unregistered
2025-07-31 15:31:13,172 INFO  [org.apa.kaf.cli.pro.ProducerConfig] (main) ProducerConfig values: 
	acks = -1
	auto.include.jmx.reporter = true
	batch.size = 16384
	bootstrap.servers = [PLAINTEXT://localhost:32770]
	buffer.memory = 33554432
	client.dns.lookup = use_all_dns_ips
	client.id = Producer-topic-7b53cbb9_24dc_465b_b573_a9e832124893
	compression.gzip.level = -1
	compression.lz4.level = 9
	compression.type = none
	compression.zstd.level = 3
	connections.max.idle.ms = 10000
	delivery.timeout.ms = 120000
	enable.idempotence = true
	enable.metrics.push = true
	interceptor.classes = []
	key.serializer = class org.apache.kafka.common.serialization.StringSerializer
	linger.ms = 0
	max.block.ms = 60000
	max.in.flight.requests.per.connection = 5
	max.request.size = 1048576
	metadata.max.age.ms = 300000
	metadata.max.idle.ms = 300000
	metadata.recovery.strategy = none
	metric.reporters = []
	metrics.num.samples = 2
	metrics.recording.level = INFO
	metrics.sample.window.ms = 30000
	partitioner.adaptive.partitioning.enable = true
	partitioner.availability.timeout.ms = 0
	partitioner.class = null
	partitioner.ignore.keys = false
	receive.buffer.bytes = 32768
	reconnect.backoff.max.ms = 1000
	reconnect.backoff.ms = 50
	request.timeout.ms = 5000
	retries = 2147483647
	retry.backoff.max.ms = 1000
	retry.backoff.ms = 100
	sasl.client.callback.handler.class = null
	sasl.jaas.config = null
	sasl.kerberos.kinit.cmd = /usr/bin/kinit
	sasl.kerberos.min.time.before.relogin = 60000
	sasl.kerberos.service.name = null
	sasl.kerberos.ticket.renew.jitter = 0.05
	sasl.kerberos.ticket.renew.window.factor = 0.8
	sasl.login.callback.handler.class = null
	sasl.login.class = null
	sasl.login.connect.timeout.ms = null
	sasl.login.read.timeout.ms = null
	sasl.login.refresh.buffer.seconds = 300
	sasl.login.refresh.min.period.seconds = 60
	sasl.login.refresh.window.factor = 0.8
	sasl.login.refresh.window.jitter = 0.05
	sasl.login.retry.backoff.max.ms = 10000
	sasl.login.retry.backoff.ms = 100
	sasl.mechanism = GSSAPI
	sasl.oauthbearer.clock.skew.seconds = 30
	sasl.oauthbearer.expected.audience = null
	sasl.oauthbearer.expected.issuer = null
	sasl.oauthbearer.header.urlencode = false
	sasl.oauthbearer.jwks.endpoint.refresh.ms = 3600000
	sasl.oauthbearer.jwks.endpoint.retry.backoff.max.ms = 10000
	sasl.oauthbearer.jwks.endpoint.retry.backoff.ms = 100
	sasl.oauthbearer.jwks.endpoint.url = null
	sasl.oauthbearer.scope.claim.name = scope
	sasl.oauthbearer.sub.claim.name = sub
	sasl.oauthbearer.token.endpoint.url = null
	security.protocol = PLAINTEXT
	security.providers = null
	send.buffer.bytes = 131072
	socket.connection.setup.timeout.max.ms = 30000
	socket.connection.setup.timeout.ms = 10000
	ssl.cipher.suites = null
	ssl.enabled.protocols = [TLSv1.2, TLSv1.3]
	ssl.endpoint.identification.algorithm = https
	ssl.engine.factory.class = null
	ssl.key.password = null
	ssl.keymanager.algorithm = SunX509
	ssl.keystore.certificate.chain = null
	ssl.keystore.key = null
	ssl.keystore.location = null
	ssl.keystore.password = null
	ssl.keystore.type = JKS
	ssl.protocol = TLSv1.3
	ssl.provider = null
	ssl.secure.random.implementation = null
	ssl.trustmanager.algorithm = PKIX
	ssl.truststore.certificates = null
	ssl.truststore.location = null
	ssl.truststore.password = null
	ssl.truststore.type = JKS
	transaction.timeout.ms = 60000
	transactional.id = null
	value.serializer = class io.apicurio.registry.serde.avro.AvroKafkaSerializer

2025-07-31 15:31:13,173 INFO  [org.apa.kaf.com.tel.int.KafkaMetricsCollector] (main) initializing Kafka metrics collector
2025-07-31 15:31:13,177 INFO  [org.apa.kaf.cli.pro.KafkaProducer] (main) [Producer clientId=Producer-topic-7b53cbb9_24dc_465b_b573_a9e832124893] Instantiated an idempotent producer.
2025-07-31 15:31:13,181 INFO  [org.apa.kaf.cli.pro.ProducerConfig] (main) These configurations '[apicurio.registry.url, apicurio.registry.artifact-resolver-strategy]' were supplied but are not used yet.
2025-07-31 15:31:13,181 INFO  [org.apa.kaf.com.uti.AppInfoParser] (main) Kafka version: 3.9.0
2025-07-31 15:31:13,181 INFO  [org.apa.kaf.com.uti.AppInfoParser] (main) Kafka commitId: 84caaa6e9da06435
2025-07-31 15:31:13,181 INFO  [org.apa.kaf.com.uti.AppInfoParser] (main) Kafka startTimeMs: 1753975873181
2025-07-31 15:31:13,181 INFO  [io.api.tes.ser.api.KafkaSerdesTester] (Thread-208) Sending message {"key11753975868235": "value-0", "key21753975870025": "value-0"} to topic topic-7b53cbb9_24dc_465b_b573_a9e832124893
2025-07-31 15:31:13,185 INFO  [org.apa.kaf.cli.Metadata] (kafka-producer-network-thread | Producer-topic-7b53cbb9_24dc_465b_b573_a9e832124893) [Producer clientId=Producer-topic-7b53cbb9_24dc_465b_b573_a9e832124893] Cluster ID: u8-Iy8eKRM2xsCw1W024xw
2025-07-31 15:31:13,185 INFO  [DefaultSchemaResolver] (Thread-208) Retrieving schema content using string: {"type":"record","name":"s139f5ca3xe5e2x4d22x8af9x7e33db0554fc","namespace":"ns_f79056e9_bf1e_4d16_a269_e1e3c55a18d8","fields":[{"name":"key11753975868235","type":"string"},{"name":"key21753975870025","type":"string"}]}
2025-07-31 15:31:13,187 INFO  [org.apa.kaf.cli.pro.int.TransactionManager] (kafka-producer-network-thread | Producer-topic-7b53cbb9_24dc_465b_b573_a9e832124893) [Producer clientId=Producer-topic-7b53cbb9_24dc_465b_b573_a9e832124893] ProducerId set to 16 with epoch 0
2025-07-31 15:31:13,247 INFO  [io.api.tes.ser.api.KafkaSerdesTester] (Thread-208) Sending message {"key11753975868235": "value-1", "key21753975870025": "value-1"} to topic topic-7b53cbb9_24dc_465b_b573_a9e832124893
2025-07-31 15:31:13,251 INFO  [io.api.tes.ser.api.KafkaSerdesTester] (Thread-208) Sending message {"key11753975868235": "value-2", "key21753975870025": "value-2"} to topic topic-7b53cbb9_24dc_465b_b573_a9e832124893
2025-07-31 15:31:13,254 INFO  [io.api.tes.ser.api.KafkaSerdesTester] (Thread-208) Sending message {"key11753975868235": "value-3", "key21753975870025": "value-3"} to topic topic-7b53cbb9_24dc_465b_b573_a9e832124893
2025-07-31 15:31:13,255 INFO  [io.api.tes.ser.api.KafkaSerdesTester] (Thread-208) Sending message {"key11753975868235": "value-4", "key21753975870025": "value-4"} to topic topic-7b53cbb9_24dc_465b_b573_a9e832124893
2025-07-31 15:31:13,257 INFO  [io.api.tes.ser.api.KafkaSerdesTester] (Thread-208) Sending message {"key11753975868235": "value-5", "key21753975870025": "value-5"} to topic topic-7b53cbb9_24dc_465b_b573_a9e832124893
2025-07-31 15:31:13,259 INFO  [io.api.tes.ser.api.KafkaSerdesTester] (Thread-208) Sending message {"key11753975868235": "value-6", "key21753975870025": "value-6"} to topic topic-7b53cbb9_24dc_465b_b573_a9e832124893
2025-07-31 15:31:13,260 INFO  [io.api.tes.ser.api.KafkaSerdesTester] (Thread-208) Sending message {"key11753975868235": "value-7", "key21753975870025": "value-7"} to topic topic-7b53cbb9_24dc_465b_b573_a9e832124893
2025-07-31 15:31:13,262 INFO  [io.api.tes.ser.api.KafkaSerdesTester] (Thread-208) Sending message {"key11753975868235": "value-8", "key21753975870025": "value-8"} to topic topic-7b53cbb9_24dc_465b_b573_a9e832124893
2025-07-31 15:31:13,263 INFO  [io.api.tes.ser.api.KafkaSerdesTester] (Thread-208) Sending message {"key11753975868235": "value-9", "key21753975870025": "value-9"} to topic topic-7b53cbb9_24dc_465b_b573_a9e832124893
2025-07-31 15:31:13,265 INFO  [io.api.tes.ser.api.KafkaSerdesTester] (Thread-208) Produced 10 messages
2025-07-31 15:31:13,265 INFO  [org.apa.kaf.cli.pro.KafkaProducer] (Thread-208) [Producer clientId=Producer-topic-7b53cbb9_24dc_465b_b573_a9e832124893] Closing the Kafka producer with timeoutMillis = 9223372036854775807 ms.
2025-07-31 15:31:13,268 INFO  [org.apa.kaf.com.met.Metrics] (Thread-208) Metrics scheduler closed
2025-07-31 15:31:13,268 INFO  [org.apa.kaf.com.met.Metrics] (Thread-208) Closing reporter org.apache.kafka.common.metrics.JmxReporter
2025-07-31 15:31:13,268 INFO  [org.apa.kaf.com.met.Metrics] (Thread-208) Closing reporter org.apache.kafka.common.telemetry.internals.ClientTelemetryReporter
2025-07-31 15:31:13,268 INFO  [org.apa.kaf.com.met.Metrics] (Thread-208) Metrics reporters closed
2025-07-31 15:31:13,269 INFO  [org.apa.kaf.com.uti.AppInfoParser] (Thread-208) App info kafka.producer for Producer-topic-7b53cbb9_24dc_465b_b573_a9e832124893 unregistered
2025-07-31 15:31:13,269 INFO  [org.apa.kaf.cli.pro.ProducerConfig] (main) ProducerConfig values: 
	acks = -1
	auto.include.jmx.reporter = true
	batch.size = 16384
	bootstrap.servers = [PLAINTEXT://localhost:32770]
	buffer.memory = 33554432
	client.dns.lookup = use_all_dns_ips
	client.id = Producer-topic-7b53cbb9_24dc_465b_b573_a9e832124893
	compression.gzip.level = -1
	compression.lz4.level = 9
	compression.type = none
	compression.zstd.level = 3
	connections.max.idle.ms = 10000
	delivery.timeout.ms = 120000
	enable.idempotence = true
	enable.metrics.push = true
	interceptor.classes = []
	key.serializer = class org.apache.kafka.common.serialization.StringSerializer
	linger.ms = 0
	max.block.ms = 60000
	max.in.flight.requests.per.connection = 5
	max.request.size = 1048576
	metadata.max.age.ms = 300000
	metadata.max.idle.ms = 300000
	metadata.recovery.strategy = none
	metric.reporters = []
	metrics.num.samples = 2
	metrics.recording.level = INFO
	metrics.sample.window.ms = 30000
	partitioner.adaptive.partitioning.enable = true
	partitioner.availability.timeout.ms = 0
	partitioner.class = null
	partitioner.ignore.keys = false
	receive.buffer.bytes = 32768
	reconnect.backoff.max.ms = 1000
	reconnect.backoff.ms = 50
	request.timeout.ms = 5000
	retries = 2147483647
	retry.backoff.max.ms = 1000
	retry.backoff.ms = 100
	sasl.client.callback.handler.class = null
	sasl.jaas.config = null
	sasl.kerberos.kinit.cmd = /usr/bin/kinit
	sasl.kerberos.min.time.before.relogin = 60000
	sasl.kerberos.service.name = null
	sasl.kerberos.ticket.renew.jitter = 0.05
	sasl.kerberos.ticket.renew.window.factor = 0.8
	sasl.login.callback.handler.class = null
	sasl.login.class = null
	sasl.login.connect.timeout.ms = null
	sasl.login.read.timeout.ms = null
	sasl.login.refresh.buffer.seconds = 300
	sasl.login.refresh.min.period.seconds = 60
	sasl.login.refresh.window.factor = 0.8
	sasl.login.refresh.window.jitter = 0.05
	sasl.login.retry.backoff.max.ms = 10000
	sasl.login.retry.backoff.ms = 100
	sasl.mechanism = GSSAPI
	sasl.oauthbearer.clock.skew.seconds = 30
	sasl.oauthbearer.expected.audience = null
	sasl.oauthbearer.expected.issuer = null
	sasl.oauthbearer.header.urlencode = false
	sasl.oauthbearer.jwks.endpoint.refresh.ms = 3600000
	sasl.oauthbearer.jwks.endpoint.retry.backoff.max.ms = 10000
	sasl.oauthbearer.jwks.endpoint.retry.backoff.ms = 100
	sasl.oauthbearer.jwks.endpoint.url = null
	sasl.oauthbearer.scope.claim.name = scope
	sasl.oauthbearer.sub.claim.name = sub
	sasl.oauthbearer.token.endpoint.url = null
	security.protocol = PLAINTEXT
	security.providers = null
	send.buffer.bytes = 131072
	socket.connection.setup.timeout.max.ms = 30000
	socket.connection.setup.timeout.ms = 10000
	ssl.cipher.suites = null
	ssl.enabled.protocols = [TLSv1.2, TLSv1.3]
	ssl.endpoint.identification.algorithm = https
	ssl.engine.factory.class = null
	ssl.key.password = null
	ssl.keymanager.algorithm = SunX509
	ssl.keystore.certificate.chain = null
	ssl.keystore.key = null
	ssl.keystore.location = null
	ssl.keystore.password = null
	ssl.keystore.type = JKS
	ssl.protocol = TLSv1.3
	ssl.provider = null
	ssl.secure.random.implementation = null
	ssl.trustmanager.algorithm = PKIX
	ssl.truststore.certificates = null
	ssl.truststore.location = null
	ssl.truststore.password = null
	ssl.truststore.type = JKS
	transaction.timeout.ms = 60000
	transactional.id = null
	value.serializer = class io.apicurio.registry.serde.avro.AvroKafkaSerializer

2025-07-31 15:31:13,270 INFO  [org.apa.kaf.com.tel.int.KafkaMetricsCollector] (main) initializing Kafka metrics collector
2025-07-31 15:31:13,275 INFO  [org.apa.kaf.cli.pro.KafkaProducer] (main) [Producer clientId=Producer-topic-7b53cbb9_24dc_465b_b573_a9e832124893] Instantiated an idempotent producer.
2025-07-31 15:31:13,277 INFO  [org.apa.kaf.cli.pro.ProducerConfig] (main) These configurations '[apicurio.registry.url, apicurio.registry.artifact-resolver-strategy]' were supplied but are not used yet.
2025-07-31 15:31:13,277 INFO  [org.apa.kaf.com.uti.AppInfoParser] (main) Kafka version: 3.9.0
2025-07-31 15:31:13,277 INFO  [org.apa.kaf.com.uti.AppInfoParser] (main) Kafka commitId: 84caaa6e9da06435
2025-07-31 15:31:13,277 INFO  [org.apa.kaf.com.uti.AppInfoParser] (main) Kafka startTimeMs: 1753975873277
2025-07-31 15:31:13,278 INFO  [io.api.tes.ser.api.KafkaSerdesTester] (Thread-211) Sending message {"key11753975868235": "value-0"} to topic topic-7b53cbb9_24dc_465b_b573_a9e832124893
2025-07-31 15:31:13,282 INFO  [org.apa.kaf.cli.Metadata] (kafka-producer-network-thread | Producer-topic-7b53cbb9_24dc_465b_b573_a9e832124893) [Producer clientId=Producer-topic-7b53cbb9_24dc_465b_b573_a9e832124893] Cluster ID: u8-Iy8eKRM2xsCw1W024xw
2025-07-31 15:31:13,282 INFO  [DefaultSchemaResolver] (Thread-211) Retrieving schema content using string: {"type":"record","name":"s139f5ca3xe5e2x4d22x8af9x7e33db0554fc","namespace":"ns_f79056e9_bf1e_4d16_a269_e1e3c55a18d8","fields":[{"name":"key11753975868235","type":"string"}]}
2025-07-31 15:31:13,283 INFO  [org.apa.kaf.cli.pro.int.TransactionManager] (kafka-producer-network-thread | Producer-topic-7b53cbb9_24dc_465b_b573_a9e832124893) [Producer clientId=Producer-topic-7b53cbb9_24dc_465b_b573_a9e832124893] ProducerId set to 17 with epoch 0
2025-07-31 15:31:13,343 INFO  [io.api.tes.ser.api.KafkaSerdesTester] (Thread-211) Sending message {"key11753975868235": "value-1"} to topic topic-7b53cbb9_24dc_465b_b573_a9e832124893
2025-07-31 15:31:13,350 INFO  [io.api.tes.ser.api.KafkaSerdesTester] (Thread-211) Sending message {"key11753975868235": "value-2"} to topic topic-7b53cbb9_24dc_465b_b573_a9e832124893
2025-07-31 15:31:13,352 INFO  [io.api.tes.ser.api.KafkaSerdesTester] (Thread-211) Sending message {"key11753975868235": "value-3"} to topic topic-7b53cbb9_24dc_465b_b573_a9e832124893
2025-07-31 15:31:13,354 INFO  [io.api.tes.ser.api.KafkaSerdesTester] (Thread-211) Sending message {"key11753975868235": "value-4"} to topic topic-7b53cbb9_24dc_465b_b573_a9e832124893
2025-07-31 15:31:13,356 INFO  [io.api.tes.ser.api.KafkaSerdesTester] (Thread-211) Sending message {"key11753975868235": "value-5"} to topic topic-7b53cbb9_24dc_465b_b573_a9e832124893
2025-07-31 15:31:13,357 INFO  [io.api.tes.ser.api.KafkaSerdesTester] (Thread-211) Sending message {"key11753975868235": "value-6"} to topic topic-7b53cbb9_24dc_465b_b573_a9e832124893
2025-07-31 15:31:13,362 INFO  [io.api.tes.ser.api.KafkaSerdesTester] (Thread-211) Sending message {"key11753975868235": "value-7"} to topic topic-7b53cbb9_24dc_465b_b573_a9e832124893
2025-07-31 15:31:13,363 INFO  [io.api.tes.ser.api.KafkaSerdesTester] (Thread-211) Sending message {"key11753975868235": "value-8"} to topic topic-7b53cbb9_24dc_465b_b573_a9e832124893
2025-07-31 15:31:13,365 INFO  [io.api.tes.ser.api.KafkaSerdesTester] (Thread-211) Sending message {"key11753975868235": "value-9"} to topic topic-7b53cbb9_24dc_465b_b573_a9e832124893
2025-07-31 15:31:13,367 INFO  [io.api.tes.ser.api.KafkaSerdesTester] (Thread-211) Produced 10 messages
2025-07-31 15:31:13,367 INFO  [org.apa.kaf.cli.pro.KafkaProducer] (Thread-211) [Producer clientId=Producer-topic-7b53cbb9_24dc_465b_b573_a9e832124893] Closing the Kafka producer with timeoutMillis = 9223372036854775807 ms.
2025-07-31 15:31:13,369 INFO  [org.apa.kaf.com.met.Metrics] (Thread-211) Metrics scheduler closed
2025-07-31 15:31:13,369 INFO  [org.apa.kaf.com.met.Metrics] (Thread-211) Closing reporter org.apache.kafka.common.metrics.JmxReporter
2025-07-31 15:31:13,369 INFO  [org.apa.kaf.com.met.Metrics] (Thread-211) Closing reporter org.apache.kafka.common.telemetry.internals.ClientTelemetryReporter
2025-07-31 15:31:13,370 INFO  [org.apa.kaf.com.met.Metrics] (Thread-211) Metrics reporters closed
2025-07-31 15:31:13,371 INFO  [org.apa.kaf.com.uti.AppInfoParser] (Thread-211) App info kafka.producer for Producer-topic-7b53cbb9_24dc_465b_b573_a9e832124893 unregistered
2025-07-31 15:31:13,372 INFO  [org.apa.kaf.cli.con.ConsumerConfig] (main) ConsumerConfig values: 
	allow.auto.create.topics = true
	auto.commit.interval.ms = 500
	auto.include.jmx.reporter = true
	auto.offset.reset = earliest
	bootstrap.servers = [PLAINTEXT://localhost:32770]
	check.crcs = true
	client.dns.lookup = use_all_dns_ips
	client.id = consumer-Consumer-topic-7b53cbb9_24dc_465b_b573_a9e832124893-12
	client.rack = 
	connections.max.idle.ms = 10000
	default.api.timeout.ms = 60000
	enable.auto.commit = true
	enable.metrics.push = true
	exclude.internal.topics = true
	fetch.max.bytes = 52428800
	fetch.max.wait.ms = 500
	fetch.min.bytes = 1
	group.id = Consumer-topic-7b53cbb9_24dc_465b_b573_a9e832124893
	group.instance.id = null
	group.protocol = classic
	group.remote.assignor = null
	heartbeat.interval.ms = 3000
	interceptor.classes = []
	internal.leave.group.on.close = true
	internal.throw.on.fetch.stable.offset.unsupported = false
	isolation.level = read_uncommitted
	key.deserializer = class org.apache.kafka.common.serialization.StringDeserializer
	max.partition.fetch.bytes = 1048576
	max.poll.interval.ms = 300000
	max.poll.records = 500
	metadata.max.age.ms = 300000
	metadata.recovery.strategy = none
	metric.reporters = []
	metrics.num.samples = 2
	metrics.recording.level = INFO
	metrics.sample.window.ms = 30000
	partition.assignment.strategy = [class org.apache.kafka.clients.consumer.RangeAssignor, class org.apache.kafka.clients.consumer.CooperativeStickyAssignor]
	receive.buffer.bytes = 65536
	reconnect.backoff.max.ms = 1000
	reconnect.backoff.ms = 50
	request.timeout.ms = 5000
	retry.backoff.max.ms = 1000
	retry.backoff.ms = 100
	sasl.client.callback.handler.class = null
	sasl.jaas.config = null
	sasl.kerberos.kinit.cmd = /usr/bin/kinit
	sasl.kerberos.min.time.before.relogin = 60000
	sasl.kerberos.service.name = null
	sasl.kerberos.ticket.renew.jitter = 0.05
	sasl.kerberos.ticket.renew.window.factor = 0.8
	sasl.login.callback.handler.class = null
	sasl.login.class = null
	sasl.login.connect.timeout.ms = null
	sasl.login.read.timeout.ms = null
	sasl.login.refresh.buffer.seconds = 300
	sasl.login.refresh.min.period.seconds = 60
	sasl.login.refresh.window.factor = 0.8
	sasl.login.refresh.window.jitter = 0.05
	sasl.login.retry.backoff.max.ms = 10000
	sasl.login.retry.backoff.ms = 100
	sasl.mechanism = GSSAPI
	sasl.oauthbearer.clock.skew.seconds = 30
	sasl.oauthbearer.expected.audience = null
	sasl.oauthbearer.expected.issuer = null
	sasl.oauthbearer.header.urlencode = false
	sasl.oauthbearer.jwks.endpoint.refresh.ms = 3600000
	sasl.oauthbearer.jwks.endpoint.retry.backoff.max.ms = 10000
	sasl.oauthbearer.jwks.endpoint.retry.backoff.ms = 100
	sasl.oauthbearer.jwks.endpoint.url = null
	sasl.oauthbearer.scope.claim.name = scope
	sasl.oauthbearer.sub.claim.name = sub
	sasl.oauthbearer.token.endpoint.url = null
	security.protocol = PLAINTEXT
	security.providers = null
	send.buffer.bytes = 131072
	session.timeout.ms = 45000
	socket.connection.setup.timeout.max.ms = 30000
	socket.connection.setup.timeout.ms = 10000
	ssl.cipher.suites = null
	ssl.enabled.protocols = [TLSv1.2, TLSv1.3]
	ssl.endpoint.identification.algorithm = https
	ssl.engine.factory.class = null
	ssl.key.password = null
	ssl.keymanager.algorithm = SunX509
	ssl.keystore.certificate.chain = null
	ssl.keystore.key = null
	ssl.keystore.location = null
	ssl.keystore.password = null
	ssl.keystore.type = JKS
	ssl.protocol = TLSv1.3
	ssl.provider = null
	ssl.secure.random.implementation = null
	ssl.trustmanager.algorithm = PKIX
	ssl.truststore.certificates = null
	ssl.truststore.location = null
	ssl.truststore.password = null
	ssl.truststore.type = JKS
	value.deserializer = class io.apicurio.registry.serde.avro.AvroKafkaDeserializer

2025-07-31 15:31:13,372 INFO  [org.apa.kaf.com.tel.int.KafkaMetricsCollector] (main) initializing Kafka metrics collector
2025-07-31 15:31:13,380 INFO  [org.apa.kaf.cli.con.ConsumerConfig] (main) These configurations '[apicurio.registry.url]' were supplied but are not used yet.
2025-07-31 15:31:13,380 INFO  [org.apa.kaf.com.uti.AppInfoParser] (main) Kafka version: 3.9.0
2025-07-31 15:31:13,380 INFO  [org.apa.kaf.com.uti.AppInfoParser] (main) Kafka commitId: 84caaa6e9da06435
2025-07-31 15:31:13,380 INFO  [org.apa.kaf.com.uti.AppInfoParser] (main) Kafka startTimeMs: 1753975873380
2025-07-31 15:31:13,381 INFO  [org.apa.kaf.cli.con.int.ClassicKafkaConsumer] (Thread-214) [Consumer clientId=consumer-Consumer-topic-7b53cbb9_24dc_465b_b573_a9e832124893-12, groupId=Consumer-topic-7b53cbb9_24dc_465b_b573_a9e832124893] Subscribed to topic(s): topic-7b53cbb9_24dc_465b_b573_a9e832124893
2025-07-31 15:31:13,385 INFO  [org.apa.kaf.cli.Metadata] (Thread-214) [Consumer clientId=consumer-Consumer-topic-7b53cbb9_24dc_465b_b573_a9e832124893-12, groupId=Consumer-topic-7b53cbb9_24dc_465b_b573_a9e832124893] Cluster ID: u8-Iy8eKRM2xsCw1W024xw
2025-07-31 15:31:13,386 INFO  [org.apa.kaf.cli.con.int.ConsumerCoordinator] (Thread-214) [Consumer clientId=consumer-Consumer-topic-7b53cbb9_24dc_465b_b573_a9e832124893-12, groupId=Consumer-topic-7b53cbb9_24dc_465b_b573_a9e832124893] Discovered group coordinator localhost:32770 (id: 2147483647 rack: null)
2025-07-31 15:31:13,387 INFO  [org.apa.kaf.cli.con.int.ConsumerCoordinator] (Thread-214) [Consumer clientId=consumer-Consumer-topic-7b53cbb9_24dc_465b_b573_a9e832124893-12, groupId=Consumer-topic-7b53cbb9_24dc_465b_b573_a9e832124893] (Re-)joining group
2025-07-31 15:31:13,390 INFO  [org.apa.kaf.cli.con.int.ConsumerCoordinator] (Thread-214) [Consumer clientId=consumer-Consumer-topic-7b53cbb9_24dc_465b_b573_a9e832124893-12, groupId=Consumer-topic-7b53cbb9_24dc_465b_b573_a9e832124893] Request joining group due to: need to re-join with the given member-id: consumer-Consumer-topic-7b53cbb9_24dc_465b_b573_a9e832124893-12-82b0a4d9-7bb3-42b4-9302-92cbc48a0bc0
2025-07-31 15:31:13,390 INFO  [org.apa.kaf.cli.con.int.ConsumerCoordinator] (Thread-214) [Consumer clientId=consumer-Consumer-topic-7b53cbb9_24dc_465b_b573_a9e832124893-12, groupId=Consumer-topic-7b53cbb9_24dc_465b_b573_a9e832124893] (Re-)joining group
2025-07-31 15:31:13,393 INFO  [org.apa.kaf.cli.con.int.ConsumerCoordinator] (Thread-214) [Consumer clientId=consumer-Consumer-topic-7b53cbb9_24dc_465b_b573_a9e832124893-12, groupId=Consumer-topic-7b53cbb9_24dc_465b_b573_a9e832124893] Successfully joined group with generation Generation{generationId=5, memberId='consumer-Consumer-topic-7b53cbb9_24dc_465b_b573_a9e832124893-12-82b0a4d9-7bb3-42b4-9302-92cbc48a0bc0', protocol='range'}
2025-07-31 15:31:13,393 INFO  [org.apa.kaf.cli.con.int.ConsumerCoordinator] (Thread-214) [Consumer clientId=consumer-Consumer-topic-7b53cbb9_24dc_465b_b573_a9e832124893-12, groupId=Consumer-topic-7b53cbb9_24dc_465b_b573_a9e832124893] Finished assignment for group at generation 5: {consumer-Consumer-topic-7b53cbb9_24dc_465b_b573_a9e832124893-12-82b0a4d9-7bb3-42b4-9302-92cbc48a0bc0=Assignment(partitions=[topic-7b53cbb9_24dc_465b_b573_a9e832124893-0])}
2025-07-31 15:31:13,395 INFO  [org.apa.kaf.cli.con.int.ConsumerCoordinator] (Thread-214) [Consumer clientId=consumer-Consumer-topic-7b53cbb9_24dc_465b_b573_a9e832124893-12, groupId=Consumer-topic-7b53cbb9_24dc_465b_b573_a9e832124893] Successfully synced group in generation Generation{generationId=5, memberId='consumer-Consumer-topic-7b53cbb9_24dc_465b_b573_a9e832124893-12-82b0a4d9-7bb3-42b4-9302-92cbc48a0bc0', protocol='range'}
2025-07-31 15:31:13,395 INFO  [org.apa.kaf.cli.con.int.ConsumerCoordinator] (Thread-214) [Consumer clientId=consumer-Consumer-topic-7b53cbb9_24dc_465b_b573_a9e832124893-12, groupId=Consumer-topic-7b53cbb9_24dc_465b_b573_a9e832124893] Notifying assignor about the new Assignment(partitions=[topic-7b53cbb9_24dc_465b_b573_a9e832124893-0])
2025-07-31 15:31:13,395 INFO  [org.apa.kaf.cli.con.int.ConsumerRebalanceListenerInvoker] (Thread-214) [Consumer clientId=consumer-Consumer-topic-7b53cbb9_24dc_465b_b573_a9e832124893-12, groupId=Consumer-topic-7b53cbb9_24dc_465b_b573_a9e832124893] Adding newly assigned partitions: topic-7b53cbb9_24dc_465b_b573_a9e832124893-0
2025-07-31 15:31:13,396 INFO  [org.apa.kaf.cli.con.int.ConsumerUtils] (Thread-214) Setting offset for partition topic-7b53cbb9_24dc_465b_b573_a9e832124893-0 to the committed offset FetchPosition{offset=30, offsetEpoch=Optional[0], currentLeader=LeaderAndEpoch{leader=Optional[localhost:32770 (id: 0 rack: null)], epoch=0}}
2025-07-31 15:31:13,609 INFO  [io.api.tes.ser.api.KafkaSerdesTester] (Thread-214) topic-7b53cbb9_24dc_465b_b573_a9e832124893 0 30 {"key11753975868235": "value-0", "key21753975870025": "value-0", "key31753975871973": "value-0"}
2025-07-31 15:31:13,609 INFO  [io.api.tes.ser.api.KafkaSerdesTester] (Thread-214) topic-7b53cbb9_24dc_465b_b573_a9e832124893 0 31 {"key11753975868235": "value-1", "key21753975870025": "value-1", "key31753975871973": "value-1"}
2025-07-31 15:31:13,609 INFO  [io.api.tes.ser.api.KafkaSerdesTester] (Thread-214) topic-7b53cbb9_24dc_465b_b573_a9e832124893 0 32 {"key11753975868235": "value-2", "key21753975870025": "value-2", "key31753975871973": "value-2"}
2025-07-31 15:31:13,609 INFO  [io.api.tes.ser.api.KafkaSerdesTester] (Thread-214) topic-7b53cbb9_24dc_465b_b573_a9e832124893 0 33 {"key11753975868235": "value-3", "key21753975870025": "value-3", "key31753975871973": "value-3"}
2025-07-31 15:31:13,609 INFO  [io.api.tes.ser.api.KafkaSerdesTester] (Thread-214) topic-7b53cbb9_24dc_465b_b573_a9e832124893 0 34 {"key11753975868235": "value-4", "key21753975870025": "value-4", "key31753975871973": "value-4"}
2025-07-31 15:31:13,609 INFO  [io.api.tes.ser.api.KafkaSerdesTester] (Thread-214) topic-7b53cbb9_24dc_465b_b573_a9e832124893 0 35 {"key11753975868235": "value-5", "key21753975870025": "value-5", "key31753975871973": "value-5"}
2025-07-31 15:31:13,609 INFO  [io.api.tes.ser.api.KafkaSerdesTester] (Thread-214) topic-7b53cbb9_24dc_465b_b573_a9e832124893 0 36 {"key11753975868235": "value-6", "key21753975870025": "value-6", "key31753975871973": "value-6"}
2025-07-31 15:31:13,609 INFO  [io.api.tes.ser.api.KafkaSerdesTester] (Thread-214) topic-7b53cbb9_24dc_465b_b573_a9e832124893 0 37 {"key11753975868235": "value-7", "key21753975870025": "value-7", "key31753975871973": "value-7"}
2025-07-31 15:31:13,609 INFO  [io.api.tes.ser.api.KafkaSerdesTester] (Thread-214) topic-7b53cbb9_24dc_465b_b573_a9e832124893 0 38 {"key11753975868235": "value-8", "key21753975870025": "value-8", "key31753975871973": "value-8"}
2025-07-31 15:31:13,609 INFO  [io.api.tes.ser.api.KafkaSerdesTester] (Thread-214) topic-7b53cbb9_24dc_465b_b573_a9e832124893 0 39 {"key11753975868235": "value-9", "key21753975870025": "value-9", "key31753975871973": "value-9"}
2025-07-31 15:31:13,609 INFO  [io.api.tes.ser.api.KafkaSerdesTester] (Thread-214) topic-7b53cbb9_24dc_465b_b573_a9e832124893 0 40 {"key11753975868235": "value-0", "key21753975870025": "value-0"}
2025-07-31 15:31:13,609 INFO  [io.api.tes.ser.api.KafkaSerdesTester] (Thread-214) topic-7b53cbb9_24dc_465b_b573_a9e832124893 0 41 {"key11753975868235": "value-1", "key21753975870025": "value-1"}
2025-07-31 15:31:13,609 INFO  [io.api.tes.ser.api.KafkaSerdesTester] (Thread-214) topic-7b53cbb9_24dc_465b_b573_a9e832124893 0 42 {"key11753975868235": "value-2", "key21753975870025": "value-2"}
2025-07-31 15:31:13,609 INFO  [io.api.tes.ser.api.KafkaSerdesTester] (Thread-214) topic-7b53cbb9_24dc_465b_b573_a9e832124893 0 43 {"key11753975868235": "value-3", "key21753975870025": "value-3"}
2025-07-31 15:31:13,609 INFO  [io.api.tes.ser.api.KafkaSerdesTester] (Thread-214) topic-7b53cbb9_24dc_465b_b573_a9e832124893 0 44 {"key11753975868235": "value-4", "key21753975870025": "value-4"}
2025-07-31 15:31:13,610 INFO  [io.api.tes.ser.api.KafkaSerdesTester] (Thread-214) topic-7b53cbb9_24dc_465b_b573_a9e832124893 0 45 {"key11753975868235": "value-5", "key21753975870025": "value-5"}
2025-07-31 15:31:13,610 INFO  [io.api.tes.ser.api.KafkaSerdesTester] (Thread-214) topic-7b53cbb9_24dc_465b_b573_a9e832124893 0 46 {"key11753975868235": "value-6", "key21753975870025": "value-6"}
2025-07-31 15:31:13,610 INFO  [io.api.tes.ser.api.KafkaSerdesTester] (Thread-214) topic-7b53cbb9_24dc_465b_b573_a9e832124893 0 47 {"key11753975868235": "value-7", "key21753975870025": "value-7"}
2025-07-31 15:31:13,610 INFO  [io.api.tes.ser.api.KafkaSerdesTester] (Thread-214) topic-7b53cbb9_24dc_465b_b573_a9e832124893 0 48 {"key11753975868235": "value-8", "key21753975870025": "value-8"}
2025-07-31 15:31:13,610 INFO  [io.api.tes.ser.api.KafkaSerdesTester] (Thread-214) topic-7b53cbb9_24dc_465b_b573_a9e832124893 0 49 {"key11753975868235": "value-9", "key21753975870025": "value-9"}
2025-07-31 15:31:13,610 INFO  [io.api.tes.ser.api.KafkaSerdesTester] (Thread-214) topic-7b53cbb9_24dc_465b_b573_a9e832124893 0 50 {"key11753975868235": "value-0"}
2025-07-31 15:31:13,610 INFO  [io.api.tes.ser.api.KafkaSerdesTester] (Thread-214) topic-7b53cbb9_24dc_465b_b573_a9e832124893 0 51 {"key11753975868235": "value-1"}
2025-07-31 15:31:13,610 INFO  [io.api.tes.ser.api.KafkaSerdesTester] (Thread-214) topic-7b53cbb9_24dc_465b_b573_a9e832124893 0 52 {"key11753975868235": "value-2"}
2025-07-31 15:31:13,610 INFO  [io.api.tes.ser.api.KafkaSerdesTester] (Thread-214) topic-7b53cbb9_24dc_465b_b573_a9e832124893 0 53 {"key11753975868235": "value-3"}
2025-07-31 15:31:13,610 INFO  [io.api.tes.ser.api.KafkaSerdesTester] (Thread-214) topic-7b53cbb9_24dc_465b_b573_a9e832124893 0 54 {"key11753975868235": "value-4"}
2025-07-31 15:31:13,610 INFO  [io.api.tes.ser.api.KafkaSerdesTester] (Thread-214) topic-7b53cbb9_24dc_465b_b573_a9e832124893 0 55 {"key11753975868235": "value-5"}
2025-07-31 15:31:13,610 INFO  [io.api.tes.ser.api.KafkaSerdesTester] (Thread-214) topic-7b53cbb9_24dc_465b_b573_a9e832124893 0 56 {"key11753975868235": "value-6"}
2025-07-31 15:31:13,610 INFO  [io.api.tes.ser.api.KafkaSerdesTester] (Thread-214) topic-7b53cbb9_24dc_465b_b573_a9e832124893 0 57 {"key11753975868235": "value-7"}
2025-07-31 15:31:13,610 INFO  [io.api.tes.ser.api.KafkaSerdesTester] (Thread-214) topic-7b53cbb9_24dc_465b_b573_a9e832124893 0 58 {"key11753975868235": "value-8"}
2025-07-31 15:31:13,610 INFO  [io.api.tes.ser.api.KafkaSerdesTester] (Thread-214) topic-7b53cbb9_24dc_465b_b573_a9e832124893 0 59 {"key11753975868235": "value-9"}
2025-07-31 15:31:13,610 INFO  [io.api.tes.ser.api.KafkaSerdesTester] (Thread-214) Consumed 30 messages
2025-07-31 15:31:13,612 INFO  [org.apa.kaf.cli.con.int.ConsumerRebalanceListenerInvoker] (Thread-214) [Consumer clientId=consumer-Consumer-topic-7b53cbb9_24dc_465b_b573_a9e832124893-12, groupId=Consumer-topic-7b53cbb9_24dc_465b_b573_a9e832124893] Revoke previously assigned partitions topic-7b53cbb9_24dc_465b_b573_a9e832124893-0
2025-07-31 15:31:13,612 INFO  [org.apa.kaf.cli.con.int.ConsumerCoordinator] (Thread-214) [Consumer clientId=consumer-Consumer-topic-7b53cbb9_24dc_465b_b573_a9e832124893-12, groupId=Consumer-topic-7b53cbb9_24dc_465b_b573_a9e832124893] Member consumer-Consumer-topic-7b53cbb9_24dc_465b_b573_a9e832124893-12-82b0a4d9-7bb3-42b4-9302-92cbc48a0bc0 sending LeaveGroup request to coordinator localhost:32770 (id: 2147483647 rack: null) due to the consumer is being closed
2025-07-31 15:31:13,612 INFO  [org.apa.kaf.cli.con.int.ConsumerCoordinator] (Thread-214) [Consumer clientId=consumer-Consumer-topic-7b53cbb9_24dc_465b_b573_a9e832124893-12, groupId=Consumer-topic-7b53cbb9_24dc_465b_b573_a9e832124893] Resetting generation and member id due to: consumer pro-actively leaving the group
2025-07-31 15:31:13,612 INFO  [org.apa.kaf.cli.con.int.ConsumerCoordinator] (Thread-214) [Consumer clientId=consumer-Consumer-topic-7b53cbb9_24dc_465b_b573_a9e832124893-12, groupId=Consumer-topic-7b53cbb9_24dc_465b_b573_a9e832124893] Request joining group due to: consumer pro-actively leaving the group
2025-07-31 15:31:14,111 INFO  [org.apa.kaf.com.met.Metrics] (Thread-214) Metrics scheduler closed
2025-07-31 15:31:14,111 INFO  [org.apa.kaf.com.met.Metrics] (Thread-214) Closing reporter org.apache.kafka.common.metrics.JmxReporter
2025-07-31 15:31:14,111 INFO  [org.apa.kaf.com.met.Metrics] (Thread-214) Closing reporter org.apache.kafka.common.telemetry.internals.ClientTelemetryReporter
2025-07-31 15:31:14,111 INFO  [org.apa.kaf.com.met.Metrics] (Thread-214) Metrics reporters closed
2025-07-31 15:31:14,113 INFO  [org.apa.kaf.com.uti.AppInfoParser] (Thread-214) App info kafka.consumer for consumer-Consumer-topic-7b53cbb9_24dc_465b_b573_a9e832124893-12 unregistered
2025-07-31 15:31:14,113 INFO  [org.apa.kaf.cli.pro.KafkaProducer] (main) [Producer clientId=Producer-topic-7b53cbb9_24dc_465b_b573_a9e832124893] Closing the Kafka producer with timeoutMillis = 9223372036854775807 ms.
2025-07-31 15:31:14,113 INFO  [org.apa.kaf.com.met.Metrics] (main) Metrics scheduler closed
2025-07-31 15:31:14,113 INFO  [org.apa.kaf.com.met.Metrics] (main) Closing reporter org.apache.kafka.common.metrics.JmxReporter
2025-07-31 15:31:14,113 INFO  [org.apa.kaf.com.met.Metrics] (main) Closing reporter org.apache.kafka.common.telemetry.internals.ClientTelemetryReporter
2025-07-31 15:31:14,113 INFO  [org.apa.kaf.com.met.Metrics] (main) Metrics reporters closed
2025-07-31 15:31:14,113 INFO  [org.apa.kaf.com.uti.AppInfoParser] (main) App info kafka.producer for Producer-topic-7b53cbb9_24dc_465b_b573_a9e832124893 unregistered
2025-07-31 15:31:14,114 INFO  [io.api.tes.uti.TestSeparator] (main) io.apicurio.tests.serdes.apicurio.AvroSerdeIT.testEvolveAvroApicurio-FINISHED
2025-07-31 15:31:14,114 INFO  [io.api.tes.uti.TestSeparator] (main) ############################################################################
]]></system-out>
  </testcase>
  <testcase name="testTopicRecordIdStrategydFindLatest" classname="io.apicurio.tests.serdes.apicurio.AvroSerdeIT" time="1.855">
    <system-out><![CDATA[2025-07-31 15:31:14,115 INFO  [io.api.tes.uti.TestSeparator] (main) ############################################################################
2025-07-31 15:31:14,115 INFO  [io.api.tes.uti.TestSeparator] (main) io.apicurio.tests.serdes.apicurio.AvroSerdeIT.testTopicRecordIdStrategydFindLatest-STARTED
2025-07-31 15:31:14,116 INFO  [io.api.tes.ser.api.AvroSerdeIT] (main) Registering Avro Schema: {"type":"record","name":"s5fb7828exbb99x41f0xa3cex4436a8682d19","namespace":"sb0593f13xa9a0x4732xade8xb5626b423a09","fields":[{"name":"key11753975874115","type":"string"}]}
2025-07-31 15:31:15,198 INFO  [org.apa.kaf.cli.pro.ProducerConfig] (main) ProducerConfig values: 
	acks = -1
	auto.include.jmx.reporter = true
	batch.size = 16384
	bootstrap.servers = [PLAINTEXT://localhost:32770]
	buffer.memory = 33554432
	client.dns.lookup = use_all_dns_ips
	client.id = Producer-topic-505c431d_014c_45b2_8648_c377f7cafb78
	compression.gzip.level = -1
	compression.lz4.level = 9
	compression.type = none
	compression.zstd.level = 3
	connections.max.idle.ms = 10000
	delivery.timeout.ms = 120000
	enable.idempotence = true
	enable.metrics.push = true
	interceptor.classes = []
	key.serializer = class org.apache.kafka.common.serialization.StringSerializer
	linger.ms = 0
	max.block.ms = 60000
	max.in.flight.requests.per.connection = 5
	max.request.size = 1048576
	metadata.max.age.ms = 300000
	metadata.max.idle.ms = 300000
	metadata.recovery.strategy = none
	metric.reporters = []
	metrics.num.samples = 2
	metrics.recording.level = INFO
	metrics.sample.window.ms = 30000
	partitioner.adaptive.partitioning.enable = true
	partitioner.availability.timeout.ms = 0
	partitioner.class = null
	partitioner.ignore.keys = false
	receive.buffer.bytes = 32768
	reconnect.backoff.max.ms = 1000
	reconnect.backoff.ms = 50
	request.timeout.ms = 5000
	retries = 2147483647
	retry.backoff.max.ms = 1000
	retry.backoff.ms = 100
	sasl.client.callback.handler.class = null
	sasl.jaas.config = null
	sasl.kerberos.kinit.cmd = /usr/bin/kinit
	sasl.kerberos.min.time.before.relogin = 60000
	sasl.kerberos.service.name = null
	sasl.kerberos.ticket.renew.jitter = 0.05
	sasl.kerberos.ticket.renew.window.factor = 0.8
	sasl.login.callback.handler.class = null
	sasl.login.class = null
	sasl.login.connect.timeout.ms = null
	sasl.login.read.timeout.ms = null
	sasl.login.refresh.buffer.seconds = 300
	sasl.login.refresh.min.period.seconds = 60
	sasl.login.refresh.window.factor = 0.8
	sasl.login.refresh.window.jitter = 0.05
	sasl.login.retry.backoff.max.ms = 10000
	sasl.login.retry.backoff.ms = 100
	sasl.mechanism = GSSAPI
	sasl.oauthbearer.clock.skew.seconds = 30
	sasl.oauthbearer.expected.audience = null
	sasl.oauthbearer.expected.issuer = null
	sasl.oauthbearer.header.urlencode = false
	sasl.oauthbearer.jwks.endpoint.refresh.ms = 3600000
	sasl.oauthbearer.jwks.endpoint.retry.backoff.max.ms = 10000
	sasl.oauthbearer.jwks.endpoint.retry.backoff.ms = 100
	sasl.oauthbearer.jwks.endpoint.url = null
	sasl.oauthbearer.scope.claim.name = scope
	sasl.oauthbearer.sub.claim.name = sub
	sasl.oauthbearer.token.endpoint.url = null
	security.protocol = PLAINTEXT
	security.providers = null
	send.buffer.bytes = 131072
	socket.connection.setup.timeout.max.ms = 30000
	socket.connection.setup.timeout.ms = 10000
	ssl.cipher.suites = null
	ssl.enabled.protocols = [TLSv1.2, TLSv1.3]
	ssl.endpoint.identification.algorithm = https
	ssl.engine.factory.class = null
	ssl.key.password = null
	ssl.keymanager.algorithm = SunX509
	ssl.keystore.certificate.chain = null
	ssl.keystore.key = null
	ssl.keystore.location = null
	ssl.keystore.password = null
	ssl.keystore.type = JKS
	ssl.protocol = TLSv1.3
	ssl.provider = null
	ssl.secure.random.implementation = null
	ssl.trustmanager.algorithm = PKIX
	ssl.truststore.certificates = null
	ssl.truststore.location = null
	ssl.truststore.password = null
	ssl.truststore.type = JKS
	transaction.timeout.ms = 60000
	transactional.id = null
	value.serializer = class io.apicurio.registry.serde.avro.AvroKafkaSerializer

2025-07-31 15:31:15,198 INFO  [org.apa.kaf.com.tel.int.KafkaMetricsCollector] (main) initializing Kafka metrics collector
2025-07-31 15:31:15,202 INFO  [org.apa.kaf.cli.pro.KafkaProducer] (main) [Producer clientId=Producer-topic-505c431d_014c_45b2_8648_c377f7cafb78] Instantiated an idempotent producer.
2025-07-31 15:31:15,203 INFO  [org.apa.kaf.cli.pro.ProducerConfig] (main) These configurations '[apicurio.registry.find-latest, apicurio.registry.url, apicurio.registry.artifact-resolver-strategy]' were supplied but are not used yet.
2025-07-31 15:31:15,203 INFO  [org.apa.kaf.com.uti.AppInfoParser] (main) Kafka version: 3.9.0
2025-07-31 15:31:15,203 INFO  [org.apa.kaf.com.uti.AppInfoParser] (main) Kafka commitId: 84caaa6e9da06435
2025-07-31 15:31:15,203 INFO  [org.apa.kaf.com.uti.AppInfoParser] (main) Kafka startTimeMs: 1753975875203
2025-07-31 15:31:15,203 INFO  [io.api.tes.ser.api.SimpleSerdesTesterBuilder$SimpleSerdesTester] (main) Using producer configuration: {apicurio.registry.find-latest=true, apicurio.registry.url=http://registry-app-mysql.apps.ci419.apicurio-testing.org:80/apis/registry/v3, apicurio.registry.artifact-resolver-strategy=io.apicurio.registry.serde.avro.strategy.TopicRecordIdStrategy, value.serializer=io.apicurio.registry.serde.avro.AvroKafkaSerializer, request.timeout.ms=5000, acks=all, bootstrap.servers=PLAINTEXT://localhost:32770, connections.max.idle.ms=10000, key.serializer=org.apache.kafka.common.serialization.StringSerializer, client.id=Producer-topic-505c431d_014c_45b2_8648_c377f7cafb78}
2025-07-31 15:31:15,204 INFO  [io.api.tes.ser.api.SimpleSerdesTesterBuilder$SimpleSerdesTester] (main) Using consumer configuration: {}
2025-07-31 15:31:15,205 INFO  [io.api.tes.ser.api.KafkaSerdesTester] (Thread-217) Sending message {"key11753975874115": "value-0"} to topic topic-505c431d_014c_45b2_8648_c377f7cafb78
2025-07-31 15:31:15,207 INFO  [org.apa.kaf.cli.Metadata] (kafka-producer-network-thread | Producer-topic-505c431d_014c_45b2_8648_c377f7cafb78) [Producer clientId=Producer-topic-505c431d_014c_45b2_8648_c377f7cafb78] Cluster ID: u8-Iy8eKRM2xsCw1W024xw
2025-07-31 15:31:15,207 INFO  [org.apa.kaf.cli.pro.int.TransactionManager] (kafka-producer-network-thread | Producer-topic-505c431d_014c_45b2_8648_c377f7cafb78) [Producer clientId=Producer-topic-505c431d_014c_45b2_8648_c377f7cafb78] ProducerId set to 18 with epoch 0
2025-07-31 15:31:15,333 INFO  [io.api.tes.ser.api.KafkaSerdesTester] (Thread-217) Sending message {"key11753975874115": "value-1"} to topic topic-505c431d_014c_45b2_8648_c377f7cafb78
2025-07-31 15:31:15,334 INFO  [io.api.tes.ser.api.KafkaSerdesTester] (Thread-217) Sending message {"key11753975874115": "value-2"} to topic topic-505c431d_014c_45b2_8648_c377f7cafb78
2025-07-31 15:31:15,336 INFO  [io.api.tes.ser.api.KafkaSerdesTester] (Thread-217) Sending message {"key11753975874115": "value-3"} to topic topic-505c431d_014c_45b2_8648_c377f7cafb78
2025-07-31 15:31:15,337 INFO  [io.api.tes.ser.api.KafkaSerdesTester] (Thread-217) Sending message {"key11753975874115": "value-4"} to topic topic-505c431d_014c_45b2_8648_c377f7cafb78
2025-07-31 15:31:15,338 INFO  [io.api.tes.ser.api.KafkaSerdesTester] (Thread-217) Sending message {"key11753975874115": "value-5"} to topic topic-505c431d_014c_45b2_8648_c377f7cafb78
2025-07-31 15:31:15,339 INFO  [io.api.tes.ser.api.KafkaSerdesTester] (Thread-217) Sending message {"key11753975874115": "value-6"} to topic topic-505c431d_014c_45b2_8648_c377f7cafb78
2025-07-31 15:31:15,341 INFO  [io.api.tes.ser.api.KafkaSerdesTester] (Thread-217) Sending message {"key11753975874115": "value-7"} to topic topic-505c431d_014c_45b2_8648_c377f7cafb78
2025-07-31 15:31:15,342 INFO  [io.api.tes.ser.api.KafkaSerdesTester] (Thread-217) Sending message {"key11753975874115": "value-8"} to topic topic-505c431d_014c_45b2_8648_c377f7cafb78
2025-07-31 15:31:15,343 INFO  [io.api.tes.ser.api.KafkaSerdesTester] (Thread-217) Sending message {"key11753975874115": "value-9"} to topic topic-505c431d_014c_45b2_8648_c377f7cafb78
2025-07-31 15:31:15,344 INFO  [io.api.tes.ser.api.KafkaSerdesTester] (Thread-217) Produced 10 messages
2025-07-31 15:31:15,344 INFO  [org.apa.kaf.cli.pro.KafkaProducer] (Thread-217) [Producer clientId=Producer-topic-505c431d_014c_45b2_8648_c377f7cafb78] Closing the Kafka producer with timeoutMillis = 9223372036854775807 ms.
2025-07-31 15:31:15,345 INFO  [org.apa.kaf.com.met.Metrics] (Thread-217) Metrics scheduler closed
2025-07-31 15:31:15,345 INFO  [org.apa.kaf.com.met.Metrics] (Thread-217) Closing reporter org.apache.kafka.common.metrics.JmxReporter
2025-07-31 15:31:15,345 INFO  [org.apa.kaf.com.met.Metrics] (Thread-217) Closing reporter org.apache.kafka.common.telemetry.internals.ClientTelemetryReporter
2025-07-31 15:31:15,346 INFO  [org.apa.kaf.com.met.Metrics] (Thread-217) Metrics reporters closed
2025-07-31 15:31:15,346 INFO  [org.apa.kaf.com.uti.AppInfoParser] (Thread-217) App info kafka.producer for Producer-topic-505c431d_014c_45b2_8648_c377f7cafb78 unregistered
2025-07-31 15:31:15,346 INFO  [org.apa.kaf.cli.con.ConsumerConfig] (main) ConsumerConfig values: 
	allow.auto.create.topics = true
	auto.commit.interval.ms = 500
	auto.include.jmx.reporter = true
	auto.offset.reset = earliest
	bootstrap.servers = [PLAINTEXT://localhost:32770]
	check.crcs = true
	client.dns.lookup = use_all_dns_ips
	client.id = consumer-Consumer-topic-505c431d_014c_45b2_8648_c377f7cafb78-13
	client.rack = 
	connections.max.idle.ms = 10000
	default.api.timeout.ms = 60000
	enable.auto.commit = true
	enable.metrics.push = true
	exclude.internal.topics = true
	fetch.max.bytes = 52428800
	fetch.max.wait.ms = 500
	fetch.min.bytes = 1
	group.id = Consumer-topic-505c431d_014c_45b2_8648_c377f7cafb78
	group.instance.id = null
	group.protocol = classic
	group.remote.assignor = null
	heartbeat.interval.ms = 3000
	interceptor.classes = []
	internal.leave.group.on.close = true
	internal.throw.on.fetch.stable.offset.unsupported = false
	isolation.level = read_uncommitted
	key.deserializer = class org.apache.kafka.common.serialization.StringDeserializer
	max.partition.fetch.bytes = 1048576
	max.poll.interval.ms = 300000
	max.poll.records = 500
	metadata.max.age.ms = 300000
	metadata.recovery.strategy = none
	metric.reporters = []
	metrics.num.samples = 2
	metrics.recording.level = INFO
	metrics.sample.window.ms = 30000
	partition.assignment.strategy = [class org.apache.kafka.clients.consumer.RangeAssignor, class org.apache.kafka.clients.consumer.CooperativeStickyAssignor]
	receive.buffer.bytes = 65536
	reconnect.backoff.max.ms = 1000
	reconnect.backoff.ms = 50
	request.timeout.ms = 5000
	retry.backoff.max.ms = 1000
	retry.backoff.ms = 100
	sasl.client.callback.handler.class = null
	sasl.jaas.config = null
	sasl.kerberos.kinit.cmd = /usr/bin/kinit
	sasl.kerberos.min.time.before.relogin = 60000
	sasl.kerberos.service.name = null
	sasl.kerberos.ticket.renew.jitter = 0.05
	sasl.kerberos.ticket.renew.window.factor = 0.8
	sasl.login.callback.handler.class = null
	sasl.login.class = null
	sasl.login.connect.timeout.ms = null
	sasl.login.read.timeout.ms = null
	sasl.login.refresh.buffer.seconds = 300
	sasl.login.refresh.min.period.seconds = 60
	sasl.login.refresh.window.factor = 0.8
	sasl.login.refresh.window.jitter = 0.05
	sasl.login.retry.backoff.max.ms = 10000
	sasl.login.retry.backoff.ms = 100
	sasl.mechanism = GSSAPI
	sasl.oauthbearer.clock.skew.seconds = 30
	sasl.oauthbearer.expected.audience = null
	sasl.oauthbearer.expected.issuer = null
	sasl.oauthbearer.header.urlencode = false
	sasl.oauthbearer.jwks.endpoint.refresh.ms = 3600000
	sasl.oauthbearer.jwks.endpoint.retry.backoff.max.ms = 10000
	sasl.oauthbearer.jwks.endpoint.retry.backoff.ms = 100
	sasl.oauthbearer.jwks.endpoint.url = null
	sasl.oauthbearer.scope.claim.name = scope
	sasl.oauthbearer.sub.claim.name = sub
	sasl.oauthbearer.token.endpoint.url = null
	security.protocol = PLAINTEXT
	security.providers = null
	send.buffer.bytes = 131072
	session.timeout.ms = 45000
	socket.connection.setup.timeout.max.ms = 30000
	socket.connection.setup.timeout.ms = 10000
	ssl.cipher.suites = null
	ssl.enabled.protocols = [TLSv1.2, TLSv1.3]
	ssl.endpoint.identification.algorithm = https
	ssl.engine.factory.class = null
	ssl.key.password = null
	ssl.keymanager.algorithm = SunX509
	ssl.keystore.certificate.chain = null
	ssl.keystore.key = null
	ssl.keystore.location = null
	ssl.keystore.password = null
	ssl.keystore.type = JKS
	ssl.protocol = TLSv1.3
	ssl.provider = null
	ssl.secure.random.implementation = null
	ssl.trustmanager.algorithm = PKIX
	ssl.truststore.certificates = null
	ssl.truststore.location = null
	ssl.truststore.password = null
	ssl.truststore.type = JKS
	value.deserializer = class io.apicurio.registry.serde.avro.AvroKafkaDeserializer

2025-07-31 15:31:15,347 INFO  [org.apa.kaf.com.tel.int.KafkaMetricsCollector] (main) initializing Kafka metrics collector
2025-07-31 15:31:15,353 INFO  [org.apa.kaf.cli.con.ConsumerConfig] (main) These configurations '[apicurio.registry.url]' were supplied but are not used yet.
2025-07-31 15:31:15,353 INFO  [org.apa.kaf.com.uti.AppInfoParser] (main) Kafka version: 3.9.0
2025-07-31 15:31:15,353 INFO  [org.apa.kaf.com.uti.AppInfoParser] (main) Kafka commitId: 84caaa6e9da06435
2025-07-31 15:31:15,353 INFO  [org.apa.kaf.com.uti.AppInfoParser] (main) Kafka startTimeMs: 1753975875353
2025-07-31 15:31:15,353 INFO  [org.apa.kaf.cli.con.int.ClassicKafkaConsumer] (Thread-220) [Consumer clientId=consumer-Consumer-topic-505c431d_014c_45b2_8648_c377f7cafb78-13, groupId=Consumer-topic-505c431d_014c_45b2_8648_c377f7cafb78] Subscribed to topic(s): topic-505c431d_014c_45b2_8648_c377f7cafb78
2025-07-31 15:31:15,356 INFO  [org.apa.kaf.cli.Metadata] (Thread-220) [Consumer clientId=consumer-Consumer-topic-505c431d_014c_45b2_8648_c377f7cafb78-13, groupId=Consumer-topic-505c431d_014c_45b2_8648_c377f7cafb78] Cluster ID: u8-Iy8eKRM2xsCw1W024xw
2025-07-31 15:31:15,356 INFO  [org.apa.kaf.cli.con.int.ConsumerCoordinator] (Thread-220) [Consumer clientId=consumer-Consumer-topic-505c431d_014c_45b2_8648_c377f7cafb78-13, groupId=Consumer-topic-505c431d_014c_45b2_8648_c377f7cafb78] Discovered group coordinator localhost:32770 (id: 2147483647 rack: null)
2025-07-31 15:31:15,357 INFO  [org.apa.kaf.cli.con.int.ConsumerCoordinator] (Thread-220) [Consumer clientId=consumer-Consumer-topic-505c431d_014c_45b2_8648_c377f7cafb78-13, groupId=Consumer-topic-505c431d_014c_45b2_8648_c377f7cafb78] (Re-)joining group
2025-07-31 15:31:15,360 INFO  [org.apa.kaf.cli.con.int.ConsumerCoordinator] (Thread-220) [Consumer clientId=consumer-Consumer-topic-505c431d_014c_45b2_8648_c377f7cafb78-13, groupId=Consumer-topic-505c431d_014c_45b2_8648_c377f7cafb78] Request joining group due to: need to re-join with the given member-id: consumer-Consumer-topic-505c431d_014c_45b2_8648_c377f7cafb78-13-8a9f5028-1fda-4c93-96ce-09edb12975e5
2025-07-31 15:31:15,361 INFO  [org.apa.kaf.cli.con.int.ConsumerCoordinator] (Thread-220) [Consumer clientId=consumer-Consumer-topic-505c431d_014c_45b2_8648_c377f7cafb78-13, groupId=Consumer-topic-505c431d_014c_45b2_8648_c377f7cafb78] (Re-)joining group
2025-07-31 15:31:15,370 INFO  [org.apa.kaf.cli.con.int.ConsumerCoordinator] (Thread-220) [Consumer clientId=consumer-Consumer-topic-505c431d_014c_45b2_8648_c377f7cafb78-13, groupId=Consumer-topic-505c431d_014c_45b2_8648_c377f7cafb78] Successfully joined group with generation Generation{generationId=1, memberId='consumer-Consumer-topic-505c431d_014c_45b2_8648_c377f7cafb78-13-8a9f5028-1fda-4c93-96ce-09edb12975e5', protocol='range'}
2025-07-31 15:31:15,370 INFO  [org.apa.kaf.cli.con.int.ConsumerCoordinator] (Thread-220) [Consumer clientId=consumer-Consumer-topic-505c431d_014c_45b2_8648_c377f7cafb78-13, groupId=Consumer-topic-505c431d_014c_45b2_8648_c377f7cafb78] Finished assignment for group at generation 1: {consumer-Consumer-topic-505c431d_014c_45b2_8648_c377f7cafb78-13-8a9f5028-1fda-4c93-96ce-09edb12975e5=Assignment(partitions=[topic-505c431d_014c_45b2_8648_c377f7cafb78-0])}
2025-07-31 15:31:15,374 INFO  [org.apa.kaf.cli.con.int.ConsumerCoordinator] (Thread-220) [Consumer clientId=consumer-Consumer-topic-505c431d_014c_45b2_8648_c377f7cafb78-13, groupId=Consumer-topic-505c431d_014c_45b2_8648_c377f7cafb78] Successfully synced group in generation Generation{generationId=1, memberId='consumer-Consumer-topic-505c431d_014c_45b2_8648_c377f7cafb78-13-8a9f5028-1fda-4c93-96ce-09edb12975e5', protocol='range'}
2025-07-31 15:31:15,374 INFO  [org.apa.kaf.cli.con.int.ConsumerCoordinator] (Thread-220) [Consumer clientId=consumer-Consumer-topic-505c431d_014c_45b2_8648_c377f7cafb78-13, groupId=Consumer-topic-505c431d_014c_45b2_8648_c377f7cafb78] Notifying assignor about the new Assignment(partitions=[topic-505c431d_014c_45b2_8648_c377f7cafb78-0])
2025-07-31 15:31:15,374 INFO  [org.apa.kaf.cli.con.int.ConsumerRebalanceListenerInvoker] (Thread-220) [Consumer clientId=consumer-Consumer-topic-505c431d_014c_45b2_8648_c377f7cafb78-13, groupId=Consumer-topic-505c431d_014c_45b2_8648_c377f7cafb78] Adding newly assigned partitions: topic-505c431d_014c_45b2_8648_c377f7cafb78-0
2025-07-31 15:31:15,375 INFO  [org.apa.kaf.cli.con.int.ConsumerCoordinator] (Thread-220) [Consumer clientId=consumer-Consumer-topic-505c431d_014c_45b2_8648_c377f7cafb78-13, groupId=Consumer-topic-505c431d_014c_45b2_8648_c377f7cafb78] Found no committed offset for partition topic-505c431d_014c_45b2_8648_c377f7cafb78-0
2025-07-31 15:31:15,382 INFO  [org.apa.kaf.cli.con.int.SubscriptionState] (Thread-220) [Consumer clientId=consumer-Consumer-topic-505c431d_014c_45b2_8648_c377f7cafb78-13, groupId=Consumer-topic-505c431d_014c_45b2_8648_c377f7cafb78] Resetting offset for partition topic-505c431d_014c_45b2_8648_c377f7cafb78-0 to position FetchPosition{offset=0, offsetEpoch=Optional.empty, currentLeader=LeaderAndEpoch{leader=Optional[localhost:32770 (id: 0 rack: null)], epoch=0}}.
2025-07-31 15:31:15,464 INFO  [io.api.tes.ser.api.KafkaSerdesTester] (Thread-220) topic-505c431d_014c_45b2_8648_c377f7cafb78 0 0 {"key11753975874115": "value-0"}
2025-07-31 15:31:15,464 INFO  [io.api.tes.ser.api.KafkaSerdesTester] (Thread-220) topic-505c431d_014c_45b2_8648_c377f7cafb78 0 1 {"key11753975874115": "value-1"}
2025-07-31 15:31:15,464 INFO  [io.api.tes.ser.api.KafkaSerdesTester] (Thread-220) topic-505c431d_014c_45b2_8648_c377f7cafb78 0 2 {"key11753975874115": "value-2"}
2025-07-31 15:31:15,464 INFO  [io.api.tes.ser.api.KafkaSerdesTester] (Thread-220) topic-505c431d_014c_45b2_8648_c377f7cafb78 0 3 {"key11753975874115": "value-3"}
2025-07-31 15:31:15,464 INFO  [io.api.tes.ser.api.KafkaSerdesTester] (Thread-220) topic-505c431d_014c_45b2_8648_c377f7cafb78 0 4 {"key11753975874115": "value-4"}
2025-07-31 15:31:15,464 INFO  [io.api.tes.ser.api.KafkaSerdesTester] (Thread-220) topic-505c431d_014c_45b2_8648_c377f7cafb78 0 5 {"key11753975874115": "value-5"}
2025-07-31 15:31:15,464 INFO  [io.api.tes.ser.api.KafkaSerdesTester] (Thread-220) topic-505c431d_014c_45b2_8648_c377f7cafb78 0 6 {"key11753975874115": "value-6"}
2025-07-31 15:31:15,464 INFO  [io.api.tes.ser.api.KafkaSerdesTester] (Thread-220) topic-505c431d_014c_45b2_8648_c377f7cafb78 0 7 {"key11753975874115": "value-7"}
2025-07-31 15:31:15,464 INFO  [io.api.tes.ser.api.KafkaSerdesTester] (Thread-220) topic-505c431d_014c_45b2_8648_c377f7cafb78 0 8 {"key11753975874115": "value-8"}
2025-07-31 15:31:15,464 INFO  [io.api.tes.ser.api.KafkaSerdesTester] (Thread-220) topic-505c431d_014c_45b2_8648_c377f7cafb78 0 9 {"key11753975874115": "value-9"}
2025-07-31 15:31:15,464 INFO  [io.api.tes.ser.api.KafkaSerdesTester] (Thread-220) Consumed 10 messages
2025-07-31 15:31:15,466 INFO  [org.apa.kaf.cli.con.int.ConsumerRebalanceListenerInvoker] (Thread-220) [Consumer clientId=consumer-Consumer-topic-505c431d_014c_45b2_8648_c377f7cafb78-13, groupId=Consumer-topic-505c431d_014c_45b2_8648_c377f7cafb78] Revoke previously assigned partitions topic-505c431d_014c_45b2_8648_c377f7cafb78-0
2025-07-31 15:31:15,466 INFO  [org.apa.kaf.cli.con.int.ConsumerCoordinator] (Thread-220) [Consumer clientId=consumer-Consumer-topic-505c431d_014c_45b2_8648_c377f7cafb78-13, groupId=Consumer-topic-505c431d_014c_45b2_8648_c377f7cafb78] Member consumer-Consumer-topic-505c431d_014c_45b2_8648_c377f7cafb78-13-8a9f5028-1fda-4c93-96ce-09edb12975e5 sending LeaveGroup request to coordinator localhost:32770 (id: 2147483647 rack: null) due to the consumer is being closed
2025-07-31 15:31:15,466 INFO  [org.apa.kaf.cli.con.int.ConsumerCoordinator] (Thread-220) [Consumer clientId=consumer-Consumer-topic-505c431d_014c_45b2_8648_c377f7cafb78-13, groupId=Consumer-topic-505c431d_014c_45b2_8648_c377f7cafb78] Resetting generation and member id due to: consumer pro-actively leaving the group
2025-07-31 15:31:15,466 INFO  [org.apa.kaf.cli.con.int.ConsumerCoordinator] (Thread-220) [Consumer clientId=consumer-Consumer-topic-505c431d_014c_45b2_8648_c377f7cafb78-13, groupId=Consumer-topic-505c431d_014c_45b2_8648_c377f7cafb78] Request joining group due to: consumer pro-actively leaving the group
2025-07-31 15:31:15,966 INFO  [org.apa.kaf.com.met.Metrics] (Thread-220) Metrics scheduler closed
2025-07-31 15:31:15,966 INFO  [org.apa.kaf.com.met.Metrics] (Thread-220) Closing reporter org.apache.kafka.common.metrics.JmxReporter
2025-07-31 15:31:15,966 INFO  [org.apa.kaf.com.met.Metrics] (Thread-220) Closing reporter org.apache.kafka.common.telemetry.internals.ClientTelemetryReporter
2025-07-31 15:31:15,966 INFO  [org.apa.kaf.com.met.Metrics] (Thread-220) Metrics reporters closed
2025-07-31 15:31:15,968 INFO  [org.apa.kaf.com.uti.AppInfoParser] (Thread-220) App info kafka.consumer for consumer-Consumer-topic-505c431d_014c_45b2_8648_c377f7cafb78-13 unregistered
2025-07-31 15:31:15,969 INFO  [io.api.tes.uti.TestSeparator] (main) io.apicurio.tests.serdes.apicurio.AvroSerdeIT.testTopicRecordIdStrategydFindLatest-FINISHED
2025-07-31 15:31:15,969 INFO  [io.api.tes.uti.TestSeparator] (main) ############################################################################
]]></system-out>
  </testcase>
  <testcase name="testAvroConfluentForMultipleTopics" classname="io.apicurio.tests.serdes.apicurio.AvroSerdeIT" time="3.184">
    <system-out><![CDATA[2025-07-31 15:31:15,972 INFO  [io.api.tes.uti.TestSeparator] (main) ############################################################################
2025-07-31 15:31:15,972 INFO  [io.api.tes.uti.TestSeparator] (main) io.apicurio.tests.serdes.apicurio.AvroSerdeIT.testAvroConfluentForMultipleTopics-STARTED
2025-07-31 15:31:15,975 INFO  [io.api.tes.ser.api.AvroSerdeIT] (main) Registering Avro Schema: {"type":"record","name":"myrecordconfluent","fields":[{"name":"key11753975875973","type":"string"}]}
2025-07-31 15:31:17,051 INFO  [org.apa.kaf.cli.pro.ProducerConfig] (main) ProducerConfig values: 
	acks = -1
	auto.include.jmx.reporter = true
	batch.size = 16384
	bootstrap.servers = [PLAINTEXT://localhost:32770]
	buffer.memory = 33554432
	client.dns.lookup = use_all_dns_ips
	client.id = Producer-topic-2e2f54dc_cdeb_48ff_945f_a025d569b543
	compression.gzip.level = -1
	compression.lz4.level = 9
	compression.type = none
	compression.zstd.level = 3
	connections.max.idle.ms = 10000
	delivery.timeout.ms = 120000
	enable.idempotence = true
	enable.metrics.push = true
	interceptor.classes = []
	key.serializer = class org.apache.kafka.common.serialization.StringSerializer
	linger.ms = 0
	max.block.ms = 60000
	max.in.flight.requests.per.connection = 5
	max.request.size = 1048576
	metadata.max.age.ms = 300000
	metadata.max.idle.ms = 300000
	metadata.recovery.strategy = none
	metric.reporters = []
	metrics.num.samples = 2
	metrics.recording.level = INFO
	metrics.sample.window.ms = 30000
	partitioner.adaptive.partitioning.enable = true
	partitioner.availability.timeout.ms = 0
	partitioner.class = null
	partitioner.ignore.keys = false
	receive.buffer.bytes = 32768
	reconnect.backoff.max.ms = 1000
	reconnect.backoff.ms = 50
	request.timeout.ms = 5000
	retries = 2147483647
	retry.backoff.max.ms = 1000
	retry.backoff.ms = 100
	sasl.client.callback.handler.class = null
	sasl.jaas.config = null
	sasl.kerberos.kinit.cmd = /usr/bin/kinit
	sasl.kerberos.min.time.before.relogin = 60000
	sasl.kerberos.service.name = null
	sasl.kerberos.ticket.renew.jitter = 0.05
	sasl.kerberos.ticket.renew.window.factor = 0.8
	sasl.login.callback.handler.class = null
	sasl.login.class = null
	sasl.login.connect.timeout.ms = null
	sasl.login.read.timeout.ms = null
	sasl.login.refresh.buffer.seconds = 300
	sasl.login.refresh.min.period.seconds = 60
	sasl.login.refresh.window.factor = 0.8
	sasl.login.refresh.window.jitter = 0.05
	sasl.login.retry.backoff.max.ms = 10000
	sasl.login.retry.backoff.ms = 100
	sasl.mechanism = GSSAPI
	sasl.oauthbearer.clock.skew.seconds = 30
	sasl.oauthbearer.expected.audience = null
	sasl.oauthbearer.expected.issuer = null
	sasl.oauthbearer.header.urlencode = false
	sasl.oauthbearer.jwks.endpoint.refresh.ms = 3600000
	sasl.oauthbearer.jwks.endpoint.retry.backoff.max.ms = 10000
	sasl.oauthbearer.jwks.endpoint.retry.backoff.ms = 100
	sasl.oauthbearer.jwks.endpoint.url = null
	sasl.oauthbearer.scope.claim.name = scope
	sasl.oauthbearer.sub.claim.name = sub
	sasl.oauthbearer.token.endpoint.url = null
	security.protocol = PLAINTEXT
	security.providers = null
	send.buffer.bytes = 131072
	socket.connection.setup.timeout.max.ms = 30000
	socket.connection.setup.timeout.ms = 10000
	ssl.cipher.suites = null
	ssl.enabled.protocols = [TLSv1.2, TLSv1.3]
	ssl.endpoint.identification.algorithm = https
	ssl.engine.factory.class = null
	ssl.key.password = null
	ssl.keymanager.algorithm = SunX509
	ssl.keystore.certificate.chain = null
	ssl.keystore.key = null
	ssl.keystore.location = null
	ssl.keystore.password = null
	ssl.keystore.type = JKS
	ssl.protocol = TLSv1.3
	ssl.provider = null
	ssl.secure.random.implementation = null
	ssl.trustmanager.algorithm = PKIX
	ssl.truststore.certificates = null
	ssl.truststore.location = null
	ssl.truststore.password = null
	ssl.truststore.type = JKS
	transaction.timeout.ms = 60000
	transactional.id = null
	value.serializer = class io.apicurio.registry.serde.avro.AvroKafkaSerializer

2025-07-31 15:31:17,051 INFO  [org.apa.kaf.com.tel.int.KafkaMetricsCollector] (main) initializing Kafka metrics collector
2025-07-31 15:31:17,055 INFO  [org.apa.kaf.cli.pro.KafkaProducer] (main) [Producer clientId=Producer-topic-2e2f54dc_cdeb_48ff_945f_a025d569b543] Instantiated an idempotent producer.
2025-07-31 15:31:17,056 INFO  [org.apa.kaf.cli.pro.ProducerConfig] (main) These configurations '[apicurio.registry.url, apicurio.registry.artifact-resolver-strategy]' were supplied but are not used yet.
2025-07-31 15:31:17,056 INFO  [org.apa.kaf.com.uti.AppInfoParser] (main) Kafka version: 3.9.0
2025-07-31 15:31:17,056 INFO  [org.apa.kaf.com.uti.AppInfoParser] (main) Kafka commitId: 84caaa6e9da06435
2025-07-31 15:31:17,056 INFO  [org.apa.kaf.com.uti.AppInfoParser] (main) Kafka startTimeMs: 1753975877056
2025-07-31 15:31:17,057 INFO  [org.apa.kaf.cli.pro.ProducerConfig] (main) ProducerConfig values: 
	acks = -1
	auto.include.jmx.reporter = true
	batch.size = 16384
	bootstrap.servers = [PLAINTEXT://localhost:32770]
	buffer.memory = 33554432
	client.dns.lookup = use_all_dns_ips
	client.id = Producer-topic-f9031d9e_a20f_44c8_8a7c_c6c3df655427
	compression.gzip.level = -1
	compression.lz4.level = 9
	compression.type = none
	compression.zstd.level = 3
	connections.max.idle.ms = 10000
	delivery.timeout.ms = 120000
	enable.idempotence = true
	enable.metrics.push = true
	interceptor.classes = []
	key.serializer = class org.apache.kafka.common.serialization.StringSerializer
	linger.ms = 0
	max.block.ms = 60000
	max.in.flight.requests.per.connection = 5
	max.request.size = 1048576
	metadata.max.age.ms = 300000
	metadata.max.idle.ms = 300000
	metadata.recovery.strategy = none
	metric.reporters = []
	metrics.num.samples = 2
	metrics.recording.level = INFO
	metrics.sample.window.ms = 30000
	partitioner.adaptive.partitioning.enable = true
	partitioner.availability.timeout.ms = 0
	partitioner.class = null
	partitioner.ignore.keys = false
	receive.buffer.bytes = 32768
	reconnect.backoff.max.ms = 1000
	reconnect.backoff.ms = 50
	request.timeout.ms = 5000
	retries = 2147483647
	retry.backoff.max.ms = 1000
	retry.backoff.ms = 100
	sasl.client.callback.handler.class = null
	sasl.jaas.config = null
	sasl.kerberos.kinit.cmd = /usr/bin/kinit
	sasl.kerberos.min.time.before.relogin = 60000
	sasl.kerberos.service.name = null
	sasl.kerberos.ticket.renew.jitter = 0.05
	sasl.kerberos.ticket.renew.window.factor = 0.8
	sasl.login.callback.handler.class = null
	sasl.login.class = null
	sasl.login.connect.timeout.ms = null
	sasl.login.read.timeout.ms = null
	sasl.login.refresh.buffer.seconds = 300
	sasl.login.refresh.min.period.seconds = 60
	sasl.login.refresh.window.factor = 0.8
	sasl.login.refresh.window.jitter = 0.05
	sasl.login.retry.backoff.max.ms = 10000
	sasl.login.retry.backoff.ms = 100
	sasl.mechanism = GSSAPI
	sasl.oauthbearer.clock.skew.seconds = 30
	sasl.oauthbearer.expected.audience = null
	sasl.oauthbearer.expected.issuer = null
	sasl.oauthbearer.header.urlencode = false
	sasl.oauthbearer.jwks.endpoint.refresh.ms = 3600000
	sasl.oauthbearer.jwks.endpoint.retry.backoff.max.ms = 10000
	sasl.oauthbearer.jwks.endpoint.retry.backoff.ms = 100
	sasl.oauthbearer.jwks.endpoint.url = null
	sasl.oauthbearer.scope.claim.name = scope
	sasl.oauthbearer.sub.claim.name = sub
	sasl.oauthbearer.token.endpoint.url = null
	security.protocol = PLAINTEXT
	security.providers = null
	send.buffer.bytes = 131072
	socket.connection.setup.timeout.max.ms = 30000
	socket.connection.setup.timeout.ms = 10000
	ssl.cipher.suites = null
	ssl.enabled.protocols = [TLSv1.2, TLSv1.3]
	ssl.endpoint.identification.algorithm = https
	ssl.engine.factory.class = null
	ssl.key.password = null
	ssl.keymanager.algorithm = SunX509
	ssl.keystore.certificate.chain = null
	ssl.keystore.key = null
	ssl.keystore.location = null
	ssl.keystore.password = null
	ssl.keystore.type = JKS
	ssl.protocol = TLSv1.3
	ssl.provider = null
	ssl.secure.random.implementation = null
	ssl.trustmanager.algorithm = PKIX
	ssl.truststore.certificates = null
	ssl.truststore.location = null
	ssl.truststore.password = null
	ssl.truststore.type = JKS
	transaction.timeout.ms = 60000
	transactional.id = null
	value.serializer = class io.apicurio.registry.serde.avro.AvroKafkaSerializer

2025-07-31 15:31:17,057 INFO  [org.apa.kaf.com.tel.int.KafkaMetricsCollector] (main) initializing Kafka metrics collector
2025-07-31 15:31:17,061 INFO  [org.apa.kaf.cli.pro.KafkaProducer] (main) [Producer clientId=Producer-topic-f9031d9e_a20f_44c8_8a7c_c6c3df655427] Instantiated an idempotent producer.
2025-07-31 15:31:17,062 INFO  [org.apa.kaf.cli.Metadata] (kafka-producer-network-thread | Producer-topic-2e2f54dc_cdeb_48ff_945f_a025d569b543) [Producer clientId=Producer-topic-2e2f54dc_cdeb_48ff_945f_a025d569b543] Cluster ID: u8-Iy8eKRM2xsCw1W024xw
2025-07-31 15:31:17,063 INFO  [org.apa.kaf.cli.pro.int.TransactionManager] (kafka-producer-network-thread | Producer-topic-2e2f54dc_cdeb_48ff_945f_a025d569b543) [Producer clientId=Producer-topic-2e2f54dc_cdeb_48ff_945f_a025d569b543] ProducerId set to 19 with epoch 0
2025-07-31 15:31:17,064 INFO  [org.apa.kaf.cli.pro.ProducerConfig] (main) These configurations '[apicurio.registry.url, apicurio.registry.artifact-resolver-strategy]' were supplied but are not used yet.
2025-07-31 15:31:17,064 INFO  [org.apa.kaf.com.uti.AppInfoParser] (main) Kafka version: 3.9.0
2025-07-31 15:31:17,064 INFO  [org.apa.kaf.com.uti.AppInfoParser] (main) Kafka commitId: 84caaa6e9da06435
2025-07-31 15:31:17,064 INFO  [org.apa.kaf.com.uti.AppInfoParser] (main) Kafka startTimeMs: 1753975877064
2025-07-31 15:31:17,065 INFO  [org.apa.kaf.cli.pro.ProducerConfig] (main) ProducerConfig values: 
	acks = -1
	auto.include.jmx.reporter = true
	batch.size = 16384
	bootstrap.servers = [PLAINTEXT://localhost:32770]
	buffer.memory = 33554432
	client.dns.lookup = use_all_dns_ips
	client.id = Producer-topic-4e907c78_185d_4f9e_8807_b8b3457e3cb1
	compression.gzip.level = -1
	compression.lz4.level = 9
	compression.type = none
	compression.zstd.level = 3
	connections.max.idle.ms = 10000
	delivery.timeout.ms = 120000
	enable.idempotence = true
	enable.metrics.push = true
	interceptor.classes = []
	key.serializer = class org.apache.kafka.common.serialization.StringSerializer
	linger.ms = 0
	max.block.ms = 60000
	max.in.flight.requests.per.connection = 5
	max.request.size = 1048576
	metadata.max.age.ms = 300000
	metadata.max.idle.ms = 300000
	metadata.recovery.strategy = none
	metric.reporters = []
	metrics.num.samples = 2
	metrics.recording.level = INFO
	metrics.sample.window.ms = 30000
	partitioner.adaptive.partitioning.enable = true
	partitioner.availability.timeout.ms = 0
	partitioner.class = null
	partitioner.ignore.keys = false
	receive.buffer.bytes = 32768
	reconnect.backoff.max.ms = 1000
	reconnect.backoff.ms = 50
	request.timeout.ms = 5000
	retries = 2147483647
	retry.backoff.max.ms = 1000
	retry.backoff.ms = 100
	sasl.client.callback.handler.class = null
	sasl.jaas.config = null
	sasl.kerberos.kinit.cmd = /usr/bin/kinit
	sasl.kerberos.min.time.before.relogin = 60000
	sasl.kerberos.service.name = null
	sasl.kerberos.ticket.renew.jitter = 0.05
	sasl.kerberos.ticket.renew.window.factor = 0.8
	sasl.login.callback.handler.class = null
	sasl.login.class = null
	sasl.login.connect.timeout.ms = null
	sasl.login.read.timeout.ms = null
	sasl.login.refresh.buffer.seconds = 300
	sasl.login.refresh.min.period.seconds = 60
	sasl.login.refresh.window.factor = 0.8
	sasl.login.refresh.window.jitter = 0.05
	sasl.login.retry.backoff.max.ms = 10000
	sasl.login.retry.backoff.ms = 100
	sasl.mechanism = GSSAPI
	sasl.oauthbearer.clock.skew.seconds = 30
	sasl.oauthbearer.expected.audience = null
	sasl.oauthbearer.expected.issuer = null
	sasl.oauthbearer.header.urlencode = false
	sasl.oauthbearer.jwks.endpoint.refresh.ms = 3600000
	sasl.oauthbearer.jwks.endpoint.retry.backoff.max.ms = 10000
	sasl.oauthbearer.jwks.endpoint.retry.backoff.ms = 100
	sasl.oauthbearer.jwks.endpoint.url = null
	sasl.oauthbearer.scope.claim.name = scope
	sasl.oauthbearer.sub.claim.name = sub
	sasl.oauthbearer.token.endpoint.url = null
	security.protocol = PLAINTEXT
	security.providers = null
	send.buffer.bytes = 131072
	socket.connection.setup.timeout.max.ms = 30000
	socket.connection.setup.timeout.ms = 10000
	ssl.cipher.suites = null
	ssl.enabled.protocols = [TLSv1.2, TLSv1.3]
	ssl.endpoint.identification.algorithm = https
	ssl.engine.factory.class = null
	ssl.key.password = null
	ssl.keymanager.algorithm = SunX509
	ssl.keystore.certificate.chain = null
	ssl.keystore.key = null
	ssl.keystore.location = null
	ssl.keystore.password = null
	ssl.keystore.type = JKS
	ssl.protocol = TLSv1.3
	ssl.provider = null
	ssl.secure.random.implementation = null
	ssl.trustmanager.algorithm = PKIX
	ssl.truststore.certificates = null
	ssl.truststore.location = null
	ssl.truststore.password = null
	ssl.truststore.type = JKS
	transaction.timeout.ms = 60000
	transactional.id = null
	value.serializer = class io.apicurio.registry.serde.avro.AvroKafkaSerializer

2025-07-31 15:31:17,065 INFO  [org.apa.kaf.com.tel.int.KafkaMetricsCollector] (main) initializing Kafka metrics collector
2025-07-31 15:31:17,068 INFO  [org.apa.kaf.cli.pro.KafkaProducer] (main) [Producer clientId=Producer-topic-4e907c78_185d_4f9e_8807_b8b3457e3cb1] Instantiated an idempotent producer.
2025-07-31 15:31:17,071 INFO  [org.apa.kaf.cli.Metadata] (kafka-producer-network-thread | Producer-topic-f9031d9e_a20f_44c8_8a7c_c6c3df655427) [Producer clientId=Producer-topic-f9031d9e_a20f_44c8_8a7c_c6c3df655427] Cluster ID: u8-Iy8eKRM2xsCw1W024xw
2025-07-31 15:31:17,071 INFO  [org.apa.kaf.cli.pro.int.TransactionManager] (kafka-producer-network-thread | Producer-topic-f9031d9e_a20f_44c8_8a7c_c6c3df655427) [Producer clientId=Producer-topic-f9031d9e_a20f_44c8_8a7c_c6c3df655427] ProducerId set to 20 with epoch 0
2025-07-31 15:31:17,072 INFO  [org.apa.kaf.cli.pro.ProducerConfig] (main) These configurations '[apicurio.registry.url, apicurio.registry.artifact-resolver-strategy]' were supplied but are not used yet.
2025-07-31 15:31:17,072 INFO  [org.apa.kaf.com.uti.AppInfoParser] (main) Kafka version: 3.9.0
2025-07-31 15:31:17,072 INFO  [org.apa.kaf.com.uti.AppInfoParser] (main) Kafka commitId: 84caaa6e9da06435
2025-07-31 15:31:17,072 INFO  [org.apa.kaf.com.uti.AppInfoParser] (main) Kafka startTimeMs: 1753975877072
2025-07-31 15:31:17,072 INFO  [org.apa.kaf.cli.con.ConsumerConfig] (main) ConsumerConfig values: 
	allow.auto.create.topics = true
	auto.commit.interval.ms = 500
	auto.include.jmx.reporter = true
	auto.offset.reset = earliest
	bootstrap.servers = [PLAINTEXT://localhost:32770]
	check.crcs = true
	client.dns.lookup = use_all_dns_ips
	client.id = consumer-Consumer-topic-2e2f54dc_cdeb_48ff_945f_a025d569b543-14
	client.rack = 
	connections.max.idle.ms = 10000
	default.api.timeout.ms = 60000
	enable.auto.commit = true
	enable.metrics.push = true
	exclude.internal.topics = true
	fetch.max.bytes = 52428800
	fetch.max.wait.ms = 500
	fetch.min.bytes = 1
	group.id = Consumer-topic-2e2f54dc_cdeb_48ff_945f_a025d569b543
	group.instance.id = null
	group.protocol = classic
	group.remote.assignor = null
	heartbeat.interval.ms = 3000
	interceptor.classes = []
	internal.leave.group.on.close = true
	internal.throw.on.fetch.stable.offset.unsupported = false
	isolation.level = read_uncommitted
	key.deserializer = class org.apache.kafka.common.serialization.StringDeserializer
	max.partition.fetch.bytes = 1048576
	max.poll.interval.ms = 300000
	max.poll.records = 500
	metadata.max.age.ms = 300000
	metadata.recovery.strategy = none
	metric.reporters = []
	metrics.num.samples = 2
	metrics.recording.level = INFO
	metrics.sample.window.ms = 30000
	partition.assignment.strategy = [class org.apache.kafka.clients.consumer.RangeAssignor, class org.apache.kafka.clients.consumer.CooperativeStickyAssignor]
	receive.buffer.bytes = 65536
	reconnect.backoff.max.ms = 1000
	reconnect.backoff.ms = 50
	request.timeout.ms = 5000
	retry.backoff.max.ms = 1000
	retry.backoff.ms = 100
	sasl.client.callback.handler.class = null
	sasl.jaas.config = null
	sasl.kerberos.kinit.cmd = /usr/bin/kinit
	sasl.kerberos.min.time.before.relogin = 60000
	sasl.kerberos.service.name = null
	sasl.kerberos.ticket.renew.jitter = 0.05
	sasl.kerberos.ticket.renew.window.factor = 0.8
	sasl.login.callback.handler.class = null
	sasl.login.class = null
	sasl.login.connect.timeout.ms = null
	sasl.login.read.timeout.ms = null
	sasl.login.refresh.buffer.seconds = 300
	sasl.login.refresh.min.period.seconds = 60
	sasl.login.refresh.window.factor = 0.8
	sasl.login.refresh.window.jitter = 0.05
	sasl.login.retry.backoff.max.ms = 10000
	sasl.login.retry.backoff.ms = 100
	sasl.mechanism = GSSAPI
	sasl.oauthbearer.clock.skew.seconds = 30
	sasl.oauthbearer.expected.audience = null
	sasl.oauthbearer.expected.issuer = null
	sasl.oauthbearer.header.urlencode = false
	sasl.oauthbearer.jwks.endpoint.refresh.ms = 3600000
	sasl.oauthbearer.jwks.endpoint.retry.backoff.max.ms = 10000
	sasl.oauthbearer.jwks.endpoint.retry.backoff.ms = 100
	sasl.oauthbearer.jwks.endpoint.url = null
	sasl.oauthbearer.scope.claim.name = scope
	sasl.oauthbearer.sub.claim.name = sub
	sasl.oauthbearer.token.endpoint.url = null
	security.protocol = PLAINTEXT
	security.providers = null
	send.buffer.bytes = 131072
	session.timeout.ms = 45000
	socket.connection.setup.timeout.max.ms = 30000
	socket.connection.setup.timeout.ms = 10000
	ssl.cipher.suites = null
	ssl.enabled.protocols = [TLSv1.2, TLSv1.3]
	ssl.endpoint.identification.algorithm = https
	ssl.engine.factory.class = null
	ssl.key.password = null
	ssl.keymanager.algorithm = SunX509
	ssl.keystore.certificate.chain = null
	ssl.keystore.key = null
	ssl.keystore.location = null
	ssl.keystore.password = null
	ssl.keystore.type = JKS
	ssl.protocol = TLSv1.3
	ssl.provider = null
	ssl.secure.random.implementation = null
	ssl.trustmanager.algorithm = PKIX
	ssl.truststore.certificates = null
	ssl.truststore.location = null
	ssl.truststore.password = null
	ssl.truststore.type = JKS
	value.deserializer = class io.apicurio.registry.serde.avro.AvroKafkaDeserializer

2025-07-31 15:31:17,072 INFO  [org.apa.kaf.com.tel.int.KafkaMetricsCollector] (main) initializing Kafka metrics collector
2025-07-31 15:31:17,082 INFO  [org.apa.kaf.cli.Metadata] (kafka-producer-network-thread | Producer-topic-4e907c78_185d_4f9e_8807_b8b3457e3cb1) [Producer clientId=Producer-topic-4e907c78_185d_4f9e_8807_b8b3457e3cb1] Cluster ID: u8-Iy8eKRM2xsCw1W024xw
2025-07-31 15:31:17,082 INFO  [org.apa.kaf.cli.pro.int.TransactionManager] (kafka-producer-network-thread | Producer-topic-4e907c78_185d_4f9e_8807_b8b3457e3cb1) [Producer clientId=Producer-topic-4e907c78_185d_4f9e_8807_b8b3457e3cb1] ProducerId set to 21 with epoch 0
2025-07-31 15:31:17,084 INFO  [org.apa.kaf.cli.con.ConsumerConfig] (main) These configurations '[apicurio.registry.url]' were supplied but are not used yet.
2025-07-31 15:31:17,084 INFO  [org.apa.kaf.com.uti.AppInfoParser] (main) Kafka version: 3.9.0
2025-07-31 15:31:17,084 INFO  [org.apa.kaf.com.uti.AppInfoParser] (main) Kafka commitId: 84caaa6e9da06435
2025-07-31 15:31:17,084 INFO  [org.apa.kaf.com.uti.AppInfoParser] (main) Kafka startTimeMs: 1753975877084
2025-07-31 15:31:17,085 INFO  [org.apa.kaf.cli.con.ConsumerConfig] (main) ConsumerConfig values: 
	allow.auto.create.topics = true
	auto.commit.interval.ms = 500
	auto.include.jmx.reporter = true
	auto.offset.reset = earliest
	bootstrap.servers = [PLAINTEXT://localhost:32770]
	check.crcs = true
	client.dns.lookup = use_all_dns_ips
	client.id = consumer-Consumer-topic-f9031d9e_a20f_44c8_8a7c_c6c3df655427-15
	client.rack = 
	connections.max.idle.ms = 10000
	default.api.timeout.ms = 60000
	enable.auto.commit = true
	enable.metrics.push = true
	exclude.internal.topics = true
	fetch.max.bytes = 52428800
	fetch.max.wait.ms = 500
	fetch.min.bytes = 1
	group.id = Consumer-topic-f9031d9e_a20f_44c8_8a7c_c6c3df655427
	group.instance.id = null
	group.protocol = classic
	group.remote.assignor = null
	heartbeat.interval.ms = 3000
	interceptor.classes = []
	internal.leave.group.on.close = true
	internal.throw.on.fetch.stable.offset.unsupported = false
	isolation.level = read_uncommitted
	key.deserializer = class org.apache.kafka.common.serialization.StringDeserializer
	max.partition.fetch.bytes = 1048576
	max.poll.interval.ms = 300000
	max.poll.records = 500
	metadata.max.age.ms = 300000
	metadata.recovery.strategy = none
	metric.reporters = []
	metrics.num.samples = 2
	metrics.recording.level = INFO
	metrics.sample.window.ms = 30000
	partition.assignment.strategy = [class org.apache.kafka.clients.consumer.RangeAssignor, class org.apache.kafka.clients.consumer.CooperativeStickyAssignor]
	receive.buffer.bytes = 65536
	reconnect.backoff.max.ms = 1000
	reconnect.backoff.ms = 50
	request.timeout.ms = 5000
	retry.backoff.max.ms = 1000
	retry.backoff.ms = 100
	sasl.client.callback.handler.class = null
	sasl.jaas.config = null
	sasl.kerberos.kinit.cmd = /usr/bin/kinit
	sasl.kerberos.min.time.before.relogin = 60000
	sasl.kerberos.service.name = null
	sasl.kerberos.ticket.renew.jitter = 0.05
	sasl.kerberos.ticket.renew.window.factor = 0.8
	sasl.login.callback.handler.class = null
	sasl.login.class = null
	sasl.login.connect.timeout.ms = null
	sasl.login.read.timeout.ms = null
	sasl.login.refresh.buffer.seconds = 300
	sasl.login.refresh.min.period.seconds = 60
	sasl.login.refresh.window.factor = 0.8
	sasl.login.refresh.window.jitter = 0.05
	sasl.login.retry.backoff.max.ms = 10000
	sasl.login.retry.backoff.ms = 100
	sasl.mechanism = GSSAPI
	sasl.oauthbearer.clock.skew.seconds = 30
	sasl.oauthbearer.expected.audience = null
	sasl.oauthbearer.expected.issuer = null
	sasl.oauthbearer.header.urlencode = false
	sasl.oauthbearer.jwks.endpoint.refresh.ms = 3600000
	sasl.oauthbearer.jwks.endpoint.retry.backoff.max.ms = 10000
	sasl.oauthbearer.jwks.endpoint.retry.backoff.ms = 100
	sasl.oauthbearer.jwks.endpoint.url = null
	sasl.oauthbearer.scope.claim.name = scope
	sasl.oauthbearer.sub.claim.name = sub
	sasl.oauthbearer.token.endpoint.url = null
	security.protocol = PLAINTEXT
	security.providers = null
	send.buffer.bytes = 131072
	session.timeout.ms = 45000
	socket.connection.setup.timeout.max.ms = 30000
	socket.connection.setup.timeout.ms = 10000
	ssl.cipher.suites = null
	ssl.enabled.protocols = [TLSv1.2, TLSv1.3]
	ssl.endpoint.identification.algorithm = https
	ssl.engine.factory.class = null
	ssl.key.password = null
	ssl.keymanager.algorithm = SunX509
	ssl.keystore.certificate.chain = null
	ssl.keystore.key = null
	ssl.keystore.location = null
	ssl.keystore.password = null
	ssl.keystore.type = JKS
	ssl.protocol = TLSv1.3
	ssl.provider = null
	ssl.secure.random.implementation = null
	ssl.trustmanager.algorithm = PKIX
	ssl.truststore.certificates = null
	ssl.truststore.location = null
	ssl.truststore.password = null
	ssl.truststore.type = JKS
	value.deserializer = class io.apicurio.registry.serde.avro.AvroKafkaDeserializer

2025-07-31 15:31:17,085 INFO  [org.apa.kaf.com.tel.int.KafkaMetricsCollector] (main) initializing Kafka metrics collector
2025-07-31 15:31:17,089 INFO  [org.apa.kaf.cli.con.ConsumerConfig] (main) These configurations '[apicurio.registry.url]' were supplied but are not used yet.
2025-07-31 15:31:17,089 INFO  [org.apa.kaf.com.uti.AppInfoParser] (main) Kafka version: 3.9.0
2025-07-31 15:31:17,089 INFO  [org.apa.kaf.com.uti.AppInfoParser] (main) Kafka commitId: 84caaa6e9da06435
2025-07-31 15:31:17,089 INFO  [org.apa.kaf.com.uti.AppInfoParser] (main) Kafka startTimeMs: 1753975877089
2025-07-31 15:31:17,089 INFO  [org.apa.kaf.cli.con.ConsumerConfig] (main) ConsumerConfig values: 
	allow.auto.create.topics = true
	auto.commit.interval.ms = 500
	auto.include.jmx.reporter = true
	auto.offset.reset = earliest
	bootstrap.servers = [PLAINTEXT://localhost:32770]
	check.crcs = true
	client.dns.lookup = use_all_dns_ips
	client.id = consumer-Consumer-topic-4e907c78_185d_4f9e_8807_b8b3457e3cb1-16
	client.rack = 
	connections.max.idle.ms = 10000
	default.api.timeout.ms = 60000
	enable.auto.commit = true
	enable.metrics.push = true
	exclude.internal.topics = true
	fetch.max.bytes = 52428800
	fetch.max.wait.ms = 500
	fetch.min.bytes = 1
	group.id = Consumer-topic-4e907c78_185d_4f9e_8807_b8b3457e3cb1
	group.instance.id = null
	group.protocol = classic
	group.remote.assignor = null
	heartbeat.interval.ms = 3000
	interceptor.classes = []
	internal.leave.group.on.close = true
	internal.throw.on.fetch.stable.offset.unsupported = false
	isolation.level = read_uncommitted
	key.deserializer = class org.apache.kafka.common.serialization.StringDeserializer
	max.partition.fetch.bytes = 1048576
	max.poll.interval.ms = 300000
	max.poll.records = 500
	metadata.max.age.ms = 300000
	metadata.recovery.strategy = none
	metric.reporters = []
	metrics.num.samples = 2
	metrics.recording.level = INFO
	metrics.sample.window.ms = 30000
	partition.assignment.strategy = [class org.apache.kafka.clients.consumer.RangeAssignor, class org.apache.kafka.clients.consumer.CooperativeStickyAssignor]
	receive.buffer.bytes = 65536
	reconnect.backoff.max.ms = 1000
	reconnect.backoff.ms = 50
	request.timeout.ms = 5000
	retry.backoff.max.ms = 1000
	retry.backoff.ms = 100
	sasl.client.callback.handler.class = null
	sasl.jaas.config = null
	sasl.kerberos.kinit.cmd = /usr/bin/kinit
	sasl.kerberos.min.time.before.relogin = 60000
	sasl.kerberos.service.name = null
	sasl.kerberos.ticket.renew.jitter = 0.05
	sasl.kerberos.ticket.renew.window.factor = 0.8
	sasl.login.callback.handler.class = null
	sasl.login.class = null
	sasl.login.connect.timeout.ms = null
	sasl.login.read.timeout.ms = null
	sasl.login.refresh.buffer.seconds = 300
	sasl.login.refresh.min.period.seconds = 60
	sasl.login.refresh.window.factor = 0.8
	sasl.login.refresh.window.jitter = 0.05
	sasl.login.retry.backoff.max.ms = 10000
	sasl.login.retry.backoff.ms = 100
	sasl.mechanism = GSSAPI
	sasl.oauthbearer.clock.skew.seconds = 30
	sasl.oauthbearer.expected.audience = null
	sasl.oauthbearer.expected.issuer = null
	sasl.oauthbearer.header.urlencode = false
	sasl.oauthbearer.jwks.endpoint.refresh.ms = 3600000
	sasl.oauthbearer.jwks.endpoint.retry.backoff.max.ms = 10000
	sasl.oauthbearer.jwks.endpoint.retry.backoff.ms = 100
	sasl.oauthbearer.jwks.endpoint.url = null
	sasl.oauthbearer.scope.claim.name = scope
	sasl.oauthbearer.sub.claim.name = sub
	sasl.oauthbearer.token.endpoint.url = null
	security.protocol = PLAINTEXT
	security.providers = null
	send.buffer.bytes = 131072
	session.timeout.ms = 45000
	socket.connection.setup.timeout.max.ms = 30000
	socket.connection.setup.timeout.ms = 10000
	ssl.cipher.suites = null
	ssl.enabled.protocols = [TLSv1.2, TLSv1.3]
	ssl.endpoint.identification.algorithm = https
	ssl.engine.factory.class = null
	ssl.key.password = null
	ssl.keymanager.algorithm = SunX509
	ssl.keystore.certificate.chain = null
	ssl.keystore.key = null
	ssl.keystore.location = null
	ssl.keystore.password = null
	ssl.keystore.type = JKS
	ssl.protocol = TLSv1.3
	ssl.provider = null
	ssl.secure.random.implementation = null
	ssl.trustmanager.algorithm = PKIX
	ssl.truststore.certificates = null
	ssl.truststore.location = null
	ssl.truststore.password = null
	ssl.truststore.type = JKS
	value.deserializer = class io.apicurio.registry.serde.avro.AvroKafkaDeserializer

2025-07-31 15:31:17,089 INFO  [org.apa.kaf.com.tel.int.KafkaMetricsCollector] (main) initializing Kafka metrics collector
2025-07-31 15:31:17,094 INFO  [org.apa.kaf.cli.con.ConsumerConfig] (main) These configurations '[apicurio.registry.url]' were supplied but are not used yet.
2025-07-31 15:31:17,094 INFO  [org.apa.kaf.com.uti.AppInfoParser] (main) Kafka version: 3.9.0
2025-07-31 15:31:17,094 INFO  [org.apa.kaf.com.uti.AppInfoParser] (main) Kafka commitId: 84caaa6e9da06435
2025-07-31 15:31:17,094 INFO  [org.apa.kaf.com.uti.AppInfoParser] (main) Kafka startTimeMs: 1753975877094
2025-07-31 15:31:17,094 INFO  [io.api.tes.ser.api.KafkaSerdesTester] (Thread-233) Sending message {"key11753975875973": "value-0"} to topic topic-2e2f54dc_cdeb_48ff_945f_a025d569b543
2025-07-31 15:31:17,098 INFO  [DefaultSchemaResolver] (Thread-233) Retrieving schema content using string: {"type":"record","name":"myrecordconfluent","fields":[{"name":"key11753975875973","type":"string"}]}
2025-07-31 15:31:17,157 INFO  [io.api.tes.ser.api.KafkaSerdesTester] (Thread-233) Sending message {"key11753975875973": "value-1"} to topic topic-2e2f54dc_cdeb_48ff_945f_a025d569b543
2025-07-31 15:31:17,159 INFO  [io.api.tes.ser.api.KafkaSerdesTester] (Thread-233) Sending message {"key11753975875973": "value-2"} to topic topic-2e2f54dc_cdeb_48ff_945f_a025d569b543
2025-07-31 15:31:17,160 INFO  [io.api.tes.ser.api.KafkaSerdesTester] (Thread-233) Sending message {"key11753975875973": "value-3"} to topic topic-2e2f54dc_cdeb_48ff_945f_a025d569b543
2025-07-31 15:31:17,161 INFO  [io.api.tes.ser.api.KafkaSerdesTester] (Thread-233) Sending message {"key11753975875973": "value-4"} to topic topic-2e2f54dc_cdeb_48ff_945f_a025d569b543
2025-07-31 15:31:17,163 INFO  [io.api.tes.ser.api.KafkaSerdesTester] (Thread-233) Sending message {"key11753975875973": "value-5"} to topic topic-2e2f54dc_cdeb_48ff_945f_a025d569b543
2025-07-31 15:31:17,165 INFO  [io.api.tes.ser.api.KafkaSerdesTester] (Thread-233) Sending message {"key11753975875973": "value-6"} to topic topic-2e2f54dc_cdeb_48ff_945f_a025d569b543
2025-07-31 15:31:17,166 INFO  [io.api.tes.ser.api.KafkaSerdesTester] (Thread-233) Sending message {"key11753975875973": "value-7"} to topic topic-2e2f54dc_cdeb_48ff_945f_a025d569b543
2025-07-31 15:31:17,167 INFO  [io.api.tes.ser.api.KafkaSerdesTester] (Thread-233) Sending message {"key11753975875973": "value-8"} to topic topic-2e2f54dc_cdeb_48ff_945f_a025d569b543
2025-07-31 15:31:17,168 INFO  [io.api.tes.ser.api.KafkaSerdesTester] (Thread-233) Sending message {"key11753975875973": "value-9"} to topic topic-2e2f54dc_cdeb_48ff_945f_a025d569b543
2025-07-31 15:31:17,172 INFO  [io.api.tes.ser.api.KafkaSerdesTester] (Thread-233) Produced 10 messages
2025-07-31 15:31:17,172 INFO  [org.apa.kaf.cli.pro.KafkaProducer] (Thread-233) [Producer clientId=Producer-topic-2e2f54dc_cdeb_48ff_945f_a025d569b543] Closing the Kafka producer with timeoutMillis = 9223372036854775807 ms.
2025-07-31 15:31:17,174 INFO  [org.apa.kaf.com.met.Metrics] (Thread-233) Metrics scheduler closed
2025-07-31 15:31:17,174 INFO  [org.apa.kaf.com.met.Metrics] (Thread-233) Closing reporter org.apache.kafka.common.metrics.JmxReporter
2025-07-31 15:31:17,175 INFO  [org.apa.kaf.com.met.Metrics] (Thread-233) Closing reporter org.apache.kafka.common.telemetry.internals.ClientTelemetryReporter
2025-07-31 15:31:17,175 INFO  [org.apa.kaf.com.met.Metrics] (Thread-233) Metrics reporters closed
2025-07-31 15:31:17,175 INFO  [org.apa.kaf.com.uti.AppInfoParser] (Thread-233) App info kafka.producer for Producer-topic-2e2f54dc_cdeb_48ff_945f_a025d569b543 unregistered
2025-07-31 15:31:17,176 INFO  [io.api.tes.ser.api.KafkaSerdesTester] (Thread-234) Sending message {"key11753975875973": "value-0"} to topic topic-f9031d9e_a20f_44c8_8a7c_c6c3df655427
2025-07-31 15:31:17,181 INFO  [DefaultSchemaResolver] (Thread-234) Retrieving schema content using string: {"type":"record","name":"myrecordconfluent","fields":[{"name":"key11753975875973","type":"string"}]}
2025-07-31 15:31:17,234 INFO  [io.api.tes.ser.api.KafkaSerdesTester] (Thread-234) Sending message {"key11753975875973": "value-1"} to topic topic-f9031d9e_a20f_44c8_8a7c_c6c3df655427
2025-07-31 15:31:17,236 INFO  [io.api.tes.ser.api.KafkaSerdesTester] (Thread-234) Sending message {"key11753975875973": "value-2"} to topic topic-f9031d9e_a20f_44c8_8a7c_c6c3df655427
2025-07-31 15:31:17,238 INFO  [io.api.tes.ser.api.KafkaSerdesTester] (Thread-234) Sending message {"key11753975875973": "value-3"} to topic topic-f9031d9e_a20f_44c8_8a7c_c6c3df655427
2025-07-31 15:31:17,240 INFO  [io.api.tes.ser.api.KafkaSerdesTester] (Thread-234) Sending message {"key11753975875973": "value-4"} to topic topic-f9031d9e_a20f_44c8_8a7c_c6c3df655427
2025-07-31 15:31:17,243 INFO  [io.api.tes.ser.api.KafkaSerdesTester] (Thread-234) Sending message {"key11753975875973": "value-5"} to topic topic-f9031d9e_a20f_44c8_8a7c_c6c3df655427
2025-07-31 15:31:17,244 INFO  [io.api.tes.ser.api.KafkaSerdesTester] (Thread-234) Sending message {"key11753975875973": "value-6"} to topic topic-f9031d9e_a20f_44c8_8a7c_c6c3df655427
2025-07-31 15:31:17,245 INFO  [io.api.tes.ser.api.KafkaSerdesTester] (Thread-234) Sending message {"key11753975875973": "value-7"} to topic topic-f9031d9e_a20f_44c8_8a7c_c6c3df655427
2025-07-31 15:31:17,246 INFO  [io.api.tes.ser.api.KafkaSerdesTester] (Thread-234) Sending message {"key11753975875973": "value-8"} to topic topic-f9031d9e_a20f_44c8_8a7c_c6c3df655427
2025-07-31 15:31:17,247 INFO  [io.api.tes.ser.api.KafkaSerdesTester] (Thread-234) Sending message {"key11753975875973": "value-9"} to topic topic-f9031d9e_a20f_44c8_8a7c_c6c3df655427
2025-07-31 15:31:17,248 INFO  [io.api.tes.ser.api.KafkaSerdesTester] (Thread-234) Produced 10 messages
2025-07-31 15:31:17,248 INFO  [org.apa.kaf.cli.pro.KafkaProducer] (Thread-234) [Producer clientId=Producer-topic-f9031d9e_a20f_44c8_8a7c_c6c3df655427] Closing the Kafka producer with timeoutMillis = 9223372036854775807 ms.
2025-07-31 15:31:17,251 INFO  [org.apa.kaf.com.met.Metrics] (Thread-234) Metrics scheduler closed
2025-07-31 15:31:17,251 INFO  [org.apa.kaf.com.met.Metrics] (Thread-234) Closing reporter org.apache.kafka.common.metrics.JmxReporter
2025-07-31 15:31:17,251 INFO  [org.apa.kaf.com.met.Metrics] (Thread-234) Closing reporter org.apache.kafka.common.telemetry.internals.ClientTelemetryReporter
2025-07-31 15:31:17,251 INFO  [org.apa.kaf.com.met.Metrics] (Thread-234) Metrics reporters closed
2025-07-31 15:31:17,251 INFO  [org.apa.kaf.com.uti.AppInfoParser] (Thread-234) App info kafka.producer for Producer-topic-f9031d9e_a20f_44c8_8a7c_c6c3df655427 unregistered
2025-07-31 15:31:17,252 INFO  [io.api.tes.ser.api.KafkaSerdesTester] (Thread-235) Sending message {"key11753975875973": "value-0"} to topic topic-4e907c78_185d_4f9e_8807_b8b3457e3cb1
2025-07-31 15:31:17,256 INFO  [DefaultSchemaResolver] (Thread-235) Retrieving schema content using string: {"type":"record","name":"myrecordconfluent","fields":[{"name":"key11753975875973","type":"string"}]}
2025-07-31 15:31:17,315 INFO  [io.api.tes.ser.api.KafkaSerdesTester] (Thread-235) Sending message {"key11753975875973": "value-1"} to topic topic-4e907c78_185d_4f9e_8807_b8b3457e3cb1
2025-07-31 15:31:17,316 INFO  [io.api.tes.ser.api.KafkaSerdesTester] (Thread-235) Sending message {"key11753975875973": "value-2"} to topic topic-4e907c78_185d_4f9e_8807_b8b3457e3cb1
2025-07-31 15:31:17,318 INFO  [io.api.tes.ser.api.KafkaSerdesTester] (Thread-235) Sending message {"key11753975875973": "value-3"} to topic topic-4e907c78_185d_4f9e_8807_b8b3457e3cb1
2025-07-31 15:31:17,319 INFO  [io.api.tes.ser.api.KafkaSerdesTester] (Thread-235) Sending message {"key11753975875973": "value-4"} to topic topic-4e907c78_185d_4f9e_8807_b8b3457e3cb1
2025-07-31 15:31:17,320 INFO  [io.api.tes.ser.api.KafkaSerdesTester] (Thread-235) Sending message {"key11753975875973": "value-5"} to topic topic-4e907c78_185d_4f9e_8807_b8b3457e3cb1
2025-07-31 15:31:17,321 INFO  [io.api.tes.ser.api.KafkaSerdesTester] (Thread-235) Sending message {"key11753975875973": "value-6"} to topic topic-4e907c78_185d_4f9e_8807_b8b3457e3cb1
2025-07-31 15:31:17,322 INFO  [io.api.tes.ser.api.KafkaSerdesTester] (Thread-235) Sending message {"key11753975875973": "value-7"} to topic topic-4e907c78_185d_4f9e_8807_b8b3457e3cb1
2025-07-31 15:31:17,323 INFO  [io.api.tes.ser.api.KafkaSerdesTester] (Thread-235) Sending message {"key11753975875973": "value-8"} to topic topic-4e907c78_185d_4f9e_8807_b8b3457e3cb1
2025-07-31 15:31:17,324 INFO  [io.api.tes.ser.api.KafkaSerdesTester] (Thread-235) Sending message {"key11753975875973": "value-9"} to topic topic-4e907c78_185d_4f9e_8807_b8b3457e3cb1
2025-07-31 15:31:17,325 INFO  [io.api.tes.ser.api.KafkaSerdesTester] (Thread-235) Produced 10 messages
2025-07-31 15:31:17,325 INFO  [org.apa.kaf.cli.pro.KafkaProducer] (Thread-235) [Producer clientId=Producer-topic-4e907c78_185d_4f9e_8807_b8b3457e3cb1] Closing the Kafka producer with timeoutMillis = 9223372036854775807 ms.
2025-07-31 15:31:17,327 INFO  [org.apa.kaf.com.met.Metrics] (Thread-235) Metrics scheduler closed
2025-07-31 15:31:17,327 INFO  [org.apa.kaf.com.met.Metrics] (Thread-235) Closing reporter org.apache.kafka.common.metrics.JmxReporter
2025-07-31 15:31:17,327 INFO  [org.apa.kaf.com.met.Metrics] (Thread-235) Closing reporter org.apache.kafka.common.telemetry.internals.ClientTelemetryReporter
2025-07-31 15:31:17,327 INFO  [org.apa.kaf.com.met.Metrics] (Thread-235) Metrics reporters closed
2025-07-31 15:31:17,328 INFO  [org.apa.kaf.com.uti.AppInfoParser] (Thread-235) App info kafka.producer for Producer-topic-4e907c78_185d_4f9e_8807_b8b3457e3cb1 unregistered
2025-07-31 15:31:17,329 INFO  [org.apa.kaf.cli.con.int.ClassicKafkaConsumer] (Thread-236) [Consumer clientId=consumer-Consumer-topic-2e2f54dc_cdeb_48ff_945f_a025d569b543-14, groupId=Consumer-topic-2e2f54dc_cdeb_48ff_945f_a025d569b543] Subscribed to topic(s): topic-2e2f54dc_cdeb_48ff_945f_a025d569b543
2025-07-31 15:31:17,334 INFO  [org.apa.kaf.cli.Metadata] (Thread-236) [Consumer clientId=consumer-Consumer-topic-2e2f54dc_cdeb_48ff_945f_a025d569b543-14, groupId=Consumer-topic-2e2f54dc_cdeb_48ff_945f_a025d569b543] Cluster ID: u8-Iy8eKRM2xsCw1W024xw
2025-07-31 15:31:17,335 INFO  [org.apa.kaf.cli.con.int.ConsumerCoordinator] (Thread-236) [Consumer clientId=consumer-Consumer-topic-2e2f54dc_cdeb_48ff_945f_a025d569b543-14, groupId=Consumer-topic-2e2f54dc_cdeb_48ff_945f_a025d569b543] Discovered group coordinator localhost:32770 (id: 2147483647 rack: null)
2025-07-31 15:31:17,344 INFO  [org.apa.kaf.cli.con.int.ConsumerCoordinator] (Thread-236) [Consumer clientId=consumer-Consumer-topic-2e2f54dc_cdeb_48ff_945f_a025d569b543-14, groupId=Consumer-topic-2e2f54dc_cdeb_48ff_945f_a025d569b543] (Re-)joining group
2025-07-31 15:31:17,347 INFO  [org.apa.kaf.cli.con.int.ConsumerCoordinator] (Thread-236) [Consumer clientId=consumer-Consumer-topic-2e2f54dc_cdeb_48ff_945f_a025d569b543-14, groupId=Consumer-topic-2e2f54dc_cdeb_48ff_945f_a025d569b543] Request joining group due to: need to re-join with the given member-id: consumer-Consumer-topic-2e2f54dc_cdeb_48ff_945f_a025d569b543-14-85a3988d-7092-48d0-af2e-fbf948cb8321
2025-07-31 15:31:17,347 INFO  [org.apa.kaf.cli.con.int.ConsumerCoordinator] (Thread-236) [Consumer clientId=consumer-Consumer-topic-2e2f54dc_cdeb_48ff_945f_a025d569b543-14, groupId=Consumer-topic-2e2f54dc_cdeb_48ff_945f_a025d569b543] (Re-)joining group
2025-07-31 15:31:17,349 INFO  [org.apa.kaf.cli.con.int.ConsumerCoordinator] (Thread-236) [Consumer clientId=consumer-Consumer-topic-2e2f54dc_cdeb_48ff_945f_a025d569b543-14, groupId=Consumer-topic-2e2f54dc_cdeb_48ff_945f_a025d569b543] Successfully joined group with generation Generation{generationId=1, memberId='consumer-Consumer-topic-2e2f54dc_cdeb_48ff_945f_a025d569b543-14-85a3988d-7092-48d0-af2e-fbf948cb8321', protocol='range'}
2025-07-31 15:31:17,350 INFO  [org.apa.kaf.cli.con.int.ConsumerCoordinator] (Thread-236) [Consumer clientId=consumer-Consumer-topic-2e2f54dc_cdeb_48ff_945f_a025d569b543-14, groupId=Consumer-topic-2e2f54dc_cdeb_48ff_945f_a025d569b543] Finished assignment for group at generation 1: {consumer-Consumer-topic-2e2f54dc_cdeb_48ff_945f_a025d569b543-14-85a3988d-7092-48d0-af2e-fbf948cb8321=Assignment(partitions=[topic-2e2f54dc_cdeb_48ff_945f_a025d569b543-0])}
2025-07-31 15:31:17,352 INFO  [org.apa.kaf.cli.con.int.ConsumerCoordinator] (Thread-236) [Consumer clientId=consumer-Consumer-topic-2e2f54dc_cdeb_48ff_945f_a025d569b543-14, groupId=Consumer-topic-2e2f54dc_cdeb_48ff_945f_a025d569b543] Successfully synced group in generation Generation{generationId=1, memberId='consumer-Consumer-topic-2e2f54dc_cdeb_48ff_945f_a025d569b543-14-85a3988d-7092-48d0-af2e-fbf948cb8321', protocol='range'}
2025-07-31 15:31:17,352 INFO  [org.apa.kaf.cli.con.int.ConsumerCoordinator] (Thread-236) [Consumer clientId=consumer-Consumer-topic-2e2f54dc_cdeb_48ff_945f_a025d569b543-14, groupId=Consumer-topic-2e2f54dc_cdeb_48ff_945f_a025d569b543] Notifying assignor about the new Assignment(partitions=[topic-2e2f54dc_cdeb_48ff_945f_a025d569b543-0])
2025-07-31 15:31:17,352 INFO  [org.apa.kaf.cli.con.int.ConsumerRebalanceListenerInvoker] (Thread-236) [Consumer clientId=consumer-Consumer-topic-2e2f54dc_cdeb_48ff_945f_a025d569b543-14, groupId=Consumer-topic-2e2f54dc_cdeb_48ff_945f_a025d569b543] Adding newly assigned partitions: topic-2e2f54dc_cdeb_48ff_945f_a025d569b543-0
2025-07-31 15:31:17,353 INFO  [org.apa.kaf.cli.con.int.ConsumerCoordinator] (Thread-236) [Consumer clientId=consumer-Consumer-topic-2e2f54dc_cdeb_48ff_945f_a025d569b543-14, groupId=Consumer-topic-2e2f54dc_cdeb_48ff_945f_a025d569b543] Found no committed offset for partition topic-2e2f54dc_cdeb_48ff_945f_a025d569b543-0
2025-07-31 15:31:17,357 INFO  [org.apa.kaf.cli.con.int.SubscriptionState] (Thread-236) [Consumer clientId=consumer-Consumer-topic-2e2f54dc_cdeb_48ff_945f_a025d569b543-14, groupId=Consumer-topic-2e2f54dc_cdeb_48ff_945f_a025d569b543] Resetting offset for partition topic-2e2f54dc_cdeb_48ff_945f_a025d569b543-0 to position FetchPosition{offset=0, offsetEpoch=Optional.empty, currentLeader=LeaderAndEpoch{leader=Optional[localhost:32770 (id: 0 rack: null)], epoch=0}}.
2025-07-31 15:31:17,441 INFO  [io.api.tes.ser.api.KafkaSerdesTester] (Thread-236) topic-2e2f54dc_cdeb_48ff_945f_a025d569b543 0 0 {"key11753975875973": "value-0"}
2025-07-31 15:31:17,441 INFO  [io.api.tes.ser.api.KafkaSerdesTester] (Thread-236) topic-2e2f54dc_cdeb_48ff_945f_a025d569b543 0 1 {"key11753975875973": "value-1"}
2025-07-31 15:31:17,441 INFO  [io.api.tes.ser.api.KafkaSerdesTester] (Thread-236) topic-2e2f54dc_cdeb_48ff_945f_a025d569b543 0 2 {"key11753975875973": "value-2"}
2025-07-31 15:31:17,441 INFO  [io.api.tes.ser.api.KafkaSerdesTester] (Thread-236) topic-2e2f54dc_cdeb_48ff_945f_a025d569b543 0 3 {"key11753975875973": "value-3"}
2025-07-31 15:31:17,441 INFO  [io.api.tes.ser.api.KafkaSerdesTester] (Thread-236) topic-2e2f54dc_cdeb_48ff_945f_a025d569b543 0 4 {"key11753975875973": "value-4"}
2025-07-31 15:31:17,441 INFO  [io.api.tes.ser.api.KafkaSerdesTester] (Thread-236) topic-2e2f54dc_cdeb_48ff_945f_a025d569b543 0 5 {"key11753975875973": "value-5"}
2025-07-31 15:31:17,441 INFO  [io.api.tes.ser.api.KafkaSerdesTester] (Thread-236) topic-2e2f54dc_cdeb_48ff_945f_a025d569b543 0 6 {"key11753975875973": "value-6"}
2025-07-31 15:31:17,441 INFO  [io.api.tes.ser.api.KafkaSerdesTester] (Thread-236) topic-2e2f54dc_cdeb_48ff_945f_a025d569b543 0 7 {"key11753975875973": "value-7"}
2025-07-31 15:31:17,441 INFO  [io.api.tes.ser.api.KafkaSerdesTester] (Thread-236) topic-2e2f54dc_cdeb_48ff_945f_a025d569b543 0 8 {"key11753975875973": "value-8"}
2025-07-31 15:31:17,441 INFO  [io.api.tes.ser.api.KafkaSerdesTester] (Thread-236) topic-2e2f54dc_cdeb_48ff_945f_a025d569b543 0 9 {"key11753975875973": "value-9"}
2025-07-31 15:31:17,441 INFO  [io.api.tes.ser.api.KafkaSerdesTester] (Thread-236) Consumed 10 messages
2025-07-31 15:31:17,443 INFO  [org.apa.kaf.cli.con.int.ConsumerRebalanceListenerInvoker] (Thread-236) [Consumer clientId=consumer-Consumer-topic-2e2f54dc_cdeb_48ff_945f_a025d569b543-14, groupId=Consumer-topic-2e2f54dc_cdeb_48ff_945f_a025d569b543] Revoke previously assigned partitions topic-2e2f54dc_cdeb_48ff_945f_a025d569b543-0
2025-07-31 15:31:17,443 INFO  [org.apa.kaf.cli.con.int.ConsumerCoordinator] (Thread-236) [Consumer clientId=consumer-Consumer-topic-2e2f54dc_cdeb_48ff_945f_a025d569b543-14, groupId=Consumer-topic-2e2f54dc_cdeb_48ff_945f_a025d569b543] Member consumer-Consumer-topic-2e2f54dc_cdeb_48ff_945f_a025d569b543-14-85a3988d-7092-48d0-af2e-fbf948cb8321 sending LeaveGroup request to coordinator localhost:32770 (id: 2147483647 rack: null) due to the consumer is being closed
2025-07-31 15:31:17,445 INFO  [org.apa.kaf.cli.con.int.ConsumerCoordinator] (Thread-236) [Consumer clientId=consumer-Consumer-topic-2e2f54dc_cdeb_48ff_945f_a025d569b543-14, groupId=Consumer-topic-2e2f54dc_cdeb_48ff_945f_a025d569b543] Resetting generation and member id due to: consumer pro-actively leaving the group
2025-07-31 15:31:17,445 INFO  [org.apa.kaf.cli.con.int.ConsumerCoordinator] (Thread-236) [Consumer clientId=consumer-Consumer-topic-2e2f54dc_cdeb_48ff_945f_a025d569b543-14, groupId=Consumer-topic-2e2f54dc_cdeb_48ff_945f_a025d569b543] Request joining group due to: consumer pro-actively leaving the group
2025-07-31 15:31:17,941 INFO  [org.apa.kaf.com.met.Metrics] (Thread-236) Metrics scheduler closed
2025-07-31 15:31:17,941 INFO  [org.apa.kaf.com.met.Metrics] (Thread-236) Closing reporter org.apache.kafka.common.metrics.JmxReporter
2025-07-31 15:31:17,941 INFO  [org.apa.kaf.com.met.Metrics] (Thread-236) Closing reporter org.apache.kafka.common.telemetry.internals.ClientTelemetryReporter
2025-07-31 15:31:17,941 INFO  [org.apa.kaf.com.met.Metrics] (Thread-236) Metrics reporters closed
2025-07-31 15:31:17,943 INFO  [org.apa.kaf.com.uti.AppInfoParser] (Thread-236) App info kafka.consumer for consumer-Consumer-topic-2e2f54dc_cdeb_48ff_945f_a025d569b543-14 unregistered
2025-07-31 15:31:17,944 INFO  [org.apa.kaf.cli.con.int.ClassicKafkaConsumer] (Thread-237) [Consumer clientId=consumer-Consumer-topic-f9031d9e_a20f_44c8_8a7c_c6c3df655427-15, groupId=Consumer-topic-f9031d9e_a20f_44c8_8a7c_c6c3df655427] Subscribed to topic(s): topic-f9031d9e_a20f_44c8_8a7c_c6c3df655427
2025-07-31 15:31:17,948 INFO  [org.apa.kaf.cli.Metadata] (Thread-237) [Consumer clientId=consumer-Consumer-topic-f9031d9e_a20f_44c8_8a7c_c6c3df655427-15, groupId=Consumer-topic-f9031d9e_a20f_44c8_8a7c_c6c3df655427] Cluster ID: u8-Iy8eKRM2xsCw1W024xw
2025-07-31 15:31:17,948 INFO  [org.apa.kaf.cli.con.int.ConsumerCoordinator] (Thread-237) [Consumer clientId=consumer-Consumer-topic-f9031d9e_a20f_44c8_8a7c_c6c3df655427-15, groupId=Consumer-topic-f9031d9e_a20f_44c8_8a7c_c6c3df655427] Discovered group coordinator localhost:32770 (id: 2147483647 rack: null)
2025-07-31 15:31:17,951 INFO  [org.apa.kaf.cli.con.int.ConsumerCoordinator] (Thread-237) [Consumer clientId=consumer-Consumer-topic-f9031d9e_a20f_44c8_8a7c_c6c3df655427-15, groupId=Consumer-topic-f9031d9e_a20f_44c8_8a7c_c6c3df655427] (Re-)joining group
2025-07-31 15:31:17,954 INFO  [org.apa.kaf.cli.con.int.ConsumerCoordinator] (Thread-237) [Consumer clientId=consumer-Consumer-topic-f9031d9e_a20f_44c8_8a7c_c6c3df655427-15, groupId=Consumer-topic-f9031d9e_a20f_44c8_8a7c_c6c3df655427] Request joining group due to: need to re-join with the given member-id: consumer-Consumer-topic-f9031d9e_a20f_44c8_8a7c_c6c3df655427-15-8ee8a0a8-71a7-475d-877c-a6a3715f5b08
2025-07-31 15:31:17,954 INFO  [org.apa.kaf.cli.con.int.ConsumerCoordinator] (Thread-237) [Consumer clientId=consumer-Consumer-topic-f9031d9e_a20f_44c8_8a7c_c6c3df655427-15, groupId=Consumer-topic-f9031d9e_a20f_44c8_8a7c_c6c3df655427] (Re-)joining group
2025-07-31 15:31:17,956 INFO  [org.apa.kaf.cli.con.int.ConsumerCoordinator] (Thread-237) [Consumer clientId=consumer-Consumer-topic-f9031d9e_a20f_44c8_8a7c_c6c3df655427-15, groupId=Consumer-topic-f9031d9e_a20f_44c8_8a7c_c6c3df655427] Successfully joined group with generation Generation{generationId=1, memberId='consumer-Consumer-topic-f9031d9e_a20f_44c8_8a7c_c6c3df655427-15-8ee8a0a8-71a7-475d-877c-a6a3715f5b08', protocol='range'}
2025-07-31 15:31:17,956 INFO  [org.apa.kaf.cli.con.int.ConsumerCoordinator] (Thread-237) [Consumer clientId=consumer-Consumer-topic-f9031d9e_a20f_44c8_8a7c_c6c3df655427-15, groupId=Consumer-topic-f9031d9e_a20f_44c8_8a7c_c6c3df655427] Finished assignment for group at generation 1: {consumer-Consumer-topic-f9031d9e_a20f_44c8_8a7c_c6c3df655427-15-8ee8a0a8-71a7-475d-877c-a6a3715f5b08=Assignment(partitions=[topic-f9031d9e_a20f_44c8_8a7c_c6c3df655427-0])}
2025-07-31 15:31:17,959 INFO  [org.apa.kaf.cli.con.int.ConsumerCoordinator] (Thread-237) [Consumer clientId=consumer-Consumer-topic-f9031d9e_a20f_44c8_8a7c_c6c3df655427-15, groupId=Consumer-topic-f9031d9e_a20f_44c8_8a7c_c6c3df655427] Successfully synced group in generation Generation{generationId=1, memberId='consumer-Consumer-topic-f9031d9e_a20f_44c8_8a7c_c6c3df655427-15-8ee8a0a8-71a7-475d-877c-a6a3715f5b08', protocol='range'}
2025-07-31 15:31:17,959 INFO  [org.apa.kaf.cli.con.int.ConsumerCoordinator] (Thread-237) [Consumer clientId=consumer-Consumer-topic-f9031d9e_a20f_44c8_8a7c_c6c3df655427-15, groupId=Consumer-topic-f9031d9e_a20f_44c8_8a7c_c6c3df655427] Notifying assignor about the new Assignment(partitions=[topic-f9031d9e_a20f_44c8_8a7c_c6c3df655427-0])
2025-07-31 15:31:17,959 INFO  [org.apa.kaf.cli.con.int.ConsumerRebalanceListenerInvoker] (Thread-237) [Consumer clientId=consumer-Consumer-topic-f9031d9e_a20f_44c8_8a7c_c6c3df655427-15, groupId=Consumer-topic-f9031d9e_a20f_44c8_8a7c_c6c3df655427] Adding newly assigned partitions: topic-f9031d9e_a20f_44c8_8a7c_c6c3df655427-0
2025-07-31 15:31:17,960 INFO  [org.apa.kaf.cli.con.int.ConsumerCoordinator] (Thread-237) [Consumer clientId=consumer-Consumer-topic-f9031d9e_a20f_44c8_8a7c_c6c3df655427-15, groupId=Consumer-topic-f9031d9e_a20f_44c8_8a7c_c6c3df655427] Found no committed offset for partition topic-f9031d9e_a20f_44c8_8a7c_c6c3df655427-0
2025-07-31 15:31:17,966 INFO  [org.apa.kaf.cli.con.int.SubscriptionState] (Thread-237) [Consumer clientId=consumer-Consumer-topic-f9031d9e_a20f_44c8_8a7c_c6c3df655427-15, groupId=Consumer-topic-f9031d9e_a20f_44c8_8a7c_c6c3df655427] Resetting offset for partition topic-f9031d9e_a20f_44c8_8a7c_c6c3df655427-0 to position FetchPosition{offset=0, offsetEpoch=Optional.empty, currentLeader=LeaderAndEpoch{leader=Optional[localhost:32770 (id: 0 rack: null)], epoch=0}}.
2025-07-31 15:31:18,048 INFO  [io.api.tes.ser.api.KafkaSerdesTester] (Thread-237) topic-f9031d9e_a20f_44c8_8a7c_c6c3df655427 0 0 {"key11753975875973": "value-0"}
2025-07-31 15:31:18,048 INFO  [io.api.tes.ser.api.KafkaSerdesTester] (Thread-237) topic-f9031d9e_a20f_44c8_8a7c_c6c3df655427 0 1 {"key11753975875973": "value-1"}
2025-07-31 15:31:18,048 INFO  [io.api.tes.ser.api.KafkaSerdesTester] (Thread-237) topic-f9031d9e_a20f_44c8_8a7c_c6c3df655427 0 2 {"key11753975875973": "value-2"}
2025-07-31 15:31:18,048 INFO  [io.api.tes.ser.api.KafkaSerdesTester] (Thread-237) topic-f9031d9e_a20f_44c8_8a7c_c6c3df655427 0 3 {"key11753975875973": "value-3"}
2025-07-31 15:31:18,048 INFO  [io.api.tes.ser.api.KafkaSerdesTester] (Thread-237) topic-f9031d9e_a20f_44c8_8a7c_c6c3df655427 0 4 {"key11753975875973": "value-4"}
2025-07-31 15:31:18,048 INFO  [io.api.tes.ser.api.KafkaSerdesTester] (Thread-237) topic-f9031d9e_a20f_44c8_8a7c_c6c3df655427 0 5 {"key11753975875973": "value-5"}
2025-07-31 15:31:18,048 INFO  [io.api.tes.ser.api.KafkaSerdesTester] (Thread-237) topic-f9031d9e_a20f_44c8_8a7c_c6c3df655427 0 6 {"key11753975875973": "value-6"}
2025-07-31 15:31:18,048 INFO  [io.api.tes.ser.api.KafkaSerdesTester] (Thread-237) topic-f9031d9e_a20f_44c8_8a7c_c6c3df655427 0 7 {"key11753975875973": "value-7"}
2025-07-31 15:31:18,048 INFO  [io.api.tes.ser.api.KafkaSerdesTester] (Thread-237) topic-f9031d9e_a20f_44c8_8a7c_c6c3df655427 0 8 {"key11753975875973": "value-8"}
2025-07-31 15:31:18,048 INFO  [io.api.tes.ser.api.KafkaSerdesTester] (Thread-237) topic-f9031d9e_a20f_44c8_8a7c_c6c3df655427 0 9 {"key11753975875973": "value-9"}
2025-07-31 15:31:18,048 INFO  [io.api.tes.ser.api.KafkaSerdesTester] (Thread-237) Consumed 10 messages
2025-07-31 15:31:18,051 INFO  [org.apa.kaf.cli.con.int.ConsumerRebalanceListenerInvoker] (Thread-237) [Consumer clientId=consumer-Consumer-topic-f9031d9e_a20f_44c8_8a7c_c6c3df655427-15, groupId=Consumer-topic-f9031d9e_a20f_44c8_8a7c_c6c3df655427] Revoke previously assigned partitions topic-f9031d9e_a20f_44c8_8a7c_c6c3df655427-0
2025-07-31 15:31:18,051 INFO  [org.apa.kaf.cli.con.int.ConsumerCoordinator] (Thread-237) [Consumer clientId=consumer-Consumer-topic-f9031d9e_a20f_44c8_8a7c_c6c3df655427-15, groupId=Consumer-topic-f9031d9e_a20f_44c8_8a7c_c6c3df655427] Member consumer-Consumer-topic-f9031d9e_a20f_44c8_8a7c_c6c3df655427-15-8ee8a0a8-71a7-475d-877c-a6a3715f5b08 sending LeaveGroup request to coordinator localhost:32770 (id: 2147483647 rack: null) due to the consumer is being closed
2025-07-31 15:31:18,052 INFO  [org.apa.kaf.cli.con.int.ConsumerCoordinator] (Thread-237) [Consumer clientId=consumer-Consumer-topic-f9031d9e_a20f_44c8_8a7c_c6c3df655427-15, groupId=Consumer-topic-f9031d9e_a20f_44c8_8a7c_c6c3df655427] Resetting generation and member id due to: consumer pro-actively leaving the group
2025-07-31 15:31:18,052 INFO  [org.apa.kaf.cli.con.int.ConsumerCoordinator] (Thread-237) [Consumer clientId=consumer-Consumer-topic-f9031d9e_a20f_44c8_8a7c_c6c3df655427-15, groupId=Consumer-topic-f9031d9e_a20f_44c8_8a7c_c6c3df655427] Request joining group due to: consumer pro-actively leaving the group
2025-07-31 15:31:18,549 INFO  [org.apa.kaf.com.met.Metrics] (Thread-237) Metrics scheduler closed
2025-07-31 15:31:18,549 INFO  [org.apa.kaf.com.met.Metrics] (Thread-237) Closing reporter org.apache.kafka.common.metrics.JmxReporter
2025-07-31 15:31:18,549 INFO  [org.apa.kaf.com.met.Metrics] (Thread-237) Closing reporter org.apache.kafka.common.telemetry.internals.ClientTelemetryReporter
2025-07-31 15:31:18,549 INFO  [org.apa.kaf.com.met.Metrics] (Thread-237) Metrics reporters closed
2025-07-31 15:31:18,551 INFO  [org.apa.kaf.com.uti.AppInfoParser] (Thread-237) App info kafka.consumer for consumer-Consumer-topic-f9031d9e_a20f_44c8_8a7c_c6c3df655427-15 unregistered
2025-07-31 15:31:18,551 INFO  [org.apa.kaf.cli.con.int.ClassicKafkaConsumer] (Thread-238) [Consumer clientId=consumer-Consumer-topic-4e907c78_185d_4f9e_8807_b8b3457e3cb1-16, groupId=Consumer-topic-4e907c78_185d_4f9e_8807_b8b3457e3cb1] Subscribed to topic(s): topic-4e907c78_185d_4f9e_8807_b8b3457e3cb1
2025-07-31 15:31:18,556 INFO  [org.apa.kaf.cli.Metadata] (Thread-238) [Consumer clientId=consumer-Consumer-topic-4e907c78_185d_4f9e_8807_b8b3457e3cb1-16, groupId=Consumer-topic-4e907c78_185d_4f9e_8807_b8b3457e3cb1] Cluster ID: u8-Iy8eKRM2xsCw1W024xw
2025-07-31 15:31:18,556 INFO  [org.apa.kaf.cli.con.int.ConsumerCoordinator] (Thread-238) [Consumer clientId=consumer-Consumer-topic-4e907c78_185d_4f9e_8807_b8b3457e3cb1-16, groupId=Consumer-topic-4e907c78_185d_4f9e_8807_b8b3457e3cb1] Discovered group coordinator localhost:32770 (id: 2147483647 rack: null)
2025-07-31 15:31:18,557 INFO  [org.apa.kaf.cli.con.int.ConsumerCoordinator] (Thread-238) [Consumer clientId=consumer-Consumer-topic-4e907c78_185d_4f9e_8807_b8b3457e3cb1-16, groupId=Consumer-topic-4e907c78_185d_4f9e_8807_b8b3457e3cb1] (Re-)joining group
2025-07-31 15:31:18,561 INFO  [org.apa.kaf.cli.con.int.ConsumerCoordinator] (Thread-238) [Consumer clientId=consumer-Consumer-topic-4e907c78_185d_4f9e_8807_b8b3457e3cb1-16, groupId=Consumer-topic-4e907c78_185d_4f9e_8807_b8b3457e3cb1] Request joining group due to: need to re-join with the given member-id: consumer-Consumer-topic-4e907c78_185d_4f9e_8807_b8b3457e3cb1-16-658f1d70-7a5e-450b-b3e3-7d79aa379622
2025-07-31 15:31:18,561 INFO  [org.apa.kaf.cli.con.int.ConsumerCoordinator] (Thread-238) [Consumer clientId=consumer-Consumer-topic-4e907c78_185d_4f9e_8807_b8b3457e3cb1-16, groupId=Consumer-topic-4e907c78_185d_4f9e_8807_b8b3457e3cb1] (Re-)joining group
2025-07-31 15:31:18,564 INFO  [org.apa.kaf.cli.con.int.ConsumerCoordinator] (Thread-238) [Consumer clientId=consumer-Consumer-topic-4e907c78_185d_4f9e_8807_b8b3457e3cb1-16, groupId=Consumer-topic-4e907c78_185d_4f9e_8807_b8b3457e3cb1] Successfully joined group with generation Generation{generationId=1, memberId='consumer-Consumer-topic-4e907c78_185d_4f9e_8807_b8b3457e3cb1-16-658f1d70-7a5e-450b-b3e3-7d79aa379622', protocol='range'}
2025-07-31 15:31:18,564 INFO  [org.apa.kaf.cli.con.int.ConsumerCoordinator] (Thread-238) [Consumer clientId=consumer-Consumer-topic-4e907c78_185d_4f9e_8807_b8b3457e3cb1-16, groupId=Consumer-topic-4e907c78_185d_4f9e_8807_b8b3457e3cb1] Finished assignment for group at generation 1: {consumer-Consumer-topic-4e907c78_185d_4f9e_8807_b8b3457e3cb1-16-658f1d70-7a5e-450b-b3e3-7d79aa379622=Assignment(partitions=[topic-4e907c78_185d_4f9e_8807_b8b3457e3cb1-0])}
2025-07-31 15:31:18,566 INFO  [org.apa.kaf.cli.con.int.ConsumerCoordinator] (Thread-238) [Consumer clientId=consumer-Consumer-topic-4e907c78_185d_4f9e_8807_b8b3457e3cb1-16, groupId=Consumer-topic-4e907c78_185d_4f9e_8807_b8b3457e3cb1] Successfully synced group in generation Generation{generationId=1, memberId='consumer-Consumer-topic-4e907c78_185d_4f9e_8807_b8b3457e3cb1-16-658f1d70-7a5e-450b-b3e3-7d79aa379622', protocol='range'}
2025-07-31 15:31:18,566 INFO  [org.apa.kaf.cli.con.int.ConsumerCoordinator] (Thread-238) [Consumer clientId=consumer-Consumer-topic-4e907c78_185d_4f9e_8807_b8b3457e3cb1-16, groupId=Consumer-topic-4e907c78_185d_4f9e_8807_b8b3457e3cb1] Notifying assignor about the new Assignment(partitions=[topic-4e907c78_185d_4f9e_8807_b8b3457e3cb1-0])
2025-07-31 15:31:18,566 INFO  [org.apa.kaf.cli.con.int.ConsumerRebalanceListenerInvoker] (Thread-238) [Consumer clientId=consumer-Consumer-topic-4e907c78_185d_4f9e_8807_b8b3457e3cb1-16, groupId=Consumer-topic-4e907c78_185d_4f9e_8807_b8b3457e3cb1] Adding newly assigned partitions: topic-4e907c78_185d_4f9e_8807_b8b3457e3cb1-0
2025-07-31 15:31:18,567 INFO  [org.apa.kaf.cli.con.int.ConsumerCoordinator] (Thread-238) [Consumer clientId=consumer-Consumer-topic-4e907c78_185d_4f9e_8807_b8b3457e3cb1-16, groupId=Consumer-topic-4e907c78_185d_4f9e_8807_b8b3457e3cb1] Found no committed offset for partition topic-4e907c78_185d_4f9e_8807_b8b3457e3cb1-0
2025-07-31 15:31:18,570 INFO  [org.apa.kaf.cli.con.int.SubscriptionState] (Thread-238) [Consumer clientId=consumer-Consumer-topic-4e907c78_185d_4f9e_8807_b8b3457e3cb1-16, groupId=Consumer-topic-4e907c78_185d_4f9e_8807_b8b3457e3cb1] Resetting offset for partition topic-4e907c78_185d_4f9e_8807_b8b3457e3cb1-0 to position FetchPosition{offset=0, offsetEpoch=Optional.empty, currentLeader=LeaderAndEpoch{leader=Optional[localhost:32770 (id: 0 rack: null)], epoch=0}}.
2025-07-31 15:31:18,648 INFO  [io.api.tes.ser.api.KafkaSerdesTester] (Thread-238) topic-4e907c78_185d_4f9e_8807_b8b3457e3cb1 0 0 {"key11753975875973": "value-0"}
2025-07-31 15:31:18,649 INFO  [io.api.tes.ser.api.KafkaSerdesTester] (Thread-238) topic-4e907c78_185d_4f9e_8807_b8b3457e3cb1 0 1 {"key11753975875973": "value-1"}
2025-07-31 15:31:18,649 INFO  [io.api.tes.ser.api.KafkaSerdesTester] (Thread-238) topic-4e907c78_185d_4f9e_8807_b8b3457e3cb1 0 2 {"key11753975875973": "value-2"}
2025-07-31 15:31:18,649 INFO  [io.api.tes.ser.api.KafkaSerdesTester] (Thread-238) topic-4e907c78_185d_4f9e_8807_b8b3457e3cb1 0 3 {"key11753975875973": "value-3"}
2025-07-31 15:31:18,649 INFO  [io.api.tes.ser.api.KafkaSerdesTester] (Thread-238) topic-4e907c78_185d_4f9e_8807_b8b3457e3cb1 0 4 {"key11753975875973": "value-4"}
2025-07-31 15:31:18,649 INFO  [io.api.tes.ser.api.KafkaSerdesTester] (Thread-238) topic-4e907c78_185d_4f9e_8807_b8b3457e3cb1 0 5 {"key11753975875973": "value-5"}
2025-07-31 15:31:18,649 INFO  [io.api.tes.ser.api.KafkaSerdesTester] (Thread-238) topic-4e907c78_185d_4f9e_8807_b8b3457e3cb1 0 6 {"key11753975875973": "value-6"}
2025-07-31 15:31:18,649 INFO  [io.api.tes.ser.api.KafkaSerdesTester] (Thread-238) topic-4e907c78_185d_4f9e_8807_b8b3457e3cb1 0 7 {"key11753975875973": "value-7"}
2025-07-31 15:31:18,649 INFO  [io.api.tes.ser.api.KafkaSerdesTester] (Thread-238) topic-4e907c78_185d_4f9e_8807_b8b3457e3cb1 0 8 {"key11753975875973": "value-8"}
2025-07-31 15:31:18,649 INFO  [io.api.tes.ser.api.KafkaSerdesTester] (Thread-238) topic-4e907c78_185d_4f9e_8807_b8b3457e3cb1 0 9 {"key11753975875973": "value-9"}
2025-07-31 15:31:18,649 INFO  [io.api.tes.ser.api.KafkaSerdesTester] (Thread-238) Consumed 10 messages
2025-07-31 15:31:18,651 INFO  [org.apa.kaf.cli.con.int.ConsumerRebalanceListenerInvoker] (Thread-238) [Consumer clientId=consumer-Consumer-topic-4e907c78_185d_4f9e_8807_b8b3457e3cb1-16, groupId=Consumer-topic-4e907c78_185d_4f9e_8807_b8b3457e3cb1] Revoke previously assigned partitions topic-4e907c78_185d_4f9e_8807_b8b3457e3cb1-0
2025-07-31 15:31:18,651 INFO  [org.apa.kaf.cli.con.int.ConsumerCoordinator] (Thread-238) [Consumer clientId=consumer-Consumer-topic-4e907c78_185d_4f9e_8807_b8b3457e3cb1-16, groupId=Consumer-topic-4e907c78_185d_4f9e_8807_b8b3457e3cb1] Member consumer-Consumer-topic-4e907c78_185d_4f9e_8807_b8b3457e3cb1-16-658f1d70-7a5e-450b-b3e3-7d79aa379622 sending LeaveGroup request to coordinator localhost:32770 (id: 2147483647 rack: null) due to the consumer is being closed
2025-07-31 15:31:18,652 INFO  [org.apa.kaf.cli.con.int.ConsumerCoordinator] (Thread-238) [Consumer clientId=consumer-Consumer-topic-4e907c78_185d_4f9e_8807_b8b3457e3cb1-16, groupId=Consumer-topic-4e907c78_185d_4f9e_8807_b8b3457e3cb1] Resetting generation and member id due to: consumer pro-actively leaving the group
2025-07-31 15:31:18,652 INFO  [org.apa.kaf.cli.con.int.ConsumerCoordinator] (Thread-238) [Consumer clientId=consumer-Consumer-topic-4e907c78_185d_4f9e_8807_b8b3457e3cb1-16, groupId=Consumer-topic-4e907c78_185d_4f9e_8807_b8b3457e3cb1] Request joining group due to: consumer pro-actively leaving the group
2025-07-31 15:31:19,150 INFO  [org.apa.kaf.com.met.Metrics] (Thread-238) Metrics scheduler closed
2025-07-31 15:31:19,150 INFO  [org.apa.kaf.com.met.Metrics] (Thread-238) Closing reporter org.apache.kafka.common.metrics.JmxReporter
2025-07-31 15:31:19,150 INFO  [org.apa.kaf.com.met.Metrics] (Thread-238) Closing reporter org.apache.kafka.common.telemetry.internals.ClientTelemetryReporter
2025-07-31 15:31:19,150 INFO  [org.apa.kaf.com.met.Metrics] (Thread-238) Metrics reporters closed
2025-07-31 15:31:19,152 INFO  [org.apa.kaf.com.uti.AppInfoParser] (Thread-238) App info kafka.consumer for consumer-Consumer-topic-4e907c78_185d_4f9e_8807_b8b3457e3cb1-16 unregistered
2025-07-31 15:31:19,154 INFO  [io.api.tes.uti.TestSeparator] (main) io.apicurio.tests.serdes.apicurio.AvroSerdeIT.testAvroConfluentForMultipleTopics-FINISHED
2025-07-31 15:31:19,154 INFO  [io.api.tes.uti.TestSeparator] (main) ############################################################################
]]></system-out>
  </testcase>
  <testcase name="testFirstRequestFailsRateLimited" classname="io.apicurio.tests.serdes.apicurio.AvroSerdeIT" time="0.992">
    <system-out><![CDATA[2025-07-31 15:31:19,156 INFO  [io.api.tes.uti.TestSeparator] (main) ############################################################################
2025-07-31 15:31:19,157 INFO  [io.api.tes.uti.TestSeparator] (main) io.apicurio.tests.serdes.apicurio.AvroSerdeIT.testFirstRequestFailsRateLimited-STARTED
2025-07-31 15:31:19,676 WARN  [org.ecl.jet.ser.AbstractConnector] (main) Acceptors should be <= availableProcessors: NetworkTrafficServerConnector@9acee30{HTTP/1.1, (http/1.1, h2c)}{0.0.0.0:0} 
2025-07-31 15:31:19,780 INFO  [org.ecl.jet.ser.Server] (main) jetty-11.0.15; built: 2023-04-11T18:37:53.775Z; git: 5bc5e562c8d05c5862505aebe5cf83a61bdbcb96; jvm 17.0.16+8
2025-07-31 15:31:19,797 INFO  [org.ecl.jet.ser.han.ContextHandler] (main) Started o.e.j.s.ServletContextHandler@6d512521{/__admin,null,AVAILABLE}
2025-07-31 15:31:19,803 INFO  [org.ecl.jet.ser.han.Con.ROOT] (main) RequestHandlerClass from context returned com.github.tomakehurst.wiremock.http.StubRequestHandler. Normalized mapped under returned 'null'
2025-07-31 15:31:19,803 INFO  [org.ecl.jet.ser.han.ContextHandler] (main) Started o.e.j.s.ServletContextHandler@73ff16a1{/,null,AVAILABLE}
2025-07-31 15:31:19,811 INFO  [org.ecl.jet.ser.AbstractConnector] (main) Started NetworkTrafficServerConnector@9acee30{HTTP/1.1, (http/1.1, h2c)}{0.0.0.0:39407}
2025-07-31 15:31:19,814 INFO  [org.ecl.jet.ser.Server] (main) Started Server@78ab6103{STARTING}[11.0.15,sto=1000] @58311ms
2025-07-31 15:31:19,824 INFO  [org.apa.kaf.cli.pro.ProducerConfig] (main) ProducerConfig values: 
	acks = -1
	auto.include.jmx.reporter = true
	batch.size = 16384
	bootstrap.servers = [PLAINTEXT://localhost:32770]
	buffer.memory = 33554432
	client.dns.lookup = use_all_dns_ips
	client.id = Producer-topic-38832596_6726_4cd0_80ef_dd597b73c2cc
	compression.gzip.level = -1
	compression.lz4.level = 9
	compression.type = none
	compression.zstd.level = 3
	connections.max.idle.ms = 10000
	delivery.timeout.ms = 120000
	enable.idempotence = true
	enable.metrics.push = true
	interceptor.classes = []
	key.serializer = class org.apache.kafka.common.serialization.StringSerializer
	linger.ms = 0
	max.block.ms = 60000
	max.in.flight.requests.per.connection = 5
	max.request.size = 1048576
	metadata.max.age.ms = 300000
	metadata.max.idle.ms = 300000
	metadata.recovery.strategy = none
	metric.reporters = []
	metrics.num.samples = 2
	metrics.recording.level = INFO
	metrics.sample.window.ms = 30000
	partitioner.adaptive.partitioning.enable = true
	partitioner.availability.timeout.ms = 0
	partitioner.class = null
	partitioner.ignore.keys = false
	receive.buffer.bytes = 32768
	reconnect.backoff.max.ms = 1000
	reconnect.backoff.ms = 50
	request.timeout.ms = 5000
	retries = 2147483647
	retry.backoff.max.ms = 1000
	retry.backoff.ms = 100
	sasl.client.callback.handler.class = null
	sasl.jaas.config = null
	sasl.kerberos.kinit.cmd = /usr/bin/kinit
	sasl.kerberos.min.time.before.relogin = 60000
	sasl.kerberos.service.name = null
	sasl.kerberos.ticket.renew.jitter = 0.05
	sasl.kerberos.ticket.renew.window.factor = 0.8
	sasl.login.callback.handler.class = null
	sasl.login.class = null
	sasl.login.connect.timeout.ms = null
	sasl.login.read.timeout.ms = null
	sasl.login.refresh.buffer.seconds = 300
	sasl.login.refresh.min.period.seconds = 60
	sasl.login.refresh.window.factor = 0.8
	sasl.login.refresh.window.jitter = 0.05
	sasl.login.retry.backoff.max.ms = 10000
	sasl.login.retry.backoff.ms = 100
	sasl.mechanism = GSSAPI
	sasl.oauthbearer.clock.skew.seconds = 30
	sasl.oauthbearer.expected.audience = null
	sasl.oauthbearer.expected.issuer = null
	sasl.oauthbearer.header.urlencode = false
	sasl.oauthbearer.jwks.endpoint.refresh.ms = 3600000
	sasl.oauthbearer.jwks.endpoint.retry.backoff.max.ms = 10000
	sasl.oauthbearer.jwks.endpoint.retry.backoff.ms = 100
	sasl.oauthbearer.jwks.endpoint.url = null
	sasl.oauthbearer.scope.claim.name = scope
	sasl.oauthbearer.sub.claim.name = sub
	sasl.oauthbearer.token.endpoint.url = null
	security.protocol = PLAINTEXT
	security.providers = null
	send.buffer.bytes = 131072
	socket.connection.setup.timeout.max.ms = 30000
	socket.connection.setup.timeout.ms = 10000
	ssl.cipher.suites = null
	ssl.enabled.protocols = [TLSv1.2, TLSv1.3]
	ssl.endpoint.identification.algorithm = https
	ssl.engine.factory.class = null
	ssl.key.password = null
	ssl.keymanager.algorithm = SunX509
	ssl.keystore.certificate.chain = null
	ssl.keystore.key = null
	ssl.keystore.location = null
	ssl.keystore.password = null
	ssl.keystore.type = JKS
	ssl.protocol = TLSv1.3
	ssl.provider = null
	ssl.secure.random.implementation = null
	ssl.trustmanager.algorithm = PKIX
	ssl.truststore.certificates = null
	ssl.truststore.location = null
	ssl.truststore.password = null
	ssl.truststore.type = JKS
	transaction.timeout.ms = 60000
	transactional.id = null
	value.serializer = class io.apicurio.registry.serde.avro.AvroKafkaSerializer

2025-07-31 15:31:19,824 INFO  [org.apa.kaf.com.tel.int.KafkaMetricsCollector] (main) initializing Kafka metrics collector
2025-07-31 15:31:19,828 INFO  [org.apa.kaf.cli.pro.KafkaProducer] (main) [Producer clientId=Producer-topic-38832596_6726_4cd0_80ef_dd597b73c2cc] Instantiated an idempotent producer.
2025-07-31 15:31:19,830 INFO  [org.apa.kaf.cli.pro.ProducerConfig] (main) These configurations '[apicurio.registry.url, apicurio.registry.artifact-resolver-strategy]' were supplied but are not used yet.
2025-07-31 15:31:19,830 INFO  [org.apa.kaf.com.uti.AppInfoParser] (main) Kafka version: 3.9.0
2025-07-31 15:31:19,830 INFO  [org.apa.kaf.com.uti.AppInfoParser] (main) Kafka commitId: 84caaa6e9da06435
2025-07-31 15:31:19,831 INFO  [org.apa.kaf.com.uti.AppInfoParser] (main) Kafka startTimeMs: 1753975879830
2025-07-31 15:31:19,832 INFO  [io.api.tes.ser.api.KafkaSerdesTester] (Thread-249) Sending message {"keyB": "value-0"} to topic topic-38832596_6726_4cd0_80ef_dd597b73c2cc
2025-07-31 15:31:19,859 WARN  [org.apa.kaf.cli.NetworkClient] (kafka-producer-network-thread | Producer-topic-38832596_6726_4cd0_80ef_dd597b73c2cc) [Producer clientId=Producer-topic-38832596_6726_4cd0_80ef_dd597b73c2cc] The metadata response from the cluster reported a recoverable issue with correlation id 2 : {topic-38832596_6726_4cd0_80ef_dd597b73c2cc=LEADER_NOT_AVAILABLE}
2025-07-31 15:31:19,859 INFO  [org.apa.kaf.cli.Metadata] (kafka-producer-network-thread | Producer-topic-38832596_6726_4cd0_80ef_dd597b73c2cc) [Producer clientId=Producer-topic-38832596_6726_4cd0_80ef_dd597b73c2cc] Cluster ID: u8-Iy8eKRM2xsCw1W024xw
2025-07-31 15:31:19,862 INFO  [org.apa.kaf.cli.pro.int.TransactionManager] (kafka-producer-network-thread | Producer-topic-38832596_6726_4cd0_80ef_dd597b73c2cc) [Producer clientId=Producer-topic-38832596_6726_4cd0_80ef_dd597b73c2cc] ProducerId set to 22 with epoch 0
2025-07-31 15:31:19,974 INFO  [DefaultSchemaResolver] (Thread-249) Retrieving schema content using string: {"type":"record","name":"myrecord","namespace":"mygroup","fields":[{"name":"keyB","type":"string"}]}
2025-07-31 15:31:20,125 INFO  [org.apa.kaf.cli.pro.KafkaProducer] (Thread-249) [Producer clientId=Producer-topic-38832596_6726_4cd0_80ef_dd597b73c2cc] Closing the Kafka producer with timeoutMillis = 9223372036854775807 ms.
2025-07-31 15:31:20,130 INFO  [org.apa.kaf.com.met.Metrics] (Thread-249) Metrics scheduler closed
2025-07-31 15:31:20,130 INFO  [org.apa.kaf.com.met.Metrics] (Thread-249) Closing reporter org.apache.kafka.common.metrics.JmxReporter
2025-07-31 15:31:20,130 INFO  [org.apa.kaf.com.met.Metrics] (Thread-249) Closing reporter org.apache.kafka.common.telemetry.internals.ClientTelemetryReporter
2025-07-31 15:31:20,130 INFO  [org.apa.kaf.com.met.Metrics] (Thread-249) Metrics reporters closed
2025-07-31 15:31:20,130 INFO  [org.apa.kaf.com.uti.AppInfoParser] (Thread-249) App info kafka.producer for Producer-topic-38832596_6726_4cd0_80ef_dd597b73c2cc unregistered
2025-07-31 15:31:20,133 INFO  [org.ecl.jet.ser.Server] (main) Stopped Server@78ab6103{STOPPING}[11.0.15,sto=1000]
2025-07-31 15:31:20,133 INFO  [org.ecl.jet.ser.Server] (main) Shutdown Server@78ab6103{STOPPING}[11.0.15,sto=1000]
2025-07-31 15:31:20,139 INFO  [org.ecl.jet.ser.AbstractConnector] (main) Stopped NetworkTrafficServerConnector@9acee30{HTTP/1.1, (http/1.1, h2c)}{0.0.0.0:0}
2025-07-31 15:31:20,140 INFO  [org.ecl.jet.ser.han.ContextHandler] (main) Stopped o.e.j.s.ServletContextHandler@73ff16a1{/,null,STOPPED}
2025-07-31 15:31:20,141 INFO  [org.ecl.jet.ser.han.ContextHandler] (main) Stopped o.e.j.s.ServletContextHandler@6d512521{/__admin,null,STOPPED}
2025-07-31 15:31:20,145 INFO  [io.api.tes.uti.TestSeparator] (main) io.apicurio.tests.serdes.apicurio.AvroSerdeIT.testFirstRequestFailsRateLimited-FINISHED
2025-07-31 15:31:20,145 INFO  [io.api.tes.uti.TestSeparator] (main) ############################################################################
]]></system-out>
    <system-err><![CDATA[com.microsoft.kiota.ApiException: the server returned an unexpected status code and no error class is registered for this code 429
	at com.microsoft.kiota.ApiExceptionBuilder.withMessage(ApiExceptionBuilder.java:45)
	at io.kiota.http.vertx.VertXRequestAdapter.throwIfFailedResponse(VertXRequestAdapter.java:370)
	at io.kiota.http.vertx.VertXRequestAdapter.send(VertXRequestAdapter.java:170)
	at io.apicurio.registry.rest.client.search.versions.VersionsRequestBuilder.post(VersionsRequestBuilder.java:94)
	at io.apicurio.registry.resolver.DefaultSchemaResolver.lambda$handleResolveSchemaByContent$5(DefaultSchemaResolver.java:276)
	at io.apicurio.registry.resolver.ERCache.lambda$getValue$0(ERCache.java:181)
	at io.apicurio.registry.resolver.ERCache.retry(ERCache.java:234)
	at io.apicurio.registry.resolver.ERCache.getValue(ERCache.java:180)
	at io.apicurio.registry.resolver.ERCache.getByContent(ERCache.java:154)
	at io.apicurio.registry.resolver.DefaultSchemaResolver.handleResolveSchemaByContent(DefaultSchemaResolver.java:269)
	at io.apicurio.registry.resolver.DefaultSchemaResolver.getSchemaFromRegistry(DefaultSchemaResolver.java:142)
	at io.apicurio.registry.resolver.DefaultSchemaResolver.lambda$resolveSchema$0(DefaultSchemaResolver.java:86)
	at java.base/java.util.Optional.orElseGet(Optional.java:364)
	at io.apicurio.registry.resolver.DefaultSchemaResolver.resolveSchema(DefaultSchemaResolver.java:86)
	at io.apicurio.registry.serde.AbstractSerializer.serializeData(AbstractSerializer.java:62)
	at io.apicurio.registry.serde.KafkaSerializer.serialize(KafkaSerializer.java:77)
	at org.apache.kafka.clients.producer.KafkaProducer.doSend(KafkaProducer.java:1046)
	at org.apache.kafka.clients.producer.KafkaProducer.send(KafkaProducer.java:993)
	at org.apache.kafka.clients.producer.KafkaProducer.send(KafkaProducer.java:875)
	at io.apicurio.tests.serdes.apicurio.KafkaSerdesTester.lambda$produceMessages$3(KafkaSerdesTester.java:138)
	at java.base/java.util.concurrent.CompletableFuture$AsyncSupply.run(CompletableFuture.java:1768)
	at java.base/java.lang.Thread.run(Thread.java:840)
]]></system-err>
  </testcase>
  <testcase name="testFirstEmptyFieldConfusedAsMagicByte" classname="io.apicurio.tests.serdes.apicurio.AvroSerdeIT" time="0.928">
    <system-out><![CDATA[2025-07-31 15:31:20,149 INFO  [io.api.tes.uti.TestSeparator] (main) ############################################################################
2025-07-31 15:31:20,149 INFO  [io.api.tes.uti.TestSeparator] (main) io.apicurio.tests.serdes.apicurio.AvroSerdeIT.testFirstEmptyFieldConfusedAsMagicByte-STARTED
2025-07-31 15:31:20,156 INFO  [org.apa.kaf.cli.pro.ProducerConfig] (main) ProducerConfig values: 
	acks = -1
	auto.include.jmx.reporter = true
	batch.size = 16384
	bootstrap.servers = [PLAINTEXT://localhost:32770]
	buffer.memory = 33554432
	client.dns.lookup = use_all_dns_ips
	client.id = Producer-topic-f4863ac1_4eaa_48a4_a818_2f413755f78b
	compression.gzip.level = -1
	compression.lz4.level = 9
	compression.type = none
	compression.zstd.level = 3
	connections.max.idle.ms = 10000
	delivery.timeout.ms = 120000
	enable.idempotence = true
	enable.metrics.push = true
	interceptor.classes = []
	key.serializer = class org.apache.kafka.common.serialization.StringSerializer
	linger.ms = 0
	max.block.ms = 60000
	max.in.flight.requests.per.connection = 5
	max.request.size = 1048576
	metadata.max.age.ms = 300000
	metadata.max.idle.ms = 300000
	metadata.recovery.strategy = none
	metric.reporters = []
	metrics.num.samples = 2
	metrics.recording.level = INFO
	metrics.sample.window.ms = 30000
	partitioner.adaptive.partitioning.enable = true
	partitioner.availability.timeout.ms = 0
	partitioner.class = null
	partitioner.ignore.keys = false
	receive.buffer.bytes = 32768
	reconnect.backoff.max.ms = 1000
	reconnect.backoff.ms = 50
	request.timeout.ms = 5000
	retries = 2147483647
	retry.backoff.max.ms = 1000
	retry.backoff.ms = 100
	sasl.client.callback.handler.class = null
	sasl.jaas.config = null
	sasl.kerberos.kinit.cmd = /usr/bin/kinit
	sasl.kerberos.min.time.before.relogin = 60000
	sasl.kerberos.service.name = null
	sasl.kerberos.ticket.renew.jitter = 0.05
	sasl.kerberos.ticket.renew.window.factor = 0.8
	sasl.login.callback.handler.class = null
	sasl.login.class = null
	sasl.login.connect.timeout.ms = null
	sasl.login.read.timeout.ms = null
	sasl.login.refresh.buffer.seconds = 300
	sasl.login.refresh.min.period.seconds = 60
	sasl.login.refresh.window.factor = 0.8
	sasl.login.refresh.window.jitter = 0.05
	sasl.login.retry.backoff.max.ms = 10000
	sasl.login.retry.backoff.ms = 100
	sasl.mechanism = GSSAPI
	sasl.oauthbearer.clock.skew.seconds = 30
	sasl.oauthbearer.expected.audience = null
	sasl.oauthbearer.expected.issuer = null
	sasl.oauthbearer.header.urlencode = false
	sasl.oauthbearer.jwks.endpoint.refresh.ms = 3600000
	sasl.oauthbearer.jwks.endpoint.retry.backoff.max.ms = 10000
	sasl.oauthbearer.jwks.endpoint.retry.backoff.ms = 100
	sasl.oauthbearer.jwks.endpoint.url = null
	sasl.oauthbearer.scope.claim.name = scope
	sasl.oauthbearer.sub.claim.name = sub
	sasl.oauthbearer.token.endpoint.url = null
	security.protocol = PLAINTEXT
	security.providers = null
	send.buffer.bytes = 131072
	socket.connection.setup.timeout.max.ms = 30000
	socket.connection.setup.timeout.ms = 10000
	ssl.cipher.suites = null
	ssl.enabled.protocols = [TLSv1.2, TLSv1.3]
	ssl.endpoint.identification.algorithm = https
	ssl.engine.factory.class = null
	ssl.key.password = null
	ssl.keymanager.algorithm = SunX509
	ssl.keystore.certificate.chain = null
	ssl.keystore.key = null
	ssl.keystore.location = null
	ssl.keystore.password = null
	ssl.keystore.type = JKS
	ssl.protocol = TLSv1.3
	ssl.provider = null
	ssl.secure.random.implementation = null
	ssl.trustmanager.algorithm = PKIX
	ssl.truststore.certificates = null
	ssl.truststore.location = null
	ssl.truststore.password = null
	ssl.truststore.type = JKS
	transaction.timeout.ms = 60000
	transactional.id = null
	value.serializer = class io.apicurio.registry.serde.avro.AvroKafkaSerializer

2025-07-31 15:31:20,156 INFO  [org.apa.kaf.com.tel.int.KafkaMetricsCollector] (main) initializing Kafka metrics collector
2025-07-31 15:31:20,167 INFO  [org.apa.kaf.cli.pro.KafkaProducer] (main) [Producer clientId=Producer-topic-f4863ac1_4eaa_48a4_a818_2f413755f78b] Instantiated an idempotent producer.
2025-07-31 15:31:20,177 INFO  [org.apa.kaf.cli.pro.ProducerConfig] (main) These configurations '[apicurio.registry.url, apicurio.registry.auto-register, apicurio.registry.artifact-resolver-strategy]' were supplied but are not used yet.
2025-07-31 15:31:20,177 INFO  [org.apa.kaf.com.uti.AppInfoParser] (main) Kafka version: 3.9.0
2025-07-31 15:31:20,177 INFO  [org.apa.kaf.com.uti.AppInfoParser] (main) Kafka commitId: 84caaa6e9da06435
2025-07-31 15:31:20,177 INFO  [org.apa.kaf.com.uti.AppInfoParser] (main) Kafka startTimeMs: 1753975880177
2025-07-31 15:31:20,177 INFO  [io.api.tes.ser.api.SimpleSerdesTesterBuilder$SimpleSerdesTester] (main) Using producer configuration: {apicurio.registry.url=http://registry-app-mysql.apps.ci419.apicurio-testing.org:80/apis/registry/v3, apicurio.registry.auto-register=true, apicurio.registry.artifact-resolver-strategy=io.apicurio.registry.serde.strategy.SimpleTopicIdStrategy, value.serializer=io.apicurio.registry.serde.avro.AvroKafkaSerializer, request.timeout.ms=5000, acks=all, bootstrap.servers=PLAINTEXT://localhost:32770, connections.max.idle.ms=10000, key.serializer=org.apache.kafka.common.serialization.StringSerializer, client.id=Producer-topic-f4863ac1_4eaa_48a4_a818_2f413755f78b}
2025-07-31 15:31:20,177 INFO  [io.api.tes.ser.api.SimpleSerdesTesterBuilder$SimpleSerdesTester] (main) Using consumer configuration: {}
2025-07-31 15:31:20,179 INFO  [io.api.tes.ser.api.KafkaSerdesTester] (Thread-252) Sending message {"username": null} to topic topic-f4863ac1_4eaa_48a4_a818_2f413755f78b
2025-07-31 15:31:20,195 WARN  [org.apa.kaf.cli.NetworkClient] (kafka-producer-network-thread | Producer-topic-f4863ac1_4eaa_48a4_a818_2f413755f78b) [Producer clientId=Producer-topic-f4863ac1_4eaa_48a4_a818_2f413755f78b] The metadata response from the cluster reported a recoverable issue with correlation id 2 : {topic-f4863ac1_4eaa_48a4_a818_2f413755f78b=LEADER_NOT_AVAILABLE}
2025-07-31 15:31:20,195 INFO  [org.apa.kaf.cli.Metadata] (kafka-producer-network-thread | Producer-topic-f4863ac1_4eaa_48a4_a818_2f413755f78b) [Producer clientId=Producer-topic-f4863ac1_4eaa_48a4_a818_2f413755f78b] Cluster ID: u8-Iy8eKRM2xsCw1W024xw
2025-07-31 15:31:20,200 INFO  [org.apa.kaf.cli.pro.int.TransactionManager] (kafka-producer-network-thread | Producer-topic-f4863ac1_4eaa_48a4_a818_2f413755f78b) [Producer clientId=Producer-topic-f4863ac1_4eaa_48a4_a818_2f413755f78b] ProducerId set to 23 with epoch 0
2025-07-31 15:31:20,389 INFO  [io.api.tes.ser.api.KafkaSerdesTester] (Thread-252) Sending message {"username": null} to topic topic-f4863ac1_4eaa_48a4_a818_2f413755f78b
2025-07-31 15:31:20,394 INFO  [io.api.tes.ser.api.KafkaSerdesTester] (Thread-252) Sending message {"username": "value-2"} to topic topic-f4863ac1_4eaa_48a4_a818_2f413755f78b
2025-07-31 15:31:20,399 INFO  [io.api.tes.ser.api.KafkaSerdesTester] (Thread-252) Sending message {"username": null} to topic topic-f4863ac1_4eaa_48a4_a818_2f413755f78b
2025-07-31 15:31:20,401 INFO  [io.api.tes.ser.api.KafkaSerdesTester] (Thread-252) Sending message {"username": "value-4"} to topic topic-f4863ac1_4eaa_48a4_a818_2f413755f78b
2025-07-31 15:31:20,402 INFO  [io.api.tes.ser.api.KafkaSerdesTester] (Thread-252) Sending message {"username": null} to topic topic-f4863ac1_4eaa_48a4_a818_2f413755f78b
2025-07-31 15:31:20,403 INFO  [io.api.tes.ser.api.KafkaSerdesTester] (Thread-252) Sending message {"username": "value-6"} to topic topic-f4863ac1_4eaa_48a4_a818_2f413755f78b
2025-07-31 15:31:20,406 INFO  [io.api.tes.ser.api.KafkaSerdesTester] (Thread-252) Sending message {"username": null} to topic topic-f4863ac1_4eaa_48a4_a818_2f413755f78b
2025-07-31 15:31:20,408 INFO  [io.api.tes.ser.api.KafkaSerdesTester] (Thread-252) Sending message {"username": "value-8"} to topic topic-f4863ac1_4eaa_48a4_a818_2f413755f78b
2025-07-31 15:31:20,409 INFO  [io.api.tes.ser.api.KafkaSerdesTester] (Thread-252) Sending message {"username": null} to topic topic-f4863ac1_4eaa_48a4_a818_2f413755f78b
2025-07-31 15:31:20,410 INFO  [io.api.tes.ser.api.KafkaSerdesTester] (Thread-252) Produced 10 messages
2025-07-31 15:31:20,410 INFO  [org.apa.kaf.cli.pro.KafkaProducer] (Thread-252) [Producer clientId=Producer-topic-f4863ac1_4eaa_48a4_a818_2f413755f78b] Closing the Kafka producer with timeoutMillis = 9223372036854775807 ms.
2025-07-31 15:31:20,411 INFO  [org.apa.kaf.com.met.Metrics] (Thread-252) Metrics scheduler closed
2025-07-31 15:31:20,411 INFO  [org.apa.kaf.com.met.Metrics] (Thread-252) Closing reporter org.apache.kafka.common.metrics.JmxReporter
2025-07-31 15:31:20,411 INFO  [org.apa.kaf.com.met.Metrics] (Thread-252) Closing reporter org.apache.kafka.common.telemetry.internals.ClientTelemetryReporter
2025-07-31 15:31:20,411 INFO  [org.apa.kaf.com.met.Metrics] (Thread-252) Metrics reporters closed
2025-07-31 15:31:20,411 INFO  [org.apa.kaf.com.uti.AppInfoParser] (Thread-252) App info kafka.producer for Producer-topic-f4863ac1_4eaa_48a4_a818_2f413755f78b unregistered
2025-07-31 15:31:20,469 INFO  [org.apa.kaf.cli.con.ConsumerConfig] (main) ConsumerConfig values: 
	allow.auto.create.topics = true
	auto.commit.interval.ms = 500
	auto.include.jmx.reporter = true
	auto.offset.reset = earliest
	bootstrap.servers = [PLAINTEXT://localhost:32770]
	check.crcs = true
	client.dns.lookup = use_all_dns_ips
	client.id = consumer-Consumer-topic-f4863ac1_4eaa_48a4_a818_2f413755f78b-17
	client.rack = 
	connections.max.idle.ms = 10000
	default.api.timeout.ms = 60000
	enable.auto.commit = true
	enable.metrics.push = true
	exclude.internal.topics = true
	fetch.max.bytes = 52428800
	fetch.max.wait.ms = 500
	fetch.min.bytes = 1
	group.id = Consumer-topic-f4863ac1_4eaa_48a4_a818_2f413755f78b
	group.instance.id = null
	group.protocol = classic
	group.remote.assignor = null
	heartbeat.interval.ms = 3000
	interceptor.classes = []
	internal.leave.group.on.close = true
	internal.throw.on.fetch.stable.offset.unsupported = false
	isolation.level = read_uncommitted
	key.deserializer = class org.apache.kafka.common.serialization.StringDeserializer
	max.partition.fetch.bytes = 1048576
	max.poll.interval.ms = 300000
	max.poll.records = 500
	metadata.max.age.ms = 300000
	metadata.recovery.strategy = none
	metric.reporters = []
	metrics.num.samples = 2
	metrics.recording.level = INFO
	metrics.sample.window.ms = 30000
	partition.assignment.strategy = [class org.apache.kafka.clients.consumer.RangeAssignor, class org.apache.kafka.clients.consumer.CooperativeStickyAssignor]
	receive.buffer.bytes = 65536
	reconnect.backoff.max.ms = 1000
	reconnect.backoff.ms = 50
	request.timeout.ms = 5000
	retry.backoff.max.ms = 1000
	retry.backoff.ms = 100
	sasl.client.callback.handler.class = null
	sasl.jaas.config = null
	sasl.kerberos.kinit.cmd = /usr/bin/kinit
	sasl.kerberos.min.time.before.relogin = 60000
	sasl.kerberos.service.name = null
	sasl.kerberos.ticket.renew.jitter = 0.05
	sasl.kerberos.ticket.renew.window.factor = 0.8
	sasl.login.callback.handler.class = null
	sasl.login.class = null
	sasl.login.connect.timeout.ms = null
	sasl.login.read.timeout.ms = null
	sasl.login.refresh.buffer.seconds = 300
	sasl.login.refresh.min.period.seconds = 60
	sasl.login.refresh.window.factor = 0.8
	sasl.login.refresh.window.jitter = 0.05
	sasl.login.retry.backoff.max.ms = 10000
	sasl.login.retry.backoff.ms = 100
	sasl.mechanism = GSSAPI
	sasl.oauthbearer.clock.skew.seconds = 30
	sasl.oauthbearer.expected.audience = null
	sasl.oauthbearer.expected.issuer = null
	sasl.oauthbearer.header.urlencode = false
	sasl.oauthbearer.jwks.endpoint.refresh.ms = 3600000
	sasl.oauthbearer.jwks.endpoint.retry.backoff.max.ms = 10000
	sasl.oauthbearer.jwks.endpoint.retry.backoff.ms = 100
	sasl.oauthbearer.jwks.endpoint.url = null
	sasl.oauthbearer.scope.claim.name = scope
	sasl.oauthbearer.sub.claim.name = sub
	sasl.oauthbearer.token.endpoint.url = null
	security.protocol = PLAINTEXT
	security.providers = null
	send.buffer.bytes = 131072
	session.timeout.ms = 45000
	socket.connection.setup.timeout.max.ms = 30000
	socket.connection.setup.timeout.ms = 10000
	ssl.cipher.suites = null
	ssl.enabled.protocols = [TLSv1.2, TLSv1.3]
	ssl.endpoint.identification.algorithm = https
	ssl.engine.factory.class = null
	ssl.key.password = null
	ssl.keymanager.algorithm = SunX509
	ssl.keystore.certificate.chain = null
	ssl.keystore.key = null
	ssl.keystore.location = null
	ssl.keystore.password = null
	ssl.keystore.type = JKS
	ssl.protocol = TLSv1.3
	ssl.provider = null
	ssl.secure.random.implementation = null
	ssl.trustmanager.algorithm = PKIX
	ssl.truststore.certificates = null
	ssl.truststore.location = null
	ssl.truststore.password = null
	ssl.truststore.type = JKS
	value.deserializer = class io.apicurio.registry.serde.avro.AvroKafkaDeserializer

2025-07-31 15:31:20,469 INFO  [org.apa.kaf.com.tel.int.KafkaMetricsCollector] (main) initializing Kafka metrics collector
2025-07-31 15:31:20,473 INFO  [org.apa.kaf.cli.con.ConsumerConfig] (main) These configurations '[apicurio.registry.url]' were supplied but are not used yet.
2025-07-31 15:31:20,473 INFO  [org.apa.kaf.com.uti.AppInfoParser] (main) Kafka version: 3.9.0
2025-07-31 15:31:20,473 INFO  [org.apa.kaf.com.uti.AppInfoParser] (main) Kafka commitId: 84caaa6e9da06435
2025-07-31 15:31:20,473 INFO  [org.apa.kaf.com.uti.AppInfoParser] (main) Kafka startTimeMs: 1753975880473
2025-07-31 15:31:20,473 INFO  [org.apa.kaf.cli.con.int.ClassicKafkaConsumer] (Thread-255) [Consumer clientId=consumer-Consumer-topic-f4863ac1_4eaa_48a4_a818_2f413755f78b-17, groupId=Consumer-topic-f4863ac1_4eaa_48a4_a818_2f413755f78b] Subscribed to topic(s): topic-f4863ac1_4eaa_48a4_a818_2f413755f78b
2025-07-31 15:31:20,477 INFO  [org.apa.kaf.cli.Metadata] (Thread-255) [Consumer clientId=consumer-Consumer-topic-f4863ac1_4eaa_48a4_a818_2f413755f78b-17, groupId=Consumer-topic-f4863ac1_4eaa_48a4_a818_2f413755f78b] Cluster ID: u8-Iy8eKRM2xsCw1W024xw
2025-07-31 15:31:20,477 INFO  [org.apa.kaf.cli.con.int.ConsumerCoordinator] (Thread-255) [Consumer clientId=consumer-Consumer-topic-f4863ac1_4eaa_48a4_a818_2f413755f78b-17, groupId=Consumer-topic-f4863ac1_4eaa_48a4_a818_2f413755f78b] Discovered group coordinator localhost:32770 (id: 2147483647 rack: null)
2025-07-31 15:31:20,478 INFO  [org.apa.kaf.cli.con.int.ConsumerCoordinator] (Thread-255) [Consumer clientId=consumer-Consumer-topic-f4863ac1_4eaa_48a4_a818_2f413755f78b-17, groupId=Consumer-topic-f4863ac1_4eaa_48a4_a818_2f413755f78b] (Re-)joining group
2025-07-31 15:31:20,481 INFO  [org.apa.kaf.cli.con.int.ConsumerCoordinator] (Thread-255) [Consumer clientId=consumer-Consumer-topic-f4863ac1_4eaa_48a4_a818_2f413755f78b-17, groupId=Consumer-topic-f4863ac1_4eaa_48a4_a818_2f413755f78b] Request joining group due to: need to re-join with the given member-id: consumer-Consumer-topic-f4863ac1_4eaa_48a4_a818_2f413755f78b-17-113bb6fc-668f-42a1-8998-0a99b84700aa
2025-07-31 15:31:20,481 INFO  [org.apa.kaf.cli.con.int.ConsumerCoordinator] (Thread-255) [Consumer clientId=consumer-Consumer-topic-f4863ac1_4eaa_48a4_a818_2f413755f78b-17, groupId=Consumer-topic-f4863ac1_4eaa_48a4_a818_2f413755f78b] (Re-)joining group
2025-07-31 15:31:20,484 INFO  [org.apa.kaf.cli.con.int.ConsumerCoordinator] (Thread-255) [Consumer clientId=consumer-Consumer-topic-f4863ac1_4eaa_48a4_a818_2f413755f78b-17, groupId=Consumer-topic-f4863ac1_4eaa_48a4_a818_2f413755f78b] Successfully joined group with generation Generation{generationId=1, memberId='consumer-Consumer-topic-f4863ac1_4eaa_48a4_a818_2f413755f78b-17-113bb6fc-668f-42a1-8998-0a99b84700aa', protocol='range'}
2025-07-31 15:31:20,484 INFO  [org.apa.kaf.cli.con.int.ConsumerCoordinator] (Thread-255) [Consumer clientId=consumer-Consumer-topic-f4863ac1_4eaa_48a4_a818_2f413755f78b-17, groupId=Consumer-topic-f4863ac1_4eaa_48a4_a818_2f413755f78b] Finished assignment for group at generation 1: {consumer-Consumer-topic-f4863ac1_4eaa_48a4_a818_2f413755f78b-17-113bb6fc-668f-42a1-8998-0a99b84700aa=Assignment(partitions=[topic-f4863ac1_4eaa_48a4_a818_2f413755f78b-0])}
2025-07-31 15:31:20,486 INFO  [org.apa.kaf.cli.con.int.ConsumerCoordinator] (Thread-255) [Consumer clientId=consumer-Consumer-topic-f4863ac1_4eaa_48a4_a818_2f413755f78b-17, groupId=Consumer-topic-f4863ac1_4eaa_48a4_a818_2f413755f78b] Successfully synced group in generation Generation{generationId=1, memberId='consumer-Consumer-topic-f4863ac1_4eaa_48a4_a818_2f413755f78b-17-113bb6fc-668f-42a1-8998-0a99b84700aa', protocol='range'}
2025-07-31 15:31:20,486 INFO  [org.apa.kaf.cli.con.int.ConsumerCoordinator] (Thread-255) [Consumer clientId=consumer-Consumer-topic-f4863ac1_4eaa_48a4_a818_2f413755f78b-17, groupId=Consumer-topic-f4863ac1_4eaa_48a4_a818_2f413755f78b] Notifying assignor about the new Assignment(partitions=[topic-f4863ac1_4eaa_48a4_a818_2f413755f78b-0])
2025-07-31 15:31:20,486 INFO  [org.apa.kaf.cli.con.int.ConsumerRebalanceListenerInvoker] (Thread-255) [Consumer clientId=consumer-Consumer-topic-f4863ac1_4eaa_48a4_a818_2f413755f78b-17, groupId=Consumer-topic-f4863ac1_4eaa_48a4_a818_2f413755f78b] Adding newly assigned partitions: topic-f4863ac1_4eaa_48a4_a818_2f413755f78b-0
2025-07-31 15:31:20,487 INFO  [org.apa.kaf.cli.con.int.ConsumerCoordinator] (Thread-255) [Consumer clientId=consumer-Consumer-topic-f4863ac1_4eaa_48a4_a818_2f413755f78b-17, groupId=Consumer-topic-f4863ac1_4eaa_48a4_a818_2f413755f78b] Found no committed offset for partition topic-f4863ac1_4eaa_48a4_a818_2f413755f78b-0
2025-07-31 15:31:20,490 INFO  [org.apa.kaf.cli.con.int.SubscriptionState] (Thread-255) [Consumer clientId=consumer-Consumer-topic-f4863ac1_4eaa_48a4_a818_2f413755f78b-17, groupId=Consumer-topic-f4863ac1_4eaa_48a4_a818_2f413755f78b] Resetting offset for partition topic-f4863ac1_4eaa_48a4_a818_2f413755f78b-0 to position FetchPosition{offset=0, offsetEpoch=Optional.empty, currentLeader=LeaderAndEpoch{leader=Optional[localhost:32770 (id: 0 rack: null)], epoch=0}}.
2025-07-31 15:31:20,570 INFO  [io.api.tes.ser.api.KafkaSerdesTester] (Thread-255) topic-f4863ac1_4eaa_48a4_a818_2f413755f78b 0 0 {"username": null}
2025-07-31 15:31:20,570 INFO  [io.api.tes.ser.api.KafkaSerdesTester] (Thread-255) topic-f4863ac1_4eaa_48a4_a818_2f413755f78b 0 1 {"username": null}
2025-07-31 15:31:20,571 INFO  [io.api.tes.ser.api.KafkaSerdesTester] (Thread-255) topic-f4863ac1_4eaa_48a4_a818_2f413755f78b 0 2 {"username": "value-2"}
2025-07-31 15:31:20,571 INFO  [io.api.tes.ser.api.KafkaSerdesTester] (Thread-255) topic-f4863ac1_4eaa_48a4_a818_2f413755f78b 0 3 {"username": null}
2025-07-31 15:31:20,571 INFO  [io.api.tes.ser.api.KafkaSerdesTester] (Thread-255) topic-f4863ac1_4eaa_48a4_a818_2f413755f78b 0 4 {"username": "value-4"}
2025-07-31 15:31:20,571 INFO  [io.api.tes.ser.api.KafkaSerdesTester] (Thread-255) topic-f4863ac1_4eaa_48a4_a818_2f413755f78b 0 5 {"username": null}
2025-07-31 15:31:20,571 INFO  [io.api.tes.ser.api.KafkaSerdesTester] (Thread-255) topic-f4863ac1_4eaa_48a4_a818_2f413755f78b 0 6 {"username": "value-6"}
2025-07-31 15:31:20,571 INFO  [io.api.tes.ser.api.KafkaSerdesTester] (Thread-255) topic-f4863ac1_4eaa_48a4_a818_2f413755f78b 0 7 {"username": null}
2025-07-31 15:31:20,571 INFO  [io.api.tes.ser.api.KafkaSerdesTester] (Thread-255) topic-f4863ac1_4eaa_48a4_a818_2f413755f78b 0 8 {"username": "value-8"}
2025-07-31 15:31:20,571 INFO  [io.api.tes.ser.api.KafkaSerdesTester] (Thread-255) topic-f4863ac1_4eaa_48a4_a818_2f413755f78b 0 9 {"username": null}
2025-07-31 15:31:20,571 INFO  [io.api.tes.ser.api.KafkaSerdesTester] (Thread-255) Consumed 10 messages
2025-07-31 15:31:20,574 INFO  [org.apa.kaf.cli.con.int.ConsumerRebalanceListenerInvoker] (Thread-255) [Consumer clientId=consumer-Consumer-topic-f4863ac1_4eaa_48a4_a818_2f413755f78b-17, groupId=Consumer-topic-f4863ac1_4eaa_48a4_a818_2f413755f78b] Revoke previously assigned partitions topic-f4863ac1_4eaa_48a4_a818_2f413755f78b-0
2025-07-31 15:31:20,574 INFO  [org.apa.kaf.cli.con.int.ConsumerCoordinator] (Thread-255) [Consumer clientId=consumer-Consumer-topic-f4863ac1_4eaa_48a4_a818_2f413755f78b-17, groupId=Consumer-topic-f4863ac1_4eaa_48a4_a818_2f413755f78b] Member consumer-Consumer-topic-f4863ac1_4eaa_48a4_a818_2f413755f78b-17-113bb6fc-668f-42a1-8998-0a99b84700aa sending LeaveGroup request to coordinator localhost:32770 (id: 2147483647 rack: null) due to the consumer is being closed
2025-07-31 15:31:20,574 INFO  [org.apa.kaf.cli.con.int.ConsumerCoordinator] (Thread-255) [Consumer clientId=consumer-Consumer-topic-f4863ac1_4eaa_48a4_a818_2f413755f78b-17, groupId=Consumer-topic-f4863ac1_4eaa_48a4_a818_2f413755f78b] Resetting generation and member id due to: consumer pro-actively leaving the group
2025-07-31 15:31:20,575 INFO  [org.apa.kaf.cli.con.int.ConsumerCoordinator] (Thread-255) [Consumer clientId=consumer-Consumer-topic-f4863ac1_4eaa_48a4_a818_2f413755f78b-17, groupId=Consumer-topic-f4863ac1_4eaa_48a4_a818_2f413755f78b] Request joining group due to: consumer pro-actively leaving the group
2025-07-31 15:31:21,074 INFO  [org.apa.kaf.com.met.Metrics] (Thread-255) Metrics scheduler closed
2025-07-31 15:31:21,074 INFO  [org.apa.kaf.com.met.Metrics] (Thread-255) Closing reporter org.apache.kafka.common.metrics.JmxReporter
2025-07-31 15:31:21,074 INFO  [org.apa.kaf.com.met.Metrics] (Thread-255) Closing reporter org.apache.kafka.common.telemetry.internals.ClientTelemetryReporter
2025-07-31 15:31:21,074 INFO  [org.apa.kaf.com.met.Metrics] (Thread-255) Metrics reporters closed
2025-07-31 15:31:21,076 INFO  [org.apa.kaf.com.uti.AppInfoParser] (Thread-255) App info kafka.consumer for consumer-Consumer-topic-f4863ac1_4eaa_48a4_a818_2f413755f78b-17 unregistered
2025-07-31 15:31:21,076 INFO  [io.api.tes.uti.TestSeparator] (main) io.apicurio.tests.serdes.apicurio.AvroSerdeIT.testFirstEmptyFieldConfusedAsMagicByte-FINISHED
2025-07-31 15:31:21,076 INFO  [io.api.tes.uti.TestSeparator] (main) ############################################################################
]]></system-out>
  </testcase>
  <testcase name="testAvroSerDesFailDifferentSchemaByContent" classname="io.apicurio.tests.serdes.apicurio.AvroSerdeIT" time="1.174">
    <system-out><![CDATA[2025-07-31 15:31:21,078 INFO  [io.api.tes.uti.TestSeparator] (main) ############################################################################
2025-07-31 15:31:21,078 INFO  [io.api.tes.uti.TestSeparator] (main) io.apicurio.tests.serdes.apicurio.AvroSerdeIT.testAvroSerDesFailDifferentSchemaByContent-STARTED
2025-07-31 15:31:22,158 INFO  [org.apa.kaf.cli.pro.ProducerConfig] (main) ProducerConfig values: 
	acks = -1
	auto.include.jmx.reporter = true
	batch.size = 16384
	bootstrap.servers = [PLAINTEXT://localhost:32770]
	buffer.memory = 33554432
	client.dns.lookup = use_all_dns_ips
	client.id = Producer-topic-b2921c3b_9f00_4dbd_9bde_b8841428f94e
	compression.gzip.level = -1
	compression.lz4.level = 9
	compression.type = none
	compression.zstd.level = 3
	connections.max.idle.ms = 10000
	delivery.timeout.ms = 120000
	enable.idempotence = true
	enable.metrics.push = true
	interceptor.classes = []
	key.serializer = class org.apache.kafka.common.serialization.StringSerializer
	linger.ms = 0
	max.block.ms = 60000
	max.in.flight.requests.per.connection = 5
	max.request.size = 1048576
	metadata.max.age.ms = 300000
	metadata.max.idle.ms = 300000
	metadata.recovery.strategy = none
	metric.reporters = []
	metrics.num.samples = 2
	metrics.recording.level = INFO
	metrics.sample.window.ms = 30000
	partitioner.adaptive.partitioning.enable = true
	partitioner.availability.timeout.ms = 0
	partitioner.class = null
	partitioner.ignore.keys = false
	receive.buffer.bytes = 32768
	reconnect.backoff.max.ms = 1000
	reconnect.backoff.ms = 50
	request.timeout.ms = 5000
	retries = 2147483647
	retry.backoff.max.ms = 1000
	retry.backoff.ms = 100
	sasl.client.callback.handler.class = null
	sasl.jaas.config = null
	sasl.kerberos.kinit.cmd = /usr/bin/kinit
	sasl.kerberos.min.time.before.relogin = 60000
	sasl.kerberos.service.name = null
	sasl.kerberos.ticket.renew.jitter = 0.05
	sasl.kerberos.ticket.renew.window.factor = 0.8
	sasl.login.callback.handler.class = null
	sasl.login.class = null
	sasl.login.connect.timeout.ms = null
	sasl.login.read.timeout.ms = null
	sasl.login.refresh.buffer.seconds = 300
	sasl.login.refresh.min.period.seconds = 60
	sasl.login.refresh.window.factor = 0.8
	sasl.login.refresh.window.jitter = 0.05
	sasl.login.retry.backoff.max.ms = 10000
	sasl.login.retry.backoff.ms = 100
	sasl.mechanism = GSSAPI
	sasl.oauthbearer.clock.skew.seconds = 30
	sasl.oauthbearer.expected.audience = null
	sasl.oauthbearer.expected.issuer = null
	sasl.oauthbearer.header.urlencode = false
	sasl.oauthbearer.jwks.endpoint.refresh.ms = 3600000
	sasl.oauthbearer.jwks.endpoint.retry.backoff.max.ms = 10000
	sasl.oauthbearer.jwks.endpoint.retry.backoff.ms = 100
	sasl.oauthbearer.jwks.endpoint.url = null
	sasl.oauthbearer.scope.claim.name = scope
	sasl.oauthbearer.sub.claim.name = sub
	sasl.oauthbearer.token.endpoint.url = null
	security.protocol = PLAINTEXT
	security.providers = null
	send.buffer.bytes = 131072
	socket.connection.setup.timeout.max.ms = 30000
	socket.connection.setup.timeout.ms = 10000
	ssl.cipher.suites = null
	ssl.enabled.protocols = [TLSv1.2, TLSv1.3]
	ssl.endpoint.identification.algorithm = https
	ssl.engine.factory.class = null
	ssl.key.password = null
	ssl.keymanager.algorithm = SunX509
	ssl.keystore.certificate.chain = null
	ssl.keystore.key = null
	ssl.keystore.location = null
	ssl.keystore.password = null
	ssl.keystore.type = JKS
	ssl.protocol = TLSv1.3
	ssl.provider = null
	ssl.secure.random.implementation = null
	ssl.trustmanager.algorithm = PKIX
	ssl.truststore.certificates = null
	ssl.truststore.location = null
	ssl.truststore.password = null
	ssl.truststore.type = JKS
	transaction.timeout.ms = 60000
	transactional.id = null
	value.serializer = class io.apicurio.registry.serde.avro.AvroKafkaSerializer

2025-07-31 15:31:22,158 INFO  [org.apa.kaf.com.tel.int.KafkaMetricsCollector] (main) initializing Kafka metrics collector
2025-07-31 15:31:22,161 INFO  [org.apa.kaf.cli.pro.KafkaProducer] (main) [Producer clientId=Producer-topic-b2921c3b_9f00_4dbd_9bde_b8841428f94e] Instantiated an idempotent producer.
2025-07-31 15:31:22,163 INFO  [org.apa.kaf.cli.pro.ProducerConfig] (main) These configurations '[apicurio.registry.url, apicurio.registry.artifact-resolver-strategy]' were supplied but are not used yet.
2025-07-31 15:31:22,163 INFO  [org.apa.kaf.com.uti.AppInfoParser] (main) Kafka version: 3.9.0
2025-07-31 15:31:22,163 INFO  [org.apa.kaf.com.uti.AppInfoParser] (main) Kafka commitId: 84caaa6e9da06435
2025-07-31 15:31:22,163 INFO  [org.apa.kaf.com.uti.AppInfoParser] (main) Kafka startTimeMs: 1753975882163
2025-07-31 15:31:22,165 INFO  [io.api.tes.ser.api.KafkaSerdesTester] (Thread-258) Sending message {"keyB": "value-0"} to topic topic-b2921c3b_9f00_4dbd_9bde_b8841428f94e
2025-07-31 15:31:22,169 INFO  [org.apa.kaf.cli.Metadata] (kafka-producer-network-thread | Producer-topic-b2921c3b_9f00_4dbd_9bde_b8841428f94e) [Producer clientId=Producer-topic-b2921c3b_9f00_4dbd_9bde_b8841428f94e] Cluster ID: u8-Iy8eKRM2xsCw1W024xw
2025-07-31 15:31:22,171 INFO  [org.apa.kaf.cli.pro.int.TransactionManager] (kafka-producer-network-thread | Producer-topic-b2921c3b_9f00_4dbd_9bde_b8841428f94e) [Producer clientId=Producer-topic-b2921c3b_9f00_4dbd_9bde_b8841428f94e] ProducerId set to 24 with epoch 0
2025-07-31 15:31:22,170 INFO  [DefaultSchemaResolver] (Thread-258) Retrieving schema content using string: {"type":"record","name":"s719dbfcfx89f8x4800xad0fx01d643fa03b9","namespace":"s63935becx1a22x4ce5xb214x823ab7d8e3fd","fields":[{"name":"keyB","type":"string"}]}
2025-07-31 15:31:22,249 INFO  [org.apa.kaf.cli.pro.KafkaProducer] (Thread-258) [Producer clientId=Producer-topic-b2921c3b_9f00_4dbd_9bde_b8841428f94e] Closing the Kafka producer with timeoutMillis = 9223372036854775807 ms.
2025-07-31 15:31:22,250 INFO  [org.apa.kaf.com.met.Metrics] (Thread-258) Metrics scheduler closed
2025-07-31 15:31:22,250 INFO  [org.apa.kaf.com.met.Metrics] (Thread-258) Closing reporter org.apache.kafka.common.metrics.JmxReporter
2025-07-31 15:31:22,250 INFO  [org.apa.kaf.com.met.Metrics] (Thread-258) Closing reporter org.apache.kafka.common.telemetry.internals.ClientTelemetryReporter
2025-07-31 15:31:22,250 INFO  [org.apa.kaf.com.met.Metrics] (Thread-258) Metrics reporters closed
2025-07-31 15:31:22,250 INFO  [org.apa.kaf.com.uti.AppInfoParser] (Thread-258) App info kafka.producer for Producer-topic-b2921c3b_9f00_4dbd_9bde_b8841428f94e unregistered
2025-07-31 15:31:22,251 INFO  [io.api.tes.uti.TestSeparator] (main) io.apicurio.tests.serdes.apicurio.AvroSerdeIT.testAvroSerDesFailDifferentSchemaByContent-FINISHED
2025-07-31 15:31:22,251 INFO  [io.api.tes.uti.TestSeparator] (main) ############################################################################
]]></system-out>
    <system-err><![CDATA[java.lang.RuntimeException: Could not resolve artifact reference by content: {"type":"record","name":"s719dbfcfx89f8x4800xad0fx01d643fa03b9","namespace":"s63935becx1a22x4ce5xb214x823ab7d8e3fd","fields":[{"name":"keyB","type":"string"}]}&ArtifactReference [groupId=s63935becx1a22x4ce5xb214x823ab7d8e3fd, artifactId=s719dbfcfx89f8x4800xad0fx01d643fa03b9, version=null, globalId=null, contentId=null, contentHash=null]
	at io.apicurio.registry.resolver.DefaultSchemaResolver.lambda$handleResolveSchemaByContent$5(DefaultSchemaResolver.java:300)
	at io.apicurio.registry.resolver.ERCache.lambda$getValue$0(ERCache.java:181)
	at io.apicurio.registry.resolver.ERCache.retry(ERCache.java:234)
	at io.apicurio.registry.resolver.ERCache.getValue(ERCache.java:180)
	at io.apicurio.registry.resolver.ERCache.getByContent(ERCache.java:154)
	at io.apicurio.registry.resolver.DefaultSchemaResolver.handleResolveSchemaByContent(DefaultSchemaResolver.java:269)
	at io.apicurio.registry.resolver.DefaultSchemaResolver.getSchemaFromRegistry(DefaultSchemaResolver.java:142)
	at io.apicurio.registry.resolver.DefaultSchemaResolver.lambda$resolveSchema$0(DefaultSchemaResolver.java:86)
	at java.base/java.util.Optional.orElseGet(Optional.java:364)
	at io.apicurio.registry.resolver.DefaultSchemaResolver.resolveSchema(DefaultSchemaResolver.java:86)
	at io.apicurio.registry.serde.AbstractSerializer.serializeData(AbstractSerializer.java:62)
	at io.apicurio.registry.serde.KafkaSerializer.serialize(KafkaSerializer.java:77)
	at org.apache.kafka.clients.producer.KafkaProducer.doSend(KafkaProducer.java:1046)
	at org.apache.kafka.clients.producer.KafkaProducer.send(KafkaProducer.java:993)
	at org.apache.kafka.clients.producer.KafkaProducer.send(KafkaProducer.java:875)
	at io.apicurio.tests.serdes.apicurio.KafkaSerdesTester.lambda$produceMessages$3(KafkaSerdesTester.java:138)
	at java.base/java.util.concurrent.CompletableFuture$AsyncSupply.run(CompletableFuture.java:1768)
	at java.base/java.lang.Thread.run(Thread.java:840)
]]></system-err>
  </testcase>
  <testcase name="testGlobalIdInBody" classname="io.apicurio.tests.serdes.apicurio.AvroSerdeIT" time="0.943">
    <system-out><![CDATA[2025-07-31 15:31:22,252 INFO  [io.api.tes.uti.TestSeparator] (main) ############################################################################
2025-07-31 15:31:22,252 INFO  [io.api.tes.uti.TestSeparator] (main) io.apicurio.tests.serdes.apicurio.AvroSerdeIT.testGlobalIdInBody-STARTED
2025-07-31 15:31:22,254 INFO  [org.apa.kaf.cli.pro.ProducerConfig] (main) ProducerConfig values: 
	acks = -1
	auto.include.jmx.reporter = true
	batch.size = 16384
	bootstrap.servers = [PLAINTEXT://localhost:32770]
	buffer.memory = 33554432
	client.dns.lookup = use_all_dns_ips
	client.id = Producer-topic-c1bb9e7a_f9fd_4e3e_9a22_0650f8da1fbb
	compression.gzip.level = -1
	compression.lz4.level = 9
	compression.type = none
	compression.zstd.level = 3
	connections.max.idle.ms = 10000
	delivery.timeout.ms = 120000
	enable.idempotence = true
	enable.metrics.push = true
	interceptor.classes = []
	key.serializer = class org.apache.kafka.common.serialization.StringSerializer
	linger.ms = 0
	max.block.ms = 60000
	max.in.flight.requests.per.connection = 5
	max.request.size = 1048576
	metadata.max.age.ms = 300000
	metadata.max.idle.ms = 300000
	metadata.recovery.strategy = none
	metric.reporters = []
	metrics.num.samples = 2
	metrics.recording.level = INFO
	metrics.sample.window.ms = 30000
	partitioner.adaptive.partitioning.enable = true
	partitioner.availability.timeout.ms = 0
	partitioner.class = null
	partitioner.ignore.keys = false
	receive.buffer.bytes = 32768
	reconnect.backoff.max.ms = 1000
	reconnect.backoff.ms = 50
	request.timeout.ms = 5000
	retries = 2147483647
	retry.backoff.max.ms = 1000
	retry.backoff.ms = 100
	sasl.client.callback.handler.class = null
	sasl.jaas.config = null
	sasl.kerberos.kinit.cmd = /usr/bin/kinit
	sasl.kerberos.min.time.before.relogin = 60000
	sasl.kerberos.service.name = null
	sasl.kerberos.ticket.renew.jitter = 0.05
	sasl.kerberos.ticket.renew.window.factor = 0.8
	sasl.login.callback.handler.class = null
	sasl.login.class = null
	sasl.login.connect.timeout.ms = null
	sasl.login.read.timeout.ms = null
	sasl.login.refresh.buffer.seconds = 300
	sasl.login.refresh.min.period.seconds = 60
	sasl.login.refresh.window.factor = 0.8
	sasl.login.refresh.window.jitter = 0.05
	sasl.login.retry.backoff.max.ms = 10000
	sasl.login.retry.backoff.ms = 100
	sasl.mechanism = GSSAPI
	sasl.oauthbearer.clock.skew.seconds = 30
	sasl.oauthbearer.expected.audience = null
	sasl.oauthbearer.expected.issuer = null
	sasl.oauthbearer.header.urlencode = false
	sasl.oauthbearer.jwks.endpoint.refresh.ms = 3600000
	sasl.oauthbearer.jwks.endpoint.retry.backoff.max.ms = 10000
	sasl.oauthbearer.jwks.endpoint.retry.backoff.ms = 100
	sasl.oauthbearer.jwks.endpoint.url = null
	sasl.oauthbearer.scope.claim.name = scope
	sasl.oauthbearer.sub.claim.name = sub
	sasl.oauthbearer.token.endpoint.url = null
	security.protocol = PLAINTEXT
	security.providers = null
	send.buffer.bytes = 131072
	socket.connection.setup.timeout.max.ms = 30000
	socket.connection.setup.timeout.ms = 10000
	ssl.cipher.suites = null
	ssl.enabled.protocols = [TLSv1.2, TLSv1.3]
	ssl.endpoint.identification.algorithm = https
	ssl.engine.factory.class = null
	ssl.key.password = null
	ssl.keymanager.algorithm = SunX509
	ssl.keystore.certificate.chain = null
	ssl.keystore.key = null
	ssl.keystore.location = null
	ssl.keystore.password = null
	ssl.keystore.type = JKS
	ssl.protocol = TLSv1.3
	ssl.provider = null
	ssl.secure.random.implementation = null
	ssl.trustmanager.algorithm = PKIX
	ssl.truststore.certificates = null
	ssl.truststore.location = null
	ssl.truststore.password = null
	ssl.truststore.type = JKS
	transaction.timeout.ms = 60000
	transactional.id = null
	value.serializer = class io.apicurio.registry.serde.avro.AvroKafkaSerializer

2025-07-31 15:31:22,254 INFO  [org.apa.kaf.com.tel.int.KafkaMetricsCollector] (main) initializing Kafka metrics collector
2025-07-31 15:31:22,261 INFO  [org.apa.kaf.cli.pro.KafkaProducer] (main) [Producer clientId=Producer-topic-c1bb9e7a_f9fd_4e3e_9a22_0650f8da1fbb] Instantiated an idempotent producer.
2025-07-31 15:31:22,270 INFO  [org.apa.kaf.cli.pro.ProducerConfig] (main) These configurations '[apicurio.registry.url, apicurio.registry.auto-register, apicurio.registry.use-id, apicurio.registry.artifact-resolver-strategy]' were supplied but are not used yet.
2025-07-31 15:31:22,270 INFO  [org.apa.kaf.com.uti.AppInfoParser] (main) Kafka version: 3.9.0
2025-07-31 15:31:22,270 INFO  [org.apa.kaf.com.uti.AppInfoParser] (main) Kafka commitId: 84caaa6e9da06435
2025-07-31 15:31:22,270 INFO  [org.apa.kaf.com.uti.AppInfoParser] (main) Kafka startTimeMs: 1753975882270
2025-07-31 15:31:22,271 INFO  [io.api.tes.ser.api.SimpleSerdesTesterBuilder$SimpleSerdesTester] (main) Using producer configuration: {apicurio.registry.url=http://registry-app-mysql.apps.ci419.apicurio-testing.org:80/apis/registry/v3, apicurio.registry.auto-register=true, apicurio.registry.use-id=globalId, apicurio.registry.artifact-resolver-strategy=io.apicurio.registry.serde.strategy.TopicIdStrategy, value.serializer=io.apicurio.registry.serde.avro.AvroKafkaSerializer, request.timeout.ms=5000, acks=all, bootstrap.servers=PLAINTEXT://localhost:32770, connections.max.idle.ms=10000, key.serializer=org.apache.kafka.common.serialization.StringSerializer, client.id=Producer-topic-c1bb9e7a_f9fd_4e3e_9a22_0650f8da1fbb}
2025-07-31 15:31:22,271 INFO  [io.api.tes.ser.api.SimpleSerdesTesterBuilder$SimpleSerdesTester] (main) Using consumer configuration: {apicurio.registry.use-id=globalId}
2025-07-31 15:31:22,272 INFO  [io.api.tes.ser.api.KafkaSerdesTester] (Thread-261) Sending message {"key11753975882253": "value-0"} to topic topic-c1bb9e7a_f9fd_4e3e_9a22_0650f8da1fbb
2025-07-31 15:31:22,286 WARN  [org.apa.kaf.cli.NetworkClient] (kafka-producer-network-thread | Producer-topic-c1bb9e7a_f9fd_4e3e_9a22_0650f8da1fbb) [Producer clientId=Producer-topic-c1bb9e7a_f9fd_4e3e_9a22_0650f8da1fbb] The metadata response from the cluster reported a recoverable issue with correlation id 2 : {topic-c1bb9e7a_f9fd_4e3e_9a22_0650f8da1fbb=LEADER_NOT_AVAILABLE}
2025-07-31 15:31:22,286 INFO  [org.apa.kaf.cli.Metadata] (kafka-producer-network-thread | Producer-topic-c1bb9e7a_f9fd_4e3e_9a22_0650f8da1fbb) [Producer clientId=Producer-topic-c1bb9e7a_f9fd_4e3e_9a22_0650f8da1fbb] Cluster ID: u8-Iy8eKRM2xsCw1W024xw
2025-07-31 15:31:22,287 INFO  [org.apa.kaf.cli.pro.int.TransactionManager] (kafka-producer-network-thread | Producer-topic-c1bb9e7a_f9fd_4e3e_9a22_0650f8da1fbb) [Producer clientId=Producer-topic-c1bb9e7a_f9fd_4e3e_9a22_0650f8da1fbb] ProducerId set to 25 with epoch 0
2025-07-31 15:31:22,478 INFO  [io.api.tes.ser.api.KafkaSerdesTester] (Thread-261) Sending message {"key11753975882253": "value-1"} to topic topic-c1bb9e7a_f9fd_4e3e_9a22_0650f8da1fbb
2025-07-31 15:31:22,481 INFO  [io.api.tes.ser.api.KafkaSerdesTester] (Thread-261) Sending message {"key11753975882253": "value-2"} to topic topic-c1bb9e7a_f9fd_4e3e_9a22_0650f8da1fbb
2025-07-31 15:31:22,483 INFO  [io.api.tes.ser.api.KafkaSerdesTester] (Thread-261) Sending message {"key11753975882253": "value-3"} to topic topic-c1bb9e7a_f9fd_4e3e_9a22_0650f8da1fbb
2025-07-31 15:31:22,484 INFO  [io.api.tes.ser.api.KafkaSerdesTester] (Thread-261) Sending message {"key11753975882253": "value-4"} to topic topic-c1bb9e7a_f9fd_4e3e_9a22_0650f8da1fbb
2025-07-31 15:31:22,485 INFO  [io.api.tes.ser.api.KafkaSerdesTester] (Thread-261) Sending message {"key11753975882253": "value-5"} to topic topic-c1bb9e7a_f9fd_4e3e_9a22_0650f8da1fbb
2025-07-31 15:31:22,491 INFO  [io.api.tes.ser.api.KafkaSerdesTester] (Thread-261) Sending message {"key11753975882253": "value-6"} to topic topic-c1bb9e7a_f9fd_4e3e_9a22_0650f8da1fbb
2025-07-31 15:31:22,492 INFO  [io.api.tes.ser.api.KafkaSerdesTester] (Thread-261) Sending message {"key11753975882253": "value-7"} to topic topic-c1bb9e7a_f9fd_4e3e_9a22_0650f8da1fbb
2025-07-31 15:31:22,493 INFO  [io.api.tes.ser.api.KafkaSerdesTester] (Thread-261) Sending message {"key11753975882253": "value-8"} to topic topic-c1bb9e7a_f9fd_4e3e_9a22_0650f8da1fbb
2025-07-31 15:31:22,494 INFO  [io.api.tes.ser.api.KafkaSerdesTester] (Thread-261) Sending message {"key11753975882253": "value-9"} to topic topic-c1bb9e7a_f9fd_4e3e_9a22_0650f8da1fbb
2025-07-31 15:31:22,496 INFO  [io.api.tes.ser.api.KafkaSerdesTester] (Thread-261) Produced 10 messages
2025-07-31 15:31:22,496 INFO  [org.apa.kaf.cli.pro.KafkaProducer] (Thread-261) [Producer clientId=Producer-topic-c1bb9e7a_f9fd_4e3e_9a22_0650f8da1fbb] Closing the Kafka producer with timeoutMillis = 9223372036854775807 ms.
2025-07-31 15:31:22,498 INFO  [org.apa.kaf.com.met.Metrics] (Thread-261) Metrics scheduler closed
2025-07-31 15:31:22,498 INFO  [org.apa.kaf.com.met.Metrics] (Thread-261) Closing reporter org.apache.kafka.common.metrics.JmxReporter
2025-07-31 15:31:22,498 INFO  [org.apa.kaf.com.met.Metrics] (Thread-261) Closing reporter org.apache.kafka.common.telemetry.internals.ClientTelemetryReporter
2025-07-31 15:31:22,498 INFO  [org.apa.kaf.com.met.Metrics] (Thread-261) Metrics reporters closed
2025-07-31 15:31:22,498 INFO  [org.apa.kaf.com.uti.AppInfoParser] (Thread-261) App info kafka.producer for Producer-topic-c1bb9e7a_f9fd_4e3e_9a22_0650f8da1fbb unregistered
2025-07-31 15:31:22,554 INFO  [org.apa.kaf.cli.con.ConsumerConfig] (main) ConsumerConfig values: 
	allow.auto.create.topics = true
	auto.commit.interval.ms = 500
	auto.include.jmx.reporter = true
	auto.offset.reset = earliest
	bootstrap.servers = [PLAINTEXT://localhost:32770]
	check.crcs = true
	client.dns.lookup = use_all_dns_ips
	client.id = consumer-Consumer-topic-c1bb9e7a_f9fd_4e3e_9a22_0650f8da1fbb-18
	client.rack = 
	connections.max.idle.ms = 10000
	default.api.timeout.ms = 60000
	enable.auto.commit = true
	enable.metrics.push = true
	exclude.internal.topics = true
	fetch.max.bytes = 52428800
	fetch.max.wait.ms = 500
	fetch.min.bytes = 1
	group.id = Consumer-topic-c1bb9e7a_f9fd_4e3e_9a22_0650f8da1fbb
	group.instance.id = null
	group.protocol = classic
	group.remote.assignor = null
	heartbeat.interval.ms = 3000
	interceptor.classes = []
	internal.leave.group.on.close = true
	internal.throw.on.fetch.stable.offset.unsupported = false
	isolation.level = read_uncommitted
	key.deserializer = class org.apache.kafka.common.serialization.StringDeserializer
	max.partition.fetch.bytes = 1048576
	max.poll.interval.ms = 300000
	max.poll.records = 500
	metadata.max.age.ms = 300000
	metadata.recovery.strategy = none
	metric.reporters = []
	metrics.num.samples = 2
	metrics.recording.level = INFO
	metrics.sample.window.ms = 30000
	partition.assignment.strategy = [class org.apache.kafka.clients.consumer.RangeAssignor, class org.apache.kafka.clients.consumer.CooperativeStickyAssignor]
	receive.buffer.bytes = 65536
	reconnect.backoff.max.ms = 1000
	reconnect.backoff.ms = 50
	request.timeout.ms = 5000
	retry.backoff.max.ms = 1000
	retry.backoff.ms = 100
	sasl.client.callback.handler.class = null
	sasl.jaas.config = null
	sasl.kerberos.kinit.cmd = /usr/bin/kinit
	sasl.kerberos.min.time.before.relogin = 60000
	sasl.kerberos.service.name = null
	sasl.kerberos.ticket.renew.jitter = 0.05
	sasl.kerberos.ticket.renew.window.factor = 0.8
	sasl.login.callback.handler.class = null
	sasl.login.class = null
	sasl.login.connect.timeout.ms = null
	sasl.login.read.timeout.ms = null
	sasl.login.refresh.buffer.seconds = 300
	sasl.login.refresh.min.period.seconds = 60
	sasl.login.refresh.window.factor = 0.8
	sasl.login.refresh.window.jitter = 0.05
	sasl.login.retry.backoff.max.ms = 10000
	sasl.login.retry.backoff.ms = 100
	sasl.mechanism = GSSAPI
	sasl.oauthbearer.clock.skew.seconds = 30
	sasl.oauthbearer.expected.audience = null
	sasl.oauthbearer.expected.issuer = null
	sasl.oauthbearer.header.urlencode = false
	sasl.oauthbearer.jwks.endpoint.refresh.ms = 3600000
	sasl.oauthbearer.jwks.endpoint.retry.backoff.max.ms = 10000
	sasl.oauthbearer.jwks.endpoint.retry.backoff.ms = 100
	sasl.oauthbearer.jwks.endpoint.url = null
	sasl.oauthbearer.scope.claim.name = scope
	sasl.oauthbearer.sub.claim.name = sub
	sasl.oauthbearer.token.endpoint.url = null
	security.protocol = PLAINTEXT
	security.providers = null
	send.buffer.bytes = 131072
	session.timeout.ms = 45000
	socket.connection.setup.timeout.max.ms = 30000
	socket.connection.setup.timeout.ms = 10000
	ssl.cipher.suites = null
	ssl.enabled.protocols = [TLSv1.2, TLSv1.3]
	ssl.endpoint.identification.algorithm = https
	ssl.engine.factory.class = null
	ssl.key.password = null
	ssl.keymanager.algorithm = SunX509
	ssl.keystore.certificate.chain = null
	ssl.keystore.key = null
	ssl.keystore.location = null
	ssl.keystore.password = null
	ssl.keystore.type = JKS
	ssl.protocol = TLSv1.3
	ssl.provider = null
	ssl.secure.random.implementation = null
	ssl.trustmanager.algorithm = PKIX
	ssl.truststore.certificates = null
	ssl.truststore.location = null
	ssl.truststore.password = null
	ssl.truststore.type = JKS
	value.deserializer = class io.apicurio.registry.serde.avro.AvroKafkaDeserializer

2025-07-31 15:31:22,554 INFO  [org.apa.kaf.com.tel.int.KafkaMetricsCollector] (main) initializing Kafka metrics collector
2025-07-31 15:31:22,558 INFO  [org.apa.kaf.cli.con.ConsumerConfig] (main) These configurations '[apicurio.registry.url, apicurio.registry.use-id]' were supplied but are not used yet.
2025-07-31 15:31:22,558 INFO  [org.apa.kaf.com.uti.AppInfoParser] (main) Kafka version: 3.9.0
2025-07-31 15:31:22,558 INFO  [org.apa.kaf.com.uti.AppInfoParser] (main) Kafka commitId: 84caaa6e9da06435
2025-07-31 15:31:22,558 INFO  [org.apa.kaf.com.uti.AppInfoParser] (main) Kafka startTimeMs: 1753975882558
2025-07-31 15:31:22,559 INFO  [org.apa.kaf.cli.con.int.ClassicKafkaConsumer] (Thread-264) [Consumer clientId=consumer-Consumer-topic-c1bb9e7a_f9fd_4e3e_9a22_0650f8da1fbb-18, groupId=Consumer-topic-c1bb9e7a_f9fd_4e3e_9a22_0650f8da1fbb] Subscribed to topic(s): topic-c1bb9e7a_f9fd_4e3e_9a22_0650f8da1fbb
2025-07-31 15:31:22,563 INFO  [org.apa.kaf.cli.Metadata] (Thread-264) [Consumer clientId=consumer-Consumer-topic-c1bb9e7a_f9fd_4e3e_9a22_0650f8da1fbb-18, groupId=Consumer-topic-c1bb9e7a_f9fd_4e3e_9a22_0650f8da1fbb] Cluster ID: u8-Iy8eKRM2xsCw1W024xw
2025-07-31 15:31:22,564 INFO  [org.apa.kaf.cli.con.int.ConsumerCoordinator] (Thread-264) [Consumer clientId=consumer-Consumer-topic-c1bb9e7a_f9fd_4e3e_9a22_0650f8da1fbb-18, groupId=Consumer-topic-c1bb9e7a_f9fd_4e3e_9a22_0650f8da1fbb] Discovered group coordinator localhost:32770 (id: 2147483647 rack: null)
2025-07-31 15:31:22,565 INFO  [org.apa.kaf.cli.con.int.ConsumerCoordinator] (Thread-264) [Consumer clientId=consumer-Consumer-topic-c1bb9e7a_f9fd_4e3e_9a22_0650f8da1fbb-18, groupId=Consumer-topic-c1bb9e7a_f9fd_4e3e_9a22_0650f8da1fbb] (Re-)joining group
2025-07-31 15:31:22,567 INFO  [org.apa.kaf.cli.con.int.ConsumerCoordinator] (Thread-264) [Consumer clientId=consumer-Consumer-topic-c1bb9e7a_f9fd_4e3e_9a22_0650f8da1fbb-18, groupId=Consumer-topic-c1bb9e7a_f9fd_4e3e_9a22_0650f8da1fbb] Request joining group due to: need to re-join with the given member-id: consumer-Consumer-topic-c1bb9e7a_f9fd_4e3e_9a22_0650f8da1fbb-18-f0a23b94-da79-40c5-a88a-8c1fe7a03340
2025-07-31 15:31:22,567 INFO  [org.apa.kaf.cli.con.int.ConsumerCoordinator] (Thread-264) [Consumer clientId=consumer-Consumer-topic-c1bb9e7a_f9fd_4e3e_9a22_0650f8da1fbb-18, groupId=Consumer-topic-c1bb9e7a_f9fd_4e3e_9a22_0650f8da1fbb] (Re-)joining group
2025-07-31 15:31:22,569 INFO  [org.apa.kaf.cli.con.int.ConsumerCoordinator] (Thread-264) [Consumer clientId=consumer-Consumer-topic-c1bb9e7a_f9fd_4e3e_9a22_0650f8da1fbb-18, groupId=Consumer-topic-c1bb9e7a_f9fd_4e3e_9a22_0650f8da1fbb] Successfully joined group with generation Generation{generationId=1, memberId='consumer-Consumer-topic-c1bb9e7a_f9fd_4e3e_9a22_0650f8da1fbb-18-f0a23b94-da79-40c5-a88a-8c1fe7a03340', protocol='range'}
2025-07-31 15:31:22,570 INFO  [org.apa.kaf.cli.con.int.ConsumerCoordinator] (Thread-264) [Consumer clientId=consumer-Consumer-topic-c1bb9e7a_f9fd_4e3e_9a22_0650f8da1fbb-18, groupId=Consumer-topic-c1bb9e7a_f9fd_4e3e_9a22_0650f8da1fbb] Finished assignment for group at generation 1: {consumer-Consumer-topic-c1bb9e7a_f9fd_4e3e_9a22_0650f8da1fbb-18-f0a23b94-da79-40c5-a88a-8c1fe7a03340=Assignment(partitions=[topic-c1bb9e7a_f9fd_4e3e_9a22_0650f8da1fbb-0])}
2025-07-31 15:31:22,596 INFO  [org.apa.kaf.cli.con.int.ConsumerCoordinator] (Thread-264) [Consumer clientId=consumer-Consumer-topic-c1bb9e7a_f9fd_4e3e_9a22_0650f8da1fbb-18, groupId=Consumer-topic-c1bb9e7a_f9fd_4e3e_9a22_0650f8da1fbb] Successfully synced group in generation Generation{generationId=1, memberId='consumer-Consumer-topic-c1bb9e7a_f9fd_4e3e_9a22_0650f8da1fbb-18-f0a23b94-da79-40c5-a88a-8c1fe7a03340', protocol='range'}
2025-07-31 15:31:22,596 INFO  [org.apa.kaf.cli.con.int.ConsumerCoordinator] (Thread-264) [Consumer clientId=consumer-Consumer-topic-c1bb9e7a_f9fd_4e3e_9a22_0650f8da1fbb-18, groupId=Consumer-topic-c1bb9e7a_f9fd_4e3e_9a22_0650f8da1fbb] Notifying assignor about the new Assignment(partitions=[topic-c1bb9e7a_f9fd_4e3e_9a22_0650f8da1fbb-0])
2025-07-31 15:31:22,597 INFO  [org.apa.kaf.cli.con.int.ConsumerRebalanceListenerInvoker] (Thread-264) [Consumer clientId=consumer-Consumer-topic-c1bb9e7a_f9fd_4e3e_9a22_0650f8da1fbb-18, groupId=Consumer-topic-c1bb9e7a_f9fd_4e3e_9a22_0650f8da1fbb] Adding newly assigned partitions: topic-c1bb9e7a_f9fd_4e3e_9a22_0650f8da1fbb-0
2025-07-31 15:31:22,598 INFO  [org.apa.kaf.cli.con.int.ConsumerCoordinator] (Thread-264) [Consumer clientId=consumer-Consumer-topic-c1bb9e7a_f9fd_4e3e_9a22_0650f8da1fbb-18, groupId=Consumer-topic-c1bb9e7a_f9fd_4e3e_9a22_0650f8da1fbb] Found no committed offset for partition topic-c1bb9e7a_f9fd_4e3e_9a22_0650f8da1fbb-0
2025-07-31 15:31:22,605 INFO  [org.apa.kaf.cli.con.int.SubscriptionState] (Thread-264) [Consumer clientId=consumer-Consumer-topic-c1bb9e7a_f9fd_4e3e_9a22_0650f8da1fbb-18, groupId=Consumer-topic-c1bb9e7a_f9fd_4e3e_9a22_0650f8da1fbb] Resetting offset for partition topic-c1bb9e7a_f9fd_4e3e_9a22_0650f8da1fbb-0 to position FetchPosition{offset=0, offsetEpoch=Optional.empty, currentLeader=LeaderAndEpoch{leader=Optional[localhost:32770 (id: 0 rack: null)], epoch=0}}.
2025-07-31 15:31:22,689 INFO  [io.api.tes.ser.api.KafkaSerdesTester] (Thread-264) topic-c1bb9e7a_f9fd_4e3e_9a22_0650f8da1fbb 0 0 {"key11753975882253": "value-0"}
2025-07-31 15:31:22,689 INFO  [io.api.tes.ser.api.KafkaSerdesTester] (Thread-264) topic-c1bb9e7a_f9fd_4e3e_9a22_0650f8da1fbb 0 1 {"key11753975882253": "value-1"}
2025-07-31 15:31:22,689 INFO  [io.api.tes.ser.api.KafkaSerdesTester] (Thread-264) topic-c1bb9e7a_f9fd_4e3e_9a22_0650f8da1fbb 0 2 {"key11753975882253": "value-2"}
2025-07-31 15:31:22,689 INFO  [io.api.tes.ser.api.KafkaSerdesTester] (Thread-264) topic-c1bb9e7a_f9fd_4e3e_9a22_0650f8da1fbb 0 3 {"key11753975882253": "value-3"}
2025-07-31 15:31:22,689 INFO  [io.api.tes.ser.api.KafkaSerdesTester] (Thread-264) topic-c1bb9e7a_f9fd_4e3e_9a22_0650f8da1fbb 0 4 {"key11753975882253": "value-4"}
2025-07-31 15:31:22,689 INFO  [io.api.tes.ser.api.KafkaSerdesTester] (Thread-264) topic-c1bb9e7a_f9fd_4e3e_9a22_0650f8da1fbb 0 5 {"key11753975882253": "value-5"}
2025-07-31 15:31:22,689 INFO  [io.api.tes.ser.api.KafkaSerdesTester] (Thread-264) topic-c1bb9e7a_f9fd_4e3e_9a22_0650f8da1fbb 0 6 {"key11753975882253": "value-6"}
2025-07-31 15:31:22,689 INFO  [io.api.tes.ser.api.KafkaSerdesTester] (Thread-264) topic-c1bb9e7a_f9fd_4e3e_9a22_0650f8da1fbb 0 7 {"key11753975882253": "value-7"}
2025-07-31 15:31:22,689 INFO  [io.api.tes.ser.api.KafkaSerdesTester] (Thread-264) topic-c1bb9e7a_f9fd_4e3e_9a22_0650f8da1fbb 0 8 {"key11753975882253": "value-8"}
2025-07-31 15:31:22,689 INFO  [io.api.tes.ser.api.KafkaSerdesTester] (Thread-264) topic-c1bb9e7a_f9fd_4e3e_9a22_0650f8da1fbb 0 9 {"key11753975882253": "value-9"}
2025-07-31 15:31:22,689 INFO  [io.api.tes.ser.api.KafkaSerdesTester] (Thread-264) Consumed 10 messages
2025-07-31 15:31:22,692 INFO  [org.apa.kaf.cli.con.int.ConsumerRebalanceListenerInvoker] (Thread-264) [Consumer clientId=consumer-Consumer-topic-c1bb9e7a_f9fd_4e3e_9a22_0650f8da1fbb-18, groupId=Consumer-topic-c1bb9e7a_f9fd_4e3e_9a22_0650f8da1fbb] Revoke previously assigned partitions topic-c1bb9e7a_f9fd_4e3e_9a22_0650f8da1fbb-0
2025-07-31 15:31:22,692 INFO  [org.apa.kaf.cli.con.int.ConsumerCoordinator] (Thread-264) [Consumer clientId=consumer-Consumer-topic-c1bb9e7a_f9fd_4e3e_9a22_0650f8da1fbb-18, groupId=Consumer-topic-c1bb9e7a_f9fd_4e3e_9a22_0650f8da1fbb] Member consumer-Consumer-topic-c1bb9e7a_f9fd_4e3e_9a22_0650f8da1fbb-18-f0a23b94-da79-40c5-a88a-8c1fe7a03340 sending LeaveGroup request to coordinator localhost:32770 (id: 2147483647 rack: null) due to the consumer is being closed
2025-07-31 15:31:22,693 INFO  [org.apa.kaf.cli.con.int.ConsumerCoordinator] (Thread-264) [Consumer clientId=consumer-Consumer-topic-c1bb9e7a_f9fd_4e3e_9a22_0650f8da1fbb-18, groupId=Consumer-topic-c1bb9e7a_f9fd_4e3e_9a22_0650f8da1fbb] Resetting generation and member id due to: consumer pro-actively leaving the group
2025-07-31 15:31:22,693 INFO  [org.apa.kaf.cli.con.int.ConsumerCoordinator] (Thread-264) [Consumer clientId=consumer-Consumer-topic-c1bb9e7a_f9fd_4e3e_9a22_0650f8da1fbb-18, groupId=Consumer-topic-c1bb9e7a_f9fd_4e3e_9a22_0650f8da1fbb] Request joining group due to: consumer pro-actively leaving the group
2025-07-31 15:31:23,192 INFO  [org.apa.kaf.com.met.Metrics] (Thread-264) Metrics scheduler closed
2025-07-31 15:31:23,192 INFO  [org.apa.kaf.com.met.Metrics] (Thread-264) Closing reporter org.apache.kafka.common.metrics.JmxReporter
2025-07-31 15:31:23,192 INFO  [org.apa.kaf.com.met.Metrics] (Thread-264) Closing reporter org.apache.kafka.common.telemetry.internals.ClientTelemetryReporter
2025-07-31 15:31:23,192 INFO  [org.apa.kaf.com.met.Metrics] (Thread-264) Metrics reporters closed
2025-07-31 15:31:23,193 INFO  [org.apa.kaf.com.uti.AppInfoParser] (Thread-264) App info kafka.consumer for consumer-Consumer-topic-c1bb9e7a_f9fd_4e3e_9a22_0650f8da1fbb-18 unregistered
2025-07-31 15:31:23,194 INFO  [io.api.tes.uti.TestSeparator] (main) io.apicurio.tests.serdes.apicurio.AvroSerdeIT.testGlobalIdInBody-FINISHED
2025-07-31 15:31:23,194 INFO  [io.api.tes.uti.TestSeparator] (main) ############################################################################
]]></system-out>
  </testcase>
  <testcase name="testProducerUsesGlobalIdConsumerUsesDefault" classname="io.apicurio.tests.serdes.apicurio.AvroSerdeIT" time="0.0">
    <skipped message="void io.apicurio.tests.serdes.apicurio.AvroSerdeIT.testProducerUsesGlobalIdConsumerUsesDefault() throws java.lang.Exception is @Disabled"/>
  </testcase>
</testsuite>