<?xml version="1.0" encoding="UTF-8"?>
<testsuite xmlns:xsi="http://www.w3.org/2001/XMLSchema-instance" xsi:noNamespaceSchemaLocation="https://maven.apache.org/surefire/maven-failsafe-plugin/xsd/failsafe-test-report.xsd" version="3.0.2" name="io.apicurio.tests.serdes.apicurio.ProtobufSerdeIT" time="25.292" tests="17" errors="0" skipped="0" failures="0">
  <properties>
    <property name="java.specification.version" value="17"/>
    <property name="sun.jnu.encoding" value="UTF-8"/>
    <property name="java.class.path" value="/home/runner/work/apicurio-testing/apicurio-testing/clusters/ci419/namespaces/mysql/tests/integration/apicurio-registry/integration-tests/target/test-classes:/home/runner/work/apicurio-testing/apicurio-testing/clusters/ci419/namespaces/mysql/tests/integration/apicurio-registry/integration-tests/target/apicurio-registry-integration-tests-3.0.9.jar:/home/runner/.m2/repository/io/quarkus/quarkus-junit5/3.15.4/quarkus-junit5-3.15.4.jar:/home/runner/.m2/repository/io/quarkus/quarkus-bootstrap-core/3.15.4/quarkus-bootstrap-core-3.15.4.jar:/home/runner/.m2/repository/io/quarkus/quarkus-classloader-commons/3.15.4/quarkus-classloader-commons-3.15.4.jar:/home/runner/.m2/repository/io/quarkus/quarkus-bootstrap-app-model/3.15.4/quarkus-bootstrap-app-model-3.15.4.jar:/home/runner/.m2/repository/io/smallrye/common/smallrye-common-io/2.6.1/smallrye-common-io-2.6.1.jar:/home/runner/.m2/repository/org/eclipse/sisu/org.eclipse.sisu.inject/0.9.0.M3/org.eclipse.sisu.inject-0.9.0.M3.jar:/home/runner/.m2/repository/io/quarkus/quarkus-test-common/3.15.4/quarkus-test-common-3.15.4.jar:/home/runner/.m2/repository/io/quarkus/quarkus-core-deployment/3.15.4/quarkus-core-deployment-3.15.4.jar:/home/runner/.m2/repository/org/aesh/readline/2.6/readline-2.6.jar:/home/runner/.m2/repository/org/fusesource/jansi/jansi/2.4.0/jansi-2.4.0.jar:/home/runner/.m2/repository/org/aesh/aesh/2.8.2/aesh-2.8.2.jar:/home/runner/.m2/repository/io/quarkus/gizmo/gizmo/1.8.0/gizmo-1.8.0.jar:/home/runner/.m2/repository/org/ow2/asm/asm-util/9.7/asm-util-9.7.jar:/home/runner/.m2/repository/org/ow2/asm/asm-analysis/9.7/asm-analysis-9.7.jar:/home/runner/.m2/repository/org/ow2/asm/asm-commons/9.7/asm-commons-9.7.jar:/home/runner/.m2/repository/org/ow2/asm/asm-tree/9.7/asm-tree-9.7.jar:/home/runner/.m2/repository/io/quarkus/quarkus-hibernate-validator-spi/3.15.4/quarkus-hibernate-validator-spi-3.15.4.jar:/home/runner/.m2/repository/io/quarkus/quarkus-class-change-agent/3.15.4/quarkus-class-change-agent-3.15.4.jar:/home/runner/.m2/repository/io/quarkus/quarkus-devtools-utilities/3.15.4/quarkus-devtools-utilities-3.15.4.jar:/home/runner/.m2/repository/io/quarkus/quarkus-builder/3.15.4/quarkus-builder-3.15.4.jar:/home/runner/.m2/repository/org/graalvm/sdk/nativeimage/23.1.2/nativeimage-23.1.2.jar:/home/runner/.m2/repository/org/graalvm/sdk/word/23.1.2/word-23.1.2.jar:/home/runner/.m2/repository/io/quarkus/quarkus-bootstrap-maven-resolver/3.15.4/quarkus-bootstrap-maven-resolver-3.15.4.jar:/home/runner/.m2/repository/io/smallrye/beanbag/smallrye-beanbag-maven/1.5.2/smallrye-beanbag-maven-1.5.2.jar:/home/runner/.m2/repository/io/smallrye/beanbag/smallrye-beanbag-sisu/1.5.2/smallrye-beanbag-sisu-1.5.2.jar:/home/runner/.m2/repository/io/smallrye/beanbag/smallrye-beanbag/1.5.2/smallrye-beanbag-1.5.2.jar:/home/runner/.m2/repository/javax/inject/javax.inject/1/javax.inject-1.jar:/home/runner/.m2/repository/org/apache/maven/maven-artifact/3.9.8/maven-artifact-3.9.8.jar:/home/runner/.m2/repository/org/apache/maven/maven-builder-support/3.9.8/maven-builder-support-3.9.8.jar:/home/runner/.m2/repository/org/apache/maven/maven-model/3.9.8/maven-model-3.9.8.jar:/home/runner/.m2/repository/org/apache/maven/maven-model-builder/3.9.8/maven-model-builder-3.9.8.jar:/home/runner/.m2/repository/org/apache/maven/maven-repository-metadata/3.9.8/maven-repository-metadata-3.9.8.jar:/home/runner/.m2/repository/org/apache/maven/maven-settings/3.9.8/maven-settings-3.9.8.jar:/home/runner/.m2/repository/org/apache/maven/resolver/maven-resolver-api/1.9.22/maven-resolver-api-1.9.22.jar:/home/runner/.m2/repository/org/apache/maven/resolver/maven-resolver-impl/1.9.22/maven-resolver-impl-1.9.22.jar:/home/runner/.m2/repository/org/apache/maven/resolver/maven-resolver-named-locks/1.9.22/maven-resolver-named-locks-1.9.22.jar:/home/runner/.m2/repository/org/apache/maven/resolver/maven-resolver-spi/1.9.22/maven-resolver-spi-1.9.22.jar:/home/runner/.m2/repository/org/apache/maven/resolver/maven-resolver-util/1.9.22/maven-resolver-util-1.9.22.jar:/home/runner/.m2/repository/org/apache/maven/resolver/maven-resolver-transport-http/1.9.20/maven-resolver-transport-http-1.9.20.jar:/home/runner/.m2/repository/org/apache/maven/wagon/wagon-provider-api/3.5.3/wagon-provider-api-3.5.3.jar:/home/runner/.m2/repository/org/apache/maven/wagon/wagon-http-shared/3.5.3/wagon-http-shared-3.5.3.jar:/home/runner/.m2/repository/org/codehaus/plexus/plexus-interpolation/1.26/plexus-interpolation-1.26.jar:/home/runner/.m2/repository/org/codehaus/plexus/plexus-utils/3.5.1/plexus-utils-3.5.1.jar:/home/runner/.m2/repository/org/codehaus/plexus/plexus-xml/4.0.1/plexus-xml-4.0.1.jar:/home/runner/.m2/repository/org/apache/maven/maven-xml-impl/4.0.0-alpha-5/maven-xml-impl-4.0.0-alpha-5.jar:/home/runner/.m2/repository/org/apache/maven/maven-api-xml/4.0.0-alpha-5/maven-api-xml-4.0.0-alpha-5.jar:/home/runner/.m2/repository/org/apache/maven/maven-api-meta/4.0.0-alpha-5/maven-api-meta-4.0.0-alpha-5.jar:/home/runner/.m2/repository/org/codehaus/plexus/plexus-cipher/2.0/plexus-cipher-2.0.jar:/home/runner/.m2/repository/org/codehaus/plexus/plexus-sec-dispatcher/2.0/plexus-sec-dispatcher-2.0.jar:/home/runner/.m2/repository/org/apache/maven/maven-embedder/3.9.8/maven-embedder-3.9.8.jar:/home/runner/.m2/repository/org/apache/maven/maven-core/3.9.8/maven-core-3.9.8.jar:/home/runner/.m2/repository/org/codehaus/plexus/plexus-component-annotations/2.1.0/plexus-component-annotations-2.1.0.jar:/home/runner/.m2/repository/org/apache/maven/maven-plugin-api/3.9.8/maven-plugin-api-3.9.8.jar:/home/runner/.m2/repository/org/apache/maven/shared/maven-shared-utils/3.4.2/maven-shared-utils-3.4.2.jar:/home/runner/.m2/repository/com/google/inject/guice/5.1.0/guice-5.1.0.jar:/home/runner/.m2/repository/aopalliance/aopalliance/1.0/aopalliance-1.0.jar:/home/runner/.m2/repository/javax/annotation/javax.annotation-api/1.3.2/javax.annotation-api-1.3.2.jar:/home/runner/.m2/repository/org/codehaus/plexus/plexus-classworlds/2.6.0/plexus-classworlds-2.6.0.jar:/home/runner/.m2/repository/commons-cli/commons-cli/1.8.0/commons-cli-1.8.0.jar:/home/runner/.m2/repository/org/eclipse/sisu/org.eclipse.sisu.plexus/0.9.0.M3/org.eclipse.sisu.plexus-0.9.0.M3.jar:/home/runner/.m2/repository/org/apache/maven/maven-settings-builder/3.9.8/maven-settings-builder-3.9.8.jar:/home/runner/.m2/repository/org/apache/maven/maven-resolver-provider/3.9.8/maven-resolver-provider-3.9.8.jar:/home/runner/.m2/repository/org/apache/maven/resolver/maven-resolver-connector-basic/1.9.22/maven-resolver-connector-basic-1.9.22.jar:/home/runner/.m2/repository/org/apache/maven/resolver/maven-resolver-transport-wagon/1.9.22/maven-resolver-transport-wagon-1.9.22.jar:/home/runner/.m2/repository/org/apache/maven/wagon/wagon-http/3.5.3/wagon-http-3.5.3.jar:/home/runner/.m2/repository/org/apache/maven/wagon/wagon-file/3.5.3/wagon-file-3.5.3.jar:/home/runner/.m2/repository/io/quarkus/quarkus-bootstrap-gradle-resolver/3.15.4/quarkus-bootstrap-gradle-resolver-3.15.4.jar:/home/runner/.m2/repository/io/smallrye/jandex/3.2.3/jandex-3.2.3.jar:/home/runner/.m2/repository/org/jboss/logging/commons-logging-jboss-logging/1.0.0.Final/commons-logging-jboss-logging-1.0.0.Final.jar:/home/runner/.m2/repository/io/quarkus/quarkus-junit5-properties/3.15.4/quarkus-junit5-properties-3.15.4.jar:/home/runner/.m2/repository/org/junit/jupiter/junit-jupiter/5.10.3/junit-jupiter-5.10.3.jar:/home/runner/.m2/repository/org/junit/jupiter/junit-jupiter-api/5.10.3/junit-jupiter-api-5.10.3.jar:/home/runner/.m2/repository/org/junit/jupiter/junit-jupiter-params/5.10.3/junit-jupiter-params-5.10.3.jar:/home/runner/.m2/repository/org/junit/jupiter/junit-jupiter-engine/5.10.3/junit-jupiter-engine-5.10.3.jar:/home/runner/.m2/repository/io/quarkus/quarkus-core/3.15.4/quarkus-core-3.15.4.jar:/home/runner/.m2/repository/jakarta/enterprise/jakarta.enterprise.cdi-api/4.1.0/jakarta.enterprise.cdi-api-4.1.0.jar:/home/runner/.m2/repository/jakarta/enterprise/jakarta.enterprise.lang-model/4.1.0/jakarta.enterprise.lang-model-4.1.0.jar:/home/runner/.m2/repository/jakarta/el/jakarta.el-api/5.0.1/jakarta.el-api-5.0.1.jar:/home/runner/.m2/repository/jakarta/interceptor/jakarta.interceptor-api/2.2.0/jakarta.interceptor-api-2.2.0.jar:/home/runner/.m2/repository/jakarta/inject/jakarta.inject-api/2.0.1/jakarta.inject-api-2.0.1.jar:/home/runner/.m2/repository/io/smallrye/common/smallrye-common-os/2.6.1/smallrye-common-os-2.6.1.jar:/home/runner/.m2/repository/io/quarkus/quarkus-ide-launcher/3.15.4/quarkus-ide-launcher-3.15.4.jar:/home/runner/.m2/repository/io/quarkus/quarkus-development-mode-spi/3.15.4/quarkus-development-mode-spi-3.15.4.jar:/home/runner/.m2/repository/io/smallrye/config/smallrye-config/3.9.1/smallrye-config-3.9.1.jar:/home/runner/.m2/repository/io/smallrye/config/smallrye-config-core/3.9.1/smallrye-config-core-3.9.1.jar:/home/runner/.m2/repository/io/smallrye/common/smallrye-common-annotation/2.6.1/smallrye-common-annotation-2.6.1.jar:/home/runner/.m2/repository/io/smallrye/common/smallrye-common-classloader/2.6.1/smallrye-common-classloader-2.6.1.jar:/home/runner/.m2/repository/io/smallrye/config/smallrye-config-common/3.9.1/smallrye-config-common-3.9.1.jar:/home/runner/.m2/repository/org/jboss/logging/jboss-logging/3.6.0.Final/jboss-logging-3.6.0.Final.jar:/home/runner/.m2/repository/org/jboss/logmanager/jboss-logmanager/3.1.1.Final/jboss-logmanager-3.1.1.Final.jar:/home/runner/.m2/repository/io/smallrye/common/smallrye-common-constraint/2.6.1/smallrye-common-constraint-2.6.1.jar:/home/runner/.m2/repository/io/smallrye/common/smallrye-common-cpu/2.6.1/smallrye-common-cpu-2.6.1.jar:/home/runner/.m2/repository/io/smallrye/common/smallrye-common-expression/2.6.1/smallrye-common-expression-2.6.1.jar:/home/runner/.m2/repository/io/smallrye/common/smallrye-common-function/2.6.1/smallrye-common-function-2.6.1.jar:/home/runner/.m2/repository/io/smallrye/common/smallrye-common-net/2.6.1/smallrye-common-net-2.6.1.jar:/home/runner/.m2/repository/io/smallrye/common/smallrye-common-ref/2.6.1/smallrye-common-ref-2.6.1.jar:/home/runner/.m2/repository/jakarta/json/jakarta.json-api/2.1.3/jakarta.json-api-2.1.3.jar:/home/runner/.m2/repository/org/eclipse/parsson/parsson/1.1.7/parsson-1.1.7.jar:/home/runner/.m2/repository/org/jboss/logging/jboss-logging-annotations/3.0.1.Final/jboss-logging-annotations-3.0.1.Final.jar:/home/runner/.m2/repository/org/jboss/threads/jboss-threads/3.6.1.Final/jboss-threads-3.6.1.Final.jar:/home/runner/.m2/repository/org/jboss/slf4j/slf4j-jboss-logmanager/2.0.0.Final/slf4j-jboss-logmanager-2.0.0.Final.jar:/home/runner/.m2/repository/org/wildfly/common/wildfly-common/1.7.0.Final/wildfly-common-1.7.0.Final.jar:/home/runner/.m2/repository/io/quarkus/quarkus-bootstrap-runner/3.15.4/quarkus-bootstrap-runner-3.15.4.jar:/home/runner/.m2/repository/io/github/crac/org-crac/0.1.3/org-crac-0.1.3.jar:/home/runner/.m2/repository/io/quarkus/quarkus-fs-util/0.0.10/quarkus-fs-util-0.0.10.jar:/home/runner/.m2/repository/org/jboss/marshalling/jboss-marshalling/2.2.1.Final/jboss-marshalling-2.2.1.Final.jar:/home/runner/.m2/repository/io/fabric8/kubernetes-client/6.13.5/kubernetes-client-6.13.5.jar:/home/runner/.m2/repository/io/fabric8/kubernetes-client-api/6.13.5/kubernetes-client-api-6.13.5.jar:/home/runner/.m2/repository/io/fabric8/kubernetes-model-core/6.13.5/kubernetes-model-core-6.13.5.jar:/home/runner/.m2/repository/io/fabric8/kubernetes-model-common/6.13.5/kubernetes-model-common-6.13.5.jar:/home/runner/.m2/repository/io/fabric8/kubernetes-model-gatewayapi/6.13.5/kubernetes-model-gatewayapi-6.13.5.jar:/home/runner/.m2/repository/io/fabric8/kubernetes-model-resource/6.13.5/kubernetes-model-resource-6.13.5.jar:/home/runner/.m2/repository/io/fabric8/kubernetes-model-rbac/6.13.5/kubernetes-model-rbac-6.13.5.jar:/home/runner/.m2/repository/io/fabric8/kubernetes-model-admissionregistration/6.13.5/kubernetes-model-admissionregistration-6.13.5.jar:/home/runner/.m2/repository/io/fabric8/kubernetes-model-apps/6.13.5/kubernetes-model-apps-6.13.5.jar:/home/runner/.m2/repository/io/fabric8/kubernetes-model-autoscaling/6.13.5/kubernetes-model-autoscaling-6.13.5.jar:/home/runner/.m2/repository/io/fabric8/kubernetes-model-apiextensions/6.13.5/kubernetes-model-apiextensions-6.13.5.jar:/home/runner/.m2/repository/io/fabric8/kubernetes-model-batch/6.13.5/kubernetes-model-batch-6.13.5.jar:/home/runner/.m2/repository/io/fabric8/kubernetes-model-certificates/6.13.5/kubernetes-model-certificates-6.13.5.jar:/home/runner/.m2/repository/io/fabric8/kubernetes-model-coordination/6.13.5/kubernetes-model-coordination-6.13.5.jar:/home/runner/.m2/repository/io/fabric8/kubernetes-model-discovery/6.13.5/kubernetes-model-discovery-6.13.5.jar:/home/runner/.m2/repository/io/fabric8/kubernetes-model-events/6.13.5/kubernetes-model-events-6.13.5.jar:/home/runner/.m2/repository/io/fabric8/kubernetes-model-extensions/6.13.5/kubernetes-model-extensions-6.13.5.jar:/home/runner/.m2/repository/io/fabric8/kubernetes-model-flowcontrol/6.13.5/kubernetes-model-flowcontrol-6.13.5.jar:/home/runner/.m2/repository/io/fabric8/kubernetes-model-networking/6.13.5/kubernetes-model-networking-6.13.5.jar:/home/runner/.m2/repository/io/fabric8/kubernetes-model-metrics/6.13.5/kubernetes-model-metrics-6.13.5.jar:/home/runner/.m2/repository/io/fabric8/kubernetes-model-policy/6.13.5/kubernetes-model-policy-6.13.5.jar:/home/runner/.m2/repository/io/fabric8/kubernetes-model-scheduling/6.13.5/kubernetes-model-scheduling-6.13.5.jar:/home/runner/.m2/repository/io/fabric8/kubernetes-model-storageclass/6.13.5/kubernetes-model-storageclass-6.13.5.jar:/home/runner/.m2/repository/io/fabric8/kubernetes-model-node/6.13.5/kubernetes-model-node-6.13.5.jar:/home/runner/.m2/repository/org/snakeyaml/snakeyaml-engine/2.7/snakeyaml-engine-2.7.jar:/home/runner/.m2/repository/com/fasterxml/jackson/dataformat/jackson-dataformat-yaml/2.15.2/jackson-dataformat-yaml-2.15.2.jar:/home/runner/.m2/repository/com/fasterxml/jackson/datatype/jackson-datatype-jsr310/2.17.2/jackson-datatype-jsr310-2.17.2.jar:/home/runner/.m2/repository/io/fabric8/zjsonpatch/0.3.0/zjsonpatch-0.3.0.jar:/home/runner/.m2/repository/io/fabric8/kubernetes-httpclient-vertx/6.13.5/kubernetes-httpclient-vertx-6.13.5.jar:/home/runner/.m2/repository/io/vertx/vertx-web-client/4.5.13/vertx-web-client-4.5.13.jar:/home/runner/.m2/repository/io/vertx/vertx-web-common/4.5.13/vertx-web-common-4.5.13.jar:/home/runner/.m2/repository/io/vertx/vertx-auth-common/4.5.13/vertx-auth-common-4.5.13.jar:/home/runner/.m2/repository/io/vertx/vertx-uri-template/4.5.13/vertx-uri-template-4.5.13.jar:/home/runner/.m2/repository/io/fabric8/openshift-client/6.13.5/openshift-client-6.13.5.jar:/home/runner/.m2/repository/io/fabric8/openshift-client-api/6.13.5/openshift-client-api-6.13.5.jar:/home/runner/.m2/repository/io/fabric8/openshift-model/6.13.5/openshift-model-6.13.5.jar:/home/runner/.m2/repository/io/fabric8/openshift-model-clusterautoscaling/6.13.5/openshift-model-clusterautoscaling-6.13.5.jar:/home/runner/.m2/repository/io/fabric8/openshift-model-operator/6.13.5/openshift-model-operator-6.13.5.jar:/home/runner/.m2/repository/io/fabric8/openshift-model-operatorhub/6.13.5/openshift-model-operatorhub-6.13.5.jar:/home/runner/.m2/repository/io/fabric8/openshift-model-machine/6.13.5/openshift-model-machine-6.13.5.jar:/home/runner/.m2/repository/io/fabric8/openshift-model-whereabouts/6.13.5/openshift-model-whereabouts-6.13.5.jar:/home/runner/.m2/repository/io/fabric8/openshift-model-monitoring/6.13.5/openshift-model-monitoring-6.13.5.jar:/home/runner/.m2/repository/io/fabric8/openshift-model-storageversionmigrator/6.13.5/openshift-model-storageversionmigrator-6.13.5.jar:/home/runner/.m2/repository/io/fabric8/openshift-model-tuned/6.13.5/openshift-model-tuned-6.13.5.jar:/home/runner/.m2/repository/io/fabric8/openshift-model-console/6.13.5/openshift-model-console-6.13.5.jar:/home/runner/.m2/repository/io/fabric8/openshift-model-config/6.13.5/openshift-model-config-6.13.5.jar:/home/runner/.m2/repository/io/fabric8/openshift-model-machineconfig/6.13.5/openshift-model-machineconfig-6.13.5.jar:/home/runner/.m2/repository/io/fabric8/openshift-model-miscellaneous/6.13.5/openshift-model-miscellaneous-6.13.5.jar:/home/runner/.m2/repository/io/fabric8/openshift-model-hive/6.13.5/openshift-model-hive-6.13.5.jar:/home/runner/.m2/repository/io/fabric8/openshift-model-installer/6.13.5/openshift-model-installer-6.13.5.jar:/home/runner/.m2/repository/com/github/mifmif/generex/1.0.2/generex-1.0.2.jar:/home/runner/.m2/repository/dk/brics/automaton/automaton/1.11-8/automaton-1.11-8.jar:/home/runner/.m2/repository/org/junit/platform/junit-platform-launcher/1.10.3/junit-platform-launcher-1.10.3.jar:/home/runner/.m2/repository/org/junit/platform/junit-platform-engine/1.10.3/junit-platform-engine-1.10.3.jar:/home/runner/.m2/repository/org/opentest4j/opentest4j/1.3.0/opentest4j-1.3.0.jar:/home/runner/.m2/repository/org/junit/platform/junit-platform-commons/1.10.3/junit-platform-commons-1.10.3.jar:/home/runner/.m2/repository/org/apiguardian/apiguardian-api/1.1.2/apiguardian-api-1.1.2.jar:/home/runner/.m2/repository/jakarta/ws/rs/jakarta.ws.rs-api/3.1.0/jakarta.ws.rs-api-3.1.0.jar:/home/runner/work/apicurio-testing/apicurio-testing/clusters/ci419/namespaces/mysql/tests/integration/apicurio-registry/java-sdk/target/apicurio-registry-java-sdk-3.0.9.jar:/home/runner/.m2/repository/com/microsoft/kiota/microsoft-kiota-abstractions/1.8.4/microsoft-kiota-abstractions-1.8.4.jar:/home/runner/.m2/repository/io/github/std-uritemplate/std-uritemplate/2.0.0/std-uritemplate-2.0.0.jar:/home/runner/.m2/repository/io/kiota/kiota-http-jdk/0.0.21/kiota-http-jdk-0.0.21.jar:/home/runner/.m2/repository/io/kiota/kiota-http-vertx/0.0.21/kiota-http-vertx-0.0.21.jar:/home/runner/.m2/repository/io/kiota/kiota-serialization-jackson/0.0.21/kiota-serialization-jackson-0.0.21.jar:/home/runner/.m2/repository/com/microsoft/kiota/microsoft-kiota-serialization-text/1.8.4/microsoft-kiota-serialization-text-1.8.4.jar:/home/runner/.m2/repository/com/microsoft/kiota/microsoft-kiota-serialization-form/1.8.4/microsoft-kiota-serialization-form-1.8.4.jar:/home/runner/.m2/repository/com/microsoft/kiota/microsoft-kiota-serialization-multipart/1.8.4/microsoft-kiota-serialization-multipart-1.8.4.jar:/home/runner/.m2/repository/jakarta/annotation/jakarta.annotation-api/3.0.0/jakarta.annotation-api-3.0.0.jar:/home/runner/.m2/repository/io/vertx/vertx-auth-oauth2/4.5.13/vertx-auth-oauth2-4.5.13.jar:/home/runner/work/apicurio-testing/apicurio-testing/clusters/ci419/namespaces/mysql/tests/integration/apicurio-registry/java-sdk-v2/target/apicurio-registry-v2-java-sdk-3.0.9.jar:/home/runner/work/apicurio-testing/apicurio-testing/clusters/ci419/namespaces/mysql/tests/integration/apicurio-registry/utils/kafka/target/apicurio-registry-utils-kafka-3.0.9-tests.jar:/home/runner/.m2/repository/org/eclipse/microprofile/config/microprofile-config-api/3.1/microprofile-config-api-3.1.jar:/home/runner/.m2/repository/org/apache/kafka/kafka-clients/3.9.0/kafka-clients-3.9.0.jar:/home/runner/.m2/repository/com/github/luben/zstd-jni/1.5.6-4/zstd-jni-1.5.6-4.jar:/home/runner/.m2/repository/org/lz4/lz4-java/1.8.0/lz4-java-1.8.0.jar:/home/runner/.m2/repository/org/xerial/snappy/snappy-java/1.1.10.5/snappy-java-1.1.10.5.jar:/home/runner/.m2/repository/org/slf4j/slf4j-api/2.0.6/slf4j-api-2.0.6.jar:/home/runner/work/apicurio-testing/apicurio-testing/clusters/ci419/namespaces/mysql/tests/integration/apicurio-registry/utils/tests/target/apicurio-registry-utils-tests-3.0.9.jar:/home/runner/work/apicurio-testing/apicurio-testing/clusters/ci419/namespaces/mysql/tests/integration/apicurio-registry/common/target/apicurio-registry-common-3.0.9.jar:/home/runner/.m2/repository/jakarta/validation/jakarta.validation-api/3.0.2/jakarta.validation-api-3.0.2.jar:/home/runner/.m2/repository/com/github/dasniko/testcontainers-keycloak/3.6.0/testcontainers-keycloak-3.6.0.jar:/home/runner/.m2/repository/org/testcontainers/testcontainers/1.20.1/testcontainers-1.20.1.jar:/home/runner/.m2/repository/org/rnorth/duct-tape/duct-tape/1.0.8/duct-tape-1.0.8.jar:/home/runner/.m2/repository/org/jetbrains/annotations/24.1.0/annotations-24.1.0.jar:/home/runner/.m2/repository/com/github/docker-java/docker-java-transport-zerodep/3.4.0/docker-java-transport-zerodep-3.4.0.jar:/home/runner/.m2/repository/com/github/docker-java/docker-java-transport/3.4.0/docker-java-transport-3.4.0.jar:/home/runner/.m2/repository/net/java/dev/jna/jna/5.8.0/jna-5.8.0.jar:/home/runner/.m2/repository/io/quarkus/quarkus-junit4-mock/3.15.4/quarkus-junit4-mock-3.15.4.jar:/home/runner/.m2/repository/org/jboss/shrinkwrap/shrinkwrap-api/2.0.0-beta-2/shrinkwrap-api-2.0.0-beta-2.jar:/home/runner/.m2/repository/org/jboss/shrinkwrap/shrinkwrap-impl-base/2.0.0-beta-2/shrinkwrap-impl-base-2.0.0-beta-2.jar:/home/runner/.m2/repository/org/jboss/shrinkwrap/shrinkwrap-spi/2.0.0-beta-2/shrinkwrap-spi-2.0.0-beta-2.jar:/home/runner/.m2/repository/org/keycloak/keycloak-admin-client/25.0.6/keycloak-admin-client-25.0.6.jar:/home/runner/.m2/repository/org/keycloak/keycloak-core/25.0.6/keycloak-core-25.0.6.jar:/home/runner/.m2/repository/org/keycloak/keycloak-common/25.0.6/keycloak-common-25.0.6.jar:/home/runner/.m2/repository/org/jboss/resteasy/resteasy-client/6.2.9.Final/resteasy-client-6.2.9.Final.jar:/home/runner/.m2/repository/org/jboss/resteasy/resteasy-client-api/6.2.9.Final/resteasy-client-api-6.2.9.Final.jar:/home/runner/.m2/repository/org/jboss/resteasy/resteasy-core-spi/6.2.9.Final/resteasy-core-spi-6.2.9.Final.jar:/home/runner/.m2/repository/org/jboss/resteasy/resteasy-core/6.2.9.Final/resteasy-core-6.2.9.Final.jar:/home/runner/.m2/repository/org/eclipse/angus/angus-activation/2.0.2/angus-activation-2.0.2.jar:/home/runner/.m2/repository/com/ibm/async/asyncutil/0.1.0/asyncutil-0.1.0.jar:/home/runner/.m2/repository/org/reactivestreams/reactive-streams/1.0.4/reactive-streams-1.0.4.jar:/home/runner/.m2/repository/org/jboss/resteasy/resteasy-multipart-provider/6.2.9.Final/resteasy-multipart-provider-6.2.9.Final.jar:/home/runner/.m2/repository/jakarta/mail/jakarta.mail-api/2.1.2/jakarta.mail-api-2.1.2.jar:/home/runner/.m2/repository/org/eclipse/angus/angus-mail/2.0.3/angus-mail-2.0.3.jar:/home/runner/.m2/repository/org/apache/james/apache-mime4j-dom/0.8.11/apache-mime4j-dom-0.8.11.jar:/home/runner/.m2/repository/org/apache/james/apache-mime4j-core/0.8.11/apache-mime4j-core-0.8.11.jar:/home/runner/.m2/repository/org/apache/james/apache-mime4j-storage/0.8.11/apache-mime4j-storage-0.8.11.jar:/home/runner/.m2/repository/org/jboss/resteasy/resteasy-jackson2-provider/6.2.9.Final/resteasy-jackson2-provider-6.2.9.Final.jar:/home/runner/.m2/repository/com/fasterxml/jackson/jakarta/rs/jackson-jakarta-rs-base/2.17.2/jackson-jakarta-rs-base-2.17.2.jar:/home/runner/.m2/repository/com/fasterxml/jackson/jakarta/rs/jackson-jakarta-rs-json-provider/2.17.2/jackson-jakarta-rs-json-provider-2.17.2.jar:/home/runner/.m2/repository/com/fasterxml/jackson/module/jackson-module-jakarta-xmlbind-annotations/2.17.2/jackson-module-jakarta-xmlbind-annotations-2.17.2.jar:/home/runner/.m2/repository/com/github/java-json-tools/json-patch/1.13/json-patch-1.13.jar:/home/runner/.m2/repository/com/github/java-json-tools/msg-simple/1.2/msg-simple-1.2.jar:/home/runner/.m2/repository/com/github/java-json-tools/btf/1.3/btf-1.3.jar:/home/runner/.m2/repository/com/github/java-json-tools/jackson-coreutils/2.0/jackson-coreutils-2.0.jar:/home/runner/.m2/repository/org/jboss/resteasy/resteasy-jaxb-provider/6.2.9.Final/resteasy-jaxb-provider-6.2.9.Final.jar:/home/runner/.m2/repository/org/glassfish/jaxb/codemodel/4.0.3/codemodel-4.0.3.jar:/home/runner/.m2/repository/org/glassfish/jaxb/jaxb-core/4.0.5/jaxb-core-4.0.5.jar:/home/runner/.m2/repository/org/glassfish/jaxb/jaxb-jxc/4.0.3/jaxb-jxc-4.0.3.jar:/home/runner/.m2/repository/org/glassfish/jaxb/jaxb-runtime/4.0.5/jaxb-runtime-4.0.5.jar:/home/runner/.m2/repository/org/glassfish/jaxb/txw2/4.0.5/txw2-4.0.5.jar:/home/runner/.m2/repository/org/glassfish/jaxb/jaxb-xjc/4.0.3/jaxb-xjc-4.0.3.jar:/home/runner/.m2/repository/org/glassfish/jaxb/xsom/4.0.3/xsom-4.0.3.jar:/home/runner/.m2/repository/com/sun/istack/istack-commons-runtime/4.1.2/istack-commons-runtime-4.1.2.jar:/home/runner/.m2/repository/com/sun/istack/istack-commons-tools/4.1.2/istack-commons-tools-4.1.2.jar:/home/runner/.m2/repository/com/sun/xml/bind/external/relaxng-datatype/4.0.3/relaxng-datatype-4.0.3.jar:/home/runner/.m2/repository/com/sun/xml/bind/external/rngom/4.0.3/rngom-4.0.3.jar:/home/runner/.m2/repository/org/testcontainers/mssqlserver/1.20.1/mssqlserver-1.20.1.jar:/home/runner/.m2/repository/org/testcontainers/jdbc/1.20.1/jdbc-1.20.1.jar:/home/runner/.m2/repository/org/testcontainers/database-commons/1.20.1/database-commons-1.20.1.jar:/home/runner/.m2/repository/org/testcontainers/mysql/1.20.1/mysql-1.20.1.jar:/home/runner/.m2/repository/io/strimzi/strimzi-test-container/0.107.0/strimzi-test-container-0.107.0.jar:/home/runner/.m2/repository/org/testcontainers/toxiproxy/1.20.1/toxiproxy-1.20.1.jar:/home/runner/.m2/repository/com/github/docker-java/docker-java-api/3.4.0/docker-java-api-3.4.0.jar:/home/runner/.m2/repository/eu/rekawek/toxiproxy/toxiproxy-java/2.1.7/toxiproxy-java-2.1.7.jar:/home/runner/.m2/repository/junit/junit/4.13.2/junit-4.13.2.jar:/home/runner/.m2/repository/org/hamcrest/hamcrest-core/1.3/hamcrest-core-1.3.jar:/home/runner/.m2/repository/org/testcontainers/pulsar/1.20.4/pulsar-1.20.4.jar:/home/runner/.m2/repository/io/debezium/debezium-testing-testcontainers/2.6.2.Final/debezium-testing-testcontainers-2.6.2.Final.jar:/home/runner/.m2/repository/org/testcontainers/kafka/1.20.1/kafka-1.20.1.jar:/home/runner/.m2/repository/com/squareup/okhttp3/okhttp/4.8.1/okhttp-4.8.1.jar:/home/runner/.m2/repository/com/squareup/okio/okio/3.10.2/okio-3.10.2.jar:/home/runner/.m2/repository/com/squareup/okio/okio-jvm/3.10.2/okio-jvm-3.10.2.jar:/home/runner/.m2/repository/org/jetbrains/kotlin/kotlin-stdlib/2.0.10/kotlin-stdlib-2.0.10.jar:/home/runner/.m2/repository/org/awaitility/awaitility/4.2.2/awaitility-4.2.2.jar:/home/runner/.m2/repository/org/testcontainers/mongodb/1.20.1/mongodb-1.20.1.jar:/home/runner/.m2/repository/org/testcontainers/oracle-xe/1.20.1/oracle-xe-1.20.1.jar:/home/runner/.m2/repository/org/testcontainers/postgresql/1.20.1/postgresql-1.20.1.jar:/home/runner/.m2/repository/org/wiremock/wiremock/3.0.1/wiremock-3.0.1.jar:/home/runner/.m2/repository/org/eclipse/jetty/jetty-server/11.0.15/jetty-server-11.0.15.jar:/home/runner/.m2/repository/org/eclipse/jetty/toolchain/jetty-jakarta-servlet-api/5.0.2/jetty-jakarta-servlet-api-5.0.2.jar:/home/runner/.m2/repository/org/eclipse/jetty/jetty-http/11.0.15/jetty-http-11.0.15.jar:/home/runner/.m2/repository/org/eclipse/jetty/jetty-io/11.0.15/jetty-io-11.0.15.jar:/home/runner/.m2/repository/org/eclipse/jetty/jetty-servlet/11.0.15/jetty-servlet-11.0.15.jar:/home/runner/.m2/repository/org/eclipse/jetty/jetty-security/11.0.15/jetty-security-11.0.15.jar:/home/runner/.m2/repository/org/eclipse/jetty/jetty-servlets/11.0.15/jetty-servlets-11.0.15.jar:/home/runner/.m2/repository/org/eclipse/jetty/jetty-util/11.0.15/jetty-util-11.0.15.jar:/home/runner/.m2/repository/org/eclipse/jetty/jetty-webapp/11.0.15/jetty-webapp-11.0.15.jar:/home/runner/.m2/repository/org/eclipse/jetty/jetty-xml/11.0.15/jetty-xml-11.0.15.jar:/home/runner/.m2/repository/org/eclipse/jetty/jetty-proxy/11.0.15/jetty-proxy-11.0.15.jar:/home/runner/.m2/repository/org/eclipse/jetty/jetty-client/11.0.15/jetty-client-11.0.15.jar:/home/runner/.m2/repository/org/eclipse/jetty/http2/http2-server/11.0.15/http2-server-11.0.15.jar:/home/runner/.m2/repository/org/eclipse/jetty/http2/http2-common/11.0.15/http2-common-11.0.15.jar:/home/runner/.m2/repository/org/eclipse/jetty/http2/http2-hpack/11.0.15/http2-hpack-11.0.15.jar:/home/runner/.m2/repository/org/eclipse/jetty/jetty-alpn-server/11.0.15/jetty-alpn-server-11.0.15.jar:/home/runner/.m2/repository/org/eclipse/jetty/jetty-alpn-java-server/11.0.15/jetty-alpn-java-server-11.0.15.jar:/home/runner/.m2/repository/org/eclipse/jetty/jetty-alpn-java-client/11.0.15/jetty-alpn-java-client-11.0.15.jar:/home/runner/.m2/repository/org/eclipse/jetty/jetty-alpn-client/11.0.15/jetty-alpn-client-11.0.15.jar:/home/runner/.m2/repository/org/apache/httpcomponents/client5/httpclient5/5.2.1/httpclient5-5.2.1.jar:/home/runner/.m2/repository/org/apache/httpcomponents/core5/httpcore5/5.2/httpcore5-5.2.jar:/home/runner/.m2/repository/org/apache/httpcomponents/core5/httpcore5-h2/5.2/httpcore5-h2-5.2.jar:/home/runner/.m2/repository/org/xmlunit/xmlunit-core/2.9.1/xmlunit-core-2.9.1.jar:/home/runner/.m2/repository/jakarta/xml/bind/jakarta.xml.bind-api/4.0.2/jakarta.xml.bind-api-4.0.2.jar:/home/runner/.m2/repository/jakarta/activation/jakarta.activation-api/2.1.3/jakarta.activation-api-2.1.3.jar:/home/runner/.m2/repository/org/xmlunit/xmlunit-legacy/2.9.1/xmlunit-legacy-2.9.1.jar:/home/runner/.m2/repository/org/xmlunit/xmlunit-placeholders/2.9.1/xmlunit-placeholders-2.9.1.jar:/home/runner/.m2/repository/net/javacrumbs/json-unit/json-unit-core/2.38.0/json-unit-core-2.38.0.jar:/home/runner/.m2/repository/com/jayway/jsonpath/json-path/2.8.0/json-path-2.8.0.jar:/home/runner/.m2/repository/net/minidev/json-smart/2.4.10/json-smart-2.4.10.jar:/home/runner/.m2/repository/net/minidev/accessors-smart/2.4.9/accessors-smart-2.4.9.jar:/home/runner/.m2/repository/org/ow2/asm/asm/9.7/asm-9.7.jar:/home/runner/.m2/repository/net/sf/jopt-simple/jopt-simple/5.0.4/jopt-simple-5.0.4.jar:/home/runner/.m2/repository/com/github/jknack/handlebars/4.3.1/handlebars-4.3.1.jar:/home/runner/.m2/repository/com/github/jknack/handlebars-helpers/4.3.1/handlebars-helpers-4.3.1.jar:/home/runner/.m2/repository/commons-fileupload/commons-fileupload/1.5/commons-fileupload-1.5.jar:/home/runner/.m2/repository/com/networknt/json-schema-validator/1.5.5/json-schema-validator-1.5.5.jar:/home/runner/.m2/repository/com/ethlo/time/itu/1.10.3/itu-1.10.3.jar:/home/runner/.m2/repository/io/quarkus/quarkus-smallrye-jwt-build/3.15.4/quarkus-smallrye-jwt-build-3.15.4.jar:/home/runner/.m2/repository/io/smallrye/smallrye-jwt-build/4.5.3/smallrye-jwt-build-4.5.3.jar:/home/runner/.m2/repository/org/eclipse/microprofile/jwt/microprofile-jwt-auth-api/2.1/microprofile-jwt-auth-api-2.1.jar:/home/runner/.m2/repository/org/bitbucket/b_c/jose4j/0.9.6/jose4j-0.9.6.jar:/home/runner/.m2/repository/io/smallrye/smallrye-jwt-common/4.5.3/smallrye-jwt-common-4.5.3.jar:/home/runner/.m2/repository/io/quarkus/quarkus-jsonp/3.15.4/quarkus-jsonp-3.15.4.jar:/home/runner/.m2/repository/io/quarkus/quarkus-arc/3.15.4/quarkus-arc-3.15.4.jar:/home/runner/.m2/repository/io/quarkus/arc/arc/3.15.4/arc-3.15.4.jar:/home/runner/.m2/repository/jakarta/transaction/jakarta.transaction-api/2.0.1/jakarta.transaction-api-2.0.1.jar:/home/runner/.m2/repository/io/smallrye/reactive/mutiny/2.6.2/mutiny-2.6.2.jar:/home/runner/.m2/repository/org/jctools/jctools-core/4.0.5/jctools-core-4.0.5.jar:/home/runner/.m2/repository/org/eclipse/microprofile/context-propagation/microprofile-context-propagation-api/1.3/microprofile-context-propagation-api-1.3.jar:/home/runner/.m2/repository/io/apicurio/apicurio-common-rest-client-common/0.1.18.Final/apicurio-common-rest-client-common-0.1.18.Final.jar:/home/runner/work/apicurio-testing/apicurio-testing/clusters/ci419/namespaces/mysql/tests/integration/apicurio-registry/utils/maven-plugin/target/apicurio-registry-maven-plugin-3.0.9.jar:/home/runner/.m2/repository/com/fasterxml/jackson/core/jackson-databind/2.17.2/jackson-databind-2.17.2.jar:/home/runner/.m2/repository/org/apache/avro/avro/1.12.0/avro-1.12.0.jar:/home/runner/.m2/repository/com/google/protobuf/protobuf-java/3.25.8/protobuf-java-3.25.8.jar:/home/runner/.m2/repository/com/google/protobuf/protobuf-java-util/3.25.8/protobuf-java-util-3.25.8.jar:/home/runner/.m2/repository/com/google/code/findbugs/jsr305/3.0.2/jsr305-3.0.2.jar:/home/runner/.m2/repository/com/google/code/gson/gson/2.11.0/gson-2.11.0.jar:/home/runner/.m2/repository/com/google/errorprone/error_prone_annotations/2.30.0/error_prone_annotations-2.30.0.jar:/home/runner/.m2/repository/com/google/j2objc/j2objc-annotations/2.8/j2objc-annotations-2.8.jar:/home/runner/work/apicurio-testing/apicurio-testing/clusters/ci419/namespaces/mysql/tests/integration/apicurio-registry/schema-util/util-provider/target/apicurio-registry-schema-util-provider-3.0.9.jar:/home/runner/work/apicurio-testing/apicurio-testing/clusters/ci419/namespaces/mysql/tests/integration/apicurio-registry/schema-util/common/target/apicurio-registry-schema-util-common-3.0.9.jar:/home/runner/.m2/repository/com/fasterxml/jackson/module/jackson-module-parameter-names/2.17.2/jackson-module-parameter-names-2.17.2.jar:/home/runner/.m2/repository/com/fasterxml/jackson/datatype/jackson-datatype-json-org/2.18.2/jackson-datatype-json-org-2.18.2.jar:/home/runner/work/apicurio-testing/apicurio-testing/clusters/ci419/namespaces/mysql/tests/integration/apicurio-registry/schema-util/json/target/apicurio-registry-schema-util-json-3.0.9.jar:/home/runner/.m2/repository/com/github/erosb/everit-json-schema/1.14.5/everit-json-schema-1.14.5.jar:/home/runner/.m2/repository/commons-validator/commons-validator/1.9.0/commons-validator-1.9.0.jar:/home/runner/.m2/repository/commons-digester/commons-digester/2.1/commons-digester-2.1.jar:/home/runner/.m2/repository/commons-collections/commons-collections/3.2.2/commons-collections-3.2.2.jar:/home/runner/.m2/repository/com/damnhandy/handy-uri-templates/2.1.8/handy-uri-templates-2.1.8.jar:/home/runner/.m2/repository/joda-time/joda-time/2.10.2/joda-time-2.10.2.jar:/home/runner/.m2/repository/com/github/erosb/json-sKema/0.20.0/json-sKema-0.20.0.jar:/home/runner/.m2/repository/io/vertx/vertx-json-schema/4.5.13/vertx-json-schema-4.5.13.jar:/home/runner/work/apicurio-testing/apicurio-testing/clusters/ci419/namespaces/mysql/tests/integration/apicurio-registry/schema-util/protobuf/target/apicurio-registry-schema-util-protobuf-3.0.9.jar:/home/runner/work/apicurio-testing/apicurio-testing/clusters/ci419/namespaces/mysql/tests/integration/apicurio-registry/utils/protobuf-schema-utilities/target/apicurio-registry-protobuf-schema-utilities-3.0.9.jar:/home/runner/.m2/repository/com/google/api/grpc/proto-google-common-protos/2.52.0/proto-google-common-protos-2.52.0.jar:/home/runner/.m2/repository/com/squareup/wire/wire-schema-jvm/5.1.0/wire-schema-jvm-5.1.0.jar:/home/runner/.m2/repository/com/squareup/javapoet/1.13.0/javapoet-1.13.0.jar:/home/runner/.m2/repository/com/squareup/kotlinpoet-jvm/1.18.1/kotlinpoet-jvm-1.18.1.jar:/home/runner/.m2/repository/org/jetbrains/kotlin/kotlin-reflect/2.0.10/kotlin-reflect-2.0.10.jar:/home/runner/.m2/repository/com/squareup/wire/wire-runtime-jvm/5.1.0/wire-runtime-jvm-5.1.0.jar:/home/runner/.m2/repository/com/ibm/icu/icu4j/76.1/icu4j-76.1.jar:/home/runner/.m2/repository/com/squareup/okio/okio-fakefilesystem/3.10.2/okio-fakefilesystem-3.10.2.jar:/home/runner/.m2/repository/com/squareup/okio/okio-fakefilesystem-jvm/3.10.2/okio-fakefilesystem-jvm-3.10.2.jar:/home/runner/.m2/repository/org/jetbrains/kotlinx/kotlinx-datetime-jvm/0.6.1/kotlinx-datetime-jvm-0.6.1.jar:/home/runner/work/apicurio-testing/apicurio-testing/clusters/ci419/namespaces/mysql/tests/integration/apicurio-registry/schema-util/asyncapi/target/apicurio-registry-schema-util-asyncapi-3.0.9.jar:/home/runner/work/apicurio-testing/apicurio-testing/clusters/ci419/namespaces/mysql/tests/integration/apicurio-registry/schema-util/avro/target/apicurio-registry-schema-util-avro-3.0.9.jar:/home/runner/work/apicurio-testing/apicurio-testing/clusters/ci419/namespaces/mysql/tests/integration/apicurio-registry/schema-util/graphql/target/apicurio-registry-schema-util-graphql-3.0.9.jar:/home/runner/.m2/repository/com/graphql-java/graphql-java/22.3/graphql-java-22.3.jar:/home/runner/.m2/repository/com/graphql-java/java-dataloader/3.3.0/java-dataloader-3.3.0.jar:/home/runner/work/apicurio-testing/apicurio-testing/clusters/ci419/namespaces/mysql/tests/integration/apicurio-registry/schema-util/kconnect/target/apicurio-registry-schema-util-kconnect-3.0.9.jar:/home/runner/work/apicurio-testing/apicurio-testing/clusters/ci419/namespaces/mysql/tests/integration/apicurio-registry/schema-util/openapi/target/apicurio-registry-schema-util-openapi-3.0.9.jar:/home/runner/.m2/repository/io/apicurio/apicurio-data-models/2.2.1/apicurio-data-models-2.2.1.jar:/home/runner/.m2/repository/org/openapitools/openapidiff/openapi-diff-core/2.0.1/openapi-diff-core-2.0.1.jar:/home/runner/.m2/repository/io/swagger/parser/v3/swagger-parser/2.0.28/swagger-parser-2.0.28.jar:/home/runner/.m2/repository/io/swagger/parser/v3/swagger-parser-v2-converter/2.0.28/swagger-parser-v2-converter-2.0.28.jar:/home/runner/.m2/repository/io/swagger/swagger-core/1.6.3/swagger-core-1.6.3.jar:/home/runner/.m2/repository/io/swagger/swagger-models/1.6.3/swagger-models-1.6.3.jar:/home/runner/.m2/repository/io/swagger/swagger-annotations/1.6.3/swagger-annotations-1.6.3.jar:/home/runner/.m2/repository/io/swagger/swagger-parser/1.0.56/swagger-parser-1.0.56.jar:/home/runner/.m2/repository/io/swagger/swagger-compat-spec-parser/1.0.56/swagger-compat-spec-parser-1.0.56.jar:/home/runner/.m2/repository/com/github/java-json-tools/json-schema-validator/2.2.14/json-schema-validator-2.2.14.jar:/home/runner/.m2/repository/com/github/java-json-tools/jackson-coreutils-equivalence/1.0/jackson-coreutils-equivalence-1.0.jar:/home/runner/.m2/repository/com/github/java-json-tools/json-schema-core/1.2.14/json-schema-core-1.2.14.jar:/home/runner/.m2/repository/com/github/java-json-tools/uri-template/0.10/uri-template-0.10.jar:/home/runner/.m2/repository/com/sun/mail/mailapi/1.6.2/mailapi-1.6.2.jar:/home/runner/.m2/repository/com/googlecode/libphonenumber/libphonenumber/8.11.1/libphonenumber-8.11.1.jar:/home/runner/.m2/repository/com/j2html/j2html/1.5.0/j2html-1.5.0.jar:/home/runner/.m2/repository/org/apache/commons/commons-collections4/4.4/commons-collections4-4.4.jar:/home/runner/.m2/repository/commons-httpclient/commons-httpclient/3.1/commons-httpclient-3.1.jar:/home/runner/.m2/repository/io/swagger/parser/v3/swagger-parser-v3/2.1.25/swagger-parser-v3-2.1.25.jar:/home/runner/.m2/repository/io/swagger/core/v3/swagger-models/2.2.28/swagger-models-2.2.28.jar:/home/runner/.m2/repository/io/swagger/core/v3/swagger-core/2.2.28/swagger-core-2.2.28.jar:/home/runner/.m2/repository/io/swagger/parser/v3/swagger-parser-core/2.1.25/swagger-parser-core-2.1.25.jar:/home/runner/.m2/repository/io/swagger/parser/v3/swagger-parser-safe-url-resolver/2.1.25/swagger-parser-safe-url-resolver-2.1.25.jar:/home/runner/work/apicurio-testing/apicurio-testing/clusters/ci419/namespaces/mysql/tests/integration/apicurio-registry/schema-util/wsdl/target/apicurio-registry-schema-util-wsdl-3.0.9.jar:/home/runner/.m2/repository/wsdl4j/wsdl4j/1.6.3/wsdl4j-1.6.3.jar:/home/runner/work/apicurio-testing/apicurio-testing/clusters/ci419/namespaces/mysql/tests/integration/apicurio-registry/schema-util/xml/target/apicurio-registry-schema-util-xml-3.0.9.jar:/home/runner/.m2/repository/org/apache/santuario/xmlsec/4.0.3/xmlsec-4.0.3.jar:/home/runner/.m2/repository/com/fasterxml/woodstox/woodstox-core/7.1.0/woodstox-core-7.1.0.jar:/home/runner/.m2/repository/org/codehaus/woodstox/stax2-api/4.2.2/stax2-api-4.2.2.jar:/home/runner/work/apicurio-testing/apicurio-testing/clusters/ci419/namespaces/mysql/tests/integration/apicurio-registry/schema-util/xsd/target/apicurio-registry-schema-util-xsd-3.0.9.jar:/home/runner/work/apicurio-testing/apicurio-testing/clusters/ci419/namespaces/mysql/tests/integration/apicurio-registry/serdes/kafka/jsonschema-serde/target/apicurio-registry-jsonschema-serde-kafka-3.0.9.jar:/home/runner/work/apicurio-testing/apicurio-testing/clusters/ci419/namespaces/mysql/tests/integration/apicurio-registry/serdes/kafka/serde-kafka-common/target/apicurio-registry-serde-kafka-common-3.0.9.jar:/home/runner/work/apicurio-testing/apicurio-testing/clusters/ci419/namespaces/mysql/tests/integration/apicurio-registry/serdes/generic/serde-common/target/apicurio-registry-serde-common-3.0.9.jar:/home/runner/work/apicurio-testing/apicurio-testing/clusters/ci419/namespaces/mysql/tests/integration/apicurio-registry/schema-resolver/target/apicurio-registry-schema-resolver-3.0.9.jar:/home/runner/work/apicurio-testing/apicurio-testing/clusters/ci419/namespaces/mysql/tests/integration/apicurio-registry/serdes/generic/serde-common-jsonschema/target/apicurio-registry-serde-common-jsonschema-3.0.9.jar:/home/runner/.m2/repository/org/json/json/20250107/json-20250107.jar:/home/runner/work/apicurio-testing/apicurio-testing/clusters/ci419/namespaces/mysql/tests/integration/apicurio-registry/serdes/kafka/avro-serde/target/apicurio-registry-avro-serde-kafka-3.0.9.jar:/home/runner/work/apicurio-testing/apicurio-testing/clusters/ci419/namespaces/mysql/tests/integration/apicurio-registry/serdes/generic/serde-common-avro/target/apicurio-registry-serde-common-avro-3.0.9.jar:/home/runner/work/apicurio-testing/apicurio-testing/clusters/ci419/namespaces/mysql/tests/integration/apicurio-registry/serdes/kafka/protobuf-serde/target/apicurio-registry-protobuf-serde-kafka-3.0.9.jar:/home/runner/work/apicurio-testing/apicurio-testing/clusters/ci419/namespaces/mysql/tests/integration/apicurio-registry/serdes/generic/serde-common-protobuf/target/apicurio-registry-serde-common-protobuf-3.0.9.jar:/home/runner/.m2/repository/com/squareup/wire/wire-schema/5.1.0/wire-schema-5.1.0.jar:/home/runner/.m2/repository/com/squareup/wire/wire-runtime/5.1.0/wire-runtime-5.1.0.jar:/home/runner/work/apicurio-testing/apicurio-testing/clusters/ci419/namespaces/mysql/tests/integration/apicurio-registry/serdes/pulsar/avro-serde/target/apicurio-registry-avro-serde-pulsar-3.0.9.jar:/home/runner/.m2/repository/org/apache/pulsar/pulsar-functions-api/3.3.4/pulsar-functions-api-3.3.4.jar:/home/runner/work/apicurio-testing/apicurio-testing/clusters/ci419/namespaces/mysql/tests/integration/apicurio-registry/serdes/nats/avro-serde/target/apicurio-registry-avro-serde-nats-3.0.9.jar:/home/runner/.m2/repository/io/nats/jnats/2.20.5/jnats-2.20.5.jar:/home/runner/.m2/repository/net/i2p/crypto/eddsa/0.3.0/eddsa-0.3.0.jar:/home/runner/work/apicurio-testing/apicurio-testing/clusters/ci419/namespaces/mysql/tests/integration/apicurio-registry/utils/converter/target/apicurio-registry-utils-converter-3.0.9.jar:/home/runner/.m2/repository/org/apache/kafka/connect-api/3.9.1/connect-api-3.9.1.jar:/home/runner/.m2/repository/javax/ws/rs/javax.ws.rs-api/2.1.1/javax.ws.rs-api-2.1.1.jar:/home/runner/.m2/repository/org/apache/kafka/connect-json/3.9.1/connect-json-3.9.1.jar:/home/runner/.m2/repository/com/fasterxml/jackson/datatype/jackson-datatype-jdk8/2.17.2/jackson-datatype-jdk8-2.17.2.jar:/home/runner/.m2/repository/com/fasterxml/jackson/module/jackson-module-afterburner/2.17.2/jackson-module-afterburner-2.17.2.jar:/home/runner/work/apicurio-testing/apicurio-testing/clusters/ci419/namespaces/mysql/tests/integration/apicurio-registry/utils/kafka/target/apicurio-registry-utils-kafka-3.0.9.jar:/home/runner/.m2/repository/org/apache/pulsar/pulsar-client/3.3.4/pulsar-client-3.3.4.jar:/home/runner/.m2/repository/org/apache/pulsar/pulsar-client-api/3.3.4/pulsar-client-api-3.3.4.jar:/home/runner/.m2/repository/org/apache/pulsar/pulsar-client-admin-api/3.3.4/pulsar-client-admin-api-3.3.4.jar:/home/runner/.m2/repository/org/apache/pulsar/bouncy-castle-bc/3.3.4/bouncy-castle-bc-3.3.4-pkg.jar:/home/runner/.m2/repository/org/bouncycastle/bcpkix-jdk18on/1.78.1/bcpkix-jdk18on-1.78.1.jar:/home/runner/.m2/repository/org/bouncycastle/bcutil-jdk18on/1.78.1/bcutil-jdk18on-1.78.1.jar:/home/runner/.m2/repository/org/bouncycastle/bcprov-jdk18on/1.78.1/bcprov-jdk18on-1.78.1.jar:/home/runner/.m2/repository/io/opentelemetry/opentelemetry-api/1.39.0/opentelemetry-api-1.39.0.jar:/home/runner/.m2/repository/io/opentelemetry/opentelemetry-context/1.39.0/opentelemetry-context-1.39.0.jar:/home/runner/.m2/repository/io/opentelemetry/opentelemetry-api-incubator/1.39.0-alpha/opentelemetry-api-incubator-1.39.0-alpha.jar:/home/runner/.m2/repository/com/fasterxml/jackson/core/jackson-annotations/2.17.2/jackson-annotations-2.17.2.jar:/home/runner/.m2/repository/javax/validation/validation-api/1.1.0.Final/validation-api-1.1.0.Final.jar:/home/runner/.m2/repository/io/confluent/kafka-avro-serializer/7.9.0/kafka-avro-serializer-7.9.0.jar:/home/runner/.m2/repository/org/apache/commons/commons-compress/1.27.0/commons-compress-1.27.0.jar:/home/runner/.m2/repository/io/confluent/kafka-schema-serializer/7.9.0/kafka-schema-serializer-7.9.0.jar:/home/runner/.m2/repository/com/fasterxml/jackson/dataformat/jackson-dataformat-csv/2.17.2/jackson-dataformat-csv-2.17.2.jar:/home/runner/.m2/repository/io/confluent/kafka-schema-registry-client/7.9.0/kafka-schema-registry-client-7.9.0.jar:/home/runner/.m2/repository/org/yaml/snakeyaml/2.2/snakeyaml-2.2.jar:/home/runner/.m2/repository/io/swagger/core/v3/swagger-annotations/2.1.10/swagger-annotations-2.1.10.jar:/home/runner/.m2/repository/com/google/guava/guava/33.2.1-jre/guava-33.2.1-jre.jar:/home/runner/.m2/repository/com/google/guava/failureaccess/1.0.1/failureaccess-1.0.1.jar:/home/runner/.m2/repository/org/checkerframework/checker-qual/3.46.0/checker-qual-3.46.0.jar:/home/runner/.m2/repository/io/confluent/logredactor/1.0.12/logredactor-1.0.12.jar:/home/runner/.m2/repository/com/google/re2j/re2j/1.6/re2j-1.6.jar:/home/runner/.m2/repository/io/confluent/logredactor-metrics/1.0.12/logredactor-metrics-1.0.12.jar:/home/runner/.m2/repository/com/eclipsesource/minimal-json/minimal-json/0.9.5/minimal-json-0.9.5.jar:/home/runner/.m2/repository/io/confluent/common-utils/7.9.0/common-utils-7.9.0.jar:/home/runner/.m2/repository/io/confluent/kafka-connect-avro-converter/7.9.0/kafka-connect-avro-converter-7.9.0.jar:/home/runner/.m2/repository/io/confluent/kafka-connect-avro-data/7.9.0/kafka-connect-avro-data-7.9.0.jar:/home/runner/.m2/repository/io/confluent/kafka-schema-converter/7.9.0/kafka-schema-converter-7.9.0.jar:/home/runner/.m2/repository/io/rest-assured/rest-assured/5.5.0/rest-assured-5.5.0.jar:/home/runner/.m2/repository/org/apache/groovy/groovy/4.0.22/groovy-4.0.22.jar:/home/runner/.m2/repository/org/apache/groovy/groovy-xml/4.0.22/groovy-xml-4.0.22.jar:/home/runner/.m2/repository/org/apache/httpcomponents/httpclient/4.5.14/httpclient-4.5.14.jar:/home/runner/.m2/repository/org/apache/httpcomponents/httpcore/4.4.16/httpcore-4.4.16.jar:/home/runner/.m2/repository/org/apache/httpcomponents/httpmime/4.5.14/httpmime-4.5.14.jar:/home/runner/.m2/repository/org/hamcrest/hamcrest/2.2/hamcrest-2.2.jar:/home/runner/.m2/repository/org/ccil/cowan/tagsoup/tagsoup/1.2.1/tagsoup-1.2.1.jar:/home/runner/.m2/repository/io/rest-assured/json-path/5.5.0/json-path-5.5.0.jar:/home/runner/.m2/repository/org/apache/groovy/groovy-json/4.0.22/groovy-json-4.0.22.jar:/home/runner/.m2/repository/io/rest-assured/rest-assured-common/5.5.0/rest-assured-common-5.5.0.jar:/home/runner/.m2/repository/io/rest-assured/xml-path/5.5.0/xml-path-5.5.0.jar:/home/runner/.m2/repository/io/zonky/test/embedded-postgres/2.1.0/embedded-postgres-2.1.0.jar:/home/runner/.m2/repository/io/zonky/test/postgres/embedded-postgres-binaries-windows-amd64/14.15.0/embedded-postgres-binaries-windows-amd64-14.15.0.jar:/home/runner/.m2/repository/io/zonky/test/postgres/embedded-postgres-binaries-darwin-amd64/14.15.0/embedded-postgres-binaries-darwin-amd64-14.15.0.jar:/home/runner/.m2/repository/io/zonky/test/postgres/embedded-postgres-binaries-linux-amd64/14.15.0/embedded-postgres-binaries-linux-amd64-14.15.0.jar:/home/runner/.m2/repository/io/zonky/test/postgres/embedded-postgres-binaries-linux-amd64-alpine/14.15.0/embedded-postgres-binaries-linux-amd64-alpine-14.15.0.jar:/home/runner/.m2/repository/org/apache/commons/commons-lang3/3.14.0/commons-lang3-3.14.0.jar:/home/runner/.m2/repository/org/tukaani/xz/1.10/xz-1.10.jar:/home/runner/.m2/repository/commons-codec/commons-codec/1.18.0/commons-codec-1.18.0.jar:/home/runner/.m2/repository/org/postgresql/postgresql/42.7.4/postgresql-42.7.4.jar:/home/runner/.m2/repository/commons-io/commons-io/2.16.1/commons-io-2.16.1.jar:/home/runner/work/apicurio-testing/apicurio-testing/clusters/ci419/namespaces/mysql/tests/integration/apicurio-registry/utils/importexport/target/apicurio-registry-utils-import-export-3.0.9.jar:/home/runner/.m2/repository/io/vertx/vertx-core/4.5.13/vertx-core-4.5.13.jar:/home/runner/.m2/repository/io/netty/netty-common/4.1.118.Final/netty-common-4.1.118.Final.jar:/home/runner/.m2/repository/io/netty/netty-buffer/4.1.118.Final/netty-buffer-4.1.118.Final.jar:/home/runner/.m2/repository/io/netty/netty-transport/4.1.118.Final/netty-transport-4.1.118.Final.jar:/home/runner/.m2/repository/io/netty/netty-handler/4.1.118.Final/netty-handler-4.1.118.Final.jar:/home/runner/.m2/repository/io/netty/netty-transport-native-unix-common/4.1.118.Final/netty-transport-native-unix-common-4.1.118.Final.jar:/home/runner/.m2/repository/io/netty/netty-codec/4.1.118.Final/netty-codec-4.1.118.Final.jar:/home/runner/.m2/repository/io/netty/netty-handler-proxy/4.1.118.Final/netty-handler-proxy-4.1.118.Final.jar:/home/runner/.m2/repository/io/netty/netty-codec-socks/4.1.118.Final/netty-codec-socks-4.1.118.Final.jar:/home/runner/.m2/repository/io/netty/netty-codec-http/4.1.118.Final/netty-codec-http-4.1.118.Final.jar:/home/runner/.m2/repository/io/netty/netty-codec-http2/4.1.118.Final/netty-codec-http2-4.1.118.Final.jar:/home/runner/.m2/repository/io/netty/netty-resolver/4.1.118.Final/netty-resolver-4.1.118.Final.jar:/home/runner/.m2/repository/io/netty/netty-resolver-dns/4.1.118.Final/netty-resolver-dns-4.1.118.Final.jar:/home/runner/.m2/repository/io/netty/netty-codec-dns/4.1.118.Final/netty-codec-dns-4.1.118.Final.jar:/home/runner/.m2/repository/com/fasterxml/jackson/core/jackson-core/2.17.2/jackson-core-2.17.2.jar:"/>
    <property name="java.vm.vendor" value="Eclipse Adoptium"/>
    <property name="maven.javadoc.skip" value="true"/>
    <property name="sun.arch.data.model" value="64"/>
    <property name="java.vendor.url" value="https://adoptium.net/"/>
    <property name="user.timezone" value="Etc/UTC"/>
    <property name="os.name" value="Linux"/>
    <property name="java.vm.specification.version" value="17"/>
    <property name="sun.java.launcher" value="SUN_STANDARD"/>
    <property name="quarkus.http.test-port" value="80"/>
    <property name="sun.boot.library.path" value="/usr/lib/jvm/temurin-17-jdk-amd64/lib"/>
    <property name="sun.java.command" value="/home/runner/work/apicurio-testing/apicurio-testing/clusters/ci419/namespaces/mysql/tests/integration/apicurio-registry/integration-tests/target/surefire/surefirebooter-20250731153021442_3.jar /home/runner/work/apicurio-testing/apicurio-testing/clusters/ci419/namespaces/mysql/tests/integration/apicurio-registry/integration-tests/target/surefire 2025-07-31T15-30-21_268-jvmRun1 surefire-20250731153021442_1tmp surefire_0-20250731153021442_2tmp"/>
    <property name="maven.home" value="/home/runner/.m2/wrapper/dists/apache-maven-3.9.8-bin/4fnp1ql35bgk2a0p7m31ovbgb0/apache-maven-3.9.8"/>
    <property name="jdk.debug" value="release"/>
    <property name="surefire.test.class.path" value="/home/runner/work/apicurio-testing/apicurio-testing/clusters/ci419/namespaces/mysql/tests/integration/apicurio-registry/integration-tests/target/test-classes:/home/runner/work/apicurio-testing/apicurio-testing/clusters/ci419/namespaces/mysql/tests/integration/apicurio-registry/integration-tests/target/apicurio-registry-integration-tests-3.0.9.jar:/home/runner/.m2/repository/io/quarkus/quarkus-junit5/3.15.4/quarkus-junit5-3.15.4.jar:/home/runner/.m2/repository/io/quarkus/quarkus-bootstrap-core/3.15.4/quarkus-bootstrap-core-3.15.4.jar:/home/runner/.m2/repository/io/quarkus/quarkus-classloader-commons/3.15.4/quarkus-classloader-commons-3.15.4.jar:/home/runner/.m2/repository/io/quarkus/quarkus-bootstrap-app-model/3.15.4/quarkus-bootstrap-app-model-3.15.4.jar:/home/runner/.m2/repository/io/smallrye/common/smallrye-common-io/2.6.1/smallrye-common-io-2.6.1.jar:/home/runner/.m2/repository/org/eclipse/sisu/org.eclipse.sisu.inject/0.9.0.M3/org.eclipse.sisu.inject-0.9.0.M3.jar:/home/runner/.m2/repository/io/quarkus/quarkus-test-common/3.15.4/quarkus-test-common-3.15.4.jar:/home/runner/.m2/repository/io/quarkus/quarkus-core-deployment/3.15.4/quarkus-core-deployment-3.15.4.jar:/home/runner/.m2/repository/org/aesh/readline/2.6/readline-2.6.jar:/home/runner/.m2/repository/org/fusesource/jansi/jansi/2.4.0/jansi-2.4.0.jar:/home/runner/.m2/repository/org/aesh/aesh/2.8.2/aesh-2.8.2.jar:/home/runner/.m2/repository/io/quarkus/gizmo/gizmo/1.8.0/gizmo-1.8.0.jar:/home/runner/.m2/repository/org/ow2/asm/asm-util/9.7/asm-util-9.7.jar:/home/runner/.m2/repository/org/ow2/asm/asm-analysis/9.7/asm-analysis-9.7.jar:/home/runner/.m2/repository/org/ow2/asm/asm-commons/9.7/asm-commons-9.7.jar:/home/runner/.m2/repository/org/ow2/asm/asm-tree/9.7/asm-tree-9.7.jar:/home/runner/.m2/repository/io/quarkus/quarkus-hibernate-validator-spi/3.15.4/quarkus-hibernate-validator-spi-3.15.4.jar:/home/runner/.m2/repository/io/quarkus/quarkus-class-change-agent/3.15.4/quarkus-class-change-agent-3.15.4.jar:/home/runner/.m2/repository/io/quarkus/quarkus-devtools-utilities/3.15.4/quarkus-devtools-utilities-3.15.4.jar:/home/runner/.m2/repository/io/quarkus/quarkus-builder/3.15.4/quarkus-builder-3.15.4.jar:/home/runner/.m2/repository/org/graalvm/sdk/nativeimage/23.1.2/nativeimage-23.1.2.jar:/home/runner/.m2/repository/org/graalvm/sdk/word/23.1.2/word-23.1.2.jar:/home/runner/.m2/repository/io/quarkus/quarkus-bootstrap-maven-resolver/3.15.4/quarkus-bootstrap-maven-resolver-3.15.4.jar:/home/runner/.m2/repository/io/smallrye/beanbag/smallrye-beanbag-maven/1.5.2/smallrye-beanbag-maven-1.5.2.jar:/home/runner/.m2/repository/io/smallrye/beanbag/smallrye-beanbag-sisu/1.5.2/smallrye-beanbag-sisu-1.5.2.jar:/home/runner/.m2/repository/io/smallrye/beanbag/smallrye-beanbag/1.5.2/smallrye-beanbag-1.5.2.jar:/home/runner/.m2/repository/javax/inject/javax.inject/1/javax.inject-1.jar:/home/runner/.m2/repository/org/apache/maven/maven-artifact/3.9.8/maven-artifact-3.9.8.jar:/home/runner/.m2/repository/org/apache/maven/maven-builder-support/3.9.8/maven-builder-support-3.9.8.jar:/home/runner/.m2/repository/org/apache/maven/maven-model/3.9.8/maven-model-3.9.8.jar:/home/runner/.m2/repository/org/apache/maven/maven-model-builder/3.9.8/maven-model-builder-3.9.8.jar:/home/runner/.m2/repository/org/apache/maven/maven-repository-metadata/3.9.8/maven-repository-metadata-3.9.8.jar:/home/runner/.m2/repository/org/apache/maven/maven-settings/3.9.8/maven-settings-3.9.8.jar:/home/runner/.m2/repository/org/apache/maven/resolver/maven-resolver-api/1.9.22/maven-resolver-api-1.9.22.jar:/home/runner/.m2/repository/org/apache/maven/resolver/maven-resolver-impl/1.9.22/maven-resolver-impl-1.9.22.jar:/home/runner/.m2/repository/org/apache/maven/resolver/maven-resolver-named-locks/1.9.22/maven-resolver-named-locks-1.9.22.jar:/home/runner/.m2/repository/org/apache/maven/resolver/maven-resolver-spi/1.9.22/maven-resolver-spi-1.9.22.jar:/home/runner/.m2/repository/org/apache/maven/resolver/maven-resolver-util/1.9.22/maven-resolver-util-1.9.22.jar:/home/runner/.m2/repository/org/apache/maven/resolver/maven-resolver-transport-http/1.9.20/maven-resolver-transport-http-1.9.20.jar:/home/runner/.m2/repository/org/apache/maven/wagon/wagon-provider-api/3.5.3/wagon-provider-api-3.5.3.jar:/home/runner/.m2/repository/org/apache/maven/wagon/wagon-http-shared/3.5.3/wagon-http-shared-3.5.3.jar:/home/runner/.m2/repository/org/codehaus/plexus/plexus-interpolation/1.26/plexus-interpolation-1.26.jar:/home/runner/.m2/repository/org/codehaus/plexus/plexus-utils/3.5.1/plexus-utils-3.5.1.jar:/home/runner/.m2/repository/org/codehaus/plexus/plexus-xml/4.0.1/plexus-xml-4.0.1.jar:/home/runner/.m2/repository/org/apache/maven/maven-xml-impl/4.0.0-alpha-5/maven-xml-impl-4.0.0-alpha-5.jar:/home/runner/.m2/repository/org/apache/maven/maven-api-xml/4.0.0-alpha-5/maven-api-xml-4.0.0-alpha-5.jar:/home/runner/.m2/repository/org/apache/maven/maven-api-meta/4.0.0-alpha-5/maven-api-meta-4.0.0-alpha-5.jar:/home/runner/.m2/repository/org/codehaus/plexus/plexus-cipher/2.0/plexus-cipher-2.0.jar:/home/runner/.m2/repository/org/codehaus/plexus/plexus-sec-dispatcher/2.0/plexus-sec-dispatcher-2.0.jar:/home/runner/.m2/repository/org/apache/maven/maven-embedder/3.9.8/maven-embedder-3.9.8.jar:/home/runner/.m2/repository/org/apache/maven/maven-core/3.9.8/maven-core-3.9.8.jar:/home/runner/.m2/repository/org/codehaus/plexus/plexus-component-annotations/2.1.0/plexus-component-annotations-2.1.0.jar:/home/runner/.m2/repository/org/apache/maven/maven-plugin-api/3.9.8/maven-plugin-api-3.9.8.jar:/home/runner/.m2/repository/org/apache/maven/shared/maven-shared-utils/3.4.2/maven-shared-utils-3.4.2.jar:/home/runner/.m2/repository/com/google/inject/guice/5.1.0/guice-5.1.0.jar:/home/runner/.m2/repository/aopalliance/aopalliance/1.0/aopalliance-1.0.jar:/home/runner/.m2/repository/javax/annotation/javax.annotation-api/1.3.2/javax.annotation-api-1.3.2.jar:/home/runner/.m2/repository/org/codehaus/plexus/plexus-classworlds/2.6.0/plexus-classworlds-2.6.0.jar:/home/runner/.m2/repository/commons-cli/commons-cli/1.8.0/commons-cli-1.8.0.jar:/home/runner/.m2/repository/org/eclipse/sisu/org.eclipse.sisu.plexus/0.9.0.M3/org.eclipse.sisu.plexus-0.9.0.M3.jar:/home/runner/.m2/repository/org/apache/maven/maven-settings-builder/3.9.8/maven-settings-builder-3.9.8.jar:/home/runner/.m2/repository/org/apache/maven/maven-resolver-provider/3.9.8/maven-resolver-provider-3.9.8.jar:/home/runner/.m2/repository/org/apache/maven/resolver/maven-resolver-connector-basic/1.9.22/maven-resolver-connector-basic-1.9.22.jar:/home/runner/.m2/repository/org/apache/maven/resolver/maven-resolver-transport-wagon/1.9.22/maven-resolver-transport-wagon-1.9.22.jar:/home/runner/.m2/repository/org/apache/maven/wagon/wagon-http/3.5.3/wagon-http-3.5.3.jar:/home/runner/.m2/repository/org/apache/maven/wagon/wagon-file/3.5.3/wagon-file-3.5.3.jar:/home/runner/.m2/repository/io/quarkus/quarkus-bootstrap-gradle-resolver/3.15.4/quarkus-bootstrap-gradle-resolver-3.15.4.jar:/home/runner/.m2/repository/io/smallrye/jandex/3.2.3/jandex-3.2.3.jar:/home/runner/.m2/repository/org/jboss/logging/commons-logging-jboss-logging/1.0.0.Final/commons-logging-jboss-logging-1.0.0.Final.jar:/home/runner/.m2/repository/io/quarkus/quarkus-junit5-properties/3.15.4/quarkus-junit5-properties-3.15.4.jar:/home/runner/.m2/repository/org/junit/jupiter/junit-jupiter/5.10.3/junit-jupiter-5.10.3.jar:/home/runner/.m2/repository/org/junit/jupiter/junit-jupiter-api/5.10.3/junit-jupiter-api-5.10.3.jar:/home/runner/.m2/repository/org/junit/jupiter/junit-jupiter-params/5.10.3/junit-jupiter-params-5.10.3.jar:/home/runner/.m2/repository/org/junit/jupiter/junit-jupiter-engine/5.10.3/junit-jupiter-engine-5.10.3.jar:/home/runner/.m2/repository/io/quarkus/quarkus-core/3.15.4/quarkus-core-3.15.4.jar:/home/runner/.m2/repository/jakarta/enterprise/jakarta.enterprise.cdi-api/4.1.0/jakarta.enterprise.cdi-api-4.1.0.jar:/home/runner/.m2/repository/jakarta/enterprise/jakarta.enterprise.lang-model/4.1.0/jakarta.enterprise.lang-model-4.1.0.jar:/home/runner/.m2/repository/jakarta/el/jakarta.el-api/5.0.1/jakarta.el-api-5.0.1.jar:/home/runner/.m2/repository/jakarta/interceptor/jakarta.interceptor-api/2.2.0/jakarta.interceptor-api-2.2.0.jar:/home/runner/.m2/repository/jakarta/inject/jakarta.inject-api/2.0.1/jakarta.inject-api-2.0.1.jar:/home/runner/.m2/repository/io/smallrye/common/smallrye-common-os/2.6.1/smallrye-common-os-2.6.1.jar:/home/runner/.m2/repository/io/quarkus/quarkus-ide-launcher/3.15.4/quarkus-ide-launcher-3.15.4.jar:/home/runner/.m2/repository/io/quarkus/quarkus-development-mode-spi/3.15.4/quarkus-development-mode-spi-3.15.4.jar:/home/runner/.m2/repository/io/smallrye/config/smallrye-config/3.9.1/smallrye-config-3.9.1.jar:/home/runner/.m2/repository/io/smallrye/config/smallrye-config-core/3.9.1/smallrye-config-core-3.9.1.jar:/home/runner/.m2/repository/io/smallrye/common/smallrye-common-annotation/2.6.1/smallrye-common-annotation-2.6.1.jar:/home/runner/.m2/repository/io/smallrye/common/smallrye-common-classloader/2.6.1/smallrye-common-classloader-2.6.1.jar:/home/runner/.m2/repository/io/smallrye/config/smallrye-config-common/3.9.1/smallrye-config-common-3.9.1.jar:/home/runner/.m2/repository/org/jboss/logging/jboss-logging/3.6.0.Final/jboss-logging-3.6.0.Final.jar:/home/runner/.m2/repository/org/jboss/logmanager/jboss-logmanager/3.1.1.Final/jboss-logmanager-3.1.1.Final.jar:/home/runner/.m2/repository/io/smallrye/common/smallrye-common-constraint/2.6.1/smallrye-common-constraint-2.6.1.jar:/home/runner/.m2/repository/io/smallrye/common/smallrye-common-cpu/2.6.1/smallrye-common-cpu-2.6.1.jar:/home/runner/.m2/repository/io/smallrye/common/smallrye-common-expression/2.6.1/smallrye-common-expression-2.6.1.jar:/home/runner/.m2/repository/io/smallrye/common/smallrye-common-function/2.6.1/smallrye-common-function-2.6.1.jar:/home/runner/.m2/repository/io/smallrye/common/smallrye-common-net/2.6.1/smallrye-common-net-2.6.1.jar:/home/runner/.m2/repository/io/smallrye/common/smallrye-common-ref/2.6.1/smallrye-common-ref-2.6.1.jar:/home/runner/.m2/repository/jakarta/json/jakarta.json-api/2.1.3/jakarta.json-api-2.1.3.jar:/home/runner/.m2/repository/org/eclipse/parsson/parsson/1.1.7/parsson-1.1.7.jar:/home/runner/.m2/repository/org/jboss/logging/jboss-logging-annotations/3.0.1.Final/jboss-logging-annotations-3.0.1.Final.jar:/home/runner/.m2/repository/org/jboss/threads/jboss-threads/3.6.1.Final/jboss-threads-3.6.1.Final.jar:/home/runner/.m2/repository/org/jboss/slf4j/slf4j-jboss-logmanager/2.0.0.Final/slf4j-jboss-logmanager-2.0.0.Final.jar:/home/runner/.m2/repository/org/wildfly/common/wildfly-common/1.7.0.Final/wildfly-common-1.7.0.Final.jar:/home/runner/.m2/repository/io/quarkus/quarkus-bootstrap-runner/3.15.4/quarkus-bootstrap-runner-3.15.4.jar:/home/runner/.m2/repository/io/github/crac/org-crac/0.1.3/org-crac-0.1.3.jar:/home/runner/.m2/repository/io/quarkus/quarkus-fs-util/0.0.10/quarkus-fs-util-0.0.10.jar:/home/runner/.m2/repository/org/jboss/marshalling/jboss-marshalling/2.2.1.Final/jboss-marshalling-2.2.1.Final.jar:/home/runner/.m2/repository/io/fabric8/kubernetes-client/6.13.5/kubernetes-client-6.13.5.jar:/home/runner/.m2/repository/io/fabric8/kubernetes-client-api/6.13.5/kubernetes-client-api-6.13.5.jar:/home/runner/.m2/repository/io/fabric8/kubernetes-model-core/6.13.5/kubernetes-model-core-6.13.5.jar:/home/runner/.m2/repository/io/fabric8/kubernetes-model-common/6.13.5/kubernetes-model-common-6.13.5.jar:/home/runner/.m2/repository/io/fabric8/kubernetes-model-gatewayapi/6.13.5/kubernetes-model-gatewayapi-6.13.5.jar:/home/runner/.m2/repository/io/fabric8/kubernetes-model-resource/6.13.5/kubernetes-model-resource-6.13.5.jar:/home/runner/.m2/repository/io/fabric8/kubernetes-model-rbac/6.13.5/kubernetes-model-rbac-6.13.5.jar:/home/runner/.m2/repository/io/fabric8/kubernetes-model-admissionregistration/6.13.5/kubernetes-model-admissionregistration-6.13.5.jar:/home/runner/.m2/repository/io/fabric8/kubernetes-model-apps/6.13.5/kubernetes-model-apps-6.13.5.jar:/home/runner/.m2/repository/io/fabric8/kubernetes-model-autoscaling/6.13.5/kubernetes-model-autoscaling-6.13.5.jar:/home/runner/.m2/repository/io/fabric8/kubernetes-model-apiextensions/6.13.5/kubernetes-model-apiextensions-6.13.5.jar:/home/runner/.m2/repository/io/fabric8/kubernetes-model-batch/6.13.5/kubernetes-model-batch-6.13.5.jar:/home/runner/.m2/repository/io/fabric8/kubernetes-model-certificates/6.13.5/kubernetes-model-certificates-6.13.5.jar:/home/runner/.m2/repository/io/fabric8/kubernetes-model-coordination/6.13.5/kubernetes-model-coordination-6.13.5.jar:/home/runner/.m2/repository/io/fabric8/kubernetes-model-discovery/6.13.5/kubernetes-model-discovery-6.13.5.jar:/home/runner/.m2/repository/io/fabric8/kubernetes-model-events/6.13.5/kubernetes-model-events-6.13.5.jar:/home/runner/.m2/repository/io/fabric8/kubernetes-model-extensions/6.13.5/kubernetes-model-extensions-6.13.5.jar:/home/runner/.m2/repository/io/fabric8/kubernetes-model-flowcontrol/6.13.5/kubernetes-model-flowcontrol-6.13.5.jar:/home/runner/.m2/repository/io/fabric8/kubernetes-model-networking/6.13.5/kubernetes-model-networking-6.13.5.jar:/home/runner/.m2/repository/io/fabric8/kubernetes-model-metrics/6.13.5/kubernetes-model-metrics-6.13.5.jar:/home/runner/.m2/repository/io/fabric8/kubernetes-model-policy/6.13.5/kubernetes-model-policy-6.13.5.jar:/home/runner/.m2/repository/io/fabric8/kubernetes-model-scheduling/6.13.5/kubernetes-model-scheduling-6.13.5.jar:/home/runner/.m2/repository/io/fabric8/kubernetes-model-storageclass/6.13.5/kubernetes-model-storageclass-6.13.5.jar:/home/runner/.m2/repository/io/fabric8/kubernetes-model-node/6.13.5/kubernetes-model-node-6.13.5.jar:/home/runner/.m2/repository/org/snakeyaml/snakeyaml-engine/2.7/snakeyaml-engine-2.7.jar:/home/runner/.m2/repository/com/fasterxml/jackson/dataformat/jackson-dataformat-yaml/2.15.2/jackson-dataformat-yaml-2.15.2.jar:/home/runner/.m2/repository/com/fasterxml/jackson/datatype/jackson-datatype-jsr310/2.17.2/jackson-datatype-jsr310-2.17.2.jar:/home/runner/.m2/repository/io/fabric8/zjsonpatch/0.3.0/zjsonpatch-0.3.0.jar:/home/runner/.m2/repository/io/fabric8/kubernetes-httpclient-vertx/6.13.5/kubernetes-httpclient-vertx-6.13.5.jar:/home/runner/.m2/repository/io/vertx/vertx-web-client/4.5.13/vertx-web-client-4.5.13.jar:/home/runner/.m2/repository/io/vertx/vertx-web-common/4.5.13/vertx-web-common-4.5.13.jar:/home/runner/.m2/repository/io/vertx/vertx-auth-common/4.5.13/vertx-auth-common-4.5.13.jar:/home/runner/.m2/repository/io/vertx/vertx-uri-template/4.5.13/vertx-uri-template-4.5.13.jar:/home/runner/.m2/repository/io/fabric8/openshift-client/6.13.5/openshift-client-6.13.5.jar:/home/runner/.m2/repository/io/fabric8/openshift-client-api/6.13.5/openshift-client-api-6.13.5.jar:/home/runner/.m2/repository/io/fabric8/openshift-model/6.13.5/openshift-model-6.13.5.jar:/home/runner/.m2/repository/io/fabric8/openshift-model-clusterautoscaling/6.13.5/openshift-model-clusterautoscaling-6.13.5.jar:/home/runner/.m2/repository/io/fabric8/openshift-model-operator/6.13.5/openshift-model-operator-6.13.5.jar:/home/runner/.m2/repository/io/fabric8/openshift-model-operatorhub/6.13.5/openshift-model-operatorhub-6.13.5.jar:/home/runner/.m2/repository/io/fabric8/openshift-model-machine/6.13.5/openshift-model-machine-6.13.5.jar:/home/runner/.m2/repository/io/fabric8/openshift-model-whereabouts/6.13.5/openshift-model-whereabouts-6.13.5.jar:/home/runner/.m2/repository/io/fabric8/openshift-model-monitoring/6.13.5/openshift-model-monitoring-6.13.5.jar:/home/runner/.m2/repository/io/fabric8/openshift-model-storageversionmigrator/6.13.5/openshift-model-storageversionmigrator-6.13.5.jar:/home/runner/.m2/repository/io/fabric8/openshift-model-tuned/6.13.5/openshift-model-tuned-6.13.5.jar:/home/runner/.m2/repository/io/fabric8/openshift-model-console/6.13.5/openshift-model-console-6.13.5.jar:/home/runner/.m2/repository/io/fabric8/openshift-model-config/6.13.5/openshift-model-config-6.13.5.jar:/home/runner/.m2/repository/io/fabric8/openshift-model-machineconfig/6.13.5/openshift-model-machineconfig-6.13.5.jar:/home/runner/.m2/repository/io/fabric8/openshift-model-miscellaneous/6.13.5/openshift-model-miscellaneous-6.13.5.jar:/home/runner/.m2/repository/io/fabric8/openshift-model-hive/6.13.5/openshift-model-hive-6.13.5.jar:/home/runner/.m2/repository/io/fabric8/openshift-model-installer/6.13.5/openshift-model-installer-6.13.5.jar:/home/runner/.m2/repository/com/github/mifmif/generex/1.0.2/generex-1.0.2.jar:/home/runner/.m2/repository/dk/brics/automaton/automaton/1.11-8/automaton-1.11-8.jar:/home/runner/.m2/repository/org/junit/platform/junit-platform-launcher/1.10.3/junit-platform-launcher-1.10.3.jar:/home/runner/.m2/repository/org/junit/platform/junit-platform-engine/1.10.3/junit-platform-engine-1.10.3.jar:/home/runner/.m2/repository/org/opentest4j/opentest4j/1.3.0/opentest4j-1.3.0.jar:/home/runner/.m2/repository/org/junit/platform/junit-platform-commons/1.10.3/junit-platform-commons-1.10.3.jar:/home/runner/.m2/repository/org/apiguardian/apiguardian-api/1.1.2/apiguardian-api-1.1.2.jar:/home/runner/.m2/repository/jakarta/ws/rs/jakarta.ws.rs-api/3.1.0/jakarta.ws.rs-api-3.1.0.jar:/home/runner/work/apicurio-testing/apicurio-testing/clusters/ci419/namespaces/mysql/tests/integration/apicurio-registry/java-sdk/target/apicurio-registry-java-sdk-3.0.9.jar:/home/runner/.m2/repository/com/microsoft/kiota/microsoft-kiota-abstractions/1.8.4/microsoft-kiota-abstractions-1.8.4.jar:/home/runner/.m2/repository/io/github/std-uritemplate/std-uritemplate/2.0.0/std-uritemplate-2.0.0.jar:/home/runner/.m2/repository/io/kiota/kiota-http-jdk/0.0.21/kiota-http-jdk-0.0.21.jar:/home/runner/.m2/repository/io/kiota/kiota-http-vertx/0.0.21/kiota-http-vertx-0.0.21.jar:/home/runner/.m2/repository/io/kiota/kiota-serialization-jackson/0.0.21/kiota-serialization-jackson-0.0.21.jar:/home/runner/.m2/repository/com/microsoft/kiota/microsoft-kiota-serialization-text/1.8.4/microsoft-kiota-serialization-text-1.8.4.jar:/home/runner/.m2/repository/com/microsoft/kiota/microsoft-kiota-serialization-form/1.8.4/microsoft-kiota-serialization-form-1.8.4.jar:/home/runner/.m2/repository/com/microsoft/kiota/microsoft-kiota-serialization-multipart/1.8.4/microsoft-kiota-serialization-multipart-1.8.4.jar:/home/runner/.m2/repository/jakarta/annotation/jakarta.annotation-api/3.0.0/jakarta.annotation-api-3.0.0.jar:/home/runner/.m2/repository/io/vertx/vertx-auth-oauth2/4.5.13/vertx-auth-oauth2-4.5.13.jar:/home/runner/work/apicurio-testing/apicurio-testing/clusters/ci419/namespaces/mysql/tests/integration/apicurio-registry/java-sdk-v2/target/apicurio-registry-v2-java-sdk-3.0.9.jar:/home/runner/work/apicurio-testing/apicurio-testing/clusters/ci419/namespaces/mysql/tests/integration/apicurio-registry/utils/kafka/target/apicurio-registry-utils-kafka-3.0.9-tests.jar:/home/runner/.m2/repository/org/eclipse/microprofile/config/microprofile-config-api/3.1/microprofile-config-api-3.1.jar:/home/runner/.m2/repository/org/apache/kafka/kafka-clients/3.9.0/kafka-clients-3.9.0.jar:/home/runner/.m2/repository/com/github/luben/zstd-jni/1.5.6-4/zstd-jni-1.5.6-4.jar:/home/runner/.m2/repository/org/lz4/lz4-java/1.8.0/lz4-java-1.8.0.jar:/home/runner/.m2/repository/org/xerial/snappy/snappy-java/1.1.10.5/snappy-java-1.1.10.5.jar:/home/runner/.m2/repository/org/slf4j/slf4j-api/2.0.6/slf4j-api-2.0.6.jar:/home/runner/work/apicurio-testing/apicurio-testing/clusters/ci419/namespaces/mysql/tests/integration/apicurio-registry/utils/tests/target/apicurio-registry-utils-tests-3.0.9.jar:/home/runner/work/apicurio-testing/apicurio-testing/clusters/ci419/namespaces/mysql/tests/integration/apicurio-registry/common/target/apicurio-registry-common-3.0.9.jar:/home/runner/.m2/repository/jakarta/validation/jakarta.validation-api/3.0.2/jakarta.validation-api-3.0.2.jar:/home/runner/.m2/repository/com/github/dasniko/testcontainers-keycloak/3.6.0/testcontainers-keycloak-3.6.0.jar:/home/runner/.m2/repository/org/testcontainers/testcontainers/1.20.1/testcontainers-1.20.1.jar:/home/runner/.m2/repository/org/rnorth/duct-tape/duct-tape/1.0.8/duct-tape-1.0.8.jar:/home/runner/.m2/repository/org/jetbrains/annotations/24.1.0/annotations-24.1.0.jar:/home/runner/.m2/repository/com/github/docker-java/docker-java-transport-zerodep/3.4.0/docker-java-transport-zerodep-3.4.0.jar:/home/runner/.m2/repository/com/github/docker-java/docker-java-transport/3.4.0/docker-java-transport-3.4.0.jar:/home/runner/.m2/repository/net/java/dev/jna/jna/5.8.0/jna-5.8.0.jar:/home/runner/.m2/repository/io/quarkus/quarkus-junit4-mock/3.15.4/quarkus-junit4-mock-3.15.4.jar:/home/runner/.m2/repository/org/jboss/shrinkwrap/shrinkwrap-api/2.0.0-beta-2/shrinkwrap-api-2.0.0-beta-2.jar:/home/runner/.m2/repository/org/jboss/shrinkwrap/shrinkwrap-impl-base/2.0.0-beta-2/shrinkwrap-impl-base-2.0.0-beta-2.jar:/home/runner/.m2/repository/org/jboss/shrinkwrap/shrinkwrap-spi/2.0.0-beta-2/shrinkwrap-spi-2.0.0-beta-2.jar:/home/runner/.m2/repository/org/keycloak/keycloak-admin-client/25.0.6/keycloak-admin-client-25.0.6.jar:/home/runner/.m2/repository/org/keycloak/keycloak-core/25.0.6/keycloak-core-25.0.6.jar:/home/runner/.m2/repository/org/keycloak/keycloak-common/25.0.6/keycloak-common-25.0.6.jar:/home/runner/.m2/repository/org/jboss/resteasy/resteasy-client/6.2.9.Final/resteasy-client-6.2.9.Final.jar:/home/runner/.m2/repository/org/jboss/resteasy/resteasy-client-api/6.2.9.Final/resteasy-client-api-6.2.9.Final.jar:/home/runner/.m2/repository/org/jboss/resteasy/resteasy-core-spi/6.2.9.Final/resteasy-core-spi-6.2.9.Final.jar:/home/runner/.m2/repository/org/jboss/resteasy/resteasy-core/6.2.9.Final/resteasy-core-6.2.9.Final.jar:/home/runner/.m2/repository/org/eclipse/angus/angus-activation/2.0.2/angus-activation-2.0.2.jar:/home/runner/.m2/repository/com/ibm/async/asyncutil/0.1.0/asyncutil-0.1.0.jar:/home/runner/.m2/repository/org/reactivestreams/reactive-streams/1.0.4/reactive-streams-1.0.4.jar:/home/runner/.m2/repository/org/jboss/resteasy/resteasy-multipart-provider/6.2.9.Final/resteasy-multipart-provider-6.2.9.Final.jar:/home/runner/.m2/repository/jakarta/mail/jakarta.mail-api/2.1.2/jakarta.mail-api-2.1.2.jar:/home/runner/.m2/repository/org/eclipse/angus/angus-mail/2.0.3/angus-mail-2.0.3.jar:/home/runner/.m2/repository/org/apache/james/apache-mime4j-dom/0.8.11/apache-mime4j-dom-0.8.11.jar:/home/runner/.m2/repository/org/apache/james/apache-mime4j-core/0.8.11/apache-mime4j-core-0.8.11.jar:/home/runner/.m2/repository/org/apache/james/apache-mime4j-storage/0.8.11/apache-mime4j-storage-0.8.11.jar:/home/runner/.m2/repository/org/jboss/resteasy/resteasy-jackson2-provider/6.2.9.Final/resteasy-jackson2-provider-6.2.9.Final.jar:/home/runner/.m2/repository/com/fasterxml/jackson/jakarta/rs/jackson-jakarta-rs-base/2.17.2/jackson-jakarta-rs-base-2.17.2.jar:/home/runner/.m2/repository/com/fasterxml/jackson/jakarta/rs/jackson-jakarta-rs-json-provider/2.17.2/jackson-jakarta-rs-json-provider-2.17.2.jar:/home/runner/.m2/repository/com/fasterxml/jackson/module/jackson-module-jakarta-xmlbind-annotations/2.17.2/jackson-module-jakarta-xmlbind-annotations-2.17.2.jar:/home/runner/.m2/repository/com/github/java-json-tools/json-patch/1.13/json-patch-1.13.jar:/home/runner/.m2/repository/com/github/java-json-tools/msg-simple/1.2/msg-simple-1.2.jar:/home/runner/.m2/repository/com/github/java-json-tools/btf/1.3/btf-1.3.jar:/home/runner/.m2/repository/com/github/java-json-tools/jackson-coreutils/2.0/jackson-coreutils-2.0.jar:/home/runner/.m2/repository/org/jboss/resteasy/resteasy-jaxb-provider/6.2.9.Final/resteasy-jaxb-provider-6.2.9.Final.jar:/home/runner/.m2/repository/org/glassfish/jaxb/codemodel/4.0.3/codemodel-4.0.3.jar:/home/runner/.m2/repository/org/glassfish/jaxb/jaxb-core/4.0.5/jaxb-core-4.0.5.jar:/home/runner/.m2/repository/org/glassfish/jaxb/jaxb-jxc/4.0.3/jaxb-jxc-4.0.3.jar:/home/runner/.m2/repository/org/glassfish/jaxb/jaxb-runtime/4.0.5/jaxb-runtime-4.0.5.jar:/home/runner/.m2/repository/org/glassfish/jaxb/txw2/4.0.5/txw2-4.0.5.jar:/home/runner/.m2/repository/org/glassfish/jaxb/jaxb-xjc/4.0.3/jaxb-xjc-4.0.3.jar:/home/runner/.m2/repository/org/glassfish/jaxb/xsom/4.0.3/xsom-4.0.3.jar:/home/runner/.m2/repository/com/sun/istack/istack-commons-runtime/4.1.2/istack-commons-runtime-4.1.2.jar:/home/runner/.m2/repository/com/sun/istack/istack-commons-tools/4.1.2/istack-commons-tools-4.1.2.jar:/home/runner/.m2/repository/com/sun/xml/bind/external/relaxng-datatype/4.0.3/relaxng-datatype-4.0.3.jar:/home/runner/.m2/repository/com/sun/xml/bind/external/rngom/4.0.3/rngom-4.0.3.jar:/home/runner/.m2/repository/org/testcontainers/mssqlserver/1.20.1/mssqlserver-1.20.1.jar:/home/runner/.m2/repository/org/testcontainers/jdbc/1.20.1/jdbc-1.20.1.jar:/home/runner/.m2/repository/org/testcontainers/database-commons/1.20.1/database-commons-1.20.1.jar:/home/runner/.m2/repository/org/testcontainers/mysql/1.20.1/mysql-1.20.1.jar:/home/runner/.m2/repository/io/strimzi/strimzi-test-container/0.107.0/strimzi-test-container-0.107.0.jar:/home/runner/.m2/repository/org/testcontainers/toxiproxy/1.20.1/toxiproxy-1.20.1.jar:/home/runner/.m2/repository/com/github/docker-java/docker-java-api/3.4.0/docker-java-api-3.4.0.jar:/home/runner/.m2/repository/eu/rekawek/toxiproxy/toxiproxy-java/2.1.7/toxiproxy-java-2.1.7.jar:/home/runner/.m2/repository/junit/junit/4.13.2/junit-4.13.2.jar:/home/runner/.m2/repository/org/hamcrest/hamcrest-core/1.3/hamcrest-core-1.3.jar:/home/runner/.m2/repository/org/testcontainers/pulsar/1.20.4/pulsar-1.20.4.jar:/home/runner/.m2/repository/io/debezium/debezium-testing-testcontainers/2.6.2.Final/debezium-testing-testcontainers-2.6.2.Final.jar:/home/runner/.m2/repository/org/testcontainers/kafka/1.20.1/kafka-1.20.1.jar:/home/runner/.m2/repository/com/squareup/okhttp3/okhttp/4.8.1/okhttp-4.8.1.jar:/home/runner/.m2/repository/com/squareup/okio/okio/3.10.2/okio-3.10.2.jar:/home/runner/.m2/repository/com/squareup/okio/okio-jvm/3.10.2/okio-jvm-3.10.2.jar:/home/runner/.m2/repository/org/jetbrains/kotlin/kotlin-stdlib/2.0.10/kotlin-stdlib-2.0.10.jar:/home/runner/.m2/repository/org/awaitility/awaitility/4.2.2/awaitility-4.2.2.jar:/home/runner/.m2/repository/org/testcontainers/mongodb/1.20.1/mongodb-1.20.1.jar:/home/runner/.m2/repository/org/testcontainers/oracle-xe/1.20.1/oracle-xe-1.20.1.jar:/home/runner/.m2/repository/org/testcontainers/postgresql/1.20.1/postgresql-1.20.1.jar:/home/runner/.m2/repository/org/wiremock/wiremock/3.0.1/wiremock-3.0.1.jar:/home/runner/.m2/repository/org/eclipse/jetty/jetty-server/11.0.15/jetty-server-11.0.15.jar:/home/runner/.m2/repository/org/eclipse/jetty/toolchain/jetty-jakarta-servlet-api/5.0.2/jetty-jakarta-servlet-api-5.0.2.jar:/home/runner/.m2/repository/org/eclipse/jetty/jetty-http/11.0.15/jetty-http-11.0.15.jar:/home/runner/.m2/repository/org/eclipse/jetty/jetty-io/11.0.15/jetty-io-11.0.15.jar:/home/runner/.m2/repository/org/eclipse/jetty/jetty-servlet/11.0.15/jetty-servlet-11.0.15.jar:/home/runner/.m2/repository/org/eclipse/jetty/jetty-security/11.0.15/jetty-security-11.0.15.jar:/home/runner/.m2/repository/org/eclipse/jetty/jetty-servlets/11.0.15/jetty-servlets-11.0.15.jar:/home/runner/.m2/repository/org/eclipse/jetty/jetty-util/11.0.15/jetty-util-11.0.15.jar:/home/runner/.m2/repository/org/eclipse/jetty/jetty-webapp/11.0.15/jetty-webapp-11.0.15.jar:/home/runner/.m2/repository/org/eclipse/jetty/jetty-xml/11.0.15/jetty-xml-11.0.15.jar:/home/runner/.m2/repository/org/eclipse/jetty/jetty-proxy/11.0.15/jetty-proxy-11.0.15.jar:/home/runner/.m2/repository/org/eclipse/jetty/jetty-client/11.0.15/jetty-client-11.0.15.jar:/home/runner/.m2/repository/org/eclipse/jetty/http2/http2-server/11.0.15/http2-server-11.0.15.jar:/home/runner/.m2/repository/org/eclipse/jetty/http2/http2-common/11.0.15/http2-common-11.0.15.jar:/home/runner/.m2/repository/org/eclipse/jetty/http2/http2-hpack/11.0.15/http2-hpack-11.0.15.jar:/home/runner/.m2/repository/org/eclipse/jetty/jetty-alpn-server/11.0.15/jetty-alpn-server-11.0.15.jar:/home/runner/.m2/repository/org/eclipse/jetty/jetty-alpn-java-server/11.0.15/jetty-alpn-java-server-11.0.15.jar:/home/runner/.m2/repository/org/eclipse/jetty/jetty-alpn-java-client/11.0.15/jetty-alpn-java-client-11.0.15.jar:/home/runner/.m2/repository/org/eclipse/jetty/jetty-alpn-client/11.0.15/jetty-alpn-client-11.0.15.jar:/home/runner/.m2/repository/org/apache/httpcomponents/client5/httpclient5/5.2.1/httpclient5-5.2.1.jar:/home/runner/.m2/repository/org/apache/httpcomponents/core5/httpcore5/5.2/httpcore5-5.2.jar:/home/runner/.m2/repository/org/apache/httpcomponents/core5/httpcore5-h2/5.2/httpcore5-h2-5.2.jar:/home/runner/.m2/repository/org/xmlunit/xmlunit-core/2.9.1/xmlunit-core-2.9.1.jar:/home/runner/.m2/repository/jakarta/xml/bind/jakarta.xml.bind-api/4.0.2/jakarta.xml.bind-api-4.0.2.jar:/home/runner/.m2/repository/jakarta/activation/jakarta.activation-api/2.1.3/jakarta.activation-api-2.1.3.jar:/home/runner/.m2/repository/org/xmlunit/xmlunit-legacy/2.9.1/xmlunit-legacy-2.9.1.jar:/home/runner/.m2/repository/org/xmlunit/xmlunit-placeholders/2.9.1/xmlunit-placeholders-2.9.1.jar:/home/runner/.m2/repository/net/javacrumbs/json-unit/json-unit-core/2.38.0/json-unit-core-2.38.0.jar:/home/runner/.m2/repository/com/jayway/jsonpath/json-path/2.8.0/json-path-2.8.0.jar:/home/runner/.m2/repository/net/minidev/json-smart/2.4.10/json-smart-2.4.10.jar:/home/runner/.m2/repository/net/minidev/accessors-smart/2.4.9/accessors-smart-2.4.9.jar:/home/runner/.m2/repository/org/ow2/asm/asm/9.7/asm-9.7.jar:/home/runner/.m2/repository/net/sf/jopt-simple/jopt-simple/5.0.4/jopt-simple-5.0.4.jar:/home/runner/.m2/repository/com/github/jknack/handlebars/4.3.1/handlebars-4.3.1.jar:/home/runner/.m2/repository/com/github/jknack/handlebars-helpers/4.3.1/handlebars-helpers-4.3.1.jar:/home/runner/.m2/repository/commons-fileupload/commons-fileupload/1.5/commons-fileupload-1.5.jar:/home/runner/.m2/repository/com/networknt/json-schema-validator/1.5.5/json-schema-validator-1.5.5.jar:/home/runner/.m2/repository/com/ethlo/time/itu/1.10.3/itu-1.10.3.jar:/home/runner/.m2/repository/io/quarkus/quarkus-smallrye-jwt-build/3.15.4/quarkus-smallrye-jwt-build-3.15.4.jar:/home/runner/.m2/repository/io/smallrye/smallrye-jwt-build/4.5.3/smallrye-jwt-build-4.5.3.jar:/home/runner/.m2/repository/org/eclipse/microprofile/jwt/microprofile-jwt-auth-api/2.1/microprofile-jwt-auth-api-2.1.jar:/home/runner/.m2/repository/org/bitbucket/b_c/jose4j/0.9.6/jose4j-0.9.6.jar:/home/runner/.m2/repository/io/smallrye/smallrye-jwt-common/4.5.3/smallrye-jwt-common-4.5.3.jar:/home/runner/.m2/repository/io/quarkus/quarkus-jsonp/3.15.4/quarkus-jsonp-3.15.4.jar:/home/runner/.m2/repository/io/quarkus/quarkus-arc/3.15.4/quarkus-arc-3.15.4.jar:/home/runner/.m2/repository/io/quarkus/arc/arc/3.15.4/arc-3.15.4.jar:/home/runner/.m2/repository/jakarta/transaction/jakarta.transaction-api/2.0.1/jakarta.transaction-api-2.0.1.jar:/home/runner/.m2/repository/io/smallrye/reactive/mutiny/2.6.2/mutiny-2.6.2.jar:/home/runner/.m2/repository/org/jctools/jctools-core/4.0.5/jctools-core-4.0.5.jar:/home/runner/.m2/repository/org/eclipse/microprofile/context-propagation/microprofile-context-propagation-api/1.3/microprofile-context-propagation-api-1.3.jar:/home/runner/.m2/repository/io/apicurio/apicurio-common-rest-client-common/0.1.18.Final/apicurio-common-rest-client-common-0.1.18.Final.jar:/home/runner/work/apicurio-testing/apicurio-testing/clusters/ci419/namespaces/mysql/tests/integration/apicurio-registry/utils/maven-plugin/target/apicurio-registry-maven-plugin-3.0.9.jar:/home/runner/.m2/repository/com/fasterxml/jackson/core/jackson-databind/2.17.2/jackson-databind-2.17.2.jar:/home/runner/.m2/repository/org/apache/avro/avro/1.12.0/avro-1.12.0.jar:/home/runner/.m2/repository/com/google/protobuf/protobuf-java/3.25.8/protobuf-java-3.25.8.jar:/home/runner/.m2/repository/com/google/protobuf/protobuf-java-util/3.25.8/protobuf-java-util-3.25.8.jar:/home/runner/.m2/repository/com/google/code/findbugs/jsr305/3.0.2/jsr305-3.0.2.jar:/home/runner/.m2/repository/com/google/code/gson/gson/2.11.0/gson-2.11.0.jar:/home/runner/.m2/repository/com/google/errorprone/error_prone_annotations/2.30.0/error_prone_annotations-2.30.0.jar:/home/runner/.m2/repository/com/google/j2objc/j2objc-annotations/2.8/j2objc-annotations-2.8.jar:/home/runner/work/apicurio-testing/apicurio-testing/clusters/ci419/namespaces/mysql/tests/integration/apicurio-registry/schema-util/util-provider/target/apicurio-registry-schema-util-provider-3.0.9.jar:/home/runner/work/apicurio-testing/apicurio-testing/clusters/ci419/namespaces/mysql/tests/integration/apicurio-registry/schema-util/common/target/apicurio-registry-schema-util-common-3.0.9.jar:/home/runner/.m2/repository/com/fasterxml/jackson/module/jackson-module-parameter-names/2.17.2/jackson-module-parameter-names-2.17.2.jar:/home/runner/.m2/repository/com/fasterxml/jackson/datatype/jackson-datatype-json-org/2.18.2/jackson-datatype-json-org-2.18.2.jar:/home/runner/work/apicurio-testing/apicurio-testing/clusters/ci419/namespaces/mysql/tests/integration/apicurio-registry/schema-util/json/target/apicurio-registry-schema-util-json-3.0.9.jar:/home/runner/.m2/repository/com/github/erosb/everit-json-schema/1.14.5/everit-json-schema-1.14.5.jar:/home/runner/.m2/repository/commons-validator/commons-validator/1.9.0/commons-validator-1.9.0.jar:/home/runner/.m2/repository/commons-digester/commons-digester/2.1/commons-digester-2.1.jar:/home/runner/.m2/repository/commons-collections/commons-collections/3.2.2/commons-collections-3.2.2.jar:/home/runner/.m2/repository/com/damnhandy/handy-uri-templates/2.1.8/handy-uri-templates-2.1.8.jar:/home/runner/.m2/repository/joda-time/joda-time/2.10.2/joda-time-2.10.2.jar:/home/runner/.m2/repository/com/github/erosb/json-sKema/0.20.0/json-sKema-0.20.0.jar:/home/runner/.m2/repository/io/vertx/vertx-json-schema/4.5.13/vertx-json-schema-4.5.13.jar:/home/runner/work/apicurio-testing/apicurio-testing/clusters/ci419/namespaces/mysql/tests/integration/apicurio-registry/schema-util/protobuf/target/apicurio-registry-schema-util-protobuf-3.0.9.jar:/home/runner/work/apicurio-testing/apicurio-testing/clusters/ci419/namespaces/mysql/tests/integration/apicurio-registry/utils/protobuf-schema-utilities/target/apicurio-registry-protobuf-schema-utilities-3.0.9.jar:/home/runner/.m2/repository/com/google/api/grpc/proto-google-common-protos/2.52.0/proto-google-common-protos-2.52.0.jar:/home/runner/.m2/repository/com/squareup/wire/wire-schema-jvm/5.1.0/wire-schema-jvm-5.1.0.jar:/home/runner/.m2/repository/com/squareup/javapoet/1.13.0/javapoet-1.13.0.jar:/home/runner/.m2/repository/com/squareup/kotlinpoet-jvm/1.18.1/kotlinpoet-jvm-1.18.1.jar:/home/runner/.m2/repository/org/jetbrains/kotlin/kotlin-reflect/2.0.10/kotlin-reflect-2.0.10.jar:/home/runner/.m2/repository/com/squareup/wire/wire-runtime-jvm/5.1.0/wire-runtime-jvm-5.1.0.jar:/home/runner/.m2/repository/com/ibm/icu/icu4j/76.1/icu4j-76.1.jar:/home/runner/.m2/repository/com/squareup/okio/okio-fakefilesystem/3.10.2/okio-fakefilesystem-3.10.2.jar:/home/runner/.m2/repository/com/squareup/okio/okio-fakefilesystem-jvm/3.10.2/okio-fakefilesystem-jvm-3.10.2.jar:/home/runner/.m2/repository/org/jetbrains/kotlinx/kotlinx-datetime-jvm/0.6.1/kotlinx-datetime-jvm-0.6.1.jar:/home/runner/work/apicurio-testing/apicurio-testing/clusters/ci419/namespaces/mysql/tests/integration/apicurio-registry/schema-util/asyncapi/target/apicurio-registry-schema-util-asyncapi-3.0.9.jar:/home/runner/work/apicurio-testing/apicurio-testing/clusters/ci419/namespaces/mysql/tests/integration/apicurio-registry/schema-util/avro/target/apicurio-registry-schema-util-avro-3.0.9.jar:/home/runner/work/apicurio-testing/apicurio-testing/clusters/ci419/namespaces/mysql/tests/integration/apicurio-registry/schema-util/graphql/target/apicurio-registry-schema-util-graphql-3.0.9.jar:/home/runner/.m2/repository/com/graphql-java/graphql-java/22.3/graphql-java-22.3.jar:/home/runner/.m2/repository/com/graphql-java/java-dataloader/3.3.0/java-dataloader-3.3.0.jar:/home/runner/work/apicurio-testing/apicurio-testing/clusters/ci419/namespaces/mysql/tests/integration/apicurio-registry/schema-util/kconnect/target/apicurio-registry-schema-util-kconnect-3.0.9.jar:/home/runner/work/apicurio-testing/apicurio-testing/clusters/ci419/namespaces/mysql/tests/integration/apicurio-registry/schema-util/openapi/target/apicurio-registry-schema-util-openapi-3.0.9.jar:/home/runner/.m2/repository/io/apicurio/apicurio-data-models/2.2.1/apicurio-data-models-2.2.1.jar:/home/runner/.m2/repository/org/openapitools/openapidiff/openapi-diff-core/2.0.1/openapi-diff-core-2.0.1.jar:/home/runner/.m2/repository/io/swagger/parser/v3/swagger-parser/2.0.28/swagger-parser-2.0.28.jar:/home/runner/.m2/repository/io/swagger/parser/v3/swagger-parser-v2-converter/2.0.28/swagger-parser-v2-converter-2.0.28.jar:/home/runner/.m2/repository/io/swagger/swagger-core/1.6.3/swagger-core-1.6.3.jar:/home/runner/.m2/repository/io/swagger/swagger-models/1.6.3/swagger-models-1.6.3.jar:/home/runner/.m2/repository/io/swagger/swagger-annotations/1.6.3/swagger-annotations-1.6.3.jar:/home/runner/.m2/repository/io/swagger/swagger-parser/1.0.56/swagger-parser-1.0.56.jar:/home/runner/.m2/repository/io/swagger/swagger-compat-spec-parser/1.0.56/swagger-compat-spec-parser-1.0.56.jar:/home/runner/.m2/repository/com/github/java-json-tools/json-schema-validator/2.2.14/json-schema-validator-2.2.14.jar:/home/runner/.m2/repository/com/github/java-json-tools/jackson-coreutils-equivalence/1.0/jackson-coreutils-equivalence-1.0.jar:/home/runner/.m2/repository/com/github/java-json-tools/json-schema-core/1.2.14/json-schema-core-1.2.14.jar:/home/runner/.m2/repository/com/github/java-json-tools/uri-template/0.10/uri-template-0.10.jar:/home/runner/.m2/repository/com/sun/mail/mailapi/1.6.2/mailapi-1.6.2.jar:/home/runner/.m2/repository/com/googlecode/libphonenumber/libphonenumber/8.11.1/libphonenumber-8.11.1.jar:/home/runner/.m2/repository/com/j2html/j2html/1.5.0/j2html-1.5.0.jar:/home/runner/.m2/repository/org/apache/commons/commons-collections4/4.4/commons-collections4-4.4.jar:/home/runner/.m2/repository/commons-httpclient/commons-httpclient/3.1/commons-httpclient-3.1.jar:/home/runner/.m2/repository/io/swagger/parser/v3/swagger-parser-v3/2.1.25/swagger-parser-v3-2.1.25.jar:/home/runner/.m2/repository/io/swagger/core/v3/swagger-models/2.2.28/swagger-models-2.2.28.jar:/home/runner/.m2/repository/io/swagger/core/v3/swagger-core/2.2.28/swagger-core-2.2.28.jar:/home/runner/.m2/repository/io/swagger/parser/v3/swagger-parser-core/2.1.25/swagger-parser-core-2.1.25.jar:/home/runner/.m2/repository/io/swagger/parser/v3/swagger-parser-safe-url-resolver/2.1.25/swagger-parser-safe-url-resolver-2.1.25.jar:/home/runner/work/apicurio-testing/apicurio-testing/clusters/ci419/namespaces/mysql/tests/integration/apicurio-registry/schema-util/wsdl/target/apicurio-registry-schema-util-wsdl-3.0.9.jar:/home/runner/.m2/repository/wsdl4j/wsdl4j/1.6.3/wsdl4j-1.6.3.jar:/home/runner/work/apicurio-testing/apicurio-testing/clusters/ci419/namespaces/mysql/tests/integration/apicurio-registry/schema-util/xml/target/apicurio-registry-schema-util-xml-3.0.9.jar:/home/runner/.m2/repository/org/apache/santuario/xmlsec/4.0.3/xmlsec-4.0.3.jar:/home/runner/.m2/repository/com/fasterxml/woodstox/woodstox-core/7.1.0/woodstox-core-7.1.0.jar:/home/runner/.m2/repository/org/codehaus/woodstox/stax2-api/4.2.2/stax2-api-4.2.2.jar:/home/runner/work/apicurio-testing/apicurio-testing/clusters/ci419/namespaces/mysql/tests/integration/apicurio-registry/schema-util/xsd/target/apicurio-registry-schema-util-xsd-3.0.9.jar:/home/runner/work/apicurio-testing/apicurio-testing/clusters/ci419/namespaces/mysql/tests/integration/apicurio-registry/serdes/kafka/jsonschema-serde/target/apicurio-registry-jsonschema-serde-kafka-3.0.9.jar:/home/runner/work/apicurio-testing/apicurio-testing/clusters/ci419/namespaces/mysql/tests/integration/apicurio-registry/serdes/kafka/serde-kafka-common/target/apicurio-registry-serde-kafka-common-3.0.9.jar:/home/runner/work/apicurio-testing/apicurio-testing/clusters/ci419/namespaces/mysql/tests/integration/apicurio-registry/serdes/generic/serde-common/target/apicurio-registry-serde-common-3.0.9.jar:/home/runner/work/apicurio-testing/apicurio-testing/clusters/ci419/namespaces/mysql/tests/integration/apicurio-registry/schema-resolver/target/apicurio-registry-schema-resolver-3.0.9.jar:/home/runner/work/apicurio-testing/apicurio-testing/clusters/ci419/namespaces/mysql/tests/integration/apicurio-registry/serdes/generic/serde-common-jsonschema/target/apicurio-registry-serde-common-jsonschema-3.0.9.jar:/home/runner/.m2/repository/org/json/json/20250107/json-20250107.jar:/home/runner/work/apicurio-testing/apicurio-testing/clusters/ci419/namespaces/mysql/tests/integration/apicurio-registry/serdes/kafka/avro-serde/target/apicurio-registry-avro-serde-kafka-3.0.9.jar:/home/runner/work/apicurio-testing/apicurio-testing/clusters/ci419/namespaces/mysql/tests/integration/apicurio-registry/serdes/generic/serde-common-avro/target/apicurio-registry-serde-common-avro-3.0.9.jar:/home/runner/work/apicurio-testing/apicurio-testing/clusters/ci419/namespaces/mysql/tests/integration/apicurio-registry/serdes/kafka/protobuf-serde/target/apicurio-registry-protobuf-serde-kafka-3.0.9.jar:/home/runner/work/apicurio-testing/apicurio-testing/clusters/ci419/namespaces/mysql/tests/integration/apicurio-registry/serdes/generic/serde-common-protobuf/target/apicurio-registry-serde-common-protobuf-3.0.9.jar:/home/runner/.m2/repository/com/squareup/wire/wire-schema/5.1.0/wire-schema-5.1.0.jar:/home/runner/.m2/repository/com/squareup/wire/wire-runtime/5.1.0/wire-runtime-5.1.0.jar:/home/runner/work/apicurio-testing/apicurio-testing/clusters/ci419/namespaces/mysql/tests/integration/apicurio-registry/serdes/pulsar/avro-serde/target/apicurio-registry-avro-serde-pulsar-3.0.9.jar:/home/runner/.m2/repository/org/apache/pulsar/pulsar-functions-api/3.3.4/pulsar-functions-api-3.3.4.jar:/home/runner/work/apicurio-testing/apicurio-testing/clusters/ci419/namespaces/mysql/tests/integration/apicurio-registry/serdes/nats/avro-serde/target/apicurio-registry-avro-serde-nats-3.0.9.jar:/home/runner/.m2/repository/io/nats/jnats/2.20.5/jnats-2.20.5.jar:/home/runner/.m2/repository/net/i2p/crypto/eddsa/0.3.0/eddsa-0.3.0.jar:/home/runner/work/apicurio-testing/apicurio-testing/clusters/ci419/namespaces/mysql/tests/integration/apicurio-registry/utils/converter/target/apicurio-registry-utils-converter-3.0.9.jar:/home/runner/.m2/repository/org/apache/kafka/connect-api/3.9.1/connect-api-3.9.1.jar:/home/runner/.m2/repository/javax/ws/rs/javax.ws.rs-api/2.1.1/javax.ws.rs-api-2.1.1.jar:/home/runner/.m2/repository/org/apache/kafka/connect-json/3.9.1/connect-json-3.9.1.jar:/home/runner/.m2/repository/com/fasterxml/jackson/datatype/jackson-datatype-jdk8/2.17.2/jackson-datatype-jdk8-2.17.2.jar:/home/runner/.m2/repository/com/fasterxml/jackson/module/jackson-module-afterburner/2.17.2/jackson-module-afterburner-2.17.2.jar:/home/runner/work/apicurio-testing/apicurio-testing/clusters/ci419/namespaces/mysql/tests/integration/apicurio-registry/utils/kafka/target/apicurio-registry-utils-kafka-3.0.9.jar:/home/runner/.m2/repository/org/apache/pulsar/pulsar-client/3.3.4/pulsar-client-3.3.4.jar:/home/runner/.m2/repository/org/apache/pulsar/pulsar-client-api/3.3.4/pulsar-client-api-3.3.4.jar:/home/runner/.m2/repository/org/apache/pulsar/pulsar-client-admin-api/3.3.4/pulsar-client-admin-api-3.3.4.jar:/home/runner/.m2/repository/org/apache/pulsar/bouncy-castle-bc/3.3.4/bouncy-castle-bc-3.3.4-pkg.jar:/home/runner/.m2/repository/org/bouncycastle/bcpkix-jdk18on/1.78.1/bcpkix-jdk18on-1.78.1.jar:/home/runner/.m2/repository/org/bouncycastle/bcutil-jdk18on/1.78.1/bcutil-jdk18on-1.78.1.jar:/home/runner/.m2/repository/org/bouncycastle/bcprov-jdk18on/1.78.1/bcprov-jdk18on-1.78.1.jar:/home/runner/.m2/repository/io/opentelemetry/opentelemetry-api/1.39.0/opentelemetry-api-1.39.0.jar:/home/runner/.m2/repository/io/opentelemetry/opentelemetry-context/1.39.0/opentelemetry-context-1.39.0.jar:/home/runner/.m2/repository/io/opentelemetry/opentelemetry-api-incubator/1.39.0-alpha/opentelemetry-api-incubator-1.39.0-alpha.jar:/home/runner/.m2/repository/com/fasterxml/jackson/core/jackson-annotations/2.17.2/jackson-annotations-2.17.2.jar:/home/runner/.m2/repository/javax/validation/validation-api/1.1.0.Final/validation-api-1.1.0.Final.jar:/home/runner/.m2/repository/io/confluent/kafka-avro-serializer/7.9.0/kafka-avro-serializer-7.9.0.jar:/home/runner/.m2/repository/org/apache/commons/commons-compress/1.27.0/commons-compress-1.27.0.jar:/home/runner/.m2/repository/io/confluent/kafka-schema-serializer/7.9.0/kafka-schema-serializer-7.9.0.jar:/home/runner/.m2/repository/com/fasterxml/jackson/dataformat/jackson-dataformat-csv/2.17.2/jackson-dataformat-csv-2.17.2.jar:/home/runner/.m2/repository/io/confluent/kafka-schema-registry-client/7.9.0/kafka-schema-registry-client-7.9.0.jar:/home/runner/.m2/repository/org/yaml/snakeyaml/2.2/snakeyaml-2.2.jar:/home/runner/.m2/repository/io/swagger/core/v3/swagger-annotations/2.1.10/swagger-annotations-2.1.10.jar:/home/runner/.m2/repository/com/google/guava/guava/33.2.1-jre/guava-33.2.1-jre.jar:/home/runner/.m2/repository/com/google/guava/failureaccess/1.0.1/failureaccess-1.0.1.jar:/home/runner/.m2/repository/org/checkerframework/checker-qual/3.46.0/checker-qual-3.46.0.jar:/home/runner/.m2/repository/io/confluent/logredactor/1.0.12/logredactor-1.0.12.jar:/home/runner/.m2/repository/com/google/re2j/re2j/1.6/re2j-1.6.jar:/home/runner/.m2/repository/io/confluent/logredactor-metrics/1.0.12/logredactor-metrics-1.0.12.jar:/home/runner/.m2/repository/com/eclipsesource/minimal-json/minimal-json/0.9.5/minimal-json-0.9.5.jar:/home/runner/.m2/repository/io/confluent/common-utils/7.9.0/common-utils-7.9.0.jar:/home/runner/.m2/repository/io/confluent/kafka-connect-avro-converter/7.9.0/kafka-connect-avro-converter-7.9.0.jar:/home/runner/.m2/repository/io/confluent/kafka-connect-avro-data/7.9.0/kafka-connect-avro-data-7.9.0.jar:/home/runner/.m2/repository/io/confluent/kafka-schema-converter/7.9.0/kafka-schema-converter-7.9.0.jar:/home/runner/.m2/repository/io/rest-assured/rest-assured/5.5.0/rest-assured-5.5.0.jar:/home/runner/.m2/repository/org/apache/groovy/groovy/4.0.22/groovy-4.0.22.jar:/home/runner/.m2/repository/org/apache/groovy/groovy-xml/4.0.22/groovy-xml-4.0.22.jar:/home/runner/.m2/repository/org/apache/httpcomponents/httpclient/4.5.14/httpclient-4.5.14.jar:/home/runner/.m2/repository/org/apache/httpcomponents/httpcore/4.4.16/httpcore-4.4.16.jar:/home/runner/.m2/repository/org/apache/httpcomponents/httpmime/4.5.14/httpmime-4.5.14.jar:/home/runner/.m2/repository/org/hamcrest/hamcrest/2.2/hamcrest-2.2.jar:/home/runner/.m2/repository/org/ccil/cowan/tagsoup/tagsoup/1.2.1/tagsoup-1.2.1.jar:/home/runner/.m2/repository/io/rest-assured/json-path/5.5.0/json-path-5.5.0.jar:/home/runner/.m2/repository/org/apache/groovy/groovy-json/4.0.22/groovy-json-4.0.22.jar:/home/runner/.m2/repository/io/rest-assured/rest-assured-common/5.5.0/rest-assured-common-5.5.0.jar:/home/runner/.m2/repository/io/rest-assured/xml-path/5.5.0/xml-path-5.5.0.jar:/home/runner/.m2/repository/io/zonky/test/embedded-postgres/2.1.0/embedded-postgres-2.1.0.jar:/home/runner/.m2/repository/io/zonky/test/postgres/embedded-postgres-binaries-windows-amd64/14.15.0/embedded-postgres-binaries-windows-amd64-14.15.0.jar:/home/runner/.m2/repository/io/zonky/test/postgres/embedded-postgres-binaries-darwin-amd64/14.15.0/embedded-postgres-binaries-darwin-amd64-14.15.0.jar:/home/runner/.m2/repository/io/zonky/test/postgres/embedded-postgres-binaries-linux-amd64/14.15.0/embedded-postgres-binaries-linux-amd64-14.15.0.jar:/home/runner/.m2/repository/io/zonky/test/postgres/embedded-postgres-binaries-linux-amd64-alpine/14.15.0/embedded-postgres-binaries-linux-amd64-alpine-14.15.0.jar:/home/runner/.m2/repository/org/apache/commons/commons-lang3/3.14.0/commons-lang3-3.14.0.jar:/home/runner/.m2/repository/org/tukaani/xz/1.10/xz-1.10.jar:/home/runner/.m2/repository/commons-codec/commons-codec/1.18.0/commons-codec-1.18.0.jar:/home/runner/.m2/repository/org/postgresql/postgresql/42.7.4/postgresql-42.7.4.jar:/home/runner/.m2/repository/commons-io/commons-io/2.16.1/commons-io-2.16.1.jar:/home/runner/work/apicurio-testing/apicurio-testing/clusters/ci419/namespaces/mysql/tests/integration/apicurio-registry/utils/importexport/target/apicurio-registry-utils-import-export-3.0.9.jar:/home/runner/.m2/repository/io/vertx/vertx-core/4.5.13/vertx-core-4.5.13.jar:/home/runner/.m2/repository/io/netty/netty-common/4.1.118.Final/netty-common-4.1.118.Final.jar:/home/runner/.m2/repository/io/netty/netty-buffer/4.1.118.Final/netty-buffer-4.1.118.Final.jar:/home/runner/.m2/repository/io/netty/netty-transport/4.1.118.Final/netty-transport-4.1.118.Final.jar:/home/runner/.m2/repository/io/netty/netty-handler/4.1.118.Final/netty-handler-4.1.118.Final.jar:/home/runner/.m2/repository/io/netty/netty-transport-native-unix-common/4.1.118.Final/netty-transport-native-unix-common-4.1.118.Final.jar:/home/runner/.m2/repository/io/netty/netty-codec/4.1.118.Final/netty-codec-4.1.118.Final.jar:/home/runner/.m2/repository/io/netty/netty-handler-proxy/4.1.118.Final/netty-handler-proxy-4.1.118.Final.jar:/home/runner/.m2/repository/io/netty/netty-codec-socks/4.1.118.Final/netty-codec-socks-4.1.118.Final.jar:/home/runner/.m2/repository/io/netty/netty-codec-http/4.1.118.Final/netty-codec-http-4.1.118.Final.jar:/home/runner/.m2/repository/io/netty/netty-codec-http2/4.1.118.Final/netty-codec-http2-4.1.118.Final.jar:/home/runner/.m2/repository/io/netty/netty-resolver/4.1.118.Final/netty-resolver-4.1.118.Final.jar:/home/runner/.m2/repository/io/netty/netty-resolver-dns/4.1.118.Final/netty-resolver-dns-4.1.118.Final.jar:/home/runner/.m2/repository/io/netty/netty-codec-dns/4.1.118.Final/netty-codec-dns-4.1.118.Final.jar:/home/runner/.m2/repository/com/fasterxml/jackson/core/jackson-core/2.17.2/jackson-core-2.17.2.jar:"/>
    <property name="sun.cpu.endian" value="little"/>
    <property name="user.home" value="/home/runner"/>
    <property name="user.language" value="en"/>
    <property name="jboss.log-version" value="false"/>
    <property name="java.specification.vendor" value="Oracle Corporation"/>
    <property name="java.version.date" value="2025-07-15"/>
    <property name="java.home" value="/usr/lib/jvm/temurin-17-jdk-amd64"/>
    <property name="file.separator" value="/"/>
    <property name="basedir" value="/home/runner/work/apicurio-testing/apicurio-testing/clusters/ci419/namespaces/mysql/tests/integration/apicurio-registry/integration-tests"/>
    <property name="java.vm.compressedOopsMode" value="32-bit"/>
    <property name="line.separator" value="&#10;"/>
    <property name="java.specification.name" value="Java Platform API Specification"/>
    <property name="java.vm.specification.vendor" value="Oracle Corporation"/>
    <property name="quarkus.http.test-host" value="registry-app-mysql.apps.ci419.apicurio-testing.org"/>
    <property name="surefire.real.class.path" value="/home/runner/work/apicurio-testing/apicurio-testing/clusters/ci419/namespaces/mysql/tests/integration/apicurio-registry/integration-tests/target/surefire/surefirebooter-20250731153021442_3.jar"/>
    <property name="sun.management.compiler" value="HotSpot 64-Bit Tiered Compilers"/>
    <property name="org.eclipse.jetty.http.HttpGenerator.STRICT" value="true"/>
    <property name="java.runtime.version" value="17.0.16+8"/>
    <property name="user.name" value="runner"/>
    <property name="path.separator" value=":"/>
    <property name="os.version" value="6.8.0-1031-azure"/>
    <property name="java.runtime.name" value="OpenJDK Runtime Environment"/>
    <property name="file.encoding" value="UTF-8"/>
    <property name="jnidispatch.path" value="/home/runner/.cache/JNA/temp/jna1907590440896023850.tmp"/>
    <property name="java.vm.name" value="OpenJDK 64-Bit Server VM"/>
    <property name="jna.platform.library.path" value="/usr/lib/x86_64-linux-gnu:/lib/x86_64-linux-gnu:/usr/lib64:/lib64:/usr/lib:/lib:/lib32:/usr/local/lib:/usr/lib/x86_64-linux-gnu/libfakeroot"/>
    <property name="java.vendor.version" value="Temurin-17.0.16+8"/>
    <property name="quarkus.oidc.token-path" value="https://keycloak-mysql.apps.ci419.apicurio-testing.org/realms/registry/protocol/openid-connect/token"/>
    <property name="quarkus.http.host" value="registry-app-mysql.apps.ci419.apicurio-testing.org"/>
    <property name="localRepository" value="/home/runner/.m2/repository"/>
    <property name="javax.xml.xpath.XPathFactory:http://java.sun.com/jaxp/xpath/dom" value="com.sun.org.apache.xpath.internal.jaxp.XPathFactoryImpl"/>
    <property name="jna.loaded" value="true"/>
    <property name="java.vendor.url.bug" value="https://github.com/adoptium/adoptium-support/issues"/>
    <property name="jetty.git.hash" value="5bc5e562c8d05c5862505aebe5cf83a61bdbcb96"/>
    <property name="java.io.tmpdir" value="/tmp"/>
    <property name="quarkus.http.test-protocol" value="http"/>
    <property name="java.version" value="17.0.16"/>
    <property name="user.dir" value="/home/runner/work/apicurio-testing/apicurio-testing/clusters/ci419/namespaces/mysql/tests/integration/apicurio-registry/integration-tests"/>
    <property name="os.arch" value="amd64"/>
    <property name="groups" value="( smoke | serdes | acceptance | ui)"/>
    <property name="java.vm.specification.name" value="Java Virtual Machine Specification"/>
    <property name="native.encoding" value="UTF-8"/>
    <property name="java.util.logging.manager" value="org.jboss.logmanager.LogManager"/>
    <property name="java.library.path" value="/usr/java/packages/lib:/usr/lib64:/lib64:/lib:/usr/lib"/>
    <property name="jdk.console" value="java.base"/>
    <property name="java.vm.info" value="mixed mode, sharing"/>
    <property name="java.vendor" value="Eclipse Adoptium"/>
    <property name="java.vm.version" value="17.0.16+8"/>
    <property name="java.specification.maintenance.version" value="1"/>
    <property name="sun.io.unicode.encoding" value="UnicodeLittle"/>
    <property name="javax.xml.transform.TransformerFactory" value="com.sun.org.apache.xalan.internal.xsltc.trax.TransformerFactoryImpl"/>
    <property name="java.class.version" value="61.0"/>
  </properties>
  <testcase name="testSimpleTopicIdStrategyFindLatest" classname="io.apicurio.tests.serdes.apicurio.ProtobufSerdeIT" time="1.591">
    <system-out><![CDATA[2025-07-31 15:31:32,236 INFO  [io.api.tes.ser.api.ProtobufSerdeIT] (main) RestAssured configured with http://registry-app-mysql.apps.ci419.apicurio-testing.org:80/apis/registry/v3
2025-07-31 15:31:32,241 INFO  [io.api.tes.uti.KafkaFacade] (main) Skipping deployment of kafka, because it's already deployed
2025-07-31 15:31:32,245 INFO  [io.api.tes.uti.TestSeparator] (main) ############################################################################
2025-07-31 15:31:32,245 INFO  [io.api.tes.uti.TestSeparator] (main) io.apicurio.tests.serdes.apicurio.ProtobufSerdeIT.testSimpleTopicIdStrategyFindLatest-STARTED
2025-07-31 15:31:32,246 INFO  [org.apa.kaf.cli.adm.AdminClientConfig] (main) AdminClientConfig values: 
	auto.include.jmx.reporter = true
	bootstrap.controllers = []
	bootstrap.servers = [PLAINTEXT://localhost:32770]
	client.dns.lookup = use_all_dns_ips
	client.id = 
	connections.max.idle.ms = 10000
	default.api.timeout.ms = 60000
	enable.metrics.push = true
	metadata.max.age.ms = 300000
	metadata.recovery.strategy = none
	metric.reporters = []
	metrics.num.samples = 2
	metrics.recording.level = INFO
	metrics.sample.window.ms = 30000
	receive.buffer.bytes = 65536
	reconnect.backoff.max.ms = 1000
	reconnect.backoff.ms = 50
	request.timeout.ms = 5000
	retries = 2147483647
	retry.backoff.max.ms = 1000
	retry.backoff.ms = 100
	sasl.client.callback.handler.class = null
	sasl.jaas.config = null
	sasl.kerberos.kinit.cmd = /usr/bin/kinit
	sasl.kerberos.min.time.before.relogin = 60000
	sasl.kerberos.service.name = null
	sasl.kerberos.ticket.renew.jitter = 0.05
	sasl.kerberos.ticket.renew.window.factor = 0.8
	sasl.login.callback.handler.class = null
	sasl.login.class = null
	sasl.login.connect.timeout.ms = null
	sasl.login.read.timeout.ms = null
	sasl.login.refresh.buffer.seconds = 300
	sasl.login.refresh.min.period.seconds = 60
	sasl.login.refresh.window.factor = 0.8
	sasl.login.refresh.window.jitter = 0.05
	sasl.login.retry.backoff.max.ms = 10000
	sasl.login.retry.backoff.ms = 100
	sasl.mechanism = GSSAPI
	sasl.oauthbearer.clock.skew.seconds = 30
	sasl.oauthbearer.expected.audience = null
	sasl.oauthbearer.expected.issuer = null
	sasl.oauthbearer.header.urlencode = false
	sasl.oauthbearer.jwks.endpoint.refresh.ms = 3600000
	sasl.oauthbearer.jwks.endpoint.retry.backoff.max.ms = 10000
	sasl.oauthbearer.jwks.endpoint.retry.backoff.ms = 100
	sasl.oauthbearer.jwks.endpoint.url = null
	sasl.oauthbearer.scope.claim.name = scope
	sasl.oauthbearer.sub.claim.name = sub
	sasl.oauthbearer.token.endpoint.url = null
	security.protocol = PLAINTEXT
	security.providers = null
	send.buffer.bytes = 131072
	socket.connection.setup.timeout.max.ms = 30000
	socket.connection.setup.timeout.ms = 10000
	ssl.cipher.suites = null
	ssl.enabled.protocols = [TLSv1.2, TLSv1.3]
	ssl.endpoint.identification.algorithm = https
	ssl.engine.factory.class = null
	ssl.key.password = null
	ssl.keymanager.algorithm = SunX509
	ssl.keystore.certificate.chain = null
	ssl.keystore.key = null
	ssl.keystore.location = null
	ssl.keystore.password = null
	ssl.keystore.type = JKS
	ssl.protocol = TLSv1.3
	ssl.provider = null
	ssl.secure.random.implementation = null
	ssl.trustmanager.algorithm = PKIX
	ssl.truststore.certificates = null
	ssl.truststore.location = null
	ssl.truststore.password = null
	ssl.truststore.type = JKS

2025-07-31 15:31:32,247 INFO  [org.apa.kaf.com.uti.AppInfoParser] (main) Kafka version: 3.9.0
2025-07-31 15:31:32,247 INFO  [org.apa.kaf.com.uti.AppInfoParser] (main) Kafka commitId: 84caaa6e9da06435
2025-07-31 15:31:32,247 INFO  [org.apa.kaf.com.uti.AppInfoParser] (main) Kafka startTimeMs: 1753975892247
2025-07-31 15:31:33,832 INFO  [io.api.tes.uti.TestSeparator] (main) io.apicurio.tests.serdes.apicurio.ProtobufSerdeIT.testSimpleTopicIdStrategyFindLatest-FINISHED
2025-07-31 15:31:33,832 INFO  [io.api.tes.uti.TestSeparator] (main) ############################################################################
]]></system-out>
  </testcase>
  <testcase name="testFindLatestDeriveClassProtobufTypeTopicIdStrategy" classname="io.apicurio.tests.serdes.apicurio.ProtobufSerdeIT" time="1.074">
    <system-out><![CDATA[2025-07-31 15:31:33,833 INFO  [io.api.tes.uti.TestSeparator] (main) ############################################################################
2025-07-31 15:31:33,833 INFO  [io.api.tes.uti.TestSeparator] (main) io.apicurio.tests.serdes.apicurio.ProtobufSerdeIT.testFindLatestDeriveClassProtobufTypeTopicIdStrategy-STARTED
2025-07-31 15:31:34,905 INFO  [io.api.tes.uti.TestSeparator] (main) io.apicurio.tests.serdes.apicurio.ProtobufSerdeIT.testFindLatestDeriveClassProtobufTypeTopicIdStrategy-FINISHED
2025-07-31 15:31:34,906 INFO  [io.api.tes.uti.TestSeparator] (main) ############################################################################
]]></system-out>
  </testcase>
  <testcase name="testWrongSchema" classname="io.apicurio.tests.serdes.apicurio.ProtobufSerdeIT" time="1.076">
    <system-out><![CDATA[2025-07-31 15:31:34,907 INFO  [io.api.tes.uti.TestSeparator] (main) ############################################################################
2025-07-31 15:31:34,907 INFO  [io.api.tes.uti.TestSeparator] (main) io.apicurio.tests.serdes.apicurio.ProtobufSerdeIT.testWrongSchema-STARTED
2025-07-31 15:31:35,981 INFO  [io.api.tes.uti.TestSeparator] (main) io.apicurio.tests.serdes.apicurio.ProtobufSerdeIT.testWrongSchema-FINISHED
2025-07-31 15:31:35,982 INFO  [io.api.tes.uti.TestSeparator] (main) ############################################################################
]]></system-out>
  </testcase>
  <testcase name="testTopicIdStrategyAutoRegister" classname="io.apicurio.tests.serdes.apicurio.ProtobufSerdeIT" time="1.152">
    <system-out><![CDATA[2025-07-31 15:31:35,983 INFO  [io.api.tes.uti.TestSeparator] (main) ############################################################################
2025-07-31 15:31:35,983 INFO  [io.api.tes.uti.TestSeparator] (main) io.apicurio.tests.serdes.apicurio.ProtobufSerdeIT.testTopicIdStrategyAutoRegister-STARTED
2025-07-31 15:31:35,985 INFO  [org.apa.kaf.cli.pro.ProducerConfig] (main) ProducerConfig values: 
	acks = -1
	auto.include.jmx.reporter = true
	batch.size = 16384
	bootstrap.servers = [PLAINTEXT://localhost:32770]
	buffer.memory = 33554432
	client.dns.lookup = use_all_dns_ips
	client.id = Producer-topic-647ee333_185b_4235_a3d6_ccf82fce0375
	compression.gzip.level = -1
	compression.lz4.level = 9
	compression.type = none
	compression.zstd.level = 3
	connections.max.idle.ms = 10000
	delivery.timeout.ms = 120000
	enable.idempotence = true
	enable.metrics.push = true
	interceptor.classes = []
	key.serializer = class org.apache.kafka.common.serialization.StringSerializer
	linger.ms = 0
	max.block.ms = 60000
	max.in.flight.requests.per.connection = 5
	max.request.size = 1048576
	metadata.max.age.ms = 300000
	metadata.max.idle.ms = 300000
	metadata.recovery.strategy = none
	metric.reporters = []
	metrics.num.samples = 2
	metrics.recording.level = INFO
	metrics.sample.window.ms = 30000
	partitioner.adaptive.partitioning.enable = true
	partitioner.availability.timeout.ms = 0
	partitioner.class = null
	partitioner.ignore.keys = false
	receive.buffer.bytes = 32768
	reconnect.backoff.max.ms = 1000
	reconnect.backoff.ms = 50
	request.timeout.ms = 5000
	retries = 2147483647
	retry.backoff.max.ms = 1000
	retry.backoff.ms = 100
	sasl.client.callback.handler.class = null
	sasl.jaas.config = null
	sasl.kerberos.kinit.cmd = /usr/bin/kinit
	sasl.kerberos.min.time.before.relogin = 60000
	sasl.kerberos.service.name = null
	sasl.kerberos.ticket.renew.jitter = 0.05
	sasl.kerberos.ticket.renew.window.factor = 0.8
	sasl.login.callback.handler.class = null
	sasl.login.class = null
	sasl.login.connect.timeout.ms = null
	sasl.login.read.timeout.ms = null
	sasl.login.refresh.buffer.seconds = 300
	sasl.login.refresh.min.period.seconds = 60
	sasl.login.refresh.window.factor = 0.8
	sasl.login.refresh.window.jitter = 0.05
	sasl.login.retry.backoff.max.ms = 10000
	sasl.login.retry.backoff.ms = 100
	sasl.mechanism = GSSAPI
	sasl.oauthbearer.clock.skew.seconds = 30
	sasl.oauthbearer.expected.audience = null
	sasl.oauthbearer.expected.issuer = null
	sasl.oauthbearer.header.urlencode = false
	sasl.oauthbearer.jwks.endpoint.refresh.ms = 3600000
	sasl.oauthbearer.jwks.endpoint.retry.backoff.max.ms = 10000
	sasl.oauthbearer.jwks.endpoint.retry.backoff.ms = 100
	sasl.oauthbearer.jwks.endpoint.url = null
	sasl.oauthbearer.scope.claim.name = scope
	sasl.oauthbearer.sub.claim.name = sub
	sasl.oauthbearer.token.endpoint.url = null
	security.protocol = PLAINTEXT
	security.providers = null
	send.buffer.bytes = 131072
	socket.connection.setup.timeout.max.ms = 30000
	socket.connection.setup.timeout.ms = 10000
	ssl.cipher.suites = null
	ssl.enabled.protocols = [TLSv1.2, TLSv1.3]
	ssl.endpoint.identification.algorithm = https
	ssl.engine.factory.class = null
	ssl.key.password = null
	ssl.keymanager.algorithm = SunX509
	ssl.keystore.certificate.chain = null
	ssl.keystore.key = null
	ssl.keystore.location = null
	ssl.keystore.password = null
	ssl.keystore.type = JKS
	ssl.protocol = TLSv1.3
	ssl.provider = null
	ssl.secure.random.implementation = null
	ssl.trustmanager.algorithm = PKIX
	ssl.truststore.certificates = null
	ssl.truststore.location = null
	ssl.truststore.password = null
	ssl.truststore.type = JKS
	transaction.timeout.ms = 60000
	transactional.id = null
	value.serializer = class io.apicurio.registry.serde.protobuf.ProtobufKafkaSerializer

2025-07-31 15:31:35,985 INFO  [org.apa.kaf.com.tel.int.KafkaMetricsCollector] (main) initializing Kafka metrics collector
2025-07-31 15:31:35,996 INFO  [org.apa.kaf.cli.pro.KafkaProducer] (main) [Producer clientId=Producer-topic-647ee333_185b_4235_a3d6_ccf82fce0375] Instantiated an idempotent producer.
2025-07-31 15:31:36,002 INFO  [org.apa.kaf.cli.pro.ProducerConfig] (main) These configurations '[apicurio.registry.url, apicurio.registry.headers.enabled, apicurio.registry.auto-register, apicurio.registry.artifact-resolver-strategy]' were supplied but are not used yet.
2025-07-31 15:31:36,002 INFO  [org.apa.kaf.com.uti.AppInfoParser] (main) Kafka version: 3.9.0
2025-07-31 15:31:36,002 INFO  [org.apa.kaf.com.uti.AppInfoParser] (main) Kafka commitId: 84caaa6e9da06435
2025-07-31 15:31:36,002 INFO  [org.apa.kaf.com.uti.AppInfoParser] (main) Kafka startTimeMs: 1753975896002
2025-07-31 15:31:36,002 INFO  [io.api.tes.ser.api.SimpleSerdesTesterBuilder$SimpleSerdesTester] (main) Using producer configuration: {apicurio.registry.url=http://registry-app-mysql.apps.ci419.apicurio-testing.org:80/apis/registry/v3, apicurio.registry.headers.enabled=true, apicurio.registry.auto-register=true, apicurio.registry.artifact-resolver-strategy=io.apicurio.registry.serde.strategy.TopicIdStrategy, value.serializer=io.apicurio.registry.serde.protobuf.ProtobufKafkaSerializer, request.timeout.ms=5000, acks=all, bootstrap.servers=PLAINTEXT://localhost:32770, connections.max.idle.ms=10000, key.serializer=org.apache.kafka.common.serialization.StringSerializer, client.id=Producer-topic-647ee333_185b_4235_a3d6_ccf82fce0375}
2025-07-31 15:31:36,002 INFO  [io.api.tes.ser.api.SimpleSerdesTesterBuilder$SimpleSerdesTester] (main) Using consumer configuration: {apicurio.registry.headers.enabled=true}
2025-07-31 15:31:36,008 INFO  [org.apa.kaf.cli.Metadata] (kafka-producer-network-thread | Producer-topic-647ee333_185b_4235_a3d6_ccf82fce0375) [Producer clientId=Producer-topic-647ee333_185b_4235_a3d6_ccf82fce0375] Cluster ID: u8-Iy8eKRM2xsCw1W024xw
2025-07-31 15:31:36,010 INFO  [org.apa.kaf.cli.pro.int.TransactionManager] (kafka-producer-network-thread | Producer-topic-647ee333_185b_4235_a3d6_ccf82fce0375) [Producer clientId=Producer-topic-647ee333_185b_4235_a3d6_ccf82fce0375] ProducerId set to 32 with epoch 0
2025-07-31 15:31:36,108 INFO  [io.api.tes.ser.api.KafkaSerdesTester] (Thread-299) Sending message header {
  time {
  }
}
d1: 1.753975896003E12
s1: "a"
i1: 123
bi1: 1
point {
  longitude: 22.0
  latitude: 22.0
  altitude: 1.0
}
 to topic topic-647ee333_185b_4235_a3d6_ccf82fce0375
2025-07-31 15:31:36,319 INFO  [io.api.tes.ser.api.KafkaSerdesTester] (Thread-299) Sending message header {
  time {
  }
}
d1: 1.753975896319E12
s1: "a"
i1: 123
bi1: 1
point {
  longitude: 22.0
  latitude: 22.0
  altitude: 1.0
}
 to topic topic-647ee333_185b_4235_a3d6_ccf82fce0375
2025-07-31 15:31:36,322 INFO  [io.api.tes.ser.api.KafkaSerdesTester] (Thread-299) Sending message header {
  time {
  }
}
d1: 1.753975896322E12
s1: "a"
i1: 123
bi1: 1
point {
  longitude: 22.0
  latitude: 22.0
  altitude: 1.0
}
 to topic topic-647ee333_185b_4235_a3d6_ccf82fce0375
2025-07-31 15:31:36,325 INFO  [io.api.tes.ser.api.KafkaSerdesTester] (Thread-299) Sending message header {
  time {
  }
}
d1: 1.753975896325E12
s1: "a"
i1: 123
bi1: 1
point {
  longitude: 22.0
  latitude: 22.0
  altitude: 1.0
}
 to topic topic-647ee333_185b_4235_a3d6_ccf82fce0375
2025-07-31 15:31:36,328 INFO  [io.api.tes.ser.api.KafkaSerdesTester] (Thread-299) Sending message header {
  time {
  }
}
d1: 1.753975896328E12
s1: "a"
i1: 123
bi1: 1
point {
  longitude: 22.0
  latitude: 22.0
  altitude: 1.0
}
 to topic topic-647ee333_185b_4235_a3d6_ccf82fce0375
2025-07-31 15:31:36,332 INFO  [io.api.tes.ser.api.KafkaSerdesTester] (Thread-299) Sending message header {
  time {
  }
}
d1: 1.753975896331E12
s1: "a"
i1: 123
bi1: 1
point {
  longitude: 22.0
  latitude: 22.0
  altitude: 1.0
}
 to topic topic-647ee333_185b_4235_a3d6_ccf82fce0375
2025-07-31 15:31:36,335 INFO  [io.api.tes.ser.api.KafkaSerdesTester] (Thread-299) Sending message header {
  time {
  }
}
d1: 1.753975896335E12
s1: "a"
i1: 123
bi1: 1
point {
  longitude: 22.0
  latitude: 22.0
  altitude: 1.0
}
 to topic topic-647ee333_185b_4235_a3d6_ccf82fce0375
2025-07-31 15:31:36,341 INFO  [io.api.tes.ser.api.KafkaSerdesTester] (Thread-299) Sending message header {
  time {
  }
}
d1: 1.753975896338E12
s1: "a"
i1: 123
bi1: 1
point {
  longitude: 22.0
  latitude: 22.0
  altitude: 1.0
}
 to topic topic-647ee333_185b_4235_a3d6_ccf82fce0375
2025-07-31 15:31:36,346 INFO  [io.api.tes.ser.api.KafkaSerdesTester] (Thread-299) Sending message header {
  time {
  }
}
d1: 1.753975896346E12
s1: "a"
i1: 123
bi1: 1
point {
  longitude: 22.0
  latitude: 22.0
  altitude: 1.0
}
 to topic topic-647ee333_185b_4235_a3d6_ccf82fce0375
2025-07-31 15:31:36,354 INFO  [io.api.tes.ser.api.KafkaSerdesTester] (Thread-299) Sending message header {
  time {
  }
}
d1: 1.753975896354E12
s1: "a"
i1: 123
bi1: 1
point {
  longitude: 22.0
  latitude: 22.0
  altitude: 1.0
}
 to topic topic-647ee333_185b_4235_a3d6_ccf82fce0375
2025-07-31 15:31:36,358 INFO  [io.api.tes.ser.api.KafkaSerdesTester] (Thread-299) Produced 10 messages
2025-07-31 15:31:36,358 INFO  [org.apa.kaf.cli.pro.KafkaProducer] (Thread-299) [Producer clientId=Producer-topic-647ee333_185b_4235_a3d6_ccf82fce0375] Closing the Kafka producer with timeoutMillis = 9223372036854775807 ms.
2025-07-31 15:31:36,362 INFO  [org.apa.kaf.com.met.Metrics] (Thread-299) Metrics scheduler closed
2025-07-31 15:31:36,362 INFO  [org.apa.kaf.com.met.Metrics] (Thread-299) Closing reporter org.apache.kafka.common.metrics.JmxReporter
2025-07-31 15:31:36,362 INFO  [org.apa.kaf.com.met.Metrics] (Thread-299) Closing reporter org.apache.kafka.common.telemetry.internals.ClientTelemetryReporter
2025-07-31 15:31:36,362 INFO  [org.apa.kaf.com.met.Metrics] (Thread-299) Metrics reporters closed
2025-07-31 15:31:36,362 INFO  [org.apa.kaf.com.uti.AppInfoParser] (Thread-299) App info kafka.producer for Producer-topic-647ee333_185b_4235_a3d6_ccf82fce0375 unregistered
2025-07-31 15:31:36,420 INFO  [org.apa.kaf.cli.con.ConsumerConfig] (main) ConsumerConfig values: 
	allow.auto.create.topics = true
	auto.commit.interval.ms = 500
	auto.include.jmx.reporter = true
	auto.offset.reset = earliest
	bootstrap.servers = [PLAINTEXT://localhost:32770]
	check.crcs = true
	client.dns.lookup = use_all_dns_ips
	client.id = consumer-Consumer-topic-647ee333_185b_4235_a3d6_ccf82fce0375-23
	client.rack = 
	connections.max.idle.ms = 10000
	default.api.timeout.ms = 60000
	enable.auto.commit = true
	enable.metrics.push = true
	exclude.internal.topics = true
	fetch.max.bytes = 52428800
	fetch.max.wait.ms = 500
	fetch.min.bytes = 1
	group.id = Consumer-topic-647ee333_185b_4235_a3d6_ccf82fce0375
	group.instance.id = null
	group.protocol = classic
	group.remote.assignor = null
	heartbeat.interval.ms = 3000
	interceptor.classes = []
	internal.leave.group.on.close = true
	internal.throw.on.fetch.stable.offset.unsupported = false
	isolation.level = read_uncommitted
	key.deserializer = class org.apache.kafka.common.serialization.StringDeserializer
	max.partition.fetch.bytes = 1048576
	max.poll.interval.ms = 300000
	max.poll.records = 500
	metadata.max.age.ms = 300000
	metadata.recovery.strategy = none
	metric.reporters = []
	metrics.num.samples = 2
	metrics.recording.level = INFO
	metrics.sample.window.ms = 30000
	partition.assignment.strategy = [class org.apache.kafka.clients.consumer.RangeAssignor, class org.apache.kafka.clients.consumer.CooperativeStickyAssignor]
	receive.buffer.bytes = 65536
	reconnect.backoff.max.ms = 1000
	reconnect.backoff.ms = 50
	request.timeout.ms = 5000
	retry.backoff.max.ms = 1000
	retry.backoff.ms = 100
	sasl.client.callback.handler.class = null
	sasl.jaas.config = null
	sasl.kerberos.kinit.cmd = /usr/bin/kinit
	sasl.kerberos.min.time.before.relogin = 60000
	sasl.kerberos.service.name = null
	sasl.kerberos.ticket.renew.jitter = 0.05
	sasl.kerberos.ticket.renew.window.factor = 0.8
	sasl.login.callback.handler.class = null
	sasl.login.class = null
	sasl.login.connect.timeout.ms = null
	sasl.login.read.timeout.ms = null
	sasl.login.refresh.buffer.seconds = 300
	sasl.login.refresh.min.period.seconds = 60
	sasl.login.refresh.window.factor = 0.8
	sasl.login.refresh.window.jitter = 0.05
	sasl.login.retry.backoff.max.ms = 10000
	sasl.login.retry.backoff.ms = 100
	sasl.mechanism = GSSAPI
	sasl.oauthbearer.clock.skew.seconds = 30
	sasl.oauthbearer.expected.audience = null
	sasl.oauthbearer.expected.issuer = null
	sasl.oauthbearer.header.urlencode = false
	sasl.oauthbearer.jwks.endpoint.refresh.ms = 3600000
	sasl.oauthbearer.jwks.endpoint.retry.backoff.max.ms = 10000
	sasl.oauthbearer.jwks.endpoint.retry.backoff.ms = 100
	sasl.oauthbearer.jwks.endpoint.url = null
	sasl.oauthbearer.scope.claim.name = scope
	sasl.oauthbearer.sub.claim.name = sub
	sasl.oauthbearer.token.endpoint.url = null
	security.protocol = PLAINTEXT
	security.providers = null
	send.buffer.bytes = 131072
	session.timeout.ms = 45000
	socket.connection.setup.timeout.max.ms = 30000
	socket.connection.setup.timeout.ms = 10000
	ssl.cipher.suites = null
	ssl.enabled.protocols = [TLSv1.2, TLSv1.3]
	ssl.endpoint.identification.algorithm = https
	ssl.engine.factory.class = null
	ssl.key.password = null
	ssl.keymanager.algorithm = SunX509
	ssl.keystore.certificate.chain = null
	ssl.keystore.key = null
	ssl.keystore.location = null
	ssl.keystore.password = null
	ssl.keystore.type = JKS
	ssl.protocol = TLSv1.3
	ssl.provider = null
	ssl.secure.random.implementation = null
	ssl.trustmanager.algorithm = PKIX
	ssl.truststore.certificates = null
	ssl.truststore.location = null
	ssl.truststore.password = null
	ssl.truststore.type = JKS
	value.deserializer = class io.apicurio.registry.serde.protobuf.ProtobufKafkaDeserializer

2025-07-31 15:31:36,420 INFO  [org.apa.kaf.com.tel.int.KafkaMetricsCollector] (main) initializing Kafka metrics collector
2025-07-31 15:31:36,425 INFO  [org.apa.kaf.cli.con.ConsumerConfig] (main) These configurations '[apicurio.registry.url, apicurio.registry.headers.enabled]' were supplied but are not used yet.
2025-07-31 15:31:36,425 INFO  [org.apa.kaf.com.uti.AppInfoParser] (main) Kafka version: 3.9.0
2025-07-31 15:31:36,425 INFO  [org.apa.kaf.com.uti.AppInfoParser] (main) Kafka commitId: 84caaa6e9da06435
2025-07-31 15:31:36,425 INFO  [org.apa.kaf.com.uti.AppInfoParser] (main) Kafka startTimeMs: 1753975896425
2025-07-31 15:31:36,425 INFO  [org.apa.kaf.cli.con.int.ClassicKafkaConsumer] (Thread-302) [Consumer clientId=consumer-Consumer-topic-647ee333_185b_4235_a3d6_ccf82fce0375-23, groupId=Consumer-topic-647ee333_185b_4235_a3d6_ccf82fce0375] Subscribed to topic(s): topic-647ee333_185b_4235_a3d6_ccf82fce0375
2025-07-31 15:31:36,429 INFO  [org.apa.kaf.cli.Metadata] (Thread-302) [Consumer clientId=consumer-Consumer-topic-647ee333_185b_4235_a3d6_ccf82fce0375-23, groupId=Consumer-topic-647ee333_185b_4235_a3d6_ccf82fce0375] Cluster ID: u8-Iy8eKRM2xsCw1W024xw
2025-07-31 15:31:36,430 INFO  [org.apa.kaf.cli.con.int.ConsumerCoordinator] (Thread-302) [Consumer clientId=consumer-Consumer-topic-647ee333_185b_4235_a3d6_ccf82fce0375-23, groupId=Consumer-topic-647ee333_185b_4235_a3d6_ccf82fce0375] Discovered group coordinator localhost:32770 (id: 2147483647 rack: null)
2025-07-31 15:31:36,431 INFO  [org.apa.kaf.cli.con.int.ConsumerCoordinator] (Thread-302) [Consumer clientId=consumer-Consumer-topic-647ee333_185b_4235_a3d6_ccf82fce0375-23, groupId=Consumer-topic-647ee333_185b_4235_a3d6_ccf82fce0375] (Re-)joining group
2025-07-31 15:31:36,432 INFO  [org.apa.kaf.cli.con.int.ConsumerCoordinator] (Thread-302) [Consumer clientId=consumer-Consumer-topic-647ee333_185b_4235_a3d6_ccf82fce0375-23, groupId=Consumer-topic-647ee333_185b_4235_a3d6_ccf82fce0375] Request joining group due to: need to re-join with the given member-id: consumer-Consumer-topic-647ee333_185b_4235_a3d6_ccf82fce0375-23-3036ec59-d4d2-4635-9bcd-ad932b78456d
2025-07-31 15:31:36,432 INFO  [org.apa.kaf.cli.con.int.ConsumerCoordinator] (Thread-302) [Consumer clientId=consumer-Consumer-topic-647ee333_185b_4235_a3d6_ccf82fce0375-23, groupId=Consumer-topic-647ee333_185b_4235_a3d6_ccf82fce0375] (Re-)joining group
2025-07-31 15:31:36,434 INFO  [org.apa.kaf.cli.con.int.ConsumerCoordinator] (Thread-302) [Consumer clientId=consumer-Consumer-topic-647ee333_185b_4235_a3d6_ccf82fce0375-23, groupId=Consumer-topic-647ee333_185b_4235_a3d6_ccf82fce0375] Successfully joined group with generation Generation{generationId=1, memberId='consumer-Consumer-topic-647ee333_185b_4235_a3d6_ccf82fce0375-23-3036ec59-d4d2-4635-9bcd-ad932b78456d', protocol='range'}
2025-07-31 15:31:36,434 INFO  [org.apa.kaf.cli.con.int.ConsumerCoordinator] (Thread-302) [Consumer clientId=consumer-Consumer-topic-647ee333_185b_4235_a3d6_ccf82fce0375-23, groupId=Consumer-topic-647ee333_185b_4235_a3d6_ccf82fce0375] Finished assignment for group at generation 1: {consumer-Consumer-topic-647ee333_185b_4235_a3d6_ccf82fce0375-23-3036ec59-d4d2-4635-9bcd-ad932b78456d=Assignment(partitions=[topic-647ee333_185b_4235_a3d6_ccf82fce0375-0])}
2025-07-31 15:31:36,436 INFO  [org.apa.kaf.cli.con.int.ConsumerCoordinator] (Thread-302) [Consumer clientId=consumer-Consumer-topic-647ee333_185b_4235_a3d6_ccf82fce0375-23, groupId=Consumer-topic-647ee333_185b_4235_a3d6_ccf82fce0375] Successfully synced group in generation Generation{generationId=1, memberId='consumer-Consumer-topic-647ee333_185b_4235_a3d6_ccf82fce0375-23-3036ec59-d4d2-4635-9bcd-ad932b78456d', protocol='range'}
2025-07-31 15:31:36,436 INFO  [org.apa.kaf.cli.con.int.ConsumerCoordinator] (Thread-302) [Consumer clientId=consumer-Consumer-topic-647ee333_185b_4235_a3d6_ccf82fce0375-23, groupId=Consumer-topic-647ee333_185b_4235_a3d6_ccf82fce0375] Notifying assignor about the new Assignment(partitions=[topic-647ee333_185b_4235_a3d6_ccf82fce0375-0])
2025-07-31 15:31:36,436 INFO  [org.apa.kaf.cli.con.int.ConsumerRebalanceListenerInvoker] (Thread-302) [Consumer clientId=consumer-Consumer-topic-647ee333_185b_4235_a3d6_ccf82fce0375-23, groupId=Consumer-topic-647ee333_185b_4235_a3d6_ccf82fce0375] Adding newly assigned partitions: topic-647ee333_185b_4235_a3d6_ccf82fce0375-0
2025-07-31 15:31:36,437 INFO  [org.apa.kaf.cli.con.int.ConsumerCoordinator] (Thread-302) [Consumer clientId=consumer-Consumer-topic-647ee333_185b_4235_a3d6_ccf82fce0375-23, groupId=Consumer-topic-647ee333_185b_4235_a3d6_ccf82fce0375] Found no committed offset for partition topic-647ee333_185b_4235_a3d6_ccf82fce0375-0
2025-07-31 15:31:36,439 INFO  [org.apa.kaf.cli.con.int.SubscriptionState] (Thread-302) [Consumer clientId=consumer-Consumer-topic-647ee333_185b_4235_a3d6_ccf82fce0375-23, groupId=Consumer-topic-647ee333_185b_4235_a3d6_ccf82fce0375] Resetting offset for partition topic-647ee333_185b_4235_a3d6_ccf82fce0375-0 to position FetchPosition{offset=0, offsetEpoch=Optional.empty, currentLeader=LeaderAndEpoch{leader=Optional[localhost:32770 (id: 0 rack: null)], epoch=0}}.
2025-07-31 15:31:36,597 WARNING [com.goo.pro.GeneratedMessage] (Thread-302) Vulnerable protobuf generated type in use: io.apicurio.tests.protobuf.Header
As of 2022/09/29 (release 21.7) makeExtensionsImmutable should not be called from protobuf gencode. If you are seeing this message, your gencode is vulnerable to a denial of service attack. You should regenerate your code using protobuf 25.6 or later. Use the latest version that meets your needs. However, if you understand the risks and wish to continue with vulnerable gencode, you can set the system property `-Dcom.google.protobuf.use_unsafe_pre22_gencode` on the command line to silence this warning. You also can set `-Dcom.google.protobuf.error_on_unsafe_pre22_gencode` to throw an error instead. See security vulnerability: https://github.com/protocolbuffers/protobuf/security/advisories/GHSA-h4h5-3hr4-j3g2
2025-07-31 15:31:36,597 WARNING [com.goo.pro.GeneratedMessage] (Thread-302) Vulnerable protobuf generated type in use: io.apicurio.tests.protobuf.Point
As of 2022/09/29 (release 21.7) makeExtensionsImmutable should not be called from protobuf gencode. If you are seeing this message, your gencode is vulnerable to a denial of service attack. You should regenerate your code using protobuf 25.6 or later. Use the latest version that meets your needs. However, if you understand the risks and wish to continue with vulnerable gencode, you can set the system property `-Dcom.google.protobuf.use_unsafe_pre22_gencode` on the command line to silence this warning. You also can set `-Dcom.google.protobuf.error_on_unsafe_pre22_gencode` to throw an error instead. See security vulnerability: https://github.com/protocolbuffers/protobuf/security/advisories/GHSA-h4h5-3hr4-j3g2
2025-07-31 15:31:36,597 WARNING [com.goo.pro.GeneratedMessage] (Thread-302) Vulnerable protobuf generated type in use: io.apicurio.tests.protobuf.ProtobufTestMessage
As of 2022/09/29 (release 21.7) makeExtensionsImmutable should not be called from protobuf gencode. If you are seeing this message, your gencode is vulnerable to a denial of service attack. You should regenerate your code using protobuf 25.6 or later. Use the latest version that meets your needs. However, if you understand the risks and wish to continue with vulnerable gencode, you can set the system property `-Dcom.google.protobuf.use_unsafe_pre22_gencode` on the command line to silence this warning. You also can set `-Dcom.google.protobuf.error_on_unsafe_pre22_gencode` to throw an error instead. See security vulnerability: https://github.com/protocolbuffers/protobuf/security/advisories/GHSA-h4h5-3hr4-j3g2
2025-07-31 15:31:36,599 INFO  [io.api.tes.ser.api.KafkaSerdesTester] (Thread-302) topic-647ee333_185b_4235_a3d6_ccf82fce0375 0 0 header {
  time {
  }
}
d1: 1.753975896003E12
s1: "a"
i1: 123
bi1: 1
point {
  longitude: 22.0
  latitude: 22.0
  altitude: 1.0
}

2025-07-31 15:31:36,599 INFO  [io.api.tes.ser.api.KafkaSerdesTester] (Thread-302) topic-647ee333_185b_4235_a3d6_ccf82fce0375 0 1 header {
  time {
  }
}
d1: 1.753975896319E12
s1: "a"
i1: 123
bi1: 1
point {
  longitude: 22.0
  latitude: 22.0
  altitude: 1.0
}

2025-07-31 15:31:36,599 INFO  [io.api.tes.ser.api.KafkaSerdesTester] (Thread-302) topic-647ee333_185b_4235_a3d6_ccf82fce0375 0 2 header {
  time {
  }
}
d1: 1.753975896322E12
s1: "a"
i1: 123
bi1: 1
point {
  longitude: 22.0
  latitude: 22.0
  altitude: 1.0
}

2025-07-31 15:31:36,599 INFO  [io.api.tes.ser.api.KafkaSerdesTester] (Thread-302) topic-647ee333_185b_4235_a3d6_ccf82fce0375 0 3 header {
  time {
  }
}
d1: 1.753975896325E12
s1: "a"
i1: 123
bi1: 1
point {
  longitude: 22.0
  latitude: 22.0
  altitude: 1.0
}

2025-07-31 15:31:36,600 INFO  [io.api.tes.ser.api.KafkaSerdesTester] (Thread-302) topic-647ee333_185b_4235_a3d6_ccf82fce0375 0 4 header {
  time {
  }
}
d1: 1.753975896328E12
s1: "a"
i1: 123
bi1: 1
point {
  longitude: 22.0
  latitude: 22.0
  altitude: 1.0
}

2025-07-31 15:31:36,603 INFO  [io.api.tes.ser.api.KafkaSerdesTester] (Thread-302) topic-647ee333_185b_4235_a3d6_ccf82fce0375 0 5 header {
  time {
  }
}
d1: 1.753975896331E12
s1: "a"
i1: 123
bi1: 1
point {
  longitude: 22.0
  latitude: 22.0
  altitude: 1.0
}

2025-07-31 15:31:36,603 INFO  [io.api.tes.ser.api.KafkaSerdesTester] (Thread-302) topic-647ee333_185b_4235_a3d6_ccf82fce0375 0 6 header {
  time {
  }
}
d1: 1.753975896335E12
s1: "a"
i1: 123
bi1: 1
point {
  longitude: 22.0
  latitude: 22.0
  altitude: 1.0
}

2025-07-31 15:31:36,603 INFO  [io.api.tes.ser.api.KafkaSerdesTester] (Thread-302) topic-647ee333_185b_4235_a3d6_ccf82fce0375 0 7 header {
  time {
  }
}
d1: 1.753975896338E12
s1: "a"
i1: 123
bi1: 1
point {
  longitude: 22.0
  latitude: 22.0
  altitude: 1.0
}

2025-07-31 15:31:36,603 INFO  [io.api.tes.ser.api.KafkaSerdesTester] (Thread-302) topic-647ee333_185b_4235_a3d6_ccf82fce0375 0 8 header {
  time {
  }
}
d1: 1.753975896346E12
s1: "a"
i1: 123
bi1: 1
point {
  longitude: 22.0
  latitude: 22.0
  altitude: 1.0
}

2025-07-31 15:31:36,603 INFO  [io.api.tes.ser.api.KafkaSerdesTester] (Thread-302) topic-647ee333_185b_4235_a3d6_ccf82fce0375 0 9 header {
  time {
  }
}
d1: 1.753975896354E12
s1: "a"
i1: 123
bi1: 1
point {
  longitude: 22.0
  latitude: 22.0
  altitude: 1.0
}

2025-07-31 15:31:36,604 INFO  [io.api.tes.ser.api.KafkaSerdesTester] (Thread-302) Consumed 10 messages
2025-07-31 15:31:36,607 INFO  [org.apa.kaf.cli.con.int.ConsumerRebalanceListenerInvoker] (Thread-302) [Consumer clientId=consumer-Consumer-topic-647ee333_185b_4235_a3d6_ccf82fce0375-23, groupId=Consumer-topic-647ee333_185b_4235_a3d6_ccf82fce0375] Revoke previously assigned partitions topic-647ee333_185b_4235_a3d6_ccf82fce0375-0
2025-07-31 15:31:36,607 INFO  [org.apa.kaf.cli.con.int.ConsumerCoordinator] (Thread-302) [Consumer clientId=consumer-Consumer-topic-647ee333_185b_4235_a3d6_ccf82fce0375-23, groupId=Consumer-topic-647ee333_185b_4235_a3d6_ccf82fce0375] Member consumer-Consumer-topic-647ee333_185b_4235_a3d6_ccf82fce0375-23-3036ec59-d4d2-4635-9bcd-ad932b78456d sending LeaveGroup request to coordinator localhost:32770 (id: 2147483647 rack: null) due to the consumer is being closed
2025-07-31 15:31:36,607 INFO  [org.apa.kaf.cli.con.int.ConsumerCoordinator] (Thread-302) [Consumer clientId=consumer-Consumer-topic-647ee333_185b_4235_a3d6_ccf82fce0375-23, groupId=Consumer-topic-647ee333_185b_4235_a3d6_ccf82fce0375] Resetting generation and member id due to: consumer pro-actively leaving the group
2025-07-31 15:31:36,607 INFO  [org.apa.kaf.cli.con.int.ConsumerCoordinator] (Thread-302) [Consumer clientId=consumer-Consumer-topic-647ee333_185b_4235_a3d6_ccf82fce0375-23, groupId=Consumer-topic-647ee333_185b_4235_a3d6_ccf82fce0375] Request joining group due to: consumer pro-actively leaving the group
2025-07-31 15:31:37,101 INFO  [org.apa.kaf.com.met.Metrics] (Thread-302) Metrics scheduler closed
2025-07-31 15:31:37,101 INFO  [org.apa.kaf.com.met.Metrics] (Thread-302) Closing reporter org.apache.kafka.common.metrics.JmxReporter
2025-07-31 15:31:37,101 INFO  [org.apa.kaf.com.met.Metrics] (Thread-302) Closing reporter org.apache.kafka.common.telemetry.internals.ClientTelemetryReporter
2025-07-31 15:31:37,101 INFO  [org.apa.kaf.com.met.Metrics] (Thread-302) Metrics reporters closed
2025-07-31 15:31:37,102 INFO  [org.apa.kaf.com.uti.AppInfoParser] (Thread-302) App info kafka.consumer for consumer-Consumer-topic-647ee333_185b_4235_a3d6_ccf82fce0375-23 unregistered
2025-07-31 15:31:37,134 INFO  [io.api.tes.uti.TestSeparator] (main) io.apicurio.tests.serdes.apicurio.ProtobufSerdeIT.testTopicIdStrategyAutoRegister-FINISHED
2025-07-31 15:31:37,134 INFO  [io.api.tes.uti.TestSeparator] (main) ############################################################################
]]></system-out>
  </testcase>
  <testcase name="testAutoRegisterAndUseBody" classname="io.apicurio.tests.serdes.apicurio.ProtobufSerdeIT" time="1.02">
    <system-out><![CDATA[2025-07-31 15:31:37,135 INFO  [io.api.tes.uti.TestSeparator] (main) ############################################################################
2025-07-31 15:31:37,135 INFO  [io.api.tes.uti.TestSeparator] (main) io.apicurio.tests.serdes.apicurio.ProtobufSerdeIT.testAutoRegisterAndUseBody-STARTED
2025-07-31 15:31:37,136 INFO  [org.apa.kaf.cli.pro.ProducerConfig] (main) ProducerConfig values: 
	acks = -1
	auto.include.jmx.reporter = true
	batch.size = 16384
	bootstrap.servers = [PLAINTEXT://localhost:32770]
	buffer.memory = 33554432
	client.dns.lookup = use_all_dns_ips
	client.id = Producer-topic-193f88f5_873d_425a_a6c7_779c91c24020
	compression.gzip.level = -1
	compression.lz4.level = 9
	compression.type = none
	compression.zstd.level = 3
	connections.max.idle.ms = 10000
	delivery.timeout.ms = 120000
	enable.idempotence = true
	enable.metrics.push = true
	interceptor.classes = []
	key.serializer = class org.apache.kafka.common.serialization.StringSerializer
	linger.ms = 0
	max.block.ms = 60000
	max.in.flight.requests.per.connection = 5
	max.request.size = 1048576
	metadata.max.age.ms = 300000
	metadata.max.idle.ms = 300000
	metadata.recovery.strategy = none
	metric.reporters = []
	metrics.num.samples = 2
	metrics.recording.level = INFO
	metrics.sample.window.ms = 30000
	partitioner.adaptive.partitioning.enable = true
	partitioner.availability.timeout.ms = 0
	partitioner.class = null
	partitioner.ignore.keys = false
	receive.buffer.bytes = 32768
	reconnect.backoff.max.ms = 1000
	reconnect.backoff.ms = 50
	request.timeout.ms = 5000
	retries = 2147483647
	retry.backoff.max.ms = 1000
	retry.backoff.ms = 100
	sasl.client.callback.handler.class = null
	sasl.jaas.config = null
	sasl.kerberos.kinit.cmd = /usr/bin/kinit
	sasl.kerberos.min.time.before.relogin = 60000
	sasl.kerberos.service.name = null
	sasl.kerberos.ticket.renew.jitter = 0.05
	sasl.kerberos.ticket.renew.window.factor = 0.8
	sasl.login.callback.handler.class = null
	sasl.login.class = null
	sasl.login.connect.timeout.ms = null
	sasl.login.read.timeout.ms = null
	sasl.login.refresh.buffer.seconds = 300
	sasl.login.refresh.min.period.seconds = 60
	sasl.login.refresh.window.factor = 0.8
	sasl.login.refresh.window.jitter = 0.05
	sasl.login.retry.backoff.max.ms = 10000
	sasl.login.retry.backoff.ms = 100
	sasl.mechanism = GSSAPI
	sasl.oauthbearer.clock.skew.seconds = 30
	sasl.oauthbearer.expected.audience = null
	sasl.oauthbearer.expected.issuer = null
	sasl.oauthbearer.header.urlencode = false
	sasl.oauthbearer.jwks.endpoint.refresh.ms = 3600000
	sasl.oauthbearer.jwks.endpoint.retry.backoff.max.ms = 10000
	sasl.oauthbearer.jwks.endpoint.retry.backoff.ms = 100
	sasl.oauthbearer.jwks.endpoint.url = null
	sasl.oauthbearer.scope.claim.name = scope
	sasl.oauthbearer.sub.claim.name = sub
	sasl.oauthbearer.token.endpoint.url = null
	security.protocol = PLAINTEXT
	security.providers = null
	send.buffer.bytes = 131072
	socket.connection.setup.timeout.max.ms = 30000
	socket.connection.setup.timeout.ms = 10000
	ssl.cipher.suites = null
	ssl.enabled.protocols = [TLSv1.2, TLSv1.3]
	ssl.endpoint.identification.algorithm = https
	ssl.engine.factory.class = null
	ssl.key.password = null
	ssl.keymanager.algorithm = SunX509
	ssl.keystore.certificate.chain = null
	ssl.keystore.key = null
	ssl.keystore.location = null
	ssl.keystore.password = null
	ssl.keystore.type = JKS
	ssl.protocol = TLSv1.3
	ssl.provider = null
	ssl.secure.random.implementation = null
	ssl.trustmanager.algorithm = PKIX
	ssl.truststore.certificates = null
	ssl.truststore.location = null
	ssl.truststore.password = null
	ssl.truststore.type = JKS
	transaction.timeout.ms = 60000
	transactional.id = null
	value.serializer = class io.apicurio.registry.serde.protobuf.ProtobufKafkaSerializer

2025-07-31 15:31:37,136 INFO  [org.apa.kaf.com.tel.int.KafkaMetricsCollector] (main) initializing Kafka metrics collector
2025-07-31 15:31:37,139 INFO  [org.apa.kaf.cli.pro.KafkaProducer] (main) [Producer clientId=Producer-topic-193f88f5_873d_425a_a6c7_779c91c24020] Instantiated an idempotent producer.
2025-07-31 15:31:37,141 INFO  [org.apa.kaf.cli.pro.ProducerConfig] (main) These configurations '[apicurio.registry.url, apicurio.registry.auto-register, apicurio.registry.artifact-resolver-strategy]' were supplied but are not used yet.
2025-07-31 15:31:37,141 INFO  [org.apa.kaf.com.uti.AppInfoParser] (main) Kafka version: 3.9.0
2025-07-31 15:31:37,141 INFO  [org.apa.kaf.com.uti.AppInfoParser] (main) Kafka commitId: 84caaa6e9da06435
2025-07-31 15:31:37,141 INFO  [org.apa.kaf.com.uti.AppInfoParser] (main) Kafka startTimeMs: 1753975897141
2025-07-31 15:31:37,141 INFO  [io.api.tes.ser.api.SimpleSerdesTesterBuilder$SimpleSerdesTester] (main) Using producer configuration: {apicurio.registry.url=http://registry-app-mysql.apps.ci419.apicurio-testing.org:80/apis/registry/v3, apicurio.registry.auto-register=true, apicurio.registry.artifact-resolver-strategy=io.apicurio.registry.serde.strategy.TopicIdStrategy, value.serializer=io.apicurio.registry.serde.protobuf.ProtobufKafkaSerializer, request.timeout.ms=5000, acks=all, bootstrap.servers=PLAINTEXT://localhost:32770, connections.max.idle.ms=10000, key.serializer=org.apache.kafka.common.serialization.StringSerializer, client.id=Producer-topic-193f88f5_873d_425a_a6c7_779c91c24020}
2025-07-31 15:31:37,141 INFO  [io.api.tes.ser.api.SimpleSerdesTesterBuilder$SimpleSerdesTester] (main) Using consumer configuration: {apicurio.protobuf.derive.class=true}
2025-07-31 15:31:37,143 INFO  [io.api.tes.ser.api.KafkaSerdesTester] (Thread-305) Sending message header {
  time {
  }
}
d1: 1.753975897143E12
s1: "a"
i1: 123
bi1: 1
point {
  longitude: 22.0
  latitude: 22.0
  altitude: 1.0
}
 to topic topic-193f88f5_873d_425a_a6c7_779c91c24020
2025-07-31 15:31:37,159 WARN  [org.apa.kaf.cli.NetworkClient] (kafka-producer-network-thread | Producer-topic-193f88f5_873d_425a_a6c7_779c91c24020) [Producer clientId=Producer-topic-193f88f5_873d_425a_a6c7_779c91c24020] The metadata response from the cluster reported a recoverable issue with correlation id 2 : {topic-193f88f5_873d_425a_a6c7_779c91c24020=LEADER_NOT_AVAILABLE}
2025-07-31 15:31:37,159 INFO  [org.apa.kaf.cli.Metadata] (kafka-producer-network-thread | Producer-topic-193f88f5_873d_425a_a6c7_779c91c24020) [Producer clientId=Producer-topic-193f88f5_873d_425a_a6c7_779c91c24020] Cluster ID: u8-Iy8eKRM2xsCw1W024xw
2025-07-31 15:31:37,160 INFO  [org.apa.kaf.cli.pro.int.TransactionManager] (kafka-producer-network-thread | Producer-topic-193f88f5_873d_425a_a6c7_779c91c24020) [Producer clientId=Producer-topic-193f88f5_873d_425a_a6c7_779c91c24020] ProducerId set to 33 with epoch 0
2025-07-31 15:31:37,404 INFO  [io.api.tes.ser.api.KafkaSerdesTester] (Thread-305) Sending message header {
  time {
  }
}
d1: 1.753975897403E12
s1: "a"
i1: 123
bi1: 1
point {
  longitude: 22.0
  latitude: 22.0
  altitude: 1.0
}
 to topic topic-193f88f5_873d_425a_a6c7_779c91c24020
2025-07-31 15:31:37,408 INFO  [io.api.tes.ser.api.KafkaSerdesTester] (Thread-305) Sending message header {
  time {
  }
}
d1: 1.753975897408E12
s1: "a"
i1: 123
bi1: 1
point {
  longitude: 22.0
  latitude: 22.0
  altitude: 1.0
}
 to topic topic-193f88f5_873d_425a_a6c7_779c91c24020
2025-07-31 15:31:37,410 INFO  [io.api.tes.ser.api.KafkaSerdesTester] (Thread-305) Sending message header {
  time {
  }
}
d1: 1.75397589741E12
s1: "a"
i1: 123
bi1: 1
point {
  longitude: 22.0
  latitude: 22.0
  altitude: 1.0
}
 to topic topic-193f88f5_873d_425a_a6c7_779c91c24020
2025-07-31 15:31:37,413 INFO  [io.api.tes.ser.api.KafkaSerdesTester] (Thread-305) Sending message header {
  time {
  }
}
d1: 1.753975897413E12
s1: "a"
i1: 123
bi1: 1
point {
  longitude: 22.0
  latitude: 22.0
  altitude: 1.0
}
 to topic topic-193f88f5_873d_425a_a6c7_779c91c24020
2025-07-31 15:31:37,416 INFO  [io.api.tes.ser.api.KafkaSerdesTester] (Thread-305) Sending message header {
  time {
  }
}
d1: 1.753975897416E12
s1: "a"
i1: 123
bi1: 1
point {
  longitude: 22.0
  latitude: 22.0
  altitude: 1.0
}
 to topic topic-193f88f5_873d_425a_a6c7_779c91c24020
2025-07-31 15:31:37,419 INFO  [io.api.tes.ser.api.KafkaSerdesTester] (Thread-305) Sending message header {
  time {
  }
}
d1: 1.753975897418E12
s1: "a"
i1: 123
bi1: 1
point {
  longitude: 22.0
  latitude: 22.0
  altitude: 1.0
}
 to topic topic-193f88f5_873d_425a_a6c7_779c91c24020
2025-07-31 15:31:37,421 INFO  [io.api.tes.ser.api.KafkaSerdesTester] (Thread-305) Sending message header {
  time {
  }
}
d1: 1.75397589742E12
s1: "a"
i1: 123
bi1: 1
point {
  longitude: 22.0
  latitude: 22.0
  altitude: 1.0
}
 to topic topic-193f88f5_873d_425a_a6c7_779c91c24020
2025-07-31 15:31:37,426 INFO  [io.api.tes.ser.api.KafkaSerdesTester] (Thread-305) Sending message header {
  time {
  }
}
d1: 1.753975897426E12
s1: "a"
i1: 123
bi1: 1
point {
  longitude: 22.0
  latitude: 22.0
  altitude: 1.0
}
 to topic topic-193f88f5_873d_425a_a6c7_779c91c24020
2025-07-31 15:31:37,431 INFO  [io.api.tes.ser.api.KafkaSerdesTester] (Thread-305) Sending message header {
  time {
  }
}
d1: 1.753975897431E12
s1: "a"
i1: 123
bi1: 1
point {
  longitude: 22.0
  latitude: 22.0
  altitude: 1.0
}
 to topic topic-193f88f5_873d_425a_a6c7_779c91c24020
2025-07-31 15:31:37,433 INFO  [io.api.tes.ser.api.KafkaSerdesTester] (Thread-305) Produced 10 messages
2025-07-31 15:31:37,433 INFO  [org.apa.kaf.cli.pro.KafkaProducer] (Thread-305) [Producer clientId=Producer-topic-193f88f5_873d_425a_a6c7_779c91c24020] Closing the Kafka producer with timeoutMillis = 9223372036854775807 ms.
2025-07-31 15:31:37,436 INFO  [org.apa.kaf.com.met.Metrics] (Thread-305) Metrics scheduler closed
2025-07-31 15:31:37,436 INFO  [org.apa.kaf.com.met.Metrics] (Thread-305) Closing reporter org.apache.kafka.common.metrics.JmxReporter
2025-07-31 15:31:37,436 INFO  [org.apa.kaf.com.met.Metrics] (Thread-305) Closing reporter org.apache.kafka.common.telemetry.internals.ClientTelemetryReporter
2025-07-31 15:31:37,436 INFO  [org.apa.kaf.com.met.Metrics] (Thread-305) Metrics reporters closed
2025-07-31 15:31:37,437 INFO  [org.apa.kaf.com.uti.AppInfoParser] (Thread-305) App info kafka.producer for Producer-topic-193f88f5_873d_425a_a6c7_779c91c24020 unregistered
2025-07-31 15:31:37,492 INFO  [org.apa.kaf.cli.con.ConsumerConfig] (main) ConsumerConfig values: 
	allow.auto.create.topics = true
	auto.commit.interval.ms = 500
	auto.include.jmx.reporter = true
	auto.offset.reset = earliest
	bootstrap.servers = [PLAINTEXT://localhost:32770]
	check.crcs = true
	client.dns.lookup = use_all_dns_ips
	client.id = consumer-Consumer-topic-193f88f5_873d_425a_a6c7_779c91c24020-24
	client.rack = 
	connections.max.idle.ms = 10000
	default.api.timeout.ms = 60000
	enable.auto.commit = true
	enable.metrics.push = true
	exclude.internal.topics = true
	fetch.max.bytes = 52428800
	fetch.max.wait.ms = 500
	fetch.min.bytes = 1
	group.id = Consumer-topic-193f88f5_873d_425a_a6c7_779c91c24020
	group.instance.id = null
	group.protocol = classic
	group.remote.assignor = null
	heartbeat.interval.ms = 3000
	interceptor.classes = []
	internal.leave.group.on.close = true
	internal.throw.on.fetch.stable.offset.unsupported = false
	isolation.level = read_uncommitted
	key.deserializer = class org.apache.kafka.common.serialization.StringDeserializer
	max.partition.fetch.bytes = 1048576
	max.poll.interval.ms = 300000
	max.poll.records = 500
	metadata.max.age.ms = 300000
	metadata.recovery.strategy = none
	metric.reporters = []
	metrics.num.samples = 2
	metrics.recording.level = INFO
	metrics.sample.window.ms = 30000
	partition.assignment.strategy = [class org.apache.kafka.clients.consumer.RangeAssignor, class org.apache.kafka.clients.consumer.CooperativeStickyAssignor]
	receive.buffer.bytes = 65536
	reconnect.backoff.max.ms = 1000
	reconnect.backoff.ms = 50
	request.timeout.ms = 5000
	retry.backoff.max.ms = 1000
	retry.backoff.ms = 100
	sasl.client.callback.handler.class = null
	sasl.jaas.config = null
	sasl.kerberos.kinit.cmd = /usr/bin/kinit
	sasl.kerberos.min.time.before.relogin = 60000
	sasl.kerberos.service.name = null
	sasl.kerberos.ticket.renew.jitter = 0.05
	sasl.kerberos.ticket.renew.window.factor = 0.8
	sasl.login.callback.handler.class = null
	sasl.login.class = null
	sasl.login.connect.timeout.ms = null
	sasl.login.read.timeout.ms = null
	sasl.login.refresh.buffer.seconds = 300
	sasl.login.refresh.min.period.seconds = 60
	sasl.login.refresh.window.factor = 0.8
	sasl.login.refresh.window.jitter = 0.05
	sasl.login.retry.backoff.max.ms = 10000
	sasl.login.retry.backoff.ms = 100
	sasl.mechanism = GSSAPI
	sasl.oauthbearer.clock.skew.seconds = 30
	sasl.oauthbearer.expected.audience = null
	sasl.oauthbearer.expected.issuer = null
	sasl.oauthbearer.header.urlencode = false
	sasl.oauthbearer.jwks.endpoint.refresh.ms = 3600000
	sasl.oauthbearer.jwks.endpoint.retry.backoff.max.ms = 10000
	sasl.oauthbearer.jwks.endpoint.retry.backoff.ms = 100
	sasl.oauthbearer.jwks.endpoint.url = null
	sasl.oauthbearer.scope.claim.name = scope
	sasl.oauthbearer.sub.claim.name = sub
	sasl.oauthbearer.token.endpoint.url = null
	security.protocol = PLAINTEXT
	security.providers = null
	send.buffer.bytes = 131072
	session.timeout.ms = 45000
	socket.connection.setup.timeout.max.ms = 30000
	socket.connection.setup.timeout.ms = 10000
	ssl.cipher.suites = null
	ssl.enabled.protocols = [TLSv1.2, TLSv1.3]
	ssl.endpoint.identification.algorithm = https
	ssl.engine.factory.class = null
	ssl.key.password = null
	ssl.keymanager.algorithm = SunX509
	ssl.keystore.certificate.chain = null
	ssl.keystore.key = null
	ssl.keystore.location = null
	ssl.keystore.password = null
	ssl.keystore.type = JKS
	ssl.protocol = TLSv1.3
	ssl.provider = null
	ssl.secure.random.implementation = null
	ssl.trustmanager.algorithm = PKIX
	ssl.truststore.certificates = null
	ssl.truststore.location = null
	ssl.truststore.password = null
	ssl.truststore.type = JKS
	value.deserializer = class io.apicurio.registry.serde.protobuf.ProtobufKafkaDeserializer

2025-07-31 15:31:37,492 INFO  [org.apa.kaf.com.tel.int.KafkaMetricsCollector] (main) initializing Kafka metrics collector
2025-07-31 15:31:37,499 INFO  [org.apa.kaf.cli.con.ConsumerConfig] (main) These configurations '[apicurio.registry.url, apicurio.protobuf.derive.class]' were supplied but are not used yet.
2025-07-31 15:31:37,499 INFO  [org.apa.kaf.com.uti.AppInfoParser] (main) Kafka version: 3.9.0
2025-07-31 15:31:37,499 INFO  [org.apa.kaf.com.uti.AppInfoParser] (main) Kafka commitId: 84caaa6e9da06435
2025-07-31 15:31:37,499 INFO  [org.apa.kaf.com.uti.AppInfoParser] (main) Kafka startTimeMs: 1753975897499
2025-07-31 15:31:37,499 INFO  [org.apa.kaf.cli.con.int.ClassicKafkaConsumer] (Thread-308) [Consumer clientId=consumer-Consumer-topic-193f88f5_873d_425a_a6c7_779c91c24020-24, groupId=Consumer-topic-193f88f5_873d_425a_a6c7_779c91c24020] Subscribed to topic(s): topic-193f88f5_873d_425a_a6c7_779c91c24020
2025-07-31 15:31:37,505 INFO  [org.apa.kaf.cli.Metadata] (Thread-308) [Consumer clientId=consumer-Consumer-topic-193f88f5_873d_425a_a6c7_779c91c24020-24, groupId=Consumer-topic-193f88f5_873d_425a_a6c7_779c91c24020] Cluster ID: u8-Iy8eKRM2xsCw1W024xw
2025-07-31 15:31:37,506 INFO  [org.apa.kaf.cli.con.int.ConsumerCoordinator] (Thread-308) [Consumer clientId=consumer-Consumer-topic-193f88f5_873d_425a_a6c7_779c91c24020-24, groupId=Consumer-topic-193f88f5_873d_425a_a6c7_779c91c24020] Discovered group coordinator localhost:32770 (id: 2147483647 rack: null)
2025-07-31 15:31:37,507 INFO  [org.apa.kaf.cli.con.int.ConsumerCoordinator] (Thread-308) [Consumer clientId=consumer-Consumer-topic-193f88f5_873d_425a_a6c7_779c91c24020-24, groupId=Consumer-topic-193f88f5_873d_425a_a6c7_779c91c24020] (Re-)joining group
2025-07-31 15:31:37,510 INFO  [org.apa.kaf.cli.con.int.ConsumerCoordinator] (Thread-308) [Consumer clientId=consumer-Consumer-topic-193f88f5_873d_425a_a6c7_779c91c24020-24, groupId=Consumer-topic-193f88f5_873d_425a_a6c7_779c91c24020] Request joining group due to: need to re-join with the given member-id: consumer-Consumer-topic-193f88f5_873d_425a_a6c7_779c91c24020-24-4bc18a55-19c6-4185-9891-9881f37c9f07
2025-07-31 15:31:37,510 INFO  [org.apa.kaf.cli.con.int.ConsumerCoordinator] (Thread-308) [Consumer clientId=consumer-Consumer-topic-193f88f5_873d_425a_a6c7_779c91c24020-24, groupId=Consumer-topic-193f88f5_873d_425a_a6c7_779c91c24020] (Re-)joining group
2025-07-31 15:31:37,512 INFO  [org.apa.kaf.cli.con.int.ConsumerCoordinator] (Thread-308) [Consumer clientId=consumer-Consumer-topic-193f88f5_873d_425a_a6c7_779c91c24020-24, groupId=Consumer-topic-193f88f5_873d_425a_a6c7_779c91c24020] Successfully joined group with generation Generation{generationId=1, memberId='consumer-Consumer-topic-193f88f5_873d_425a_a6c7_779c91c24020-24-4bc18a55-19c6-4185-9891-9881f37c9f07', protocol='range'}
2025-07-31 15:31:37,512 INFO  [org.apa.kaf.cli.con.int.ConsumerCoordinator] (Thread-308) [Consumer clientId=consumer-Consumer-topic-193f88f5_873d_425a_a6c7_779c91c24020-24, groupId=Consumer-topic-193f88f5_873d_425a_a6c7_779c91c24020] Finished assignment for group at generation 1: {consumer-Consumer-topic-193f88f5_873d_425a_a6c7_779c91c24020-24-4bc18a55-19c6-4185-9891-9881f37c9f07=Assignment(partitions=[topic-193f88f5_873d_425a_a6c7_779c91c24020-0])}
2025-07-31 15:31:37,514 INFO  [org.apa.kaf.cli.con.int.ConsumerCoordinator] (Thread-308) [Consumer clientId=consumer-Consumer-topic-193f88f5_873d_425a_a6c7_779c91c24020-24, groupId=Consumer-topic-193f88f5_873d_425a_a6c7_779c91c24020] Successfully synced group in generation Generation{generationId=1, memberId='consumer-Consumer-topic-193f88f5_873d_425a_a6c7_779c91c24020-24-4bc18a55-19c6-4185-9891-9881f37c9f07', protocol='range'}
2025-07-31 15:31:37,514 INFO  [org.apa.kaf.cli.con.int.ConsumerCoordinator] (Thread-308) [Consumer clientId=consumer-Consumer-topic-193f88f5_873d_425a_a6c7_779c91c24020-24, groupId=Consumer-topic-193f88f5_873d_425a_a6c7_779c91c24020] Notifying assignor about the new Assignment(partitions=[topic-193f88f5_873d_425a_a6c7_779c91c24020-0])
2025-07-31 15:31:37,514 INFO  [org.apa.kaf.cli.con.int.ConsumerRebalanceListenerInvoker] (Thread-308) [Consumer clientId=consumer-Consumer-topic-193f88f5_873d_425a_a6c7_779c91c24020-24, groupId=Consumer-topic-193f88f5_873d_425a_a6c7_779c91c24020] Adding newly assigned partitions: topic-193f88f5_873d_425a_a6c7_779c91c24020-0
2025-07-31 15:31:37,515 INFO  [org.apa.kaf.cli.con.int.ConsumerCoordinator] (Thread-308) [Consumer clientId=consumer-Consumer-topic-193f88f5_873d_425a_a6c7_779c91c24020-24, groupId=Consumer-topic-193f88f5_873d_425a_a6c7_779c91c24020] Found no committed offset for partition topic-193f88f5_873d_425a_a6c7_779c91c24020-0
2025-07-31 15:31:37,518 INFO  [org.apa.kaf.cli.con.int.SubscriptionState] (Thread-308) [Consumer clientId=consumer-Consumer-topic-193f88f5_873d_425a_a6c7_779c91c24020-24, groupId=Consumer-topic-193f88f5_873d_425a_a6c7_779c91c24020] Resetting offset for partition topic-193f88f5_873d_425a_a6c7_779c91c24020-0 to position FetchPosition{offset=0, offsetEpoch=Optional.empty, currentLeader=LeaderAndEpoch{leader=Optional[localhost:32770 (id: 0 rack: null)], epoch=0}}.
2025-07-31 15:31:37,650 INFO  [io.api.tes.ser.api.KafkaSerdesTester] (Thread-308) topic-193f88f5_873d_425a_a6c7_779c91c24020 0 0 header {
  time {
  }
}
d1: 1.753975897143E12
s1: "a"
i1: 123
bi1: 1
point {
  longitude: 22.0
  latitude: 22.0
  altitude: 1.0
}

2025-07-31 15:31:37,650 INFO  [io.api.tes.ser.api.KafkaSerdesTester] (Thread-308) topic-193f88f5_873d_425a_a6c7_779c91c24020 0 1 header {
  time {
  }
}
d1: 1.753975897403E12
s1: "a"
i1: 123
bi1: 1
point {
  longitude: 22.0
  latitude: 22.0
  altitude: 1.0
}

2025-07-31 15:31:37,650 INFO  [io.api.tes.ser.api.KafkaSerdesTester] (Thread-308) topic-193f88f5_873d_425a_a6c7_779c91c24020 0 2 header {
  time {
  }
}
d1: 1.753975897408E12
s1: "a"
i1: 123
bi1: 1
point {
  longitude: 22.0
  latitude: 22.0
  altitude: 1.0
}

2025-07-31 15:31:37,652 INFO  [io.api.tes.ser.api.KafkaSerdesTester] (Thread-308) topic-193f88f5_873d_425a_a6c7_779c91c24020 0 3 header {
  time {
  }
}
d1: 1.75397589741E12
s1: "a"
i1: 123
bi1: 1
point {
  longitude: 22.0
  latitude: 22.0
  altitude: 1.0
}

2025-07-31 15:31:37,652 INFO  [io.api.tes.ser.api.KafkaSerdesTester] (Thread-308) topic-193f88f5_873d_425a_a6c7_779c91c24020 0 4 header {
  time {
  }
}
d1: 1.753975897413E12
s1: "a"
i1: 123
bi1: 1
point {
  longitude: 22.0
  latitude: 22.0
  altitude: 1.0
}

2025-07-31 15:31:37,653 INFO  [io.api.tes.ser.api.KafkaSerdesTester] (Thread-308) topic-193f88f5_873d_425a_a6c7_779c91c24020 0 5 header {
  time {
  }
}
d1: 1.753975897416E12
s1: "a"
i1: 123
bi1: 1
point {
  longitude: 22.0
  latitude: 22.0
  altitude: 1.0
}

2025-07-31 15:31:37,653 INFO  [io.api.tes.ser.api.KafkaSerdesTester] (Thread-308) topic-193f88f5_873d_425a_a6c7_779c91c24020 0 6 header {
  time {
  }
}
d1: 1.753975897418E12
s1: "a"
i1: 123
bi1: 1
point {
  longitude: 22.0
  latitude: 22.0
  altitude: 1.0
}

2025-07-31 15:31:37,653 INFO  [io.api.tes.ser.api.KafkaSerdesTester] (Thread-308) topic-193f88f5_873d_425a_a6c7_779c91c24020 0 7 header {
  time {
  }
}
d1: 1.75397589742E12
s1: "a"
i1: 123
bi1: 1
point {
  longitude: 22.0
  latitude: 22.0
  altitude: 1.0
}

2025-07-31 15:31:37,653 INFO  [io.api.tes.ser.api.KafkaSerdesTester] (Thread-308) topic-193f88f5_873d_425a_a6c7_779c91c24020 0 8 header {
  time {
  }
}
d1: 1.753975897426E12
s1: "a"
i1: 123
bi1: 1
point {
  longitude: 22.0
  latitude: 22.0
  altitude: 1.0
}

2025-07-31 15:31:37,654 INFO  [io.api.tes.ser.api.KafkaSerdesTester] (Thread-308) topic-193f88f5_873d_425a_a6c7_779c91c24020 0 9 header {
  time {
  }
}
d1: 1.753975897431E12
s1: "a"
i1: 123
bi1: 1
point {
  longitude: 22.0
  latitude: 22.0
  altitude: 1.0
}

2025-07-31 15:31:37,654 INFO  [io.api.tes.ser.api.KafkaSerdesTester] (Thread-308) Consumed 10 messages
2025-07-31 15:31:37,656 INFO  [org.apa.kaf.cli.con.int.ConsumerRebalanceListenerInvoker] (Thread-308) [Consumer clientId=consumer-Consumer-topic-193f88f5_873d_425a_a6c7_779c91c24020-24, groupId=Consumer-topic-193f88f5_873d_425a_a6c7_779c91c24020] Revoke previously assigned partitions topic-193f88f5_873d_425a_a6c7_779c91c24020-0
2025-07-31 15:31:37,656 INFO  [org.apa.kaf.cli.con.int.ConsumerCoordinator] (Thread-308) [Consumer clientId=consumer-Consumer-topic-193f88f5_873d_425a_a6c7_779c91c24020-24, groupId=Consumer-topic-193f88f5_873d_425a_a6c7_779c91c24020] Member consumer-Consumer-topic-193f88f5_873d_425a_a6c7_779c91c24020-24-4bc18a55-19c6-4185-9891-9881f37c9f07 sending LeaveGroup request to coordinator localhost:32770 (id: 2147483647 rack: null) due to the consumer is being closed
2025-07-31 15:31:37,657 INFO  [org.apa.kaf.cli.con.int.ConsumerCoordinator] (Thread-308) [Consumer clientId=consumer-Consumer-topic-193f88f5_873d_425a_a6c7_779c91c24020-24, groupId=Consumer-topic-193f88f5_873d_425a_a6c7_779c91c24020] Resetting generation and member id due to: consumer pro-actively leaving the group
2025-07-31 15:31:37,657 INFO  [org.apa.kaf.cli.con.int.ConsumerCoordinator] (Thread-308) [Consumer clientId=consumer-Consumer-topic-193f88f5_873d_425a_a6c7_779c91c24020-24, groupId=Consumer-topic-193f88f5_873d_425a_a6c7_779c91c24020] Request joining group due to: consumer pro-actively leaving the group
2025-07-31 15:31:38,152 INFO  [org.apa.kaf.com.met.Metrics] (Thread-308) Metrics scheduler closed
2025-07-31 15:31:38,152 INFO  [org.apa.kaf.com.met.Metrics] (Thread-308) Closing reporter org.apache.kafka.common.metrics.JmxReporter
2025-07-31 15:31:38,152 INFO  [org.apa.kaf.com.met.Metrics] (Thread-308) Closing reporter org.apache.kafka.common.telemetry.internals.ClientTelemetryReporter
2025-07-31 15:31:38,152 INFO  [org.apa.kaf.com.met.Metrics] (Thread-308) Metrics reporters closed
2025-07-31 15:31:38,153 INFO  [org.apa.kaf.com.uti.AppInfoParser] (Thread-308) App info kafka.consumer for consumer-Consumer-topic-193f88f5_873d_425a_a6c7_779c91c24020-24 unregistered
2025-07-31 15:31:38,153 INFO  [io.api.tes.uti.TestSeparator] (main) io.apicurio.tests.serdes.apicurio.ProtobufSerdeIT.testAutoRegisterAndUseBody-FINISHED
2025-07-31 15:31:38,153 INFO  [io.api.tes.uti.TestSeparator] (main) ############################################################################
]]></system-out>
  </testcase>
  <testcase name="testValidation" classname="io.apicurio.tests.serdes.apicurio.ProtobufSerdeIT" time="7.004">
    <system-out><![CDATA[2025-07-31 15:31:38,155 INFO  [io.api.tes.uti.TestSeparator] (main) ############################################################################
2025-07-31 15:31:38,156 INFO  [io.api.tes.uti.TestSeparator] (main) io.apicurio.tests.serdes.apicurio.ProtobufSerdeIT.testValidation-STARTED
2025-07-31 15:31:40,310 INFO  [org.apa.kaf.cli.pro.ProducerConfig] (main) ProducerConfig values: 
	acks = -1
	auto.include.jmx.reporter = true
	batch.size = 16384
	bootstrap.servers = [PLAINTEXT://localhost:32770]
	buffer.memory = 33554432
	client.dns.lookup = use_all_dns_ips
	client.id = Producer-s9c1f8000x30a9x418axb110x1cd9f48f5c0f
	compression.gzip.level = -1
	compression.lz4.level = 9
	compression.type = none
	compression.zstd.level = 3
	connections.max.idle.ms = 10000
	delivery.timeout.ms = 120000
	enable.idempotence = true
	enable.metrics.push = true
	interceptor.classes = []
	key.serializer = class org.apache.kafka.common.serialization.StringSerializer
	linger.ms = 0
	max.block.ms = 60000
	max.in.flight.requests.per.connection = 5
	max.request.size = 1048576
	metadata.max.age.ms = 300000
	metadata.max.idle.ms = 300000
	metadata.recovery.strategy = none
	metric.reporters = []
	metrics.num.samples = 2
	metrics.recording.level = INFO
	metrics.sample.window.ms = 30000
	partitioner.adaptive.partitioning.enable = true
	partitioner.availability.timeout.ms = 0
	partitioner.class = null
	partitioner.ignore.keys = false
	receive.buffer.bytes = 32768
	reconnect.backoff.max.ms = 1000
	reconnect.backoff.ms = 50
	request.timeout.ms = 5000
	retries = 2147483647
	retry.backoff.max.ms = 1000
	retry.backoff.ms = 100
	sasl.client.callback.handler.class = null
	sasl.jaas.config = null
	sasl.kerberos.kinit.cmd = /usr/bin/kinit
	sasl.kerberos.min.time.before.relogin = 60000
	sasl.kerberos.service.name = null
	sasl.kerberos.ticket.renew.jitter = 0.05
	sasl.kerberos.ticket.renew.window.factor = 0.8
	sasl.login.callback.handler.class = null
	sasl.login.class = null
	sasl.login.connect.timeout.ms = null
	sasl.login.read.timeout.ms = null
	sasl.login.refresh.buffer.seconds = 300
	sasl.login.refresh.min.period.seconds = 60
	sasl.login.refresh.window.factor = 0.8
	sasl.login.refresh.window.jitter = 0.05
	sasl.login.retry.backoff.max.ms = 10000
	sasl.login.retry.backoff.ms = 100
	sasl.mechanism = GSSAPI
	sasl.oauthbearer.clock.skew.seconds = 30
	sasl.oauthbearer.expected.audience = null
	sasl.oauthbearer.expected.issuer = null
	sasl.oauthbearer.header.urlencode = false
	sasl.oauthbearer.jwks.endpoint.refresh.ms = 3600000
	sasl.oauthbearer.jwks.endpoint.retry.backoff.max.ms = 10000
	sasl.oauthbearer.jwks.endpoint.retry.backoff.ms = 100
	sasl.oauthbearer.jwks.endpoint.url = null
	sasl.oauthbearer.scope.claim.name = scope
	sasl.oauthbearer.sub.claim.name = sub
	sasl.oauthbearer.token.endpoint.url = null
	security.protocol = PLAINTEXT
	security.providers = null
	send.buffer.bytes = 131072
	socket.connection.setup.timeout.max.ms = 30000
	socket.connection.setup.timeout.ms = 10000
	ssl.cipher.suites = null
	ssl.enabled.protocols = [TLSv1.2, TLSv1.3]
	ssl.endpoint.identification.algorithm = https
	ssl.engine.factory.class = null
	ssl.key.password = null
	ssl.keymanager.algorithm = SunX509
	ssl.keystore.certificate.chain = null
	ssl.keystore.key = null
	ssl.keystore.location = null
	ssl.keystore.password = null
	ssl.keystore.type = JKS
	ssl.protocol = TLSv1.3
	ssl.provider = null
	ssl.secure.random.implementation = null
	ssl.trustmanager.algorithm = PKIX
	ssl.truststore.certificates = null
	ssl.truststore.location = null
	ssl.truststore.password = null
	ssl.truststore.type = JKS
	transaction.timeout.ms = 60000
	transactional.id = null
	value.serializer = class io.apicurio.registry.serde.protobuf.ProtobufKafkaSerializer

2025-07-31 15:31:40,310 INFO  [org.apa.kaf.com.tel.int.KafkaMetricsCollector] (main) initializing Kafka metrics collector
2025-07-31 15:31:40,313 INFO  [org.apa.kaf.cli.pro.KafkaProducer] (main) [Producer clientId=Producer-s9c1f8000x30a9x418axb110x1cd9f48f5c0f] Instantiated an idempotent producer.
2025-07-31 15:31:40,314 INFO  [org.apa.kaf.cli.pro.ProducerConfig] (main) These configurations '[apicurio.registry.headers.enabled, apicurio.registry.find-latest, apicurio.registry.url, apicurio.registry.artifact-resolver-strategy, apicurio.registry.artifact.version]' were supplied but are not used yet.
2025-07-31 15:31:40,314 INFO  [org.apa.kaf.com.uti.AppInfoParser] (main) Kafka version: 3.9.0
2025-07-31 15:31:40,314 INFO  [org.apa.kaf.com.uti.AppInfoParser] (main) Kafka commitId: 84caaa6e9da06435
2025-07-31 15:31:40,314 INFO  [org.apa.kaf.com.uti.AppInfoParser] (main) Kafka startTimeMs: 1753975900314
2025-07-31 15:31:40,314 INFO  [io.api.tes.ser.api.SimpleSerdesTesterBuilder$SimpleSerdesTester] (main) Using producer configuration: {apicurio.registry.headers.enabled=true, request.timeout.ms=5000, acks=all, bootstrap.servers=PLAINTEXT://localhost:32770, key.serializer=org.apache.kafka.common.serialization.StringSerializer, apicurio.registry.find-latest=false, apicurio.registry.url=http://registry-app-mysql.apps.ci419.apicurio-testing.org:80/apis/registry/v3, apicurio.registry.artifact-resolver-strategy=io.apicurio.registry.serde.strategy.TopicIdStrategy, value.serializer=io.apicurio.registry.serde.protobuf.ProtobufKafkaSerializer, connections.max.idle.ms=10000, apicurio.registry.artifact.version=1, client.id=Producer-s9c1f8000x30a9x418axb110x1cd9f48f5c0f}
2025-07-31 15:31:40,314 INFO  [io.api.tes.ser.api.SimpleSerdesTesterBuilder$SimpleSerdesTester] (main) Using consumer configuration: {apicurio.registry.headers.enabled=true}
2025-07-31 15:31:40,314 INFO  [io.api.tes.ser.api.KafkaSerdesTester] (Thread-311) Sending message header {
  time {
  }
}
d1: 1.753975900314E12
s1: "a"
i1: 123
bi1: 1
point {
  longitude: 22.0
  latitude: 22.0
  altitude: 1.0
}
 to topic s9c1f8000x30a9x418axb110x1cd9f48f5c0f
2025-07-31 15:31:40,317 INFO  [org.apa.kaf.cli.Metadata] (kafka-producer-network-thread | Producer-s9c1f8000x30a9x418axb110x1cd9f48f5c0f) [Producer clientId=Producer-s9c1f8000x30a9x418axb110x1cd9f48f5c0f] Cluster ID: u8-Iy8eKRM2xsCw1W024xw
2025-07-31 15:31:40,318 INFO  [org.apa.kaf.cli.pro.int.TransactionManager] (kafka-producer-network-thread | Producer-s9c1f8000x30a9x418axb110x1cd9f48f5c0f) [Producer clientId=Producer-s9c1f8000x30a9x418axb110x1cd9f48f5c0f] ProducerId set to 34 with epoch 0
2025-07-31 15:31:41,386 INFO  [io.api.tes.ser.api.KafkaSerdesTester] (Thread-311) Sending message header {
  time {
  }
}
d1: 1.753975901386E12
s1: "a"
i1: 123
bi1: 1
point {
  longitude: 22.0
  latitude: 22.0
  altitude: 1.0
}
 to topic s9c1f8000x30a9x418axb110x1cd9f48f5c0f
2025-07-31 15:31:41,389 INFO  [io.api.tes.ser.api.KafkaSerdesTester] (Thread-311) Sending message header {
  time {
  }
}
d1: 1.753975901389E12
s1: "a"
i1: 123
bi1: 1
point {
  longitude: 22.0
  latitude: 22.0
  altitude: 1.0
}
 to topic s9c1f8000x30a9x418axb110x1cd9f48f5c0f
2025-07-31 15:31:41,392 INFO  [io.api.tes.ser.api.KafkaSerdesTester] (Thread-311) Sending message header {
  time {
  }
}
d1: 1.753975901392E12
s1: "a"
i1: 123
bi1: 1
point {
  longitude: 22.0
  latitude: 22.0
  altitude: 1.0
}
 to topic s9c1f8000x30a9x418axb110x1cd9f48f5c0f
2025-07-31 15:31:41,394 INFO  [io.api.tes.ser.api.KafkaSerdesTester] (Thread-311) Sending message header {
  time {
  }
}
d1: 1.753975901394E12
s1: "a"
i1: 123
bi1: 1
point {
  longitude: 22.0
  latitude: 22.0
  altitude: 1.0
}
 to topic s9c1f8000x30a9x418axb110x1cd9f48f5c0f
2025-07-31 15:31:41,395 INFO  [io.api.tes.ser.api.KafkaSerdesTester] (Thread-311) Sending message header {
  time {
  }
}
d1: 1.753975901395E12
s1: "a"
i1: 123
bi1: 1
point {
  longitude: 22.0
  latitude: 22.0
  altitude: 1.0
}
 to topic s9c1f8000x30a9x418axb110x1cd9f48f5c0f
2025-07-31 15:31:41,397 INFO  [io.api.tes.ser.api.KafkaSerdesTester] (Thread-311) Sending message header {
  time {
  }
}
d1: 1.753975901397E12
s1: "a"
i1: 123
bi1: 1
point {
  longitude: 22.0
  latitude: 22.0
  altitude: 1.0
}
 to topic s9c1f8000x30a9x418axb110x1cd9f48f5c0f
2025-07-31 15:31:41,399 INFO  [io.api.tes.ser.api.KafkaSerdesTester] (Thread-311) Sending message header {
  time {
  }
}
d1: 1.753975901399E12
s1: "a"
i1: 123
bi1: 1
point {
  longitude: 22.0
  latitude: 22.0
  altitude: 1.0
}
 to topic s9c1f8000x30a9x418axb110x1cd9f48f5c0f
2025-07-31 15:31:41,402 INFO  [io.api.tes.ser.api.KafkaSerdesTester] (Thread-311) Sending message header {
  time {
  }
}
d1: 1.753975901402E12
s1: "a"
i1: 123
bi1: 1
point {
  longitude: 22.0
  latitude: 22.0
  altitude: 1.0
}
 to topic s9c1f8000x30a9x418axb110x1cd9f48f5c0f
2025-07-31 15:31:41,404 INFO  [io.api.tes.ser.api.KafkaSerdesTester] (Thread-311) Sending message header {
  time {
  }
}
d1: 1.753975901404E12
s1: "a"
i1: 123
bi1: 1
point {
  longitude: 22.0
  latitude: 22.0
  altitude: 1.0
}
 to topic s9c1f8000x30a9x418axb110x1cd9f48f5c0f
2025-07-31 15:31:41,405 INFO  [io.api.tes.ser.api.KafkaSerdesTester] (Thread-311) Produced 10 messages
2025-07-31 15:31:41,406 INFO  [org.apa.kaf.cli.pro.KafkaProducer] (Thread-311) [Producer clientId=Producer-s9c1f8000x30a9x418axb110x1cd9f48f5c0f] Closing the Kafka producer with timeoutMillis = 9223372036854775807 ms.
2025-07-31 15:31:41,407 INFO  [org.apa.kaf.com.met.Metrics] (Thread-311) Metrics scheduler closed
2025-07-31 15:31:41,407 INFO  [org.apa.kaf.com.met.Metrics] (Thread-311) Closing reporter org.apache.kafka.common.metrics.JmxReporter
2025-07-31 15:31:41,408 INFO  [org.apa.kaf.com.met.Metrics] (Thread-311) Closing reporter org.apache.kafka.common.telemetry.internals.ClientTelemetryReporter
2025-07-31 15:31:41,408 INFO  [org.apa.kaf.com.met.Metrics] (Thread-311) Metrics reporters closed
2025-07-31 15:31:41,408 INFO  [org.apa.kaf.com.uti.AppInfoParser] (Thread-311) App info kafka.producer for Producer-s9c1f8000x30a9x418axb110x1cd9f48f5c0f unregistered
2025-07-31 15:31:41,408 INFO  [org.apa.kaf.cli.con.ConsumerConfig] (main) ConsumerConfig values: 
	allow.auto.create.topics = true
	auto.commit.interval.ms = 500
	auto.include.jmx.reporter = true
	auto.offset.reset = earliest
	bootstrap.servers = [PLAINTEXT://localhost:32770]
	check.crcs = true
	client.dns.lookup = use_all_dns_ips
	client.id = consumer-Consumer-s9c1f8000x30a9x418axb110x1cd9f48f5c0f-25
	client.rack = 
	connections.max.idle.ms = 10000
	default.api.timeout.ms = 60000
	enable.auto.commit = true
	enable.metrics.push = true
	exclude.internal.topics = true
	fetch.max.bytes = 52428800
	fetch.max.wait.ms = 500
	fetch.min.bytes = 1
	group.id = Consumer-s9c1f8000x30a9x418axb110x1cd9f48f5c0f
	group.instance.id = null
	group.protocol = classic
	group.remote.assignor = null
	heartbeat.interval.ms = 3000
	interceptor.classes = []
	internal.leave.group.on.close = true
	internal.throw.on.fetch.stable.offset.unsupported = false
	isolation.level = read_uncommitted
	key.deserializer = class org.apache.kafka.common.serialization.StringDeserializer
	max.partition.fetch.bytes = 1048576
	max.poll.interval.ms = 300000
	max.poll.records = 500
	metadata.max.age.ms = 300000
	metadata.recovery.strategy = none
	metric.reporters = []
	metrics.num.samples = 2
	metrics.recording.level = INFO
	metrics.sample.window.ms = 30000
	partition.assignment.strategy = [class org.apache.kafka.clients.consumer.RangeAssignor, class org.apache.kafka.clients.consumer.CooperativeStickyAssignor]
	receive.buffer.bytes = 65536
	reconnect.backoff.max.ms = 1000
	reconnect.backoff.ms = 50
	request.timeout.ms = 5000
	retry.backoff.max.ms = 1000
	retry.backoff.ms = 100
	sasl.client.callback.handler.class = null
	sasl.jaas.config = null
	sasl.kerberos.kinit.cmd = /usr/bin/kinit
	sasl.kerberos.min.time.before.relogin = 60000
	sasl.kerberos.service.name = null
	sasl.kerberos.ticket.renew.jitter = 0.05
	sasl.kerberos.ticket.renew.window.factor = 0.8
	sasl.login.callback.handler.class = null
	sasl.login.class = null
	sasl.login.connect.timeout.ms = null
	sasl.login.read.timeout.ms = null
	sasl.login.refresh.buffer.seconds = 300
	sasl.login.refresh.min.period.seconds = 60
	sasl.login.refresh.window.factor = 0.8
	sasl.login.refresh.window.jitter = 0.05
	sasl.login.retry.backoff.max.ms = 10000
	sasl.login.retry.backoff.ms = 100
	sasl.mechanism = GSSAPI
	sasl.oauthbearer.clock.skew.seconds = 30
	sasl.oauthbearer.expected.audience = null
	sasl.oauthbearer.expected.issuer = null
	sasl.oauthbearer.header.urlencode = false
	sasl.oauthbearer.jwks.endpoint.refresh.ms = 3600000
	sasl.oauthbearer.jwks.endpoint.retry.backoff.max.ms = 10000
	sasl.oauthbearer.jwks.endpoint.retry.backoff.ms = 100
	sasl.oauthbearer.jwks.endpoint.url = null
	sasl.oauthbearer.scope.claim.name = scope
	sasl.oauthbearer.sub.claim.name = sub
	sasl.oauthbearer.token.endpoint.url = null
	security.protocol = PLAINTEXT
	security.providers = null
	send.buffer.bytes = 131072
	session.timeout.ms = 45000
	socket.connection.setup.timeout.max.ms = 30000
	socket.connection.setup.timeout.ms = 10000
	ssl.cipher.suites = null
	ssl.enabled.protocols = [TLSv1.2, TLSv1.3]
	ssl.endpoint.identification.algorithm = https
	ssl.engine.factory.class = null
	ssl.key.password = null
	ssl.keymanager.algorithm = SunX509
	ssl.keystore.certificate.chain = null
	ssl.keystore.key = null
	ssl.keystore.location = null
	ssl.keystore.password = null
	ssl.keystore.type = JKS
	ssl.protocol = TLSv1.3
	ssl.provider = null
	ssl.secure.random.implementation = null
	ssl.trustmanager.algorithm = PKIX
	ssl.truststore.certificates = null
	ssl.truststore.location = null
	ssl.truststore.password = null
	ssl.truststore.type = JKS
	value.deserializer = class io.apicurio.registry.serde.protobuf.ProtobufKafkaDeserializer

2025-07-31 15:31:41,409 INFO  [org.apa.kaf.com.tel.int.KafkaMetricsCollector] (main) initializing Kafka metrics collector
2025-07-31 15:31:41,415 INFO  [org.apa.kaf.cli.con.ConsumerConfig] (main) These configurations '[apicurio.registry.url, apicurio.registry.headers.enabled]' were supplied but are not used yet.
2025-07-31 15:31:41,415 INFO  [org.apa.kaf.com.uti.AppInfoParser] (main) Kafka version: 3.9.0
2025-07-31 15:31:41,415 INFO  [org.apa.kaf.com.uti.AppInfoParser] (main) Kafka commitId: 84caaa6e9da06435
2025-07-31 15:31:41,415 INFO  [org.apa.kaf.com.uti.AppInfoParser] (main) Kafka startTimeMs: 1753975901415
2025-07-31 15:31:41,415 INFO  [org.apa.kaf.cli.con.int.ClassicKafkaConsumer] (Thread-314) [Consumer clientId=consumer-Consumer-s9c1f8000x30a9x418axb110x1cd9f48f5c0f-25, groupId=Consumer-s9c1f8000x30a9x418axb110x1cd9f48f5c0f] Subscribed to topic(s): s9c1f8000x30a9x418axb110x1cd9f48f5c0f
2025-07-31 15:31:41,424 INFO  [org.apa.kaf.cli.Metadata] (Thread-314) [Consumer clientId=consumer-Consumer-s9c1f8000x30a9x418axb110x1cd9f48f5c0f-25, groupId=Consumer-s9c1f8000x30a9x418axb110x1cd9f48f5c0f] Cluster ID: u8-Iy8eKRM2xsCw1W024xw
2025-07-31 15:31:41,425 INFO  [org.apa.kaf.cli.con.int.ConsumerCoordinator] (Thread-314) [Consumer clientId=consumer-Consumer-s9c1f8000x30a9x418axb110x1cd9f48f5c0f-25, groupId=Consumer-s9c1f8000x30a9x418axb110x1cd9f48f5c0f] Discovered group coordinator localhost:32770 (id: 2147483647 rack: null)
2025-07-31 15:31:41,429 INFO  [org.apa.kaf.cli.con.int.ConsumerCoordinator] (Thread-314) [Consumer clientId=consumer-Consumer-s9c1f8000x30a9x418axb110x1cd9f48f5c0f-25, groupId=Consumer-s9c1f8000x30a9x418axb110x1cd9f48f5c0f] (Re-)joining group
2025-07-31 15:31:41,434 INFO  [org.apa.kaf.cli.con.int.ConsumerCoordinator] (Thread-314) [Consumer clientId=consumer-Consumer-s9c1f8000x30a9x418axb110x1cd9f48f5c0f-25, groupId=Consumer-s9c1f8000x30a9x418axb110x1cd9f48f5c0f] Request joining group due to: need to re-join with the given member-id: consumer-Consumer-s9c1f8000x30a9x418axb110x1cd9f48f5c0f-25-2d8ea44b-1cdb-4ddc-b8b7-820fcf8a2acf
2025-07-31 15:31:41,434 INFO  [org.apa.kaf.cli.con.int.ConsumerCoordinator] (Thread-314) [Consumer clientId=consumer-Consumer-s9c1f8000x30a9x418axb110x1cd9f48f5c0f-25, groupId=Consumer-s9c1f8000x30a9x418axb110x1cd9f48f5c0f] (Re-)joining group
2025-07-31 15:31:41,437 INFO  [org.apa.kaf.cli.con.int.ConsumerCoordinator] (Thread-314) [Consumer clientId=consumer-Consumer-s9c1f8000x30a9x418axb110x1cd9f48f5c0f-25, groupId=Consumer-s9c1f8000x30a9x418axb110x1cd9f48f5c0f] Successfully joined group with generation Generation{generationId=1, memberId='consumer-Consumer-s9c1f8000x30a9x418axb110x1cd9f48f5c0f-25-2d8ea44b-1cdb-4ddc-b8b7-820fcf8a2acf', protocol='range'}
2025-07-31 15:31:41,437 INFO  [org.apa.kaf.cli.con.int.ConsumerCoordinator] (Thread-314) [Consumer clientId=consumer-Consumer-s9c1f8000x30a9x418axb110x1cd9f48f5c0f-25, groupId=Consumer-s9c1f8000x30a9x418axb110x1cd9f48f5c0f] Finished assignment for group at generation 1: {consumer-Consumer-s9c1f8000x30a9x418axb110x1cd9f48f5c0f-25-2d8ea44b-1cdb-4ddc-b8b7-820fcf8a2acf=Assignment(partitions=[s9c1f8000x30a9x418axb110x1cd9f48f5c0f-0])}
2025-07-31 15:31:41,439 INFO  [org.apa.kaf.cli.con.int.ConsumerCoordinator] (Thread-314) [Consumer clientId=consumer-Consumer-s9c1f8000x30a9x418axb110x1cd9f48f5c0f-25, groupId=Consumer-s9c1f8000x30a9x418axb110x1cd9f48f5c0f] Successfully synced group in generation Generation{generationId=1, memberId='consumer-Consumer-s9c1f8000x30a9x418axb110x1cd9f48f5c0f-25-2d8ea44b-1cdb-4ddc-b8b7-820fcf8a2acf', protocol='range'}
2025-07-31 15:31:41,440 INFO  [org.apa.kaf.cli.con.int.ConsumerCoordinator] (Thread-314) [Consumer clientId=consumer-Consumer-s9c1f8000x30a9x418axb110x1cd9f48f5c0f-25, groupId=Consumer-s9c1f8000x30a9x418axb110x1cd9f48f5c0f] Notifying assignor about the new Assignment(partitions=[s9c1f8000x30a9x418axb110x1cd9f48f5c0f-0])
2025-07-31 15:31:41,440 INFO  [org.apa.kaf.cli.con.int.ConsumerRebalanceListenerInvoker] (Thread-314) [Consumer clientId=consumer-Consumer-s9c1f8000x30a9x418axb110x1cd9f48f5c0f-25, groupId=Consumer-s9c1f8000x30a9x418axb110x1cd9f48f5c0f] Adding newly assigned partitions: s9c1f8000x30a9x418axb110x1cd9f48f5c0f-0
2025-07-31 15:31:41,441 INFO  [org.apa.kaf.cli.con.int.ConsumerCoordinator] (Thread-314) [Consumer clientId=consumer-Consumer-s9c1f8000x30a9x418axb110x1cd9f48f5c0f-25, groupId=Consumer-s9c1f8000x30a9x418axb110x1cd9f48f5c0f] Found no committed offset for partition s9c1f8000x30a9x418axb110x1cd9f48f5c0f-0
2025-07-31 15:31:41,444 INFO  [org.apa.kaf.cli.con.int.SubscriptionState] (Thread-314) [Consumer clientId=consumer-Consumer-s9c1f8000x30a9x418axb110x1cd9f48f5c0f-25, groupId=Consumer-s9c1f8000x30a9x418axb110x1cd9f48f5c0f] Resetting offset for partition s9c1f8000x30a9x418axb110x1cd9f48f5c0f-0 to position FetchPosition{offset=0, offsetEpoch=Optional.empty, currentLeader=LeaderAndEpoch{leader=Optional[localhost:32770 (id: 0 rack: null)], epoch=0}}.
2025-07-31 15:31:41,588 INFO  [io.api.tes.ser.api.KafkaSerdesTester] (Thread-314) s9c1f8000x30a9x418axb110x1cd9f48f5c0f 0 0 header {
  time {
  }
}
d1: 1.753975900314E12
s1: "a"
i1: 123
bi1: 1
point {
  longitude: 22.0
  latitude: 22.0
  altitude: 1.0
}

2025-07-31 15:31:41,588 INFO  [io.api.tes.ser.api.KafkaSerdesTester] (Thread-314) s9c1f8000x30a9x418axb110x1cd9f48f5c0f 0 1 header {
  time {
  }
}
d1: 1.753975901386E12
s1: "a"
i1: 123
bi1: 1
point {
  longitude: 22.0
  latitude: 22.0
  altitude: 1.0
}

2025-07-31 15:31:41,588 INFO  [io.api.tes.ser.api.KafkaSerdesTester] (Thread-314) s9c1f8000x30a9x418axb110x1cd9f48f5c0f 0 2 header {
  time {
  }
}
d1: 1.753975901389E12
s1: "a"
i1: 123
bi1: 1
point {
  longitude: 22.0
  latitude: 22.0
  altitude: 1.0
}

2025-07-31 15:31:41,590 INFO  [io.api.tes.ser.api.KafkaSerdesTester] (Thread-314) s9c1f8000x30a9x418axb110x1cd9f48f5c0f 0 3 header {
  time {
  }
}
d1: 1.753975901392E12
s1: "a"
i1: 123
bi1: 1
point {
  longitude: 22.0
  latitude: 22.0
  altitude: 1.0
}

2025-07-31 15:31:41,590 INFO  [io.api.tes.ser.api.KafkaSerdesTester] (Thread-314) s9c1f8000x30a9x418axb110x1cd9f48f5c0f 0 4 header {
  time {
  }
}
d1: 1.753975901394E12
s1: "a"
i1: 123
bi1: 1
point {
  longitude: 22.0
  latitude: 22.0
  altitude: 1.0
}

2025-07-31 15:31:41,590 INFO  [io.api.tes.ser.api.KafkaSerdesTester] (Thread-314) s9c1f8000x30a9x418axb110x1cd9f48f5c0f 0 5 header {
  time {
  }
}
d1: 1.753975901395E12
s1: "a"
i1: 123
bi1: 1
point {
  longitude: 22.0
  latitude: 22.0
  altitude: 1.0
}

2025-07-31 15:31:41,591 INFO  [io.api.tes.ser.api.KafkaSerdesTester] (Thread-314) s9c1f8000x30a9x418axb110x1cd9f48f5c0f 0 6 header {
  time {
  }
}
d1: 1.753975901397E12
s1: "a"
i1: 123
bi1: 1
point {
  longitude: 22.0
  latitude: 22.0
  altitude: 1.0
}

2025-07-31 15:31:41,591 INFO  [io.api.tes.ser.api.KafkaSerdesTester] (Thread-314) s9c1f8000x30a9x418axb110x1cd9f48f5c0f 0 7 header {
  time {
  }
}
d1: 1.753975901399E12
s1: "a"
i1: 123
bi1: 1
point {
  longitude: 22.0
  latitude: 22.0
  altitude: 1.0
}

2025-07-31 15:31:41,591 INFO  [io.api.tes.ser.api.KafkaSerdesTester] (Thread-314) s9c1f8000x30a9x418axb110x1cd9f48f5c0f 0 8 header {
  time {
  }
}
d1: 1.753975901402E12
s1: "a"
i1: 123
bi1: 1
point {
  longitude: 22.0
  latitude: 22.0
  altitude: 1.0
}

2025-07-31 15:31:41,591 INFO  [io.api.tes.ser.api.KafkaSerdesTester] (Thread-314) s9c1f8000x30a9x418axb110x1cd9f48f5c0f 0 9 header {
  time {
  }
}
d1: 1.753975901404E12
s1: "a"
i1: 123
bi1: 1
point {
  longitude: 22.0
  latitude: 22.0
  altitude: 1.0
}

2025-07-31 15:31:41,591 INFO  [io.api.tes.ser.api.KafkaSerdesTester] (Thread-314) Consumed 10 messages
2025-07-31 15:31:41,594 INFO  [org.apa.kaf.cli.con.int.ConsumerRebalanceListenerInvoker] (Thread-314) [Consumer clientId=consumer-Consumer-s9c1f8000x30a9x418axb110x1cd9f48f5c0f-25, groupId=Consumer-s9c1f8000x30a9x418axb110x1cd9f48f5c0f] Revoke previously assigned partitions s9c1f8000x30a9x418axb110x1cd9f48f5c0f-0
2025-07-31 15:31:41,594 INFO  [org.apa.kaf.cli.con.int.ConsumerCoordinator] (Thread-314) [Consumer clientId=consumer-Consumer-s9c1f8000x30a9x418axb110x1cd9f48f5c0f-25, groupId=Consumer-s9c1f8000x30a9x418axb110x1cd9f48f5c0f] Member consumer-Consumer-s9c1f8000x30a9x418axb110x1cd9f48f5c0f-25-2d8ea44b-1cdb-4ddc-b8b7-820fcf8a2acf sending LeaveGroup request to coordinator localhost:32770 (id: 2147483647 rack: null) due to the consumer is being closed
2025-07-31 15:31:41,595 INFO  [org.apa.kaf.cli.con.int.ConsumerCoordinator] (Thread-314) [Consumer clientId=consumer-Consumer-s9c1f8000x30a9x418axb110x1cd9f48f5c0f-25, groupId=Consumer-s9c1f8000x30a9x418axb110x1cd9f48f5c0f] Resetting generation and member id due to: consumer pro-actively leaving the group
2025-07-31 15:31:41,595 INFO  [org.apa.kaf.cli.con.int.ConsumerCoordinator] (Thread-314) [Consumer clientId=consumer-Consumer-s9c1f8000x30a9x418axb110x1cd9f48f5c0f-25, groupId=Consumer-s9c1f8000x30a9x418axb110x1cd9f48f5c0f] Request joining group due to: consumer pro-actively leaving the group
2025-07-31 15:31:42,090 INFO  [org.apa.kaf.com.met.Metrics] (Thread-314) Metrics scheduler closed
2025-07-31 15:31:42,090 INFO  [org.apa.kaf.com.met.Metrics] (Thread-314) Closing reporter org.apache.kafka.common.metrics.JmxReporter
2025-07-31 15:31:42,090 INFO  [org.apa.kaf.com.met.Metrics] (Thread-314) Closing reporter org.apache.kafka.common.telemetry.internals.ClientTelemetryReporter
2025-07-31 15:31:42,090 INFO  [org.apa.kaf.com.met.Metrics] (Thread-314) Metrics reporters closed
2025-07-31 15:31:42,091 INFO  [org.apa.kaf.com.uti.AppInfoParser] (Thread-314) App info kafka.consumer for consumer-Consumer-s9c1f8000x30a9x418axb110x1cd9f48f5c0f-25 unregistered
2025-07-31 15:31:42,092 INFO  [org.apa.kaf.cli.pro.ProducerConfig] (main) ProducerConfig values: 
	acks = -1
	auto.include.jmx.reporter = true
	batch.size = 16384
	bootstrap.servers = [PLAINTEXT://localhost:32770]
	buffer.memory = 33554432
	client.dns.lookup = use_all_dns_ips
	client.id = Producer-s9c1f8000x30a9x418axb110x1cd9f48f5c0f
	compression.gzip.level = -1
	compression.lz4.level = 9
	compression.type = none
	compression.zstd.level = 3
	connections.max.idle.ms = 10000
	delivery.timeout.ms = 120000
	enable.idempotence = true
	enable.metrics.push = true
	interceptor.classes = []
	key.serializer = class org.apache.kafka.common.serialization.StringSerializer
	linger.ms = 0
	max.block.ms = 60000
	max.in.flight.requests.per.connection = 5
	max.request.size = 1048576
	metadata.max.age.ms = 300000
	metadata.max.idle.ms = 300000
	metadata.recovery.strategy = none
	metric.reporters = []
	metrics.num.samples = 2
	metrics.recording.level = INFO
	metrics.sample.window.ms = 30000
	partitioner.adaptive.partitioning.enable = true
	partitioner.availability.timeout.ms = 0
	partitioner.class = null
	partitioner.ignore.keys = false
	receive.buffer.bytes = 32768
	reconnect.backoff.max.ms = 1000
	reconnect.backoff.ms = 50
	request.timeout.ms = 5000
	retries = 2147483647
	retry.backoff.max.ms = 1000
	retry.backoff.ms = 100
	sasl.client.callback.handler.class = null
	sasl.jaas.config = null
	sasl.kerberos.kinit.cmd = /usr/bin/kinit
	sasl.kerberos.min.time.before.relogin = 60000
	sasl.kerberos.service.name = null
	sasl.kerberos.ticket.renew.jitter = 0.05
	sasl.kerberos.ticket.renew.window.factor = 0.8
	sasl.login.callback.handler.class = null
	sasl.login.class = null
	sasl.login.connect.timeout.ms = null
	sasl.login.read.timeout.ms = null
	sasl.login.refresh.buffer.seconds = 300
	sasl.login.refresh.min.period.seconds = 60
	sasl.login.refresh.window.factor = 0.8
	sasl.login.refresh.window.jitter = 0.05
	sasl.login.retry.backoff.max.ms = 10000
	sasl.login.retry.backoff.ms = 100
	sasl.mechanism = GSSAPI
	sasl.oauthbearer.clock.skew.seconds = 30
	sasl.oauthbearer.expected.audience = null
	sasl.oauthbearer.expected.issuer = null
	sasl.oauthbearer.header.urlencode = false
	sasl.oauthbearer.jwks.endpoint.refresh.ms = 3600000
	sasl.oauthbearer.jwks.endpoint.retry.backoff.max.ms = 10000
	sasl.oauthbearer.jwks.endpoint.retry.backoff.ms = 100
	sasl.oauthbearer.jwks.endpoint.url = null
	sasl.oauthbearer.scope.claim.name = scope
	sasl.oauthbearer.sub.claim.name = sub
	sasl.oauthbearer.token.endpoint.url = null
	security.protocol = PLAINTEXT
	security.providers = null
	send.buffer.bytes = 131072
	socket.connection.setup.timeout.max.ms = 30000
	socket.connection.setup.timeout.ms = 10000
	ssl.cipher.suites = null
	ssl.enabled.protocols = [TLSv1.2, TLSv1.3]
	ssl.endpoint.identification.algorithm = https
	ssl.engine.factory.class = null
	ssl.key.password = null
	ssl.keymanager.algorithm = SunX509
	ssl.keystore.certificate.chain = null
	ssl.keystore.key = null
	ssl.keystore.location = null
	ssl.keystore.password = null
	ssl.keystore.type = JKS
	ssl.protocol = TLSv1.3
	ssl.provider = null
	ssl.secure.random.implementation = null
	ssl.trustmanager.algorithm = PKIX
	ssl.truststore.certificates = null
	ssl.truststore.location = null
	ssl.truststore.password = null
	ssl.truststore.type = JKS
	transaction.timeout.ms = 60000
	transactional.id = null
	value.serializer = class io.apicurio.registry.serde.protobuf.ProtobufKafkaSerializer

2025-07-31 15:31:42,092 INFO  [org.apa.kaf.com.tel.int.KafkaMetricsCollector] (main) initializing Kafka metrics collector
2025-07-31 15:31:42,096 INFO  [org.apa.kaf.cli.pro.KafkaProducer] (main) [Producer clientId=Producer-s9c1f8000x30a9x418axb110x1cd9f48f5c0f] Instantiated an idempotent producer.
2025-07-31 15:31:42,097 INFO  [org.apa.kaf.cli.pro.ProducerConfig] (main) These configurations '[apicurio.registry.find-latest, apicurio.registry.url, apicurio.registry.headers.enabled, apicurio.registry.artifact-resolver-strategy]' were supplied but are not used yet.
2025-07-31 15:31:42,097 INFO  [org.apa.kaf.com.uti.AppInfoParser] (main) Kafka version: 3.9.0
2025-07-31 15:31:42,097 INFO  [org.apa.kaf.com.uti.AppInfoParser] (main) Kafka commitId: 84caaa6e9da06435
2025-07-31 15:31:42,097 INFO  [org.apa.kaf.com.uti.AppInfoParser] (main) Kafka startTimeMs: 1753975902097
2025-07-31 15:31:42,097 INFO  [io.api.tes.ser.api.SimpleSerdesTesterBuilder$SimpleSerdesTester] (main) Using producer configuration: {apicurio.registry.find-latest=false, apicurio.registry.url=http://registry-app-mysql.apps.ci419.apicurio-testing.org:80/apis/registry/v3, apicurio.registry.headers.enabled=true, apicurio.registry.artifact-resolver-strategy=io.apicurio.registry.serde.strategy.TopicIdStrategy, value.serializer=io.apicurio.registry.serde.protobuf.ProtobufKafkaSerializer, request.timeout.ms=5000, acks=all, bootstrap.servers=PLAINTEXT://localhost:32770, connections.max.idle.ms=10000, key.serializer=org.apache.kafka.common.serialization.StringSerializer, client.id=Producer-s9c1f8000x30a9x418axb110x1cd9f48f5c0f}
2025-07-31 15:31:42,097 INFO  [io.api.tes.ser.api.SimpleSerdesTesterBuilder$SimpleSerdesTester] (main) Using consumer configuration: {apicurio.registry.headers.enabled=true}
2025-07-31 15:31:42,098 INFO  [io.api.tes.ser.api.KafkaSerdesTester] (Thread-317) Sending message header {
  time {
  }
}
d1: 1.753975902097E12
s1: "a"
i1: 123
bi1: 1
point {
  longitude: 22.0
  latitude: 22.0
  altitude: 1.0
}
 to topic s9c1f8000x30a9x418axb110x1cd9f48f5c0f
2025-07-31 15:31:42,100 INFO  [org.apa.kaf.cli.Metadata] (kafka-producer-network-thread | Producer-s9c1f8000x30a9x418axb110x1cd9f48f5c0f) [Producer clientId=Producer-s9c1f8000x30a9x418axb110x1cd9f48f5c0f] Cluster ID: u8-Iy8eKRM2xsCw1W024xw
2025-07-31 15:31:42,100 INFO  [org.apa.kaf.cli.pro.int.TransactionManager] (kafka-producer-network-thread | Producer-s9c1f8000x30a9x418axb110x1cd9f48f5c0f) [Producer clientId=Producer-s9c1f8000x30a9x418axb110x1cd9f48f5c0f] ProducerId set to 35 with epoch 0
2025-07-31 15:31:42,100 INFO  [DefaultSchemaResolver] (Thread-317) Retrieving schema content using string: // Proto schema formatted by Wire, do not edit.
// Source: 

syntax = "proto3";

package io.apicurio.tests.protobuf;

import "google/protobuf/timestamp.proto";

option java_multiple_files = true;

message ProtobufTestMessage {
  .io.apicurio.tests.protobuf.Header header = 1;

  double d1 = 2;

  string s1 = 4;

  int32 i1 = 7;

  int64 bi1 = 12;

  .google.protobuf.Timestamp state_time = 22;

  .io.apicurio.tests.protobuf.Point point = 30;
}

message Header {
  .google.protobuf.Timestamp time = 1;

  string source = 2;

  string destination = 3;

  string uuid = 4;

  repeated string source_uuids = 5;

  string message_type_id = 6;

  string raw_message = 7;
}

message Point {
  oneof longitude_oneof {
    double longitude = 1;
  }

  oneof latitude_oneof {
    double latitude = 2;
  }

  oneof altitude_oneof {
    double altitude = 3;
  }
}

2025-07-31 15:31:42,156 INFO  [io.api.tes.ser.api.KafkaSerdesTester] (Thread-317) Sending message header {
  time {
  }
}
d1: 1.753975902156E12
s1: "a"
i1: 123
bi1: 1
point {
  longitude: 22.0
  latitude: 22.0
  altitude: 1.0
}
 to topic s9c1f8000x30a9x418axb110x1cd9f48f5c0f
2025-07-31 15:31:42,158 INFO  [io.api.tes.ser.api.KafkaSerdesTester] (Thread-317) Sending message header {
  time {
  }
}
d1: 1.753975902157E12
s1: "a"
i1: 123
bi1: 1
point {
  longitude: 22.0
  latitude: 22.0
  altitude: 1.0
}
 to topic s9c1f8000x30a9x418axb110x1cd9f48f5c0f
2025-07-31 15:31:42,160 INFO  [io.api.tes.ser.api.KafkaSerdesTester] (Thread-317) Sending message header {
  time {
  }
}
d1: 1.75397590216E12
s1: "a"
i1: 123
bi1: 1
point {
  longitude: 22.0
  latitude: 22.0
  altitude: 1.0
}
 to topic s9c1f8000x30a9x418axb110x1cd9f48f5c0f
2025-07-31 15:31:42,163 INFO  [io.api.tes.ser.api.KafkaSerdesTester] (Thread-317) Sending message header {
  time {
  }
}
d1: 1.753975902163E12
s1: "a"
i1: 123
bi1: 1
point {
  longitude: 22.0
  latitude: 22.0
  altitude: 1.0
}
 to topic s9c1f8000x30a9x418axb110x1cd9f48f5c0f
2025-07-31 15:31:42,165 INFO  [io.api.tes.ser.api.KafkaSerdesTester] (Thread-317) Sending message header {
  time {
  }
}
d1: 1.753975902165E12
s1: "a"
i1: 123
bi1: 1
point {
  longitude: 22.0
  latitude: 22.0
  altitude: 1.0
}
 to topic s9c1f8000x30a9x418axb110x1cd9f48f5c0f
2025-07-31 15:31:42,167 INFO  [io.api.tes.ser.api.KafkaSerdesTester] (Thread-317) Sending message header {
  time {
  }
}
d1: 1.753975902167E12
s1: "a"
i1: 123
bi1: 1
point {
  longitude: 22.0
  latitude: 22.0
  altitude: 1.0
}
 to topic s9c1f8000x30a9x418axb110x1cd9f48f5c0f
2025-07-31 15:31:42,169 INFO  [io.api.tes.ser.api.KafkaSerdesTester] (Thread-317) Sending message header {
  time {
  }
}
d1: 1.753975902169E12
s1: "a"
i1: 123
bi1: 1
point {
  longitude: 22.0
  latitude: 22.0
  altitude: 1.0
}
 to topic s9c1f8000x30a9x418axb110x1cd9f48f5c0f
2025-07-31 15:31:42,171 INFO  [io.api.tes.ser.api.KafkaSerdesTester] (Thread-317) Sending message header {
  time {
  }
}
d1: 1.75397590217E12
s1: "a"
i1: 123
bi1: 1
point {
  longitude: 22.0
  latitude: 22.0
  altitude: 1.0
}
 to topic s9c1f8000x30a9x418axb110x1cd9f48f5c0f
2025-07-31 15:31:42,176 INFO  [io.api.tes.ser.api.KafkaSerdesTester] (Thread-317) Sending message header {
  time {
  }
}
d1: 1.753975902176E12
s1: "a"
i1: 123
bi1: 1
point {
  longitude: 22.0
  latitude: 22.0
  altitude: 1.0
}
 to topic s9c1f8000x30a9x418axb110x1cd9f48f5c0f
2025-07-31 15:31:42,180 INFO  [io.api.tes.ser.api.KafkaSerdesTester] (Thread-317) Produced 10 messages
2025-07-31 15:31:42,180 INFO  [org.apa.kaf.cli.pro.KafkaProducer] (Thread-317) [Producer clientId=Producer-s9c1f8000x30a9x418axb110x1cd9f48f5c0f] Closing the Kafka producer with timeoutMillis = 9223372036854775807 ms.
2025-07-31 15:31:42,182 INFO  [org.apa.kaf.com.met.Metrics] (Thread-317) Metrics scheduler closed
2025-07-31 15:31:42,182 INFO  [org.apa.kaf.com.met.Metrics] (Thread-317) Closing reporter org.apache.kafka.common.metrics.JmxReporter
2025-07-31 15:31:42,182 INFO  [org.apa.kaf.com.met.Metrics] (Thread-317) Closing reporter org.apache.kafka.common.telemetry.internals.ClientTelemetryReporter
2025-07-31 15:31:42,182 INFO  [org.apa.kaf.com.met.Metrics] (Thread-317) Metrics reporters closed
2025-07-31 15:31:42,183 INFO  [org.apa.kaf.com.uti.AppInfoParser] (Thread-317) App info kafka.producer for Producer-s9c1f8000x30a9x418axb110x1cd9f48f5c0f unregistered
2025-07-31 15:31:42,183 INFO  [org.apa.kaf.cli.con.ConsumerConfig] (main) ConsumerConfig values: 
	allow.auto.create.topics = true
	auto.commit.interval.ms = 500
	auto.include.jmx.reporter = true
	auto.offset.reset = earliest
	bootstrap.servers = [PLAINTEXT://localhost:32770]
	check.crcs = true
	client.dns.lookup = use_all_dns_ips
	client.id = consumer-Consumer-s9c1f8000x30a9x418axb110x1cd9f48f5c0f-26
	client.rack = 
	connections.max.idle.ms = 10000
	default.api.timeout.ms = 60000
	enable.auto.commit = true
	enable.metrics.push = true
	exclude.internal.topics = true
	fetch.max.bytes = 52428800
	fetch.max.wait.ms = 500
	fetch.min.bytes = 1
	group.id = Consumer-s9c1f8000x30a9x418axb110x1cd9f48f5c0f
	group.instance.id = null
	group.protocol = classic
	group.remote.assignor = null
	heartbeat.interval.ms = 3000
	interceptor.classes = []
	internal.leave.group.on.close = true
	internal.throw.on.fetch.stable.offset.unsupported = false
	isolation.level = read_uncommitted
	key.deserializer = class org.apache.kafka.common.serialization.StringDeserializer
	max.partition.fetch.bytes = 1048576
	max.poll.interval.ms = 300000
	max.poll.records = 500
	metadata.max.age.ms = 300000
	metadata.recovery.strategy = none
	metric.reporters = []
	metrics.num.samples = 2
	metrics.recording.level = INFO
	metrics.sample.window.ms = 30000
	partition.assignment.strategy = [class org.apache.kafka.clients.consumer.RangeAssignor, class org.apache.kafka.clients.consumer.CooperativeStickyAssignor]
	receive.buffer.bytes = 65536
	reconnect.backoff.max.ms = 1000
	reconnect.backoff.ms = 50
	request.timeout.ms = 5000
	retry.backoff.max.ms = 1000
	retry.backoff.ms = 100
	sasl.client.callback.handler.class = null
	sasl.jaas.config = null
	sasl.kerberos.kinit.cmd = /usr/bin/kinit
	sasl.kerberos.min.time.before.relogin = 60000
	sasl.kerberos.service.name = null
	sasl.kerberos.ticket.renew.jitter = 0.05
	sasl.kerberos.ticket.renew.window.factor = 0.8
	sasl.login.callback.handler.class = null
	sasl.login.class = null
	sasl.login.connect.timeout.ms = null
	sasl.login.read.timeout.ms = null
	sasl.login.refresh.buffer.seconds = 300
	sasl.login.refresh.min.period.seconds = 60
	sasl.login.refresh.window.factor = 0.8
	sasl.login.refresh.window.jitter = 0.05
	sasl.login.retry.backoff.max.ms = 10000
	sasl.login.retry.backoff.ms = 100
	sasl.mechanism = GSSAPI
	sasl.oauthbearer.clock.skew.seconds = 30
	sasl.oauthbearer.expected.audience = null
	sasl.oauthbearer.expected.issuer = null
	sasl.oauthbearer.header.urlencode = false
	sasl.oauthbearer.jwks.endpoint.refresh.ms = 3600000
	sasl.oauthbearer.jwks.endpoint.retry.backoff.max.ms = 10000
	sasl.oauthbearer.jwks.endpoint.retry.backoff.ms = 100
	sasl.oauthbearer.jwks.endpoint.url = null
	sasl.oauthbearer.scope.claim.name = scope
	sasl.oauthbearer.sub.claim.name = sub
	sasl.oauthbearer.token.endpoint.url = null
	security.protocol = PLAINTEXT
	security.providers = null
	send.buffer.bytes = 131072
	session.timeout.ms = 45000
	socket.connection.setup.timeout.max.ms = 30000
	socket.connection.setup.timeout.ms = 10000
	ssl.cipher.suites = null
	ssl.enabled.protocols = [TLSv1.2, TLSv1.3]
	ssl.endpoint.identification.algorithm = https
	ssl.engine.factory.class = null
	ssl.key.password = null
	ssl.keymanager.algorithm = SunX509
	ssl.keystore.certificate.chain = null
	ssl.keystore.key = null
	ssl.keystore.location = null
	ssl.keystore.password = null
	ssl.keystore.type = JKS
	ssl.protocol = TLSv1.3
	ssl.provider = null
	ssl.secure.random.implementation = null
	ssl.trustmanager.algorithm = PKIX
	ssl.truststore.certificates = null
	ssl.truststore.location = null
	ssl.truststore.password = null
	ssl.truststore.type = JKS
	value.deserializer = class io.apicurio.registry.serde.protobuf.ProtobufKafkaDeserializer

2025-07-31 15:31:42,183 INFO  [org.apa.kaf.com.tel.int.KafkaMetricsCollector] (main) initializing Kafka metrics collector
2025-07-31 15:31:42,202 INFO  [org.apa.kaf.cli.con.ConsumerConfig] (main) These configurations '[apicurio.registry.url, apicurio.registry.headers.enabled]' were supplied but are not used yet.
2025-07-31 15:31:42,202 INFO  [org.apa.kaf.com.uti.AppInfoParser] (main) Kafka version: 3.9.0
2025-07-31 15:31:42,202 INFO  [org.apa.kaf.com.uti.AppInfoParser] (main) Kafka commitId: 84caaa6e9da06435
2025-07-31 15:31:42,202 INFO  [org.apa.kaf.com.uti.AppInfoParser] (main) Kafka startTimeMs: 1753975902202
2025-07-31 15:31:42,203 INFO  [org.apa.kaf.cli.con.int.ClassicKafkaConsumer] (Thread-320) [Consumer clientId=consumer-Consumer-s9c1f8000x30a9x418axb110x1cd9f48f5c0f-26, groupId=Consumer-s9c1f8000x30a9x418axb110x1cd9f48f5c0f] Subscribed to topic(s): s9c1f8000x30a9x418axb110x1cd9f48f5c0f
2025-07-31 15:31:42,206 INFO  [org.apa.kaf.cli.Metadata] (Thread-320) [Consumer clientId=consumer-Consumer-s9c1f8000x30a9x418axb110x1cd9f48f5c0f-26, groupId=Consumer-s9c1f8000x30a9x418axb110x1cd9f48f5c0f] Cluster ID: u8-Iy8eKRM2xsCw1W024xw
2025-07-31 15:31:42,207 INFO  [org.apa.kaf.cli.con.int.ConsumerCoordinator] (Thread-320) [Consumer clientId=consumer-Consumer-s9c1f8000x30a9x418axb110x1cd9f48f5c0f-26, groupId=Consumer-s9c1f8000x30a9x418axb110x1cd9f48f5c0f] Discovered group coordinator localhost:32770 (id: 2147483647 rack: null)
2025-07-31 15:31:42,208 INFO  [org.apa.kaf.cli.con.int.ConsumerCoordinator] (Thread-320) [Consumer clientId=consumer-Consumer-s9c1f8000x30a9x418axb110x1cd9f48f5c0f-26, groupId=Consumer-s9c1f8000x30a9x418axb110x1cd9f48f5c0f] (Re-)joining group
2025-07-31 15:31:42,210 INFO  [org.apa.kaf.cli.con.int.ConsumerCoordinator] (Thread-320) [Consumer clientId=consumer-Consumer-s9c1f8000x30a9x418axb110x1cd9f48f5c0f-26, groupId=Consumer-s9c1f8000x30a9x418axb110x1cd9f48f5c0f] Request joining group due to: need to re-join with the given member-id: consumer-Consumer-s9c1f8000x30a9x418axb110x1cd9f48f5c0f-26-759a77fd-eeb4-4799-bc4d-a9380d939c26
2025-07-31 15:31:42,210 INFO  [org.apa.kaf.cli.con.int.ConsumerCoordinator] (Thread-320) [Consumer clientId=consumer-Consumer-s9c1f8000x30a9x418axb110x1cd9f48f5c0f-26, groupId=Consumer-s9c1f8000x30a9x418axb110x1cd9f48f5c0f] (Re-)joining group
2025-07-31 15:31:42,218 INFO  [org.apa.kaf.cli.con.int.ConsumerCoordinator] (Thread-320) [Consumer clientId=consumer-Consumer-s9c1f8000x30a9x418axb110x1cd9f48f5c0f-26, groupId=Consumer-s9c1f8000x30a9x418axb110x1cd9f48f5c0f] Successfully joined group with generation Generation{generationId=3, memberId='consumer-Consumer-s9c1f8000x30a9x418axb110x1cd9f48f5c0f-26-759a77fd-eeb4-4799-bc4d-a9380d939c26', protocol='range'}
2025-07-31 15:31:42,218 INFO  [org.apa.kaf.cli.con.int.ConsumerCoordinator] (Thread-320) [Consumer clientId=consumer-Consumer-s9c1f8000x30a9x418axb110x1cd9f48f5c0f-26, groupId=Consumer-s9c1f8000x30a9x418axb110x1cd9f48f5c0f] Finished assignment for group at generation 3: {consumer-Consumer-s9c1f8000x30a9x418axb110x1cd9f48f5c0f-26-759a77fd-eeb4-4799-bc4d-a9380d939c26=Assignment(partitions=[s9c1f8000x30a9x418axb110x1cd9f48f5c0f-0])}
2025-07-31 15:31:42,220 INFO  [org.apa.kaf.cli.con.int.ConsumerCoordinator] (kafka-coordinator-heartbeat-thread | Consumer-s9c1f8000x30a9x418axb110x1cd9f48f5c0f) [Consumer clientId=consumer-Consumer-s9c1f8000x30a9x418axb110x1cd9f48f5c0f-26, groupId=Consumer-s9c1f8000x30a9x418axb110x1cd9f48f5c0f] Successfully synced group in generation Generation{generationId=3, memberId='consumer-Consumer-s9c1f8000x30a9x418axb110x1cd9f48f5c0f-26-759a77fd-eeb4-4799-bc4d-a9380d939c26', protocol='range'}
2025-07-31 15:31:42,220 INFO  [org.apa.kaf.cli.con.int.ConsumerCoordinator] (Thread-320) [Consumer clientId=consumer-Consumer-s9c1f8000x30a9x418axb110x1cd9f48f5c0f-26, groupId=Consumer-s9c1f8000x30a9x418axb110x1cd9f48f5c0f] Notifying assignor about the new Assignment(partitions=[s9c1f8000x30a9x418axb110x1cd9f48f5c0f-0])
2025-07-31 15:31:42,221 INFO  [org.apa.kaf.cli.con.int.ConsumerRebalanceListenerInvoker] (Thread-320) [Consumer clientId=consumer-Consumer-s9c1f8000x30a9x418axb110x1cd9f48f5c0f-26, groupId=Consumer-s9c1f8000x30a9x418axb110x1cd9f48f5c0f] Adding newly assigned partitions: s9c1f8000x30a9x418axb110x1cd9f48f5c0f-0
2025-07-31 15:31:42,221 INFO  [org.apa.kaf.cli.con.int.ConsumerUtils] (Thread-320) Setting offset for partition s9c1f8000x30a9x418axb110x1cd9f48f5c0f-0 to the committed offset FetchPosition{offset=10, offsetEpoch=Optional[0], currentLeader=LeaderAndEpoch{leader=Optional[localhost:32770 (id: 0 rack: null)], epoch=0}}
2025-07-31 15:31:42,332 INFO  [io.api.tes.ser.api.KafkaSerdesTester] (Thread-320) s9c1f8000x30a9x418axb110x1cd9f48f5c0f 0 10 header {
  time {
  }
}
d1: 1.753975902097E12
s1: "a"
i1: 123
bi1: 1
point {
  longitude: 22.0
  latitude: 22.0
  altitude: 1.0
}

2025-07-31 15:31:42,333 INFO  [io.api.tes.ser.api.KafkaSerdesTester] (Thread-320) s9c1f8000x30a9x418axb110x1cd9f48f5c0f 0 11 header {
  time {
  }
}
d1: 1.753975902156E12
s1: "a"
i1: 123
bi1: 1
point {
  longitude: 22.0
  latitude: 22.0
  altitude: 1.0
}

2025-07-31 15:31:42,333 INFO  [io.api.tes.ser.api.KafkaSerdesTester] (Thread-320) s9c1f8000x30a9x418axb110x1cd9f48f5c0f 0 12 header {
  time {
  }
}
d1: 1.753975902157E12
s1: "a"
i1: 123
bi1: 1
point {
  longitude: 22.0
  latitude: 22.0
  altitude: 1.0
}

2025-07-31 15:31:42,333 INFO  [io.api.tes.ser.api.KafkaSerdesTester] (Thread-320) s9c1f8000x30a9x418axb110x1cd9f48f5c0f 0 13 header {
  time {
  }
}
d1: 1.75397590216E12
s1: "a"
i1: 123
bi1: 1
point {
  longitude: 22.0
  latitude: 22.0
  altitude: 1.0
}

2025-07-31 15:31:42,333 INFO  [io.api.tes.ser.api.KafkaSerdesTester] (Thread-320) s9c1f8000x30a9x418axb110x1cd9f48f5c0f 0 14 header {
  time {
  }
}
d1: 1.753975902163E12
s1: "a"
i1: 123
bi1: 1
point {
  longitude: 22.0
  latitude: 22.0
  altitude: 1.0
}

2025-07-31 15:31:42,333 INFO  [io.api.tes.ser.api.KafkaSerdesTester] (Thread-320) s9c1f8000x30a9x418axb110x1cd9f48f5c0f 0 15 header {
  time {
  }
}
d1: 1.753975902165E12
s1: "a"
i1: 123
bi1: 1
point {
  longitude: 22.0
  latitude: 22.0
  altitude: 1.0
}

2025-07-31 15:31:42,333 INFO  [io.api.tes.ser.api.KafkaSerdesTester] (Thread-320) s9c1f8000x30a9x418axb110x1cd9f48f5c0f 0 16 header {
  time {
  }
}
d1: 1.753975902167E12
s1: "a"
i1: 123
bi1: 1
point {
  longitude: 22.0
  latitude: 22.0
  altitude: 1.0
}

2025-07-31 15:31:42,333 INFO  [io.api.tes.ser.api.KafkaSerdesTester] (Thread-320) s9c1f8000x30a9x418axb110x1cd9f48f5c0f 0 17 header {
  time {
  }
}
d1: 1.753975902169E12
s1: "a"
i1: 123
bi1: 1
point {
  longitude: 22.0
  latitude: 22.0
  altitude: 1.0
}

2025-07-31 15:31:42,333 INFO  [io.api.tes.ser.api.KafkaSerdesTester] (Thread-320) s9c1f8000x30a9x418axb110x1cd9f48f5c0f 0 18 header {
  time {
  }
}
d1: 1.75397590217E12
s1: "a"
i1: 123
bi1: 1
point {
  longitude: 22.0
  latitude: 22.0
  altitude: 1.0
}

2025-07-31 15:31:42,333 INFO  [io.api.tes.ser.api.KafkaSerdesTester] (Thread-320) s9c1f8000x30a9x418axb110x1cd9f48f5c0f 0 19 header {
  time {
  }
}
d1: 1.753975902176E12
s1: "a"
i1: 123
bi1: 1
point {
  longitude: 22.0
  latitude: 22.0
  altitude: 1.0
}

2025-07-31 15:31:42,333 INFO  [io.api.tes.ser.api.KafkaSerdesTester] (Thread-320) Consumed 10 messages
2025-07-31 15:31:42,336 INFO  [org.apa.kaf.cli.con.int.ConsumerRebalanceListenerInvoker] (Thread-320) [Consumer clientId=consumer-Consumer-s9c1f8000x30a9x418axb110x1cd9f48f5c0f-26, groupId=Consumer-s9c1f8000x30a9x418axb110x1cd9f48f5c0f] Revoke previously assigned partitions s9c1f8000x30a9x418axb110x1cd9f48f5c0f-0
2025-07-31 15:31:42,336 INFO  [org.apa.kaf.cli.con.int.ConsumerCoordinator] (Thread-320) [Consumer clientId=consumer-Consumer-s9c1f8000x30a9x418axb110x1cd9f48f5c0f-26, groupId=Consumer-s9c1f8000x30a9x418axb110x1cd9f48f5c0f] Member consumer-Consumer-s9c1f8000x30a9x418axb110x1cd9f48f5c0f-26-759a77fd-eeb4-4799-bc4d-a9380d939c26 sending LeaveGroup request to coordinator localhost:32770 (id: 2147483647 rack: null) due to the consumer is being closed
2025-07-31 15:31:42,336 INFO  [org.apa.kaf.cli.con.int.ConsumerCoordinator] (Thread-320) [Consumer clientId=consumer-Consumer-s9c1f8000x30a9x418axb110x1cd9f48f5c0f-26, groupId=Consumer-s9c1f8000x30a9x418axb110x1cd9f48f5c0f] Resetting generation and member id due to: consumer pro-actively leaving the group
2025-07-31 15:31:42,336 INFO  [org.apa.kaf.cli.con.int.ConsumerCoordinator] (Thread-320) [Consumer clientId=consumer-Consumer-s9c1f8000x30a9x418axb110x1cd9f48f5c0f-26, groupId=Consumer-s9c1f8000x30a9x418axb110x1cd9f48f5c0f] Request joining group due to: consumer pro-actively leaving the group
2025-07-31 15:31:42,834 INFO  [org.apa.kaf.com.met.Metrics] (Thread-320) Metrics scheduler closed
2025-07-31 15:31:42,834 INFO  [org.apa.kaf.com.met.Metrics] (Thread-320) Closing reporter org.apache.kafka.common.metrics.JmxReporter
2025-07-31 15:31:42,834 INFO  [org.apa.kaf.com.met.Metrics] (Thread-320) Closing reporter org.apache.kafka.common.telemetry.internals.ClientTelemetryReporter
2025-07-31 15:31:42,834 INFO  [org.apa.kaf.com.met.Metrics] (Thread-320) Metrics reporters closed
2025-07-31 15:31:42,836 INFO  [org.apa.kaf.com.uti.AppInfoParser] (Thread-320) App info kafka.consumer for consumer-Consumer-s9c1f8000x30a9x418axb110x1cd9f48f5c0f-26 unregistered
2025-07-31 15:31:42,837 INFO  [org.apa.kaf.cli.pro.ProducerConfig] (main) ProducerConfig values: 
	acks = -1
	auto.include.jmx.reporter = true
	batch.size = 16384
	bootstrap.servers = [PLAINTEXT://localhost:32770]
	buffer.memory = 33554432
	client.dns.lookup = use_all_dns_ips
	client.id = Producer-s9c1f8000x30a9x418axb110x1cd9f48f5c0f
	compression.gzip.level = -1
	compression.lz4.level = 9
	compression.type = none
	compression.zstd.level = 3
	connections.max.idle.ms = 10000
	delivery.timeout.ms = 120000
	enable.idempotence = true
	enable.metrics.push = true
	interceptor.classes = []
	key.serializer = class org.apache.kafka.common.serialization.StringSerializer
	linger.ms = 0
	max.block.ms = 60000
	max.in.flight.requests.per.connection = 5
	max.request.size = 1048576
	metadata.max.age.ms = 300000
	metadata.max.idle.ms = 300000
	metadata.recovery.strategy = none
	metric.reporters = []
	metrics.num.samples = 2
	metrics.recording.level = INFO
	metrics.sample.window.ms = 30000
	partitioner.adaptive.partitioning.enable = true
	partitioner.availability.timeout.ms = 0
	partitioner.class = null
	partitioner.ignore.keys = false
	receive.buffer.bytes = 32768
	reconnect.backoff.max.ms = 1000
	reconnect.backoff.ms = 50
	request.timeout.ms = 5000
	retries = 2147483647
	retry.backoff.max.ms = 1000
	retry.backoff.ms = 100
	sasl.client.callback.handler.class = null
	sasl.jaas.config = null
	sasl.kerberos.kinit.cmd = /usr/bin/kinit
	sasl.kerberos.min.time.before.relogin = 60000
	sasl.kerberos.service.name = null
	sasl.kerberos.ticket.renew.jitter = 0.05
	sasl.kerberos.ticket.renew.window.factor = 0.8
	sasl.login.callback.handler.class = null
	sasl.login.class = null
	sasl.login.connect.timeout.ms = null
	sasl.login.read.timeout.ms = null
	sasl.login.refresh.buffer.seconds = 300
	sasl.login.refresh.min.period.seconds = 60
	sasl.login.refresh.window.factor = 0.8
	sasl.login.refresh.window.jitter = 0.05
	sasl.login.retry.backoff.max.ms = 10000
	sasl.login.retry.backoff.ms = 100
	sasl.mechanism = GSSAPI
	sasl.oauthbearer.clock.skew.seconds = 30
	sasl.oauthbearer.expected.audience = null
	sasl.oauthbearer.expected.issuer = null
	sasl.oauthbearer.header.urlencode = false
	sasl.oauthbearer.jwks.endpoint.refresh.ms = 3600000
	sasl.oauthbearer.jwks.endpoint.retry.backoff.max.ms = 10000
	sasl.oauthbearer.jwks.endpoint.retry.backoff.ms = 100
	sasl.oauthbearer.jwks.endpoint.url = null
	sasl.oauthbearer.scope.claim.name = scope
	sasl.oauthbearer.sub.claim.name = sub
	sasl.oauthbearer.token.endpoint.url = null
	security.protocol = PLAINTEXT
	security.providers = null
	send.buffer.bytes = 131072
	socket.connection.setup.timeout.max.ms = 30000
	socket.connection.setup.timeout.ms = 10000
	ssl.cipher.suites = null
	ssl.enabled.protocols = [TLSv1.2, TLSv1.3]
	ssl.endpoint.identification.algorithm = https
	ssl.engine.factory.class = null
	ssl.key.password = null
	ssl.keymanager.algorithm = SunX509
	ssl.keystore.certificate.chain = null
	ssl.keystore.key = null
	ssl.keystore.location = null
	ssl.keystore.password = null
	ssl.keystore.type = JKS
	ssl.protocol = TLSv1.3
	ssl.provider = null
	ssl.secure.random.implementation = null
	ssl.trustmanager.algorithm = PKIX
	ssl.truststore.certificates = null
	ssl.truststore.location = null
	ssl.truststore.password = null
	ssl.truststore.type = JKS
	transaction.timeout.ms = 60000
	transactional.id = null
	value.serializer = class io.apicurio.registry.serde.protobuf.ProtobufKafkaSerializer

2025-07-31 15:31:42,837 INFO  [org.apa.kaf.com.tel.int.KafkaMetricsCollector] (main) initializing Kafka metrics collector
2025-07-31 15:31:42,842 INFO  [org.apa.kaf.cli.pro.KafkaProducer] (main) [Producer clientId=Producer-s9c1f8000x30a9x418axb110x1cd9f48f5c0f] Instantiated an idempotent producer.
2025-07-31 15:31:42,845 INFO  [org.apa.kaf.cli.pro.ProducerConfig] (main) These configurations '[apicurio.registry.url, apicurio.registry.headers.enabled, apicurio.registry.artifact-resolver-strategy]' were supplied but are not used yet.
2025-07-31 15:31:42,845 INFO  [org.apa.kaf.com.uti.AppInfoParser] (main) Kafka version: 3.9.0
2025-07-31 15:31:42,845 INFO  [org.apa.kaf.com.uti.AppInfoParser] (main) Kafka commitId: 84caaa6e9da06435
2025-07-31 15:31:42,845 INFO  [org.apa.kaf.com.uti.AppInfoParser] (main) Kafka startTimeMs: 1753975902845
2025-07-31 15:31:42,845 INFO  [io.api.tes.ser.api.SimpleSerdesTesterBuilder$SimpleSerdesTester] (main) Using producer configuration: {apicurio.registry.url=http://registry-app-mysql.apps.ci419.apicurio-testing.org:80/apis/registry/v3, apicurio.registry.headers.enabled=true, apicurio.registry.artifact-resolver-strategy=io.apicurio.registry.serde.strategy.TopicIdStrategy, value.serializer=io.apicurio.registry.serde.protobuf.ProtobufKafkaSerializer, request.timeout.ms=5000, acks=all, bootstrap.servers=PLAINTEXT://localhost:32770, connections.max.idle.ms=10000, key.serializer=org.apache.kafka.common.serialization.StringSerializer, client.id=Producer-s9c1f8000x30a9x418axb110x1cd9f48f5c0f}
2025-07-31 15:31:42,845 INFO  [io.api.tes.ser.api.SimpleSerdesTesterBuilder$SimpleSerdesTester] (main) Using consumer configuration: {apicurio.registry.headers.enabled=true}
2025-07-31 15:31:42,846 INFO  [io.api.tes.ser.api.KafkaSerdesTester] (Thread-323) Sending message msb: 1753975902845
lsb: 321
 to topic s9c1f8000x30a9x418axb110x1cd9f48f5c0f
2025-07-31 15:31:42,847 INFO  [org.apa.kaf.cli.Metadata] (kafka-producer-network-thread | Producer-s9c1f8000x30a9x418axb110x1cd9f48f5c0f) [Producer clientId=Producer-s9c1f8000x30a9x418axb110x1cd9f48f5c0f] Cluster ID: u8-Iy8eKRM2xsCw1W024xw
2025-07-31 15:31:42,848 INFO  [org.apa.kaf.cli.pro.int.TransactionManager] (kafka-producer-network-thread | Producer-s9c1f8000x30a9x418axb110x1cd9f48f5c0f) [Producer clientId=Producer-s9c1f8000x30a9x418axb110x1cd9f48f5c0f] ProducerId set to 36 with epoch 0
2025-07-31 15:31:42,848 INFO  [DefaultSchemaResolver] (Thread-323) Retrieving schema content using string: // Proto schema formatted by Wire, do not edit.
// Source: 

syntax = "proto3";

package io.apicurio.registry.common.proto;

option java_package = "io.apicurio.registry.common.proto";
option java_outer_classname = "Cmmn";

message UUID {
  fixed64 msb = 1;

  fixed64 lsb = 2;
}

2025-07-31 15:31:42,901 INFO  [io.api.tes.ser.api.KafkaSerdesTester] (Thread-323) Sending message msb: 1753975902901
lsb: 321
 to topic s9c1f8000x30a9x418axb110x1cd9f48f5c0f
2025-07-31 15:31:42,902 INFO  [io.api.tes.ser.api.KafkaSerdesTester] (Thread-323) Sending message msb: 1753975902902
lsb: 321
 to topic s9c1f8000x30a9x418axb110x1cd9f48f5c0f
2025-07-31 15:31:42,904 INFO  [io.api.tes.ser.api.KafkaSerdesTester] (Thread-323) Sending message msb: 1753975902903
lsb: 321
 to topic s9c1f8000x30a9x418axb110x1cd9f48f5c0f
2025-07-31 15:31:42,905 INFO  [io.api.tes.ser.api.KafkaSerdesTester] (Thread-323) Sending message msb: 1753975902905
lsb: 321
 to topic s9c1f8000x30a9x418axb110x1cd9f48f5c0f
2025-07-31 15:31:42,908 INFO  [io.api.tes.ser.api.KafkaSerdesTester] (Thread-323) Sending message msb: 1753975902908
lsb: 321
 to topic s9c1f8000x30a9x418axb110x1cd9f48f5c0f
2025-07-31 15:31:42,911 INFO  [io.api.tes.ser.api.KafkaSerdesTester] (Thread-323) Sending message msb: 1753975902911
lsb: 321
 to topic s9c1f8000x30a9x418axb110x1cd9f48f5c0f
2025-07-31 15:31:42,914 INFO  [io.api.tes.ser.api.KafkaSerdesTester] (Thread-323) Sending message msb: 1753975902913
lsb: 321
 to topic s9c1f8000x30a9x418axb110x1cd9f48f5c0f
2025-07-31 15:31:42,915 INFO  [io.api.tes.ser.api.KafkaSerdesTester] (Thread-323) Sending message msb: 1753975902915
lsb: 321
 to topic s9c1f8000x30a9x418axb110x1cd9f48f5c0f
2025-07-31 15:31:42,918 INFO  [io.api.tes.ser.api.KafkaSerdesTester] (Thread-323) Sending message msb: 1753975902918
lsb: 321
 to topic s9c1f8000x30a9x418axb110x1cd9f48f5c0f
2025-07-31 15:31:42,919 INFO  [io.api.tes.ser.api.KafkaSerdesTester] (Thread-323) Produced 10 messages
2025-07-31 15:31:42,919 INFO  [org.apa.kaf.cli.pro.KafkaProducer] (Thread-323) [Producer clientId=Producer-s9c1f8000x30a9x418axb110x1cd9f48f5c0f] Closing the Kafka producer with timeoutMillis = 9223372036854775807 ms.
2025-07-31 15:31:42,921 INFO  [org.apa.kaf.com.met.Metrics] (Thread-323) Metrics scheduler closed
2025-07-31 15:31:42,921 INFO  [org.apa.kaf.com.met.Metrics] (Thread-323) Closing reporter org.apache.kafka.common.metrics.JmxReporter
2025-07-31 15:31:42,921 INFO  [org.apa.kaf.com.met.Metrics] (Thread-323) Closing reporter org.apache.kafka.common.telemetry.internals.ClientTelemetryReporter
2025-07-31 15:31:42,921 INFO  [org.apa.kaf.com.met.Metrics] (Thread-323) Metrics reporters closed
2025-07-31 15:31:42,921 INFO  [org.apa.kaf.com.uti.AppInfoParser] (Thread-323) App info kafka.producer for Producer-s9c1f8000x30a9x418axb110x1cd9f48f5c0f unregistered
2025-07-31 15:31:42,923 INFO  [org.apa.kaf.cli.con.ConsumerConfig] (main) ConsumerConfig values: 
	allow.auto.create.topics = true
	auto.commit.interval.ms = 500
	auto.include.jmx.reporter = true
	auto.offset.reset = earliest
	bootstrap.servers = [PLAINTEXT://localhost:32770]
	check.crcs = true
	client.dns.lookup = use_all_dns_ips
	client.id = consumer-Consumer-s9c1f8000x30a9x418axb110x1cd9f48f5c0f-27
	client.rack = 
	connections.max.idle.ms = 10000
	default.api.timeout.ms = 60000
	enable.auto.commit = true
	enable.metrics.push = true
	exclude.internal.topics = true
	fetch.max.bytes = 52428800
	fetch.max.wait.ms = 500
	fetch.min.bytes = 1
	group.id = Consumer-s9c1f8000x30a9x418axb110x1cd9f48f5c0f
	group.instance.id = null
	group.protocol = classic
	group.remote.assignor = null
	heartbeat.interval.ms = 3000
	interceptor.classes = []
	internal.leave.group.on.close = true
	internal.throw.on.fetch.stable.offset.unsupported = false
	isolation.level = read_uncommitted
	key.deserializer = class org.apache.kafka.common.serialization.StringDeserializer
	max.partition.fetch.bytes = 1048576
	max.poll.interval.ms = 300000
	max.poll.records = 500
	metadata.max.age.ms = 300000
	metadata.recovery.strategy = none
	metric.reporters = []
	metrics.num.samples = 2
	metrics.recording.level = INFO
	metrics.sample.window.ms = 30000
	partition.assignment.strategy = [class org.apache.kafka.clients.consumer.RangeAssignor, class org.apache.kafka.clients.consumer.CooperativeStickyAssignor]
	receive.buffer.bytes = 65536
	reconnect.backoff.max.ms = 1000
	reconnect.backoff.ms = 50
	request.timeout.ms = 5000
	retry.backoff.max.ms = 1000
	retry.backoff.ms = 100
	sasl.client.callback.handler.class = null
	sasl.jaas.config = null
	sasl.kerberos.kinit.cmd = /usr/bin/kinit
	sasl.kerberos.min.time.before.relogin = 60000
	sasl.kerberos.service.name = null
	sasl.kerberos.ticket.renew.jitter = 0.05
	sasl.kerberos.ticket.renew.window.factor = 0.8
	sasl.login.callback.handler.class = null
	sasl.login.class = null
	sasl.login.connect.timeout.ms = null
	sasl.login.read.timeout.ms = null
	sasl.login.refresh.buffer.seconds = 300
	sasl.login.refresh.min.period.seconds = 60
	sasl.login.refresh.window.factor = 0.8
	sasl.login.refresh.window.jitter = 0.05
	sasl.login.retry.backoff.max.ms = 10000
	sasl.login.retry.backoff.ms = 100
	sasl.mechanism = GSSAPI
	sasl.oauthbearer.clock.skew.seconds = 30
	sasl.oauthbearer.expected.audience = null
	sasl.oauthbearer.expected.issuer = null
	sasl.oauthbearer.header.urlencode = false
	sasl.oauthbearer.jwks.endpoint.refresh.ms = 3600000
	sasl.oauthbearer.jwks.endpoint.retry.backoff.max.ms = 10000
	sasl.oauthbearer.jwks.endpoint.retry.backoff.ms = 100
	sasl.oauthbearer.jwks.endpoint.url = null
	sasl.oauthbearer.scope.claim.name = scope
	sasl.oauthbearer.sub.claim.name = sub
	sasl.oauthbearer.token.endpoint.url = null
	security.protocol = PLAINTEXT
	security.providers = null
	send.buffer.bytes = 131072
	session.timeout.ms = 45000
	socket.connection.setup.timeout.max.ms = 30000
	socket.connection.setup.timeout.ms = 10000
	ssl.cipher.suites = null
	ssl.enabled.protocols = [TLSv1.2, TLSv1.3]
	ssl.endpoint.identification.algorithm = https
	ssl.engine.factory.class = null
	ssl.key.password = null
	ssl.keymanager.algorithm = SunX509
	ssl.keystore.certificate.chain = null
	ssl.keystore.key = null
	ssl.keystore.location = null
	ssl.keystore.password = null
	ssl.keystore.type = JKS
	ssl.protocol = TLSv1.3
	ssl.provider = null
	ssl.secure.random.implementation = null
	ssl.trustmanager.algorithm = PKIX
	ssl.truststore.certificates = null
	ssl.truststore.location = null
	ssl.truststore.password = null
	ssl.truststore.type = JKS
	value.deserializer = class io.apicurio.registry.serde.protobuf.ProtobufKafkaDeserializer

2025-07-31 15:31:42,923 INFO  [org.apa.kaf.com.tel.int.KafkaMetricsCollector] (main) initializing Kafka metrics collector
2025-07-31 15:31:42,928 INFO  [org.apa.kaf.cli.con.ConsumerConfig] (main) These configurations '[apicurio.registry.url, apicurio.registry.headers.enabled]' were supplied but are not used yet.
2025-07-31 15:31:42,928 INFO  [org.apa.kaf.com.uti.AppInfoParser] (main) Kafka version: 3.9.0
2025-07-31 15:31:42,928 INFO  [org.apa.kaf.com.uti.AppInfoParser] (main) Kafka commitId: 84caaa6e9da06435
2025-07-31 15:31:42,928 INFO  [org.apa.kaf.com.uti.AppInfoParser] (main) Kafka startTimeMs: 1753975902928
2025-07-31 15:31:42,929 INFO  [org.apa.kaf.cli.con.int.ClassicKafkaConsumer] (Thread-326) [Consumer clientId=consumer-Consumer-s9c1f8000x30a9x418axb110x1cd9f48f5c0f-27, groupId=Consumer-s9c1f8000x30a9x418axb110x1cd9f48f5c0f] Subscribed to topic(s): s9c1f8000x30a9x418axb110x1cd9f48f5c0f
2025-07-31 15:31:42,932 INFO  [org.apa.kaf.cli.Metadata] (Thread-326) [Consumer clientId=consumer-Consumer-s9c1f8000x30a9x418axb110x1cd9f48f5c0f-27, groupId=Consumer-s9c1f8000x30a9x418axb110x1cd9f48f5c0f] Cluster ID: u8-Iy8eKRM2xsCw1W024xw
2025-07-31 15:31:42,932 INFO  [org.apa.kaf.cli.con.int.ConsumerCoordinator] (Thread-326) [Consumer clientId=consumer-Consumer-s9c1f8000x30a9x418axb110x1cd9f48f5c0f-27, groupId=Consumer-s9c1f8000x30a9x418axb110x1cd9f48f5c0f] Discovered group coordinator localhost:32770 (id: 2147483647 rack: null)
2025-07-31 15:31:42,932 INFO  [org.apa.kaf.cli.con.int.ConsumerCoordinator] (Thread-326) [Consumer clientId=consumer-Consumer-s9c1f8000x30a9x418axb110x1cd9f48f5c0f-27, groupId=Consumer-s9c1f8000x30a9x418axb110x1cd9f48f5c0f] (Re-)joining group
2025-07-31 15:31:42,934 INFO  [org.apa.kaf.cli.con.int.ConsumerCoordinator] (Thread-326) [Consumer clientId=consumer-Consumer-s9c1f8000x30a9x418axb110x1cd9f48f5c0f-27, groupId=Consumer-s9c1f8000x30a9x418axb110x1cd9f48f5c0f] Request joining group due to: need to re-join with the given member-id: consumer-Consumer-s9c1f8000x30a9x418axb110x1cd9f48f5c0f-27-f77bdec9-3e6f-41b8-9986-ce20b78c8bb9
2025-07-31 15:31:42,934 INFO  [org.apa.kaf.cli.con.int.ConsumerCoordinator] (Thread-326) [Consumer clientId=consumer-Consumer-s9c1f8000x30a9x418axb110x1cd9f48f5c0f-27, groupId=Consumer-s9c1f8000x30a9x418axb110x1cd9f48f5c0f] (Re-)joining group
2025-07-31 15:31:42,936 INFO  [org.apa.kaf.cli.con.int.ConsumerCoordinator] (Thread-326) [Consumer clientId=consumer-Consumer-s9c1f8000x30a9x418axb110x1cd9f48f5c0f-27, groupId=Consumer-s9c1f8000x30a9x418axb110x1cd9f48f5c0f] Successfully joined group with generation Generation{generationId=5, memberId='consumer-Consumer-s9c1f8000x30a9x418axb110x1cd9f48f5c0f-27-f77bdec9-3e6f-41b8-9986-ce20b78c8bb9', protocol='range'}
2025-07-31 15:31:42,936 INFO  [org.apa.kaf.cli.con.int.ConsumerCoordinator] (Thread-326) [Consumer clientId=consumer-Consumer-s9c1f8000x30a9x418axb110x1cd9f48f5c0f-27, groupId=Consumer-s9c1f8000x30a9x418axb110x1cd9f48f5c0f] Finished assignment for group at generation 5: {consumer-Consumer-s9c1f8000x30a9x418axb110x1cd9f48f5c0f-27-f77bdec9-3e6f-41b8-9986-ce20b78c8bb9=Assignment(partitions=[s9c1f8000x30a9x418axb110x1cd9f48f5c0f-0])}
2025-07-31 15:31:42,937 INFO  [org.apa.kaf.cli.con.int.ConsumerCoordinator] (Thread-326) [Consumer clientId=consumer-Consumer-s9c1f8000x30a9x418axb110x1cd9f48f5c0f-27, groupId=Consumer-s9c1f8000x30a9x418axb110x1cd9f48f5c0f] Successfully synced group in generation Generation{generationId=5, memberId='consumer-Consumer-s9c1f8000x30a9x418axb110x1cd9f48f5c0f-27-f77bdec9-3e6f-41b8-9986-ce20b78c8bb9', protocol='range'}
2025-07-31 15:31:42,937 INFO  [org.apa.kaf.cli.con.int.ConsumerCoordinator] (Thread-326) [Consumer clientId=consumer-Consumer-s9c1f8000x30a9x418axb110x1cd9f48f5c0f-27, groupId=Consumer-s9c1f8000x30a9x418axb110x1cd9f48f5c0f] Notifying assignor about the new Assignment(partitions=[s9c1f8000x30a9x418axb110x1cd9f48f5c0f-0])
2025-07-31 15:31:42,937 INFO  [org.apa.kaf.cli.con.int.ConsumerRebalanceListenerInvoker] (Thread-326) [Consumer clientId=consumer-Consumer-s9c1f8000x30a9x418axb110x1cd9f48f5c0f-27, groupId=Consumer-s9c1f8000x30a9x418axb110x1cd9f48f5c0f] Adding newly assigned partitions: s9c1f8000x30a9x418axb110x1cd9f48f5c0f-0
2025-07-31 15:31:42,938 INFO  [org.apa.kaf.cli.con.int.ConsumerUtils] (Thread-326) Setting offset for partition s9c1f8000x30a9x418axb110x1cd9f48f5c0f-0 to the committed offset FetchPosition{offset=20, offsetEpoch=Optional[0], currentLeader=LeaderAndEpoch{leader=Optional[localhost:32770 (id: 0 rack: null)], epoch=0}}
2025-07-31 15:31:43,016 WARNING [com.goo.pro.GeneratedMessage] (Thread-326) Vulnerable protobuf generated type in use: io.apicurio.tests.common.serdes.proto.TestCmmn$UUID
As of 2022/09/29 (release 21.7) makeExtensionsImmutable should not be called from protobuf gencode. If you are seeing this message, your gencode is vulnerable to a denial of service attack. You should regenerate your code using protobuf 25.6 or later. Use the latest version that meets your needs. However, if you understand the risks and wish to continue with vulnerable gencode, you can set the system property `-Dcom.google.protobuf.use_unsafe_pre22_gencode` on the command line to silence this warning. You also can set `-Dcom.google.protobuf.error_on_unsafe_pre22_gencode` to throw an error instead. See security vulnerability: https://github.com/protocolbuffers/protobuf/security/advisories/GHSA-h4h5-3hr4-j3g2
2025-07-31 15:31:43,017 INFO  [io.api.tes.ser.api.KafkaSerdesTester] (Thread-326) s9c1f8000x30a9x418axb110x1cd9f48f5c0f 0 20 msb: 1753975902845
lsb: 321

2025-07-31 15:31:43,017 INFO  [io.api.tes.ser.api.KafkaSerdesTester] (Thread-326) s9c1f8000x30a9x418axb110x1cd9f48f5c0f 0 21 msb: 1753975902901
lsb: 321

2025-07-31 15:31:43,017 INFO  [io.api.tes.ser.api.KafkaSerdesTester] (Thread-326) s9c1f8000x30a9x418axb110x1cd9f48f5c0f 0 22 msb: 1753975902902
lsb: 321

2025-07-31 15:31:43,017 INFO  [io.api.tes.ser.api.KafkaSerdesTester] (Thread-326) s9c1f8000x30a9x418axb110x1cd9f48f5c0f 0 23 msb: 1753975902903
lsb: 321

2025-07-31 15:31:43,017 INFO  [io.api.tes.ser.api.KafkaSerdesTester] (Thread-326) s9c1f8000x30a9x418axb110x1cd9f48f5c0f 0 24 msb: 1753975902905
lsb: 321

2025-07-31 15:31:43,017 INFO  [io.api.tes.ser.api.KafkaSerdesTester] (Thread-326) s9c1f8000x30a9x418axb110x1cd9f48f5c0f 0 25 msb: 1753975902908
lsb: 321

2025-07-31 15:31:43,017 INFO  [io.api.tes.ser.api.KafkaSerdesTester] (Thread-326) s9c1f8000x30a9x418axb110x1cd9f48f5c0f 0 26 msb: 1753975902911
lsb: 321

2025-07-31 15:31:43,017 INFO  [io.api.tes.ser.api.KafkaSerdesTester] (Thread-326) s9c1f8000x30a9x418axb110x1cd9f48f5c0f 0 27 msb: 1753975902913
lsb: 321

2025-07-31 15:31:43,017 INFO  [io.api.tes.ser.api.KafkaSerdesTester] (Thread-326) s9c1f8000x30a9x418axb110x1cd9f48f5c0f 0 28 msb: 1753975902915
lsb: 321

2025-07-31 15:31:43,017 INFO  [io.api.tes.ser.api.KafkaSerdesTester] (Thread-326) s9c1f8000x30a9x418axb110x1cd9f48f5c0f 0 29 msb: 1753975902918
lsb: 321

2025-07-31 15:31:43,017 INFO  [io.api.tes.ser.api.KafkaSerdesTester] (Thread-326) Consumed 10 messages
2025-07-31 15:31:43,020 INFO  [org.apa.kaf.cli.con.int.ConsumerRebalanceListenerInvoker] (Thread-326) [Consumer clientId=consumer-Consumer-s9c1f8000x30a9x418axb110x1cd9f48f5c0f-27, groupId=Consumer-s9c1f8000x30a9x418axb110x1cd9f48f5c0f] Revoke previously assigned partitions s9c1f8000x30a9x418axb110x1cd9f48f5c0f-0
2025-07-31 15:31:43,020 INFO  [org.apa.kaf.cli.con.int.ConsumerCoordinator] (Thread-326) [Consumer clientId=consumer-Consumer-s9c1f8000x30a9x418axb110x1cd9f48f5c0f-27, groupId=Consumer-s9c1f8000x30a9x418axb110x1cd9f48f5c0f] Member consumer-Consumer-s9c1f8000x30a9x418axb110x1cd9f48f5c0f-27-f77bdec9-3e6f-41b8-9986-ce20b78c8bb9 sending LeaveGroup request to coordinator localhost:32770 (id: 2147483647 rack: null) due to the consumer is being closed
2025-07-31 15:31:43,020 INFO  [org.apa.kaf.cli.con.int.ConsumerCoordinator] (Thread-326) [Consumer clientId=consumer-Consumer-s9c1f8000x30a9x418axb110x1cd9f48f5c0f-27, groupId=Consumer-s9c1f8000x30a9x418axb110x1cd9f48f5c0f] Resetting generation and member id due to: consumer pro-actively leaving the group
2025-07-31 15:31:43,020 INFO  [org.apa.kaf.cli.con.int.ConsumerCoordinator] (Thread-326) [Consumer clientId=consumer-Consumer-s9c1f8000x30a9x418axb110x1cd9f48f5c0f-27, groupId=Consumer-s9c1f8000x30a9x418axb110x1cd9f48f5c0f] Request joining group due to: consumer pro-actively leaving the group
2025-07-31 15:31:43,520 INFO  [org.apa.kaf.com.met.Metrics] (Thread-326) Metrics scheduler closed
2025-07-31 15:31:43,520 INFO  [org.apa.kaf.com.met.Metrics] (Thread-326) Closing reporter org.apache.kafka.common.metrics.JmxReporter
2025-07-31 15:31:43,520 INFO  [org.apa.kaf.com.met.Metrics] (Thread-326) Closing reporter org.apache.kafka.common.telemetry.internals.ClientTelemetryReporter
2025-07-31 15:31:43,520 INFO  [org.apa.kaf.com.met.Metrics] (Thread-326) Metrics reporters closed
2025-07-31 15:31:43,521 INFO  [org.apa.kaf.com.uti.AppInfoParser] (Thread-326) App info kafka.consumer for consumer-Consumer-s9c1f8000x30a9x418axb110x1cd9f48f5c0f-27 unregistered
2025-07-31 15:31:43,522 INFO  [org.apa.kaf.cli.pro.ProducerConfig] (main) ProducerConfig values: 
	acks = -1
	auto.include.jmx.reporter = true
	batch.size = 16384
	bootstrap.servers = [PLAINTEXT://localhost:32770]
	buffer.memory = 33554432
	client.dns.lookup = use_all_dns_ips
	client.id = Producer-s9c1f8000x30a9x418axb110x1cd9f48f5c0f
	compression.gzip.level = -1
	compression.lz4.level = 9
	compression.type = none
	compression.zstd.level = 3
	connections.max.idle.ms = 10000
	delivery.timeout.ms = 120000
	enable.idempotence = true
	enable.metrics.push = true
	interceptor.classes = []
	key.serializer = class org.apache.kafka.common.serialization.StringSerializer
	linger.ms = 0
	max.block.ms = 60000
	max.in.flight.requests.per.connection = 5
	max.request.size = 1048576
	metadata.max.age.ms = 300000
	metadata.max.idle.ms = 300000
	metadata.recovery.strategy = none
	metric.reporters = []
	metrics.num.samples = 2
	metrics.recording.level = INFO
	metrics.sample.window.ms = 30000
	partitioner.adaptive.partitioning.enable = true
	partitioner.availability.timeout.ms = 0
	partitioner.class = null
	partitioner.ignore.keys = false
	receive.buffer.bytes = 32768
	reconnect.backoff.max.ms = 1000
	reconnect.backoff.ms = 50
	request.timeout.ms = 5000
	retries = 2147483647
	retry.backoff.max.ms = 1000
	retry.backoff.ms = 100
	sasl.client.callback.handler.class = null
	sasl.jaas.config = null
	sasl.kerberos.kinit.cmd = /usr/bin/kinit
	sasl.kerberos.min.time.before.relogin = 60000
	sasl.kerberos.service.name = null
	sasl.kerberos.ticket.renew.jitter = 0.05
	sasl.kerberos.ticket.renew.window.factor = 0.8
	sasl.login.callback.handler.class = null
	sasl.login.class = null
	sasl.login.connect.timeout.ms = null
	sasl.login.read.timeout.ms = null
	sasl.login.refresh.buffer.seconds = 300
	sasl.login.refresh.min.period.seconds = 60
	sasl.login.refresh.window.factor = 0.8
	sasl.login.refresh.window.jitter = 0.05
	sasl.login.retry.backoff.max.ms = 10000
	sasl.login.retry.backoff.ms = 100
	sasl.mechanism = GSSAPI
	sasl.oauthbearer.clock.skew.seconds = 30
	sasl.oauthbearer.expected.audience = null
	sasl.oauthbearer.expected.issuer = null
	sasl.oauthbearer.header.urlencode = false
	sasl.oauthbearer.jwks.endpoint.refresh.ms = 3600000
	sasl.oauthbearer.jwks.endpoint.retry.backoff.max.ms = 10000
	sasl.oauthbearer.jwks.endpoint.retry.backoff.ms = 100
	sasl.oauthbearer.jwks.endpoint.url = null
	sasl.oauthbearer.scope.claim.name = scope
	sasl.oauthbearer.sub.claim.name = sub
	sasl.oauthbearer.token.endpoint.url = null
	security.protocol = PLAINTEXT
	security.providers = null
	send.buffer.bytes = 131072
	socket.connection.setup.timeout.max.ms = 30000
	socket.connection.setup.timeout.ms = 10000
	ssl.cipher.suites = null
	ssl.enabled.protocols = [TLSv1.2, TLSv1.3]
	ssl.endpoint.identification.algorithm = https
	ssl.engine.factory.class = null
	ssl.key.password = null
	ssl.keymanager.algorithm = SunX509
	ssl.keystore.certificate.chain = null
	ssl.keystore.key = null
	ssl.keystore.location = null
	ssl.keystore.password = null
	ssl.keystore.type = JKS
	ssl.protocol = TLSv1.3
	ssl.provider = null
	ssl.secure.random.implementation = null
	ssl.trustmanager.algorithm = PKIX
	ssl.truststore.certificates = null
	ssl.truststore.location = null
	ssl.truststore.password = null
	ssl.truststore.type = JKS
	transaction.timeout.ms = 60000
	transactional.id = null
	value.serializer = class io.apicurio.registry.serde.protobuf.ProtobufKafkaSerializer

2025-07-31 15:31:43,522 INFO  [org.apa.kaf.com.tel.int.KafkaMetricsCollector] (main) initializing Kafka metrics collector
2025-07-31 15:31:43,525 INFO  [org.apa.kaf.cli.pro.KafkaProducer] (main) [Producer clientId=Producer-s9c1f8000x30a9x418axb110x1cd9f48f5c0f] Instantiated an idempotent producer.
2025-07-31 15:31:43,526 INFO  [org.apa.kaf.cli.pro.ProducerConfig] (main) These configurations '[apicurio.registry.find-latest, apicurio.registry.url, apicurio.registry.artifact-resolver-strategy]' were supplied but are not used yet.
2025-07-31 15:31:43,526 INFO  [org.apa.kaf.com.uti.AppInfoParser] (main) Kafka version: 3.9.0
2025-07-31 15:31:43,526 INFO  [org.apa.kaf.com.uti.AppInfoParser] (main) Kafka commitId: 84caaa6e9da06435
2025-07-31 15:31:43,526 INFO  [org.apa.kaf.com.uti.AppInfoParser] (main) Kafka startTimeMs: 1753975903526
2025-07-31 15:31:43,526 INFO  [io.api.tes.ser.api.KafkaSerdesTester] (Thread-329) Sending message header {
  time {
  }
}
d1: 1.753975903526E12
s1: "a"
i1: 123
bi1: 1
point {
  longitude: 22.0
  latitude: 22.0
  altitude: 1.0
}
 to topic s9c1f8000x30a9x418axb110x1cd9f48f5c0f
2025-07-31 15:31:43,529 INFO  [org.apa.kaf.cli.Metadata] (kafka-producer-network-thread | Producer-s9c1f8000x30a9x418axb110x1cd9f48f5c0f) [Producer clientId=Producer-s9c1f8000x30a9x418axb110x1cd9f48f5c0f] Cluster ID: u8-Iy8eKRM2xsCw1W024xw
2025-07-31 15:31:43,529 INFO  [org.apa.kaf.cli.pro.int.TransactionManager] (kafka-producer-network-thread | Producer-s9c1f8000x30a9x418axb110x1cd9f48f5c0f) [Producer clientId=Producer-s9c1f8000x30a9x418axb110x1cd9f48f5c0f] ProducerId set to 37 with epoch 0
2025-07-31 15:31:43,633 INFO  [org.apa.kaf.cli.pro.KafkaProducer] (Thread-329) [Producer clientId=Producer-s9c1f8000x30a9x418axb110x1cd9f48f5c0f] Closing the Kafka producer with timeoutMillis = 9223372036854775807 ms.
2025-07-31 15:31:43,634 INFO  [org.apa.kaf.com.met.Metrics] (Thread-329) Metrics scheduler closed
2025-07-31 15:31:43,634 INFO  [org.apa.kaf.com.met.Metrics] (Thread-329) Closing reporter org.apache.kafka.common.metrics.JmxReporter
2025-07-31 15:31:43,634 INFO  [org.apa.kaf.com.met.Metrics] (Thread-329) Closing reporter org.apache.kafka.common.telemetry.internals.ClientTelemetryReporter
2025-07-31 15:31:43,634 INFO  [org.apa.kaf.com.met.Metrics] (Thread-329) Metrics reporters closed
2025-07-31 15:31:43,634 INFO  [org.apa.kaf.com.uti.AppInfoParser] (Thread-329) App info kafka.producer for Producer-s9c1f8000x30a9x418axb110x1cd9f48f5c0f unregistered
2025-07-31 15:31:43,635 INFO  [org.apa.kaf.cli.pro.ProducerConfig] (main) ProducerConfig values: 
	acks = -1
	auto.include.jmx.reporter = true
	batch.size = 16384
	bootstrap.servers = [PLAINTEXT://localhost:32770]
	buffer.memory = 33554432
	client.dns.lookup = use_all_dns_ips
	client.id = Producer-s9c1f8000x30a9x418axb110x1cd9f48f5c0f
	compression.gzip.level = -1
	compression.lz4.level = 9
	compression.type = none
	compression.zstd.level = 3
	connections.max.idle.ms = 10000
	delivery.timeout.ms = 120000
	enable.idempotence = true
	enable.metrics.push = true
	interceptor.classes = []
	key.serializer = class org.apache.kafka.common.serialization.StringSerializer
	linger.ms = 0
	max.block.ms = 60000
	max.in.flight.requests.per.connection = 5
	max.request.size = 1048576
	metadata.max.age.ms = 300000
	metadata.max.idle.ms = 300000
	metadata.recovery.strategy = none
	metric.reporters = []
	metrics.num.samples = 2
	metrics.recording.level = INFO
	metrics.sample.window.ms = 30000
	partitioner.adaptive.partitioning.enable = true
	partitioner.availability.timeout.ms = 0
	partitioner.class = null
	partitioner.ignore.keys = false
	receive.buffer.bytes = 32768
	reconnect.backoff.max.ms = 1000
	reconnect.backoff.ms = 50
	request.timeout.ms = 5000
	retries = 2147483647
	retry.backoff.max.ms = 1000
	retry.backoff.ms = 100
	sasl.client.callback.handler.class = null
	sasl.jaas.config = null
	sasl.kerberos.kinit.cmd = /usr/bin/kinit
	sasl.kerberos.min.time.before.relogin = 60000
	sasl.kerberos.service.name = null
	sasl.kerberos.ticket.renew.jitter = 0.05
	sasl.kerberos.ticket.renew.window.factor = 0.8
	sasl.login.callback.handler.class = null
	sasl.login.class = null
	sasl.login.connect.timeout.ms = null
	sasl.login.read.timeout.ms = null
	sasl.login.refresh.buffer.seconds = 300
	sasl.login.refresh.min.period.seconds = 60
	sasl.login.refresh.window.factor = 0.8
	sasl.login.refresh.window.jitter = 0.05
	sasl.login.retry.backoff.max.ms = 10000
	sasl.login.retry.backoff.ms = 100
	sasl.mechanism = GSSAPI
	sasl.oauthbearer.clock.skew.seconds = 30
	sasl.oauthbearer.expected.audience = null
	sasl.oauthbearer.expected.issuer = null
	sasl.oauthbearer.header.urlencode = false
	sasl.oauthbearer.jwks.endpoint.refresh.ms = 3600000
	sasl.oauthbearer.jwks.endpoint.retry.backoff.max.ms = 10000
	sasl.oauthbearer.jwks.endpoint.retry.backoff.ms = 100
	sasl.oauthbearer.jwks.endpoint.url = null
	sasl.oauthbearer.scope.claim.name = scope
	sasl.oauthbearer.sub.claim.name = sub
	sasl.oauthbearer.token.endpoint.url = null
	security.protocol = PLAINTEXT
	security.providers = null
	send.buffer.bytes = 131072
	socket.connection.setup.timeout.max.ms = 30000
	socket.connection.setup.timeout.ms = 10000
	ssl.cipher.suites = null
	ssl.enabled.protocols = [TLSv1.2, TLSv1.3]
	ssl.endpoint.identification.algorithm = https
	ssl.engine.factory.class = null
	ssl.key.password = null
	ssl.keymanager.algorithm = SunX509
	ssl.keystore.certificate.chain = null
	ssl.keystore.key = null
	ssl.keystore.location = null
	ssl.keystore.password = null
	ssl.keystore.type = JKS
	ssl.protocol = TLSv1.3
	ssl.provider = null
	ssl.secure.random.implementation = null
	ssl.trustmanager.algorithm = PKIX
	ssl.truststore.certificates = null
	ssl.truststore.location = null
	ssl.truststore.password = null
	ssl.truststore.type = JKS
	transaction.timeout.ms = 60000
	transactional.id = null
	value.serializer = class io.apicurio.registry.serde.protobuf.ProtobufKafkaSerializer

2025-07-31 15:31:43,635 INFO  [org.apa.kaf.com.tel.int.KafkaMetricsCollector] (main) initializing Kafka metrics collector
2025-07-31 15:31:43,639 INFO  [org.apa.kaf.cli.pro.KafkaProducer] (main) [Producer clientId=Producer-s9c1f8000x30a9x418axb110x1cd9f48f5c0f] Instantiated an idempotent producer.
2025-07-31 15:31:43,642 INFO  [org.apa.kaf.cli.pro.ProducerConfig] (main) These configurations '[apicurio.registry.find-latest, apicurio.registry.url, apicurio.registry.headers.enabled, apicurio.registry.artifact-resolver-strategy]' were supplied but are not used yet.
2025-07-31 15:31:43,642 INFO  [org.apa.kaf.com.uti.AppInfoParser] (main) Kafka version: 3.9.0
2025-07-31 15:31:43,642 INFO  [org.apa.kaf.com.uti.AppInfoParser] (main) Kafka commitId: 84caaa6e9da06435
2025-07-31 15:31:43,642 INFO  [org.apa.kaf.com.uti.AppInfoParser] (main) Kafka startTimeMs: 1753975903642
2025-07-31 15:31:43,642 INFO  [io.api.tes.ser.api.SimpleSerdesTesterBuilder$SimpleSerdesTester] (main) Using producer configuration: {apicurio.registry.find-latest=true, apicurio.registry.url=http://registry-app-mysql.apps.ci419.apicurio-testing.org:80/apis/registry/v3, apicurio.registry.headers.enabled=true, apicurio.registry.artifact-resolver-strategy=io.apicurio.registry.serde.strategy.TopicIdStrategy, value.serializer=io.apicurio.registry.serde.protobuf.ProtobufKafkaSerializer, request.timeout.ms=5000, acks=all, bootstrap.servers=PLAINTEXT://localhost:32770, connections.max.idle.ms=10000, key.serializer=org.apache.kafka.common.serialization.StringSerializer, client.id=Producer-s9c1f8000x30a9x418axb110x1cd9f48f5c0f}
2025-07-31 15:31:43,642 INFO  [io.api.tes.ser.api.SimpleSerdesTesterBuilder$SimpleSerdesTester] (main) Using consumer configuration: {apicurio.registry.headers.enabled=true}
2025-07-31 15:31:43,642 INFO  [io.api.tes.ser.api.KafkaSerdesTester] (Thread-332) Sending message msb: 1753975903642
lsb: 321
 to topic s9c1f8000x30a9x418axb110x1cd9f48f5c0f
2025-07-31 15:31:43,645 INFO  [org.apa.kaf.cli.Metadata] (kafka-producer-network-thread | Producer-s9c1f8000x30a9x418axb110x1cd9f48f5c0f) [Producer clientId=Producer-s9c1f8000x30a9x418axb110x1cd9f48f5c0f] Cluster ID: u8-Iy8eKRM2xsCw1W024xw
2025-07-31 15:31:43,646 INFO  [org.apa.kaf.cli.pro.int.TransactionManager] (kafka-producer-network-thread | Producer-s9c1f8000x30a9x418axb110x1cd9f48f5c0f) [Producer clientId=Producer-s9c1f8000x30a9x418axb110x1cd9f48f5c0f] ProducerId set to 38 with epoch 0
2025-07-31 15:31:43,755 INFO  [io.api.tes.ser.api.KafkaSerdesTester] (Thread-332) Sending message msb: 1753975903755
lsb: 321
 to topic s9c1f8000x30a9x418axb110x1cd9f48f5c0f
2025-07-31 15:31:43,756 INFO  [io.api.tes.ser.api.KafkaSerdesTester] (Thread-332) Sending message msb: 1753975903756
lsb: 321
 to topic s9c1f8000x30a9x418axb110x1cd9f48f5c0f
2025-07-31 15:31:43,757 INFO  [io.api.tes.ser.api.KafkaSerdesTester] (Thread-332) Sending message msb: 1753975903757
lsb: 321
 to topic s9c1f8000x30a9x418axb110x1cd9f48f5c0f
2025-07-31 15:31:43,758 INFO  [io.api.tes.ser.api.KafkaSerdesTester] (Thread-332) Sending message msb: 1753975903758
lsb: 321
 to topic s9c1f8000x30a9x418axb110x1cd9f48f5c0f
2025-07-31 15:31:43,759 INFO  [io.api.tes.ser.api.KafkaSerdesTester] (Thread-332) Sending message msb: 1753975903759
lsb: 321
 to topic s9c1f8000x30a9x418axb110x1cd9f48f5c0f
2025-07-31 15:31:43,760 INFO  [io.api.tes.ser.api.KafkaSerdesTester] (Thread-332) Sending message msb: 1753975903760
lsb: 321
 to topic s9c1f8000x30a9x418axb110x1cd9f48f5c0f
2025-07-31 15:31:43,762 INFO  [io.api.tes.ser.api.KafkaSerdesTester] (Thread-332) Sending message msb: 1753975903762
lsb: 321
 to topic s9c1f8000x30a9x418axb110x1cd9f48f5c0f
2025-07-31 15:31:43,763 INFO  [io.api.tes.ser.api.KafkaSerdesTester] (Thread-332) Sending message msb: 1753975903763
lsb: 321
 to topic s9c1f8000x30a9x418axb110x1cd9f48f5c0f
2025-07-31 15:31:43,767 INFO  [io.api.tes.ser.api.KafkaSerdesTester] (Thread-332) Sending message msb: 1753975903767
lsb: 321
 to topic s9c1f8000x30a9x418axb110x1cd9f48f5c0f
2025-07-31 15:31:43,771 INFO  [io.api.tes.ser.api.KafkaSerdesTester] (Thread-332) Produced 10 messages
2025-07-31 15:31:43,771 INFO  [org.apa.kaf.cli.pro.KafkaProducer] (Thread-332) [Producer clientId=Producer-s9c1f8000x30a9x418axb110x1cd9f48f5c0f] Closing the Kafka producer with timeoutMillis = 9223372036854775807 ms.
2025-07-31 15:31:43,773 INFO  [org.apa.kaf.com.met.Metrics] (Thread-332) Metrics scheduler closed
2025-07-31 15:31:43,773 INFO  [org.apa.kaf.com.met.Metrics] (Thread-332) Closing reporter org.apache.kafka.common.metrics.JmxReporter
2025-07-31 15:31:43,773 INFO  [org.apa.kaf.com.met.Metrics] (Thread-332) Closing reporter org.apache.kafka.common.telemetry.internals.ClientTelemetryReporter
2025-07-31 15:31:43,773 INFO  [org.apa.kaf.com.met.Metrics] (Thread-332) Metrics reporters closed
2025-07-31 15:31:43,773 INFO  [org.apa.kaf.com.uti.AppInfoParser] (Thread-332) App info kafka.producer for Producer-s9c1f8000x30a9x418axb110x1cd9f48f5c0f unregistered
2025-07-31 15:31:43,774 INFO  [org.apa.kaf.cli.con.ConsumerConfig] (main) ConsumerConfig values: 
	allow.auto.create.topics = true
	auto.commit.interval.ms = 500
	auto.include.jmx.reporter = true
	auto.offset.reset = earliest
	bootstrap.servers = [PLAINTEXT://localhost:32770]
	check.crcs = true
	client.dns.lookup = use_all_dns_ips
	client.id = consumer-Consumer-s9c1f8000x30a9x418axb110x1cd9f48f5c0f-28
	client.rack = 
	connections.max.idle.ms = 10000
	default.api.timeout.ms = 60000
	enable.auto.commit = true
	enable.metrics.push = true
	exclude.internal.topics = true
	fetch.max.bytes = 52428800
	fetch.max.wait.ms = 500
	fetch.min.bytes = 1
	group.id = Consumer-s9c1f8000x30a9x418axb110x1cd9f48f5c0f
	group.instance.id = null
	group.protocol = classic
	group.remote.assignor = null
	heartbeat.interval.ms = 3000
	interceptor.classes = []
	internal.leave.group.on.close = true
	internal.throw.on.fetch.stable.offset.unsupported = false
	isolation.level = read_uncommitted
	key.deserializer = class org.apache.kafka.common.serialization.StringDeserializer
	max.partition.fetch.bytes = 1048576
	max.poll.interval.ms = 300000
	max.poll.records = 500
	metadata.max.age.ms = 300000
	metadata.recovery.strategy = none
	metric.reporters = []
	metrics.num.samples = 2
	metrics.recording.level = INFO
	metrics.sample.window.ms = 30000
	partition.assignment.strategy = [class org.apache.kafka.clients.consumer.RangeAssignor, class org.apache.kafka.clients.consumer.CooperativeStickyAssignor]
	receive.buffer.bytes = 65536
	reconnect.backoff.max.ms = 1000
	reconnect.backoff.ms = 50
	request.timeout.ms = 5000
	retry.backoff.max.ms = 1000
	retry.backoff.ms = 100
	sasl.client.callback.handler.class = null
	sasl.jaas.config = null
	sasl.kerberos.kinit.cmd = /usr/bin/kinit
	sasl.kerberos.min.time.before.relogin = 60000
	sasl.kerberos.service.name = null
	sasl.kerberos.ticket.renew.jitter = 0.05
	sasl.kerberos.ticket.renew.window.factor = 0.8
	sasl.login.callback.handler.class = null
	sasl.login.class = null
	sasl.login.connect.timeout.ms = null
	sasl.login.read.timeout.ms = null
	sasl.login.refresh.buffer.seconds = 300
	sasl.login.refresh.min.period.seconds = 60
	sasl.login.refresh.window.factor = 0.8
	sasl.login.refresh.window.jitter = 0.05
	sasl.login.retry.backoff.max.ms = 10000
	sasl.login.retry.backoff.ms = 100
	sasl.mechanism = GSSAPI
	sasl.oauthbearer.clock.skew.seconds = 30
	sasl.oauthbearer.expected.audience = null
	sasl.oauthbearer.expected.issuer = null
	sasl.oauthbearer.header.urlencode = false
	sasl.oauthbearer.jwks.endpoint.refresh.ms = 3600000
	sasl.oauthbearer.jwks.endpoint.retry.backoff.max.ms = 10000
	sasl.oauthbearer.jwks.endpoint.retry.backoff.ms = 100
	sasl.oauthbearer.jwks.endpoint.url = null
	sasl.oauthbearer.scope.claim.name = scope
	sasl.oauthbearer.sub.claim.name = sub
	sasl.oauthbearer.token.endpoint.url = null
	security.protocol = PLAINTEXT
	security.providers = null
	send.buffer.bytes = 131072
	session.timeout.ms = 45000
	socket.connection.setup.timeout.max.ms = 30000
	socket.connection.setup.timeout.ms = 10000
	ssl.cipher.suites = null
	ssl.enabled.protocols = [TLSv1.2, TLSv1.3]
	ssl.endpoint.identification.algorithm = https
	ssl.engine.factory.class = null
	ssl.key.password = null
	ssl.keymanager.algorithm = SunX509
	ssl.keystore.certificate.chain = null
	ssl.keystore.key = null
	ssl.keystore.location = null
	ssl.keystore.password = null
	ssl.keystore.type = JKS
	ssl.protocol = TLSv1.3
	ssl.provider = null
	ssl.secure.random.implementation = null
	ssl.trustmanager.algorithm = PKIX
	ssl.truststore.certificates = null
	ssl.truststore.location = null
	ssl.truststore.password = null
	ssl.truststore.type = JKS
	value.deserializer = class io.apicurio.registry.serde.protobuf.ProtobufKafkaDeserializer

2025-07-31 15:31:43,775 INFO  [org.apa.kaf.com.tel.int.KafkaMetricsCollector] (main) initializing Kafka metrics collector
2025-07-31 15:31:43,789 INFO  [org.apa.kaf.cli.con.ConsumerConfig] (main) These configurations '[apicurio.registry.url, apicurio.registry.headers.enabled]' were supplied but are not used yet.
2025-07-31 15:31:43,789 INFO  [org.apa.kaf.com.uti.AppInfoParser] (main) Kafka version: 3.9.0
2025-07-31 15:31:43,789 INFO  [org.apa.kaf.com.uti.AppInfoParser] (main) Kafka commitId: 84caaa6e9da06435
2025-07-31 15:31:43,789 INFO  [org.apa.kaf.com.uti.AppInfoParser] (main) Kafka startTimeMs: 1753975903789
2025-07-31 15:31:43,795 INFO  [org.apa.kaf.cli.con.int.ClassicKafkaConsumer] (Thread-335) [Consumer clientId=consumer-Consumer-s9c1f8000x30a9x418axb110x1cd9f48f5c0f-28, groupId=Consumer-s9c1f8000x30a9x418axb110x1cd9f48f5c0f] Subscribed to topic(s): s9c1f8000x30a9x418axb110x1cd9f48f5c0f
2025-07-31 15:31:43,801 INFO  [org.apa.kaf.cli.Metadata] (Thread-335) [Consumer clientId=consumer-Consumer-s9c1f8000x30a9x418axb110x1cd9f48f5c0f-28, groupId=Consumer-s9c1f8000x30a9x418axb110x1cd9f48f5c0f] Cluster ID: u8-Iy8eKRM2xsCw1W024xw
2025-07-31 15:31:43,801 INFO  [org.apa.kaf.cli.con.int.ConsumerCoordinator] (Thread-335) [Consumer clientId=consumer-Consumer-s9c1f8000x30a9x418axb110x1cd9f48f5c0f-28, groupId=Consumer-s9c1f8000x30a9x418axb110x1cd9f48f5c0f] Discovered group coordinator localhost:32770 (id: 2147483647 rack: null)
2025-07-31 15:31:43,805 INFO  [org.apa.kaf.cli.con.int.ConsumerCoordinator] (Thread-335) [Consumer clientId=consumer-Consumer-s9c1f8000x30a9x418axb110x1cd9f48f5c0f-28, groupId=Consumer-s9c1f8000x30a9x418axb110x1cd9f48f5c0f] (Re-)joining group
2025-07-31 15:31:43,807 INFO  [org.apa.kaf.cli.con.int.ConsumerCoordinator] (Thread-335) [Consumer clientId=consumer-Consumer-s9c1f8000x30a9x418axb110x1cd9f48f5c0f-28, groupId=Consumer-s9c1f8000x30a9x418axb110x1cd9f48f5c0f] Request joining group due to: need to re-join with the given member-id: consumer-Consumer-s9c1f8000x30a9x418axb110x1cd9f48f5c0f-28-ea3d0fea-cfb3-4dcd-840b-97b0ae8bd8b5
2025-07-31 15:31:43,807 INFO  [org.apa.kaf.cli.con.int.ConsumerCoordinator] (Thread-335) [Consumer clientId=consumer-Consumer-s9c1f8000x30a9x418axb110x1cd9f48f5c0f-28, groupId=Consumer-s9c1f8000x30a9x418axb110x1cd9f48f5c0f] (Re-)joining group
2025-07-31 15:31:43,812 INFO  [org.apa.kaf.cli.con.int.ConsumerCoordinator] (Thread-335) [Consumer clientId=consumer-Consumer-s9c1f8000x30a9x418axb110x1cd9f48f5c0f-28, groupId=Consumer-s9c1f8000x30a9x418axb110x1cd9f48f5c0f] Successfully joined group with generation Generation{generationId=7, memberId='consumer-Consumer-s9c1f8000x30a9x418axb110x1cd9f48f5c0f-28-ea3d0fea-cfb3-4dcd-840b-97b0ae8bd8b5', protocol='range'}
2025-07-31 15:31:43,812 INFO  [org.apa.kaf.cli.con.int.ConsumerCoordinator] (Thread-335) [Consumer clientId=consumer-Consumer-s9c1f8000x30a9x418axb110x1cd9f48f5c0f-28, groupId=Consumer-s9c1f8000x30a9x418axb110x1cd9f48f5c0f] Finished assignment for group at generation 7: {consumer-Consumer-s9c1f8000x30a9x418axb110x1cd9f48f5c0f-28-ea3d0fea-cfb3-4dcd-840b-97b0ae8bd8b5=Assignment(partitions=[s9c1f8000x30a9x418axb110x1cd9f48f5c0f-0])}
2025-07-31 15:31:43,815 INFO  [org.apa.kaf.cli.con.int.ConsumerCoordinator] (Thread-335) [Consumer clientId=consumer-Consumer-s9c1f8000x30a9x418axb110x1cd9f48f5c0f-28, groupId=Consumer-s9c1f8000x30a9x418axb110x1cd9f48f5c0f] Successfully synced group in generation Generation{generationId=7, memberId='consumer-Consumer-s9c1f8000x30a9x418axb110x1cd9f48f5c0f-28-ea3d0fea-cfb3-4dcd-840b-97b0ae8bd8b5', protocol='range'}
2025-07-31 15:31:43,815 INFO  [org.apa.kaf.cli.con.int.ConsumerCoordinator] (Thread-335) [Consumer clientId=consumer-Consumer-s9c1f8000x30a9x418axb110x1cd9f48f5c0f-28, groupId=Consumer-s9c1f8000x30a9x418axb110x1cd9f48f5c0f] Notifying assignor about the new Assignment(partitions=[s9c1f8000x30a9x418axb110x1cd9f48f5c0f-0])
2025-07-31 15:31:43,815 INFO  [org.apa.kaf.cli.con.int.ConsumerRebalanceListenerInvoker] (Thread-335) [Consumer clientId=consumer-Consumer-s9c1f8000x30a9x418axb110x1cd9f48f5c0f-28, groupId=Consumer-s9c1f8000x30a9x418axb110x1cd9f48f5c0f] Adding newly assigned partitions: s9c1f8000x30a9x418axb110x1cd9f48f5c0f-0
2025-07-31 15:31:43,818 INFO  [org.apa.kaf.cli.con.int.ConsumerUtils] (Thread-335) Setting offset for partition s9c1f8000x30a9x418axb110x1cd9f48f5c0f-0 to the committed offset FetchPosition{offset=30, offsetEpoch=Optional[0], currentLeader=LeaderAndEpoch{leader=Optional[localhost:32770 (id: 0 rack: null)], epoch=0}}
2025-07-31 15:31:43,910 INFO  [io.api.tes.ser.api.KafkaSerdesTester] (Thread-335) s9c1f8000x30a9x418axb110x1cd9f48f5c0f 0 30 msb: 1753975903642
lsb: 321

2025-07-31 15:31:43,910 INFO  [io.api.tes.ser.api.KafkaSerdesTester] (Thread-335) s9c1f8000x30a9x418axb110x1cd9f48f5c0f 0 31 msb: 1753975903755
lsb: 321

2025-07-31 15:31:43,910 INFO  [io.api.tes.ser.api.KafkaSerdesTester] (Thread-335) s9c1f8000x30a9x418axb110x1cd9f48f5c0f 0 32 msb: 1753975903756
lsb: 321

2025-07-31 15:31:43,910 INFO  [io.api.tes.ser.api.KafkaSerdesTester] (Thread-335) s9c1f8000x30a9x418axb110x1cd9f48f5c0f 0 33 msb: 1753975903757
lsb: 321

2025-07-31 15:31:43,911 INFO  [io.api.tes.ser.api.KafkaSerdesTester] (Thread-335) s9c1f8000x30a9x418axb110x1cd9f48f5c0f 0 34 msb: 1753975903758
lsb: 321

2025-07-31 15:31:43,911 INFO  [io.api.tes.ser.api.KafkaSerdesTester] (Thread-335) s9c1f8000x30a9x418axb110x1cd9f48f5c0f 0 35 msb: 1753975903759
lsb: 321

2025-07-31 15:31:43,911 INFO  [io.api.tes.ser.api.KafkaSerdesTester] (Thread-335) s9c1f8000x30a9x418axb110x1cd9f48f5c0f 0 36 msb: 1753975903760
lsb: 321

2025-07-31 15:31:43,911 INFO  [io.api.tes.ser.api.KafkaSerdesTester] (Thread-335) s9c1f8000x30a9x418axb110x1cd9f48f5c0f 0 37 msb: 1753975903762
lsb: 321

2025-07-31 15:31:43,911 INFO  [io.api.tes.ser.api.KafkaSerdesTester] (Thread-335) s9c1f8000x30a9x418axb110x1cd9f48f5c0f 0 38 msb: 1753975903763
lsb: 321

2025-07-31 15:31:43,911 INFO  [io.api.tes.ser.api.KafkaSerdesTester] (Thread-335) s9c1f8000x30a9x418axb110x1cd9f48f5c0f 0 39 msb: 1753975903767
lsb: 321

2025-07-31 15:31:43,911 INFO  [io.api.tes.ser.api.KafkaSerdesTester] (Thread-335) Consumed 10 messages
2025-07-31 15:31:43,914 INFO  [org.apa.kaf.cli.con.int.ConsumerRebalanceListenerInvoker] (Thread-335) [Consumer clientId=consumer-Consumer-s9c1f8000x30a9x418axb110x1cd9f48f5c0f-28, groupId=Consumer-s9c1f8000x30a9x418axb110x1cd9f48f5c0f] Revoke previously assigned partitions s9c1f8000x30a9x418axb110x1cd9f48f5c0f-0
2025-07-31 15:31:43,914 INFO  [org.apa.kaf.cli.con.int.ConsumerCoordinator] (Thread-335) [Consumer clientId=consumer-Consumer-s9c1f8000x30a9x418axb110x1cd9f48f5c0f-28, groupId=Consumer-s9c1f8000x30a9x418axb110x1cd9f48f5c0f] Member consumer-Consumer-s9c1f8000x30a9x418axb110x1cd9f48f5c0f-28-ea3d0fea-cfb3-4dcd-840b-97b0ae8bd8b5 sending LeaveGroup request to coordinator localhost:32770 (id: 2147483647 rack: null) due to the consumer is being closed
2025-07-31 15:31:43,916 INFO  [org.apa.kaf.cli.con.int.ConsumerCoordinator] (Thread-335) [Consumer clientId=consumer-Consumer-s9c1f8000x30a9x418axb110x1cd9f48f5c0f-28, groupId=Consumer-s9c1f8000x30a9x418axb110x1cd9f48f5c0f] Resetting generation and member id due to: consumer pro-actively leaving the group
2025-07-31 15:31:43,916 INFO  [org.apa.kaf.cli.con.int.ConsumerCoordinator] (Thread-335) [Consumer clientId=consumer-Consumer-s9c1f8000x30a9x418axb110x1cd9f48f5c0f-28, groupId=Consumer-s9c1f8000x30a9x418axb110x1cd9f48f5c0f] Request joining group due to: consumer pro-actively leaving the group
2025-07-31 15:31:44,410 INFO  [org.apa.kaf.com.met.Metrics] (Thread-335) Metrics scheduler closed
2025-07-31 15:31:44,410 INFO  [org.apa.kaf.com.met.Metrics] (Thread-335) Closing reporter org.apache.kafka.common.metrics.JmxReporter
2025-07-31 15:31:44,410 INFO  [org.apa.kaf.com.met.Metrics] (Thread-335) Closing reporter org.apache.kafka.common.telemetry.internals.ClientTelemetryReporter
2025-07-31 15:31:44,410 INFO  [org.apa.kaf.com.met.Metrics] (Thread-335) Metrics reporters closed
2025-07-31 15:31:44,412 INFO  [org.apa.kaf.com.uti.AppInfoParser] (Thread-335) App info kafka.consumer for consumer-Consumer-s9c1f8000x30a9x418axb110x1cd9f48f5c0f-28 unregistered
2025-07-31 15:31:44,413 INFO  [org.apa.kaf.cli.pro.ProducerConfig] (main) ProducerConfig values: 
	acks = -1
	auto.include.jmx.reporter = true
	batch.size = 16384
	bootstrap.servers = [PLAINTEXT://localhost:32770]
	buffer.memory = 33554432
	client.dns.lookup = use_all_dns_ips
	client.id = Producer-s9c1f8000x30a9x418axb110x1cd9f48f5c0f
	compression.gzip.level = -1
	compression.lz4.level = 9
	compression.type = none
	compression.zstd.level = 3
	connections.max.idle.ms = 10000
	delivery.timeout.ms = 120000
	enable.idempotence = true
	enable.metrics.push = true
	interceptor.classes = []
	key.serializer = class org.apache.kafka.common.serialization.StringSerializer
	linger.ms = 0
	max.block.ms = 60000
	max.in.flight.requests.per.connection = 5
	max.request.size = 1048576
	metadata.max.age.ms = 300000
	metadata.max.idle.ms = 300000
	metadata.recovery.strategy = none
	metric.reporters = []
	metrics.num.samples = 2
	metrics.recording.level = INFO
	metrics.sample.window.ms = 30000
	partitioner.adaptive.partitioning.enable = true
	partitioner.availability.timeout.ms = 0
	partitioner.class = null
	partitioner.ignore.keys = false
	receive.buffer.bytes = 32768
	reconnect.backoff.max.ms = 1000
	reconnect.backoff.ms = 50
	request.timeout.ms = 5000
	retries = 2147483647
	retry.backoff.max.ms = 1000
	retry.backoff.ms = 100
	sasl.client.callback.handler.class = null
	sasl.jaas.config = null
	sasl.kerberos.kinit.cmd = /usr/bin/kinit
	sasl.kerberos.min.time.before.relogin = 60000
	sasl.kerberos.service.name = null
	sasl.kerberos.ticket.renew.jitter = 0.05
	sasl.kerberos.ticket.renew.window.factor = 0.8
	sasl.login.callback.handler.class = null
	sasl.login.class = null
	sasl.login.connect.timeout.ms = null
	sasl.login.read.timeout.ms = null
	sasl.login.refresh.buffer.seconds = 300
	sasl.login.refresh.min.period.seconds = 60
	sasl.login.refresh.window.factor = 0.8
	sasl.login.refresh.window.jitter = 0.05
	sasl.login.retry.backoff.max.ms = 10000
	sasl.login.retry.backoff.ms = 100
	sasl.mechanism = GSSAPI
	sasl.oauthbearer.clock.skew.seconds = 30
	sasl.oauthbearer.expected.audience = null
	sasl.oauthbearer.expected.issuer = null
	sasl.oauthbearer.header.urlencode = false
	sasl.oauthbearer.jwks.endpoint.refresh.ms = 3600000
	sasl.oauthbearer.jwks.endpoint.retry.backoff.max.ms = 10000
	sasl.oauthbearer.jwks.endpoint.retry.backoff.ms = 100
	sasl.oauthbearer.jwks.endpoint.url = null
	sasl.oauthbearer.scope.claim.name = scope
	sasl.oauthbearer.sub.claim.name = sub
	sasl.oauthbearer.token.endpoint.url = null
	security.protocol = PLAINTEXT
	security.providers = null
	send.buffer.bytes = 131072
	socket.connection.setup.timeout.max.ms = 30000
	socket.connection.setup.timeout.ms = 10000
	ssl.cipher.suites = null
	ssl.enabled.protocols = [TLSv1.2, TLSv1.3]
	ssl.endpoint.identification.algorithm = https
	ssl.engine.factory.class = null
	ssl.key.password = null
	ssl.keymanager.algorithm = SunX509
	ssl.keystore.certificate.chain = null
	ssl.keystore.key = null
	ssl.keystore.location = null
	ssl.keystore.password = null
	ssl.keystore.type = JKS
	ssl.protocol = TLSv1.3
	ssl.provider = null
	ssl.secure.random.implementation = null
	ssl.trustmanager.algorithm = PKIX
	ssl.truststore.certificates = null
	ssl.truststore.location = null
	ssl.truststore.password = null
	ssl.truststore.type = JKS
	transaction.timeout.ms = 60000
	transactional.id = null
	value.serializer = class io.apicurio.registry.serde.protobuf.ProtobufKafkaSerializer

2025-07-31 15:31:44,413 INFO  [org.apa.kaf.com.tel.int.KafkaMetricsCollector] (main) initializing Kafka metrics collector
2025-07-31 15:31:44,416 INFO  [org.apa.kaf.cli.pro.KafkaProducer] (main) [Producer clientId=Producer-s9c1f8000x30a9x418axb110x1cd9f48f5c0f] Instantiated an idempotent producer.
2025-07-31 15:31:44,423 INFO  [org.apa.kaf.cli.pro.ProducerConfig] (main) These configurations '[apicurio.registry.url, apicurio.registry.headers.enabled, apicurio.registry.artifact-resolver-strategy, apicurio.registry.artifact.version]' were supplied but are not used yet.
2025-07-31 15:31:44,423 INFO  [org.apa.kaf.com.uti.AppInfoParser] (main) Kafka version: 3.9.0
2025-07-31 15:31:44,423 INFO  [org.apa.kaf.com.uti.AppInfoParser] (main) Kafka commitId: 84caaa6e9da06435
2025-07-31 15:31:44,423 INFO  [org.apa.kaf.com.uti.AppInfoParser] (main) Kafka startTimeMs: 1753975904423
2025-07-31 15:31:44,423 INFO  [io.api.tes.ser.api.SimpleSerdesTesterBuilder$SimpleSerdesTester] (main) Using producer configuration: {apicurio.registry.url=http://registry-app-mysql.apps.ci419.apicurio-testing.org:80/apis/registry/v3, apicurio.registry.headers.enabled=true, apicurio.registry.artifact-resolver-strategy=io.apicurio.registry.serde.strategy.TopicIdStrategy, value.serializer=io.apicurio.registry.serde.protobuf.ProtobufKafkaSerializer, request.timeout.ms=5000, acks=all, bootstrap.servers=PLAINTEXT://localhost:32770, connections.max.idle.ms=10000, apicurio.registry.artifact.version=2, key.serializer=org.apache.kafka.common.serialization.StringSerializer, client.id=Producer-s9c1f8000x30a9x418axb110x1cd9f48f5c0f}
2025-07-31 15:31:44,423 INFO  [io.api.tes.ser.api.SimpleSerdesTesterBuilder$SimpleSerdesTester] (main) Using consumer configuration: {apicurio.registry.headers.enabled=true}
2025-07-31 15:31:44,424 INFO  [io.api.tes.ser.api.KafkaSerdesTester] (Thread-338) Sending message msb: 1753975904424
lsb: 321
 to topic s9c1f8000x30a9x418axb110x1cd9f48f5c0f
2025-07-31 15:31:44,426 INFO  [org.apa.kaf.cli.Metadata] (kafka-producer-network-thread | Producer-s9c1f8000x30a9x418axb110x1cd9f48f5c0f) [Producer clientId=Producer-s9c1f8000x30a9x418axb110x1cd9f48f5c0f] Cluster ID: u8-Iy8eKRM2xsCw1W024xw
2025-07-31 15:31:44,427 INFO  [org.apa.kaf.cli.pro.int.TransactionManager] (kafka-producer-network-thread | Producer-s9c1f8000x30a9x418axb110x1cd9f48f5c0f) [Producer clientId=Producer-s9c1f8000x30a9x418axb110x1cd9f48f5c0f] ProducerId set to 39 with epoch 0
2025-07-31 15:31:44,538 INFO  [io.api.tes.ser.api.KafkaSerdesTester] (Thread-338) Sending message msb: 1753975904538
lsb: 321
 to topic s9c1f8000x30a9x418axb110x1cd9f48f5c0f
2025-07-31 15:31:44,539 INFO  [io.api.tes.ser.api.KafkaSerdesTester] (Thread-338) Sending message msb: 1753975904539
lsb: 321
 to topic s9c1f8000x30a9x418axb110x1cd9f48f5c0f
2025-07-31 15:31:44,541 INFO  [io.api.tes.ser.api.KafkaSerdesTester] (Thread-338) Sending message msb: 1753975904541
lsb: 321
 to topic s9c1f8000x30a9x418axb110x1cd9f48f5c0f
2025-07-31 15:31:44,542 INFO  [io.api.tes.ser.api.KafkaSerdesTester] (Thread-338) Sending message msb: 1753975904542
lsb: 321
 to topic s9c1f8000x30a9x418axb110x1cd9f48f5c0f
2025-07-31 15:31:44,543 INFO  [io.api.tes.ser.api.KafkaSerdesTester] (Thread-338) Sending message msb: 1753975904543
lsb: 321
 to topic s9c1f8000x30a9x418axb110x1cd9f48f5c0f
2025-07-31 15:31:44,544 INFO  [io.api.tes.ser.api.KafkaSerdesTester] (Thread-338) Sending message msb: 1753975904544
lsb: 321
 to topic s9c1f8000x30a9x418axb110x1cd9f48f5c0f
2025-07-31 15:31:44,545 INFO  [io.api.tes.ser.api.KafkaSerdesTester] (Thread-338) Sending message msb: 1753975904545
lsb: 321
 to topic s9c1f8000x30a9x418axb110x1cd9f48f5c0f
2025-07-31 15:31:44,546 INFO  [io.api.tes.ser.api.KafkaSerdesTester] (Thread-338) Sending message msb: 1753975904546
lsb: 321
 to topic s9c1f8000x30a9x418axb110x1cd9f48f5c0f
2025-07-31 15:31:44,547 INFO  [io.api.tes.ser.api.KafkaSerdesTester] (Thread-338) Sending message msb: 1753975904547
lsb: 321
 to topic s9c1f8000x30a9x418axb110x1cd9f48f5c0f
2025-07-31 15:31:44,548 INFO  [io.api.tes.ser.api.KafkaSerdesTester] (Thread-338) Produced 10 messages
2025-07-31 15:31:44,548 INFO  [org.apa.kaf.cli.pro.KafkaProducer] (Thread-338) [Producer clientId=Producer-s9c1f8000x30a9x418axb110x1cd9f48f5c0f] Closing the Kafka producer with timeoutMillis = 9223372036854775807 ms.
2025-07-31 15:31:44,549 INFO  [org.apa.kaf.com.met.Metrics] (Thread-338) Metrics scheduler closed
2025-07-31 15:31:44,549 INFO  [org.apa.kaf.com.met.Metrics] (Thread-338) Closing reporter org.apache.kafka.common.metrics.JmxReporter
2025-07-31 15:31:44,549 INFO  [org.apa.kaf.com.met.Metrics] (Thread-338) Closing reporter org.apache.kafka.common.telemetry.internals.ClientTelemetryReporter
2025-07-31 15:31:44,549 INFO  [org.apa.kaf.com.met.Metrics] (Thread-338) Metrics reporters closed
2025-07-31 15:31:44,549 INFO  [org.apa.kaf.com.uti.AppInfoParser] (Thread-338) App info kafka.producer for Producer-s9c1f8000x30a9x418axb110x1cd9f48f5c0f unregistered
2025-07-31 15:31:44,550 INFO  [org.apa.kaf.cli.con.ConsumerConfig] (main) ConsumerConfig values: 
	allow.auto.create.topics = true
	auto.commit.interval.ms = 500
	auto.include.jmx.reporter = true
	auto.offset.reset = earliest
	bootstrap.servers = [PLAINTEXT://localhost:32770]
	check.crcs = true
	client.dns.lookup = use_all_dns_ips
	client.id = consumer-Consumer-s9c1f8000x30a9x418axb110x1cd9f48f5c0f-29
	client.rack = 
	connections.max.idle.ms = 10000
	default.api.timeout.ms = 60000
	enable.auto.commit = true
	enable.metrics.push = true
	exclude.internal.topics = true
	fetch.max.bytes = 52428800
	fetch.max.wait.ms = 500
	fetch.min.bytes = 1
	group.id = Consumer-s9c1f8000x30a9x418axb110x1cd9f48f5c0f
	group.instance.id = null
	group.protocol = classic
	group.remote.assignor = null
	heartbeat.interval.ms = 3000
	interceptor.classes = []
	internal.leave.group.on.close = true
	internal.throw.on.fetch.stable.offset.unsupported = false
	isolation.level = read_uncommitted
	key.deserializer = class org.apache.kafka.common.serialization.StringDeserializer
	max.partition.fetch.bytes = 1048576
	max.poll.interval.ms = 300000
	max.poll.records = 500
	metadata.max.age.ms = 300000
	metadata.recovery.strategy = none
	metric.reporters = []
	metrics.num.samples = 2
	metrics.recording.level = INFO
	metrics.sample.window.ms = 30000
	partition.assignment.strategy = [class org.apache.kafka.clients.consumer.RangeAssignor, class org.apache.kafka.clients.consumer.CooperativeStickyAssignor]
	receive.buffer.bytes = 65536
	reconnect.backoff.max.ms = 1000
	reconnect.backoff.ms = 50
	request.timeout.ms = 5000
	retry.backoff.max.ms = 1000
	retry.backoff.ms = 100
	sasl.client.callback.handler.class = null
	sasl.jaas.config = null
	sasl.kerberos.kinit.cmd = /usr/bin/kinit
	sasl.kerberos.min.time.before.relogin = 60000
	sasl.kerberos.service.name = null
	sasl.kerberos.ticket.renew.jitter = 0.05
	sasl.kerberos.ticket.renew.window.factor = 0.8
	sasl.login.callback.handler.class = null
	sasl.login.class = null
	sasl.login.connect.timeout.ms = null
	sasl.login.read.timeout.ms = null
	sasl.login.refresh.buffer.seconds = 300
	sasl.login.refresh.min.period.seconds = 60
	sasl.login.refresh.window.factor = 0.8
	sasl.login.refresh.window.jitter = 0.05
	sasl.login.retry.backoff.max.ms = 10000
	sasl.login.retry.backoff.ms = 100
	sasl.mechanism = GSSAPI
	sasl.oauthbearer.clock.skew.seconds = 30
	sasl.oauthbearer.expected.audience = null
	sasl.oauthbearer.expected.issuer = null
	sasl.oauthbearer.header.urlencode = false
	sasl.oauthbearer.jwks.endpoint.refresh.ms = 3600000
	sasl.oauthbearer.jwks.endpoint.retry.backoff.max.ms = 10000
	sasl.oauthbearer.jwks.endpoint.retry.backoff.ms = 100
	sasl.oauthbearer.jwks.endpoint.url = null
	sasl.oauthbearer.scope.claim.name = scope
	sasl.oauthbearer.sub.claim.name = sub
	sasl.oauthbearer.token.endpoint.url = null
	security.protocol = PLAINTEXT
	security.providers = null
	send.buffer.bytes = 131072
	session.timeout.ms = 45000
	socket.connection.setup.timeout.max.ms = 30000
	socket.connection.setup.timeout.ms = 10000
	ssl.cipher.suites = null
	ssl.enabled.protocols = [TLSv1.2, TLSv1.3]
	ssl.endpoint.identification.algorithm = https
	ssl.engine.factory.class = null
	ssl.key.password = null
	ssl.keymanager.algorithm = SunX509
	ssl.keystore.certificate.chain = null
	ssl.keystore.key = null
	ssl.keystore.location = null
	ssl.keystore.password = null
	ssl.keystore.type = JKS
	ssl.protocol = TLSv1.3
	ssl.provider = null
	ssl.secure.random.implementation = null
	ssl.trustmanager.algorithm = PKIX
	ssl.truststore.certificates = null
	ssl.truststore.location = null
	ssl.truststore.password = null
	ssl.truststore.type = JKS
	value.deserializer = class io.apicurio.registry.serde.protobuf.ProtobufKafkaDeserializer

2025-07-31 15:31:44,550 INFO  [org.apa.kaf.com.tel.int.KafkaMetricsCollector] (main) initializing Kafka metrics collector
2025-07-31 15:31:44,554 INFO  [org.apa.kaf.cli.con.ConsumerConfig] (main) These configurations '[apicurio.registry.url, apicurio.registry.headers.enabled]' were supplied but are not used yet.
2025-07-31 15:31:44,554 INFO  [org.apa.kaf.com.uti.AppInfoParser] (main) Kafka version: 3.9.0
2025-07-31 15:31:44,554 INFO  [org.apa.kaf.com.uti.AppInfoParser] (main) Kafka commitId: 84caaa6e9da06435
2025-07-31 15:31:44,554 INFO  [org.apa.kaf.com.uti.AppInfoParser] (main) Kafka startTimeMs: 1753975904554
2025-07-31 15:31:44,554 INFO  [org.apa.kaf.cli.con.int.ClassicKafkaConsumer] (Thread-341) [Consumer clientId=consumer-Consumer-s9c1f8000x30a9x418axb110x1cd9f48f5c0f-29, groupId=Consumer-s9c1f8000x30a9x418axb110x1cd9f48f5c0f] Subscribed to topic(s): s9c1f8000x30a9x418axb110x1cd9f48f5c0f
2025-07-31 15:31:44,558 INFO  [org.apa.kaf.cli.Metadata] (Thread-341) [Consumer clientId=consumer-Consumer-s9c1f8000x30a9x418axb110x1cd9f48f5c0f-29, groupId=Consumer-s9c1f8000x30a9x418axb110x1cd9f48f5c0f] Cluster ID: u8-Iy8eKRM2xsCw1W024xw
2025-07-31 15:31:44,558 INFO  [org.apa.kaf.cli.con.int.ConsumerCoordinator] (Thread-341) [Consumer clientId=consumer-Consumer-s9c1f8000x30a9x418axb110x1cd9f48f5c0f-29, groupId=Consumer-s9c1f8000x30a9x418axb110x1cd9f48f5c0f] Discovered group coordinator localhost:32770 (id: 2147483647 rack: null)
2025-07-31 15:31:44,560 INFO  [org.apa.kaf.cli.con.int.ConsumerCoordinator] (Thread-341) [Consumer clientId=consumer-Consumer-s9c1f8000x30a9x418axb110x1cd9f48f5c0f-29, groupId=Consumer-s9c1f8000x30a9x418axb110x1cd9f48f5c0f] (Re-)joining group
2025-07-31 15:31:44,561 INFO  [org.apa.kaf.cli.con.int.ConsumerCoordinator] (Thread-341) [Consumer clientId=consumer-Consumer-s9c1f8000x30a9x418axb110x1cd9f48f5c0f-29, groupId=Consumer-s9c1f8000x30a9x418axb110x1cd9f48f5c0f] Request joining group due to: need to re-join with the given member-id: consumer-Consumer-s9c1f8000x30a9x418axb110x1cd9f48f5c0f-29-f0efa161-1c6c-4c5d-8887-8a9a0ad335f2
2025-07-31 15:31:44,561 INFO  [org.apa.kaf.cli.con.int.ConsumerCoordinator] (Thread-341) [Consumer clientId=consumer-Consumer-s9c1f8000x30a9x418axb110x1cd9f48f5c0f-29, groupId=Consumer-s9c1f8000x30a9x418axb110x1cd9f48f5c0f] (Re-)joining group
2025-07-31 15:31:44,564 INFO  [org.apa.kaf.cli.con.int.ConsumerCoordinator] (Thread-341) [Consumer clientId=consumer-Consumer-s9c1f8000x30a9x418axb110x1cd9f48f5c0f-29, groupId=Consumer-s9c1f8000x30a9x418axb110x1cd9f48f5c0f] Successfully joined group with generation Generation{generationId=9, memberId='consumer-Consumer-s9c1f8000x30a9x418axb110x1cd9f48f5c0f-29-f0efa161-1c6c-4c5d-8887-8a9a0ad335f2', protocol='range'}
2025-07-31 15:31:44,564 INFO  [org.apa.kaf.cli.con.int.ConsumerCoordinator] (Thread-341) [Consumer clientId=consumer-Consumer-s9c1f8000x30a9x418axb110x1cd9f48f5c0f-29, groupId=Consumer-s9c1f8000x30a9x418axb110x1cd9f48f5c0f] Finished assignment for group at generation 9: {consumer-Consumer-s9c1f8000x30a9x418axb110x1cd9f48f5c0f-29-f0efa161-1c6c-4c5d-8887-8a9a0ad335f2=Assignment(partitions=[s9c1f8000x30a9x418axb110x1cd9f48f5c0f-0])}
2025-07-31 15:31:44,565 INFO  [org.apa.kaf.cli.con.int.ConsumerCoordinator] (Thread-341) [Consumer clientId=consumer-Consumer-s9c1f8000x30a9x418axb110x1cd9f48f5c0f-29, groupId=Consumer-s9c1f8000x30a9x418axb110x1cd9f48f5c0f] Successfully synced group in generation Generation{generationId=9, memberId='consumer-Consumer-s9c1f8000x30a9x418axb110x1cd9f48f5c0f-29-f0efa161-1c6c-4c5d-8887-8a9a0ad335f2', protocol='range'}
2025-07-31 15:31:44,566 INFO  [org.apa.kaf.cli.con.int.ConsumerCoordinator] (Thread-341) [Consumer clientId=consumer-Consumer-s9c1f8000x30a9x418axb110x1cd9f48f5c0f-29, groupId=Consumer-s9c1f8000x30a9x418axb110x1cd9f48f5c0f] Notifying assignor about the new Assignment(partitions=[s9c1f8000x30a9x418axb110x1cd9f48f5c0f-0])
2025-07-31 15:31:44,566 INFO  [org.apa.kaf.cli.con.int.ConsumerRebalanceListenerInvoker] (Thread-341) [Consumer clientId=consumer-Consumer-s9c1f8000x30a9x418axb110x1cd9f48f5c0f-29, groupId=Consumer-s9c1f8000x30a9x418axb110x1cd9f48f5c0f] Adding newly assigned partitions: s9c1f8000x30a9x418axb110x1cd9f48f5c0f-0
2025-07-31 15:31:44,567 INFO  [org.apa.kaf.cli.con.int.ConsumerUtils] (Thread-341) Setting offset for partition s9c1f8000x30a9x418axb110x1cd9f48f5c0f-0 to the committed offset FetchPosition{offset=40, offsetEpoch=Optional[0], currentLeader=LeaderAndEpoch{leader=Optional[localhost:32770 (id: 0 rack: null)], epoch=0}}
2025-07-31 15:31:44,653 INFO  [io.api.tes.ser.api.KafkaSerdesTester] (Thread-341) s9c1f8000x30a9x418axb110x1cd9f48f5c0f 0 40 msb: 1753975904424
lsb: 321

2025-07-31 15:31:44,653 INFO  [io.api.tes.ser.api.KafkaSerdesTester] (Thread-341) s9c1f8000x30a9x418axb110x1cd9f48f5c0f 0 41 msb: 1753975904538
lsb: 321

2025-07-31 15:31:44,653 INFO  [io.api.tes.ser.api.KafkaSerdesTester] (Thread-341) s9c1f8000x30a9x418axb110x1cd9f48f5c0f 0 42 msb: 1753975904539
lsb: 321

2025-07-31 15:31:44,653 INFO  [io.api.tes.ser.api.KafkaSerdesTester] (Thread-341) s9c1f8000x30a9x418axb110x1cd9f48f5c0f 0 43 msb: 1753975904541
lsb: 321

2025-07-31 15:31:44,653 INFO  [io.api.tes.ser.api.KafkaSerdesTester] (Thread-341) s9c1f8000x30a9x418axb110x1cd9f48f5c0f 0 44 msb: 1753975904542
lsb: 321

2025-07-31 15:31:44,653 INFO  [io.api.tes.ser.api.KafkaSerdesTester] (Thread-341) s9c1f8000x30a9x418axb110x1cd9f48f5c0f 0 45 msb: 1753975904543
lsb: 321

2025-07-31 15:31:44,653 INFO  [io.api.tes.ser.api.KafkaSerdesTester] (Thread-341) s9c1f8000x30a9x418axb110x1cd9f48f5c0f 0 46 msb: 1753975904544
lsb: 321

2025-07-31 15:31:44,653 INFO  [io.api.tes.ser.api.KafkaSerdesTester] (Thread-341) s9c1f8000x30a9x418axb110x1cd9f48f5c0f 0 47 msb: 1753975904545
lsb: 321

2025-07-31 15:31:44,653 INFO  [io.api.tes.ser.api.KafkaSerdesTester] (Thread-341) s9c1f8000x30a9x418axb110x1cd9f48f5c0f 0 48 msb: 1753975904546
lsb: 321

2025-07-31 15:31:44,653 INFO  [io.api.tes.ser.api.KafkaSerdesTester] (Thread-341) s9c1f8000x30a9x418axb110x1cd9f48f5c0f 0 49 msb: 1753975904547
lsb: 321

2025-07-31 15:31:44,653 INFO  [io.api.tes.ser.api.KafkaSerdesTester] (Thread-341) Consumed 10 messages
2025-07-31 15:31:44,655 INFO  [org.apa.kaf.cli.con.int.ConsumerRebalanceListenerInvoker] (Thread-341) [Consumer clientId=consumer-Consumer-s9c1f8000x30a9x418axb110x1cd9f48f5c0f-29, groupId=Consumer-s9c1f8000x30a9x418axb110x1cd9f48f5c0f] Revoke previously assigned partitions s9c1f8000x30a9x418axb110x1cd9f48f5c0f-0
2025-07-31 15:31:44,655 INFO  [org.apa.kaf.cli.con.int.ConsumerCoordinator] (Thread-341) [Consumer clientId=consumer-Consumer-s9c1f8000x30a9x418axb110x1cd9f48f5c0f-29, groupId=Consumer-s9c1f8000x30a9x418axb110x1cd9f48f5c0f] Member consumer-Consumer-s9c1f8000x30a9x418axb110x1cd9f48f5c0f-29-f0efa161-1c6c-4c5d-8887-8a9a0ad335f2 sending LeaveGroup request to coordinator localhost:32770 (id: 2147483647 rack: null) due to the consumer is being closed
2025-07-31 15:31:44,655 INFO  [org.apa.kaf.cli.con.int.ConsumerCoordinator] (Thread-341) [Consumer clientId=consumer-Consumer-s9c1f8000x30a9x418axb110x1cd9f48f5c0f-29, groupId=Consumer-s9c1f8000x30a9x418axb110x1cd9f48f5c0f] Resetting generation and member id due to: consumer pro-actively leaving the group
2025-07-31 15:31:44,655 INFO  [org.apa.kaf.cli.con.int.ConsumerCoordinator] (Thread-341) [Consumer clientId=consumer-Consumer-s9c1f8000x30a9x418axb110x1cd9f48f5c0f-29, groupId=Consumer-s9c1f8000x30a9x418axb110x1cd9f48f5c0f] Request joining group due to: consumer pro-actively leaving the group
2025-07-31 15:31:45,155 INFO  [org.apa.kaf.com.met.Metrics] (Thread-341) Metrics scheduler closed
2025-07-31 15:31:45,155 INFO  [org.apa.kaf.com.met.Metrics] (Thread-341) Closing reporter org.apache.kafka.common.metrics.JmxReporter
2025-07-31 15:31:45,155 INFO  [org.apa.kaf.com.met.Metrics] (Thread-341) Closing reporter org.apache.kafka.common.telemetry.internals.ClientTelemetryReporter
2025-07-31 15:31:45,155 INFO  [org.apa.kaf.com.met.Metrics] (Thread-341) Metrics reporters closed
2025-07-31 15:31:45,157 INFO  [org.apa.kaf.com.uti.AppInfoParser] (Thread-341) App info kafka.consumer for consumer-Consumer-s9c1f8000x30a9x418axb110x1cd9f48f5c0f-29 unregistered
2025-07-31 15:31:45,157 INFO  [io.api.tes.uti.TestSeparator] (main) io.apicurio.tests.serdes.apicurio.ProtobufSerdeIT.testValidation-FINISHED
2025-07-31 15:31:45,157 INFO  [io.api.tes.uti.TestSeparator] (main) ############################################################################
]]></system-out>
  </testcase>
  <testcase name="testArtifactNotFound" classname="io.apicurio.tests.serdes.apicurio.ProtobufSerdeIT" time="0.005">
    <system-out><![CDATA[2025-07-31 15:31:45,159 INFO  [io.api.tes.uti.TestSeparator] (main) ############################################################################
2025-07-31 15:31:45,159 INFO  [io.api.tes.uti.TestSeparator] (main) io.apicurio.tests.serdes.apicurio.ProtobufSerdeIT.testArtifactNotFound-STARTED
2025-07-31 15:31:45,163 INFO  [io.api.tes.uti.TestSeparator] (main) io.apicurio.tests.serdes.apicurio.ProtobufSerdeIT.testArtifactNotFound-FINISHED
2025-07-31 15:31:45,163 INFO  [io.api.tes.uti.TestSeparator] (main) ############################################################################
]]></system-out>
  </testcase>
  <testcase name="testTopicIdStrategyFindLatest" classname="io.apicurio.tests.serdes.apicurio.ProtobufSerdeIT" time="1.079">
    <system-out><![CDATA[2025-07-31 15:31:45,166 INFO  [io.api.tes.uti.TestSeparator] (main) ############################################################################
2025-07-31 15:31:45,166 INFO  [io.api.tes.uti.TestSeparator] (main) io.apicurio.tests.serdes.apicurio.ProtobufSerdeIT.testTopicIdStrategyFindLatest-STARTED
2025-07-31 15:31:46,243 INFO  [io.api.tes.uti.TestSeparator] (main) io.apicurio.tests.serdes.apicurio.ProtobufSerdeIT.testTopicIdStrategyFindLatest-FINISHED
2025-07-31 15:31:46,243 INFO  [io.api.tes.uti.TestSeparator] (main) ############################################################################
]]></system-out>
  </testcase>
  <testcase name="testWrongSchemaFindLatest" classname="io.apicurio.tests.serdes.apicurio.ProtobufSerdeIT" time="1.074">
    <system-out><![CDATA[2025-07-31 15:31:46,244 INFO  [io.api.tes.uti.TestSeparator] (main) ############################################################################
2025-07-31 15:31:46,244 INFO  [io.api.tes.uti.TestSeparator] (main) io.apicurio.tests.serdes.apicurio.ProtobufSerdeIT.testWrongSchemaFindLatest-STARTED
2025-07-31 15:31:47,317 INFO  [io.api.tes.uti.TestSeparator] (main) io.apicurio.tests.serdes.apicurio.ProtobufSerdeIT.testWrongSchemaFindLatest-FINISHED
2025-07-31 15:31:47,317 INFO  [io.api.tes.uti.TestSeparator] (main) ############################################################################
]]></system-out>
  </testcase>
  <testcase name="testAutoRegisterDeriveClassProtobufType" classname="io.apicurio.tests.serdes.apicurio.ProtobufSerdeIT" time="1.034">
    <system-out><![CDATA[2025-07-31 15:31:47,319 INFO  [io.api.tes.uti.TestSeparator] (main) ############################################################################
2025-07-31 15:31:47,319 INFO  [io.api.tes.uti.TestSeparator] (main) io.apicurio.tests.serdes.apicurio.ProtobufSerdeIT.testAutoRegisterDeriveClassProtobufType-STARTED
2025-07-31 15:31:47,320 INFO  [org.apa.kaf.cli.pro.ProducerConfig] (main) ProducerConfig values: 
	acks = -1
	auto.include.jmx.reporter = true
	batch.size = 16384
	bootstrap.servers = [PLAINTEXT://localhost:32770]
	buffer.memory = 33554432
	client.dns.lookup = use_all_dns_ips
	client.id = Producer-topic-4c717970_befb_4abe_b0d1_f54aeee64fc0
	compression.gzip.level = -1
	compression.lz4.level = 9
	compression.type = none
	compression.zstd.level = 3
	connections.max.idle.ms = 10000
	delivery.timeout.ms = 120000
	enable.idempotence = true
	enable.metrics.push = true
	interceptor.classes = []
	key.serializer = class org.apache.kafka.common.serialization.StringSerializer
	linger.ms = 0
	max.block.ms = 60000
	max.in.flight.requests.per.connection = 5
	max.request.size = 1048576
	metadata.max.age.ms = 300000
	metadata.max.idle.ms = 300000
	metadata.recovery.strategy = none
	metric.reporters = []
	metrics.num.samples = 2
	metrics.recording.level = INFO
	metrics.sample.window.ms = 30000
	partitioner.adaptive.partitioning.enable = true
	partitioner.availability.timeout.ms = 0
	partitioner.class = null
	partitioner.ignore.keys = false
	receive.buffer.bytes = 32768
	reconnect.backoff.max.ms = 1000
	reconnect.backoff.ms = 50
	request.timeout.ms = 5000
	retries = 2147483647
	retry.backoff.max.ms = 1000
	retry.backoff.ms = 100
	sasl.client.callback.handler.class = null
	sasl.jaas.config = null
	sasl.kerberos.kinit.cmd = /usr/bin/kinit
	sasl.kerberos.min.time.before.relogin = 60000
	sasl.kerberos.service.name = null
	sasl.kerberos.ticket.renew.jitter = 0.05
	sasl.kerberos.ticket.renew.window.factor = 0.8
	sasl.login.callback.handler.class = null
	sasl.login.class = null
	sasl.login.connect.timeout.ms = null
	sasl.login.read.timeout.ms = null
	sasl.login.refresh.buffer.seconds = 300
	sasl.login.refresh.min.period.seconds = 60
	sasl.login.refresh.window.factor = 0.8
	sasl.login.refresh.window.jitter = 0.05
	sasl.login.retry.backoff.max.ms = 10000
	sasl.login.retry.backoff.ms = 100
	sasl.mechanism = GSSAPI
	sasl.oauthbearer.clock.skew.seconds = 30
	sasl.oauthbearer.expected.audience = null
	sasl.oauthbearer.expected.issuer = null
	sasl.oauthbearer.header.urlencode = false
	sasl.oauthbearer.jwks.endpoint.refresh.ms = 3600000
	sasl.oauthbearer.jwks.endpoint.retry.backoff.max.ms = 10000
	sasl.oauthbearer.jwks.endpoint.retry.backoff.ms = 100
	sasl.oauthbearer.jwks.endpoint.url = null
	sasl.oauthbearer.scope.claim.name = scope
	sasl.oauthbearer.sub.claim.name = sub
	sasl.oauthbearer.token.endpoint.url = null
	security.protocol = PLAINTEXT
	security.providers = null
	send.buffer.bytes = 131072
	socket.connection.setup.timeout.max.ms = 30000
	socket.connection.setup.timeout.ms = 10000
	ssl.cipher.suites = null
	ssl.enabled.protocols = [TLSv1.2, TLSv1.3]
	ssl.endpoint.identification.algorithm = https
	ssl.engine.factory.class = null
	ssl.key.password = null
	ssl.keymanager.algorithm = SunX509
	ssl.keystore.certificate.chain = null
	ssl.keystore.key = null
	ssl.keystore.location = null
	ssl.keystore.password = null
	ssl.keystore.type = JKS
	ssl.protocol = TLSv1.3
	ssl.provider = null
	ssl.secure.random.implementation = null
	ssl.trustmanager.algorithm = PKIX
	ssl.truststore.certificates = null
	ssl.truststore.location = null
	ssl.truststore.password = null
	ssl.truststore.type = JKS
	transaction.timeout.ms = 60000
	transactional.id = null
	value.serializer = class io.apicurio.registry.serde.protobuf.ProtobufKafkaSerializer

2025-07-31 15:31:47,320 INFO  [org.apa.kaf.com.tel.int.KafkaMetricsCollector] (main) initializing Kafka metrics collector
2025-07-31 15:31:47,323 INFO  [org.apa.kaf.cli.pro.KafkaProducer] (main) [Producer clientId=Producer-topic-4c717970_befb_4abe_b0d1_f54aeee64fc0] Instantiated an idempotent producer.
2025-07-31 15:31:47,325 INFO  [org.apa.kaf.cli.pro.ProducerConfig] (main) These configurations '[apicurio.registry.url, apicurio.registry.auto-register, apicurio.registry.artifact-resolver-strategy]' were supplied but are not used yet.
2025-07-31 15:31:47,325 INFO  [org.apa.kaf.com.uti.AppInfoParser] (main) Kafka version: 3.9.0
2025-07-31 15:31:47,325 INFO  [org.apa.kaf.com.uti.AppInfoParser] (main) Kafka commitId: 84caaa6e9da06435
2025-07-31 15:31:47,325 INFO  [org.apa.kaf.com.uti.AppInfoParser] (main) Kafka startTimeMs: 1753975907325
2025-07-31 15:31:47,325 INFO  [io.api.tes.ser.api.SimpleSerdesTesterBuilder$SimpleSerdesTester] (main) Using producer configuration: {apicurio.registry.url=http://registry-app-mysql.apps.ci419.apicurio-testing.org:80/apis/registry/v3, apicurio.registry.auto-register=true, apicurio.registry.artifact-resolver-strategy=io.apicurio.registry.serde.strategy.TopicIdStrategy, value.serializer=io.apicurio.registry.serde.protobuf.ProtobufKafkaSerializer, request.timeout.ms=5000, acks=all, bootstrap.servers=PLAINTEXT://localhost:32770, connections.max.idle.ms=10000, key.serializer=org.apache.kafka.common.serialization.StringSerializer, client.id=Producer-topic-4c717970_befb_4abe_b0d1_f54aeee64fc0}
2025-07-31 15:31:47,325 INFO  [io.api.tes.ser.api.SimpleSerdesTesterBuilder$SimpleSerdesTester] (main) Using consumer configuration: {apicurio.protobuf.derive.class=true}
2025-07-31 15:31:47,326 INFO  [io.api.tes.ser.api.KafkaSerdesTester] (Thread-344) Sending message header {
  time {
  }
}
d1: 1.753975907326E12
s1: "a"
i1: 123
bi1: 1
point {
  longitude: 22.0
  latitude: 22.0
  altitude: 1.0
}
 to topic topic-4c717970_befb_4abe_b0d1_f54aeee64fc0
2025-07-31 15:31:47,332 WARN  [org.apa.kaf.cli.NetworkClient] (kafka-producer-network-thread | Producer-topic-4c717970_befb_4abe_b0d1_f54aeee64fc0) [Producer clientId=Producer-topic-4c717970_befb_4abe_b0d1_f54aeee64fc0] The metadata response from the cluster reported a recoverable issue with correlation id 2 : {topic-4c717970_befb_4abe_b0d1_f54aeee64fc0=LEADER_NOT_AVAILABLE}
2025-07-31 15:31:47,332 INFO  [org.apa.kaf.cli.Metadata] (kafka-producer-network-thread | Producer-topic-4c717970_befb_4abe_b0d1_f54aeee64fc0) [Producer clientId=Producer-topic-4c717970_befb_4abe_b0d1_f54aeee64fc0] Cluster ID: u8-Iy8eKRM2xsCw1W024xw
2025-07-31 15:31:47,332 INFO  [org.apa.kaf.cli.pro.int.TransactionManager] (kafka-producer-network-thread | Producer-topic-4c717970_befb_4abe_b0d1_f54aeee64fc0) [Producer clientId=Producer-topic-4c717970_befb_4abe_b0d1_f54aeee64fc0] ProducerId set to 40 with epoch 0
2025-07-31 15:31:47,563 INFO  [io.api.tes.ser.api.KafkaSerdesTester] (Thread-344) Sending message header {
  time {
  }
}
d1: 1.753975907563E12
s1: "a"
i1: 123
bi1: 1
point {
  longitude: 22.0
  latitude: 22.0
  altitude: 1.0
}
 to topic topic-4c717970_befb_4abe_b0d1_f54aeee64fc0
2025-07-31 15:31:47,565 INFO  [io.api.tes.ser.api.KafkaSerdesTester] (Thread-344) Sending message header {
  time {
  }
}
d1: 1.753975907565E12
s1: "a"
i1: 123
bi1: 1
point {
  longitude: 22.0
  latitude: 22.0
  altitude: 1.0
}
 to topic topic-4c717970_befb_4abe_b0d1_f54aeee64fc0
2025-07-31 15:31:47,570 INFO  [io.api.tes.ser.api.KafkaSerdesTester] (Thread-344) Sending message header {
  time {
  }
}
d1: 1.75397590757E12
s1: "a"
i1: 123
bi1: 1
point {
  longitude: 22.0
  latitude: 22.0
  altitude: 1.0
}
 to topic topic-4c717970_befb_4abe_b0d1_f54aeee64fc0
2025-07-31 15:31:47,573 INFO  [io.api.tes.ser.api.KafkaSerdesTester] (Thread-344) Sending message header {
  time {
  }
}
d1: 1.753975907573E12
s1: "a"
i1: 123
bi1: 1
point {
  longitude: 22.0
  latitude: 22.0
  altitude: 1.0
}
 to topic topic-4c717970_befb_4abe_b0d1_f54aeee64fc0
2025-07-31 15:31:47,575 INFO  [io.api.tes.ser.api.KafkaSerdesTester] (Thread-344) Sending message header {
  time {
  }
}
d1: 1.753975907574E12
s1: "a"
i1: 123
bi1: 1
point {
  longitude: 22.0
  latitude: 22.0
  altitude: 1.0
}
 to topic topic-4c717970_befb_4abe_b0d1_f54aeee64fc0
2025-07-31 15:31:47,583 INFO  [io.api.tes.ser.api.KafkaSerdesTester] (Thread-344) Sending message header {
  time {
  }
}
d1: 1.753975907583E12
s1: "a"
i1: 123
bi1: 1
point {
  longitude: 22.0
  latitude: 22.0
  altitude: 1.0
}
 to topic topic-4c717970_befb_4abe_b0d1_f54aeee64fc0
2025-07-31 15:31:47,585 INFO  [io.api.tes.ser.api.KafkaSerdesTester] (Thread-344) Sending message header {
  time {
  }
}
d1: 1.753975907584E12
s1: "a"
i1: 123
bi1: 1
point {
  longitude: 22.0
  latitude: 22.0
  altitude: 1.0
}
 to topic topic-4c717970_befb_4abe_b0d1_f54aeee64fc0
2025-07-31 15:31:47,586 INFO  [io.api.tes.ser.api.KafkaSerdesTester] (Thread-344) Sending message header {
  time {
  }
}
d1: 1.753975907586E12
s1: "a"
i1: 123
bi1: 1
point {
  longitude: 22.0
  latitude: 22.0
  altitude: 1.0
}
 to topic topic-4c717970_befb_4abe_b0d1_f54aeee64fc0
2025-07-31 15:31:47,590 INFO  [io.api.tes.ser.api.KafkaSerdesTester] (Thread-344) Sending message header {
  time {
  }
}
d1: 1.75397590759E12
s1: "a"
i1: 123
bi1: 1
point {
  longitude: 22.0
  latitude: 22.0
  altitude: 1.0
}
 to topic topic-4c717970_befb_4abe_b0d1_f54aeee64fc0
2025-07-31 15:31:47,591 INFO  [io.api.tes.ser.api.KafkaSerdesTester] (Thread-344) Produced 10 messages
2025-07-31 15:31:47,591 INFO  [org.apa.kaf.cli.pro.KafkaProducer] (Thread-344) [Producer clientId=Producer-topic-4c717970_befb_4abe_b0d1_f54aeee64fc0] Closing the Kafka producer with timeoutMillis = 9223372036854775807 ms.
2025-07-31 15:31:47,595 INFO  [org.apa.kaf.com.met.Metrics] (Thread-344) Metrics scheduler closed
2025-07-31 15:31:47,595 INFO  [org.apa.kaf.com.met.Metrics] (Thread-344) Closing reporter org.apache.kafka.common.metrics.JmxReporter
2025-07-31 15:31:47,595 INFO  [org.apa.kaf.com.met.Metrics] (Thread-344) Closing reporter org.apache.kafka.common.telemetry.internals.ClientTelemetryReporter
2025-07-31 15:31:47,595 INFO  [org.apa.kaf.com.met.Metrics] (Thread-344) Metrics reporters closed
2025-07-31 15:31:47,595 INFO  [org.apa.kaf.com.uti.AppInfoParser] (Thread-344) App info kafka.producer for Producer-topic-4c717970_befb_4abe_b0d1_f54aeee64fc0 unregistered
2025-07-31 15:31:47,650 INFO  [org.apa.kaf.cli.con.ConsumerConfig] (main) ConsumerConfig values: 
	allow.auto.create.topics = true
	auto.commit.interval.ms = 500
	auto.include.jmx.reporter = true
	auto.offset.reset = earliest
	bootstrap.servers = [PLAINTEXT://localhost:32770]
	check.crcs = true
	client.dns.lookup = use_all_dns_ips
	client.id = consumer-Consumer-topic-4c717970_befb_4abe_b0d1_f54aeee64fc0-30
	client.rack = 
	connections.max.idle.ms = 10000
	default.api.timeout.ms = 60000
	enable.auto.commit = true
	enable.metrics.push = true
	exclude.internal.topics = true
	fetch.max.bytes = 52428800
	fetch.max.wait.ms = 500
	fetch.min.bytes = 1
	group.id = Consumer-topic-4c717970_befb_4abe_b0d1_f54aeee64fc0
	group.instance.id = null
	group.protocol = classic
	group.remote.assignor = null
	heartbeat.interval.ms = 3000
	interceptor.classes = []
	internal.leave.group.on.close = true
	internal.throw.on.fetch.stable.offset.unsupported = false
	isolation.level = read_uncommitted
	key.deserializer = class org.apache.kafka.common.serialization.StringDeserializer
	max.partition.fetch.bytes = 1048576
	max.poll.interval.ms = 300000
	max.poll.records = 500
	metadata.max.age.ms = 300000
	metadata.recovery.strategy = none
	metric.reporters = []
	metrics.num.samples = 2
	metrics.recording.level = INFO
	metrics.sample.window.ms = 30000
	partition.assignment.strategy = [class org.apache.kafka.clients.consumer.RangeAssignor, class org.apache.kafka.clients.consumer.CooperativeStickyAssignor]
	receive.buffer.bytes = 65536
	reconnect.backoff.max.ms = 1000
	reconnect.backoff.ms = 50
	request.timeout.ms = 5000
	retry.backoff.max.ms = 1000
	retry.backoff.ms = 100
	sasl.client.callback.handler.class = null
	sasl.jaas.config = null
	sasl.kerberos.kinit.cmd = /usr/bin/kinit
	sasl.kerberos.min.time.before.relogin = 60000
	sasl.kerberos.service.name = null
	sasl.kerberos.ticket.renew.jitter = 0.05
	sasl.kerberos.ticket.renew.window.factor = 0.8
	sasl.login.callback.handler.class = null
	sasl.login.class = null
	sasl.login.connect.timeout.ms = null
	sasl.login.read.timeout.ms = null
	sasl.login.refresh.buffer.seconds = 300
	sasl.login.refresh.min.period.seconds = 60
	sasl.login.refresh.window.factor = 0.8
	sasl.login.refresh.window.jitter = 0.05
	sasl.login.retry.backoff.max.ms = 10000
	sasl.login.retry.backoff.ms = 100
	sasl.mechanism = GSSAPI
	sasl.oauthbearer.clock.skew.seconds = 30
	sasl.oauthbearer.expected.audience = null
	sasl.oauthbearer.expected.issuer = null
	sasl.oauthbearer.header.urlencode = false
	sasl.oauthbearer.jwks.endpoint.refresh.ms = 3600000
	sasl.oauthbearer.jwks.endpoint.retry.backoff.max.ms = 10000
	sasl.oauthbearer.jwks.endpoint.retry.backoff.ms = 100
	sasl.oauthbearer.jwks.endpoint.url = null
	sasl.oauthbearer.scope.claim.name = scope
	sasl.oauthbearer.sub.claim.name = sub
	sasl.oauthbearer.token.endpoint.url = null
	security.protocol = PLAINTEXT
	security.providers = null
	send.buffer.bytes = 131072
	session.timeout.ms = 45000
	socket.connection.setup.timeout.max.ms = 30000
	socket.connection.setup.timeout.ms = 10000
	ssl.cipher.suites = null
	ssl.enabled.protocols = [TLSv1.2, TLSv1.3]
	ssl.endpoint.identification.algorithm = https
	ssl.engine.factory.class = null
	ssl.key.password = null
	ssl.keymanager.algorithm = SunX509
	ssl.keystore.certificate.chain = null
	ssl.keystore.key = null
	ssl.keystore.location = null
	ssl.keystore.password = null
	ssl.keystore.type = JKS
	ssl.protocol = TLSv1.3
	ssl.provider = null
	ssl.secure.random.implementation = null
	ssl.trustmanager.algorithm = PKIX
	ssl.truststore.certificates = null
	ssl.truststore.location = null
	ssl.truststore.password = null
	ssl.truststore.type = JKS
	value.deserializer = class io.apicurio.registry.serde.protobuf.ProtobufKafkaDeserializer

2025-07-31 15:31:47,650 INFO  [org.apa.kaf.com.tel.int.KafkaMetricsCollector] (main) initializing Kafka metrics collector
2025-07-31 15:31:47,656 INFO  [org.apa.kaf.cli.con.ConsumerConfig] (main) These configurations '[apicurio.registry.url, apicurio.protobuf.derive.class]' were supplied but are not used yet.
2025-07-31 15:31:47,656 INFO  [org.apa.kaf.com.uti.AppInfoParser] (main) Kafka version: 3.9.0
2025-07-31 15:31:47,656 INFO  [org.apa.kaf.com.uti.AppInfoParser] (main) Kafka commitId: 84caaa6e9da06435
2025-07-31 15:31:47,656 INFO  [org.apa.kaf.com.uti.AppInfoParser] (main) Kafka startTimeMs: 1753975907656
2025-07-31 15:31:47,656 INFO  [org.apa.kaf.cli.con.int.ClassicKafkaConsumer] (Thread-347) [Consumer clientId=consumer-Consumer-topic-4c717970_befb_4abe_b0d1_f54aeee64fc0-30, groupId=Consumer-topic-4c717970_befb_4abe_b0d1_f54aeee64fc0] Subscribed to topic(s): topic-4c717970_befb_4abe_b0d1_f54aeee64fc0
2025-07-31 15:31:47,662 INFO  [org.apa.kaf.cli.Metadata] (Thread-347) [Consumer clientId=consumer-Consumer-topic-4c717970_befb_4abe_b0d1_f54aeee64fc0-30, groupId=Consumer-topic-4c717970_befb_4abe_b0d1_f54aeee64fc0] Cluster ID: u8-Iy8eKRM2xsCw1W024xw
2025-07-31 15:31:47,662 INFO  [org.apa.kaf.cli.con.int.ConsumerCoordinator] (Thread-347) [Consumer clientId=consumer-Consumer-topic-4c717970_befb_4abe_b0d1_f54aeee64fc0-30, groupId=Consumer-topic-4c717970_befb_4abe_b0d1_f54aeee64fc0] Discovered group coordinator localhost:32770 (id: 2147483647 rack: null)
2025-07-31 15:31:47,664 INFO  [org.apa.kaf.cli.con.int.ConsumerCoordinator] (Thread-347) [Consumer clientId=consumer-Consumer-topic-4c717970_befb_4abe_b0d1_f54aeee64fc0-30, groupId=Consumer-topic-4c717970_befb_4abe_b0d1_f54aeee64fc0] (Re-)joining group
2025-07-31 15:31:47,666 INFO  [org.apa.kaf.cli.con.int.ConsumerCoordinator] (Thread-347) [Consumer clientId=consumer-Consumer-topic-4c717970_befb_4abe_b0d1_f54aeee64fc0-30, groupId=Consumer-topic-4c717970_befb_4abe_b0d1_f54aeee64fc0] Request joining group due to: need to re-join with the given member-id: consumer-Consumer-topic-4c717970_befb_4abe_b0d1_f54aeee64fc0-30-745f2fe8-1395-426d-97b9-ab4702f5f90f
2025-07-31 15:31:47,666 INFO  [org.apa.kaf.cli.con.int.ConsumerCoordinator] (Thread-347) [Consumer clientId=consumer-Consumer-topic-4c717970_befb_4abe_b0d1_f54aeee64fc0-30, groupId=Consumer-topic-4c717970_befb_4abe_b0d1_f54aeee64fc0] (Re-)joining group
2025-07-31 15:31:47,669 INFO  [org.apa.kaf.cli.con.int.ConsumerCoordinator] (Thread-347) [Consumer clientId=consumer-Consumer-topic-4c717970_befb_4abe_b0d1_f54aeee64fc0-30, groupId=Consumer-topic-4c717970_befb_4abe_b0d1_f54aeee64fc0] Successfully joined group with generation Generation{generationId=1, memberId='consumer-Consumer-topic-4c717970_befb_4abe_b0d1_f54aeee64fc0-30-745f2fe8-1395-426d-97b9-ab4702f5f90f', protocol='range'}
2025-07-31 15:31:47,669 INFO  [org.apa.kaf.cli.con.int.ConsumerCoordinator] (Thread-347) [Consumer clientId=consumer-Consumer-topic-4c717970_befb_4abe_b0d1_f54aeee64fc0-30, groupId=Consumer-topic-4c717970_befb_4abe_b0d1_f54aeee64fc0] Finished assignment for group at generation 1: {consumer-Consumer-topic-4c717970_befb_4abe_b0d1_f54aeee64fc0-30-745f2fe8-1395-426d-97b9-ab4702f5f90f=Assignment(partitions=[topic-4c717970_befb_4abe_b0d1_f54aeee64fc0-0])}
2025-07-31 15:31:47,672 INFO  [org.apa.kaf.cli.con.int.ConsumerCoordinator] (Thread-347) [Consumer clientId=consumer-Consumer-topic-4c717970_befb_4abe_b0d1_f54aeee64fc0-30, groupId=Consumer-topic-4c717970_befb_4abe_b0d1_f54aeee64fc0] Successfully synced group in generation Generation{generationId=1, memberId='consumer-Consumer-topic-4c717970_befb_4abe_b0d1_f54aeee64fc0-30-745f2fe8-1395-426d-97b9-ab4702f5f90f', protocol='range'}
2025-07-31 15:31:47,672 INFO  [org.apa.kaf.cli.con.int.ConsumerCoordinator] (Thread-347) [Consumer clientId=consumer-Consumer-topic-4c717970_befb_4abe_b0d1_f54aeee64fc0-30, groupId=Consumer-topic-4c717970_befb_4abe_b0d1_f54aeee64fc0] Notifying assignor about the new Assignment(partitions=[topic-4c717970_befb_4abe_b0d1_f54aeee64fc0-0])
2025-07-31 15:31:47,672 INFO  [org.apa.kaf.cli.con.int.ConsumerRebalanceListenerInvoker] (Thread-347) [Consumer clientId=consumer-Consumer-topic-4c717970_befb_4abe_b0d1_f54aeee64fc0-30, groupId=Consumer-topic-4c717970_befb_4abe_b0d1_f54aeee64fc0] Adding newly assigned partitions: topic-4c717970_befb_4abe_b0d1_f54aeee64fc0-0
2025-07-31 15:31:47,675 INFO  [org.apa.kaf.cli.con.int.ConsumerCoordinator] (Thread-347) [Consumer clientId=consumer-Consumer-topic-4c717970_befb_4abe_b0d1_f54aeee64fc0-30, groupId=Consumer-topic-4c717970_befb_4abe_b0d1_f54aeee64fc0] Found no committed offset for partition topic-4c717970_befb_4abe_b0d1_f54aeee64fc0-0
2025-07-31 15:31:47,680 INFO  [org.apa.kaf.cli.con.int.SubscriptionState] (Thread-347) [Consumer clientId=consumer-Consumer-topic-4c717970_befb_4abe_b0d1_f54aeee64fc0-30, groupId=Consumer-topic-4c717970_befb_4abe_b0d1_f54aeee64fc0] Resetting offset for partition topic-4c717970_befb_4abe_b0d1_f54aeee64fc0-0 to position FetchPosition{offset=0, offsetEpoch=Optional.empty, currentLeader=LeaderAndEpoch{leader=Optional[localhost:32770 (id: 0 rack: null)], epoch=0}}.
2025-07-31 15:31:47,816 INFO  [io.api.tes.ser.api.KafkaSerdesTester] (Thread-347) topic-4c717970_befb_4abe_b0d1_f54aeee64fc0 0 0 header {
  time {
  }
}
d1: 1.753975907326E12
s1: "a"
i1: 123
bi1: 1
point {
  longitude: 22.0
  latitude: 22.0
  altitude: 1.0
}

2025-07-31 15:31:47,816 INFO  [io.api.tes.ser.api.KafkaSerdesTester] (Thread-347) topic-4c717970_befb_4abe_b0d1_f54aeee64fc0 0 1 header {
  time {
  }
}
d1: 1.753975907563E12
s1: "a"
i1: 123
bi1: 1
point {
  longitude: 22.0
  latitude: 22.0
  altitude: 1.0
}

2025-07-31 15:31:47,816 INFO  [io.api.tes.ser.api.KafkaSerdesTester] (Thread-347) topic-4c717970_befb_4abe_b0d1_f54aeee64fc0 0 2 header {
  time {
  }
}
d1: 1.753975907565E12
s1: "a"
i1: 123
bi1: 1
point {
  longitude: 22.0
  latitude: 22.0
  altitude: 1.0
}

2025-07-31 15:31:47,816 INFO  [io.api.tes.ser.api.KafkaSerdesTester] (Thread-347) topic-4c717970_befb_4abe_b0d1_f54aeee64fc0 0 3 header {
  time {
  }
}
d1: 1.75397590757E12
s1: "a"
i1: 123
bi1: 1
point {
  longitude: 22.0
  latitude: 22.0
  altitude: 1.0
}

2025-07-31 15:31:47,816 INFO  [io.api.tes.ser.api.KafkaSerdesTester] (Thread-347) topic-4c717970_befb_4abe_b0d1_f54aeee64fc0 0 4 header {
  time {
  }
}
d1: 1.753975907573E12
s1: "a"
i1: 123
bi1: 1
point {
  longitude: 22.0
  latitude: 22.0
  altitude: 1.0
}

2025-07-31 15:31:47,817 INFO  [io.api.tes.ser.api.KafkaSerdesTester] (Thread-347) topic-4c717970_befb_4abe_b0d1_f54aeee64fc0 0 5 header {
  time {
  }
}
d1: 1.753975907574E12
s1: "a"
i1: 123
bi1: 1
point {
  longitude: 22.0
  latitude: 22.0
  altitude: 1.0
}

2025-07-31 15:31:47,817 INFO  [io.api.tes.ser.api.KafkaSerdesTester] (Thread-347) topic-4c717970_befb_4abe_b0d1_f54aeee64fc0 0 6 header {
  time {
  }
}
d1: 1.753975907583E12
s1: "a"
i1: 123
bi1: 1
point {
  longitude: 22.0
  latitude: 22.0
  altitude: 1.0
}

2025-07-31 15:31:47,817 INFO  [io.api.tes.ser.api.KafkaSerdesTester] (Thread-347) topic-4c717970_befb_4abe_b0d1_f54aeee64fc0 0 7 header {
  time {
  }
}
d1: 1.753975907584E12
s1: "a"
i1: 123
bi1: 1
point {
  longitude: 22.0
  latitude: 22.0
  altitude: 1.0
}

2025-07-31 15:31:47,817 INFO  [io.api.tes.ser.api.KafkaSerdesTester] (Thread-347) topic-4c717970_befb_4abe_b0d1_f54aeee64fc0 0 8 header {
  time {
  }
}
d1: 1.753975907586E12
s1: "a"
i1: 123
bi1: 1
point {
  longitude: 22.0
  latitude: 22.0
  altitude: 1.0
}

2025-07-31 15:31:47,817 INFO  [io.api.tes.ser.api.KafkaSerdesTester] (Thread-347) topic-4c717970_befb_4abe_b0d1_f54aeee64fc0 0 9 header {
  time {
  }
}
d1: 1.75397590759E12
s1: "a"
i1: 123
bi1: 1
point {
  longitude: 22.0
  latitude: 22.0
  altitude: 1.0
}

2025-07-31 15:31:47,817 INFO  [io.api.tes.ser.api.KafkaSerdesTester] (Thread-347) Consumed 10 messages
2025-07-31 15:31:47,820 INFO  [org.apa.kaf.cli.con.int.ConsumerRebalanceListenerInvoker] (Thread-347) [Consumer clientId=consumer-Consumer-topic-4c717970_befb_4abe_b0d1_f54aeee64fc0-30, groupId=Consumer-topic-4c717970_befb_4abe_b0d1_f54aeee64fc0] Revoke previously assigned partitions topic-4c717970_befb_4abe_b0d1_f54aeee64fc0-0
2025-07-31 15:31:47,820 INFO  [org.apa.kaf.cli.con.int.ConsumerCoordinator] (Thread-347) [Consumer clientId=consumer-Consumer-topic-4c717970_befb_4abe_b0d1_f54aeee64fc0-30, groupId=Consumer-topic-4c717970_befb_4abe_b0d1_f54aeee64fc0] Member consumer-Consumer-topic-4c717970_befb_4abe_b0d1_f54aeee64fc0-30-745f2fe8-1395-426d-97b9-ab4702f5f90f sending LeaveGroup request to coordinator localhost:32770 (id: 2147483647 rack: null) due to the consumer is being closed
2025-07-31 15:31:47,821 INFO  [org.apa.kaf.cli.con.int.ConsumerCoordinator] (Thread-347) [Consumer clientId=consumer-Consumer-topic-4c717970_befb_4abe_b0d1_f54aeee64fc0-30, groupId=Consumer-topic-4c717970_befb_4abe_b0d1_f54aeee64fc0] Resetting generation and member id due to: consumer pro-actively leaving the group
2025-07-31 15:31:47,821 INFO  [org.apa.kaf.cli.con.int.ConsumerCoordinator] (Thread-347) [Consumer clientId=consumer-Consumer-topic-4c717970_befb_4abe_b0d1_f54aeee64fc0-30, groupId=Consumer-topic-4c717970_befb_4abe_b0d1_f54aeee64fc0] Request joining group due to: consumer pro-actively leaving the group
2025-07-31 15:31:48,320 INFO  [org.apa.kaf.com.met.Metrics] (Thread-347) Metrics scheduler closed
2025-07-31 15:31:48,320 INFO  [org.apa.kaf.com.met.Metrics] (Thread-347) Closing reporter org.apache.kafka.common.metrics.JmxReporter
2025-07-31 15:31:48,320 INFO  [org.apa.kaf.com.met.Metrics] (Thread-347) Closing reporter org.apache.kafka.common.telemetry.internals.ClientTelemetryReporter
2025-07-31 15:31:48,320 INFO  [org.apa.kaf.com.met.Metrics] (Thread-347) Metrics reporters closed
2025-07-31 15:31:48,321 INFO  [org.apa.kaf.com.uti.AppInfoParser] (Thread-347) App info kafka.consumer for consumer-Consumer-topic-4c717970_befb_4abe_b0d1_f54aeee64fc0-30 unregistered
2025-07-31 15:31:48,351 INFO  [io.api.tes.uti.TestSeparator] (main) io.apicurio.tests.serdes.apicurio.ProtobufSerdeIT.testAutoRegisterDeriveClassProtobufType-FINISHED
2025-07-31 15:31:48,351 INFO  [io.api.tes.uti.TestSeparator] (main) ############################################################################
]]></system-out>
  </testcase>
  <testcase name="testConsumeReturnSpecificClass" classname="io.apicurio.tests.serdes.apicurio.ProtobufSerdeIT" time="1.072">
    <system-out><![CDATA[2025-07-31 15:31:48,352 INFO  [io.api.tes.uti.TestSeparator] (main) ############################################################################
2025-07-31 15:31:48,352 INFO  [io.api.tes.uti.TestSeparator] (main) io.apicurio.tests.serdes.apicurio.ProtobufSerdeIT.testConsumeReturnSpecificClass-STARTED
2025-07-31 15:31:49,423 INFO  [io.api.tes.uti.TestSeparator] (main) io.apicurio.tests.serdes.apicurio.ProtobufSerdeIT.testConsumeReturnSpecificClass-FINISHED
2025-07-31 15:31:49,423 INFO  [io.api.tes.uti.TestSeparator] (main) ############################################################################
]]></system-out>
  </testcase>
  <testcase name="testFindLatestSpecificProtobufType" classname="io.apicurio.tests.serdes.apicurio.ProtobufSerdeIT" time="1.08">
    <system-out><![CDATA[2025-07-31 15:31:49,424 INFO  [io.api.tes.uti.TestSeparator] (main) ############################################################################
2025-07-31 15:31:49,424 INFO  [io.api.tes.uti.TestSeparator] (main) io.apicurio.tests.serdes.apicurio.ProtobufSerdeIT.testFindLatestSpecificProtobufType-STARTED
2025-07-31 15:31:50,503 INFO  [io.api.tes.uti.TestSeparator] (main) io.apicurio.tests.serdes.apicurio.ProtobufSerdeIT.testFindLatestSpecificProtobufType-FINISHED
2025-07-31 15:31:50,503 INFO  [io.api.tes.uti.TestSeparator] (main) ############################################################################
]]></system-out>
  </testcase>
  <testcase name="testFindLatestDynamicMessageProtobufType" classname="io.apicurio.tests.serdes.apicurio.ProtobufSerdeIT" time="1.916">
    <system-out><![CDATA[2025-07-31 15:31:50,504 INFO  [io.api.tes.uti.TestSeparator] (main) ############################################################################
2025-07-31 15:31:50,504 INFO  [io.api.tes.uti.TestSeparator] (main) io.apicurio.tests.serdes.apicurio.ProtobufSerdeIT.testFindLatestDynamicMessageProtobufType-STARTED
2025-07-31 15:31:51,580 INFO  [org.apa.kaf.cli.pro.ProducerConfig] (main) ProducerConfig values: 
	acks = -1
	auto.include.jmx.reporter = true
	batch.size = 16384
	bootstrap.servers = [PLAINTEXT://localhost:32770]
	buffer.memory = 33554432
	client.dns.lookup = use_all_dns_ips
	client.id = Producer-topic-c4881fd7_db98_4403_a804_05f870c7d59c
	compression.gzip.level = -1
	compression.lz4.level = 9
	compression.type = none
	compression.zstd.level = 3
	connections.max.idle.ms = 10000
	delivery.timeout.ms = 120000
	enable.idempotence = true
	enable.metrics.push = true
	interceptor.classes = []
	key.serializer = class org.apache.kafka.common.serialization.StringSerializer
	linger.ms = 0
	max.block.ms = 60000
	max.in.flight.requests.per.connection = 5
	max.request.size = 1048576
	metadata.max.age.ms = 300000
	metadata.max.idle.ms = 300000
	metadata.recovery.strategy = none
	metric.reporters = []
	metrics.num.samples = 2
	metrics.recording.level = INFO
	metrics.sample.window.ms = 30000
	partitioner.adaptive.partitioning.enable = true
	partitioner.availability.timeout.ms = 0
	partitioner.class = null
	partitioner.ignore.keys = false
	receive.buffer.bytes = 32768
	reconnect.backoff.max.ms = 1000
	reconnect.backoff.ms = 50
	request.timeout.ms = 5000
	retries = 2147483647
	retry.backoff.max.ms = 1000
	retry.backoff.ms = 100
	sasl.client.callback.handler.class = null
	sasl.jaas.config = null
	sasl.kerberos.kinit.cmd = /usr/bin/kinit
	sasl.kerberos.min.time.before.relogin = 60000
	sasl.kerberos.service.name = null
	sasl.kerberos.ticket.renew.jitter = 0.05
	sasl.kerberos.ticket.renew.window.factor = 0.8
	sasl.login.callback.handler.class = null
	sasl.login.class = null
	sasl.login.connect.timeout.ms = null
	sasl.login.read.timeout.ms = null
	sasl.login.refresh.buffer.seconds = 300
	sasl.login.refresh.min.period.seconds = 60
	sasl.login.refresh.window.factor = 0.8
	sasl.login.refresh.window.jitter = 0.05
	sasl.login.retry.backoff.max.ms = 10000
	sasl.login.retry.backoff.ms = 100
	sasl.mechanism = GSSAPI
	sasl.oauthbearer.clock.skew.seconds = 30
	sasl.oauthbearer.expected.audience = null
	sasl.oauthbearer.expected.issuer = null
	sasl.oauthbearer.header.urlencode = false
	sasl.oauthbearer.jwks.endpoint.refresh.ms = 3600000
	sasl.oauthbearer.jwks.endpoint.retry.backoff.max.ms = 10000
	sasl.oauthbearer.jwks.endpoint.retry.backoff.ms = 100
	sasl.oauthbearer.jwks.endpoint.url = null
	sasl.oauthbearer.scope.claim.name = scope
	sasl.oauthbearer.sub.claim.name = sub
	sasl.oauthbearer.token.endpoint.url = null
	security.protocol = PLAINTEXT
	security.providers = null
	send.buffer.bytes = 131072
	socket.connection.setup.timeout.max.ms = 30000
	socket.connection.setup.timeout.ms = 10000
	ssl.cipher.suites = null
	ssl.enabled.protocols = [TLSv1.2, TLSv1.3]
	ssl.endpoint.identification.algorithm = https
	ssl.engine.factory.class = null
	ssl.key.password = null
	ssl.keymanager.algorithm = SunX509
	ssl.keystore.certificate.chain = null
	ssl.keystore.key = null
	ssl.keystore.location = null
	ssl.keystore.password = null
	ssl.keystore.type = JKS
	ssl.protocol = TLSv1.3
	ssl.provider = null
	ssl.secure.random.implementation = null
	ssl.trustmanager.algorithm = PKIX
	ssl.truststore.certificates = null
	ssl.truststore.location = null
	ssl.truststore.password = null
	ssl.truststore.type = JKS
	transaction.timeout.ms = 60000
	transactional.id = null
	value.serializer = class io.apicurio.registry.serde.protobuf.ProtobufKafkaSerializer

2025-07-31 15:31:51,581 INFO  [org.apa.kaf.com.tel.int.KafkaMetricsCollector] (main) initializing Kafka metrics collector
2025-07-31 15:31:51,583 INFO  [org.apa.kaf.cli.pro.KafkaProducer] (main) [Producer clientId=Producer-topic-c4881fd7_db98_4403_a804_05f870c7d59c] Instantiated an idempotent producer.
2025-07-31 15:31:51,584 INFO  [org.apa.kaf.cli.pro.ProducerConfig] (main) These configurations '[apicurio.registry.find-latest, apicurio.registry.url, apicurio.registry.artifact-resolver-strategy]' were supplied but are not used yet.
2025-07-31 15:31:51,584 INFO  [org.apa.kaf.com.uti.AppInfoParser] (main) Kafka version: 3.9.0
2025-07-31 15:31:51,584 INFO  [org.apa.kaf.com.uti.AppInfoParser] (main) Kafka commitId: 84caaa6e9da06435
2025-07-31 15:31:51,584 INFO  [org.apa.kaf.com.uti.AppInfoParser] (main) Kafka startTimeMs: 1753975911584
2025-07-31 15:31:51,584 INFO  [io.api.tes.ser.api.SimpleSerdesTesterBuilder$SimpleSerdesTester] (main) Using producer configuration: {apicurio.registry.find-latest=true, apicurio.registry.url=http://registry-app-mysql.apps.ci419.apicurio-testing.org:80/apis/registry/v3, apicurio.registry.artifact-resolver-strategy=io.apicurio.registry.serde.strategy.SimpleTopicIdStrategy, value.serializer=io.apicurio.registry.serde.protobuf.ProtobufKafkaSerializer, request.timeout.ms=5000, acks=all, bootstrap.servers=PLAINTEXT://localhost:32770, connections.max.idle.ms=10000, key.serializer=org.apache.kafka.common.serialization.StringSerializer, client.id=Producer-topic-c4881fd7_db98_4403_a804_05f870c7d59c}
2025-07-31 15:31:51,584 INFO  [io.api.tes.ser.api.SimpleSerdesTesterBuilder$SimpleSerdesTester] (main) Using consumer configuration: {apicurio.registry.deserializer.value.return-class=com.google.protobuf.DynamicMessage}
2025-07-31 15:31:51,584 INFO  [io.api.tes.ser.api.KafkaSerdesTester] (Thread-350) Sending message header {
  time {
  }
}
d1: 1.753975911584E12
s1: "a"
i1: 123
bi1: 1
point {
  longitude: 22.0
  latitude: 22.0
  altitude: 1.0
}
 to topic topic-c4881fd7_db98_4403_a804_05f870c7d59c
2025-07-31 15:31:51,587 INFO  [org.apa.kaf.cli.Metadata] (kafka-producer-network-thread | Producer-topic-c4881fd7_db98_4403_a804_05f870c7d59c) [Producer clientId=Producer-topic-c4881fd7_db98_4403_a804_05f870c7d59c] Cluster ID: u8-Iy8eKRM2xsCw1W024xw
2025-07-31 15:31:51,587 INFO  [org.apa.kaf.cli.pro.int.TransactionManager] (kafka-producer-network-thread | Producer-topic-c4881fd7_db98_4403_a804_05f870c7d59c) [Producer clientId=Producer-topic-c4881fd7_db98_4403_a804_05f870c7d59c] ProducerId set to 41 with epoch 0
2025-07-31 15:31:51,731 INFO  [io.api.tes.ser.api.KafkaSerdesTester] (Thread-350) Sending message header {
  time {
  }
}
d1: 1.753975911731E12
s1: "a"
i1: 123
bi1: 1
point {
  longitude: 22.0
  latitude: 22.0
  altitude: 1.0
}
 to topic topic-c4881fd7_db98_4403_a804_05f870c7d59c
2025-07-31 15:31:51,734 INFO  [io.api.tes.ser.api.KafkaSerdesTester] (Thread-350) Sending message header {
  time {
  }
}
d1: 1.753975911734E12
s1: "a"
i1: 123
bi1: 1
point {
  longitude: 22.0
  latitude: 22.0
  altitude: 1.0
}
 to topic topic-c4881fd7_db98_4403_a804_05f870c7d59c
2025-07-31 15:31:51,740 INFO  [io.api.tes.ser.api.KafkaSerdesTester] (Thread-350) Sending message header {
  time {
  }
}
d1: 1.75397591174E12
s1: "a"
i1: 123
bi1: 1
point {
  longitude: 22.0
  latitude: 22.0
  altitude: 1.0
}
 to topic topic-c4881fd7_db98_4403_a804_05f870c7d59c
2025-07-31 15:31:51,745 INFO  [io.api.tes.ser.api.KafkaSerdesTester] (Thread-350) Sending message header {
  time {
  }
}
d1: 1.753975911745E12
s1: "a"
i1: 123
bi1: 1
point {
  longitude: 22.0
  latitude: 22.0
  altitude: 1.0
}
 to topic topic-c4881fd7_db98_4403_a804_05f870c7d59c
2025-07-31 15:31:51,749 INFO  [io.api.tes.ser.api.KafkaSerdesTester] (Thread-350) Sending message header {
  time {
  }
}
d1: 1.753975911749E12
s1: "a"
i1: 123
bi1: 1
point {
  longitude: 22.0
  latitude: 22.0
  altitude: 1.0
}
 to topic topic-c4881fd7_db98_4403_a804_05f870c7d59c
2025-07-31 15:31:51,752 INFO  [io.api.tes.ser.api.KafkaSerdesTester] (Thread-350) Sending message header {
  time {
  }
}
d1: 1.753975911752E12
s1: "a"
i1: 123
bi1: 1
point {
  longitude: 22.0
  latitude: 22.0
  altitude: 1.0
}
 to topic topic-c4881fd7_db98_4403_a804_05f870c7d59c
2025-07-31 15:31:51,755 INFO  [io.api.tes.ser.api.KafkaSerdesTester] (Thread-350) Sending message header {
  time {
  }
}
d1: 1.753975911755E12
s1: "a"
i1: 123
bi1: 1
point {
  longitude: 22.0
  latitude: 22.0
  altitude: 1.0
}
 to topic topic-c4881fd7_db98_4403_a804_05f870c7d59c
2025-07-31 15:31:51,757 INFO  [io.api.tes.ser.api.KafkaSerdesTester] (Thread-350) Sending message header {
  time {
  }
}
d1: 1.753975911757E12
s1: "a"
i1: 123
bi1: 1
point {
  longitude: 22.0
  latitude: 22.0
  altitude: 1.0
}
 to topic topic-c4881fd7_db98_4403_a804_05f870c7d59c
2025-07-31 15:31:51,760 INFO  [io.api.tes.ser.api.KafkaSerdesTester] (Thread-350) Sending message header {
  time {
  }
}
d1: 1.75397591176E12
s1: "a"
i1: 123
bi1: 1
point {
  longitude: 22.0
  latitude: 22.0
  altitude: 1.0
}
 to topic topic-c4881fd7_db98_4403_a804_05f870c7d59c
2025-07-31 15:31:51,763 INFO  [io.api.tes.ser.api.KafkaSerdesTester] (Thread-350) Produced 10 messages
2025-07-31 15:31:51,763 INFO  [org.apa.kaf.cli.pro.KafkaProducer] (Thread-350) [Producer clientId=Producer-topic-c4881fd7_db98_4403_a804_05f870c7d59c] Closing the Kafka producer with timeoutMillis = 9223372036854775807 ms.
2025-07-31 15:31:51,767 INFO  [org.apa.kaf.com.met.Metrics] (Thread-350) Metrics scheduler closed
2025-07-31 15:31:51,767 INFO  [org.apa.kaf.com.met.Metrics] (Thread-350) Closing reporter org.apache.kafka.common.metrics.JmxReporter
2025-07-31 15:31:51,767 INFO  [org.apa.kaf.com.met.Metrics] (Thread-350) Closing reporter org.apache.kafka.common.telemetry.internals.ClientTelemetryReporter
2025-07-31 15:31:51,767 INFO  [org.apa.kaf.com.met.Metrics] (Thread-350) Metrics reporters closed
2025-07-31 15:31:51,767 INFO  [org.apa.kaf.com.uti.AppInfoParser] (Thread-350) App info kafka.producer for Producer-topic-c4881fd7_db98_4403_a804_05f870c7d59c unregistered
2025-07-31 15:31:51,769 INFO  [org.apa.kaf.cli.con.ConsumerConfig] (main) ConsumerConfig values: 
	allow.auto.create.topics = true
	auto.commit.interval.ms = 500
	auto.include.jmx.reporter = true
	auto.offset.reset = earliest
	bootstrap.servers = [PLAINTEXT://localhost:32770]
	check.crcs = true
	client.dns.lookup = use_all_dns_ips
	client.id = consumer-Consumer-topic-c4881fd7_db98_4403_a804_05f870c7d59c-31
	client.rack = 
	connections.max.idle.ms = 10000
	default.api.timeout.ms = 60000
	enable.auto.commit = true
	enable.metrics.push = true
	exclude.internal.topics = true
	fetch.max.bytes = 52428800
	fetch.max.wait.ms = 500
	fetch.min.bytes = 1
	group.id = Consumer-topic-c4881fd7_db98_4403_a804_05f870c7d59c
	group.instance.id = null
	group.protocol = classic
	group.remote.assignor = null
	heartbeat.interval.ms = 3000
	interceptor.classes = []
	internal.leave.group.on.close = true
	internal.throw.on.fetch.stable.offset.unsupported = false
	isolation.level = read_uncommitted
	key.deserializer = class org.apache.kafka.common.serialization.StringDeserializer
	max.partition.fetch.bytes = 1048576
	max.poll.interval.ms = 300000
	max.poll.records = 500
	metadata.max.age.ms = 300000
	metadata.recovery.strategy = none
	metric.reporters = []
	metrics.num.samples = 2
	metrics.recording.level = INFO
	metrics.sample.window.ms = 30000
	partition.assignment.strategy = [class org.apache.kafka.clients.consumer.RangeAssignor, class org.apache.kafka.clients.consumer.CooperativeStickyAssignor]
	receive.buffer.bytes = 65536
	reconnect.backoff.max.ms = 1000
	reconnect.backoff.ms = 50
	request.timeout.ms = 5000
	retry.backoff.max.ms = 1000
	retry.backoff.ms = 100
	sasl.client.callback.handler.class = null
	sasl.jaas.config = null
	sasl.kerberos.kinit.cmd = /usr/bin/kinit
	sasl.kerberos.min.time.before.relogin = 60000
	sasl.kerberos.service.name = null
	sasl.kerberos.ticket.renew.jitter = 0.05
	sasl.kerberos.ticket.renew.window.factor = 0.8
	sasl.login.callback.handler.class = null
	sasl.login.class = null
	sasl.login.connect.timeout.ms = null
	sasl.login.read.timeout.ms = null
	sasl.login.refresh.buffer.seconds = 300
	sasl.login.refresh.min.period.seconds = 60
	sasl.login.refresh.window.factor = 0.8
	sasl.login.refresh.window.jitter = 0.05
	sasl.login.retry.backoff.max.ms = 10000
	sasl.login.retry.backoff.ms = 100
	sasl.mechanism = GSSAPI
	sasl.oauthbearer.clock.skew.seconds = 30
	sasl.oauthbearer.expected.audience = null
	sasl.oauthbearer.expected.issuer = null
	sasl.oauthbearer.header.urlencode = false
	sasl.oauthbearer.jwks.endpoint.refresh.ms = 3600000
	sasl.oauthbearer.jwks.endpoint.retry.backoff.max.ms = 10000
	sasl.oauthbearer.jwks.endpoint.retry.backoff.ms = 100
	sasl.oauthbearer.jwks.endpoint.url = null
	sasl.oauthbearer.scope.claim.name = scope
	sasl.oauthbearer.sub.claim.name = sub
	sasl.oauthbearer.token.endpoint.url = null
	security.protocol = PLAINTEXT
	security.providers = null
	send.buffer.bytes = 131072
	session.timeout.ms = 45000
	socket.connection.setup.timeout.max.ms = 30000
	socket.connection.setup.timeout.ms = 10000
	ssl.cipher.suites = null
	ssl.enabled.protocols = [TLSv1.2, TLSv1.3]
	ssl.endpoint.identification.algorithm = https
	ssl.engine.factory.class = null
	ssl.key.password = null
	ssl.keymanager.algorithm = SunX509
	ssl.keystore.certificate.chain = null
	ssl.keystore.key = null
	ssl.keystore.location = null
	ssl.keystore.password = null
	ssl.keystore.type = JKS
	ssl.protocol = TLSv1.3
	ssl.provider = null
	ssl.secure.random.implementation = null
	ssl.trustmanager.algorithm = PKIX
	ssl.truststore.certificates = null
	ssl.truststore.location = null
	ssl.truststore.password = null
	ssl.truststore.type = JKS
	value.deserializer = class io.apicurio.registry.serde.protobuf.ProtobufKafkaDeserializer

2025-07-31 15:31:51,769 INFO  [org.apa.kaf.com.tel.int.KafkaMetricsCollector] (main) initializing Kafka metrics collector
2025-07-31 15:31:51,785 INFO  [org.apa.kaf.cli.con.ConsumerConfig] (main) These configurations '[apicurio.registry.deserializer.value.return-class, apicurio.registry.url]' were supplied but are not used yet.
2025-07-31 15:31:51,785 INFO  [org.apa.kaf.com.uti.AppInfoParser] (main) Kafka version: 3.9.0
2025-07-31 15:31:51,785 INFO  [org.apa.kaf.com.uti.AppInfoParser] (main) Kafka commitId: 84caaa6e9da06435
2025-07-31 15:31:51,785 INFO  [org.apa.kaf.com.uti.AppInfoParser] (main) Kafka startTimeMs: 1753975911785
2025-07-31 15:31:51,785 INFO  [org.apa.kaf.cli.con.int.ClassicKafkaConsumer] (Thread-353) [Consumer clientId=consumer-Consumer-topic-c4881fd7_db98_4403_a804_05f870c7d59c-31, groupId=Consumer-topic-c4881fd7_db98_4403_a804_05f870c7d59c] Subscribed to topic(s): topic-c4881fd7_db98_4403_a804_05f870c7d59c
2025-07-31 15:31:51,788 INFO  [org.apa.kaf.cli.Metadata] (Thread-353) [Consumer clientId=consumer-Consumer-topic-c4881fd7_db98_4403_a804_05f870c7d59c-31, groupId=Consumer-topic-c4881fd7_db98_4403_a804_05f870c7d59c] Cluster ID: u8-Iy8eKRM2xsCw1W024xw
2025-07-31 15:31:51,788 INFO  [org.apa.kaf.cli.con.int.ConsumerCoordinator] (Thread-353) [Consumer clientId=consumer-Consumer-topic-c4881fd7_db98_4403_a804_05f870c7d59c-31, groupId=Consumer-topic-c4881fd7_db98_4403_a804_05f870c7d59c] Discovered group coordinator localhost:32770 (id: 2147483647 rack: null)
2025-07-31 15:31:51,789 INFO  [org.apa.kaf.cli.con.int.ConsumerCoordinator] (Thread-353) [Consumer clientId=consumer-Consumer-topic-c4881fd7_db98_4403_a804_05f870c7d59c-31, groupId=Consumer-topic-c4881fd7_db98_4403_a804_05f870c7d59c] (Re-)joining group
2025-07-31 15:31:51,790 INFO  [org.apa.kaf.cli.con.int.ConsumerCoordinator] (Thread-353) [Consumer clientId=consumer-Consumer-topic-c4881fd7_db98_4403_a804_05f870c7d59c-31, groupId=Consumer-topic-c4881fd7_db98_4403_a804_05f870c7d59c] Request joining group due to: need to re-join with the given member-id: consumer-Consumer-topic-c4881fd7_db98_4403_a804_05f870c7d59c-31-bbf42ed8-7080-4c68-af68-73ecb54aea59
2025-07-31 15:31:51,790 INFO  [org.apa.kaf.cli.con.int.ConsumerCoordinator] (Thread-353) [Consumer clientId=consumer-Consumer-topic-c4881fd7_db98_4403_a804_05f870c7d59c-31, groupId=Consumer-topic-c4881fd7_db98_4403_a804_05f870c7d59c] (Re-)joining group
2025-07-31 15:31:51,791 INFO  [org.apa.kaf.cli.con.int.ConsumerCoordinator] (Thread-353) [Consumer clientId=consumer-Consumer-topic-c4881fd7_db98_4403_a804_05f870c7d59c-31, groupId=Consumer-topic-c4881fd7_db98_4403_a804_05f870c7d59c] Successfully joined group with generation Generation{generationId=1, memberId='consumer-Consumer-topic-c4881fd7_db98_4403_a804_05f870c7d59c-31-bbf42ed8-7080-4c68-af68-73ecb54aea59', protocol='range'}
2025-07-31 15:31:51,792 INFO  [org.apa.kaf.cli.con.int.ConsumerCoordinator] (Thread-353) [Consumer clientId=consumer-Consumer-topic-c4881fd7_db98_4403_a804_05f870c7d59c-31, groupId=Consumer-topic-c4881fd7_db98_4403_a804_05f870c7d59c] Finished assignment for group at generation 1: {consumer-Consumer-topic-c4881fd7_db98_4403_a804_05f870c7d59c-31-bbf42ed8-7080-4c68-af68-73ecb54aea59=Assignment(partitions=[topic-c4881fd7_db98_4403_a804_05f870c7d59c-0])}
2025-07-31 15:31:51,793 INFO  [org.apa.kaf.cli.con.int.ConsumerCoordinator] (Thread-353) [Consumer clientId=consumer-Consumer-topic-c4881fd7_db98_4403_a804_05f870c7d59c-31, groupId=Consumer-topic-c4881fd7_db98_4403_a804_05f870c7d59c] Successfully synced group in generation Generation{generationId=1, memberId='consumer-Consumer-topic-c4881fd7_db98_4403_a804_05f870c7d59c-31-bbf42ed8-7080-4c68-af68-73ecb54aea59', protocol='range'}
2025-07-31 15:31:51,793 INFO  [org.apa.kaf.cli.con.int.ConsumerCoordinator] (Thread-353) [Consumer clientId=consumer-Consumer-topic-c4881fd7_db98_4403_a804_05f870c7d59c-31, groupId=Consumer-topic-c4881fd7_db98_4403_a804_05f870c7d59c] Notifying assignor about the new Assignment(partitions=[topic-c4881fd7_db98_4403_a804_05f870c7d59c-0])
2025-07-31 15:31:51,793 INFO  [org.apa.kaf.cli.con.int.ConsumerRebalanceListenerInvoker] (Thread-353) [Consumer clientId=consumer-Consumer-topic-c4881fd7_db98_4403_a804_05f870c7d59c-31, groupId=Consumer-topic-c4881fd7_db98_4403_a804_05f870c7d59c] Adding newly assigned partitions: topic-c4881fd7_db98_4403_a804_05f870c7d59c-0
2025-07-31 15:31:51,794 INFO  [org.apa.kaf.cli.con.int.ConsumerCoordinator] (Thread-353) [Consumer clientId=consumer-Consumer-topic-c4881fd7_db98_4403_a804_05f870c7d59c-31, groupId=Consumer-topic-c4881fd7_db98_4403_a804_05f870c7d59c] Found no committed offset for partition topic-c4881fd7_db98_4403_a804_05f870c7d59c-0
2025-07-31 15:31:51,796 INFO  [org.apa.kaf.cli.con.int.SubscriptionState] (Thread-353) [Consumer clientId=consumer-Consumer-topic-c4881fd7_db98_4403_a804_05f870c7d59c-31, groupId=Consumer-topic-c4881fd7_db98_4403_a804_05f870c7d59c] Resetting offset for partition topic-c4881fd7_db98_4403_a804_05f870c7d59c-0 to position FetchPosition{offset=0, offsetEpoch=Optional.empty, currentLeader=LeaderAndEpoch{leader=Optional[localhost:32770 (id: 0 rack: null)], epoch=0}}.
2025-07-31 15:31:51,916 INFO  [io.api.tes.ser.api.KafkaSerdesTester] (Thread-353) topic-c4881fd7_db98_4403_a804_05f870c7d59c 0 0 header {
  time {
  }
}
d1: 1.753975911584E12
s1: "a"
i1: 123
bi1: 1
point {
  longitude: 22.0
  latitude: 22.0
  altitude: 1.0
}

2025-07-31 15:31:51,916 INFO  [io.api.tes.ser.api.KafkaSerdesTester] (Thread-353) topic-c4881fd7_db98_4403_a804_05f870c7d59c 0 1 header {
  time {
  }
}
d1: 1.753975911731E12
s1: "a"
i1: 123
bi1: 1
point {
  longitude: 22.0
  latitude: 22.0
  altitude: 1.0
}

2025-07-31 15:31:51,916 INFO  [io.api.tes.ser.api.KafkaSerdesTester] (Thread-353) topic-c4881fd7_db98_4403_a804_05f870c7d59c 0 2 header {
  time {
  }
}
d1: 1.753975911734E12
s1: "a"
i1: 123
bi1: 1
point {
  longitude: 22.0
  latitude: 22.0
  altitude: 1.0
}

2025-07-31 15:31:51,916 INFO  [io.api.tes.ser.api.KafkaSerdesTester] (Thread-353) topic-c4881fd7_db98_4403_a804_05f870c7d59c 0 3 header {
  time {
  }
}
d1: 1.75397591174E12
s1: "a"
i1: 123
bi1: 1
point {
  longitude: 22.0
  latitude: 22.0
  altitude: 1.0
}

2025-07-31 15:31:51,917 INFO  [io.api.tes.ser.api.KafkaSerdesTester] (Thread-353) topic-c4881fd7_db98_4403_a804_05f870c7d59c 0 4 header {
  time {
  }
}
d1: 1.753975911745E12
s1: "a"
i1: 123
bi1: 1
point {
  longitude: 22.0
  latitude: 22.0
  altitude: 1.0
}

2025-07-31 15:31:51,917 INFO  [io.api.tes.ser.api.KafkaSerdesTester] (Thread-353) topic-c4881fd7_db98_4403_a804_05f870c7d59c 0 5 header {
  time {
  }
}
d1: 1.753975911749E12
s1: "a"
i1: 123
bi1: 1
point {
  longitude: 22.0
  latitude: 22.0
  altitude: 1.0
}

2025-07-31 15:31:51,917 INFO  [io.api.tes.ser.api.KafkaSerdesTester] (Thread-353) topic-c4881fd7_db98_4403_a804_05f870c7d59c 0 6 header {
  time {
  }
}
d1: 1.753975911752E12
s1: "a"
i1: 123
bi1: 1
point {
  longitude: 22.0
  latitude: 22.0
  altitude: 1.0
}

2025-07-31 15:31:51,917 INFO  [io.api.tes.ser.api.KafkaSerdesTester] (Thread-353) topic-c4881fd7_db98_4403_a804_05f870c7d59c 0 7 header {
  time {
  }
}
d1: 1.753975911755E12
s1: "a"
i1: 123
bi1: 1
point {
  longitude: 22.0
  latitude: 22.0
  altitude: 1.0
}

2025-07-31 15:31:51,917 INFO  [io.api.tes.ser.api.KafkaSerdesTester] (Thread-353) topic-c4881fd7_db98_4403_a804_05f870c7d59c 0 8 header {
  time {
  }
}
d1: 1.753975911757E12
s1: "a"
i1: 123
bi1: 1
point {
  longitude: 22.0
  latitude: 22.0
  altitude: 1.0
}

2025-07-31 15:31:51,917 INFO  [io.api.tes.ser.api.KafkaSerdesTester] (Thread-353) topic-c4881fd7_db98_4403_a804_05f870c7d59c 0 9 header {
  time {
  }
}
d1: 1.75397591176E12
s1: "a"
i1: 123
bi1: 1
point {
  longitude: 22.0
  latitude: 22.0
  altitude: 1.0
}

2025-07-31 15:31:51,917 INFO  [io.api.tes.ser.api.KafkaSerdesTester] (Thread-353) Consumed 10 messages
2025-07-31 15:31:51,923 INFO  [org.apa.kaf.cli.con.int.ConsumerRebalanceListenerInvoker] (Thread-353) [Consumer clientId=consumer-Consumer-topic-c4881fd7_db98_4403_a804_05f870c7d59c-31, groupId=Consumer-topic-c4881fd7_db98_4403_a804_05f870c7d59c] Revoke previously assigned partitions topic-c4881fd7_db98_4403_a804_05f870c7d59c-0
2025-07-31 15:31:51,923 INFO  [org.apa.kaf.cli.con.int.ConsumerCoordinator] (Thread-353) [Consumer clientId=consumer-Consumer-topic-c4881fd7_db98_4403_a804_05f870c7d59c-31, groupId=Consumer-topic-c4881fd7_db98_4403_a804_05f870c7d59c] Member consumer-Consumer-topic-c4881fd7_db98_4403_a804_05f870c7d59c-31-bbf42ed8-7080-4c68-af68-73ecb54aea59 sending LeaveGroup request to coordinator localhost:32770 (id: 2147483647 rack: null) due to the consumer is being closed
2025-07-31 15:31:51,925 INFO  [org.apa.kaf.cli.con.int.ConsumerCoordinator] (Thread-353) [Consumer clientId=consumer-Consumer-topic-c4881fd7_db98_4403_a804_05f870c7d59c-31, groupId=Consumer-topic-c4881fd7_db98_4403_a804_05f870c7d59c] Resetting generation and member id due to: consumer pro-actively leaving the group
2025-07-31 15:31:51,925 INFO  [org.apa.kaf.cli.con.int.ConsumerCoordinator] (Thread-353) [Consumer clientId=consumer-Consumer-topic-c4881fd7_db98_4403_a804_05f870c7d59c-31, groupId=Consumer-topic-c4881fd7_db98_4403_a804_05f870c7d59c] Request joining group due to: consumer pro-actively leaving the group
2025-07-31 15:31:52,417 INFO  [org.apa.kaf.com.met.Metrics] (Thread-353) Metrics scheduler closed
2025-07-31 15:31:52,417 INFO  [org.apa.kaf.com.met.Metrics] (Thread-353) Closing reporter org.apache.kafka.common.metrics.JmxReporter
2025-07-31 15:31:52,417 INFO  [org.apa.kaf.com.met.Metrics] (Thread-353) Closing reporter org.apache.kafka.common.telemetry.internals.ClientTelemetryReporter
2025-07-31 15:31:52,417 INFO  [org.apa.kaf.com.met.Metrics] (Thread-353) Metrics reporters closed
2025-07-31 15:31:52,418 INFO  [org.apa.kaf.com.uti.AppInfoParser] (Thread-353) App info kafka.consumer for consumer-Consumer-topic-c4881fd7_db98_4403_a804_05f870c7d59c-31 unregistered
2025-07-31 15:31:52,419 INFO  [io.api.tes.uti.TestSeparator] (main) io.apicurio.tests.serdes.apicurio.ProtobufSerdeIT.testFindLatestDynamicMessageProtobufType-FINISHED
2025-07-31 15:31:52,419 INFO  [io.api.tes.uti.TestSeparator] (main) ############################################################################
]]></system-out>
  </testcase>
  <testcase name="testFindLatestDeriveClassProtobufTypeSimpleTopicIdStrategy" classname="io.apicurio.tests.serdes.apicurio.ProtobufSerdeIT" time="1.076">
    <system-out><![CDATA[2025-07-31 15:31:52,420 INFO  [io.api.tes.uti.TestSeparator] (main) ############################################################################
2025-07-31 15:31:52,420 INFO  [io.api.tes.uti.TestSeparator] (main) io.apicurio.tests.serdes.apicurio.ProtobufSerdeIT.testFindLatestDeriveClassProtobufTypeSimpleTopicIdStrategy-STARTED
2025-07-31 15:31:53,495 INFO  [io.api.tes.uti.TestSeparator] (main) io.apicurio.tests.serdes.apicurio.ProtobufSerdeIT.testFindLatestDeriveClassProtobufTypeSimpleTopicIdStrategy-FINISHED
2025-07-31 15:31:53,496 INFO  [io.api.tes.uti.TestSeparator] (main) ############################################################################
]]></system-out>
  </testcase>
  <testcase name="testFindLatestAndUseBody" classname="io.apicurio.tests.serdes.apicurio.ProtobufSerdeIT" time="1.903">
    <system-out><![CDATA[2025-07-31 15:31:53,497 INFO  [io.api.tes.uti.TestSeparator] (main) ############################################################################
2025-07-31 15:31:53,497 INFO  [io.api.tes.uti.TestSeparator] (main) io.apicurio.tests.serdes.apicurio.ProtobufSerdeIT.testFindLatestAndUseBody-STARTED
2025-07-31 15:31:54,571 INFO  [org.apa.kaf.cli.pro.ProducerConfig] (main) ProducerConfig values: 
	acks = -1
	auto.include.jmx.reporter = true
	batch.size = 16384
	bootstrap.servers = [PLAINTEXT://localhost:32770]
	buffer.memory = 33554432
	client.dns.lookup = use_all_dns_ips
	client.id = Producer-topic-774365e4_df0d_4974_8e7b_e5e729517e0b
	compression.gzip.level = -1
	compression.lz4.level = 9
	compression.type = none
	compression.zstd.level = 3
	connections.max.idle.ms = 10000
	delivery.timeout.ms = 120000
	enable.idempotence = true
	enable.metrics.push = true
	interceptor.classes = []
	key.serializer = class org.apache.kafka.common.serialization.StringSerializer
	linger.ms = 0
	max.block.ms = 60000
	max.in.flight.requests.per.connection = 5
	max.request.size = 1048576
	metadata.max.age.ms = 300000
	metadata.max.idle.ms = 300000
	metadata.recovery.strategy = none
	metric.reporters = []
	metrics.num.samples = 2
	metrics.recording.level = INFO
	metrics.sample.window.ms = 30000
	partitioner.adaptive.partitioning.enable = true
	partitioner.availability.timeout.ms = 0
	partitioner.class = null
	partitioner.ignore.keys = false
	receive.buffer.bytes = 32768
	reconnect.backoff.max.ms = 1000
	reconnect.backoff.ms = 50
	request.timeout.ms = 5000
	retries = 2147483647
	retry.backoff.max.ms = 1000
	retry.backoff.ms = 100
	sasl.client.callback.handler.class = null
	sasl.jaas.config = null
	sasl.kerberos.kinit.cmd = /usr/bin/kinit
	sasl.kerberos.min.time.before.relogin = 60000
	sasl.kerberos.service.name = null
	sasl.kerberos.ticket.renew.jitter = 0.05
	sasl.kerberos.ticket.renew.window.factor = 0.8
	sasl.login.callback.handler.class = null
	sasl.login.class = null
	sasl.login.connect.timeout.ms = null
	sasl.login.read.timeout.ms = null
	sasl.login.refresh.buffer.seconds = 300
	sasl.login.refresh.min.period.seconds = 60
	sasl.login.refresh.window.factor = 0.8
	sasl.login.refresh.window.jitter = 0.05
	sasl.login.retry.backoff.max.ms = 10000
	sasl.login.retry.backoff.ms = 100
	sasl.mechanism = GSSAPI
	sasl.oauthbearer.clock.skew.seconds = 30
	sasl.oauthbearer.expected.audience = null
	sasl.oauthbearer.expected.issuer = null
	sasl.oauthbearer.header.urlencode = false
	sasl.oauthbearer.jwks.endpoint.refresh.ms = 3600000
	sasl.oauthbearer.jwks.endpoint.retry.backoff.max.ms = 10000
	sasl.oauthbearer.jwks.endpoint.retry.backoff.ms = 100
	sasl.oauthbearer.jwks.endpoint.url = null
	sasl.oauthbearer.scope.claim.name = scope
	sasl.oauthbearer.sub.claim.name = sub
	sasl.oauthbearer.token.endpoint.url = null
	security.protocol = PLAINTEXT
	security.providers = null
	send.buffer.bytes = 131072
	socket.connection.setup.timeout.max.ms = 30000
	socket.connection.setup.timeout.ms = 10000
	ssl.cipher.suites = null
	ssl.enabled.protocols = [TLSv1.2, TLSv1.3]
	ssl.endpoint.identification.algorithm = https
	ssl.engine.factory.class = null
	ssl.key.password = null
	ssl.keymanager.algorithm = SunX509
	ssl.keystore.certificate.chain = null
	ssl.keystore.key = null
	ssl.keystore.location = null
	ssl.keystore.password = null
	ssl.keystore.type = JKS
	ssl.protocol = TLSv1.3
	ssl.provider = null
	ssl.secure.random.implementation = null
	ssl.trustmanager.algorithm = PKIX
	ssl.truststore.certificates = null
	ssl.truststore.location = null
	ssl.truststore.password = null
	ssl.truststore.type = JKS
	transaction.timeout.ms = 60000
	transactional.id = null
	value.serializer = class io.apicurio.registry.serde.protobuf.ProtobufKafkaSerializer

2025-07-31 15:31:54,572 INFO  [org.apa.kaf.com.tel.int.KafkaMetricsCollector] (main) initializing Kafka metrics collector
2025-07-31 15:31:54,574 INFO  [org.apa.kaf.cli.pro.KafkaProducer] (main) [Producer clientId=Producer-topic-774365e4_df0d_4974_8e7b_e5e729517e0b] Instantiated an idempotent producer.
2025-07-31 15:31:54,576 INFO  [org.apa.kaf.cli.pro.ProducerConfig] (main) These configurations '[apicurio.registry.find-latest, apicurio.registry.url, apicurio.registry.artifact-resolver-strategy]' were supplied but are not used yet.
2025-07-31 15:31:54,577 INFO  [org.apa.kaf.com.uti.AppInfoParser] (main) Kafka version: 3.9.0
2025-07-31 15:31:54,577 INFO  [org.apa.kaf.com.uti.AppInfoParser] (main) Kafka commitId: 84caaa6e9da06435
2025-07-31 15:31:54,577 INFO  [org.apa.kaf.com.uti.AppInfoParser] (main) Kafka startTimeMs: 1753975914577
2025-07-31 15:31:54,577 INFO  [io.api.tes.ser.api.SimpleSerdesTesterBuilder$SimpleSerdesTester] (main) Using producer configuration: {apicurio.registry.find-latest=true, apicurio.registry.url=http://registry-app-mysql.apps.ci419.apicurio-testing.org:80/apis/registry/v3, apicurio.registry.artifact-resolver-strategy=io.apicurio.registry.serde.strategy.TopicIdStrategy, value.serializer=io.apicurio.registry.serde.protobuf.ProtobufKafkaSerializer, request.timeout.ms=5000, acks=all, bootstrap.servers=PLAINTEXT://localhost:32770, connections.max.idle.ms=10000, key.serializer=org.apache.kafka.common.serialization.StringSerializer, client.id=Producer-topic-774365e4_df0d_4974_8e7b_e5e729517e0b}
2025-07-31 15:31:54,577 INFO  [io.api.tes.ser.api.SimpleSerdesTesterBuilder$SimpleSerdesTester] (main) Using consumer configuration: {}
2025-07-31 15:31:54,577 INFO  [io.api.tes.ser.api.KafkaSerdesTester] (Thread-356) Sending message header {
  time {
  }
}
d1: 1.753975914577E12
s1: "a"
i1: 123
bi1: 1
point {
  longitude: 22.0
  latitude: 22.0
  altitude: 1.0
}
 to topic topic-774365e4_df0d_4974_8e7b_e5e729517e0b
2025-07-31 15:31:54,582 INFO  [org.apa.kaf.cli.Metadata] (kafka-producer-network-thread | Producer-topic-774365e4_df0d_4974_8e7b_e5e729517e0b) [Producer clientId=Producer-topic-774365e4_df0d_4974_8e7b_e5e729517e0b] Cluster ID: u8-Iy8eKRM2xsCw1W024xw
2025-07-31 15:31:54,582 INFO  [org.apa.kaf.cli.pro.int.TransactionManager] (kafka-producer-network-thread | Producer-topic-774365e4_df0d_4974_8e7b_e5e729517e0b) [Producer clientId=Producer-topic-774365e4_df0d_4974_8e7b_e5e729517e0b] ProducerId set to 42 with epoch 0
2025-07-31 15:31:54,715 INFO  [io.api.tes.ser.api.KafkaSerdesTester] (Thread-356) Sending message header {
  time {
  }
}
d1: 1.753975914715E12
s1: "a"
i1: 123
bi1: 1
point {
  longitude: 22.0
  latitude: 22.0
  altitude: 1.0
}
 to topic topic-774365e4_df0d_4974_8e7b_e5e729517e0b
2025-07-31 15:31:54,718 INFO  [io.api.tes.ser.api.KafkaSerdesTester] (Thread-356) Sending message header {
  time {
  }
}
d1: 1.753975914718E12
s1: "a"
i1: 123
bi1: 1
point {
  longitude: 22.0
  latitude: 22.0
  altitude: 1.0
}
 to topic topic-774365e4_df0d_4974_8e7b_e5e729517e0b
2025-07-31 15:31:54,723 INFO  [io.api.tes.ser.api.KafkaSerdesTester] (Thread-356) Sending message header {
  time {
  }
}
d1: 1.753975914723E12
s1: "a"
i1: 123
bi1: 1
point {
  longitude: 22.0
  latitude: 22.0
  altitude: 1.0
}
 to topic topic-774365e4_df0d_4974_8e7b_e5e729517e0b
2025-07-31 15:31:54,726 INFO  [io.api.tes.ser.api.KafkaSerdesTester] (Thread-356) Sending message header {
  time {
  }
}
d1: 1.753975914726E12
s1: "a"
i1: 123
bi1: 1
point {
  longitude: 22.0
  latitude: 22.0
  altitude: 1.0
}
 to topic topic-774365e4_df0d_4974_8e7b_e5e729517e0b
2025-07-31 15:31:54,728 INFO  [io.api.tes.ser.api.KafkaSerdesTester] (Thread-356) Sending message header {
  time {
  }
}
d1: 1.753975914728E12
s1: "a"
i1: 123
bi1: 1
point {
  longitude: 22.0
  latitude: 22.0
  altitude: 1.0
}
 to topic topic-774365e4_df0d_4974_8e7b_e5e729517e0b
2025-07-31 15:31:54,729 INFO  [io.api.tes.ser.api.KafkaSerdesTester] (Thread-356) Sending message header {
  time {
  }
}
d1: 1.753975914729E12
s1: "a"
i1: 123
bi1: 1
point {
  longitude: 22.0
  latitude: 22.0
  altitude: 1.0
}
 to topic topic-774365e4_df0d_4974_8e7b_e5e729517e0b
2025-07-31 15:31:54,731 INFO  [io.api.tes.ser.api.KafkaSerdesTester] (Thread-356) Sending message header {
  time {
  }
}
d1: 1.75397591473E12
s1: "a"
i1: 123
bi1: 1
point {
  longitude: 22.0
  latitude: 22.0
  altitude: 1.0
}
 to topic topic-774365e4_df0d_4974_8e7b_e5e729517e0b
2025-07-31 15:31:54,732 INFO  [io.api.tes.ser.api.KafkaSerdesTester] (Thread-356) Sending message header {
  time {
  }
}
d1: 1.753975914732E12
s1: "a"
i1: 123
bi1: 1
point {
  longitude: 22.0
  latitude: 22.0
  altitude: 1.0
}
 to topic topic-774365e4_df0d_4974_8e7b_e5e729517e0b
2025-07-31 15:31:54,733 INFO  [io.api.tes.ser.api.KafkaSerdesTester] (Thread-356) Sending message header {
  time {
  }
}
d1: 1.753975914733E12
s1: "a"
i1: 123
bi1: 1
point {
  longitude: 22.0
  latitude: 22.0
  altitude: 1.0
}
 to topic topic-774365e4_df0d_4974_8e7b_e5e729517e0b
2025-07-31 15:31:54,735 INFO  [io.api.tes.ser.api.KafkaSerdesTester] (Thread-356) Produced 10 messages
2025-07-31 15:31:54,735 INFO  [org.apa.kaf.cli.pro.KafkaProducer] (Thread-356) [Producer clientId=Producer-topic-774365e4_df0d_4974_8e7b_e5e729517e0b] Closing the Kafka producer with timeoutMillis = 9223372036854775807 ms.
2025-07-31 15:31:54,738 INFO  [org.apa.kaf.com.met.Metrics] (Thread-356) Metrics scheduler closed
2025-07-31 15:31:54,738 INFO  [org.apa.kaf.com.met.Metrics] (Thread-356) Closing reporter org.apache.kafka.common.metrics.JmxReporter
2025-07-31 15:31:54,738 INFO  [org.apa.kaf.com.met.Metrics] (Thread-356) Closing reporter org.apache.kafka.common.telemetry.internals.ClientTelemetryReporter
2025-07-31 15:31:54,738 INFO  [org.apa.kaf.com.met.Metrics] (Thread-356) Metrics reporters closed
2025-07-31 15:31:54,739 INFO  [org.apa.kaf.com.uti.AppInfoParser] (Thread-356) App info kafka.producer for Producer-topic-774365e4_df0d_4974_8e7b_e5e729517e0b unregistered
2025-07-31 15:31:54,739 INFO  [org.apa.kaf.cli.con.ConsumerConfig] (main) ConsumerConfig values: 
	allow.auto.create.topics = true
	auto.commit.interval.ms = 500
	auto.include.jmx.reporter = true
	auto.offset.reset = earliest
	bootstrap.servers = [PLAINTEXT://localhost:32770]
	check.crcs = true
	client.dns.lookup = use_all_dns_ips
	client.id = consumer-Consumer-topic-774365e4_df0d_4974_8e7b_e5e729517e0b-32
	client.rack = 
	connections.max.idle.ms = 10000
	default.api.timeout.ms = 60000
	enable.auto.commit = true
	enable.metrics.push = true
	exclude.internal.topics = true
	fetch.max.bytes = 52428800
	fetch.max.wait.ms = 500
	fetch.min.bytes = 1
	group.id = Consumer-topic-774365e4_df0d_4974_8e7b_e5e729517e0b
	group.instance.id = null
	group.protocol = classic
	group.remote.assignor = null
	heartbeat.interval.ms = 3000
	interceptor.classes = []
	internal.leave.group.on.close = true
	internal.throw.on.fetch.stable.offset.unsupported = false
	isolation.level = read_uncommitted
	key.deserializer = class org.apache.kafka.common.serialization.StringDeserializer
	max.partition.fetch.bytes = 1048576
	max.poll.interval.ms = 300000
	max.poll.records = 500
	metadata.max.age.ms = 300000
	metadata.recovery.strategy = none
	metric.reporters = []
	metrics.num.samples = 2
	metrics.recording.level = INFO
	metrics.sample.window.ms = 30000
	partition.assignment.strategy = [class org.apache.kafka.clients.consumer.RangeAssignor, class org.apache.kafka.clients.consumer.CooperativeStickyAssignor]
	receive.buffer.bytes = 65536
	reconnect.backoff.max.ms = 1000
	reconnect.backoff.ms = 50
	request.timeout.ms = 5000
	retry.backoff.max.ms = 1000
	retry.backoff.ms = 100
	sasl.client.callback.handler.class = null
	sasl.jaas.config = null
	sasl.kerberos.kinit.cmd = /usr/bin/kinit
	sasl.kerberos.min.time.before.relogin = 60000
	sasl.kerberos.service.name = null
	sasl.kerberos.ticket.renew.jitter = 0.05
	sasl.kerberos.ticket.renew.window.factor = 0.8
	sasl.login.callback.handler.class = null
	sasl.login.class = null
	sasl.login.connect.timeout.ms = null
	sasl.login.read.timeout.ms = null
	sasl.login.refresh.buffer.seconds = 300
	sasl.login.refresh.min.period.seconds = 60
	sasl.login.refresh.window.factor = 0.8
	sasl.login.refresh.window.jitter = 0.05
	sasl.login.retry.backoff.max.ms = 10000
	sasl.login.retry.backoff.ms = 100
	sasl.mechanism = GSSAPI
	sasl.oauthbearer.clock.skew.seconds = 30
	sasl.oauthbearer.expected.audience = null
	sasl.oauthbearer.expected.issuer = null
	sasl.oauthbearer.header.urlencode = false
	sasl.oauthbearer.jwks.endpoint.refresh.ms = 3600000
	sasl.oauthbearer.jwks.endpoint.retry.backoff.max.ms = 10000
	sasl.oauthbearer.jwks.endpoint.retry.backoff.ms = 100
	sasl.oauthbearer.jwks.endpoint.url = null
	sasl.oauthbearer.scope.claim.name = scope
	sasl.oauthbearer.sub.claim.name = sub
	sasl.oauthbearer.token.endpoint.url = null
	security.protocol = PLAINTEXT
	security.providers = null
	send.buffer.bytes = 131072
	session.timeout.ms = 45000
	socket.connection.setup.timeout.max.ms = 30000
	socket.connection.setup.timeout.ms = 10000
	ssl.cipher.suites = null
	ssl.enabled.protocols = [TLSv1.2, TLSv1.3]
	ssl.endpoint.identification.algorithm = https
	ssl.engine.factory.class = null
	ssl.key.password = null
	ssl.keymanager.algorithm = SunX509
	ssl.keystore.certificate.chain = null
	ssl.keystore.key = null
	ssl.keystore.location = null
	ssl.keystore.password = null
	ssl.keystore.type = JKS
	ssl.protocol = TLSv1.3
	ssl.provider = null
	ssl.secure.random.implementation = null
	ssl.trustmanager.algorithm = PKIX
	ssl.truststore.certificates = null
	ssl.truststore.location = null
	ssl.truststore.password = null
	ssl.truststore.type = JKS
	value.deserializer = class io.apicurio.registry.serde.protobuf.ProtobufKafkaDeserializer

2025-07-31 15:31:54,740 INFO  [org.apa.kaf.com.tel.int.KafkaMetricsCollector] (main) initializing Kafka metrics collector
2025-07-31 15:31:54,746 INFO  [org.apa.kaf.cli.con.ConsumerConfig] (main) These configurations '[apicurio.registry.url]' were supplied but are not used yet.
2025-07-31 15:31:54,746 INFO  [org.apa.kaf.com.uti.AppInfoParser] (main) Kafka version: 3.9.0
2025-07-31 15:31:54,746 INFO  [org.apa.kaf.com.uti.AppInfoParser] (main) Kafka commitId: 84caaa6e9da06435
2025-07-31 15:31:54,746 INFO  [org.apa.kaf.com.uti.AppInfoParser] (main) Kafka startTimeMs: 1753975914746
2025-07-31 15:31:54,747 INFO  [org.apa.kaf.cli.con.int.ClassicKafkaConsumer] (Thread-359) [Consumer clientId=consumer-Consumer-topic-774365e4_df0d_4974_8e7b_e5e729517e0b-32, groupId=Consumer-topic-774365e4_df0d_4974_8e7b_e5e729517e0b] Subscribed to topic(s): topic-774365e4_df0d_4974_8e7b_e5e729517e0b
2025-07-31 15:31:54,753 INFO  [org.apa.kaf.cli.Metadata] (Thread-359) [Consumer clientId=consumer-Consumer-topic-774365e4_df0d_4974_8e7b_e5e729517e0b-32, groupId=Consumer-topic-774365e4_df0d_4974_8e7b_e5e729517e0b] Cluster ID: u8-Iy8eKRM2xsCw1W024xw
2025-07-31 15:31:54,755 INFO  [org.apa.kaf.cli.con.int.ConsumerCoordinator] (Thread-359) [Consumer clientId=consumer-Consumer-topic-774365e4_df0d_4974_8e7b_e5e729517e0b-32, groupId=Consumer-topic-774365e4_df0d_4974_8e7b_e5e729517e0b] Discovered group coordinator localhost:32770 (id: 2147483647 rack: null)
2025-07-31 15:31:54,756 INFO  [org.apa.kaf.cli.con.int.ConsumerCoordinator] (Thread-359) [Consumer clientId=consumer-Consumer-topic-774365e4_df0d_4974_8e7b_e5e729517e0b-32, groupId=Consumer-topic-774365e4_df0d_4974_8e7b_e5e729517e0b] (Re-)joining group
2025-07-31 15:31:54,763 INFO  [org.apa.kaf.cli.con.int.ConsumerCoordinator] (Thread-359) [Consumer clientId=consumer-Consumer-topic-774365e4_df0d_4974_8e7b_e5e729517e0b-32, groupId=Consumer-topic-774365e4_df0d_4974_8e7b_e5e729517e0b] Request joining group due to: need to re-join with the given member-id: consumer-Consumer-topic-774365e4_df0d_4974_8e7b_e5e729517e0b-32-9b3cf757-b4ea-47ff-94f1-fc1d33579594
2025-07-31 15:31:54,763 INFO  [org.apa.kaf.cli.con.int.ConsumerCoordinator] (Thread-359) [Consumer clientId=consumer-Consumer-topic-774365e4_df0d_4974_8e7b_e5e729517e0b-32, groupId=Consumer-topic-774365e4_df0d_4974_8e7b_e5e729517e0b] (Re-)joining group
2025-07-31 15:31:54,769 INFO  [org.apa.kaf.cli.con.int.ConsumerCoordinator] (Thread-359) [Consumer clientId=consumer-Consumer-topic-774365e4_df0d_4974_8e7b_e5e729517e0b-32, groupId=Consumer-topic-774365e4_df0d_4974_8e7b_e5e729517e0b] Successfully joined group with generation Generation{generationId=1, memberId='consumer-Consumer-topic-774365e4_df0d_4974_8e7b_e5e729517e0b-32-9b3cf757-b4ea-47ff-94f1-fc1d33579594', protocol='range'}
2025-07-31 15:31:54,769 INFO  [org.apa.kaf.cli.con.int.ConsumerCoordinator] (Thread-359) [Consumer clientId=consumer-Consumer-topic-774365e4_df0d_4974_8e7b_e5e729517e0b-32, groupId=Consumer-topic-774365e4_df0d_4974_8e7b_e5e729517e0b] Finished assignment for group at generation 1: {consumer-Consumer-topic-774365e4_df0d_4974_8e7b_e5e729517e0b-32-9b3cf757-b4ea-47ff-94f1-fc1d33579594=Assignment(partitions=[topic-774365e4_df0d_4974_8e7b_e5e729517e0b-0])}
2025-07-31 15:31:54,772 INFO  [org.apa.kaf.cli.con.int.ConsumerCoordinator] (Thread-359) [Consumer clientId=consumer-Consumer-topic-774365e4_df0d_4974_8e7b_e5e729517e0b-32, groupId=Consumer-topic-774365e4_df0d_4974_8e7b_e5e729517e0b] Successfully synced group in generation Generation{generationId=1, memberId='consumer-Consumer-topic-774365e4_df0d_4974_8e7b_e5e729517e0b-32-9b3cf757-b4ea-47ff-94f1-fc1d33579594', protocol='range'}
2025-07-31 15:31:54,772 INFO  [org.apa.kaf.cli.con.int.ConsumerCoordinator] (Thread-359) [Consumer clientId=consumer-Consumer-topic-774365e4_df0d_4974_8e7b_e5e729517e0b-32, groupId=Consumer-topic-774365e4_df0d_4974_8e7b_e5e729517e0b] Notifying assignor about the new Assignment(partitions=[topic-774365e4_df0d_4974_8e7b_e5e729517e0b-0])
2025-07-31 15:31:54,772 INFO  [org.apa.kaf.cli.con.int.ConsumerRebalanceListenerInvoker] (Thread-359) [Consumer clientId=consumer-Consumer-topic-774365e4_df0d_4974_8e7b_e5e729517e0b-32, groupId=Consumer-topic-774365e4_df0d_4974_8e7b_e5e729517e0b] Adding newly assigned partitions: topic-774365e4_df0d_4974_8e7b_e5e729517e0b-0
2025-07-31 15:31:54,774 INFO  [org.apa.kaf.cli.con.int.ConsumerCoordinator] (Thread-359) [Consumer clientId=consumer-Consumer-topic-774365e4_df0d_4974_8e7b_e5e729517e0b-32, groupId=Consumer-topic-774365e4_df0d_4974_8e7b_e5e729517e0b] Found no committed offset for partition topic-774365e4_df0d_4974_8e7b_e5e729517e0b-0
2025-07-31 15:31:54,778 INFO  [org.apa.kaf.cli.con.int.SubscriptionState] (Thread-359) [Consumer clientId=consumer-Consumer-topic-774365e4_df0d_4974_8e7b_e5e729517e0b-32, groupId=Consumer-topic-774365e4_df0d_4974_8e7b_e5e729517e0b] Resetting offset for partition topic-774365e4_df0d_4974_8e7b_e5e729517e0b-0 to position FetchPosition{offset=0, offsetEpoch=Optional.empty, currentLeader=LeaderAndEpoch{leader=Optional[localhost:32770 (id: 0 rack: null)], epoch=0}}.
2025-07-31 15:31:54,895 INFO  [io.api.tes.ser.api.KafkaSerdesTester] (Thread-359) topic-774365e4_df0d_4974_8e7b_e5e729517e0b 0 0 header {
  time {
  }
}
d1: 1.753975914577E12
s1: "a"
i1: 123
bi1: 1
point {
  longitude: 22.0
  latitude: 22.0
  altitude: 1.0
}

2025-07-31 15:31:54,895 INFO  [io.api.tes.ser.api.KafkaSerdesTester] (Thread-359) topic-774365e4_df0d_4974_8e7b_e5e729517e0b 0 1 header {
  time {
  }
}
d1: 1.753975914715E12
s1: "a"
i1: 123
bi1: 1
point {
  longitude: 22.0
  latitude: 22.0
  altitude: 1.0
}

2025-07-31 15:31:54,895 INFO  [io.api.tes.ser.api.KafkaSerdesTester] (Thread-359) topic-774365e4_df0d_4974_8e7b_e5e729517e0b 0 2 header {
  time {
  }
}
d1: 1.753975914718E12
s1: "a"
i1: 123
bi1: 1
point {
  longitude: 22.0
  latitude: 22.0
  altitude: 1.0
}

2025-07-31 15:31:54,895 INFO  [io.api.tes.ser.api.KafkaSerdesTester] (Thread-359) topic-774365e4_df0d_4974_8e7b_e5e729517e0b 0 3 header {
  time {
  }
}
d1: 1.753975914723E12
s1: "a"
i1: 123
bi1: 1
point {
  longitude: 22.0
  latitude: 22.0
  altitude: 1.0
}

2025-07-31 15:31:54,895 INFO  [io.api.tes.ser.api.KafkaSerdesTester] (Thread-359) topic-774365e4_df0d_4974_8e7b_e5e729517e0b 0 4 header {
  time {
  }
}
d1: 1.753975914726E12
s1: "a"
i1: 123
bi1: 1
point {
  longitude: 22.0
  latitude: 22.0
  altitude: 1.0
}

2025-07-31 15:31:54,895 INFO  [io.api.tes.ser.api.KafkaSerdesTester] (Thread-359) topic-774365e4_df0d_4974_8e7b_e5e729517e0b 0 5 header {
  time {
  }
}
d1: 1.753975914728E12
s1: "a"
i1: 123
bi1: 1
point {
  longitude: 22.0
  latitude: 22.0
  altitude: 1.0
}

2025-07-31 15:31:54,895 INFO  [io.api.tes.ser.api.KafkaSerdesTester] (Thread-359) topic-774365e4_df0d_4974_8e7b_e5e729517e0b 0 6 header {
  time {
  }
}
d1: 1.753975914729E12
s1: "a"
i1: 123
bi1: 1
point {
  longitude: 22.0
  latitude: 22.0
  altitude: 1.0
}

2025-07-31 15:31:54,895 INFO  [io.api.tes.ser.api.KafkaSerdesTester] (Thread-359) topic-774365e4_df0d_4974_8e7b_e5e729517e0b 0 7 header {
  time {
  }
}
d1: 1.75397591473E12
s1: "a"
i1: 123
bi1: 1
point {
  longitude: 22.0
  latitude: 22.0
  altitude: 1.0
}

2025-07-31 15:31:54,896 INFO  [io.api.tes.ser.api.KafkaSerdesTester] (Thread-359) topic-774365e4_df0d_4974_8e7b_e5e729517e0b 0 8 header {
  time {
  }
}
d1: 1.753975914732E12
s1: "a"
i1: 123
bi1: 1
point {
  longitude: 22.0
  latitude: 22.0
  altitude: 1.0
}

2025-07-31 15:31:54,896 INFO  [io.api.tes.ser.api.KafkaSerdesTester] (Thread-359) topic-774365e4_df0d_4974_8e7b_e5e729517e0b 0 9 header {
  time {
  }
}
d1: 1.753975914733E12
s1: "a"
i1: 123
bi1: 1
point {
  longitude: 22.0
  latitude: 22.0
  altitude: 1.0
}

2025-07-31 15:31:54,896 INFO  [io.api.tes.ser.api.KafkaSerdesTester] (Thread-359) Consumed 10 messages
2025-07-31 15:31:54,898 INFO  [org.apa.kaf.cli.con.int.ConsumerRebalanceListenerInvoker] (Thread-359) [Consumer clientId=consumer-Consumer-topic-774365e4_df0d_4974_8e7b_e5e729517e0b-32, groupId=Consumer-topic-774365e4_df0d_4974_8e7b_e5e729517e0b] Revoke previously assigned partitions topic-774365e4_df0d_4974_8e7b_e5e729517e0b-0
2025-07-31 15:31:54,898 INFO  [org.apa.kaf.cli.con.int.ConsumerCoordinator] (Thread-359) [Consumer clientId=consumer-Consumer-topic-774365e4_df0d_4974_8e7b_e5e729517e0b-32, groupId=Consumer-topic-774365e4_df0d_4974_8e7b_e5e729517e0b] Member consumer-Consumer-topic-774365e4_df0d_4974_8e7b_e5e729517e0b-32-9b3cf757-b4ea-47ff-94f1-fc1d33579594 sending LeaveGroup request to coordinator localhost:32770 (id: 2147483647 rack: null) due to the consumer is being closed
2025-07-31 15:31:54,898 INFO  [org.apa.kaf.cli.con.int.ConsumerCoordinator] (Thread-359) [Consumer clientId=consumer-Consumer-topic-774365e4_df0d_4974_8e7b_e5e729517e0b-32, groupId=Consumer-topic-774365e4_df0d_4974_8e7b_e5e729517e0b] Resetting generation and member id due to: consumer pro-actively leaving the group
2025-07-31 15:31:54,899 INFO  [org.apa.kaf.cli.con.int.ConsumerCoordinator] (Thread-359) [Consumer clientId=consumer-Consumer-topic-774365e4_df0d_4974_8e7b_e5e729517e0b-32, groupId=Consumer-topic-774365e4_df0d_4974_8e7b_e5e729517e0b] Request joining group due to: consumer pro-actively leaving the group
2025-07-31 15:31:55,397 INFO  [org.apa.kaf.com.met.Metrics] (Thread-359) Metrics scheduler closed
2025-07-31 15:31:55,397 INFO  [org.apa.kaf.com.met.Metrics] (Thread-359) Closing reporter org.apache.kafka.common.metrics.JmxReporter
2025-07-31 15:31:55,397 INFO  [org.apa.kaf.com.met.Metrics] (Thread-359) Closing reporter org.apache.kafka.common.telemetry.internals.ClientTelemetryReporter
2025-07-31 15:31:55,397 INFO  [org.apa.kaf.com.met.Metrics] (Thread-359) Metrics reporters closed
2025-07-31 15:31:55,399 INFO  [org.apa.kaf.com.uti.AppInfoParser] (Thread-359) App info kafka.consumer for consumer-Consumer-topic-774365e4_df0d_4974_8e7b_e5e729517e0b-32 unregistered
2025-07-31 15:31:55,399 INFO  [io.api.tes.uti.TestSeparator] (main) io.apicurio.tests.serdes.apicurio.ProtobufSerdeIT.testFindLatestAndUseBody-FINISHED
2025-07-31 15:31:55,399 INFO  [io.api.tes.uti.TestSeparator] (main) ############################################################################
]]></system-out>
  </testcase>
  <testcase name="testConsumeDynamicMessage" classname="io.apicurio.tests.serdes.apicurio.ProtobufSerdeIT" time="1.078">
    <system-out><![CDATA[2025-07-31 15:31:55,400 INFO  [io.api.tes.uti.TestSeparator] (main) ############################################################################
2025-07-31 15:31:55,400 INFO  [io.api.tes.uti.TestSeparator] (main) io.apicurio.tests.serdes.apicurio.ProtobufSerdeIT.testConsumeDynamicMessage-STARTED
2025-07-31 15:31:56,478 INFO  [io.api.tes.uti.TestSeparator] (main) io.apicurio.tests.serdes.apicurio.ProtobufSerdeIT.testConsumeDynamicMessage-FINISHED
2025-07-31 15:31:56,478 INFO  [io.api.tes.uti.TestSeparator] (main) ############################################################################
]]></system-out>
  </testcase>
  <testcase name="testAutoRegisterDynamicMessageProtobufType" classname="io.apicurio.tests.serdes.apicurio.ProtobufSerdeIT" time="1.035">
    <system-out><![CDATA[2025-07-31 15:31:56,479 INFO  [io.api.tes.uti.TestSeparator] (main) ############################################################################
2025-07-31 15:31:56,479 INFO  [io.api.tes.uti.TestSeparator] (main) io.apicurio.tests.serdes.apicurio.ProtobufSerdeIT.testAutoRegisterDynamicMessageProtobufType-STARTED
2025-07-31 15:31:56,480 INFO  [org.apa.kaf.cli.pro.ProducerConfig] (main) ProducerConfig values: 
	acks = -1
	auto.include.jmx.reporter = true
	batch.size = 16384
	bootstrap.servers = [PLAINTEXT://localhost:32770]
	buffer.memory = 33554432
	client.dns.lookup = use_all_dns_ips
	client.id = Producer-topic-0b093a95_0e85_45ca_9c6e_aefac00f6ebb
	compression.gzip.level = -1
	compression.lz4.level = 9
	compression.type = none
	compression.zstd.level = 3
	connections.max.idle.ms = 10000
	delivery.timeout.ms = 120000
	enable.idempotence = true
	enable.metrics.push = true
	interceptor.classes = []
	key.serializer = class org.apache.kafka.common.serialization.StringSerializer
	linger.ms = 0
	max.block.ms = 60000
	max.in.flight.requests.per.connection = 5
	max.request.size = 1048576
	metadata.max.age.ms = 300000
	metadata.max.idle.ms = 300000
	metadata.recovery.strategy = none
	metric.reporters = []
	metrics.num.samples = 2
	metrics.recording.level = INFO
	metrics.sample.window.ms = 30000
	partitioner.adaptive.partitioning.enable = true
	partitioner.availability.timeout.ms = 0
	partitioner.class = null
	partitioner.ignore.keys = false
	receive.buffer.bytes = 32768
	reconnect.backoff.max.ms = 1000
	reconnect.backoff.ms = 50
	request.timeout.ms = 5000
	retries = 2147483647
	retry.backoff.max.ms = 1000
	retry.backoff.ms = 100
	sasl.client.callback.handler.class = null
	sasl.jaas.config = null
	sasl.kerberos.kinit.cmd = /usr/bin/kinit
	sasl.kerberos.min.time.before.relogin = 60000
	sasl.kerberos.service.name = null
	sasl.kerberos.ticket.renew.jitter = 0.05
	sasl.kerberos.ticket.renew.window.factor = 0.8
	sasl.login.callback.handler.class = null
	sasl.login.class = null
	sasl.login.connect.timeout.ms = null
	sasl.login.read.timeout.ms = null
	sasl.login.refresh.buffer.seconds = 300
	sasl.login.refresh.min.period.seconds = 60
	sasl.login.refresh.window.factor = 0.8
	sasl.login.refresh.window.jitter = 0.05
	sasl.login.retry.backoff.max.ms = 10000
	sasl.login.retry.backoff.ms = 100
	sasl.mechanism = GSSAPI
	sasl.oauthbearer.clock.skew.seconds = 30
	sasl.oauthbearer.expected.audience = null
	sasl.oauthbearer.expected.issuer = null
	sasl.oauthbearer.header.urlencode = false
	sasl.oauthbearer.jwks.endpoint.refresh.ms = 3600000
	sasl.oauthbearer.jwks.endpoint.retry.backoff.max.ms = 10000
	sasl.oauthbearer.jwks.endpoint.retry.backoff.ms = 100
	sasl.oauthbearer.jwks.endpoint.url = null
	sasl.oauthbearer.scope.claim.name = scope
	sasl.oauthbearer.sub.claim.name = sub
	sasl.oauthbearer.token.endpoint.url = null
	security.protocol = PLAINTEXT
	security.providers = null
	send.buffer.bytes = 131072
	socket.connection.setup.timeout.max.ms = 30000
	socket.connection.setup.timeout.ms = 10000
	ssl.cipher.suites = null
	ssl.enabled.protocols = [TLSv1.2, TLSv1.3]
	ssl.endpoint.identification.algorithm = https
	ssl.engine.factory.class = null
	ssl.key.password = null
	ssl.keymanager.algorithm = SunX509
	ssl.keystore.certificate.chain = null
	ssl.keystore.key = null
	ssl.keystore.location = null
	ssl.keystore.password = null
	ssl.keystore.type = JKS
	ssl.protocol = TLSv1.3
	ssl.provider = null
	ssl.secure.random.implementation = null
	ssl.trustmanager.algorithm = PKIX
	ssl.truststore.certificates = null
	ssl.truststore.location = null
	ssl.truststore.password = null
	ssl.truststore.type = JKS
	transaction.timeout.ms = 60000
	transactional.id = null
	value.serializer = class io.apicurio.registry.serde.protobuf.ProtobufKafkaSerializer

2025-07-31 15:31:56,480 INFO  [org.apa.kaf.com.tel.int.KafkaMetricsCollector] (main) initializing Kafka metrics collector
2025-07-31 15:31:56,485 INFO  [org.apa.kaf.cli.pro.KafkaProducer] (main) [Producer clientId=Producer-topic-0b093a95_0e85_45ca_9c6e_aefac00f6ebb] Instantiated an idempotent producer.
2025-07-31 15:31:56,491 INFO  [org.apa.kaf.cli.pro.ProducerConfig] (main) These configurations '[apicurio.registry.url, apicurio.registry.auto-register, apicurio.registry.artifact-resolver-strategy]' were supplied but are not used yet.
2025-07-31 15:31:56,491 INFO  [org.apa.kaf.com.uti.AppInfoParser] (main) Kafka version: 3.9.0
2025-07-31 15:31:56,491 INFO  [org.apa.kaf.com.uti.AppInfoParser] (main) Kafka commitId: 84caaa6e9da06435
2025-07-31 15:31:56,491 INFO  [org.apa.kaf.com.uti.AppInfoParser] (main) Kafka startTimeMs: 1753975916491
2025-07-31 15:31:56,491 INFO  [io.api.tes.ser.api.SimpleSerdesTesterBuilder$SimpleSerdesTester] (main) Using producer configuration: {apicurio.registry.url=http://registry-app-mysql.apps.ci419.apicurio-testing.org:80/apis/registry/v3, apicurio.registry.auto-register=true, apicurio.registry.artifact-resolver-strategy=io.apicurio.registry.serde.strategy.TopicIdStrategy, value.serializer=io.apicurio.registry.serde.protobuf.ProtobufKafkaSerializer, request.timeout.ms=5000, acks=all, bootstrap.servers=PLAINTEXT://localhost:32770, connections.max.idle.ms=10000, key.serializer=org.apache.kafka.common.serialization.StringSerializer, client.id=Producer-topic-0b093a95_0e85_45ca_9c6e_aefac00f6ebb}
2025-07-31 15:31:56,491 INFO  [io.api.tes.ser.api.SimpleSerdesTesterBuilder$SimpleSerdesTester] (main) Using consumer configuration: {apicurio.registry.deserializer.value.return-class=com.google.protobuf.DynamicMessage}
2025-07-31 15:31:56,494 INFO  [io.api.tes.ser.api.KafkaSerdesTester] (Thread-362) Sending message header {
  time {
  }
}
d1: 1.753975916494E12
s1: "a"
i1: 123
bi1: 1
point {
  longitude: 22.0
  latitude: 22.0
  altitude: 1.0
}
 to topic topic-0b093a95_0e85_45ca_9c6e_aefac00f6ebb
2025-07-31 15:31:56,506 WARN  [org.apa.kaf.cli.NetworkClient] (kafka-producer-network-thread | Producer-topic-0b093a95_0e85_45ca_9c6e_aefac00f6ebb) [Producer clientId=Producer-topic-0b093a95_0e85_45ca_9c6e_aefac00f6ebb] The metadata response from the cluster reported a recoverable issue with correlation id 2 : {topic-0b093a95_0e85_45ca_9c6e_aefac00f6ebb=LEADER_NOT_AVAILABLE}
2025-07-31 15:31:56,506 INFO  [org.apa.kaf.cli.Metadata] (kafka-producer-network-thread | Producer-topic-0b093a95_0e85_45ca_9c6e_aefac00f6ebb) [Producer clientId=Producer-topic-0b093a95_0e85_45ca_9c6e_aefac00f6ebb] Cluster ID: u8-Iy8eKRM2xsCw1W024xw
2025-07-31 15:31:56,507 INFO  [org.apa.kaf.cli.pro.int.TransactionManager] (kafka-producer-network-thread | Producer-topic-0b093a95_0e85_45ca_9c6e_aefac00f6ebb) [Producer clientId=Producer-topic-0b093a95_0e85_45ca_9c6e_aefac00f6ebb] ProducerId set to 43 with epoch 0
2025-07-31 15:31:56,749 INFO  [io.api.tes.ser.api.KafkaSerdesTester] (Thread-362) Sending message header {
  time {
  }
}
d1: 1.753975916749E12
s1: "a"
i1: 123
bi1: 1
point {
  longitude: 22.0
  latitude: 22.0
  altitude: 1.0
}
 to topic topic-0b093a95_0e85_45ca_9c6e_aefac00f6ebb
2025-07-31 15:31:56,751 INFO  [io.api.tes.ser.api.KafkaSerdesTester] (Thread-362) Sending message header {
  time {
  }
}
d1: 1.753975916751E12
s1: "a"
i1: 123
bi1: 1
point {
  longitude: 22.0
  latitude: 22.0
  altitude: 1.0
}
 to topic topic-0b093a95_0e85_45ca_9c6e_aefac00f6ebb
2025-07-31 15:31:56,753 INFO  [io.api.tes.ser.api.KafkaSerdesTester] (Thread-362) Sending message header {
  time {
  }
}
d1: 1.753975916752E12
s1: "a"
i1: 123
bi1: 1
point {
  longitude: 22.0
  latitude: 22.0
  altitude: 1.0
}
 to topic topic-0b093a95_0e85_45ca_9c6e_aefac00f6ebb
2025-07-31 15:31:56,755 INFO  [io.api.tes.ser.api.KafkaSerdesTester] (Thread-362) Sending message header {
  time {
  }
}
d1: 1.753975916755E12
s1: "a"
i1: 123
bi1: 1
point {
  longitude: 22.0
  latitude: 22.0
  altitude: 1.0
}
 to topic topic-0b093a95_0e85_45ca_9c6e_aefac00f6ebb
2025-07-31 15:31:56,757 INFO  [io.api.tes.ser.api.KafkaSerdesTester] (Thread-362) Sending message header {
  time {
  }
}
d1: 1.753975916757E12
s1: "a"
i1: 123
bi1: 1
point {
  longitude: 22.0
  latitude: 22.0
  altitude: 1.0
}
 to topic topic-0b093a95_0e85_45ca_9c6e_aefac00f6ebb
2025-07-31 15:31:56,758 INFO  [io.api.tes.ser.api.KafkaSerdesTester] (Thread-362) Sending message header {
  time {
  }
}
d1: 1.753975916758E12
s1: "a"
i1: 123
bi1: 1
point {
  longitude: 22.0
  latitude: 22.0
  altitude: 1.0
}
 to topic topic-0b093a95_0e85_45ca_9c6e_aefac00f6ebb
2025-07-31 15:31:56,760 INFO  [io.api.tes.ser.api.KafkaSerdesTester] (Thread-362) Sending message header {
  time {
  }
}
d1: 1.75397591676E12
s1: "a"
i1: 123
bi1: 1
point {
  longitude: 22.0
  latitude: 22.0
  altitude: 1.0
}
 to topic topic-0b093a95_0e85_45ca_9c6e_aefac00f6ebb
2025-07-31 15:31:56,762 INFO  [io.api.tes.ser.api.KafkaSerdesTester] (Thread-362) Sending message header {
  time {
  }
}
d1: 1.753975916762E12
s1: "a"
i1: 123
bi1: 1
point {
  longitude: 22.0
  latitude: 22.0
  altitude: 1.0
}
 to topic topic-0b093a95_0e85_45ca_9c6e_aefac00f6ebb
2025-07-31 15:31:56,764 INFO  [io.api.tes.ser.api.KafkaSerdesTester] (Thread-362) Sending message header {
  time {
  }
}
d1: 1.753975916764E12
s1: "a"
i1: 123
bi1: 1
point {
  longitude: 22.0
  latitude: 22.0
  altitude: 1.0
}
 to topic topic-0b093a95_0e85_45ca_9c6e_aefac00f6ebb
2025-07-31 15:31:56,765 INFO  [io.api.tes.ser.api.KafkaSerdesTester] (Thread-362) Produced 10 messages
2025-07-31 15:31:56,765 INFO  [org.apa.kaf.cli.pro.KafkaProducer] (Thread-362) [Producer clientId=Producer-topic-0b093a95_0e85_45ca_9c6e_aefac00f6ebb] Closing the Kafka producer with timeoutMillis = 9223372036854775807 ms.
2025-07-31 15:31:56,767 INFO  [org.apa.kaf.com.met.Metrics] (Thread-362) Metrics scheduler closed
2025-07-31 15:31:56,767 INFO  [org.apa.kaf.com.met.Metrics] (Thread-362) Closing reporter org.apache.kafka.common.metrics.JmxReporter
2025-07-31 15:31:56,768 INFO  [org.apa.kaf.com.met.Metrics] (Thread-362) Closing reporter org.apache.kafka.common.telemetry.internals.ClientTelemetryReporter
2025-07-31 15:31:56,768 INFO  [org.apa.kaf.com.met.Metrics] (Thread-362) Metrics reporters closed
2025-07-31 15:31:56,768 INFO  [org.apa.kaf.com.uti.AppInfoParser] (Thread-362) App info kafka.producer for Producer-topic-0b093a95_0e85_45ca_9c6e_aefac00f6ebb unregistered
2025-07-31 15:31:56,821 INFO  [org.apa.kaf.cli.con.ConsumerConfig] (main) ConsumerConfig values: 
	allow.auto.create.topics = true
	auto.commit.interval.ms = 500
	auto.include.jmx.reporter = true
	auto.offset.reset = earliest
	bootstrap.servers = [PLAINTEXT://localhost:32770]
	check.crcs = true
	client.dns.lookup = use_all_dns_ips
	client.id = consumer-Consumer-topic-0b093a95_0e85_45ca_9c6e_aefac00f6ebb-33
	client.rack = 
	connections.max.idle.ms = 10000
	default.api.timeout.ms = 60000
	enable.auto.commit = true
	enable.metrics.push = true
	exclude.internal.topics = true
	fetch.max.bytes = 52428800
	fetch.max.wait.ms = 500
	fetch.min.bytes = 1
	group.id = Consumer-topic-0b093a95_0e85_45ca_9c6e_aefac00f6ebb
	group.instance.id = null
	group.protocol = classic
	group.remote.assignor = null
	heartbeat.interval.ms = 3000
	interceptor.classes = []
	internal.leave.group.on.close = true
	internal.throw.on.fetch.stable.offset.unsupported = false
	isolation.level = read_uncommitted
	key.deserializer = class org.apache.kafka.common.serialization.StringDeserializer
	max.partition.fetch.bytes = 1048576
	max.poll.interval.ms = 300000
	max.poll.records = 500
	metadata.max.age.ms = 300000
	metadata.recovery.strategy = none
	metric.reporters = []
	metrics.num.samples = 2
	metrics.recording.level = INFO
	metrics.sample.window.ms = 30000
	partition.assignment.strategy = [class org.apache.kafka.clients.consumer.RangeAssignor, class org.apache.kafka.clients.consumer.CooperativeStickyAssignor]
	receive.buffer.bytes = 65536
	reconnect.backoff.max.ms = 1000
	reconnect.backoff.ms = 50
	request.timeout.ms = 5000
	retry.backoff.max.ms = 1000
	retry.backoff.ms = 100
	sasl.client.callback.handler.class = null
	sasl.jaas.config = null
	sasl.kerberos.kinit.cmd = /usr/bin/kinit
	sasl.kerberos.min.time.before.relogin = 60000
	sasl.kerberos.service.name = null
	sasl.kerberos.ticket.renew.jitter = 0.05
	sasl.kerberos.ticket.renew.window.factor = 0.8
	sasl.login.callback.handler.class = null
	sasl.login.class = null
	sasl.login.connect.timeout.ms = null
	sasl.login.read.timeout.ms = null
	sasl.login.refresh.buffer.seconds = 300
	sasl.login.refresh.min.period.seconds = 60
	sasl.login.refresh.window.factor = 0.8
	sasl.login.refresh.window.jitter = 0.05
	sasl.login.retry.backoff.max.ms = 10000
	sasl.login.retry.backoff.ms = 100
	sasl.mechanism = GSSAPI
	sasl.oauthbearer.clock.skew.seconds = 30
	sasl.oauthbearer.expected.audience = null
	sasl.oauthbearer.expected.issuer = null
	sasl.oauthbearer.header.urlencode = false
	sasl.oauthbearer.jwks.endpoint.refresh.ms = 3600000
	sasl.oauthbearer.jwks.endpoint.retry.backoff.max.ms = 10000
	sasl.oauthbearer.jwks.endpoint.retry.backoff.ms = 100
	sasl.oauthbearer.jwks.endpoint.url = null
	sasl.oauthbearer.scope.claim.name = scope
	sasl.oauthbearer.sub.claim.name = sub
	sasl.oauthbearer.token.endpoint.url = null
	security.protocol = PLAINTEXT
	security.providers = null
	send.buffer.bytes = 131072
	session.timeout.ms = 45000
	socket.connection.setup.timeout.max.ms = 30000
	socket.connection.setup.timeout.ms = 10000
	ssl.cipher.suites = null
	ssl.enabled.protocols = [TLSv1.2, TLSv1.3]
	ssl.endpoint.identification.algorithm = https
	ssl.engine.factory.class = null
	ssl.key.password = null
	ssl.keymanager.algorithm = SunX509
	ssl.keystore.certificate.chain = null
	ssl.keystore.key = null
	ssl.keystore.location = null
	ssl.keystore.password = null
	ssl.keystore.type = JKS
	ssl.protocol = TLSv1.3
	ssl.provider = null
	ssl.secure.random.implementation = null
	ssl.trustmanager.algorithm = PKIX
	ssl.truststore.certificates = null
	ssl.truststore.location = null
	ssl.truststore.password = null
	ssl.truststore.type = JKS
	value.deserializer = class io.apicurio.registry.serde.protobuf.ProtobufKafkaDeserializer

2025-07-31 15:31:56,821 INFO  [org.apa.kaf.com.tel.int.KafkaMetricsCollector] (main) initializing Kafka metrics collector
2025-07-31 15:31:56,825 INFO  [org.apa.kaf.cli.con.ConsumerConfig] (main) These configurations '[apicurio.registry.deserializer.value.return-class, apicurio.registry.url]' were supplied but are not used yet.
2025-07-31 15:31:56,825 INFO  [org.apa.kaf.com.uti.AppInfoParser] (main) Kafka version: 3.9.0
2025-07-31 15:31:56,825 INFO  [org.apa.kaf.com.uti.AppInfoParser] (main) Kafka commitId: 84caaa6e9da06435
2025-07-31 15:31:56,825 INFO  [org.apa.kaf.com.uti.AppInfoParser] (main) Kafka startTimeMs: 1753975916825
2025-07-31 15:31:56,825 INFO  [org.apa.kaf.cli.con.int.ClassicKafkaConsumer] (Thread-365) [Consumer clientId=consumer-Consumer-topic-0b093a95_0e85_45ca_9c6e_aefac00f6ebb-33, groupId=Consumer-topic-0b093a95_0e85_45ca_9c6e_aefac00f6ebb] Subscribed to topic(s): topic-0b093a95_0e85_45ca_9c6e_aefac00f6ebb
2025-07-31 15:31:56,828 INFO  [org.apa.kaf.cli.Metadata] (Thread-365) [Consumer clientId=consumer-Consumer-topic-0b093a95_0e85_45ca_9c6e_aefac00f6ebb-33, groupId=Consumer-topic-0b093a95_0e85_45ca_9c6e_aefac00f6ebb] Cluster ID: u8-Iy8eKRM2xsCw1W024xw
2025-07-31 15:31:56,828 INFO  [org.apa.kaf.cli.con.int.ConsumerCoordinator] (Thread-365) [Consumer clientId=consumer-Consumer-topic-0b093a95_0e85_45ca_9c6e_aefac00f6ebb-33, groupId=Consumer-topic-0b093a95_0e85_45ca_9c6e_aefac00f6ebb] Discovered group coordinator localhost:32770 (id: 2147483647 rack: null)
2025-07-31 15:31:56,829 INFO  [org.apa.kaf.cli.con.int.ConsumerCoordinator] (Thread-365) [Consumer clientId=consumer-Consumer-topic-0b093a95_0e85_45ca_9c6e_aefac00f6ebb-33, groupId=Consumer-topic-0b093a95_0e85_45ca_9c6e_aefac00f6ebb] (Re-)joining group
2025-07-31 15:31:56,830 INFO  [org.apa.kaf.cli.con.int.ConsumerCoordinator] (Thread-365) [Consumer clientId=consumer-Consumer-topic-0b093a95_0e85_45ca_9c6e_aefac00f6ebb-33, groupId=Consumer-topic-0b093a95_0e85_45ca_9c6e_aefac00f6ebb] Request joining group due to: need to re-join with the given member-id: consumer-Consumer-topic-0b093a95_0e85_45ca_9c6e_aefac00f6ebb-33-9b40cc2e-2606-4dbe-8ac5-1812cb0133c6
2025-07-31 15:31:56,831 INFO  [org.apa.kaf.cli.con.int.ConsumerCoordinator] (Thread-365) [Consumer clientId=consumer-Consumer-topic-0b093a95_0e85_45ca_9c6e_aefac00f6ebb-33, groupId=Consumer-topic-0b093a95_0e85_45ca_9c6e_aefac00f6ebb] (Re-)joining group
2025-07-31 15:31:56,833 INFO  [org.apa.kaf.cli.con.int.ConsumerCoordinator] (Thread-365) [Consumer clientId=consumer-Consumer-topic-0b093a95_0e85_45ca_9c6e_aefac00f6ebb-33, groupId=Consumer-topic-0b093a95_0e85_45ca_9c6e_aefac00f6ebb] Successfully joined group with generation Generation{generationId=1, memberId='consumer-Consumer-topic-0b093a95_0e85_45ca_9c6e_aefac00f6ebb-33-9b40cc2e-2606-4dbe-8ac5-1812cb0133c6', protocol='range'}
2025-07-31 15:31:56,833 INFO  [org.apa.kaf.cli.con.int.ConsumerCoordinator] (Thread-365) [Consumer clientId=consumer-Consumer-topic-0b093a95_0e85_45ca_9c6e_aefac00f6ebb-33, groupId=Consumer-topic-0b093a95_0e85_45ca_9c6e_aefac00f6ebb] Finished assignment for group at generation 1: {consumer-Consumer-topic-0b093a95_0e85_45ca_9c6e_aefac00f6ebb-33-9b40cc2e-2606-4dbe-8ac5-1812cb0133c6=Assignment(partitions=[topic-0b093a95_0e85_45ca_9c6e_aefac00f6ebb-0])}
2025-07-31 15:31:56,834 INFO  [org.apa.kaf.cli.con.int.ConsumerCoordinator] (Thread-365) [Consumer clientId=consumer-Consumer-topic-0b093a95_0e85_45ca_9c6e_aefac00f6ebb-33, groupId=Consumer-topic-0b093a95_0e85_45ca_9c6e_aefac00f6ebb] Successfully synced group in generation Generation{generationId=1, memberId='consumer-Consumer-topic-0b093a95_0e85_45ca_9c6e_aefac00f6ebb-33-9b40cc2e-2606-4dbe-8ac5-1812cb0133c6', protocol='range'}
2025-07-31 15:31:56,835 INFO  [org.apa.kaf.cli.con.int.ConsumerCoordinator] (Thread-365) [Consumer clientId=consumer-Consumer-topic-0b093a95_0e85_45ca_9c6e_aefac00f6ebb-33, groupId=Consumer-topic-0b093a95_0e85_45ca_9c6e_aefac00f6ebb] Notifying assignor about the new Assignment(partitions=[topic-0b093a95_0e85_45ca_9c6e_aefac00f6ebb-0])
2025-07-31 15:31:56,835 INFO  [org.apa.kaf.cli.con.int.ConsumerRebalanceListenerInvoker] (Thread-365) [Consumer clientId=consumer-Consumer-topic-0b093a95_0e85_45ca_9c6e_aefac00f6ebb-33, groupId=Consumer-topic-0b093a95_0e85_45ca_9c6e_aefac00f6ebb] Adding newly assigned partitions: topic-0b093a95_0e85_45ca_9c6e_aefac00f6ebb-0
2025-07-31 15:31:56,835 INFO  [org.apa.kaf.cli.con.int.ConsumerCoordinator] (Thread-365) [Consumer clientId=consumer-Consumer-topic-0b093a95_0e85_45ca_9c6e_aefac00f6ebb-33, groupId=Consumer-topic-0b093a95_0e85_45ca_9c6e_aefac00f6ebb] Found no committed offset for partition topic-0b093a95_0e85_45ca_9c6e_aefac00f6ebb-0
2025-07-31 15:31:56,838 INFO  [org.apa.kaf.cli.con.int.SubscriptionState] (Thread-365) [Consumer clientId=consumer-Consumer-topic-0b093a95_0e85_45ca_9c6e_aefac00f6ebb-33, groupId=Consumer-topic-0b093a95_0e85_45ca_9c6e_aefac00f6ebb] Resetting offset for partition topic-0b093a95_0e85_45ca_9c6e_aefac00f6ebb-0 to position FetchPosition{offset=0, offsetEpoch=Optional.empty, currentLeader=LeaderAndEpoch{leader=Optional[localhost:32770 (id: 0 rack: null)], epoch=0}}.
2025-07-31 15:31:56,976 INFO  [io.api.tes.ser.api.KafkaSerdesTester] (Thread-365) topic-0b093a95_0e85_45ca_9c6e_aefac00f6ebb 0 0 header {
  time {
  }
}
d1: 1.753975916494E12
s1: "a"
i1: 123
bi1: 1
point {
  longitude: 22.0
  latitude: 22.0
  altitude: 1.0
}

2025-07-31 15:31:56,976 INFO  [io.api.tes.ser.api.KafkaSerdesTester] (Thread-365) topic-0b093a95_0e85_45ca_9c6e_aefac00f6ebb 0 1 header {
  time {
  }
}
d1: 1.753975916749E12
s1: "a"
i1: 123
bi1: 1
point {
  longitude: 22.0
  latitude: 22.0
  altitude: 1.0
}

2025-07-31 15:31:56,976 INFO  [io.api.tes.ser.api.KafkaSerdesTester] (Thread-365) topic-0b093a95_0e85_45ca_9c6e_aefac00f6ebb 0 2 header {
  time {
  }
}
d1: 1.753975916751E12
s1: "a"
i1: 123
bi1: 1
point {
  longitude: 22.0
  latitude: 22.0
  altitude: 1.0
}

2025-07-31 15:31:56,976 INFO  [io.api.tes.ser.api.KafkaSerdesTester] (Thread-365) topic-0b093a95_0e85_45ca_9c6e_aefac00f6ebb 0 3 header {
  time {
  }
}
d1: 1.753975916752E12
s1: "a"
i1: 123
bi1: 1
point {
  longitude: 22.0
  latitude: 22.0
  altitude: 1.0
}

2025-07-31 15:31:56,976 INFO  [io.api.tes.ser.api.KafkaSerdesTester] (Thread-365) topic-0b093a95_0e85_45ca_9c6e_aefac00f6ebb 0 4 header {
  time {
  }
}
d1: 1.753975916755E12
s1: "a"
i1: 123
bi1: 1
point {
  longitude: 22.0
  latitude: 22.0
  altitude: 1.0
}

2025-07-31 15:31:56,978 INFO  [io.api.tes.ser.api.KafkaSerdesTester] (Thread-365) topic-0b093a95_0e85_45ca_9c6e_aefac00f6ebb 0 5 header {
  time {
  }
}
d1: 1.753975916757E12
s1: "a"
i1: 123
bi1: 1
point {
  longitude: 22.0
  latitude: 22.0
  altitude: 1.0
}

2025-07-31 15:31:56,978 INFO  [io.api.tes.ser.api.KafkaSerdesTester] (Thread-365) topic-0b093a95_0e85_45ca_9c6e_aefac00f6ebb 0 6 header {
  time {
  }
}
d1: 1.753975916758E12
s1: "a"
i1: 123
bi1: 1
point {
  longitude: 22.0
  latitude: 22.0
  altitude: 1.0
}

2025-07-31 15:31:56,978 INFO  [io.api.tes.ser.api.KafkaSerdesTester] (Thread-365) topic-0b093a95_0e85_45ca_9c6e_aefac00f6ebb 0 7 header {
  time {
  }
}
d1: 1.75397591676E12
s1: "a"
i1: 123
bi1: 1
point {
  longitude: 22.0
  latitude: 22.0
  altitude: 1.0
}

2025-07-31 15:31:56,978 INFO  [io.api.tes.ser.api.KafkaSerdesTester] (Thread-365) topic-0b093a95_0e85_45ca_9c6e_aefac00f6ebb 0 8 header {
  time {
  }
}
d1: 1.753975916762E12
s1: "a"
i1: 123
bi1: 1
point {
  longitude: 22.0
  latitude: 22.0
  altitude: 1.0
}

2025-07-31 15:31:56,979 INFO  [io.api.tes.ser.api.KafkaSerdesTester] (Thread-365) topic-0b093a95_0e85_45ca_9c6e_aefac00f6ebb 0 9 header {
  time {
  }
}
d1: 1.753975916764E12
s1: "a"
i1: 123
bi1: 1
point {
  longitude: 22.0
  latitude: 22.0
  altitude: 1.0
}

2025-07-31 15:31:56,979 INFO  [io.api.tes.ser.api.KafkaSerdesTester] (Thread-365) Consumed 10 messages
2025-07-31 15:31:56,981 INFO  [org.apa.kaf.cli.con.int.ConsumerRebalanceListenerInvoker] (Thread-365) [Consumer clientId=consumer-Consumer-topic-0b093a95_0e85_45ca_9c6e_aefac00f6ebb-33, groupId=Consumer-topic-0b093a95_0e85_45ca_9c6e_aefac00f6ebb] Revoke previously assigned partitions topic-0b093a95_0e85_45ca_9c6e_aefac00f6ebb-0
2025-07-31 15:31:56,981 INFO  [org.apa.kaf.cli.con.int.ConsumerCoordinator] (Thread-365) [Consumer clientId=consumer-Consumer-topic-0b093a95_0e85_45ca_9c6e_aefac00f6ebb-33, groupId=Consumer-topic-0b093a95_0e85_45ca_9c6e_aefac00f6ebb] Member consumer-Consumer-topic-0b093a95_0e85_45ca_9c6e_aefac00f6ebb-33-9b40cc2e-2606-4dbe-8ac5-1812cb0133c6 sending LeaveGroup request to coordinator localhost:32770 (id: 2147483647 rack: null) due to the consumer is being closed
2025-07-31 15:31:56,982 INFO  [org.apa.kaf.cli.con.int.ConsumerCoordinator] (Thread-365) [Consumer clientId=consumer-Consumer-topic-0b093a95_0e85_45ca_9c6e_aefac00f6ebb-33, groupId=Consumer-topic-0b093a95_0e85_45ca_9c6e_aefac00f6ebb] Resetting generation and member id due to: consumer pro-actively leaving the group
2025-07-31 15:31:56,982 INFO  [org.apa.kaf.cli.con.int.ConsumerCoordinator] (Thread-365) [Consumer clientId=consumer-Consumer-topic-0b093a95_0e85_45ca_9c6e_aefac00f6ebb-33, groupId=Consumer-topic-0b093a95_0e85_45ca_9c6e_aefac00f6ebb] Request joining group due to: consumer pro-actively leaving the group
2025-07-31 15:31:57,480 INFO  [org.apa.kaf.com.met.Metrics] (Thread-365) Metrics scheduler closed
2025-07-31 15:31:57,480 INFO  [org.apa.kaf.com.met.Metrics] (Thread-365) Closing reporter org.apache.kafka.common.metrics.JmxReporter
2025-07-31 15:31:57,480 INFO  [org.apa.kaf.com.met.Metrics] (Thread-365) Closing reporter org.apache.kafka.common.telemetry.internals.ClientTelemetryReporter
2025-07-31 15:31:57,480 INFO  [org.apa.kaf.com.met.Metrics] (Thread-365) Metrics reporters closed
2025-07-31 15:31:57,482 INFO  [org.apa.kaf.com.uti.AppInfoParser] (Thread-365) App info kafka.consumer for consumer-Consumer-topic-0b093a95_0e85_45ca_9c6e_aefac00f6ebb-33 unregistered
2025-07-31 15:31:57,513 INFO  [io.api.tes.uti.TestSeparator] (main) io.apicurio.tests.serdes.apicurio.ProtobufSerdeIT.testAutoRegisterDynamicMessageProtobufType-FINISHED
2025-07-31 15:31:57,513 INFO  [io.api.tes.uti.TestSeparator] (main) ############################################################################
]]></system-out>
  </testcase>
</testsuite>