<?xml version="1.0" encoding="UTF-8"?>
<testsuite xmlns:xsi="http://www.w3.org/2001/XMLSchema-instance" xsi:noNamespaceSchemaLocation="https://maven.apache.org/surefire/maven-failsafe-plugin/xsd/failsafe-test-report.xsd" version="3.0.2" name="io.apicurio.tests.serdes.confluent.BasicConfluentSerDesIT" time="19.35" tests="8" errors="0" skipped="0" failures="0">
  <properties>
    <property name="java.specification.version" value="17"/>
    <property name="sun.jnu.encoding" value="UTF-8"/>
    <property name="java.class.path" value="/home/runner/work/apicurio-testing/apicurio-testing/clusters/ci419/namespaces/mysql/tests/integration/apicurio-registry/integration-tests/target/test-classes:/home/runner/work/apicurio-testing/apicurio-testing/clusters/ci419/namespaces/mysql/tests/integration/apicurio-registry/integration-tests/target/apicurio-registry-integration-tests-3.0.11-SNAPSHOT.jar:/home/runner/.m2/repository/io/quarkus/quarkus-junit5/3.20.1/quarkus-junit5-3.20.1.jar:/home/runner/.m2/repository/io/quarkus/quarkus-bootstrap-core/3.20.1/quarkus-bootstrap-core-3.20.1.jar:/home/runner/.m2/repository/io/quarkus/quarkus-classloader-commons/3.20.1/quarkus-classloader-commons-3.20.1.jar:/home/runner/.m2/repository/io/quarkus/quarkus-bootstrap-app-model/3.20.1/quarkus-bootstrap-app-model-3.20.1.jar:/home/runner/.m2/repository/io/smallrye/common/smallrye-common-io/2.12.0/smallrye-common-io-2.12.0.jar:/home/runner/.m2/repository/org/eclipse/sisu/org.eclipse.sisu.inject/0.9.0.M3/org.eclipse.sisu.inject-0.9.0.M3.jar:/home/runner/.m2/repository/io/quarkus/quarkus-test-common/3.20.1/quarkus-test-common-3.20.1.jar:/home/runner/.m2/repository/io/quarkus/quarkus-core-deployment/3.20.1/quarkus-core-deployment-3.20.1.jar:/home/runner/.m2/repository/org/aesh/readline/2.6/readline-2.6.jar:/home/runner/.m2/repository/org/fusesource/jansi/jansi/2.4.0/jansi-2.4.0.jar:/home/runner/.m2/repository/org/aesh/aesh/2.8.2/aesh-2.8.2.jar:/home/runner/.m2/repository/io/quarkus/gizmo/gizmo/1.8.0/gizmo-1.8.0.jar:/home/runner/.m2/repository/org/ow2/asm/asm-util/9.7.1/asm-util-9.7.1.jar:/home/runner/.m2/repository/org/ow2/asm/asm-analysis/9.7.1/asm-analysis-9.7.1.jar:/home/runner/.m2/repository/org/ow2/asm/asm-commons/9.7.1/asm-commons-9.7.1.jar:/home/runner/.m2/repository/org/ow2/asm/asm-tree/9.7.1/asm-tree-9.7.1.jar:/home/runner/.m2/repository/io/quarkus/quarkus-hibernate-validator-spi/3.20.1/quarkus-hibernate-validator-spi-3.20.1.jar:/home/runner/.m2/repository/io/quarkus/quarkus-class-change-agent/3.20.1/quarkus-class-change-agent-3.20.1.jar:/home/runner/.m2/repository/io/quarkus/quarkus-devtools-utilities/3.20.1/quarkus-devtools-utilities-3.20.1.jar:/home/runner/.m2/repository/io/quarkus/quarkus-builder/3.20.1/quarkus-builder-3.20.1.jar:/home/runner/.m2/repository/org/graalvm/sdk/nativeimage/23.1.2/nativeimage-23.1.2.jar:/home/runner/.m2/repository/org/graalvm/sdk/word/23.1.2/word-23.1.2.jar:/home/runner/.m2/repository/io/quarkus/quarkus-bootstrap-maven-resolver/3.20.1/quarkus-bootstrap-maven-resolver-3.20.1.jar:/home/runner/.m2/repository/io/smallrye/beanbag/smallrye-beanbag-maven/1.5.2/smallrye-beanbag-maven-1.5.2.jar:/home/runner/.m2/repository/io/smallrye/beanbag/smallrye-beanbag-sisu/1.5.2/smallrye-beanbag-sisu-1.5.2.jar:/home/runner/.m2/repository/io/smallrye/beanbag/smallrye-beanbag/1.5.2/smallrye-beanbag-1.5.2.jar:/home/runner/.m2/repository/javax/inject/javax.inject/1/javax.inject-1.jar:/home/runner/.m2/repository/org/apache/maven/maven-artifact/3.9.9/maven-artifact-3.9.9.jar:/home/runner/.m2/repository/org/apache/maven/maven-builder-support/3.9.9/maven-builder-support-3.9.9.jar:/home/runner/.m2/repository/org/apache/maven/maven-model/3.9.9/maven-model-3.9.9.jar:/home/runner/.m2/repository/org/apache/maven/maven-model-builder/3.9.9/maven-model-builder-3.9.9.jar:/home/runner/.m2/repository/org/apache/maven/maven-repository-metadata/3.9.9/maven-repository-metadata-3.9.9.jar:/home/runner/.m2/repository/org/apache/maven/maven-settings/3.9.9/maven-settings-3.9.9.jar:/home/runner/.m2/repository/org/apache/maven/resolver/maven-resolver-api/1.9.22/maven-resolver-api-1.9.22.jar:/home/runner/.m2/repository/org/apache/maven/resolver/maven-resolver-impl/1.9.22/maven-resolver-impl-1.9.22.jar:/home/runner/.m2/repository/org/apache/maven/resolver/maven-resolver-named-locks/1.9.22/maven-resolver-named-locks-1.9.22.jar:/home/runner/.m2/repository/org/apache/maven/resolver/maven-resolver-spi/1.9.22/maven-resolver-spi-1.9.22.jar:/home/runner/.m2/repository/org/apache/maven/resolver/maven-resolver-util/1.9.22/maven-resolver-util-1.9.22.jar:/home/runner/.m2/repository/org/apache/maven/resolver/maven-resolver-transport-http/1.9.20/maven-resolver-transport-http-1.9.20.jar:/home/runner/.m2/repository/org/apache/maven/wagon/wagon-provider-api/3.5.3/wagon-provider-api-3.5.3.jar:/home/runner/.m2/repository/org/apache/maven/wagon/wagon-http-shared/3.5.3/wagon-http-shared-3.5.3.jar:/home/runner/.m2/repository/org/codehaus/plexus/plexus-interpolation/1.26/plexus-interpolation-1.26.jar:/home/runner/.m2/repository/org/codehaus/plexus/plexus-utils/3.5.1/plexus-utils-3.5.1.jar:/home/runner/.m2/repository/org/codehaus/plexus/plexus-xml/4.0.1/plexus-xml-4.0.1.jar:/home/runner/.m2/repository/org/apache/maven/maven-xml-impl/4.0.0-alpha-5/maven-xml-impl-4.0.0-alpha-5.jar:/home/runner/.m2/repository/org/apache/maven/maven-api-xml/4.0.0-alpha-5/maven-api-xml-4.0.0-alpha-5.jar:/home/runner/.m2/repository/org/apache/maven/maven-api-meta/4.0.0-alpha-5/maven-api-meta-4.0.0-alpha-5.jar:/home/runner/.m2/repository/org/codehaus/plexus/plexus-cipher/2.0/plexus-cipher-2.0.jar:/home/runner/.m2/repository/org/codehaus/plexus/plexus-sec-dispatcher/2.0/plexus-sec-dispatcher-2.0.jar:/home/runner/.m2/repository/org/apache/maven/maven-embedder/3.9.9/maven-embedder-3.9.9.jar:/home/runner/.m2/repository/org/apache/maven/maven-core/3.9.9/maven-core-3.9.9.jar:/home/runner/.m2/repository/org/codehaus/plexus/plexus-component-annotations/2.1.0/plexus-component-annotations-2.1.0.jar:/home/runner/.m2/repository/org/apache/maven/maven-plugin-api/3.9.9/maven-plugin-api-3.9.9.jar:/home/runner/.m2/repository/org/apache/maven/shared/maven-shared-utils/3.4.2/maven-shared-utils-3.4.2.jar:/home/runner/.m2/repository/com/google/inject/guice/5.1.0/guice-5.1.0.jar:/home/runner/.m2/repository/aopalliance/aopalliance/1.0/aopalliance-1.0.jar:/home/runner/.m2/repository/org/codehaus/plexus/plexus-classworlds/2.6.0/plexus-classworlds-2.6.0.jar:/home/runner/.m2/repository/commons-cli/commons-cli/1.8.0/commons-cli-1.8.0.jar:/home/runner/.m2/repository/org/eclipse/sisu/org.eclipse.sisu.plexus/0.9.0.M3/org.eclipse.sisu.plexus-0.9.0.M3.jar:/home/runner/.m2/repository/org/apache/maven/maven-settings-builder/3.9.9/maven-settings-builder-3.9.9.jar:/home/runner/.m2/repository/org/apache/maven/maven-resolver-provider/3.9.9/maven-resolver-provider-3.9.9.jar:/home/runner/.m2/repository/org/apache/maven/resolver/maven-resolver-connector-basic/1.9.22/maven-resolver-connector-basic-1.9.22.jar:/home/runner/.m2/repository/org/apache/maven/resolver/maven-resolver-transport-wagon/1.9.22/maven-resolver-transport-wagon-1.9.22.jar:/home/runner/.m2/repository/org/apache/maven/wagon/wagon-http/3.5.3/wagon-http-3.5.3.jar:/home/runner/.m2/repository/org/apache/maven/wagon/wagon-file/3.5.3/wagon-file-3.5.3.jar:/home/runner/.m2/repository/io/quarkus/quarkus-bootstrap-gradle-resolver/3.20.1/quarkus-bootstrap-gradle-resolver-3.20.1.jar:/home/runner/.m2/repository/io/smallrye/jandex/3.3.0/jandex-3.3.0.jar:/home/runner/.m2/repository/org/jboss/logging/commons-logging-jboss-logging/1.0.0.Final/commons-logging-jboss-logging-1.0.0.Final.jar:/home/runner/.m2/repository/io/quarkus/quarkus-junit5-config/3.20.1/quarkus-junit5-config-3.20.1.jar:/home/runner/.m2/repository/org/junit/jupiter/junit-jupiter-api/5.12.1/junit-jupiter-api-5.12.1.jar:/home/runner/.m2/repository/io/smallrye/config/smallrye-config/3.11.4/smallrye-config-3.11.4.jar:/home/runner/.m2/repository/io/smallrye/config/smallrye-config-core/3.11.4/smallrye-config-core-3.11.4.jar:/home/runner/.m2/repository/io/smallrye/common/smallrye-common-classloader/2.12.0/smallrye-common-classloader-2.12.0.jar:/home/runner/.m2/repository/io/smallrye/config/smallrye-config-common/3.11.4/smallrye-config-common-3.11.4.jar:/home/runner/.m2/repository/org/junit/jupiter/junit-jupiter/5.12.1/junit-jupiter-5.12.1.jar:/home/runner/.m2/repository/org/junit/jupiter/junit-jupiter-params/5.12.1/junit-jupiter-params-5.12.1.jar:/home/runner/.m2/repository/org/junit/jupiter/junit-jupiter-engine/5.12.1/junit-jupiter-engine-5.12.1.jar:/home/runner/.m2/repository/io/quarkus/quarkus-core/3.20.1/quarkus-core-3.20.1.jar:/home/runner/.m2/repository/jakarta/enterprise/jakarta.enterprise.cdi-api/4.1.0/jakarta.enterprise.cdi-api-4.1.0.jar:/home/runner/.m2/repository/jakarta/enterprise/jakarta.enterprise.lang-model/4.1.0/jakarta.enterprise.lang-model-4.1.0.jar:/home/runner/.m2/repository/jakarta/el/jakarta.el-api/5.0.1/jakarta.el-api-5.0.1.jar:/home/runner/.m2/repository/jakarta/interceptor/jakarta.interceptor-api/2.2.0/jakarta.interceptor-api-2.2.0.jar:/home/runner/.m2/repository/jakarta/inject/jakarta.inject-api/2.0.1/jakarta.inject-api-2.0.1.jar:/home/runner/.m2/repository/io/smallrye/common/smallrye-common-os/2.12.0/smallrye-common-os-2.12.0.jar:/home/runner/.m2/repository/io/quarkus/quarkus-ide-launcher/3.20.1/quarkus-ide-launcher-3.20.1.jar:/home/runner/.m2/repository/io/quarkus/quarkus-development-mode-spi/3.20.1/quarkus-development-mode-spi-3.20.1.jar:/home/runner/.m2/repository/org/jboss/logging/jboss-logging/3.6.1.Final/jboss-logging-3.6.1.Final.jar:/home/runner/.m2/repository/org/jboss/logmanager/jboss-logmanager/3.1.2.Final/jboss-logmanager-3.1.2.Final.jar:/home/runner/.m2/repository/io/smallrye/common/smallrye-common-constraint/2.12.0/smallrye-common-constraint-2.12.0.jar:/home/runner/.m2/repository/io/smallrye/common/smallrye-common-cpu/2.12.0/smallrye-common-cpu-2.12.0.jar:/home/runner/.m2/repository/io/smallrye/common/smallrye-common-expression/2.12.0/smallrye-common-expression-2.12.0.jar:/home/runner/.m2/repository/io/smallrye/common/smallrye-common-net/2.12.0/smallrye-common-net-2.12.0.jar:/home/runner/.m2/repository/io/smallrye/common/smallrye-common-ref/2.12.0/smallrye-common-ref-2.12.0.jar:/home/runner/.m2/repository/jakarta/json/jakarta.json-api/2.1.3/jakarta.json-api-2.1.3.jar:/home/runner/.m2/repository/org/eclipse/parsson/parsson/1.1.7/parsson-1.1.7.jar:/home/runner/.m2/repository/org/jboss/logging/jboss-logging-annotations/3.0.4.Final/jboss-logging-annotations-3.0.4.Final.jar:/home/runner/.m2/repository/org/jboss/threads/jboss-threads/3.8.0.Final/jboss-threads-3.8.0.Final.jar:/home/runner/.m2/repository/io/smallrye/common/smallrye-common-annotation/2.12.0/smallrye-common-annotation-2.12.0.jar:/home/runner/.m2/repository/io/smallrye/common/smallrye-common-function/2.12.0/smallrye-common-function-2.12.0.jar:/home/runner/.m2/repository/org/jboss/slf4j/slf4j-jboss-logmanager/2.0.0.Final/slf4j-jboss-logmanager-2.0.0.Final.jar:/home/runner/.m2/repository/org/wildfly/common/wildfly-common/2.0.1/wildfly-common-2.0.1.jar:/home/runner/.m2/repository/io/quarkus/quarkus-bootstrap-runner/3.20.1/quarkus-bootstrap-runner-3.20.1.jar:/home/runner/.m2/repository/io/github/crac/org-crac/0.1.3/org-crac-0.1.3.jar:/home/runner/.m2/repository/io/quarkus/quarkus-fs-util/0.0.10/quarkus-fs-util-0.0.10.jar:/home/runner/.m2/repository/org/jboss/marshalling/jboss-marshalling/2.2.2.Final/jboss-marshalling-2.2.2.Final.jar:/home/runner/.m2/repository/io/fabric8/kubernetes-client/7.1.0/kubernetes-client-7.1.0.jar:/home/runner/.m2/repository/io/fabric8/kubernetes-client-api/7.1.0/kubernetes-client-api-7.1.0.jar:/home/runner/.m2/repository/io/fabric8/kubernetes-model-core/7.1.0/kubernetes-model-core-7.1.0.jar:/home/runner/.m2/repository/io/fabric8/kubernetes-model-common/7.1.0/kubernetes-model-common-7.1.0.jar:/home/runner/.m2/repository/javax/annotation/javax.annotation-api/1.3.2/javax.annotation-api-1.3.2.jar:/home/runner/.m2/repository/io/fabric8/kubernetes-model-gatewayapi/7.1.0/kubernetes-model-gatewayapi-7.1.0.jar:/home/runner/.m2/repository/io/fabric8/kubernetes-model-resource/7.1.0/kubernetes-model-resource-7.1.0.jar:/home/runner/.m2/repository/io/fabric8/kubernetes-model-rbac/7.1.0/kubernetes-model-rbac-7.1.0.jar:/home/runner/.m2/repository/io/fabric8/kubernetes-model-admissionregistration/7.1.0/kubernetes-model-admissionregistration-7.1.0.jar:/home/runner/.m2/repository/io/fabric8/kubernetes-model-apps/7.1.0/kubernetes-model-apps-7.1.0.jar:/home/runner/.m2/repository/io/fabric8/kubernetes-model-autoscaling/7.1.0/kubernetes-model-autoscaling-7.1.0.jar:/home/runner/.m2/repository/io/fabric8/kubernetes-model-apiextensions/7.1.0/kubernetes-model-apiextensions-7.1.0.jar:/home/runner/.m2/repository/io/fabric8/kubernetes-model-batch/7.1.0/kubernetes-model-batch-7.1.0.jar:/home/runner/.m2/repository/io/fabric8/kubernetes-model-certificates/7.1.0/kubernetes-model-certificates-7.1.0.jar:/home/runner/.m2/repository/io/fabric8/kubernetes-model-coordination/7.1.0/kubernetes-model-coordination-7.1.0.jar:/home/runner/.m2/repository/io/fabric8/kubernetes-model-discovery/7.1.0/kubernetes-model-discovery-7.1.0.jar:/home/runner/.m2/repository/io/fabric8/kubernetes-model-events/7.1.0/kubernetes-model-events-7.1.0.jar:/home/runner/.m2/repository/io/fabric8/kubernetes-model-extensions/7.1.0/kubernetes-model-extensions-7.1.0.jar:/home/runner/.m2/repository/io/fabric8/kubernetes-model-flowcontrol/7.1.0/kubernetes-model-flowcontrol-7.1.0.jar:/home/runner/.m2/repository/io/fabric8/kubernetes-model-networking/7.1.0/kubernetes-model-networking-7.1.0.jar:/home/runner/.m2/repository/io/fabric8/kubernetes-model-metrics/7.1.0/kubernetes-model-metrics-7.1.0.jar:/home/runner/.m2/repository/io/fabric8/kubernetes-model-policy/7.1.0/kubernetes-model-policy-7.1.0.jar:/home/runner/.m2/repository/io/fabric8/kubernetes-model-scheduling/7.1.0/kubernetes-model-scheduling-7.1.0.jar:/home/runner/.m2/repository/io/fabric8/kubernetes-model-storageclass/7.1.0/kubernetes-model-storageclass-7.1.0.jar:/home/runner/.m2/repository/io/fabric8/kubernetes-model-node/7.1.0/kubernetes-model-node-7.1.0.jar:/home/runner/.m2/repository/org/snakeyaml/snakeyaml-engine/2.9/snakeyaml-engine-2.9.jar:/home/runner/.m2/repository/com/fasterxml/jackson/dataformat/jackson-dataformat-yaml/2.15.2/jackson-dataformat-yaml-2.15.2.jar:/home/runner/.m2/repository/com/fasterxml/jackson/datatype/jackson-datatype-jsr310/2.18.2/jackson-datatype-jsr310-2.18.2.jar:/home/runner/.m2/repository/io/fabric8/zjsonpatch/7.1.0/zjsonpatch-7.1.0.jar:/home/runner/.m2/repository/io/fabric8/kubernetes-httpclient-vertx/7.1.0/kubernetes-httpclient-vertx-7.1.0.jar:/home/runner/.m2/repository/io/vertx/vertx-web-client/4.5.14/vertx-web-client-4.5.14.jar:/home/runner/.m2/repository/io/vertx/vertx-web-common/4.5.14/vertx-web-common-4.5.14.jar:/home/runner/.m2/repository/io/vertx/vertx-auth-common/4.5.14/vertx-auth-common-4.5.14.jar:/home/runner/.m2/repository/io/vertx/vertx-uri-template/4.5.14/vertx-uri-template-4.5.14.jar:/home/runner/.m2/repository/io/fabric8/openshift-client/7.1.0/openshift-client-7.1.0.jar:/home/runner/.m2/repository/io/fabric8/openshift-client-api/7.1.0/openshift-client-api-7.1.0.jar:/home/runner/.m2/repository/io/fabric8/openshift-model/7.1.0/openshift-model-7.1.0.jar:/home/runner/.m2/repository/io/fabric8/openshift-model-autoscaling/7.1.0/openshift-model-autoscaling-7.1.0.jar:/home/runner/.m2/repository/io/fabric8/openshift-model-operator/7.1.0/openshift-model-operator-7.1.0.jar:/home/runner/.m2/repository/io/fabric8/openshift-model-operatorhub/7.1.0/openshift-model-operatorhub-7.1.0.jar:/home/runner/.m2/repository/io/fabric8/openshift-model-machine/7.1.0/openshift-model-machine-7.1.0.jar:/home/runner/.m2/repository/io/fabric8/openshift-model-whereabouts/7.1.0/openshift-model-whereabouts-7.1.0.jar:/home/runner/.m2/repository/io/fabric8/openshift-model-monitoring/7.1.0/openshift-model-monitoring-7.1.0.jar:/home/runner/.m2/repository/io/fabric8/openshift-model-storageversionmigrator/7.1.0/openshift-model-storageversionmigrator-7.1.0.jar:/home/runner/.m2/repository/io/fabric8/openshift-model-tuned/7.1.0/openshift-model-tuned-7.1.0.jar:/home/runner/.m2/repository/io/fabric8/openshift-model-console/7.1.0/openshift-model-console-7.1.0.jar:/home/runner/.m2/repository/io/fabric8/openshift-model-config/7.1.0/openshift-model-config-7.1.0.jar:/home/runner/.m2/repository/io/fabric8/openshift-model-machineconfiguration/7.1.0/openshift-model-machineconfiguration-7.1.0.jar:/home/runner/.m2/repository/io/fabric8/openshift-model-miscellaneous/7.1.0/openshift-model-miscellaneous-7.1.0.jar:/home/runner/.m2/repository/io/fabric8/openshift-model-hive/7.1.0/openshift-model-hive-7.1.0.jar:/home/runner/.m2/repository/io/fabric8/openshift-model-installer/7.1.0/openshift-model-installer-7.1.0.jar:/home/runner/.m2/repository/org/junit/platform/junit-platform-launcher/1.12.1/junit-platform-launcher-1.12.1.jar:/home/runner/.m2/repository/org/junit/platform/junit-platform-engine/1.12.1/junit-platform-engine-1.12.1.jar:/home/runner/.m2/repository/org/opentest4j/opentest4j/1.3.0/opentest4j-1.3.0.jar:/home/runner/.m2/repository/org/junit/platform/junit-platform-commons/1.12.1/junit-platform-commons-1.12.1.jar:/home/runner/.m2/repository/org/apiguardian/apiguardian-api/1.1.2/apiguardian-api-1.1.2.jar:/home/runner/.m2/repository/jakarta/ws/rs/jakarta.ws.rs-api/3.1.0/jakarta.ws.rs-api-3.1.0.jar:/home/runner/work/apicurio-testing/apicurio-testing/clusters/ci419/namespaces/mysql/tests/integration/apicurio-registry/java-sdk/target/apicurio-registry-java-sdk-3.0.11-SNAPSHOT.jar:/home/runner/.m2/repository/com/microsoft/kiota/microsoft-kiota-abstractions/1.8.8/microsoft-kiota-abstractions-1.8.8.jar:/home/runner/.m2/repository/io/github/std-uritemplate/std-uritemplate/2.0.0/std-uritemplate-2.0.0.jar:/home/runner/.m2/repository/io/kiota/kiota-http-jdk/0.0.21/kiota-http-jdk-0.0.21.jar:/home/runner/.m2/repository/io/kiota/kiota-http-vertx/0.0.21/kiota-http-vertx-0.0.21.jar:/home/runner/.m2/repository/io/kiota/kiota-serialization-jackson/0.0.21/kiota-serialization-jackson-0.0.21.jar:/home/runner/.m2/repository/com/microsoft/kiota/microsoft-kiota-serialization-text/1.8.8/microsoft-kiota-serialization-text-1.8.8.jar:/home/runner/.m2/repository/com/microsoft/kiota/microsoft-kiota-serialization-form/1.8.8/microsoft-kiota-serialization-form-1.8.8.jar:/home/runner/.m2/repository/com/microsoft/kiota/microsoft-kiota-serialization-multipart/1.8.8/microsoft-kiota-serialization-multipart-1.8.8.jar:/home/runner/.m2/repository/jakarta/annotation/jakarta.annotation-api/3.0.0/jakarta.annotation-api-3.0.0.jar:/home/runner/.m2/repository/io/vertx/vertx-auth-oauth2/4.5.14/vertx-auth-oauth2-4.5.14.jar:/home/runner/work/apicurio-testing/apicurio-testing/clusters/ci419/namespaces/mysql/tests/integration/apicurio-registry/java-sdk-v2/target/apicurio-registry-v2-java-sdk-3.0.11-SNAPSHOT.jar:/home/runner/work/apicurio-testing/apicurio-testing/clusters/ci419/namespaces/mysql/tests/integration/apicurio-registry/utils/kafka/target/apicurio-registry-utils-kafka-3.0.11-SNAPSHOT-tests.jar:/home/runner/.m2/repository/org/eclipse/microprofile/config/microprofile-config-api/3.1/microprofile-config-api-3.1.jar:/home/runner/.m2/repository/org/apache/kafka/kafka-clients/3.9.1/kafka-clients-3.9.1.jar:/home/runner/.m2/repository/com/github/luben/zstd-jni/1.5.6-4/zstd-jni-1.5.6-4.jar:/home/runner/.m2/repository/org/lz4/lz4-java/1.8.0/lz4-java-1.8.0.jar:/home/runner/.m2/repository/org/xerial/snappy/snappy-java/1.1.10.5/snappy-java-1.1.10.5.jar:/home/runner/.m2/repository/org/slf4j/slf4j-api/2.0.6/slf4j-api-2.0.6.jar:/home/runner/work/apicurio-testing/apicurio-testing/clusters/ci419/namespaces/mysql/tests/integration/apicurio-registry/utils/tests/target/apicurio-registry-utils-tests-3.0.11-SNAPSHOT.jar:/home/runner/work/apicurio-testing/apicurio-testing/clusters/ci419/namespaces/mysql/tests/integration/apicurio-registry/common/target/apicurio-registry-common-3.0.11-SNAPSHOT.jar:/home/runner/.m2/repository/jakarta/validation/jakarta.validation-api/3.0.2/jakarta.validation-api-3.0.2.jar:/home/runner/.m2/repository/com/github/dasniko/testcontainers-keycloak/3.6.0/testcontainers-keycloak-3.6.0.jar:/home/runner/.m2/repository/org/testcontainers/testcontainers/1.20.6/testcontainers-1.20.6.jar:/home/runner/.m2/repository/org/rnorth/duct-tape/duct-tape/1.0.8/duct-tape-1.0.8.jar:/home/runner/.m2/repository/org/jetbrains/annotations/26.0.2/annotations-26.0.2.jar:/home/runner/.m2/repository/com/github/docker-java/docker-java-transport-zerodep/3.4.1/docker-java-transport-zerodep-3.4.1.jar:/home/runner/.m2/repository/com/github/docker-java/docker-java-transport/3.4.1/docker-java-transport-3.4.1.jar:/home/runner/.m2/repository/net/java/dev/jna/jna/5.8.0/jna-5.8.0.jar:/home/runner/.m2/repository/io/quarkus/quarkus-junit4-mock/3.20.1/quarkus-junit4-mock-3.20.1.jar:/home/runner/.m2/repository/org/jboss/shrinkwrap/shrinkwrap-api/2.0.0-beta-2/shrinkwrap-api-2.0.0-beta-2.jar:/home/runner/.m2/repository/org/jboss/shrinkwrap/shrinkwrap-impl-base/2.0.0-beta-2/shrinkwrap-impl-base-2.0.0-beta-2.jar:/home/runner/.m2/repository/org/jboss/shrinkwrap/shrinkwrap-spi/2.0.0-beta-2/shrinkwrap-spi-2.0.0-beta-2.jar:/home/runner/.m2/repository/org/keycloak/keycloak-admin-client/26.0.4/keycloak-admin-client-26.0.4.jar:/home/runner/.m2/repository/org/keycloak/keycloak-client-common-synced/26.0.4/keycloak-client-common-synced-26.0.4.jar:/home/runner/.m2/repository/jakarta/activation/jakarta.activation-api/2.1.3/jakarta.activation-api-2.1.3.jar:/home/runner/.m2/repository/org/eclipse/microprofile/openapi/microprofile-openapi-api/4.0.2/microprofile-openapi-api-4.0.2.jar:/home/runner/.m2/repository/org/jboss/resteasy/resteasy-client/6.2.12.Final/resteasy-client-6.2.12.Final.jar:/home/runner/.m2/repository/org/jboss/resteasy/resteasy-client-api/6.2.12.Final/resteasy-client-api-6.2.12.Final.jar:/home/runner/.m2/repository/org/jboss/resteasy/resteasy-core-spi/6.2.12.Final/resteasy-core-spi-6.2.12.Final.jar:/home/runner/.m2/repository/org/jboss/resteasy/resteasy-core/6.2.12.Final/resteasy-core-6.2.12.Final.jar:/home/runner/.m2/repository/org/eclipse/angus/angus-activation/2.0.2/angus-activation-2.0.2.jar:/home/runner/.m2/repository/com/ibm/async/asyncutil/0.1.0/asyncutil-0.1.0.jar:/home/runner/.m2/repository/org/reactivestreams/reactive-streams/1.0.4/reactive-streams-1.0.4.jar:/home/runner/.m2/repository/org/jboss/resteasy/resteasy-multipart-provider/6.2.12.Final/resteasy-multipart-provider-6.2.12.Final.jar:/home/runner/.m2/repository/jakarta/mail/jakarta.mail-api/2.1.3/jakarta.mail-api-2.1.3.jar:/home/runner/.m2/repository/org/eclipse/angus/angus-mail/2.0.3/angus-mail-2.0.3.jar:/home/runner/.m2/repository/org/apache/james/apache-mime4j-dom/0.8.12/apache-mime4j-dom-0.8.12.jar:/home/runner/.m2/repository/org/apache/james/apache-mime4j-core/0.8.12/apache-mime4j-core-0.8.12.jar:/home/runner/.m2/repository/org/apache/james/apache-mime4j-storage/0.8.12/apache-mime4j-storage-0.8.12.jar:/home/runner/.m2/repository/org/jboss/resteasy/resteasy-jackson2-provider/6.2.12.Final/resteasy-jackson2-provider-6.2.12.Final.jar:/home/runner/.m2/repository/com/fasterxml/jackson/jakarta/rs/jackson-jakarta-rs-base/2.18.2/jackson-jakarta-rs-base-2.18.2.jar:/home/runner/.m2/repository/com/fasterxml/jackson/jakarta/rs/jackson-jakarta-rs-json-provider/2.18.2/jackson-jakarta-rs-json-provider-2.18.2.jar:/home/runner/.m2/repository/com/fasterxml/jackson/module/jackson-module-jakarta-xmlbind-annotations/2.18.2/jackson-module-jakarta-xmlbind-annotations-2.18.2.jar:/home/runner/.m2/repository/com/github/java-json-tools/json-patch/1.13/json-patch-1.13.jar:/home/runner/.m2/repository/com/github/java-json-tools/msg-simple/1.2/msg-simple-1.2.jar:/home/runner/.m2/repository/com/github/java-json-tools/btf/1.3/btf-1.3.jar:/home/runner/.m2/repository/com/github/java-json-tools/jackson-coreutils/2.0/jackson-coreutils-2.0.jar:/home/runner/.m2/repository/org/jboss/resteasy/resteasy-jaxb-provider/6.2.12.Final/resteasy-jaxb-provider-6.2.12.Final.jar:/home/runner/.m2/repository/org/glassfish/jaxb/codemodel/4.0.5/codemodel-4.0.5.jar:/home/runner/.m2/repository/org/glassfish/jaxb/jaxb-core/4.0.5/jaxb-core-4.0.5.jar:/home/runner/.m2/repository/org/glassfish/jaxb/jaxb-jxc/4.0.5/jaxb-jxc-4.0.5.jar:/home/runner/.m2/repository/org/glassfish/jaxb/jaxb-runtime/4.0.5/jaxb-runtime-4.0.5.jar:/home/runner/.m2/repository/org/glassfish/jaxb/txw2/4.0.5/txw2-4.0.5.jar:/home/runner/.m2/repository/org/glassfish/jaxb/jaxb-xjc/4.0.5/jaxb-xjc-4.0.5.jar:/home/runner/.m2/repository/org/glassfish/jaxb/xsom/4.0.5/xsom-4.0.5.jar:/home/runner/.m2/repository/com/sun/istack/istack-commons-runtime/4.1.2/istack-commons-runtime-4.1.2.jar:/home/runner/.m2/repository/com/sun/istack/istack-commons-tools/4.1.2/istack-commons-tools-4.1.2.jar:/home/runner/.m2/repository/com/sun/xml/bind/external/relaxng-datatype/4.0.5/relaxng-datatype-4.0.5.jar:/home/runner/.m2/repository/com/sun/xml/bind/external/rngom/4.0.5/rngom-4.0.5.jar:/home/runner/.m2/repository/org/testcontainers/mssqlserver/1.20.6/mssqlserver-1.20.6.jar:/home/runner/.m2/repository/org/testcontainers/jdbc/1.20.6/jdbc-1.20.6.jar:/home/runner/.m2/repository/org/testcontainers/database-commons/1.20.6/database-commons-1.20.6.jar:/home/runner/.m2/repository/org/testcontainers/mysql/1.20.6/mysql-1.20.6.jar:/home/runner/.m2/repository/io/strimzi/strimzi-test-container/0.107.0/strimzi-test-container-0.107.0.jar:/home/runner/.m2/repository/org/testcontainers/toxiproxy/1.20.6/toxiproxy-1.20.6.jar:/home/runner/.m2/repository/com/github/docker-java/docker-java-api/3.4.1/docker-java-api-3.4.1.jar:/home/runner/.m2/repository/eu/rekawek/toxiproxy/toxiproxy-java/2.1.7/toxiproxy-java-2.1.7.jar:/home/runner/.m2/repository/junit/junit/4.13.2/junit-4.13.2.jar:/home/runner/.m2/repository/org/hamcrest/hamcrest-core/1.3/hamcrest-core-1.3.jar:/home/runner/.m2/repository/org/testcontainers/pulsar/1.20.4/pulsar-1.20.4.jar:/home/runner/.m2/repository/io/debezium/debezium-testing-testcontainers/2.6.2.Final/debezium-testing-testcontainers-2.6.2.Final.jar:/home/runner/.m2/repository/org/testcontainers/kafka/1.20.6/kafka-1.20.6.jar:/home/runner/.m2/repository/com/squareup/okhttp3/okhttp/4.8.1/okhttp-4.8.1.jar:/home/runner/.m2/repository/com/squareup/okio/okio/3.10.2/okio-3.10.2.jar:/home/runner/.m2/repository/com/squareup/okio/okio-jvm/3.10.2/okio-jvm-3.10.2.jar:/home/runner/.m2/repository/org/jetbrains/kotlin/kotlin-stdlib/2.0.21/kotlin-stdlib-2.0.21.jar:/home/runner/.m2/repository/org/awaitility/awaitility/4.2.2/awaitility-4.2.2.jar:/home/runner/.m2/repository/org/testcontainers/mongodb/1.20.6/mongodb-1.20.6.jar:/home/runner/.m2/repository/org/testcontainers/oracle-xe/1.20.6/oracle-xe-1.20.6.jar:/home/runner/.m2/repository/org/testcontainers/postgresql/1.20.6/postgresql-1.20.6.jar:/home/runner/.m2/repository/org/wiremock/wiremock/3.0.1/wiremock-3.0.1.jar:/home/runner/.m2/repository/org/eclipse/jetty/jetty-server/11.0.15/jetty-server-11.0.15.jar:/home/runner/.m2/repository/org/eclipse/jetty/toolchain/jetty-jakarta-servlet-api/5.0.2/jetty-jakarta-servlet-api-5.0.2.jar:/home/runner/.m2/repository/org/eclipse/jetty/jetty-http/11.0.15/jetty-http-11.0.15.jar:/home/runner/.m2/repository/org/eclipse/jetty/jetty-io/11.0.15/jetty-io-11.0.15.jar:/home/runner/.m2/repository/org/eclipse/jetty/jetty-servlet/11.0.15/jetty-servlet-11.0.15.jar:/home/runner/.m2/repository/org/eclipse/jetty/jetty-security/11.0.15/jetty-security-11.0.15.jar:/home/runner/.m2/repository/org/eclipse/jetty/jetty-servlets/11.0.15/jetty-servlets-11.0.15.jar:/home/runner/.m2/repository/org/eclipse/jetty/jetty-util/11.0.15/jetty-util-11.0.15.jar:/home/runner/.m2/repository/org/eclipse/jetty/jetty-webapp/11.0.15/jetty-webapp-11.0.15.jar:/home/runner/.m2/repository/org/eclipse/jetty/jetty-xml/11.0.15/jetty-xml-11.0.15.jar:/home/runner/.m2/repository/org/eclipse/jetty/jetty-proxy/11.0.15/jetty-proxy-11.0.15.jar:/home/runner/.m2/repository/org/eclipse/jetty/jetty-client/11.0.15/jetty-client-11.0.15.jar:/home/runner/.m2/repository/org/eclipse/jetty/http2/http2-server/11.0.15/http2-server-11.0.15.jar:/home/runner/.m2/repository/org/eclipse/jetty/http2/http2-common/11.0.15/http2-common-11.0.15.jar:/home/runner/.m2/repository/org/eclipse/jetty/http2/http2-hpack/11.0.15/http2-hpack-11.0.15.jar:/home/runner/.m2/repository/org/eclipse/jetty/jetty-alpn-server/11.0.15/jetty-alpn-server-11.0.15.jar:/home/runner/.m2/repository/org/eclipse/jetty/jetty-alpn-java-server/11.0.15/jetty-alpn-java-server-11.0.15.jar:/home/runner/.m2/repository/org/eclipse/jetty/jetty-alpn-java-client/11.0.15/jetty-alpn-java-client-11.0.15.jar:/home/runner/.m2/repository/org/eclipse/jetty/jetty-alpn-client/11.0.15/jetty-alpn-client-11.0.15.jar:/home/runner/.m2/repository/org/apache/httpcomponents/client5/httpclient5/5.2.1/httpclient5-5.2.1.jar:/home/runner/.m2/repository/org/apache/httpcomponents/core5/httpcore5/5.2/httpcore5-5.2.jar:/home/runner/.m2/repository/org/apache/httpcomponents/core5/httpcore5-h2/5.2/httpcore5-h2-5.2.jar:/home/runner/.m2/repository/org/xmlunit/xmlunit-core/2.9.1/xmlunit-core-2.9.1.jar:/home/runner/.m2/repository/jakarta/xml/bind/jakarta.xml.bind-api/4.0.2/jakarta.xml.bind-api-4.0.2.jar:/home/runner/.m2/repository/org/xmlunit/xmlunit-legacy/2.9.1/xmlunit-legacy-2.9.1.jar:/home/runner/.m2/repository/org/xmlunit/xmlunit-placeholders/2.9.1/xmlunit-placeholders-2.9.1.jar:/home/runner/.m2/repository/net/javacrumbs/json-unit/json-unit-core/2.38.0/json-unit-core-2.38.0.jar:/home/runner/.m2/repository/com/jayway/jsonpath/json-path/2.8.0/json-path-2.8.0.jar:/home/runner/.m2/repository/net/minidev/json-smart/2.4.10/json-smart-2.4.10.jar:/home/runner/.m2/repository/net/minidev/accessors-smart/2.4.9/accessors-smart-2.4.9.jar:/home/runner/.m2/repository/org/ow2/asm/asm/9.7.1/asm-9.7.1.jar:/home/runner/.m2/repository/net/sf/jopt-simple/jopt-simple/5.0.4/jopt-simple-5.0.4.jar:/home/runner/.m2/repository/com/github/jknack/handlebars/4.3.1/handlebars-4.3.1.jar:/home/runner/.m2/repository/com/github/jknack/handlebars-helpers/4.3.1/handlebars-helpers-4.3.1.jar:/home/runner/.m2/repository/commons-fileupload/commons-fileupload/1.5/commons-fileupload-1.5.jar:/home/runner/.m2/repository/com/networknt/json-schema-validator/1.5.5/json-schema-validator-1.5.5.jar:/home/runner/.m2/repository/com/ethlo/time/itu/1.10.3/itu-1.10.3.jar:/home/runner/.m2/repository/io/quarkus/quarkus-smallrye-jwt-build/3.20.1/quarkus-smallrye-jwt-build-3.20.1.jar:/home/runner/.m2/repository/io/smallrye/smallrye-jwt-build/4.6.1/smallrye-jwt-build-4.6.1.jar:/home/runner/.m2/repository/org/eclipse/microprofile/jwt/microprofile-jwt-auth-api/2.1/microprofile-jwt-auth-api-2.1.jar:/home/runner/.m2/repository/org/bitbucket/b_c/jose4j/0.9.6/jose4j-0.9.6.jar:/home/runner/.m2/repository/io/smallrye/smallrye-jwt-common/4.6.1/smallrye-jwt-common-4.6.1.jar:/home/runner/.m2/repository/io/quarkus/quarkus-jsonp/3.20.1/quarkus-jsonp-3.20.1.jar:/home/runner/.m2/repository/io/quarkus/quarkus-arc/3.20.1/quarkus-arc-3.20.1.jar:/home/runner/.m2/repository/io/quarkus/arc/arc/3.20.1/arc-3.20.1.jar:/home/runner/.m2/repository/jakarta/transaction/jakarta.transaction-api/2.0.1/jakarta.transaction-api-2.0.1.jar:/home/runner/.m2/repository/io/smallrye/reactive/mutiny/2.8.0/mutiny-2.8.0.jar:/home/runner/.m2/repository/org/jctools/jctools-core/4.0.5/jctools-core-4.0.5.jar:/home/runner/.m2/repository/org/eclipse/microprofile/context-propagation/microprofile-context-propagation-api/1.3/microprofile-context-propagation-api-1.3.jar:/home/runner/.m2/repository/io/apicurio/apicurio-common-rest-client-common/0.1.18.Final/apicurio-common-rest-client-common-0.1.18.Final.jar:/home/runner/work/apicurio-testing/apicurio-testing/clusters/ci419/namespaces/mysql/tests/integration/apicurio-registry/utils/maven-plugin/target/apicurio-registry-maven-plugin-3.0.11-SNAPSHOT.jar:/home/runner/.m2/repository/com/fasterxml/jackson/core/jackson-databind/2.18.2/jackson-databind-2.18.2.jar:/home/runner/.m2/repository/org/apache/avro/avro/1.12.0/avro-1.12.0.jar:/home/runner/.m2/repository/com/google/protobuf/protobuf-java/4.31.1/protobuf-java-4.31.1.jar:/home/runner/.m2/repository/com/google/protobuf/protobuf-java-util/4.31.1/protobuf-java-util-4.31.1.jar:/home/runner/.m2/repository/com/google/code/findbugs/jsr305/3.0.2/jsr305-3.0.2.jar:/home/runner/.m2/repository/com/google/code/gson/gson/2.12.1/gson-2.12.1.jar:/home/runner/.m2/repository/com/google/errorprone/error_prone_annotations/2.36.0/error_prone_annotations-2.36.0.jar:/home/runner/.m2/repository/com/google/j2objc/j2objc-annotations/2.8/j2objc-annotations-2.8.jar:/home/runner/work/apicurio-testing/apicurio-testing/clusters/ci419/namespaces/mysql/tests/integration/apicurio-registry/schema-util/util-provider/target/apicurio-registry-schema-util-provider-3.0.11-SNAPSHOT.jar:/home/runner/work/apicurio-testing/apicurio-testing/clusters/ci419/namespaces/mysql/tests/integration/apicurio-registry/schema-util/common/target/apicurio-registry-schema-util-common-3.0.11-SNAPSHOT.jar:/home/runner/.m2/repository/com/fasterxml/jackson/module/jackson-module-parameter-names/2.18.2/jackson-module-parameter-names-2.18.2.jar:/home/runner/.m2/repository/com/fasterxml/jackson/datatype/jackson-datatype-json-org/2.18.2/jackson-datatype-json-org-2.18.2.jar:/home/runner/work/apicurio-testing/apicurio-testing/clusters/ci419/namespaces/mysql/tests/integration/apicurio-registry/schema-util/json/target/apicurio-registry-schema-util-json-3.0.11-SNAPSHOT.jar:/home/runner/.m2/repository/com/github/erosb/everit-json-schema/1.14.5/everit-json-schema-1.14.5.jar:/home/runner/.m2/repository/commons-validator/commons-validator/1.9.0/commons-validator-1.9.0.jar:/home/runner/.m2/repository/commons-digester/commons-digester/2.1/commons-digester-2.1.jar:/home/runner/.m2/repository/commons-collections/commons-collections/3.2.2/commons-collections-3.2.2.jar:/home/runner/.m2/repository/com/damnhandy/handy-uri-templates/2.1.8/handy-uri-templates-2.1.8.jar:/home/runner/.m2/repository/joda-time/joda-time/2.10.2/joda-time-2.10.2.jar:/home/runner/.m2/repository/com/github/erosb/json-sKema/0.20.0/json-sKema-0.20.0.jar:/home/runner/.m2/repository/io/vertx/vertx-json-schema/4.5.14/vertx-json-schema-4.5.14.jar:/home/runner/work/apicurio-testing/apicurio-testing/clusters/ci419/namespaces/mysql/tests/integration/apicurio-registry/schema-util/protobuf/target/apicurio-registry-schema-util-protobuf-3.0.11-SNAPSHOT.jar:/home/runner/work/apicurio-testing/apicurio-testing/clusters/ci419/namespaces/mysql/tests/integration/apicurio-registry/utils/protobuf-schema-utilities/target/apicurio-registry-protobuf-schema-utilities-3.0.11-SNAPSHOT.jar:/home/runner/.m2/repository/com/google/api/grpc/proto-google-common-protos/2.52.0/proto-google-common-protos-2.52.0.jar:/home/runner/.m2/repository/com/squareup/wire/wire-schema-jvm/5.3.3/wire-schema-jvm-5.3.3.jar:/home/runner/.m2/repository/com/palantir/javapoet/javapoet/0.6.0/javapoet-0.6.0.jar:/home/runner/.m2/repository/com/squareup/kotlinpoet-jvm/2.0.0/kotlinpoet-jvm-2.0.0.jar:/home/runner/.m2/repository/org/jetbrains/kotlin/kotlin-reflect/2.0.21/kotlin-reflect-2.0.21.jar:/home/runner/.m2/repository/com/squareup/wire/wire-runtime-jvm/5.3.3/wire-runtime-jvm-5.3.3.jar:/home/runner/.m2/repository/com/ibm/icu/icu4j/76.1/icu4j-76.1.jar:/home/runner/.m2/repository/com/squareup/okio/okio-fakefilesystem/3.10.2/okio-fakefilesystem-3.10.2.jar:/home/runner/.m2/repository/com/squareup/okio/okio-fakefilesystem-jvm/3.10.2/okio-fakefilesystem-jvm-3.10.2.jar:/home/runner/.m2/repository/org/jetbrains/kotlinx/kotlinx-datetime-jvm/0.6.1/kotlinx-datetime-jvm-0.6.1.jar:/home/runner/work/apicurio-testing/apicurio-testing/clusters/ci419/namespaces/mysql/tests/integration/apicurio-registry/schema-util/asyncapi/target/apicurio-registry-schema-util-asyncapi-3.0.11-SNAPSHOT.jar:/home/runner/work/apicurio-testing/apicurio-testing/clusters/ci419/namespaces/mysql/tests/integration/apicurio-registry/schema-util/avro/target/apicurio-registry-schema-util-avro-3.0.11-SNAPSHOT.jar:/home/runner/work/apicurio-testing/apicurio-testing/clusters/ci419/namespaces/mysql/tests/integration/apicurio-registry/schema-util/graphql/target/apicurio-registry-schema-util-graphql-3.0.11-SNAPSHOT.jar:/home/runner/.m2/repository/com/graphql-java/graphql-java/22.3/graphql-java-22.3.jar:/home/runner/.m2/repository/com/graphql-java/java-dataloader/3.3.0/java-dataloader-3.3.0.jar:/home/runner/work/apicurio-testing/apicurio-testing/clusters/ci419/namespaces/mysql/tests/integration/apicurio-registry/schema-util/kconnect/target/apicurio-registry-schema-util-kconnect-3.0.11-SNAPSHOT.jar:/home/runner/work/apicurio-testing/apicurio-testing/clusters/ci419/namespaces/mysql/tests/integration/apicurio-registry/schema-util/openapi/target/apicurio-registry-schema-util-openapi-3.0.11-SNAPSHOT.jar:/home/runner/.m2/repository/io/apicurio/apicurio-data-models/2.2.1/apicurio-data-models-2.2.1.jar:/home/runner/.m2/repository/org/openapitools/openapidiff/openapi-diff-core/2.1.2/openapi-diff-core-2.1.2.jar:/home/runner/.m2/repository/io/swagger/parser/v3/swagger-parser/2.1.28/swagger-parser-2.1.28.jar:/home/runner/.m2/repository/io/swagger/parser/v3/swagger-parser-v2-converter/2.1.28/swagger-parser-v2-converter-2.1.28.jar:/home/runner/.m2/repository/io/swagger/swagger-core/1.6.16/swagger-core-1.6.16.jar:/home/runner/.m2/repository/io/swagger/swagger-models/1.6.16/swagger-models-1.6.16.jar:/home/runner/.m2/repository/io/swagger/swagger-annotations/1.6.16/swagger-annotations-1.6.16.jar:/home/runner/.m2/repository/io/swagger/swagger-parser/1.0.75/swagger-parser-1.0.75.jar:/home/runner/.m2/repository/io/swagger/swagger-parser-safe-url-resolver/1.0.75/swagger-parser-safe-url-resolver-1.0.75.jar:/home/runner/.m2/repository/io/swagger/swagger-compat-spec-parser/1.0.75/swagger-compat-spec-parser-1.0.75.jar:/home/runner/.m2/repository/com/github/java-json-tools/json-schema-validator/2.2.14/json-schema-validator-2.2.14.jar:/home/runner/.m2/repository/com/github/java-json-tools/jackson-coreutils-equivalence/1.0/jackson-coreutils-equivalence-1.0.jar:/home/runner/.m2/repository/com/github/java-json-tools/json-schema-core/1.2.14/json-schema-core-1.2.14.jar:/home/runner/.m2/repository/com/github/java-json-tools/uri-template/0.10/uri-template-0.10.jar:/home/runner/.m2/repository/com/googlecode/libphonenumber/libphonenumber/8.11.1/libphonenumber-8.11.1.jar:/home/runner/.m2/repository/com/j2html/j2html/1.6.0/j2html-1.6.0.jar:/home/runner/.m2/repository/org/apache/commons/commons-collections4/4.5.0/commons-collections4-4.5.0.jar:/home/runner/.m2/repository/org/apache/commons/commons-configuration2/2.12.0/commons-configuration2-2.12.0.jar:/home/runner/.m2/repository/org/apache/commons/commons-text/1.13.0/commons-text-1.13.0.jar:/home/runner/.m2/repository/org/slf4j/jcl-over-slf4j/2.0.17/jcl-over-slf4j-2.0.17.jar:/home/runner/.m2/repository/io/swagger/parser/v3/swagger-parser-v3/2.1.30/swagger-parser-v3-2.1.30.jar:/home/runner/.m2/repository/io/swagger/core/v3/swagger-models/2.2.34/swagger-models-2.2.34.jar:/home/runner/.m2/repository/io/swagger/core/v3/swagger-core/2.2.34/swagger-core-2.2.34.jar:/home/runner/.m2/repository/io/swagger/parser/v3/swagger-parser-core/2.1.30/swagger-parser-core-2.1.30.jar:/home/runner/.m2/repository/io/swagger/parser/v3/swagger-parser-safe-url-resolver/2.1.30/swagger-parser-safe-url-resolver-2.1.30.jar:/home/runner/work/apicurio-testing/apicurio-testing/clusters/ci419/namespaces/mysql/tests/integration/apicurio-registry/schema-util/wsdl/target/apicurio-registry-schema-util-wsdl-3.0.11-SNAPSHOT.jar:/home/runner/.m2/repository/wsdl4j/wsdl4j/1.6.3/wsdl4j-1.6.3.jar:/home/runner/work/apicurio-testing/apicurio-testing/clusters/ci419/namespaces/mysql/tests/integration/apicurio-registry/schema-util/xml/target/apicurio-registry-schema-util-xml-3.0.11-SNAPSHOT.jar:/home/runner/.m2/repository/org/apache/santuario/xmlsec/4.0.3/xmlsec-4.0.3.jar:/home/runner/.m2/repository/com/fasterxml/woodstox/woodstox-core/7.1.0/woodstox-core-7.1.0.jar:/home/runner/.m2/repository/org/codehaus/woodstox/stax2-api/4.2.2/stax2-api-4.2.2.jar:/home/runner/work/apicurio-testing/apicurio-testing/clusters/ci419/namespaces/mysql/tests/integration/apicurio-registry/schema-util/xsd/target/apicurio-registry-schema-util-xsd-3.0.11-SNAPSHOT.jar:/home/runner/work/apicurio-testing/apicurio-testing/clusters/ci419/namespaces/mysql/tests/integration/apicurio-registry/serdes/kafka/jsonschema-serde/target/apicurio-registry-jsonschema-serde-kafka-3.0.11-SNAPSHOT.jar:/home/runner/work/apicurio-testing/apicurio-testing/clusters/ci419/namespaces/mysql/tests/integration/apicurio-registry/serdes/kafka/serde-kafka-common/target/apicurio-registry-serde-kafka-common-3.0.11-SNAPSHOT.jar:/home/runner/work/apicurio-testing/apicurio-testing/clusters/ci419/namespaces/mysql/tests/integration/apicurio-registry/serdes/generic/serde-common/target/apicurio-registry-serde-common-3.0.11-SNAPSHOT.jar:/home/runner/work/apicurio-testing/apicurio-testing/clusters/ci419/namespaces/mysql/tests/integration/apicurio-registry/serdes/generic/serde-common-jsonschema/target/apicurio-registry-serde-common-jsonschema-3.0.11-SNAPSHOT.jar:/home/runner/.m2/repository/org/json/json/20250107/json-20250107.jar:/home/runner/work/apicurio-testing/apicurio-testing/clusters/ci419/namespaces/mysql/tests/integration/apicurio-registry/serdes/kafka/avro-serde/target/apicurio-registry-avro-serde-kafka-3.0.11-SNAPSHOT.jar:/home/runner/work/apicurio-testing/apicurio-testing/clusters/ci419/namespaces/mysql/tests/integration/apicurio-registry/serdes/generic/serde-common-avro/target/apicurio-registry-serde-common-avro-3.0.11-SNAPSHOT.jar:/home/runner/work/apicurio-testing/apicurio-testing/clusters/ci419/namespaces/mysql/tests/integration/apicurio-registry/serdes/kafka/protobuf-serde/target/apicurio-registry-protobuf-serde-kafka-3.0.11-SNAPSHOT.jar:/home/runner/work/apicurio-testing/apicurio-testing/clusters/ci419/namespaces/mysql/tests/integration/apicurio-registry/serdes/generic/serde-common-protobuf/target/apicurio-registry-serde-common-protobuf-3.0.11-SNAPSHOT.jar:/home/runner/.m2/repository/com/squareup/wire/wire-schema/5.3.3/wire-schema-5.3.3.jar:/home/runner/.m2/repository/com/squareup/wire/wire-runtime/5.3.3/wire-runtime-5.3.3.jar:/home/runner/work/apicurio-testing/apicurio-testing/clusters/ci419/namespaces/mysql/tests/integration/apicurio-registry/serdes/pulsar/avro-serde/target/apicurio-registry-avro-serde-pulsar-3.0.11-SNAPSHOT.jar:/home/runner/.m2/repository/org/apache/pulsar/pulsar-functions-api/3.3.4/pulsar-functions-api-3.3.4.jar:/home/runner/work/apicurio-testing/apicurio-testing/clusters/ci419/namespaces/mysql/tests/integration/apicurio-registry/serdes/nats/avro-serde/target/apicurio-registry-avro-serde-nats-3.0.11-SNAPSHOT.jar:/home/runner/.m2/repository/io/nats/jnats/2.20.5/jnats-2.20.5.jar:/home/runner/.m2/repository/net/i2p/crypto/eddsa/0.3.0/eddsa-0.3.0.jar:/home/runner/work/apicurio-testing/apicurio-testing/clusters/ci419/namespaces/mysql/tests/integration/apicurio-registry/utils/converter/target/apicurio-registry-utils-converter-3.0.11-SNAPSHOT.jar:/home/runner/work/apicurio-testing/apicurio-testing/clusters/ci419/namespaces/mysql/tests/integration/apicurio-registry/schema-resolver/target/apicurio-registry-schema-resolver-3.0.11-SNAPSHOT.jar:/home/runner/.m2/repository/org/apache/kafka/connect-api/3.9.1/connect-api-3.9.1.jar:/home/runner/.m2/repository/javax/ws/rs/javax.ws.rs-api/2.1.1/javax.ws.rs-api-2.1.1.jar:/home/runner/.m2/repository/org/apache/kafka/connect-json/3.9.1/connect-json-3.9.1.jar:/home/runner/.m2/repository/com/fasterxml/jackson/datatype/jackson-datatype-jdk8/2.18.2/jackson-datatype-jdk8-2.18.2.jar:/home/runner/.m2/repository/com/fasterxml/jackson/module/jackson-module-afterburner/2.18.2/jackson-module-afterburner-2.18.2.jar:/home/runner/work/apicurio-testing/apicurio-testing/clusters/ci419/namespaces/mysql/tests/integration/apicurio-registry/utils/kafka/target/apicurio-registry-utils-kafka-3.0.11-SNAPSHOT.jar:/home/runner/.m2/repository/org/apache/pulsar/pulsar-client/3.3.4/pulsar-client-3.3.4.jar:/home/runner/.m2/repository/org/apache/pulsar/pulsar-client-api/3.3.4/pulsar-client-api-3.3.4.jar:/home/runner/.m2/repository/org/apache/pulsar/pulsar-client-admin-api/3.3.4/pulsar-client-admin-api-3.3.4.jar:/home/runner/.m2/repository/org/apache/pulsar/bouncy-castle-bc/3.3.4/bouncy-castle-bc-3.3.4-pkg.jar:/home/runner/.m2/repository/org/bouncycastle/bcpkix-jdk18on/1.80/bcpkix-jdk18on-1.80.jar:/home/runner/.m2/repository/org/bouncycastle/bcutil-jdk18on/1.80/bcutil-jdk18on-1.80.jar:/home/runner/.m2/repository/org/bouncycastle/bcprov-jdk18on/1.80/bcprov-jdk18on-1.80.jar:/home/runner/.m2/repository/io/opentelemetry/opentelemetry-api/1.44.1/opentelemetry-api-1.44.1.jar:/home/runner/.m2/repository/io/opentelemetry/opentelemetry-context/1.44.1/opentelemetry-context-1.44.1.jar:/home/runner/.m2/repository/io/opentelemetry/opentelemetry-api-incubator/1.44.1-alpha/opentelemetry-api-incubator-1.44.1-alpha.jar:/home/runner/.m2/repository/com/fasterxml/jackson/core/jackson-annotations/2.18.2/jackson-annotations-2.18.2.jar:/home/runner/.m2/repository/javax/validation/validation-api/1.1.0.Final/validation-api-1.1.0.Final.jar:/home/runner/.m2/repository/io/confluent/kafka-avro-serializer/8.0.0/kafka-avro-serializer-8.0.0.jar:/home/runner/.m2/repository/org/apache/commons/commons-compress/1.27.1/commons-compress-1.27.1.jar:/home/runner/.m2/repository/io/confluent/kafka-schema-serializer/8.0.0/kafka-schema-serializer-8.0.0.jar:/home/runner/.m2/repository/com/fasterxml/jackson/dataformat/jackson-dataformat-csv/2.18.2/jackson-dataformat-csv-2.18.2.jar:/home/runner/.m2/repository/io/confluent/kafka-schema-registry-client/8.0.0/kafka-schema-registry-client-8.0.0.jar:/home/runner/.m2/repository/org/yaml/snakeyaml/2.3/snakeyaml-2.3.jar:/home/runner/.m2/repository/io/swagger/core/v3/swagger-annotations/2.2.29/swagger-annotations-2.2.29.jar:/home/runner/.m2/repository/com/google/guava/guava/33.4.0-jre/guava-33.4.0-jre.jar:/home/runner/.m2/repository/com/google/guava/failureaccess/1.0.1/failureaccess-1.0.1.jar:/home/runner/.m2/repository/org/checkerframework/checker-qual/3.49.0/checker-qual-3.49.0.jar:/home/runner/.m2/repository/io/confluent/logredactor/1.0.13/logredactor-1.0.13.jar:/home/runner/.m2/repository/com/google/re2j/re2j/1.6/re2j-1.6.jar:/home/runner/.m2/repository/io/confluent/logredactor-metrics/1.0.13/logredactor-metrics-1.0.13.jar:/home/runner/.m2/repository/com/eclipsesource/minimal-json/minimal-json/0.9.5/minimal-json-0.9.5.jar:/home/runner/.m2/repository/io/confluent/common-utils/8.0.0/common-utils-8.0.0.jar:/home/runner/.m2/repository/io/confluent/kafka-connect-avro-converter/8.0.0/kafka-connect-avro-converter-8.0.0.jar:/home/runner/.m2/repository/io/confluent/kafka-connect-avro-data/8.0.0/kafka-connect-avro-data-8.0.0.jar:/home/runner/.m2/repository/io/confluent/kafka-schema-converter/8.0.0/kafka-schema-converter-8.0.0.jar:/home/runner/.m2/repository/io/rest-assured/rest-assured/5.5.1/rest-assured-5.5.1.jar:/home/runner/.m2/repository/org/apache/groovy/groovy/4.0.22/groovy-4.0.22.jar:/home/runner/.m2/repository/org/apache/groovy/groovy-xml/4.0.22/groovy-xml-4.0.22.jar:/home/runner/.m2/repository/org/apache/httpcomponents/httpclient/4.5.14/httpclient-4.5.14.jar:/home/runner/.m2/repository/org/apache/httpcomponents/httpcore/4.4.16/httpcore-4.4.16.jar:/home/runner/.m2/repository/org/apache/httpcomponents/httpmime/4.5.14/httpmime-4.5.14.jar:/home/runner/.m2/repository/org/hamcrest/hamcrest/2.2/hamcrest-2.2.jar:/home/runner/.m2/repository/org/ccil/cowan/tagsoup/tagsoup/1.2.1/tagsoup-1.2.1.jar:/home/runner/.m2/repository/io/rest-assured/json-path/5.5.1/json-path-5.5.1.jar:/home/runner/.m2/repository/org/apache/groovy/groovy-json/4.0.22/groovy-json-4.0.22.jar:/home/runner/.m2/repository/io/rest-assured/rest-assured-common/5.5.1/rest-assured-common-5.5.1.jar:/home/runner/.m2/repository/io/rest-assured/xml-path/5.5.1/xml-path-5.5.1.jar:/home/runner/.m2/repository/io/zonky/test/embedded-postgres/2.1.0/embedded-postgres-2.1.0.jar:/home/runner/.m2/repository/io/zonky/test/postgres/embedded-postgres-binaries-windows-amd64/14.15.0/embedded-postgres-binaries-windows-amd64-14.15.0.jar:/home/runner/.m2/repository/io/zonky/test/postgres/embedded-postgres-binaries-darwin-amd64/14.15.0/embedded-postgres-binaries-darwin-amd64-14.15.0.jar:/home/runner/.m2/repository/io/zonky/test/postgres/embedded-postgres-binaries-linux-amd64/14.15.0/embedded-postgres-binaries-linux-amd64-14.15.0.jar:/home/runner/.m2/repository/io/zonky/test/postgres/embedded-postgres-binaries-linux-amd64-alpine/14.15.0/embedded-postgres-binaries-linux-amd64-alpine-14.15.0.jar:/home/runner/.m2/repository/org/apache/commons/commons-lang3/3.17.0/commons-lang3-3.17.0.jar:/home/runner/.m2/repository/org/tukaani/xz/1.10/xz-1.10.jar:/home/runner/.m2/repository/commons-codec/commons-codec/1.18.0/commons-codec-1.18.0.jar:/home/runner/.m2/repository/org/postgresql/postgresql/42.7.5/postgresql-42.7.5.jar:/home/runner/.m2/repository/commons-io/commons-io/2.18.0/commons-io-2.18.0.jar:/home/runner/work/apicurio-testing/apicurio-testing/clusters/ci419/namespaces/mysql/tests/integration/apicurio-registry/utils/importexport/target/apicurio-registry-utils-import-export-3.0.11-SNAPSHOT.jar:/home/runner/.m2/repository/io/vertx/vertx-core/4.5.14/vertx-core-4.5.14.jar:/home/runner/.m2/repository/io/netty/netty-common/4.1.119.Final/netty-common-4.1.119.Final.jar:/home/runner/.m2/repository/io/netty/netty-buffer/4.1.119.Final/netty-buffer-4.1.119.Final.jar:/home/runner/.m2/repository/io/netty/netty-transport/4.1.119.Final/netty-transport-4.1.119.Final.jar:/home/runner/.m2/repository/io/netty/netty-handler/4.1.119.Final/netty-handler-4.1.119.Final.jar:/home/runner/.m2/repository/io/netty/netty-transport-native-unix-common/4.1.119.Final/netty-transport-native-unix-common-4.1.119.Final.jar:/home/runner/.m2/repository/io/netty/netty-codec/4.1.119.Final/netty-codec-4.1.119.Final.jar:/home/runner/.m2/repository/io/netty/netty-handler-proxy/4.1.119.Final/netty-handler-proxy-4.1.119.Final.jar:/home/runner/.m2/repository/io/netty/netty-codec-socks/4.1.119.Final/netty-codec-socks-4.1.119.Final.jar:/home/runner/.m2/repository/io/netty/netty-codec-http/4.1.119.Final/netty-codec-http-4.1.119.Final.jar:/home/runner/.m2/repository/io/netty/netty-codec-http2/4.1.119.Final/netty-codec-http2-4.1.119.Final.jar:/home/runner/.m2/repository/io/netty/netty-resolver/4.1.119.Final/netty-resolver-4.1.119.Final.jar:/home/runner/.m2/repository/io/netty/netty-resolver-dns/4.1.119.Final/netty-resolver-dns-4.1.119.Final.jar:/home/runner/.m2/repository/io/netty/netty-codec-dns/4.1.119.Final/netty-codec-dns-4.1.119.Final.jar:/home/runner/.m2/repository/com/fasterxml/jackson/core/jackson-core/2.18.2/jackson-core-2.18.2.jar:"/>
    <property name="java.vm.vendor" value="Eclipse Adoptium"/>
    <property name="maven.javadoc.skip" value="true"/>
    <property name="sun.arch.data.model" value="64"/>
    <property name="java.vendor.url" value="https://adoptium.net/"/>
    <property name="user.timezone" value="Etc/UTC"/>
    <property name="os.name" value="Linux"/>
    <property name="java.vm.specification.version" value="17"/>
    <property name="sun.java.launcher" value="SUN_STANDARD"/>
    <property name="quarkus.http.test-port" value="80"/>
    <property name="sun.boot.library.path" value="/usr/lib/jvm/temurin-17-jdk-amd64/lib"/>
    <property name="sun.java.command" value="/home/runner/work/apicurio-testing/apicurio-testing/clusters/ci419/namespaces/mysql/tests/integration/apicurio-registry/integration-tests/target/surefire/surefirebooter-20250731204226176_3.jar /home/runner/work/apicurio-testing/apicurio-testing/clusters/ci419/namespaces/mysql/tests/integration/apicurio-registry/integration-tests/target/surefire 2025-07-31T20-42-26_076-jvmRun1 surefire-20250731204226176_1tmp surefire_0-20250731204226176_2tmp"/>
    <property name="maven.home" value="/home/runner/.m2/wrapper/dists/apache-maven-3.9.8-bin/4fnp1ql35bgk2a0p7m31ovbgb0/apache-maven-3.9.8"/>
    <property name="jdk.debug" value="release"/>
    <property name="surefire.test.class.path" value="/home/runner/work/apicurio-testing/apicurio-testing/clusters/ci419/namespaces/mysql/tests/integration/apicurio-registry/integration-tests/target/test-classes:/home/runner/work/apicurio-testing/apicurio-testing/clusters/ci419/namespaces/mysql/tests/integration/apicurio-registry/integration-tests/target/apicurio-registry-integration-tests-3.0.11-SNAPSHOT.jar:/home/runner/.m2/repository/io/quarkus/quarkus-junit5/3.20.1/quarkus-junit5-3.20.1.jar:/home/runner/.m2/repository/io/quarkus/quarkus-bootstrap-core/3.20.1/quarkus-bootstrap-core-3.20.1.jar:/home/runner/.m2/repository/io/quarkus/quarkus-classloader-commons/3.20.1/quarkus-classloader-commons-3.20.1.jar:/home/runner/.m2/repository/io/quarkus/quarkus-bootstrap-app-model/3.20.1/quarkus-bootstrap-app-model-3.20.1.jar:/home/runner/.m2/repository/io/smallrye/common/smallrye-common-io/2.12.0/smallrye-common-io-2.12.0.jar:/home/runner/.m2/repository/org/eclipse/sisu/org.eclipse.sisu.inject/0.9.0.M3/org.eclipse.sisu.inject-0.9.0.M3.jar:/home/runner/.m2/repository/io/quarkus/quarkus-test-common/3.20.1/quarkus-test-common-3.20.1.jar:/home/runner/.m2/repository/io/quarkus/quarkus-core-deployment/3.20.1/quarkus-core-deployment-3.20.1.jar:/home/runner/.m2/repository/org/aesh/readline/2.6/readline-2.6.jar:/home/runner/.m2/repository/org/fusesource/jansi/jansi/2.4.0/jansi-2.4.0.jar:/home/runner/.m2/repository/org/aesh/aesh/2.8.2/aesh-2.8.2.jar:/home/runner/.m2/repository/io/quarkus/gizmo/gizmo/1.8.0/gizmo-1.8.0.jar:/home/runner/.m2/repository/org/ow2/asm/asm-util/9.7.1/asm-util-9.7.1.jar:/home/runner/.m2/repository/org/ow2/asm/asm-analysis/9.7.1/asm-analysis-9.7.1.jar:/home/runner/.m2/repository/org/ow2/asm/asm-commons/9.7.1/asm-commons-9.7.1.jar:/home/runner/.m2/repository/org/ow2/asm/asm-tree/9.7.1/asm-tree-9.7.1.jar:/home/runner/.m2/repository/io/quarkus/quarkus-hibernate-validator-spi/3.20.1/quarkus-hibernate-validator-spi-3.20.1.jar:/home/runner/.m2/repository/io/quarkus/quarkus-class-change-agent/3.20.1/quarkus-class-change-agent-3.20.1.jar:/home/runner/.m2/repository/io/quarkus/quarkus-devtools-utilities/3.20.1/quarkus-devtools-utilities-3.20.1.jar:/home/runner/.m2/repository/io/quarkus/quarkus-builder/3.20.1/quarkus-builder-3.20.1.jar:/home/runner/.m2/repository/org/graalvm/sdk/nativeimage/23.1.2/nativeimage-23.1.2.jar:/home/runner/.m2/repository/org/graalvm/sdk/word/23.1.2/word-23.1.2.jar:/home/runner/.m2/repository/io/quarkus/quarkus-bootstrap-maven-resolver/3.20.1/quarkus-bootstrap-maven-resolver-3.20.1.jar:/home/runner/.m2/repository/io/smallrye/beanbag/smallrye-beanbag-maven/1.5.2/smallrye-beanbag-maven-1.5.2.jar:/home/runner/.m2/repository/io/smallrye/beanbag/smallrye-beanbag-sisu/1.5.2/smallrye-beanbag-sisu-1.5.2.jar:/home/runner/.m2/repository/io/smallrye/beanbag/smallrye-beanbag/1.5.2/smallrye-beanbag-1.5.2.jar:/home/runner/.m2/repository/javax/inject/javax.inject/1/javax.inject-1.jar:/home/runner/.m2/repository/org/apache/maven/maven-artifact/3.9.9/maven-artifact-3.9.9.jar:/home/runner/.m2/repository/org/apache/maven/maven-builder-support/3.9.9/maven-builder-support-3.9.9.jar:/home/runner/.m2/repository/org/apache/maven/maven-model/3.9.9/maven-model-3.9.9.jar:/home/runner/.m2/repository/org/apache/maven/maven-model-builder/3.9.9/maven-model-builder-3.9.9.jar:/home/runner/.m2/repository/org/apache/maven/maven-repository-metadata/3.9.9/maven-repository-metadata-3.9.9.jar:/home/runner/.m2/repository/org/apache/maven/maven-settings/3.9.9/maven-settings-3.9.9.jar:/home/runner/.m2/repository/org/apache/maven/resolver/maven-resolver-api/1.9.22/maven-resolver-api-1.9.22.jar:/home/runner/.m2/repository/org/apache/maven/resolver/maven-resolver-impl/1.9.22/maven-resolver-impl-1.9.22.jar:/home/runner/.m2/repository/org/apache/maven/resolver/maven-resolver-named-locks/1.9.22/maven-resolver-named-locks-1.9.22.jar:/home/runner/.m2/repository/org/apache/maven/resolver/maven-resolver-spi/1.9.22/maven-resolver-spi-1.9.22.jar:/home/runner/.m2/repository/org/apache/maven/resolver/maven-resolver-util/1.9.22/maven-resolver-util-1.9.22.jar:/home/runner/.m2/repository/org/apache/maven/resolver/maven-resolver-transport-http/1.9.20/maven-resolver-transport-http-1.9.20.jar:/home/runner/.m2/repository/org/apache/maven/wagon/wagon-provider-api/3.5.3/wagon-provider-api-3.5.3.jar:/home/runner/.m2/repository/org/apache/maven/wagon/wagon-http-shared/3.5.3/wagon-http-shared-3.5.3.jar:/home/runner/.m2/repository/org/codehaus/plexus/plexus-interpolation/1.26/plexus-interpolation-1.26.jar:/home/runner/.m2/repository/org/codehaus/plexus/plexus-utils/3.5.1/plexus-utils-3.5.1.jar:/home/runner/.m2/repository/org/codehaus/plexus/plexus-xml/4.0.1/plexus-xml-4.0.1.jar:/home/runner/.m2/repository/org/apache/maven/maven-xml-impl/4.0.0-alpha-5/maven-xml-impl-4.0.0-alpha-5.jar:/home/runner/.m2/repository/org/apache/maven/maven-api-xml/4.0.0-alpha-5/maven-api-xml-4.0.0-alpha-5.jar:/home/runner/.m2/repository/org/apache/maven/maven-api-meta/4.0.0-alpha-5/maven-api-meta-4.0.0-alpha-5.jar:/home/runner/.m2/repository/org/codehaus/plexus/plexus-cipher/2.0/plexus-cipher-2.0.jar:/home/runner/.m2/repository/org/codehaus/plexus/plexus-sec-dispatcher/2.0/plexus-sec-dispatcher-2.0.jar:/home/runner/.m2/repository/org/apache/maven/maven-embedder/3.9.9/maven-embedder-3.9.9.jar:/home/runner/.m2/repository/org/apache/maven/maven-core/3.9.9/maven-core-3.9.9.jar:/home/runner/.m2/repository/org/codehaus/plexus/plexus-component-annotations/2.1.0/plexus-component-annotations-2.1.0.jar:/home/runner/.m2/repository/org/apache/maven/maven-plugin-api/3.9.9/maven-plugin-api-3.9.9.jar:/home/runner/.m2/repository/org/apache/maven/shared/maven-shared-utils/3.4.2/maven-shared-utils-3.4.2.jar:/home/runner/.m2/repository/com/google/inject/guice/5.1.0/guice-5.1.0.jar:/home/runner/.m2/repository/aopalliance/aopalliance/1.0/aopalliance-1.0.jar:/home/runner/.m2/repository/org/codehaus/plexus/plexus-classworlds/2.6.0/plexus-classworlds-2.6.0.jar:/home/runner/.m2/repository/commons-cli/commons-cli/1.8.0/commons-cli-1.8.0.jar:/home/runner/.m2/repository/org/eclipse/sisu/org.eclipse.sisu.plexus/0.9.0.M3/org.eclipse.sisu.plexus-0.9.0.M3.jar:/home/runner/.m2/repository/org/apache/maven/maven-settings-builder/3.9.9/maven-settings-builder-3.9.9.jar:/home/runner/.m2/repository/org/apache/maven/maven-resolver-provider/3.9.9/maven-resolver-provider-3.9.9.jar:/home/runner/.m2/repository/org/apache/maven/resolver/maven-resolver-connector-basic/1.9.22/maven-resolver-connector-basic-1.9.22.jar:/home/runner/.m2/repository/org/apache/maven/resolver/maven-resolver-transport-wagon/1.9.22/maven-resolver-transport-wagon-1.9.22.jar:/home/runner/.m2/repository/org/apache/maven/wagon/wagon-http/3.5.3/wagon-http-3.5.3.jar:/home/runner/.m2/repository/org/apache/maven/wagon/wagon-file/3.5.3/wagon-file-3.5.3.jar:/home/runner/.m2/repository/io/quarkus/quarkus-bootstrap-gradle-resolver/3.20.1/quarkus-bootstrap-gradle-resolver-3.20.1.jar:/home/runner/.m2/repository/io/smallrye/jandex/3.3.0/jandex-3.3.0.jar:/home/runner/.m2/repository/org/jboss/logging/commons-logging-jboss-logging/1.0.0.Final/commons-logging-jboss-logging-1.0.0.Final.jar:/home/runner/.m2/repository/io/quarkus/quarkus-junit5-config/3.20.1/quarkus-junit5-config-3.20.1.jar:/home/runner/.m2/repository/org/junit/jupiter/junit-jupiter-api/5.12.1/junit-jupiter-api-5.12.1.jar:/home/runner/.m2/repository/io/smallrye/config/smallrye-config/3.11.4/smallrye-config-3.11.4.jar:/home/runner/.m2/repository/io/smallrye/config/smallrye-config-core/3.11.4/smallrye-config-core-3.11.4.jar:/home/runner/.m2/repository/io/smallrye/common/smallrye-common-classloader/2.12.0/smallrye-common-classloader-2.12.0.jar:/home/runner/.m2/repository/io/smallrye/config/smallrye-config-common/3.11.4/smallrye-config-common-3.11.4.jar:/home/runner/.m2/repository/org/junit/jupiter/junit-jupiter/5.12.1/junit-jupiter-5.12.1.jar:/home/runner/.m2/repository/org/junit/jupiter/junit-jupiter-params/5.12.1/junit-jupiter-params-5.12.1.jar:/home/runner/.m2/repository/org/junit/jupiter/junit-jupiter-engine/5.12.1/junit-jupiter-engine-5.12.1.jar:/home/runner/.m2/repository/io/quarkus/quarkus-core/3.20.1/quarkus-core-3.20.1.jar:/home/runner/.m2/repository/jakarta/enterprise/jakarta.enterprise.cdi-api/4.1.0/jakarta.enterprise.cdi-api-4.1.0.jar:/home/runner/.m2/repository/jakarta/enterprise/jakarta.enterprise.lang-model/4.1.0/jakarta.enterprise.lang-model-4.1.0.jar:/home/runner/.m2/repository/jakarta/el/jakarta.el-api/5.0.1/jakarta.el-api-5.0.1.jar:/home/runner/.m2/repository/jakarta/interceptor/jakarta.interceptor-api/2.2.0/jakarta.interceptor-api-2.2.0.jar:/home/runner/.m2/repository/jakarta/inject/jakarta.inject-api/2.0.1/jakarta.inject-api-2.0.1.jar:/home/runner/.m2/repository/io/smallrye/common/smallrye-common-os/2.12.0/smallrye-common-os-2.12.0.jar:/home/runner/.m2/repository/io/quarkus/quarkus-ide-launcher/3.20.1/quarkus-ide-launcher-3.20.1.jar:/home/runner/.m2/repository/io/quarkus/quarkus-development-mode-spi/3.20.1/quarkus-development-mode-spi-3.20.1.jar:/home/runner/.m2/repository/org/jboss/logging/jboss-logging/3.6.1.Final/jboss-logging-3.6.1.Final.jar:/home/runner/.m2/repository/org/jboss/logmanager/jboss-logmanager/3.1.2.Final/jboss-logmanager-3.1.2.Final.jar:/home/runner/.m2/repository/io/smallrye/common/smallrye-common-constraint/2.12.0/smallrye-common-constraint-2.12.0.jar:/home/runner/.m2/repository/io/smallrye/common/smallrye-common-cpu/2.12.0/smallrye-common-cpu-2.12.0.jar:/home/runner/.m2/repository/io/smallrye/common/smallrye-common-expression/2.12.0/smallrye-common-expression-2.12.0.jar:/home/runner/.m2/repository/io/smallrye/common/smallrye-common-net/2.12.0/smallrye-common-net-2.12.0.jar:/home/runner/.m2/repository/io/smallrye/common/smallrye-common-ref/2.12.0/smallrye-common-ref-2.12.0.jar:/home/runner/.m2/repository/jakarta/json/jakarta.json-api/2.1.3/jakarta.json-api-2.1.3.jar:/home/runner/.m2/repository/org/eclipse/parsson/parsson/1.1.7/parsson-1.1.7.jar:/home/runner/.m2/repository/org/jboss/logging/jboss-logging-annotations/3.0.4.Final/jboss-logging-annotations-3.0.4.Final.jar:/home/runner/.m2/repository/org/jboss/threads/jboss-threads/3.8.0.Final/jboss-threads-3.8.0.Final.jar:/home/runner/.m2/repository/io/smallrye/common/smallrye-common-annotation/2.12.0/smallrye-common-annotation-2.12.0.jar:/home/runner/.m2/repository/io/smallrye/common/smallrye-common-function/2.12.0/smallrye-common-function-2.12.0.jar:/home/runner/.m2/repository/org/jboss/slf4j/slf4j-jboss-logmanager/2.0.0.Final/slf4j-jboss-logmanager-2.0.0.Final.jar:/home/runner/.m2/repository/org/wildfly/common/wildfly-common/2.0.1/wildfly-common-2.0.1.jar:/home/runner/.m2/repository/io/quarkus/quarkus-bootstrap-runner/3.20.1/quarkus-bootstrap-runner-3.20.1.jar:/home/runner/.m2/repository/io/github/crac/org-crac/0.1.3/org-crac-0.1.3.jar:/home/runner/.m2/repository/io/quarkus/quarkus-fs-util/0.0.10/quarkus-fs-util-0.0.10.jar:/home/runner/.m2/repository/org/jboss/marshalling/jboss-marshalling/2.2.2.Final/jboss-marshalling-2.2.2.Final.jar:/home/runner/.m2/repository/io/fabric8/kubernetes-client/7.1.0/kubernetes-client-7.1.0.jar:/home/runner/.m2/repository/io/fabric8/kubernetes-client-api/7.1.0/kubernetes-client-api-7.1.0.jar:/home/runner/.m2/repository/io/fabric8/kubernetes-model-core/7.1.0/kubernetes-model-core-7.1.0.jar:/home/runner/.m2/repository/io/fabric8/kubernetes-model-common/7.1.0/kubernetes-model-common-7.1.0.jar:/home/runner/.m2/repository/javax/annotation/javax.annotation-api/1.3.2/javax.annotation-api-1.3.2.jar:/home/runner/.m2/repository/io/fabric8/kubernetes-model-gatewayapi/7.1.0/kubernetes-model-gatewayapi-7.1.0.jar:/home/runner/.m2/repository/io/fabric8/kubernetes-model-resource/7.1.0/kubernetes-model-resource-7.1.0.jar:/home/runner/.m2/repository/io/fabric8/kubernetes-model-rbac/7.1.0/kubernetes-model-rbac-7.1.0.jar:/home/runner/.m2/repository/io/fabric8/kubernetes-model-admissionregistration/7.1.0/kubernetes-model-admissionregistration-7.1.0.jar:/home/runner/.m2/repository/io/fabric8/kubernetes-model-apps/7.1.0/kubernetes-model-apps-7.1.0.jar:/home/runner/.m2/repository/io/fabric8/kubernetes-model-autoscaling/7.1.0/kubernetes-model-autoscaling-7.1.0.jar:/home/runner/.m2/repository/io/fabric8/kubernetes-model-apiextensions/7.1.0/kubernetes-model-apiextensions-7.1.0.jar:/home/runner/.m2/repository/io/fabric8/kubernetes-model-batch/7.1.0/kubernetes-model-batch-7.1.0.jar:/home/runner/.m2/repository/io/fabric8/kubernetes-model-certificates/7.1.0/kubernetes-model-certificates-7.1.0.jar:/home/runner/.m2/repository/io/fabric8/kubernetes-model-coordination/7.1.0/kubernetes-model-coordination-7.1.0.jar:/home/runner/.m2/repository/io/fabric8/kubernetes-model-discovery/7.1.0/kubernetes-model-discovery-7.1.0.jar:/home/runner/.m2/repository/io/fabric8/kubernetes-model-events/7.1.0/kubernetes-model-events-7.1.0.jar:/home/runner/.m2/repository/io/fabric8/kubernetes-model-extensions/7.1.0/kubernetes-model-extensions-7.1.0.jar:/home/runner/.m2/repository/io/fabric8/kubernetes-model-flowcontrol/7.1.0/kubernetes-model-flowcontrol-7.1.0.jar:/home/runner/.m2/repository/io/fabric8/kubernetes-model-networking/7.1.0/kubernetes-model-networking-7.1.0.jar:/home/runner/.m2/repository/io/fabric8/kubernetes-model-metrics/7.1.0/kubernetes-model-metrics-7.1.0.jar:/home/runner/.m2/repository/io/fabric8/kubernetes-model-policy/7.1.0/kubernetes-model-policy-7.1.0.jar:/home/runner/.m2/repository/io/fabric8/kubernetes-model-scheduling/7.1.0/kubernetes-model-scheduling-7.1.0.jar:/home/runner/.m2/repository/io/fabric8/kubernetes-model-storageclass/7.1.0/kubernetes-model-storageclass-7.1.0.jar:/home/runner/.m2/repository/io/fabric8/kubernetes-model-node/7.1.0/kubernetes-model-node-7.1.0.jar:/home/runner/.m2/repository/org/snakeyaml/snakeyaml-engine/2.9/snakeyaml-engine-2.9.jar:/home/runner/.m2/repository/com/fasterxml/jackson/dataformat/jackson-dataformat-yaml/2.15.2/jackson-dataformat-yaml-2.15.2.jar:/home/runner/.m2/repository/com/fasterxml/jackson/datatype/jackson-datatype-jsr310/2.18.2/jackson-datatype-jsr310-2.18.2.jar:/home/runner/.m2/repository/io/fabric8/zjsonpatch/7.1.0/zjsonpatch-7.1.0.jar:/home/runner/.m2/repository/io/fabric8/kubernetes-httpclient-vertx/7.1.0/kubernetes-httpclient-vertx-7.1.0.jar:/home/runner/.m2/repository/io/vertx/vertx-web-client/4.5.14/vertx-web-client-4.5.14.jar:/home/runner/.m2/repository/io/vertx/vertx-web-common/4.5.14/vertx-web-common-4.5.14.jar:/home/runner/.m2/repository/io/vertx/vertx-auth-common/4.5.14/vertx-auth-common-4.5.14.jar:/home/runner/.m2/repository/io/vertx/vertx-uri-template/4.5.14/vertx-uri-template-4.5.14.jar:/home/runner/.m2/repository/io/fabric8/openshift-client/7.1.0/openshift-client-7.1.0.jar:/home/runner/.m2/repository/io/fabric8/openshift-client-api/7.1.0/openshift-client-api-7.1.0.jar:/home/runner/.m2/repository/io/fabric8/openshift-model/7.1.0/openshift-model-7.1.0.jar:/home/runner/.m2/repository/io/fabric8/openshift-model-autoscaling/7.1.0/openshift-model-autoscaling-7.1.0.jar:/home/runner/.m2/repository/io/fabric8/openshift-model-operator/7.1.0/openshift-model-operator-7.1.0.jar:/home/runner/.m2/repository/io/fabric8/openshift-model-operatorhub/7.1.0/openshift-model-operatorhub-7.1.0.jar:/home/runner/.m2/repository/io/fabric8/openshift-model-machine/7.1.0/openshift-model-machine-7.1.0.jar:/home/runner/.m2/repository/io/fabric8/openshift-model-whereabouts/7.1.0/openshift-model-whereabouts-7.1.0.jar:/home/runner/.m2/repository/io/fabric8/openshift-model-monitoring/7.1.0/openshift-model-monitoring-7.1.0.jar:/home/runner/.m2/repository/io/fabric8/openshift-model-storageversionmigrator/7.1.0/openshift-model-storageversionmigrator-7.1.0.jar:/home/runner/.m2/repository/io/fabric8/openshift-model-tuned/7.1.0/openshift-model-tuned-7.1.0.jar:/home/runner/.m2/repository/io/fabric8/openshift-model-console/7.1.0/openshift-model-console-7.1.0.jar:/home/runner/.m2/repository/io/fabric8/openshift-model-config/7.1.0/openshift-model-config-7.1.0.jar:/home/runner/.m2/repository/io/fabric8/openshift-model-machineconfiguration/7.1.0/openshift-model-machineconfiguration-7.1.0.jar:/home/runner/.m2/repository/io/fabric8/openshift-model-miscellaneous/7.1.0/openshift-model-miscellaneous-7.1.0.jar:/home/runner/.m2/repository/io/fabric8/openshift-model-hive/7.1.0/openshift-model-hive-7.1.0.jar:/home/runner/.m2/repository/io/fabric8/openshift-model-installer/7.1.0/openshift-model-installer-7.1.0.jar:/home/runner/.m2/repository/org/junit/platform/junit-platform-launcher/1.12.1/junit-platform-launcher-1.12.1.jar:/home/runner/.m2/repository/org/junit/platform/junit-platform-engine/1.12.1/junit-platform-engine-1.12.1.jar:/home/runner/.m2/repository/org/opentest4j/opentest4j/1.3.0/opentest4j-1.3.0.jar:/home/runner/.m2/repository/org/junit/platform/junit-platform-commons/1.12.1/junit-platform-commons-1.12.1.jar:/home/runner/.m2/repository/org/apiguardian/apiguardian-api/1.1.2/apiguardian-api-1.1.2.jar:/home/runner/.m2/repository/jakarta/ws/rs/jakarta.ws.rs-api/3.1.0/jakarta.ws.rs-api-3.1.0.jar:/home/runner/work/apicurio-testing/apicurio-testing/clusters/ci419/namespaces/mysql/tests/integration/apicurio-registry/java-sdk/target/apicurio-registry-java-sdk-3.0.11-SNAPSHOT.jar:/home/runner/.m2/repository/com/microsoft/kiota/microsoft-kiota-abstractions/1.8.8/microsoft-kiota-abstractions-1.8.8.jar:/home/runner/.m2/repository/io/github/std-uritemplate/std-uritemplate/2.0.0/std-uritemplate-2.0.0.jar:/home/runner/.m2/repository/io/kiota/kiota-http-jdk/0.0.21/kiota-http-jdk-0.0.21.jar:/home/runner/.m2/repository/io/kiota/kiota-http-vertx/0.0.21/kiota-http-vertx-0.0.21.jar:/home/runner/.m2/repository/io/kiota/kiota-serialization-jackson/0.0.21/kiota-serialization-jackson-0.0.21.jar:/home/runner/.m2/repository/com/microsoft/kiota/microsoft-kiota-serialization-text/1.8.8/microsoft-kiota-serialization-text-1.8.8.jar:/home/runner/.m2/repository/com/microsoft/kiota/microsoft-kiota-serialization-form/1.8.8/microsoft-kiota-serialization-form-1.8.8.jar:/home/runner/.m2/repository/com/microsoft/kiota/microsoft-kiota-serialization-multipart/1.8.8/microsoft-kiota-serialization-multipart-1.8.8.jar:/home/runner/.m2/repository/jakarta/annotation/jakarta.annotation-api/3.0.0/jakarta.annotation-api-3.0.0.jar:/home/runner/.m2/repository/io/vertx/vertx-auth-oauth2/4.5.14/vertx-auth-oauth2-4.5.14.jar:/home/runner/work/apicurio-testing/apicurio-testing/clusters/ci419/namespaces/mysql/tests/integration/apicurio-registry/java-sdk-v2/target/apicurio-registry-v2-java-sdk-3.0.11-SNAPSHOT.jar:/home/runner/work/apicurio-testing/apicurio-testing/clusters/ci419/namespaces/mysql/tests/integration/apicurio-registry/utils/kafka/target/apicurio-registry-utils-kafka-3.0.11-SNAPSHOT-tests.jar:/home/runner/.m2/repository/org/eclipse/microprofile/config/microprofile-config-api/3.1/microprofile-config-api-3.1.jar:/home/runner/.m2/repository/org/apache/kafka/kafka-clients/3.9.1/kafka-clients-3.9.1.jar:/home/runner/.m2/repository/com/github/luben/zstd-jni/1.5.6-4/zstd-jni-1.5.6-4.jar:/home/runner/.m2/repository/org/lz4/lz4-java/1.8.0/lz4-java-1.8.0.jar:/home/runner/.m2/repository/org/xerial/snappy/snappy-java/1.1.10.5/snappy-java-1.1.10.5.jar:/home/runner/.m2/repository/org/slf4j/slf4j-api/2.0.6/slf4j-api-2.0.6.jar:/home/runner/work/apicurio-testing/apicurio-testing/clusters/ci419/namespaces/mysql/tests/integration/apicurio-registry/utils/tests/target/apicurio-registry-utils-tests-3.0.11-SNAPSHOT.jar:/home/runner/work/apicurio-testing/apicurio-testing/clusters/ci419/namespaces/mysql/tests/integration/apicurio-registry/common/target/apicurio-registry-common-3.0.11-SNAPSHOT.jar:/home/runner/.m2/repository/jakarta/validation/jakarta.validation-api/3.0.2/jakarta.validation-api-3.0.2.jar:/home/runner/.m2/repository/com/github/dasniko/testcontainers-keycloak/3.6.0/testcontainers-keycloak-3.6.0.jar:/home/runner/.m2/repository/org/testcontainers/testcontainers/1.20.6/testcontainers-1.20.6.jar:/home/runner/.m2/repository/org/rnorth/duct-tape/duct-tape/1.0.8/duct-tape-1.0.8.jar:/home/runner/.m2/repository/org/jetbrains/annotations/26.0.2/annotations-26.0.2.jar:/home/runner/.m2/repository/com/github/docker-java/docker-java-transport-zerodep/3.4.1/docker-java-transport-zerodep-3.4.1.jar:/home/runner/.m2/repository/com/github/docker-java/docker-java-transport/3.4.1/docker-java-transport-3.4.1.jar:/home/runner/.m2/repository/net/java/dev/jna/jna/5.8.0/jna-5.8.0.jar:/home/runner/.m2/repository/io/quarkus/quarkus-junit4-mock/3.20.1/quarkus-junit4-mock-3.20.1.jar:/home/runner/.m2/repository/org/jboss/shrinkwrap/shrinkwrap-api/2.0.0-beta-2/shrinkwrap-api-2.0.0-beta-2.jar:/home/runner/.m2/repository/org/jboss/shrinkwrap/shrinkwrap-impl-base/2.0.0-beta-2/shrinkwrap-impl-base-2.0.0-beta-2.jar:/home/runner/.m2/repository/org/jboss/shrinkwrap/shrinkwrap-spi/2.0.0-beta-2/shrinkwrap-spi-2.0.0-beta-2.jar:/home/runner/.m2/repository/org/keycloak/keycloak-admin-client/26.0.4/keycloak-admin-client-26.0.4.jar:/home/runner/.m2/repository/org/keycloak/keycloak-client-common-synced/26.0.4/keycloak-client-common-synced-26.0.4.jar:/home/runner/.m2/repository/jakarta/activation/jakarta.activation-api/2.1.3/jakarta.activation-api-2.1.3.jar:/home/runner/.m2/repository/org/eclipse/microprofile/openapi/microprofile-openapi-api/4.0.2/microprofile-openapi-api-4.0.2.jar:/home/runner/.m2/repository/org/jboss/resteasy/resteasy-client/6.2.12.Final/resteasy-client-6.2.12.Final.jar:/home/runner/.m2/repository/org/jboss/resteasy/resteasy-client-api/6.2.12.Final/resteasy-client-api-6.2.12.Final.jar:/home/runner/.m2/repository/org/jboss/resteasy/resteasy-core-spi/6.2.12.Final/resteasy-core-spi-6.2.12.Final.jar:/home/runner/.m2/repository/org/jboss/resteasy/resteasy-core/6.2.12.Final/resteasy-core-6.2.12.Final.jar:/home/runner/.m2/repository/org/eclipse/angus/angus-activation/2.0.2/angus-activation-2.0.2.jar:/home/runner/.m2/repository/com/ibm/async/asyncutil/0.1.0/asyncutil-0.1.0.jar:/home/runner/.m2/repository/org/reactivestreams/reactive-streams/1.0.4/reactive-streams-1.0.4.jar:/home/runner/.m2/repository/org/jboss/resteasy/resteasy-multipart-provider/6.2.12.Final/resteasy-multipart-provider-6.2.12.Final.jar:/home/runner/.m2/repository/jakarta/mail/jakarta.mail-api/2.1.3/jakarta.mail-api-2.1.3.jar:/home/runner/.m2/repository/org/eclipse/angus/angus-mail/2.0.3/angus-mail-2.0.3.jar:/home/runner/.m2/repository/org/apache/james/apache-mime4j-dom/0.8.12/apache-mime4j-dom-0.8.12.jar:/home/runner/.m2/repository/org/apache/james/apache-mime4j-core/0.8.12/apache-mime4j-core-0.8.12.jar:/home/runner/.m2/repository/org/apache/james/apache-mime4j-storage/0.8.12/apache-mime4j-storage-0.8.12.jar:/home/runner/.m2/repository/org/jboss/resteasy/resteasy-jackson2-provider/6.2.12.Final/resteasy-jackson2-provider-6.2.12.Final.jar:/home/runner/.m2/repository/com/fasterxml/jackson/jakarta/rs/jackson-jakarta-rs-base/2.18.2/jackson-jakarta-rs-base-2.18.2.jar:/home/runner/.m2/repository/com/fasterxml/jackson/jakarta/rs/jackson-jakarta-rs-json-provider/2.18.2/jackson-jakarta-rs-json-provider-2.18.2.jar:/home/runner/.m2/repository/com/fasterxml/jackson/module/jackson-module-jakarta-xmlbind-annotations/2.18.2/jackson-module-jakarta-xmlbind-annotations-2.18.2.jar:/home/runner/.m2/repository/com/github/java-json-tools/json-patch/1.13/json-patch-1.13.jar:/home/runner/.m2/repository/com/github/java-json-tools/msg-simple/1.2/msg-simple-1.2.jar:/home/runner/.m2/repository/com/github/java-json-tools/btf/1.3/btf-1.3.jar:/home/runner/.m2/repository/com/github/java-json-tools/jackson-coreutils/2.0/jackson-coreutils-2.0.jar:/home/runner/.m2/repository/org/jboss/resteasy/resteasy-jaxb-provider/6.2.12.Final/resteasy-jaxb-provider-6.2.12.Final.jar:/home/runner/.m2/repository/org/glassfish/jaxb/codemodel/4.0.5/codemodel-4.0.5.jar:/home/runner/.m2/repository/org/glassfish/jaxb/jaxb-core/4.0.5/jaxb-core-4.0.5.jar:/home/runner/.m2/repository/org/glassfish/jaxb/jaxb-jxc/4.0.5/jaxb-jxc-4.0.5.jar:/home/runner/.m2/repository/org/glassfish/jaxb/jaxb-runtime/4.0.5/jaxb-runtime-4.0.5.jar:/home/runner/.m2/repository/org/glassfish/jaxb/txw2/4.0.5/txw2-4.0.5.jar:/home/runner/.m2/repository/org/glassfish/jaxb/jaxb-xjc/4.0.5/jaxb-xjc-4.0.5.jar:/home/runner/.m2/repository/org/glassfish/jaxb/xsom/4.0.5/xsom-4.0.5.jar:/home/runner/.m2/repository/com/sun/istack/istack-commons-runtime/4.1.2/istack-commons-runtime-4.1.2.jar:/home/runner/.m2/repository/com/sun/istack/istack-commons-tools/4.1.2/istack-commons-tools-4.1.2.jar:/home/runner/.m2/repository/com/sun/xml/bind/external/relaxng-datatype/4.0.5/relaxng-datatype-4.0.5.jar:/home/runner/.m2/repository/com/sun/xml/bind/external/rngom/4.0.5/rngom-4.0.5.jar:/home/runner/.m2/repository/org/testcontainers/mssqlserver/1.20.6/mssqlserver-1.20.6.jar:/home/runner/.m2/repository/org/testcontainers/jdbc/1.20.6/jdbc-1.20.6.jar:/home/runner/.m2/repository/org/testcontainers/database-commons/1.20.6/database-commons-1.20.6.jar:/home/runner/.m2/repository/org/testcontainers/mysql/1.20.6/mysql-1.20.6.jar:/home/runner/.m2/repository/io/strimzi/strimzi-test-container/0.107.0/strimzi-test-container-0.107.0.jar:/home/runner/.m2/repository/org/testcontainers/toxiproxy/1.20.6/toxiproxy-1.20.6.jar:/home/runner/.m2/repository/com/github/docker-java/docker-java-api/3.4.1/docker-java-api-3.4.1.jar:/home/runner/.m2/repository/eu/rekawek/toxiproxy/toxiproxy-java/2.1.7/toxiproxy-java-2.1.7.jar:/home/runner/.m2/repository/junit/junit/4.13.2/junit-4.13.2.jar:/home/runner/.m2/repository/org/hamcrest/hamcrest-core/1.3/hamcrest-core-1.3.jar:/home/runner/.m2/repository/org/testcontainers/pulsar/1.20.4/pulsar-1.20.4.jar:/home/runner/.m2/repository/io/debezium/debezium-testing-testcontainers/2.6.2.Final/debezium-testing-testcontainers-2.6.2.Final.jar:/home/runner/.m2/repository/org/testcontainers/kafka/1.20.6/kafka-1.20.6.jar:/home/runner/.m2/repository/com/squareup/okhttp3/okhttp/4.8.1/okhttp-4.8.1.jar:/home/runner/.m2/repository/com/squareup/okio/okio/3.10.2/okio-3.10.2.jar:/home/runner/.m2/repository/com/squareup/okio/okio-jvm/3.10.2/okio-jvm-3.10.2.jar:/home/runner/.m2/repository/org/jetbrains/kotlin/kotlin-stdlib/2.0.21/kotlin-stdlib-2.0.21.jar:/home/runner/.m2/repository/org/awaitility/awaitility/4.2.2/awaitility-4.2.2.jar:/home/runner/.m2/repository/org/testcontainers/mongodb/1.20.6/mongodb-1.20.6.jar:/home/runner/.m2/repository/org/testcontainers/oracle-xe/1.20.6/oracle-xe-1.20.6.jar:/home/runner/.m2/repository/org/testcontainers/postgresql/1.20.6/postgresql-1.20.6.jar:/home/runner/.m2/repository/org/wiremock/wiremock/3.0.1/wiremock-3.0.1.jar:/home/runner/.m2/repository/org/eclipse/jetty/jetty-server/11.0.15/jetty-server-11.0.15.jar:/home/runner/.m2/repository/org/eclipse/jetty/toolchain/jetty-jakarta-servlet-api/5.0.2/jetty-jakarta-servlet-api-5.0.2.jar:/home/runner/.m2/repository/org/eclipse/jetty/jetty-http/11.0.15/jetty-http-11.0.15.jar:/home/runner/.m2/repository/org/eclipse/jetty/jetty-io/11.0.15/jetty-io-11.0.15.jar:/home/runner/.m2/repository/org/eclipse/jetty/jetty-servlet/11.0.15/jetty-servlet-11.0.15.jar:/home/runner/.m2/repository/org/eclipse/jetty/jetty-security/11.0.15/jetty-security-11.0.15.jar:/home/runner/.m2/repository/org/eclipse/jetty/jetty-servlets/11.0.15/jetty-servlets-11.0.15.jar:/home/runner/.m2/repository/org/eclipse/jetty/jetty-util/11.0.15/jetty-util-11.0.15.jar:/home/runner/.m2/repository/org/eclipse/jetty/jetty-webapp/11.0.15/jetty-webapp-11.0.15.jar:/home/runner/.m2/repository/org/eclipse/jetty/jetty-xml/11.0.15/jetty-xml-11.0.15.jar:/home/runner/.m2/repository/org/eclipse/jetty/jetty-proxy/11.0.15/jetty-proxy-11.0.15.jar:/home/runner/.m2/repository/org/eclipse/jetty/jetty-client/11.0.15/jetty-client-11.0.15.jar:/home/runner/.m2/repository/org/eclipse/jetty/http2/http2-server/11.0.15/http2-server-11.0.15.jar:/home/runner/.m2/repository/org/eclipse/jetty/http2/http2-common/11.0.15/http2-common-11.0.15.jar:/home/runner/.m2/repository/org/eclipse/jetty/http2/http2-hpack/11.0.15/http2-hpack-11.0.15.jar:/home/runner/.m2/repository/org/eclipse/jetty/jetty-alpn-server/11.0.15/jetty-alpn-server-11.0.15.jar:/home/runner/.m2/repository/org/eclipse/jetty/jetty-alpn-java-server/11.0.15/jetty-alpn-java-server-11.0.15.jar:/home/runner/.m2/repository/org/eclipse/jetty/jetty-alpn-java-client/11.0.15/jetty-alpn-java-client-11.0.15.jar:/home/runner/.m2/repository/org/eclipse/jetty/jetty-alpn-client/11.0.15/jetty-alpn-client-11.0.15.jar:/home/runner/.m2/repository/org/apache/httpcomponents/client5/httpclient5/5.2.1/httpclient5-5.2.1.jar:/home/runner/.m2/repository/org/apache/httpcomponents/core5/httpcore5/5.2/httpcore5-5.2.jar:/home/runner/.m2/repository/org/apache/httpcomponents/core5/httpcore5-h2/5.2/httpcore5-h2-5.2.jar:/home/runner/.m2/repository/org/xmlunit/xmlunit-core/2.9.1/xmlunit-core-2.9.1.jar:/home/runner/.m2/repository/jakarta/xml/bind/jakarta.xml.bind-api/4.0.2/jakarta.xml.bind-api-4.0.2.jar:/home/runner/.m2/repository/org/xmlunit/xmlunit-legacy/2.9.1/xmlunit-legacy-2.9.1.jar:/home/runner/.m2/repository/org/xmlunit/xmlunit-placeholders/2.9.1/xmlunit-placeholders-2.9.1.jar:/home/runner/.m2/repository/net/javacrumbs/json-unit/json-unit-core/2.38.0/json-unit-core-2.38.0.jar:/home/runner/.m2/repository/com/jayway/jsonpath/json-path/2.8.0/json-path-2.8.0.jar:/home/runner/.m2/repository/net/minidev/json-smart/2.4.10/json-smart-2.4.10.jar:/home/runner/.m2/repository/net/minidev/accessors-smart/2.4.9/accessors-smart-2.4.9.jar:/home/runner/.m2/repository/org/ow2/asm/asm/9.7.1/asm-9.7.1.jar:/home/runner/.m2/repository/net/sf/jopt-simple/jopt-simple/5.0.4/jopt-simple-5.0.4.jar:/home/runner/.m2/repository/com/github/jknack/handlebars/4.3.1/handlebars-4.3.1.jar:/home/runner/.m2/repository/com/github/jknack/handlebars-helpers/4.3.1/handlebars-helpers-4.3.1.jar:/home/runner/.m2/repository/commons-fileupload/commons-fileupload/1.5/commons-fileupload-1.5.jar:/home/runner/.m2/repository/com/networknt/json-schema-validator/1.5.5/json-schema-validator-1.5.5.jar:/home/runner/.m2/repository/com/ethlo/time/itu/1.10.3/itu-1.10.3.jar:/home/runner/.m2/repository/io/quarkus/quarkus-smallrye-jwt-build/3.20.1/quarkus-smallrye-jwt-build-3.20.1.jar:/home/runner/.m2/repository/io/smallrye/smallrye-jwt-build/4.6.1/smallrye-jwt-build-4.6.1.jar:/home/runner/.m2/repository/org/eclipse/microprofile/jwt/microprofile-jwt-auth-api/2.1/microprofile-jwt-auth-api-2.1.jar:/home/runner/.m2/repository/org/bitbucket/b_c/jose4j/0.9.6/jose4j-0.9.6.jar:/home/runner/.m2/repository/io/smallrye/smallrye-jwt-common/4.6.1/smallrye-jwt-common-4.6.1.jar:/home/runner/.m2/repository/io/quarkus/quarkus-jsonp/3.20.1/quarkus-jsonp-3.20.1.jar:/home/runner/.m2/repository/io/quarkus/quarkus-arc/3.20.1/quarkus-arc-3.20.1.jar:/home/runner/.m2/repository/io/quarkus/arc/arc/3.20.1/arc-3.20.1.jar:/home/runner/.m2/repository/jakarta/transaction/jakarta.transaction-api/2.0.1/jakarta.transaction-api-2.0.1.jar:/home/runner/.m2/repository/io/smallrye/reactive/mutiny/2.8.0/mutiny-2.8.0.jar:/home/runner/.m2/repository/org/jctools/jctools-core/4.0.5/jctools-core-4.0.5.jar:/home/runner/.m2/repository/org/eclipse/microprofile/context-propagation/microprofile-context-propagation-api/1.3/microprofile-context-propagation-api-1.3.jar:/home/runner/.m2/repository/io/apicurio/apicurio-common-rest-client-common/0.1.18.Final/apicurio-common-rest-client-common-0.1.18.Final.jar:/home/runner/work/apicurio-testing/apicurio-testing/clusters/ci419/namespaces/mysql/tests/integration/apicurio-registry/utils/maven-plugin/target/apicurio-registry-maven-plugin-3.0.11-SNAPSHOT.jar:/home/runner/.m2/repository/com/fasterxml/jackson/core/jackson-databind/2.18.2/jackson-databind-2.18.2.jar:/home/runner/.m2/repository/org/apache/avro/avro/1.12.0/avro-1.12.0.jar:/home/runner/.m2/repository/com/google/protobuf/protobuf-java/4.31.1/protobuf-java-4.31.1.jar:/home/runner/.m2/repository/com/google/protobuf/protobuf-java-util/4.31.1/protobuf-java-util-4.31.1.jar:/home/runner/.m2/repository/com/google/code/findbugs/jsr305/3.0.2/jsr305-3.0.2.jar:/home/runner/.m2/repository/com/google/code/gson/gson/2.12.1/gson-2.12.1.jar:/home/runner/.m2/repository/com/google/errorprone/error_prone_annotations/2.36.0/error_prone_annotations-2.36.0.jar:/home/runner/.m2/repository/com/google/j2objc/j2objc-annotations/2.8/j2objc-annotations-2.8.jar:/home/runner/work/apicurio-testing/apicurio-testing/clusters/ci419/namespaces/mysql/tests/integration/apicurio-registry/schema-util/util-provider/target/apicurio-registry-schema-util-provider-3.0.11-SNAPSHOT.jar:/home/runner/work/apicurio-testing/apicurio-testing/clusters/ci419/namespaces/mysql/tests/integration/apicurio-registry/schema-util/common/target/apicurio-registry-schema-util-common-3.0.11-SNAPSHOT.jar:/home/runner/.m2/repository/com/fasterxml/jackson/module/jackson-module-parameter-names/2.18.2/jackson-module-parameter-names-2.18.2.jar:/home/runner/.m2/repository/com/fasterxml/jackson/datatype/jackson-datatype-json-org/2.18.2/jackson-datatype-json-org-2.18.2.jar:/home/runner/work/apicurio-testing/apicurio-testing/clusters/ci419/namespaces/mysql/tests/integration/apicurio-registry/schema-util/json/target/apicurio-registry-schema-util-json-3.0.11-SNAPSHOT.jar:/home/runner/.m2/repository/com/github/erosb/everit-json-schema/1.14.5/everit-json-schema-1.14.5.jar:/home/runner/.m2/repository/commons-validator/commons-validator/1.9.0/commons-validator-1.9.0.jar:/home/runner/.m2/repository/commons-digester/commons-digester/2.1/commons-digester-2.1.jar:/home/runner/.m2/repository/commons-collections/commons-collections/3.2.2/commons-collections-3.2.2.jar:/home/runner/.m2/repository/com/damnhandy/handy-uri-templates/2.1.8/handy-uri-templates-2.1.8.jar:/home/runner/.m2/repository/joda-time/joda-time/2.10.2/joda-time-2.10.2.jar:/home/runner/.m2/repository/com/github/erosb/json-sKema/0.20.0/json-sKema-0.20.0.jar:/home/runner/.m2/repository/io/vertx/vertx-json-schema/4.5.14/vertx-json-schema-4.5.14.jar:/home/runner/work/apicurio-testing/apicurio-testing/clusters/ci419/namespaces/mysql/tests/integration/apicurio-registry/schema-util/protobuf/target/apicurio-registry-schema-util-protobuf-3.0.11-SNAPSHOT.jar:/home/runner/work/apicurio-testing/apicurio-testing/clusters/ci419/namespaces/mysql/tests/integration/apicurio-registry/utils/protobuf-schema-utilities/target/apicurio-registry-protobuf-schema-utilities-3.0.11-SNAPSHOT.jar:/home/runner/.m2/repository/com/google/api/grpc/proto-google-common-protos/2.52.0/proto-google-common-protos-2.52.0.jar:/home/runner/.m2/repository/com/squareup/wire/wire-schema-jvm/5.3.3/wire-schema-jvm-5.3.3.jar:/home/runner/.m2/repository/com/palantir/javapoet/javapoet/0.6.0/javapoet-0.6.0.jar:/home/runner/.m2/repository/com/squareup/kotlinpoet-jvm/2.0.0/kotlinpoet-jvm-2.0.0.jar:/home/runner/.m2/repository/org/jetbrains/kotlin/kotlin-reflect/2.0.21/kotlin-reflect-2.0.21.jar:/home/runner/.m2/repository/com/squareup/wire/wire-runtime-jvm/5.3.3/wire-runtime-jvm-5.3.3.jar:/home/runner/.m2/repository/com/ibm/icu/icu4j/76.1/icu4j-76.1.jar:/home/runner/.m2/repository/com/squareup/okio/okio-fakefilesystem/3.10.2/okio-fakefilesystem-3.10.2.jar:/home/runner/.m2/repository/com/squareup/okio/okio-fakefilesystem-jvm/3.10.2/okio-fakefilesystem-jvm-3.10.2.jar:/home/runner/.m2/repository/org/jetbrains/kotlinx/kotlinx-datetime-jvm/0.6.1/kotlinx-datetime-jvm-0.6.1.jar:/home/runner/work/apicurio-testing/apicurio-testing/clusters/ci419/namespaces/mysql/tests/integration/apicurio-registry/schema-util/asyncapi/target/apicurio-registry-schema-util-asyncapi-3.0.11-SNAPSHOT.jar:/home/runner/work/apicurio-testing/apicurio-testing/clusters/ci419/namespaces/mysql/tests/integration/apicurio-registry/schema-util/avro/target/apicurio-registry-schema-util-avro-3.0.11-SNAPSHOT.jar:/home/runner/work/apicurio-testing/apicurio-testing/clusters/ci419/namespaces/mysql/tests/integration/apicurio-registry/schema-util/graphql/target/apicurio-registry-schema-util-graphql-3.0.11-SNAPSHOT.jar:/home/runner/.m2/repository/com/graphql-java/graphql-java/22.3/graphql-java-22.3.jar:/home/runner/.m2/repository/com/graphql-java/java-dataloader/3.3.0/java-dataloader-3.3.0.jar:/home/runner/work/apicurio-testing/apicurio-testing/clusters/ci419/namespaces/mysql/tests/integration/apicurio-registry/schema-util/kconnect/target/apicurio-registry-schema-util-kconnect-3.0.11-SNAPSHOT.jar:/home/runner/work/apicurio-testing/apicurio-testing/clusters/ci419/namespaces/mysql/tests/integration/apicurio-registry/schema-util/openapi/target/apicurio-registry-schema-util-openapi-3.0.11-SNAPSHOT.jar:/home/runner/.m2/repository/io/apicurio/apicurio-data-models/2.2.1/apicurio-data-models-2.2.1.jar:/home/runner/.m2/repository/org/openapitools/openapidiff/openapi-diff-core/2.1.2/openapi-diff-core-2.1.2.jar:/home/runner/.m2/repository/io/swagger/parser/v3/swagger-parser/2.1.28/swagger-parser-2.1.28.jar:/home/runner/.m2/repository/io/swagger/parser/v3/swagger-parser-v2-converter/2.1.28/swagger-parser-v2-converter-2.1.28.jar:/home/runner/.m2/repository/io/swagger/swagger-core/1.6.16/swagger-core-1.6.16.jar:/home/runner/.m2/repository/io/swagger/swagger-models/1.6.16/swagger-models-1.6.16.jar:/home/runner/.m2/repository/io/swagger/swagger-annotations/1.6.16/swagger-annotations-1.6.16.jar:/home/runner/.m2/repository/io/swagger/swagger-parser/1.0.75/swagger-parser-1.0.75.jar:/home/runner/.m2/repository/io/swagger/swagger-parser-safe-url-resolver/1.0.75/swagger-parser-safe-url-resolver-1.0.75.jar:/home/runner/.m2/repository/io/swagger/swagger-compat-spec-parser/1.0.75/swagger-compat-spec-parser-1.0.75.jar:/home/runner/.m2/repository/com/github/java-json-tools/json-schema-validator/2.2.14/json-schema-validator-2.2.14.jar:/home/runner/.m2/repository/com/github/java-json-tools/jackson-coreutils-equivalence/1.0/jackson-coreutils-equivalence-1.0.jar:/home/runner/.m2/repository/com/github/java-json-tools/json-schema-core/1.2.14/json-schema-core-1.2.14.jar:/home/runner/.m2/repository/com/github/java-json-tools/uri-template/0.10/uri-template-0.10.jar:/home/runner/.m2/repository/com/googlecode/libphonenumber/libphonenumber/8.11.1/libphonenumber-8.11.1.jar:/home/runner/.m2/repository/com/j2html/j2html/1.6.0/j2html-1.6.0.jar:/home/runner/.m2/repository/org/apache/commons/commons-collections4/4.5.0/commons-collections4-4.5.0.jar:/home/runner/.m2/repository/org/apache/commons/commons-configuration2/2.12.0/commons-configuration2-2.12.0.jar:/home/runner/.m2/repository/org/apache/commons/commons-text/1.13.0/commons-text-1.13.0.jar:/home/runner/.m2/repository/org/slf4j/jcl-over-slf4j/2.0.17/jcl-over-slf4j-2.0.17.jar:/home/runner/.m2/repository/io/swagger/parser/v3/swagger-parser-v3/2.1.30/swagger-parser-v3-2.1.30.jar:/home/runner/.m2/repository/io/swagger/core/v3/swagger-models/2.2.34/swagger-models-2.2.34.jar:/home/runner/.m2/repository/io/swagger/core/v3/swagger-core/2.2.34/swagger-core-2.2.34.jar:/home/runner/.m2/repository/io/swagger/parser/v3/swagger-parser-core/2.1.30/swagger-parser-core-2.1.30.jar:/home/runner/.m2/repository/io/swagger/parser/v3/swagger-parser-safe-url-resolver/2.1.30/swagger-parser-safe-url-resolver-2.1.30.jar:/home/runner/work/apicurio-testing/apicurio-testing/clusters/ci419/namespaces/mysql/tests/integration/apicurio-registry/schema-util/wsdl/target/apicurio-registry-schema-util-wsdl-3.0.11-SNAPSHOT.jar:/home/runner/.m2/repository/wsdl4j/wsdl4j/1.6.3/wsdl4j-1.6.3.jar:/home/runner/work/apicurio-testing/apicurio-testing/clusters/ci419/namespaces/mysql/tests/integration/apicurio-registry/schema-util/xml/target/apicurio-registry-schema-util-xml-3.0.11-SNAPSHOT.jar:/home/runner/.m2/repository/org/apache/santuario/xmlsec/4.0.3/xmlsec-4.0.3.jar:/home/runner/.m2/repository/com/fasterxml/woodstox/woodstox-core/7.1.0/woodstox-core-7.1.0.jar:/home/runner/.m2/repository/org/codehaus/woodstox/stax2-api/4.2.2/stax2-api-4.2.2.jar:/home/runner/work/apicurio-testing/apicurio-testing/clusters/ci419/namespaces/mysql/tests/integration/apicurio-registry/schema-util/xsd/target/apicurio-registry-schema-util-xsd-3.0.11-SNAPSHOT.jar:/home/runner/work/apicurio-testing/apicurio-testing/clusters/ci419/namespaces/mysql/tests/integration/apicurio-registry/serdes/kafka/jsonschema-serde/target/apicurio-registry-jsonschema-serde-kafka-3.0.11-SNAPSHOT.jar:/home/runner/work/apicurio-testing/apicurio-testing/clusters/ci419/namespaces/mysql/tests/integration/apicurio-registry/serdes/kafka/serde-kafka-common/target/apicurio-registry-serde-kafka-common-3.0.11-SNAPSHOT.jar:/home/runner/work/apicurio-testing/apicurio-testing/clusters/ci419/namespaces/mysql/tests/integration/apicurio-registry/serdes/generic/serde-common/target/apicurio-registry-serde-common-3.0.11-SNAPSHOT.jar:/home/runner/work/apicurio-testing/apicurio-testing/clusters/ci419/namespaces/mysql/tests/integration/apicurio-registry/serdes/generic/serde-common-jsonschema/target/apicurio-registry-serde-common-jsonschema-3.0.11-SNAPSHOT.jar:/home/runner/.m2/repository/org/json/json/20250107/json-20250107.jar:/home/runner/work/apicurio-testing/apicurio-testing/clusters/ci419/namespaces/mysql/tests/integration/apicurio-registry/serdes/kafka/avro-serde/target/apicurio-registry-avro-serde-kafka-3.0.11-SNAPSHOT.jar:/home/runner/work/apicurio-testing/apicurio-testing/clusters/ci419/namespaces/mysql/tests/integration/apicurio-registry/serdes/generic/serde-common-avro/target/apicurio-registry-serde-common-avro-3.0.11-SNAPSHOT.jar:/home/runner/work/apicurio-testing/apicurio-testing/clusters/ci419/namespaces/mysql/tests/integration/apicurio-registry/serdes/kafka/protobuf-serde/target/apicurio-registry-protobuf-serde-kafka-3.0.11-SNAPSHOT.jar:/home/runner/work/apicurio-testing/apicurio-testing/clusters/ci419/namespaces/mysql/tests/integration/apicurio-registry/serdes/generic/serde-common-protobuf/target/apicurio-registry-serde-common-protobuf-3.0.11-SNAPSHOT.jar:/home/runner/.m2/repository/com/squareup/wire/wire-schema/5.3.3/wire-schema-5.3.3.jar:/home/runner/.m2/repository/com/squareup/wire/wire-runtime/5.3.3/wire-runtime-5.3.3.jar:/home/runner/work/apicurio-testing/apicurio-testing/clusters/ci419/namespaces/mysql/tests/integration/apicurio-registry/serdes/pulsar/avro-serde/target/apicurio-registry-avro-serde-pulsar-3.0.11-SNAPSHOT.jar:/home/runner/.m2/repository/org/apache/pulsar/pulsar-functions-api/3.3.4/pulsar-functions-api-3.3.4.jar:/home/runner/work/apicurio-testing/apicurio-testing/clusters/ci419/namespaces/mysql/tests/integration/apicurio-registry/serdes/nats/avro-serde/target/apicurio-registry-avro-serde-nats-3.0.11-SNAPSHOT.jar:/home/runner/.m2/repository/io/nats/jnats/2.20.5/jnats-2.20.5.jar:/home/runner/.m2/repository/net/i2p/crypto/eddsa/0.3.0/eddsa-0.3.0.jar:/home/runner/work/apicurio-testing/apicurio-testing/clusters/ci419/namespaces/mysql/tests/integration/apicurio-registry/utils/converter/target/apicurio-registry-utils-converter-3.0.11-SNAPSHOT.jar:/home/runner/work/apicurio-testing/apicurio-testing/clusters/ci419/namespaces/mysql/tests/integration/apicurio-registry/schema-resolver/target/apicurio-registry-schema-resolver-3.0.11-SNAPSHOT.jar:/home/runner/.m2/repository/org/apache/kafka/connect-api/3.9.1/connect-api-3.9.1.jar:/home/runner/.m2/repository/javax/ws/rs/javax.ws.rs-api/2.1.1/javax.ws.rs-api-2.1.1.jar:/home/runner/.m2/repository/org/apache/kafka/connect-json/3.9.1/connect-json-3.9.1.jar:/home/runner/.m2/repository/com/fasterxml/jackson/datatype/jackson-datatype-jdk8/2.18.2/jackson-datatype-jdk8-2.18.2.jar:/home/runner/.m2/repository/com/fasterxml/jackson/module/jackson-module-afterburner/2.18.2/jackson-module-afterburner-2.18.2.jar:/home/runner/work/apicurio-testing/apicurio-testing/clusters/ci419/namespaces/mysql/tests/integration/apicurio-registry/utils/kafka/target/apicurio-registry-utils-kafka-3.0.11-SNAPSHOT.jar:/home/runner/.m2/repository/org/apache/pulsar/pulsar-client/3.3.4/pulsar-client-3.3.4.jar:/home/runner/.m2/repository/org/apache/pulsar/pulsar-client-api/3.3.4/pulsar-client-api-3.3.4.jar:/home/runner/.m2/repository/org/apache/pulsar/pulsar-client-admin-api/3.3.4/pulsar-client-admin-api-3.3.4.jar:/home/runner/.m2/repository/org/apache/pulsar/bouncy-castle-bc/3.3.4/bouncy-castle-bc-3.3.4-pkg.jar:/home/runner/.m2/repository/org/bouncycastle/bcpkix-jdk18on/1.80/bcpkix-jdk18on-1.80.jar:/home/runner/.m2/repository/org/bouncycastle/bcutil-jdk18on/1.80/bcutil-jdk18on-1.80.jar:/home/runner/.m2/repository/org/bouncycastle/bcprov-jdk18on/1.80/bcprov-jdk18on-1.80.jar:/home/runner/.m2/repository/io/opentelemetry/opentelemetry-api/1.44.1/opentelemetry-api-1.44.1.jar:/home/runner/.m2/repository/io/opentelemetry/opentelemetry-context/1.44.1/opentelemetry-context-1.44.1.jar:/home/runner/.m2/repository/io/opentelemetry/opentelemetry-api-incubator/1.44.1-alpha/opentelemetry-api-incubator-1.44.1-alpha.jar:/home/runner/.m2/repository/com/fasterxml/jackson/core/jackson-annotations/2.18.2/jackson-annotations-2.18.2.jar:/home/runner/.m2/repository/javax/validation/validation-api/1.1.0.Final/validation-api-1.1.0.Final.jar:/home/runner/.m2/repository/io/confluent/kafka-avro-serializer/8.0.0/kafka-avro-serializer-8.0.0.jar:/home/runner/.m2/repository/org/apache/commons/commons-compress/1.27.1/commons-compress-1.27.1.jar:/home/runner/.m2/repository/io/confluent/kafka-schema-serializer/8.0.0/kafka-schema-serializer-8.0.0.jar:/home/runner/.m2/repository/com/fasterxml/jackson/dataformat/jackson-dataformat-csv/2.18.2/jackson-dataformat-csv-2.18.2.jar:/home/runner/.m2/repository/io/confluent/kafka-schema-registry-client/8.0.0/kafka-schema-registry-client-8.0.0.jar:/home/runner/.m2/repository/org/yaml/snakeyaml/2.3/snakeyaml-2.3.jar:/home/runner/.m2/repository/io/swagger/core/v3/swagger-annotations/2.2.29/swagger-annotations-2.2.29.jar:/home/runner/.m2/repository/com/google/guava/guava/33.4.0-jre/guava-33.4.0-jre.jar:/home/runner/.m2/repository/com/google/guava/failureaccess/1.0.1/failureaccess-1.0.1.jar:/home/runner/.m2/repository/org/checkerframework/checker-qual/3.49.0/checker-qual-3.49.0.jar:/home/runner/.m2/repository/io/confluent/logredactor/1.0.13/logredactor-1.0.13.jar:/home/runner/.m2/repository/com/google/re2j/re2j/1.6/re2j-1.6.jar:/home/runner/.m2/repository/io/confluent/logredactor-metrics/1.0.13/logredactor-metrics-1.0.13.jar:/home/runner/.m2/repository/com/eclipsesource/minimal-json/minimal-json/0.9.5/minimal-json-0.9.5.jar:/home/runner/.m2/repository/io/confluent/common-utils/8.0.0/common-utils-8.0.0.jar:/home/runner/.m2/repository/io/confluent/kafka-connect-avro-converter/8.0.0/kafka-connect-avro-converter-8.0.0.jar:/home/runner/.m2/repository/io/confluent/kafka-connect-avro-data/8.0.0/kafka-connect-avro-data-8.0.0.jar:/home/runner/.m2/repository/io/confluent/kafka-schema-converter/8.0.0/kafka-schema-converter-8.0.0.jar:/home/runner/.m2/repository/io/rest-assured/rest-assured/5.5.1/rest-assured-5.5.1.jar:/home/runner/.m2/repository/org/apache/groovy/groovy/4.0.22/groovy-4.0.22.jar:/home/runner/.m2/repository/org/apache/groovy/groovy-xml/4.0.22/groovy-xml-4.0.22.jar:/home/runner/.m2/repository/org/apache/httpcomponents/httpclient/4.5.14/httpclient-4.5.14.jar:/home/runner/.m2/repository/org/apache/httpcomponents/httpcore/4.4.16/httpcore-4.4.16.jar:/home/runner/.m2/repository/org/apache/httpcomponents/httpmime/4.5.14/httpmime-4.5.14.jar:/home/runner/.m2/repository/org/hamcrest/hamcrest/2.2/hamcrest-2.2.jar:/home/runner/.m2/repository/org/ccil/cowan/tagsoup/tagsoup/1.2.1/tagsoup-1.2.1.jar:/home/runner/.m2/repository/io/rest-assured/json-path/5.5.1/json-path-5.5.1.jar:/home/runner/.m2/repository/org/apache/groovy/groovy-json/4.0.22/groovy-json-4.0.22.jar:/home/runner/.m2/repository/io/rest-assured/rest-assured-common/5.5.1/rest-assured-common-5.5.1.jar:/home/runner/.m2/repository/io/rest-assured/xml-path/5.5.1/xml-path-5.5.1.jar:/home/runner/.m2/repository/io/zonky/test/embedded-postgres/2.1.0/embedded-postgres-2.1.0.jar:/home/runner/.m2/repository/io/zonky/test/postgres/embedded-postgres-binaries-windows-amd64/14.15.0/embedded-postgres-binaries-windows-amd64-14.15.0.jar:/home/runner/.m2/repository/io/zonky/test/postgres/embedded-postgres-binaries-darwin-amd64/14.15.0/embedded-postgres-binaries-darwin-amd64-14.15.0.jar:/home/runner/.m2/repository/io/zonky/test/postgres/embedded-postgres-binaries-linux-amd64/14.15.0/embedded-postgres-binaries-linux-amd64-14.15.0.jar:/home/runner/.m2/repository/io/zonky/test/postgres/embedded-postgres-binaries-linux-amd64-alpine/14.15.0/embedded-postgres-binaries-linux-amd64-alpine-14.15.0.jar:/home/runner/.m2/repository/org/apache/commons/commons-lang3/3.17.0/commons-lang3-3.17.0.jar:/home/runner/.m2/repository/org/tukaani/xz/1.10/xz-1.10.jar:/home/runner/.m2/repository/commons-codec/commons-codec/1.18.0/commons-codec-1.18.0.jar:/home/runner/.m2/repository/org/postgresql/postgresql/42.7.5/postgresql-42.7.5.jar:/home/runner/.m2/repository/commons-io/commons-io/2.18.0/commons-io-2.18.0.jar:/home/runner/work/apicurio-testing/apicurio-testing/clusters/ci419/namespaces/mysql/tests/integration/apicurio-registry/utils/importexport/target/apicurio-registry-utils-import-export-3.0.11-SNAPSHOT.jar:/home/runner/.m2/repository/io/vertx/vertx-core/4.5.14/vertx-core-4.5.14.jar:/home/runner/.m2/repository/io/netty/netty-common/4.1.119.Final/netty-common-4.1.119.Final.jar:/home/runner/.m2/repository/io/netty/netty-buffer/4.1.119.Final/netty-buffer-4.1.119.Final.jar:/home/runner/.m2/repository/io/netty/netty-transport/4.1.119.Final/netty-transport-4.1.119.Final.jar:/home/runner/.m2/repository/io/netty/netty-handler/4.1.119.Final/netty-handler-4.1.119.Final.jar:/home/runner/.m2/repository/io/netty/netty-transport-native-unix-common/4.1.119.Final/netty-transport-native-unix-common-4.1.119.Final.jar:/home/runner/.m2/repository/io/netty/netty-codec/4.1.119.Final/netty-codec-4.1.119.Final.jar:/home/runner/.m2/repository/io/netty/netty-handler-proxy/4.1.119.Final/netty-handler-proxy-4.1.119.Final.jar:/home/runner/.m2/repository/io/netty/netty-codec-socks/4.1.119.Final/netty-codec-socks-4.1.119.Final.jar:/home/runner/.m2/repository/io/netty/netty-codec-http/4.1.119.Final/netty-codec-http-4.1.119.Final.jar:/home/runner/.m2/repository/io/netty/netty-codec-http2/4.1.119.Final/netty-codec-http2-4.1.119.Final.jar:/home/runner/.m2/repository/io/netty/netty-resolver/4.1.119.Final/netty-resolver-4.1.119.Final.jar:/home/runner/.m2/repository/io/netty/netty-resolver-dns/4.1.119.Final/netty-resolver-dns-4.1.119.Final.jar:/home/runner/.m2/repository/io/netty/netty-codec-dns/4.1.119.Final/netty-codec-dns-4.1.119.Final.jar:/home/runner/.m2/repository/com/fasterxml/jackson/core/jackson-core/2.18.2/jackson-core-2.18.2.jar:"/>
    <property name="sun.cpu.endian" value="little"/>
    <property name="user.home" value="/home/runner"/>
    <property name="user.language" value="en"/>
    <property name="jboss.log-version" value="false"/>
    <property name="java.specification.vendor" value="Oracle Corporation"/>
    <property name="java.version.date" value="2025-07-15"/>
    <property name="java.home" value="/usr/lib/jvm/temurin-17-jdk-amd64"/>
    <property name="file.separator" value="/"/>
    <property name="basedir" value="/home/runner/work/apicurio-testing/apicurio-testing/clusters/ci419/namespaces/mysql/tests/integration/apicurio-registry/integration-tests"/>
    <property name="java.vm.compressedOopsMode" value="32-bit"/>
    <property name="line.separator" value="&#10;"/>
    <property name="java.specification.name" value="Java Platform API Specification"/>
    <property name="java.vm.specification.vendor" value="Oracle Corporation"/>
    <property name="quarkus.http.test-host" value="registry-app-mysql.apps.ci419.apicurio-testing.org"/>
    <property name="surefire.real.class.path" value="/home/runner/work/apicurio-testing/apicurio-testing/clusters/ci419/namespaces/mysql/tests/integration/apicurio-registry/integration-tests/target/surefire/surefirebooter-20250731204226176_3.jar"/>
    <property name="sun.management.compiler" value="HotSpot 64-Bit Tiered Compilers"/>
    <property name="org.eclipse.jetty.http.HttpGenerator.STRICT" value="true"/>
    <property name="java.runtime.version" value="17.0.16+8"/>
    <property name="user.name" value="runner"/>
    <property name="path.separator" value=":"/>
    <property name="os.version" value="6.8.0-1031-azure"/>
    <property name="java.runtime.name" value="OpenJDK Runtime Environment"/>
    <property name="file.encoding" value="UTF-8"/>
    <property name="jnidispatch.path" value="/home/runner/.cache/JNA/temp/jna7356872145749466291.tmp"/>
    <property name="java.vm.name" value="OpenJDK 64-Bit Server VM"/>
    <property name="jna.platform.library.path" value="/usr/lib/x86_64-linux-gnu:/lib/x86_64-linux-gnu:/usr/lib64:/lib64:/usr/lib:/lib:/lib32:/usr/local/lib:/usr/lib/x86_64-linux-gnu/libfakeroot"/>
    <property name="java.vendor.version" value="Temurin-17.0.16+8"/>
    <property name="quarkus.oidc.token-path" value="https://keycloak-mysql.apps.ci419.apicurio-testing.org/realms/registry/protocol/openid-connect/token"/>
    <property name="quarkus.http.host" value="registry-app-mysql.apps.ci419.apicurio-testing.org"/>
    <property name="localRepository" value="/home/runner/.m2/repository"/>
    <property name="javax.xml.xpath.XPathFactory:http://java.sun.com/jaxp/xpath/dom" value="com.sun.org.apache.xpath.internal.jaxp.XPathFactoryImpl"/>
    <property name="jna.loaded" value="true"/>
    <property name="java.vendor.url.bug" value="https://github.com/adoptium/adoptium-support/issues"/>
    <property name="jetty.git.hash" value="5bc5e562c8d05c5862505aebe5cf83a61bdbcb96"/>
    <property name="java.io.tmpdir" value="/tmp"/>
    <property name="quarkus.http.test-protocol" value="http"/>
    <property name="java.version" value="17.0.16"/>
    <property name="user.dir" value="/home/runner/work/apicurio-testing/apicurio-testing/clusters/ci419/namespaces/mysql/tests/integration/apicurio-registry/integration-tests"/>
    <property name="os.arch" value="amd64"/>
    <property name="groups" value="( smoke | serdes | acceptance | ui)"/>
    <property name="java.vm.specification.name" value="Java Virtual Machine Specification"/>
    <property name="native.encoding" value="UTF-8"/>
    <property name="java.util.logging.manager" value="org.jboss.logmanager.LogManager"/>
    <property name="java.library.path" value="/usr/java/packages/lib:/usr/lib64:/lib64:/lib:/usr/lib"/>
    <property name="jdk.console" value="java.base"/>
    <property name="java.vm.info" value="mixed mode, sharing"/>
    <property name="java.vendor" value="Eclipse Adoptium"/>
    <property name="java.vm.version" value="17.0.16+8"/>
    <property name="java.specification.maintenance.version" value="1"/>
    <property name="sun.io.unicode.encoding" value="UnicodeLittle"/>
    <property name="javax.xml.transform.TransformerFactory" value="com.sun.org.apache.xalan.internal.xsltc.trax.TransformerFactoryImpl"/>
    <property name="java.class.version" value="61.0"/>
  </properties>
  <testcase name="testEvolveAvroConfluent" classname="io.apicurio.tests.serdes.confluent.BasicConfluentSerDesIT" time="5.836">
    <system-out><![CDATA[**** Registry Base URL: http://registry-app-mysql.apps.ci419.apicurio-testing.org:80
**** Registry Base URL: http://registry-app-mysql.apps.ci419.apicurio-testing.org:80
2025-07-31 20:45:04,194 INFO  [io.api.tes.ser.con.BasicConfluentSerDesIT] (main) RestAssured configured with http://registry-app-mysql.apps.ci419.apicurio-testing.org:80/apis/registry/v3
**** Registry Base URL: http://registry-app-mysql.apps.ci419.apicurio-testing.org:80
2025-07-31 20:45:04,475 INFO  [io.api.tes.ser.con.BasicConfluentSerDesIT] (main) Deleting confluent schema subj_e8ff9ec4_1053_49c8_bf92_382852f1b7ed-value
2025-07-31 20:45:04,641 INFO  [io.api.tes.ser.con.BasicConfluentSerDesIT] (main) Deleting confluent schema subj_b6b78c7b_285d_4574_9ce6_88113a4e1d57-value
2025-07-31 20:45:04,727 INFO  [io.api.tes.ser.con.BasicConfluentSerDesIT] (main) Deleting confluent schema CUSTOMERS-value
2025-07-31 20:45:04,814 INFO  [io.api.tes.ser.con.BasicConfluentSerDesIT] (main) Deleting confluent schema CUSTOMERS-key
2025-07-31 20:45:04,900 INFO  [io.api.tes.ser.con.BasicConfluentSerDesIT] (main) Deleting confluent schema CUSTOMERS.Value
2025-07-31 20:45:04,985 INFO  [io.api.tes.ser.con.BasicConfluentSerDesIT] (main) Deleting confluent schema subj_5c33a45c_6b27_46f7_a4bd_e40cd6cf323f-value
2025-07-31 20:45:05,070 INFO  [io.api.tes.ser.con.BasicConfluentSerDesIT] (main) Deleting confluent schema topic-d88729d1_4179_484d_a57e_73b9f8823970-value
2025-07-31 20:45:05,155 INFO  [io.api.tes.ser.con.BasicConfluentSerDesIT] (main) Deleting confluent schema topic-44d80df7_a02c_4e37_83c0_198c517b33f2-value
2025-07-31 20:45:05,239 INFO  [io.api.tes.ser.con.BasicConfluentSerDesIT] (main) Deleting confluent schema topic-711e03e9_779f_423e_97f9_fa9c319f6ad2-value
2025-07-31 20:45:05,323 INFO  [io.api.tes.ser.con.BasicConfluentSerDesIT] (main) Deleting confluent schema topic-90fd2d0e_1ae3_477a_9829_48b1283d48a2-value
2025-07-31 20:45:05,413 INFO  [io.api.tes.ser.con.BasicConfluentSerDesIT] (main) Deleting confluent schema topic-07c0f579_584a_4bd5_bc68_afe286dab3ea-value
2025-07-31 20:45:05,499 INFO  [io.api.tes.ser.con.BasicConfluentSerDesIT] (main) Deleting confluent schema topic-a93a8f9f_88d2_429c_86a7_753e6b552bdf-value
2025-07-31 20:45:05,585 INFO  [io.api.tes.ser.con.BasicConfluentSerDesIT] (main) Deleting confluent schema myrecordconfluent
2025-07-31 20:45:05,671 INFO  [io.api.tes.ser.con.BasicConfluentSerDesIT] (main) Deleting confluent schema topic-6ac05679_eef5_4704_b664_fc369dd611f9
2025-07-31 20:45:05,755 INFO  [io.api.tes.ser.con.BasicConfluentSerDesIT] (main) Deleting confluent schema topic-cb43a051_c5f7_456f_8b88_80f9ee15c003-value
2025-07-31 20:45:05,839 INFO  [io.api.tes.ser.con.BasicConfluentSerDesIT] (main) Deleting confluent schema topic-ed427ff1_be59_4369_8289_804672d46130
2025-07-31 20:45:05,923 INFO  [io.api.tes.ser.con.BasicConfluentSerDesIT] (main) Deleting confluent schema topic-53ff44b9_faf3_487f_9857_42948b5d4927-value
2025-07-31 20:45:06,007 INFO  [io.api.tes.ser.con.BasicConfluentSerDesIT] (main) Deleting confluent schema topic-d090ae74_1836_4dbf_a38b_142ffa11d3fc
2025-07-31 20:45:06,090 INFO  [io.api.tes.ser.con.BasicConfluentSerDesIT] (main) Deleting confluent schema topic-36ae836f_993b_4ddb_b8f0_2612c6c535ec
2025-07-31 20:45:06,174 INFO  [io.api.tes.ser.con.BasicConfluentSerDesIT] (main) Deleting confluent schema topic-d928c290_f94f_4012_b5a8_75c844254701-value
2025-07-31 20:45:06,258 INFO  [io.api.tes.ser.con.BasicConfluentSerDesIT] (main) Deleting confluent schema sed6160ccx424ex4672xa8bcx4f89226e6aa7-value
2025-07-31 20:45:06,345 INFO  [io.api.tes.ser.con.BasicConfluentSerDesIT] (main) Deleting confluent schema topic-0d04e09f_bd28_48f0_9f54_e86774a68fa8-value
2025-07-31 20:45:06,429 INFO  [io.api.tes.ser.con.BasicConfluentSerDesIT] (main) Deleting confluent schema google/protobuf/timestamp.proto
2025-07-31 20:45:06,513 INFO  [io.api.tes.ser.con.BasicConfluentSerDesIT] (main) Deleting confluent schema topic-01f3458c_42ae_4b1f_88af_4cc2af03f929-value
2025-07-31 20:45:06,597 INFO  [io.api.tes.ser.con.BasicConfluentSerDesIT] (main) Deleting confluent schema scec1ddefx0a6ax43d5x9d8ex350bf4f5cd6a-value
2025-07-31 20:45:06,683 INFO  [io.api.tes.ser.con.BasicConfluentSerDesIT] (main) Deleting confluent schema topic-2b9fc677_3037_4071_8536_5005b490f32b-value
2025-07-31 20:45:06,768 INFO  [io.api.tes.ser.con.BasicConfluentSerDesIT] (main) Deleting confluent schema sa066f2f1x0ef3x44acxb20dxb5f1ee2ee9ff-value
2025-07-31 20:45:06,851 INFO  [io.api.tes.ser.con.BasicConfluentSerDesIT] (main) Deleting confluent schema topic-ff0e269e_1ea5_48f9_a3a9_7cbe947aa87a-value
2025-07-31 20:45:06,936 INFO  [io.api.tes.ser.con.BasicConfluentSerDesIT] (main) Deleting confluent schema topic-a7436365_9938_49c4_b094_204df931fe06-value
2025-07-31 20:45:07,031 INFO  [io.api.tes.ser.con.BasicConfluentSerDesIT] (main) Deleting confluent schema topic-5ea5c1c7_977f_4b3f_af45_468acb4d75a7
2025-07-31 20:45:07,115 INFO  [io.api.tes.ser.con.BasicConfluentSerDesIT] (main) Deleting confluent schema topic-b5f24806_47ec_4cde_9e61_461b0e5ddaf3
2025-07-31 20:45:07,200 INFO  [io.api.tes.ser.con.BasicConfluentSerDesIT] (main) Deleting confluent schema topic-f8e330a4_c68d_4b28_a03f_8dcbd5a34a3b-value
2025-07-31 20:45:07,284 INFO  [io.api.tes.ser.con.BasicConfluentSerDesIT] (main) Deleting confluent schema topic-3594ebb6_ca77_4b35_99be_c2303e1cb3ce-value
2025-07-31 20:45:07,370 INFO  [io.api.tes.ser.con.BasicConfluentSerDesIT] (main) Deleting confluent schema topic-b12a993b_f013_4f7a_8dcc_667a02393bc6-value
2025-07-31 20:45:07,464 INFO  [io.api.tes.uti.KafkaFacade] (main) Skipping deployment of kafka, because it's already deployed
2025-07-31 20:45:07,466 INFO  [io.api.tes.uti.TestSeparator] (main) ############################################################################
2025-07-31 20:45:07,466 INFO  [io.api.tes.uti.TestSeparator] (main) io.apicurio.tests.serdes.confluent.BasicConfluentSerDesIT.testEvolveAvroConfluent-STARTED
2025-07-31 20:45:07,468 INFO  [org.apa.kaf.cli.adm.AdminClientConfig] (main) AdminClientConfig values: 
	auto.include.jmx.reporter = true
	bootstrap.controllers = []
	bootstrap.servers = [PLAINTEXT://localhost:32770]
	client.dns.lookup = use_all_dns_ips
	client.id = 
	connections.max.idle.ms = 10000
	default.api.timeout.ms = 60000
	enable.metrics.push = true
	metadata.max.age.ms = 300000
	metadata.recovery.strategy = none
	metric.reporters = []
	metrics.num.samples = 2
	metrics.recording.level = INFO
	metrics.sample.window.ms = 30000
	receive.buffer.bytes = 65536
	reconnect.backoff.max.ms = 1000
	reconnect.backoff.ms = 50
	request.timeout.ms = 5000
	retries = 2147483647
	retry.backoff.max.ms = 1000
	retry.backoff.ms = 100
	sasl.client.callback.handler.class = null
	sasl.jaas.config = null
	sasl.kerberos.kinit.cmd = /usr/bin/kinit
	sasl.kerberos.min.time.before.relogin = 60000
	sasl.kerberos.service.name = null
	sasl.kerberos.ticket.renew.jitter = 0.05
	sasl.kerberos.ticket.renew.window.factor = 0.8
	sasl.login.callback.handler.class = null
	sasl.login.class = null
	sasl.login.connect.timeout.ms = null
	sasl.login.read.timeout.ms = null
	sasl.login.refresh.buffer.seconds = 300
	sasl.login.refresh.min.period.seconds = 60
	sasl.login.refresh.window.factor = 0.8
	sasl.login.refresh.window.jitter = 0.05
	sasl.login.retry.backoff.max.ms = 10000
	sasl.login.retry.backoff.ms = 100
	sasl.mechanism = GSSAPI
	sasl.oauthbearer.clock.skew.seconds = 30
	sasl.oauthbearer.expected.audience = null
	sasl.oauthbearer.expected.issuer = null
	sasl.oauthbearer.header.urlencode = false
	sasl.oauthbearer.jwks.endpoint.refresh.ms = 3600000
	sasl.oauthbearer.jwks.endpoint.retry.backoff.max.ms = 10000
	sasl.oauthbearer.jwks.endpoint.retry.backoff.ms = 100
	sasl.oauthbearer.jwks.endpoint.url = null
	sasl.oauthbearer.scope.claim.name = scope
	sasl.oauthbearer.sub.claim.name = sub
	sasl.oauthbearer.token.endpoint.url = null
	security.protocol = PLAINTEXT
	security.providers = null
	send.buffer.bytes = 131072
	socket.connection.setup.timeout.max.ms = 30000
	socket.connection.setup.timeout.ms = 10000
	ssl.cipher.suites = null
	ssl.enabled.protocols = [TLSv1.2, TLSv1.3]
	ssl.endpoint.identification.algorithm = https
	ssl.engine.factory.class = null
	ssl.key.password = null
	ssl.keymanager.algorithm = SunX509
	ssl.keystore.certificate.chain = null
	ssl.keystore.key = null
	ssl.keystore.location = null
	ssl.keystore.password = null
	ssl.keystore.type = JKS
	ssl.protocol = TLSv1.3
	ssl.provider = null
	ssl.secure.random.implementation = null
	ssl.trustmanager.algorithm = PKIX
	ssl.truststore.certificates = null
	ssl.truststore.location = null
	ssl.truststore.password = null
	ssl.truststore.type = JKS

2025-07-31 20:45:07,470 INFO  [org.apa.kaf.com.uti.AppInfoParser] (main) Kafka version: 3.9.1
2025-07-31 20:45:07,470 INFO  [org.apa.kaf.com.uti.AppInfoParser] (main) Kafka commitId: f745dfdcee2b9851
2025-07-31 20:45:07,470 INFO  [org.apa.kaf.com.uti.AppInfoParser] (main) Kafka startTimeMs: 1753994707470
2025-07-31 20:45:07,761 INFO  [io.api.tes.ser.con.BasicConfluentSerDesIT] (main) Checking that created schema is equal to the get schema
2025-07-31 20:45:07,853 INFO  [io.api.tes.ser.con.BasicConfluentSerDesIT] (main) Created schema with id:108 and name:s0da3c1ddx0bfax4b2bxa8abx1a4b0fa0b502
**** Registry Base URL: http://registry-app-mysql.apps.ci419.apicurio-testing.org:80
2025-07-31 20:45:07,861 INFO  [org.apa.kaf.cli.pro.ProducerConfig] (main) ProducerConfig values: 
	acks = -1
	auto.include.jmx.reporter = true
	batch.size = 16384
	bootstrap.servers = [PLAINTEXT://localhost:32770]
	buffer.memory = 33554432
	client.dns.lookup = use_all_dns_ips
	client.id = Producer-topic-ba82e374_5434_4bdd_9d60_07e611dbed87
	compression.gzip.level = -1
	compression.lz4.level = 9
	compression.type = none
	compression.zstd.level = 3
	connections.max.idle.ms = 10000
	delivery.timeout.ms = 120000
	enable.idempotence = true
	enable.metrics.push = true
	interceptor.classes = []
	key.serializer = class org.apache.kafka.common.serialization.StringSerializer
	linger.ms = 0
	max.block.ms = 60000
	max.in.flight.requests.per.connection = 5
	max.request.size = 1048576
	metadata.max.age.ms = 300000
	metadata.max.idle.ms = 300000
	metadata.recovery.strategy = none
	metric.reporters = []
	metrics.num.samples = 2
	metrics.recording.level = INFO
	metrics.sample.window.ms = 30000
	partitioner.adaptive.partitioning.enable = true
	partitioner.availability.timeout.ms = 0
	partitioner.class = null
	partitioner.ignore.keys = false
	receive.buffer.bytes = 32768
	reconnect.backoff.max.ms = 1000
	reconnect.backoff.ms = 50
	request.timeout.ms = 5000
	retries = 2147483647
	retry.backoff.max.ms = 1000
	retry.backoff.ms = 100
	sasl.client.callback.handler.class = null
	sasl.jaas.config = null
	sasl.kerberos.kinit.cmd = /usr/bin/kinit
	sasl.kerberos.min.time.before.relogin = 60000
	sasl.kerberos.service.name = null
	sasl.kerberos.ticket.renew.jitter = 0.05
	sasl.kerberos.ticket.renew.window.factor = 0.8
	sasl.login.callback.handler.class = null
	sasl.login.class = null
	sasl.login.connect.timeout.ms = null
	sasl.login.read.timeout.ms = null
	sasl.login.refresh.buffer.seconds = 300
	sasl.login.refresh.min.period.seconds = 60
	sasl.login.refresh.window.factor = 0.8
	sasl.login.refresh.window.jitter = 0.05
	sasl.login.retry.backoff.max.ms = 10000
	sasl.login.retry.backoff.ms = 100
	sasl.mechanism = GSSAPI
	sasl.oauthbearer.clock.skew.seconds = 30
	sasl.oauthbearer.expected.audience = null
	sasl.oauthbearer.expected.issuer = null
	sasl.oauthbearer.header.urlencode = false
	sasl.oauthbearer.jwks.endpoint.refresh.ms = 3600000
	sasl.oauthbearer.jwks.endpoint.retry.backoff.max.ms = 10000
	sasl.oauthbearer.jwks.endpoint.retry.backoff.ms = 100
	sasl.oauthbearer.jwks.endpoint.url = null
	sasl.oauthbearer.scope.claim.name = scope
	sasl.oauthbearer.sub.claim.name = sub
	sasl.oauthbearer.token.endpoint.url = null
	security.protocol = PLAINTEXT
	security.providers = null
	send.buffer.bytes = 131072
	socket.connection.setup.timeout.max.ms = 30000
	socket.connection.setup.timeout.ms = 10000
	ssl.cipher.suites = null
	ssl.enabled.protocols = [TLSv1.2, TLSv1.3]
	ssl.endpoint.identification.algorithm = https
	ssl.engine.factory.class = null
	ssl.key.password = null
	ssl.keymanager.algorithm = SunX509
	ssl.keystore.certificate.chain = null
	ssl.keystore.key = null
	ssl.keystore.location = null
	ssl.keystore.password = null
	ssl.keystore.type = JKS
	ssl.protocol = TLSv1.3
	ssl.provider = null
	ssl.secure.random.implementation = null
	ssl.trustmanager.algorithm = PKIX
	ssl.truststore.certificates = null
	ssl.truststore.location = null
	ssl.truststore.password = null
	ssl.truststore.type = JKS
	transaction.timeout.ms = 60000
	transactional.id = null
	value.serializer = class io.confluent.kafka.serializers.KafkaAvroSerializer

2025-07-31 20:45:07,861 INFO  [org.apa.kaf.com.tel.int.KafkaMetricsCollector] (main) initializing Kafka metrics collector
2025-07-31 20:45:07,864 INFO  [io.con.kaf.ser.KafkaAvroSerializerConfig] (main) KafkaAvroSerializerConfig values: 
	auto.register.schemas = false
	avro.reflection.allow.null = false
	avro.remove.java.properties = false
	avro.use.logical.type.converters = false
	basic.auth.credentials.source = URL
	basic.auth.user.info = [hidden]
	bearer.auth.cache.expiry.buffer.seconds = 300
	bearer.auth.client.id = null
	bearer.auth.client.secret = null
	bearer.auth.credentials.source = STATIC_TOKEN
	bearer.auth.custom.provider.class = null
	bearer.auth.identity.pool.id = null
	bearer.auth.issuer.endpoint.url = null
	bearer.auth.logical.cluster = null
	bearer.auth.scope = null
	bearer.auth.scope.claim.name = scope
	bearer.auth.sub.claim.name = sub
	bearer.auth.token = [hidden]
	context.name.strategy = class io.confluent.kafka.serializers.context.NullContextNameStrategy
	http.connect.timeout.ms = 60000
	http.read.timeout.ms = 60000
	id.compatibility.strict = true
	key.schema.id.deserializer = class io.confluent.kafka.serializers.schema.id.DualSchemaIdDeserializer
	key.schema.id.serializer = class io.confluent.kafka.serializers.schema.id.PrefixSchemaIdSerializer
	key.subject.name.strategy = class io.confluent.kafka.serializers.subject.TopicNameStrategy
	latest.cache.size = 1000
	latest.cache.ttl.sec = -1
	latest.compatibility.strict = true
	max.retries = 3
	max.schemas.per.subject = 1000
	normalize.schemas = false
	propagate.schema.tags = false
	proxy.host = 
	proxy.port = -1
	retries.max.wait.ms = 20000
	retries.wait.ms = 1000
	rule.actions = []
	rule.executors = []
	rule.service.loader.enable = true
	schema.format = null
	schema.reflection = false
	schema.registry.basic.auth.user.info = [hidden]
	schema.registry.ssl.cipher.suites = null
	schema.registry.ssl.enabled.protocols = [TLSv1.2, TLSv1.3]
	schema.registry.ssl.endpoint.identification.algorithm = https
	schema.registry.ssl.engine.factory.class = null
	schema.registry.ssl.key.password = null
	schema.registry.ssl.keymanager.algorithm = SunX509
	schema.registry.ssl.keystore.certificate.chain = null
	schema.registry.ssl.keystore.key = null
	schema.registry.ssl.keystore.location = null
	schema.registry.ssl.keystore.password = null
	schema.registry.ssl.keystore.type = JKS
	schema.registry.ssl.protocol = TLSv1.3
	schema.registry.ssl.provider = null
	schema.registry.ssl.secure.random.implementation = null
	schema.registry.ssl.trustmanager.algorithm = PKIX
	schema.registry.ssl.truststore.certificates = null
	schema.registry.ssl.truststore.location = null
	schema.registry.ssl.truststore.password = null
	schema.registry.ssl.truststore.type = JKS
	schema.registry.url = [http://registry-app-mysql.apps.ci419.apicurio-testing.org:80/apis/ccompat/v7]
	schema.registry.url.randomize = false
	use.latest.version = false
	use.latest.with.metadata = null
	use.schema.id = -1
	value.schema.id.deserializer = class io.confluent.kafka.serializers.schema.id.DualSchemaIdDeserializer
	value.schema.id.serializer = class io.confluent.kafka.serializers.schema.id.PrefixSchemaIdSerializer
	value.subject.name.strategy = class io.confluent.kafka.serializers.subject.TopicRecordNameStrategy

2025-07-31 20:45:07,886 INFO  [org.apa.kaf.cli.pro.KafkaProducer] (main) [Producer clientId=Producer-topic-ba82e374_5434_4bdd_9d60_07e611dbed87] Instantiated an idempotent producer.
2025-07-31 20:45:07,889 INFO  [org.apa.kaf.cli.pro.ProducerConfig] (main) These configurations '[schema.registry.url, auto.register.schemas, value.subject.name.strategy]' were supplied but are not used yet.
2025-07-31 20:45:07,889 INFO  [org.apa.kaf.com.uti.AppInfoParser] (main) Kafka version: 3.9.1
2025-07-31 20:45:07,889 INFO  [org.apa.kaf.com.uti.AppInfoParser] (main) Kafka commitId: f745dfdcee2b9851
2025-07-31 20:45:07,889 INFO  [org.apa.kaf.com.uti.AppInfoParser] (main) Kafka startTimeMs: 1753994707889
**** Registry Base URL: http://registry-app-mysql.apps.ci419.apicurio-testing.org:80
2025-07-31 20:45:07,894 INFO  [org.apa.kaf.cli.con.ConsumerConfig] (main) ConsumerConfig values: 
	allow.auto.create.topics = true
	auto.commit.interval.ms = 500
	auto.include.jmx.reporter = true
	auto.offset.reset = earliest
	bootstrap.servers = [PLAINTEXT://localhost:32770]
	check.crcs = true
	client.dns.lookup = use_all_dns_ips
	client.id = consumer-Consumer-topic-ba82e374_5434_4bdd_9d60_07e611dbed87-34
	client.rack = 
	connections.max.idle.ms = 10000
	default.api.timeout.ms = 60000
	enable.auto.commit = true
	enable.metrics.push = true
	exclude.internal.topics = true
	fetch.max.bytes = 52428800
	fetch.max.wait.ms = 500
	fetch.min.bytes = 1
	group.id = Consumer-topic-ba82e374_5434_4bdd_9d60_07e611dbed87
	group.instance.id = null
	group.protocol = classic
	group.remote.assignor = null
	heartbeat.interval.ms = 3000
	interceptor.classes = []
	internal.leave.group.on.close = true
	internal.throw.on.fetch.stable.offset.unsupported = false
	isolation.level = read_uncommitted
	key.deserializer = class org.apache.kafka.common.serialization.StringDeserializer
	max.partition.fetch.bytes = 1048576
	max.poll.interval.ms = 300000
	max.poll.records = 500
	metadata.max.age.ms = 300000
	metadata.recovery.strategy = none
	metric.reporters = []
	metrics.num.samples = 2
	metrics.recording.level = INFO
	metrics.sample.window.ms = 30000
	partition.assignment.strategy = [class org.apache.kafka.clients.consumer.RangeAssignor, class org.apache.kafka.clients.consumer.CooperativeStickyAssignor]
	receive.buffer.bytes = 65536
	reconnect.backoff.max.ms = 1000
	reconnect.backoff.ms = 50
	request.timeout.ms = 5000
	retry.backoff.max.ms = 1000
	retry.backoff.ms = 100
	sasl.client.callback.handler.class = null
	sasl.jaas.config = null
	sasl.kerberos.kinit.cmd = /usr/bin/kinit
	sasl.kerberos.min.time.before.relogin = 60000
	sasl.kerberos.service.name = null
	sasl.kerberos.ticket.renew.jitter = 0.05
	sasl.kerberos.ticket.renew.window.factor = 0.8
	sasl.login.callback.handler.class = null
	sasl.login.class = null
	sasl.login.connect.timeout.ms = null
	sasl.login.read.timeout.ms = null
	sasl.login.refresh.buffer.seconds = 300
	sasl.login.refresh.min.period.seconds = 60
	sasl.login.refresh.window.factor = 0.8
	sasl.login.refresh.window.jitter = 0.05
	sasl.login.retry.backoff.max.ms = 10000
	sasl.login.retry.backoff.ms = 100
	sasl.mechanism = GSSAPI
	sasl.oauthbearer.clock.skew.seconds = 30
	sasl.oauthbearer.expected.audience = null
	sasl.oauthbearer.expected.issuer = null
	sasl.oauthbearer.header.urlencode = false
	sasl.oauthbearer.jwks.endpoint.refresh.ms = 3600000
	sasl.oauthbearer.jwks.endpoint.retry.backoff.max.ms = 10000
	sasl.oauthbearer.jwks.endpoint.retry.backoff.ms = 100
	sasl.oauthbearer.jwks.endpoint.url = null
	sasl.oauthbearer.scope.claim.name = scope
	sasl.oauthbearer.sub.claim.name = sub
	sasl.oauthbearer.token.endpoint.url = null
	security.protocol = PLAINTEXT
	security.providers = null
	send.buffer.bytes = 131072
	session.timeout.ms = 45000
	socket.connection.setup.timeout.max.ms = 30000
	socket.connection.setup.timeout.ms = 10000
	ssl.cipher.suites = null
	ssl.enabled.protocols = [TLSv1.2, TLSv1.3]
	ssl.endpoint.identification.algorithm = https
	ssl.engine.factory.class = null
	ssl.key.password = null
	ssl.keymanager.algorithm = SunX509
	ssl.keystore.certificate.chain = null
	ssl.keystore.key = null
	ssl.keystore.location = null
	ssl.keystore.password = null
	ssl.keystore.type = JKS
	ssl.protocol = TLSv1.3
	ssl.provider = null
	ssl.secure.random.implementation = null
	ssl.trustmanager.algorithm = PKIX
	ssl.truststore.certificates = null
	ssl.truststore.location = null
	ssl.truststore.password = null
	ssl.truststore.type = JKS
	value.deserializer = class io.confluent.kafka.serializers.KafkaAvroDeserializer

2025-07-31 20:45:07,895 INFO  [org.apa.kaf.com.tel.int.KafkaMetricsCollector] (main) initializing Kafka metrics collector
2025-07-31 20:45:07,897 INFO  [io.con.kaf.ser.KafkaAvroDeserializerConfig] (main) KafkaAvroDeserializerConfig values: 
	auto.register.schemas = true
	avro.reflection.allow.null = false
	avro.use.logical.type.converters = false
	basic.auth.credentials.source = URL
	basic.auth.user.info = [hidden]
	bearer.auth.cache.expiry.buffer.seconds = 300
	bearer.auth.client.id = null
	bearer.auth.client.secret = null
	bearer.auth.credentials.source = STATIC_TOKEN
	bearer.auth.custom.provider.class = null
	bearer.auth.identity.pool.id = null
	bearer.auth.issuer.endpoint.url = null
	bearer.auth.logical.cluster = null
	bearer.auth.scope = null
	bearer.auth.scope.claim.name = scope
	bearer.auth.sub.claim.name = sub
	bearer.auth.token = [hidden]
	context.name.strategy = class io.confluent.kafka.serializers.context.NullContextNameStrategy
	http.connect.timeout.ms = 60000
	http.read.timeout.ms = 60000
	id.compatibility.strict = true
	key.schema.id.deserializer = class io.confluent.kafka.serializers.schema.id.DualSchemaIdDeserializer
	key.schema.id.serializer = class io.confluent.kafka.serializers.schema.id.PrefixSchemaIdSerializer
	key.subject.name.strategy = class io.confluent.kafka.serializers.subject.TopicNameStrategy
	latest.cache.size = 1000
	latest.cache.ttl.sec = -1
	latest.compatibility.strict = true
	max.retries = 3
	max.schemas.per.subject = 1000
	normalize.schemas = false
	propagate.schema.tags = false
	proxy.host = 
	proxy.port = -1
	retries.max.wait.ms = 20000
	retries.wait.ms = 1000
	rule.actions = []
	rule.executors = []
	rule.service.loader.enable = true
	schema.format = null
	schema.reflection = false
	schema.registry.basic.auth.user.info = [hidden]
	schema.registry.ssl.cipher.suites = null
	schema.registry.ssl.enabled.protocols = [TLSv1.2, TLSv1.3]
	schema.registry.ssl.endpoint.identification.algorithm = https
	schema.registry.ssl.engine.factory.class = null
	schema.registry.ssl.key.password = null
	schema.registry.ssl.keymanager.algorithm = SunX509
	schema.registry.ssl.keystore.certificate.chain = null
	schema.registry.ssl.keystore.key = null
	schema.registry.ssl.keystore.location = null
	schema.registry.ssl.keystore.password = null
	schema.registry.ssl.keystore.type = JKS
	schema.registry.ssl.protocol = TLSv1.3
	schema.registry.ssl.provider = null
	schema.registry.ssl.secure.random.implementation = null
	schema.registry.ssl.trustmanager.algorithm = PKIX
	schema.registry.ssl.truststore.certificates = null
	schema.registry.ssl.truststore.location = null
	schema.registry.ssl.truststore.password = null
	schema.registry.ssl.truststore.type = JKS
	schema.registry.url = [http://registry-app-mysql.apps.ci419.apicurio-testing.org:80/apis/ccompat/v7]
	schema.registry.url.randomize = false
	specific.avro.key.type = null
	specific.avro.reader = false
	specific.avro.value.type = null
	use.latest.version = false
	use.latest.with.metadata = null
	use.schema.id = -1
	value.schema.id.deserializer = class io.confluent.kafka.serializers.schema.id.DualSchemaIdDeserializer
	value.schema.id.serializer = class io.confluent.kafka.serializers.schema.id.PrefixSchemaIdSerializer
	value.subject.name.strategy = class io.confluent.kafka.serializers.subject.TopicNameStrategy

2025-07-31 20:45:07,901 INFO  [org.apa.kaf.cli.Metadata] (kafka-producer-network-thread | Producer-topic-ba82e374_5434_4bdd_9d60_07e611dbed87) [Producer clientId=Producer-topic-ba82e374_5434_4bdd_9d60_07e611dbed87] Cluster ID: 6lKjf0w6TFCctmqQa8E77g
2025-07-31 20:45:07,901 INFO  [org.apa.kaf.cli.pro.int.TransactionManager] (kafka-producer-network-thread | Producer-topic-ba82e374_5434_4bdd_9d60_07e611dbed87) [Producer clientId=Producer-topic-ba82e374_5434_4bdd_9d60_07e611dbed87] ProducerId set to 44 with epoch 0
2025-07-31 20:45:07,903 INFO  [org.apa.kaf.cli.con.ConsumerConfig] (main) These configurations '[schema.registry.url]' were supplied but are not used yet.
2025-07-31 20:45:07,903 INFO  [org.apa.kaf.com.uti.AppInfoParser] (main) Kafka version: 3.9.1
2025-07-31 20:45:07,903 INFO  [org.apa.kaf.com.uti.AppInfoParser] (main) Kafka commitId: f745dfdcee2b9851
2025-07-31 20:45:07,903 INFO  [org.apa.kaf.com.uti.AppInfoParser] (main) Kafka startTimeMs: 1753994707903
2025-07-31 20:45:07,904 INFO  [io.api.tes.ser.api.KafkaSerdesTester] (Thread-866) Sending message {"key1": "value-0"} to topic topic-ba82e374_5434_4bdd_9d60_07e611dbed87
2025-07-31 20:45:08,020 INFO  [io.api.tes.ser.api.KafkaSerdesTester] (Thread-866) Sending message {"key1": "value-1"} to topic topic-ba82e374_5434_4bdd_9d60_07e611dbed87
2025-07-31 20:45:08,026 INFO  [io.api.tes.ser.api.KafkaSerdesTester] (Thread-866) Sending message {"key1": "value-2"} to topic topic-ba82e374_5434_4bdd_9d60_07e611dbed87
2025-07-31 20:45:08,029 INFO  [io.api.tes.ser.api.KafkaSerdesTester] (Thread-866) Sending message {"key1": "value-3"} to topic topic-ba82e374_5434_4bdd_9d60_07e611dbed87
2025-07-31 20:45:08,030 INFO  [io.api.tes.ser.api.KafkaSerdesTester] (Thread-866) Sending message {"key1": "value-4"} to topic topic-ba82e374_5434_4bdd_9d60_07e611dbed87
2025-07-31 20:45:08,031 INFO  [io.api.tes.ser.api.KafkaSerdesTester] (Thread-866) Sending message {"key1": "value-5"} to topic topic-ba82e374_5434_4bdd_9d60_07e611dbed87
2025-07-31 20:45:08,034 INFO  [io.api.tes.ser.api.KafkaSerdesTester] (Thread-866) Sending message {"key1": "value-6"} to topic topic-ba82e374_5434_4bdd_9d60_07e611dbed87
2025-07-31 20:45:08,035 INFO  [io.api.tes.ser.api.KafkaSerdesTester] (Thread-866) Sending message {"key1": "value-7"} to topic topic-ba82e374_5434_4bdd_9d60_07e611dbed87
2025-07-31 20:45:08,036 INFO  [io.api.tes.ser.api.KafkaSerdesTester] (Thread-866) Sending message {"key1": "value-8"} to topic topic-ba82e374_5434_4bdd_9d60_07e611dbed87
2025-07-31 20:45:08,037 INFO  [io.api.tes.ser.api.KafkaSerdesTester] (Thread-866) Sending message {"key1": "value-9"} to topic topic-ba82e374_5434_4bdd_9d60_07e611dbed87
2025-07-31 20:45:08,041 INFO  [io.api.tes.ser.api.KafkaSerdesTester] (Thread-866) Produced 10 messages
2025-07-31 20:45:08,041 INFO  [org.apa.kaf.cli.pro.KafkaProducer] (Thread-866) [Producer clientId=Producer-topic-ba82e374_5434_4bdd_9d60_07e611dbed87] Closing the Kafka producer with timeoutMillis = 9223372036854775807 ms.
2025-07-31 20:45:08,050 INFO  [org.apa.kaf.com.met.Metrics] (Thread-866) Metrics scheduler closed
2025-07-31 20:45:08,050 INFO  [org.apa.kaf.com.met.Metrics] (Thread-866) Closing reporter org.apache.kafka.common.metrics.JmxReporter
2025-07-31 20:45:08,050 INFO  [org.apa.kaf.com.met.Metrics] (Thread-866) Closing reporter org.apache.kafka.common.telemetry.internals.ClientTelemetryReporter
2025-07-31 20:45:08,050 INFO  [org.apa.kaf.com.met.Metrics] (Thread-866) Metrics reporters closed
2025-07-31 20:45:08,050 INFO  [org.apa.kaf.com.uti.AppInfoParser] (Thread-866) App info kafka.producer for Producer-topic-ba82e374_5434_4bdd_9d60_07e611dbed87 unregistered
2025-07-31 20:45:08,053 INFO  [org.apa.kaf.cli.con.int.ClassicKafkaConsumer] (Thread-867) [Consumer clientId=consumer-Consumer-topic-ba82e374_5434_4bdd_9d60_07e611dbed87-34, groupId=Consumer-topic-ba82e374_5434_4bdd_9d60_07e611dbed87] Subscribed to topic(s): topic-ba82e374_5434_4bdd_9d60_07e611dbed87
2025-07-31 20:45:08,059 INFO  [org.apa.kaf.cli.Metadata] (Thread-867) [Consumer clientId=consumer-Consumer-topic-ba82e374_5434_4bdd_9d60_07e611dbed87-34, groupId=Consumer-topic-ba82e374_5434_4bdd_9d60_07e611dbed87] Cluster ID: 6lKjf0w6TFCctmqQa8E77g
2025-07-31 20:45:08,060 INFO  [org.apa.kaf.cli.con.int.ConsumerCoordinator] (Thread-867) [Consumer clientId=consumer-Consumer-topic-ba82e374_5434_4bdd_9d60_07e611dbed87-34, groupId=Consumer-topic-ba82e374_5434_4bdd_9d60_07e611dbed87] Discovered group coordinator localhost:32770 (id: 2147483647 rack: null)
2025-07-31 20:45:08,063 INFO  [org.apa.kaf.cli.con.int.ConsumerCoordinator] (Thread-867) [Consumer clientId=consumer-Consumer-topic-ba82e374_5434_4bdd_9d60_07e611dbed87-34, groupId=Consumer-topic-ba82e374_5434_4bdd_9d60_07e611dbed87] (Re-)joining group
2025-07-31 20:45:08,067 INFO  [org.apa.kaf.cli.con.int.ConsumerCoordinator] (Thread-867) [Consumer clientId=consumer-Consumer-topic-ba82e374_5434_4bdd_9d60_07e611dbed87-34, groupId=Consumer-topic-ba82e374_5434_4bdd_9d60_07e611dbed87] Request joining group due to: need to re-join with the given member-id: consumer-Consumer-topic-ba82e374_5434_4bdd_9d60_07e611dbed87-34-e806a4fd-5cc1-49da-bf73-e577cd7d5d02
2025-07-31 20:45:08,070 INFO  [org.apa.kaf.cli.con.int.ConsumerCoordinator] (Thread-867) [Consumer clientId=consumer-Consumer-topic-ba82e374_5434_4bdd_9d60_07e611dbed87-34, groupId=Consumer-topic-ba82e374_5434_4bdd_9d60_07e611dbed87] (Re-)joining group
2025-07-31 20:45:08,073 INFO  [org.apa.kaf.cli.con.int.ConsumerCoordinator] (Thread-867) [Consumer clientId=consumer-Consumer-topic-ba82e374_5434_4bdd_9d60_07e611dbed87-34, groupId=Consumer-topic-ba82e374_5434_4bdd_9d60_07e611dbed87] Successfully joined group with generation Generation{generationId=1, memberId='consumer-Consumer-topic-ba82e374_5434_4bdd_9d60_07e611dbed87-34-e806a4fd-5cc1-49da-bf73-e577cd7d5d02', protocol='range'}
2025-07-31 20:45:08,073 INFO  [org.apa.kaf.cli.con.int.ConsumerCoordinator] (Thread-867) [Consumer clientId=consumer-Consumer-topic-ba82e374_5434_4bdd_9d60_07e611dbed87-34, groupId=Consumer-topic-ba82e374_5434_4bdd_9d60_07e611dbed87] Finished assignment for group at generation 1: {consumer-Consumer-topic-ba82e374_5434_4bdd_9d60_07e611dbed87-34-e806a4fd-5cc1-49da-bf73-e577cd7d5d02=Assignment(partitions=[topic-ba82e374_5434_4bdd_9d60_07e611dbed87-0])}
2025-07-31 20:45:08,077 INFO  [org.apa.kaf.cli.con.int.ConsumerCoordinator] (kafka-coordinator-heartbeat-thread | Consumer-topic-ba82e374_5434_4bdd_9d60_07e611dbed87) [Consumer clientId=consumer-Consumer-topic-ba82e374_5434_4bdd_9d60_07e611dbed87-34, groupId=Consumer-topic-ba82e374_5434_4bdd_9d60_07e611dbed87] Successfully synced group in generation Generation{generationId=1, memberId='consumer-Consumer-topic-ba82e374_5434_4bdd_9d60_07e611dbed87-34-e806a4fd-5cc1-49da-bf73-e577cd7d5d02', protocol='range'}
2025-07-31 20:45:08,079 INFO  [org.apa.kaf.cli.con.int.ConsumerCoordinator] (Thread-867) [Consumer clientId=consumer-Consumer-topic-ba82e374_5434_4bdd_9d60_07e611dbed87-34, groupId=Consumer-topic-ba82e374_5434_4bdd_9d60_07e611dbed87] Notifying assignor about the new Assignment(partitions=[topic-ba82e374_5434_4bdd_9d60_07e611dbed87-0])
2025-07-31 20:45:08,079 INFO  [org.apa.kaf.cli.con.int.ConsumerRebalanceListenerInvoker] (Thread-867) [Consumer clientId=consumer-Consumer-topic-ba82e374_5434_4bdd_9d60_07e611dbed87-34, groupId=Consumer-topic-ba82e374_5434_4bdd_9d60_07e611dbed87] Adding newly assigned partitions: topic-ba82e374_5434_4bdd_9d60_07e611dbed87-0
2025-07-31 20:45:08,079 INFO  [org.apa.kaf.cli.con.int.ConsumerCoordinator] (Thread-867) [Consumer clientId=consumer-Consumer-topic-ba82e374_5434_4bdd_9d60_07e611dbed87-34, groupId=Consumer-topic-ba82e374_5434_4bdd_9d60_07e611dbed87] Found no committed offset for partition topic-ba82e374_5434_4bdd_9d60_07e611dbed87-0
2025-07-31 20:45:08,080 INFO  [org.apa.kaf.cli.con.int.SubscriptionState] (Thread-867) [Consumer clientId=consumer-Consumer-topic-ba82e374_5434_4bdd_9d60_07e611dbed87-34, groupId=Consumer-topic-ba82e374_5434_4bdd_9d60_07e611dbed87] Resetting offset for partition topic-ba82e374_5434_4bdd_9d60_07e611dbed87-0 to position FetchPosition{offset=0, offsetEpoch=Optional.empty, currentLeader=LeaderAndEpoch{leader=Optional[localhost:32770 (id: 0 rack: null)], epoch=0}}.
2025-07-31 20:45:08,167 INFO  [io.api.tes.ser.api.KafkaSerdesTester] (Thread-867) topic-ba82e374_5434_4bdd_9d60_07e611dbed87 0 0 {"key1": "value-0"}
2025-07-31 20:45:08,167 INFO  [io.api.tes.ser.api.KafkaSerdesTester] (Thread-867) topic-ba82e374_5434_4bdd_9d60_07e611dbed87 0 1 {"key1": "value-1"}
2025-07-31 20:45:08,167 INFO  [io.api.tes.ser.api.KafkaSerdesTester] (Thread-867) topic-ba82e374_5434_4bdd_9d60_07e611dbed87 0 2 {"key1": "value-2"}
2025-07-31 20:45:08,167 INFO  [io.api.tes.ser.api.KafkaSerdesTester] (Thread-867) topic-ba82e374_5434_4bdd_9d60_07e611dbed87 0 3 {"key1": "value-3"}
2025-07-31 20:45:08,167 INFO  [io.api.tes.ser.api.KafkaSerdesTester] (Thread-867) topic-ba82e374_5434_4bdd_9d60_07e611dbed87 0 4 {"key1": "value-4"}
2025-07-31 20:45:08,167 INFO  [io.api.tes.ser.api.KafkaSerdesTester] (Thread-867) topic-ba82e374_5434_4bdd_9d60_07e611dbed87 0 5 {"key1": "value-5"}
2025-07-31 20:45:08,167 INFO  [io.api.tes.ser.api.KafkaSerdesTester] (Thread-867) topic-ba82e374_5434_4bdd_9d60_07e611dbed87 0 6 {"key1": "value-6"}
2025-07-31 20:45:08,167 INFO  [io.api.tes.ser.api.KafkaSerdesTester] (Thread-867) topic-ba82e374_5434_4bdd_9d60_07e611dbed87 0 7 {"key1": "value-7"}
2025-07-31 20:45:08,167 INFO  [io.api.tes.ser.api.KafkaSerdesTester] (Thread-867) topic-ba82e374_5434_4bdd_9d60_07e611dbed87 0 8 {"key1": "value-8"}
2025-07-31 20:45:08,167 INFO  [io.api.tes.ser.api.KafkaSerdesTester] (Thread-867) topic-ba82e374_5434_4bdd_9d60_07e611dbed87 0 9 {"key1": "value-9"}
2025-07-31 20:45:08,167 INFO  [io.api.tes.ser.api.KafkaSerdesTester] (Thread-867) Consumed 10 messages
2025-07-31 20:45:08,170 INFO  [org.apa.kaf.cli.con.int.ConsumerRebalanceListenerInvoker] (Thread-867) [Consumer clientId=consumer-Consumer-topic-ba82e374_5434_4bdd_9d60_07e611dbed87-34, groupId=Consumer-topic-ba82e374_5434_4bdd_9d60_07e611dbed87] Revoke previously assigned partitions topic-ba82e374_5434_4bdd_9d60_07e611dbed87-0
2025-07-31 20:45:08,170 INFO  [org.apa.kaf.cli.con.int.ConsumerCoordinator] (Thread-867) [Consumer clientId=consumer-Consumer-topic-ba82e374_5434_4bdd_9d60_07e611dbed87-34, groupId=Consumer-topic-ba82e374_5434_4bdd_9d60_07e611dbed87] Member consumer-Consumer-topic-ba82e374_5434_4bdd_9d60_07e611dbed87-34-e806a4fd-5cc1-49da-bf73-e577cd7d5d02 sending LeaveGroup request to coordinator localhost:32770 (id: 2147483647 rack: null) due to the consumer is being closed
2025-07-31 20:45:08,170 INFO  [org.apa.kaf.cli.con.int.ConsumerCoordinator] (Thread-867) [Consumer clientId=consumer-Consumer-topic-ba82e374_5434_4bdd_9d60_07e611dbed87-34, groupId=Consumer-topic-ba82e374_5434_4bdd_9d60_07e611dbed87] Resetting generation and member id due to: consumer pro-actively leaving the group
2025-07-31 20:45:08,170 INFO  [org.apa.kaf.cli.con.int.ConsumerCoordinator] (Thread-867) [Consumer clientId=consumer-Consumer-topic-ba82e374_5434_4bdd_9d60_07e611dbed87-34, groupId=Consumer-topic-ba82e374_5434_4bdd_9d60_07e611dbed87] Request joining group due to: consumer pro-actively leaving the group
2025-07-31 20:45:08,669 INFO  [org.apa.kaf.com.met.Metrics] (Thread-867) Metrics scheduler closed
2025-07-31 20:45:08,669 INFO  [org.apa.kaf.com.met.Metrics] (Thread-867) Closing reporter org.apache.kafka.common.metrics.JmxReporter
2025-07-31 20:45:08,669 INFO  [org.apa.kaf.com.met.Metrics] (Thread-867) Closing reporter org.apache.kafka.common.telemetry.internals.ClientTelemetryReporter
2025-07-31 20:45:08,669 INFO  [org.apa.kaf.com.met.Metrics] (Thread-867) Metrics reporters closed
2025-07-31 20:45:08,671 INFO  [org.apa.kaf.com.uti.AppInfoParser] (Thread-867) App info kafka.consumer for consumer-Consumer-topic-ba82e374_5434_4bdd_9d60_07e611dbed87-34 unregistered
**** Registry Base URL: http://registry-app-mysql.apps.ci419.apicurio-testing.org:80
2025-07-31 20:45:09,861 INFO  [org.apa.kaf.cli.pro.ProducerConfig] (main) ProducerConfig values: 
	acks = -1
	auto.include.jmx.reporter = true
	batch.size = 16384
	bootstrap.servers = [PLAINTEXT://localhost:32770]
	buffer.memory = 33554432
	client.dns.lookup = use_all_dns_ips
	client.id = Producer-topic-ba82e374_5434_4bdd_9d60_07e611dbed87
	compression.gzip.level = -1
	compression.lz4.level = 9
	compression.type = none
	compression.zstd.level = 3
	connections.max.idle.ms = 10000
	delivery.timeout.ms = 120000
	enable.idempotence = true
	enable.metrics.push = true
	interceptor.classes = []
	key.serializer = class org.apache.kafka.common.serialization.StringSerializer
	linger.ms = 0
	max.block.ms = 60000
	max.in.flight.requests.per.connection = 5
	max.request.size = 1048576
	metadata.max.age.ms = 300000
	metadata.max.idle.ms = 300000
	metadata.recovery.strategy = none
	metric.reporters = []
	metrics.num.samples = 2
	metrics.recording.level = INFO
	metrics.sample.window.ms = 30000
	partitioner.adaptive.partitioning.enable = true
	partitioner.availability.timeout.ms = 0
	partitioner.class = null
	partitioner.ignore.keys = false
	receive.buffer.bytes = 32768
	reconnect.backoff.max.ms = 1000
	reconnect.backoff.ms = 50
	request.timeout.ms = 5000
	retries = 2147483647
	retry.backoff.max.ms = 1000
	retry.backoff.ms = 100
	sasl.client.callback.handler.class = null
	sasl.jaas.config = null
	sasl.kerberos.kinit.cmd = /usr/bin/kinit
	sasl.kerberos.min.time.before.relogin = 60000
	sasl.kerberos.service.name = null
	sasl.kerberos.ticket.renew.jitter = 0.05
	sasl.kerberos.ticket.renew.window.factor = 0.8
	sasl.login.callback.handler.class = null
	sasl.login.class = null
	sasl.login.connect.timeout.ms = null
	sasl.login.read.timeout.ms = null
	sasl.login.refresh.buffer.seconds = 300
	sasl.login.refresh.min.period.seconds = 60
	sasl.login.refresh.window.factor = 0.8
	sasl.login.refresh.window.jitter = 0.05
	sasl.login.retry.backoff.max.ms = 10000
	sasl.login.retry.backoff.ms = 100
	sasl.mechanism = GSSAPI
	sasl.oauthbearer.clock.skew.seconds = 30
	sasl.oauthbearer.expected.audience = null
	sasl.oauthbearer.expected.issuer = null
	sasl.oauthbearer.header.urlencode = false
	sasl.oauthbearer.jwks.endpoint.refresh.ms = 3600000
	sasl.oauthbearer.jwks.endpoint.retry.backoff.max.ms = 10000
	sasl.oauthbearer.jwks.endpoint.retry.backoff.ms = 100
	sasl.oauthbearer.jwks.endpoint.url = null
	sasl.oauthbearer.scope.claim.name = scope
	sasl.oauthbearer.sub.claim.name = sub
	sasl.oauthbearer.token.endpoint.url = null
	security.protocol = PLAINTEXT
	security.providers = null
	send.buffer.bytes = 131072
	socket.connection.setup.timeout.max.ms = 30000
	socket.connection.setup.timeout.ms = 10000
	ssl.cipher.suites = null
	ssl.enabled.protocols = [TLSv1.2, TLSv1.3]
	ssl.endpoint.identification.algorithm = https
	ssl.engine.factory.class = null
	ssl.key.password = null
	ssl.keymanager.algorithm = SunX509
	ssl.keystore.certificate.chain = null
	ssl.keystore.key = null
	ssl.keystore.location = null
	ssl.keystore.password = null
	ssl.keystore.type = JKS
	ssl.protocol = TLSv1.3
	ssl.provider = null
	ssl.secure.random.implementation = null
	ssl.trustmanager.algorithm = PKIX
	ssl.truststore.certificates = null
	ssl.truststore.location = null
	ssl.truststore.password = null
	ssl.truststore.type = JKS
	transaction.timeout.ms = 60000
	transactional.id = null
	value.serializer = class io.confluent.kafka.serializers.KafkaAvroSerializer

2025-07-31 20:45:09,862 INFO  [org.apa.kaf.com.tel.int.KafkaMetricsCollector] (main) initializing Kafka metrics collector
2025-07-31 20:45:09,862 INFO  [io.con.kaf.ser.KafkaAvroSerializerConfig] (main) KafkaAvroSerializerConfig values: 
	auto.register.schemas = false
	avro.reflection.allow.null = false
	avro.remove.java.properties = false
	avro.use.logical.type.converters = false
	basic.auth.credentials.source = URL
	basic.auth.user.info = [hidden]
	bearer.auth.cache.expiry.buffer.seconds = 300
	bearer.auth.client.id = null
	bearer.auth.client.secret = null
	bearer.auth.credentials.source = STATIC_TOKEN
	bearer.auth.custom.provider.class = null
	bearer.auth.identity.pool.id = null
	bearer.auth.issuer.endpoint.url = null
	bearer.auth.logical.cluster = null
	bearer.auth.scope = null
	bearer.auth.scope.claim.name = scope
	bearer.auth.sub.claim.name = sub
	bearer.auth.token = [hidden]
	context.name.strategy = class io.confluent.kafka.serializers.context.NullContextNameStrategy
	http.connect.timeout.ms = 60000
	http.read.timeout.ms = 60000
	id.compatibility.strict = true
	key.schema.id.deserializer = class io.confluent.kafka.serializers.schema.id.DualSchemaIdDeserializer
	key.schema.id.serializer = class io.confluent.kafka.serializers.schema.id.PrefixSchemaIdSerializer
	key.subject.name.strategy = class io.confluent.kafka.serializers.subject.TopicNameStrategy
	latest.cache.size = 1000
	latest.cache.ttl.sec = -1
	latest.compatibility.strict = true
	max.retries = 3
	max.schemas.per.subject = 1000
	normalize.schemas = false
	propagate.schema.tags = false
	proxy.host = 
	proxy.port = -1
	retries.max.wait.ms = 20000
	retries.wait.ms = 1000
	rule.actions = []
	rule.executors = []
	rule.service.loader.enable = true
	schema.format = null
	schema.reflection = false
	schema.registry.basic.auth.user.info = [hidden]
	schema.registry.ssl.cipher.suites = null
	schema.registry.ssl.enabled.protocols = [TLSv1.2, TLSv1.3]
	schema.registry.ssl.endpoint.identification.algorithm = https
	schema.registry.ssl.engine.factory.class = null
	schema.registry.ssl.key.password = null
	schema.registry.ssl.keymanager.algorithm = SunX509
	schema.registry.ssl.keystore.certificate.chain = null
	schema.registry.ssl.keystore.key = null
	schema.registry.ssl.keystore.location = null
	schema.registry.ssl.keystore.password = null
	schema.registry.ssl.keystore.type = JKS
	schema.registry.ssl.protocol = TLSv1.3
	schema.registry.ssl.provider = null
	schema.registry.ssl.secure.random.implementation = null
	schema.registry.ssl.trustmanager.algorithm = PKIX
	schema.registry.ssl.truststore.certificates = null
	schema.registry.ssl.truststore.location = null
	schema.registry.ssl.truststore.password = null
	schema.registry.ssl.truststore.type = JKS
	schema.registry.url = [http://registry-app-mysql.apps.ci419.apicurio-testing.org:80/apis/ccompat/v7]
	schema.registry.url.randomize = false
	use.latest.version = false
	use.latest.with.metadata = null
	use.schema.id = -1
	value.schema.id.deserializer = class io.confluent.kafka.serializers.schema.id.DualSchemaIdDeserializer
	value.schema.id.serializer = class io.confluent.kafka.serializers.schema.id.PrefixSchemaIdSerializer
	value.subject.name.strategy = class io.confluent.kafka.serializers.subject.TopicRecordNameStrategy

2025-07-31 20:45:09,864 INFO  [org.apa.kaf.cli.pro.KafkaProducer] (main) [Producer clientId=Producer-topic-ba82e374_5434_4bdd_9d60_07e611dbed87] Instantiated an idempotent producer.
2025-07-31 20:45:09,865 INFO  [org.apa.kaf.cli.pro.ProducerConfig] (main) These configurations '[schema.registry.url, auto.register.schemas, value.subject.name.strategy]' were supplied but are not used yet.
2025-07-31 20:45:09,865 INFO  [org.apa.kaf.com.uti.AppInfoParser] (main) Kafka version: 3.9.1
2025-07-31 20:45:09,865 INFO  [org.apa.kaf.com.uti.AppInfoParser] (main) Kafka commitId: f745dfdcee2b9851
2025-07-31 20:45:09,865 INFO  [org.apa.kaf.com.uti.AppInfoParser] (main) Kafka startTimeMs: 1753994709865
2025-07-31 20:45:09,867 INFO  [io.api.tes.ser.api.KafkaSerdesTester] (Thread-868) Sending message {"key1": "value-0", "key2": "value-0"} to topic topic-ba82e374_5434_4bdd_9d60_07e611dbed87
2025-07-31 20:45:09,870 INFO  [org.apa.kaf.cli.Metadata] (kafka-producer-network-thread | Producer-topic-ba82e374_5434_4bdd_9d60_07e611dbed87) [Producer clientId=Producer-topic-ba82e374_5434_4bdd_9d60_07e611dbed87] Cluster ID: 6lKjf0w6TFCctmqQa8E77g
2025-07-31 20:45:09,870 INFO  [org.apa.kaf.cli.pro.int.TransactionManager] (kafka-producer-network-thread | Producer-topic-ba82e374_5434_4bdd_9d60_07e611dbed87) [Producer clientId=Producer-topic-ba82e374_5434_4bdd_9d60_07e611dbed87] ProducerId set to 45 with epoch 0
2025-07-31 20:45:09,955 INFO  [io.api.tes.ser.api.KafkaSerdesTester] (Thread-868) Sending message {"key1": "value-1", "key2": "value-1"} to topic topic-ba82e374_5434_4bdd_9d60_07e611dbed87
2025-07-31 20:45:09,956 INFO  [io.api.tes.ser.api.KafkaSerdesTester] (Thread-868) Sending message {"key1": "value-2", "key2": "value-2"} to topic topic-ba82e374_5434_4bdd_9d60_07e611dbed87
2025-07-31 20:45:09,958 INFO  [io.api.tes.ser.api.KafkaSerdesTester] (Thread-868) Sending message {"key1": "value-3", "key2": "value-3"} to topic topic-ba82e374_5434_4bdd_9d60_07e611dbed87
2025-07-31 20:45:09,959 INFO  [io.api.tes.ser.api.KafkaSerdesTester] (Thread-868) Sending message {"key1": "value-4", "key2": "value-4"} to topic topic-ba82e374_5434_4bdd_9d60_07e611dbed87
2025-07-31 20:45:09,960 INFO  [io.api.tes.ser.api.KafkaSerdesTester] (Thread-868) Sending message {"key1": "value-5", "key2": "value-5"} to topic topic-ba82e374_5434_4bdd_9d60_07e611dbed87
2025-07-31 20:45:09,961 INFO  [io.api.tes.ser.api.KafkaSerdesTester] (Thread-868) Sending message {"key1": "value-6", "key2": "value-6"} to topic topic-ba82e374_5434_4bdd_9d60_07e611dbed87
2025-07-31 20:45:09,962 INFO  [io.api.tes.ser.api.KafkaSerdesTester] (Thread-868) Sending message {"key1": "value-7", "key2": "value-7"} to topic topic-ba82e374_5434_4bdd_9d60_07e611dbed87
2025-07-31 20:45:09,963 INFO  [io.api.tes.ser.api.KafkaSerdesTester] (Thread-868) Sending message {"key1": "value-8", "key2": "value-8"} to topic topic-ba82e374_5434_4bdd_9d60_07e611dbed87
2025-07-31 20:45:09,964 INFO  [io.api.tes.ser.api.KafkaSerdesTester] (Thread-868) Sending message {"key1": "value-9", "key2": "value-9"} to topic topic-ba82e374_5434_4bdd_9d60_07e611dbed87
2025-07-31 20:45:09,965 INFO  [io.api.tes.ser.api.KafkaSerdesTester] (Thread-868) Produced 10 messages
2025-07-31 20:45:09,966 INFO  [org.apa.kaf.cli.pro.KafkaProducer] (Thread-868) [Producer clientId=Producer-topic-ba82e374_5434_4bdd_9d60_07e611dbed87] Closing the Kafka producer with timeoutMillis = 9223372036854775807 ms.
2025-07-31 20:45:09,968 INFO  [org.apa.kaf.com.met.Metrics] (Thread-868) Metrics scheduler closed
2025-07-31 20:45:09,968 INFO  [org.apa.kaf.com.met.Metrics] (Thread-868) Closing reporter org.apache.kafka.common.metrics.JmxReporter
2025-07-31 20:45:09,968 INFO  [org.apa.kaf.com.met.Metrics] (Thread-868) Closing reporter org.apache.kafka.common.telemetry.internals.ClientTelemetryReporter
2025-07-31 20:45:09,968 INFO  [org.apa.kaf.com.met.Metrics] (Thread-868) Metrics reporters closed
2025-07-31 20:45:09,968 INFO  [org.apa.kaf.com.uti.AppInfoParser] (Thread-868) App info kafka.producer for Producer-topic-ba82e374_5434_4bdd_9d60_07e611dbed87 unregistered
**** Registry Base URL: http://registry-app-mysql.apps.ci419.apicurio-testing.org:80
2025-07-31 20:45:09,968 INFO  [org.apa.kaf.cli.pro.ProducerConfig] (main) ProducerConfig values: 
	acks = -1
	auto.include.jmx.reporter = true
	batch.size = 16384
	bootstrap.servers = [PLAINTEXT://localhost:32770]
	buffer.memory = 33554432
	client.dns.lookup = use_all_dns_ips
	client.id = Producer-topic-ba82e374_5434_4bdd_9d60_07e611dbed87
	compression.gzip.level = -1
	compression.lz4.level = 9
	compression.type = none
	compression.zstd.level = 3
	connections.max.idle.ms = 10000
	delivery.timeout.ms = 120000
	enable.idempotence = true
	enable.metrics.push = true
	interceptor.classes = []
	key.serializer = class org.apache.kafka.common.serialization.StringSerializer
	linger.ms = 0
	max.block.ms = 60000
	max.in.flight.requests.per.connection = 5
	max.request.size = 1048576
	metadata.max.age.ms = 300000
	metadata.max.idle.ms = 300000
	metadata.recovery.strategy = none
	metric.reporters = []
	metrics.num.samples = 2
	metrics.recording.level = INFO
	metrics.sample.window.ms = 30000
	partitioner.adaptive.partitioning.enable = true
	partitioner.availability.timeout.ms = 0
	partitioner.class = null
	partitioner.ignore.keys = false
	receive.buffer.bytes = 32768
	reconnect.backoff.max.ms = 1000
	reconnect.backoff.ms = 50
	request.timeout.ms = 5000
	retries = 2147483647
	retry.backoff.max.ms = 1000
	retry.backoff.ms = 100
	sasl.client.callback.handler.class = null
	sasl.jaas.config = null
	sasl.kerberos.kinit.cmd = /usr/bin/kinit
	sasl.kerberos.min.time.before.relogin = 60000
	sasl.kerberos.service.name = null
	sasl.kerberos.ticket.renew.jitter = 0.05
	sasl.kerberos.ticket.renew.window.factor = 0.8
	sasl.login.callback.handler.class = null
	sasl.login.class = null
	sasl.login.connect.timeout.ms = null
	sasl.login.read.timeout.ms = null
	sasl.login.refresh.buffer.seconds = 300
	sasl.login.refresh.min.period.seconds = 60
	sasl.login.refresh.window.factor = 0.8
	sasl.login.refresh.window.jitter = 0.05
	sasl.login.retry.backoff.max.ms = 10000
	sasl.login.retry.backoff.ms = 100
	sasl.mechanism = GSSAPI
	sasl.oauthbearer.clock.skew.seconds = 30
	sasl.oauthbearer.expected.audience = null
	sasl.oauthbearer.expected.issuer = null
	sasl.oauthbearer.header.urlencode = false
	sasl.oauthbearer.jwks.endpoint.refresh.ms = 3600000
	sasl.oauthbearer.jwks.endpoint.retry.backoff.max.ms = 10000
	sasl.oauthbearer.jwks.endpoint.retry.backoff.ms = 100
	sasl.oauthbearer.jwks.endpoint.url = null
	sasl.oauthbearer.scope.claim.name = scope
	sasl.oauthbearer.sub.claim.name = sub
	sasl.oauthbearer.token.endpoint.url = null
	security.protocol = PLAINTEXT
	security.providers = null
	send.buffer.bytes = 131072
	socket.connection.setup.timeout.max.ms = 30000
	socket.connection.setup.timeout.ms = 10000
	ssl.cipher.suites = null
	ssl.enabled.protocols = [TLSv1.2, TLSv1.3]
	ssl.endpoint.identification.algorithm = https
	ssl.engine.factory.class = null
	ssl.key.password = null
	ssl.keymanager.algorithm = SunX509
	ssl.keystore.certificate.chain = null
	ssl.keystore.key = null
	ssl.keystore.location = null
	ssl.keystore.password = null
	ssl.keystore.type = JKS
	ssl.protocol = TLSv1.3
	ssl.provider = null
	ssl.secure.random.implementation = null
	ssl.trustmanager.algorithm = PKIX
	ssl.truststore.certificates = null
	ssl.truststore.location = null
	ssl.truststore.password = null
	ssl.truststore.type = JKS
	transaction.timeout.ms = 60000
	transactional.id = null
	value.serializer = class io.confluent.kafka.serializers.KafkaAvroSerializer

2025-07-31 20:45:09,969 INFO  [org.apa.kaf.com.tel.int.KafkaMetricsCollector] (main) initializing Kafka metrics collector
2025-07-31 20:45:09,969 INFO  [io.con.kaf.ser.KafkaAvroSerializerConfig] (main) KafkaAvroSerializerConfig values: 
	auto.register.schemas = false
	avro.reflection.allow.null = false
	avro.remove.java.properties = false
	avro.use.logical.type.converters = false
	basic.auth.credentials.source = URL
	basic.auth.user.info = [hidden]
	bearer.auth.cache.expiry.buffer.seconds = 300
	bearer.auth.client.id = null
	bearer.auth.client.secret = null
	bearer.auth.credentials.source = STATIC_TOKEN
	bearer.auth.custom.provider.class = null
	bearer.auth.identity.pool.id = null
	bearer.auth.issuer.endpoint.url = null
	bearer.auth.logical.cluster = null
	bearer.auth.scope = null
	bearer.auth.scope.claim.name = scope
	bearer.auth.sub.claim.name = sub
	bearer.auth.token = [hidden]
	context.name.strategy = class io.confluent.kafka.serializers.context.NullContextNameStrategy
	http.connect.timeout.ms = 60000
	http.read.timeout.ms = 60000
	id.compatibility.strict = true
	key.schema.id.deserializer = class io.confluent.kafka.serializers.schema.id.DualSchemaIdDeserializer
	key.schema.id.serializer = class io.confluent.kafka.serializers.schema.id.PrefixSchemaIdSerializer
	key.subject.name.strategy = class io.confluent.kafka.serializers.subject.TopicNameStrategy
	latest.cache.size = 1000
	latest.cache.ttl.sec = -1
	latest.compatibility.strict = true
	max.retries = 3
	max.schemas.per.subject = 1000
	normalize.schemas = false
	propagate.schema.tags = false
	proxy.host = 
	proxy.port = -1
	retries.max.wait.ms = 20000
	retries.wait.ms = 1000
	rule.actions = []
	rule.executors = []
	rule.service.loader.enable = true
	schema.format = null
	schema.reflection = false
	schema.registry.basic.auth.user.info = [hidden]
	schema.registry.ssl.cipher.suites = null
	schema.registry.ssl.enabled.protocols = [TLSv1.2, TLSv1.3]
	schema.registry.ssl.endpoint.identification.algorithm = https
	schema.registry.ssl.engine.factory.class = null
	schema.registry.ssl.key.password = null
	schema.registry.ssl.keymanager.algorithm = SunX509
	schema.registry.ssl.keystore.certificate.chain = null
	schema.registry.ssl.keystore.key = null
	schema.registry.ssl.keystore.location = null
	schema.registry.ssl.keystore.password = null
	schema.registry.ssl.keystore.type = JKS
	schema.registry.ssl.protocol = TLSv1.3
	schema.registry.ssl.provider = null
	schema.registry.ssl.secure.random.implementation = null
	schema.registry.ssl.trustmanager.algorithm = PKIX
	schema.registry.ssl.truststore.certificates = null
	schema.registry.ssl.truststore.location = null
	schema.registry.ssl.truststore.password = null
	schema.registry.ssl.truststore.type = JKS
	schema.registry.url = [http://registry-app-mysql.apps.ci419.apicurio-testing.org:80/apis/ccompat/v7]
	schema.registry.url.randomize = false
	use.latest.version = false
	use.latest.with.metadata = null
	use.schema.id = -1
	value.schema.id.deserializer = class io.confluent.kafka.serializers.schema.id.DualSchemaIdDeserializer
	value.schema.id.serializer = class io.confluent.kafka.serializers.schema.id.PrefixSchemaIdSerializer
	value.subject.name.strategy = class io.confluent.kafka.serializers.subject.TopicRecordNameStrategy

2025-07-31 20:45:09,971 INFO  [org.apa.kaf.cli.pro.KafkaProducer] (main) [Producer clientId=Producer-topic-ba82e374_5434_4bdd_9d60_07e611dbed87] Instantiated an idempotent producer.
2025-07-31 20:45:09,973 INFO  [org.apa.kaf.cli.pro.ProducerConfig] (main) These configurations '[schema.registry.url, auto.register.schemas, value.subject.name.strategy]' were supplied but are not used yet.
2025-07-31 20:45:09,973 INFO  [org.apa.kaf.com.uti.AppInfoParser] (main) Kafka version: 3.9.1
2025-07-31 20:45:09,973 INFO  [org.apa.kaf.com.uti.AppInfoParser] (main) Kafka commitId: f745dfdcee2b9851
2025-07-31 20:45:09,973 INFO  [org.apa.kaf.com.uti.AppInfoParser] (main) Kafka startTimeMs: 1753994709973
2025-07-31 20:45:09,974 INFO  [io.api.tes.ser.api.KafkaSerdesTester] (Thread-869) Sending message {"key1": "value-0"} to topic topic-ba82e374_5434_4bdd_9d60_07e611dbed87
2025-07-31 20:45:09,979 INFO  [org.apa.kaf.cli.Metadata] (kafka-producer-network-thread | Producer-topic-ba82e374_5434_4bdd_9d60_07e611dbed87) [Producer clientId=Producer-topic-ba82e374_5434_4bdd_9d60_07e611dbed87] Cluster ID: 6lKjf0w6TFCctmqQa8E77g
2025-07-31 20:45:09,979 INFO  [org.apa.kaf.cli.pro.int.TransactionManager] (kafka-producer-network-thread | Producer-topic-ba82e374_5434_4bdd_9d60_07e611dbed87) [Producer clientId=Producer-topic-ba82e374_5434_4bdd_9d60_07e611dbed87] ProducerId set to 46 with epoch 0
2025-07-31 20:45:10,065 INFO  [io.api.tes.ser.api.KafkaSerdesTester] (Thread-869) Sending message {"key1": "value-1"} to topic topic-ba82e374_5434_4bdd_9d60_07e611dbed87
2025-07-31 20:45:10,066 INFO  [io.api.tes.ser.api.KafkaSerdesTester] (Thread-869) Sending message {"key1": "value-2"} to topic topic-ba82e374_5434_4bdd_9d60_07e611dbed87
2025-07-31 20:45:10,067 INFO  [io.api.tes.ser.api.KafkaSerdesTester] (Thread-869) Sending message {"key1": "value-3"} to topic topic-ba82e374_5434_4bdd_9d60_07e611dbed87
2025-07-31 20:45:10,068 INFO  [io.api.tes.ser.api.KafkaSerdesTester] (Thread-869) Sending message {"key1": "value-4"} to topic topic-ba82e374_5434_4bdd_9d60_07e611dbed87
2025-07-31 20:45:10,068 INFO  [io.api.tes.ser.api.KafkaSerdesTester] (Thread-869) Sending message {"key1": "value-5"} to topic topic-ba82e374_5434_4bdd_9d60_07e611dbed87
2025-07-31 20:45:10,069 INFO  [io.api.tes.ser.api.KafkaSerdesTester] (Thread-869) Sending message {"key1": "value-6"} to topic topic-ba82e374_5434_4bdd_9d60_07e611dbed87
2025-07-31 20:45:10,070 INFO  [io.api.tes.ser.api.KafkaSerdesTester] (Thread-869) Sending message {"key1": "value-7"} to topic topic-ba82e374_5434_4bdd_9d60_07e611dbed87
2025-07-31 20:45:10,071 INFO  [io.api.tes.ser.api.KafkaSerdesTester] (Thread-869) Sending message {"key1": "value-8"} to topic topic-ba82e374_5434_4bdd_9d60_07e611dbed87
2025-07-31 20:45:10,072 INFO  [io.api.tes.ser.api.KafkaSerdesTester] (Thread-869) Sending message {"key1": "value-9"} to topic topic-ba82e374_5434_4bdd_9d60_07e611dbed87
2025-07-31 20:45:10,073 INFO  [io.api.tes.ser.api.KafkaSerdesTester] (Thread-869) Produced 10 messages
2025-07-31 20:45:10,073 INFO  [org.apa.kaf.cli.pro.KafkaProducer] (Thread-869) [Producer clientId=Producer-topic-ba82e374_5434_4bdd_9d60_07e611dbed87] Closing the Kafka producer with timeoutMillis = 9223372036854775807 ms.
2025-07-31 20:45:10,075 INFO  [org.apa.kaf.com.met.Metrics] (Thread-869) Metrics scheduler closed
2025-07-31 20:45:10,075 INFO  [org.apa.kaf.com.met.Metrics] (Thread-869) Closing reporter org.apache.kafka.common.metrics.JmxReporter
2025-07-31 20:45:10,075 INFO  [org.apa.kaf.com.met.Metrics] (Thread-869) Closing reporter org.apache.kafka.common.telemetry.internals.ClientTelemetryReporter
2025-07-31 20:45:10,075 INFO  [org.apa.kaf.com.met.Metrics] (Thread-869) Metrics reporters closed
2025-07-31 20:45:10,075 INFO  [org.apa.kaf.com.uti.AppInfoParser] (Thread-869) App info kafka.producer for Producer-topic-ba82e374_5434_4bdd_9d60_07e611dbed87 unregistered
**** Registry Base URL: http://registry-app-mysql.apps.ci419.apicurio-testing.org:80
2025-07-31 20:45:10,076 INFO  [org.apa.kaf.cli.con.ConsumerConfig] (main) ConsumerConfig values: 
	allow.auto.create.topics = true
	auto.commit.interval.ms = 500
	auto.include.jmx.reporter = true
	auto.offset.reset = earliest
	bootstrap.servers = [PLAINTEXT://localhost:32770]
	check.crcs = true
	client.dns.lookup = use_all_dns_ips
	client.id = consumer-Consumer-topic-ba82e374_5434_4bdd_9d60_07e611dbed87-35
	client.rack = 
	connections.max.idle.ms = 10000
	default.api.timeout.ms = 60000
	enable.auto.commit = true
	enable.metrics.push = true
	exclude.internal.topics = true
	fetch.max.bytes = 52428800
	fetch.max.wait.ms = 500
	fetch.min.bytes = 1
	group.id = Consumer-topic-ba82e374_5434_4bdd_9d60_07e611dbed87
	group.instance.id = null
	group.protocol = classic
	group.remote.assignor = null
	heartbeat.interval.ms = 3000
	interceptor.classes = []
	internal.leave.group.on.close = true
	internal.throw.on.fetch.stable.offset.unsupported = false
	isolation.level = read_uncommitted
	key.deserializer = class org.apache.kafka.common.serialization.StringDeserializer
	max.partition.fetch.bytes = 1048576
	max.poll.interval.ms = 300000
	max.poll.records = 500
	metadata.max.age.ms = 300000
	metadata.recovery.strategy = none
	metric.reporters = []
	metrics.num.samples = 2
	metrics.recording.level = INFO
	metrics.sample.window.ms = 30000
	partition.assignment.strategy = [class org.apache.kafka.clients.consumer.RangeAssignor, class org.apache.kafka.clients.consumer.CooperativeStickyAssignor]
	receive.buffer.bytes = 65536
	reconnect.backoff.max.ms = 1000
	reconnect.backoff.ms = 50
	request.timeout.ms = 5000
	retry.backoff.max.ms = 1000
	retry.backoff.ms = 100
	sasl.client.callback.handler.class = null
	sasl.jaas.config = null
	sasl.kerberos.kinit.cmd = /usr/bin/kinit
	sasl.kerberos.min.time.before.relogin = 60000
	sasl.kerberos.service.name = null
	sasl.kerberos.ticket.renew.jitter = 0.05
	sasl.kerberos.ticket.renew.window.factor = 0.8
	sasl.login.callback.handler.class = null
	sasl.login.class = null
	sasl.login.connect.timeout.ms = null
	sasl.login.read.timeout.ms = null
	sasl.login.refresh.buffer.seconds = 300
	sasl.login.refresh.min.period.seconds = 60
	sasl.login.refresh.window.factor = 0.8
	sasl.login.refresh.window.jitter = 0.05
	sasl.login.retry.backoff.max.ms = 10000
	sasl.login.retry.backoff.ms = 100
	sasl.mechanism = GSSAPI
	sasl.oauthbearer.clock.skew.seconds = 30
	sasl.oauthbearer.expected.audience = null
	sasl.oauthbearer.expected.issuer = null
	sasl.oauthbearer.header.urlencode = false
	sasl.oauthbearer.jwks.endpoint.refresh.ms = 3600000
	sasl.oauthbearer.jwks.endpoint.retry.backoff.max.ms = 10000
	sasl.oauthbearer.jwks.endpoint.retry.backoff.ms = 100
	sasl.oauthbearer.jwks.endpoint.url = null
	sasl.oauthbearer.scope.claim.name = scope
	sasl.oauthbearer.sub.claim.name = sub
	sasl.oauthbearer.token.endpoint.url = null
	security.protocol = PLAINTEXT
	security.providers = null
	send.buffer.bytes = 131072
	session.timeout.ms = 45000
	socket.connection.setup.timeout.max.ms = 30000
	socket.connection.setup.timeout.ms = 10000
	ssl.cipher.suites = null
	ssl.enabled.protocols = [TLSv1.2, TLSv1.3]
	ssl.endpoint.identification.algorithm = https
	ssl.engine.factory.class = null
	ssl.key.password = null
	ssl.keymanager.algorithm = SunX509
	ssl.keystore.certificate.chain = null
	ssl.keystore.key = null
	ssl.keystore.location = null
	ssl.keystore.password = null
	ssl.keystore.type = JKS
	ssl.protocol = TLSv1.3
	ssl.provider = null
	ssl.secure.random.implementation = null
	ssl.trustmanager.algorithm = PKIX
	ssl.truststore.certificates = null
	ssl.truststore.location = null
	ssl.truststore.password = null
	ssl.truststore.type = JKS
	value.deserializer = class io.confluent.kafka.serializers.KafkaAvroDeserializer

2025-07-31 20:45:10,076 INFO  [org.apa.kaf.com.tel.int.KafkaMetricsCollector] (main) initializing Kafka metrics collector
2025-07-31 20:45:10,076 INFO  [io.con.kaf.ser.KafkaAvroDeserializerConfig] (main) KafkaAvroDeserializerConfig values: 
	auto.register.schemas = true
	avro.reflection.allow.null = false
	avro.use.logical.type.converters = false
	basic.auth.credentials.source = URL
	basic.auth.user.info = [hidden]
	bearer.auth.cache.expiry.buffer.seconds = 300
	bearer.auth.client.id = null
	bearer.auth.client.secret = null
	bearer.auth.credentials.source = STATIC_TOKEN
	bearer.auth.custom.provider.class = null
	bearer.auth.identity.pool.id = null
	bearer.auth.issuer.endpoint.url = null
	bearer.auth.logical.cluster = null
	bearer.auth.scope = null
	bearer.auth.scope.claim.name = scope
	bearer.auth.sub.claim.name = sub
	bearer.auth.token = [hidden]
	context.name.strategy = class io.confluent.kafka.serializers.context.NullContextNameStrategy
	http.connect.timeout.ms = 60000
	http.read.timeout.ms = 60000
	id.compatibility.strict = true
	key.schema.id.deserializer = class io.confluent.kafka.serializers.schema.id.DualSchemaIdDeserializer
	key.schema.id.serializer = class io.confluent.kafka.serializers.schema.id.PrefixSchemaIdSerializer
	key.subject.name.strategy = class io.confluent.kafka.serializers.subject.TopicNameStrategy
	latest.cache.size = 1000
	latest.cache.ttl.sec = -1
	latest.compatibility.strict = true
	max.retries = 3
	max.schemas.per.subject = 1000
	normalize.schemas = false
	propagate.schema.tags = false
	proxy.host = 
	proxy.port = -1
	retries.max.wait.ms = 20000
	retries.wait.ms = 1000
	rule.actions = []
	rule.executors = []
	rule.service.loader.enable = true
	schema.format = null
	schema.reflection = false
	schema.registry.basic.auth.user.info = [hidden]
	schema.registry.ssl.cipher.suites = null
	schema.registry.ssl.enabled.protocols = [TLSv1.2, TLSv1.3]
	schema.registry.ssl.endpoint.identification.algorithm = https
	schema.registry.ssl.engine.factory.class = null
	schema.registry.ssl.key.password = null
	schema.registry.ssl.keymanager.algorithm = SunX509
	schema.registry.ssl.keystore.certificate.chain = null
	schema.registry.ssl.keystore.key = null
	schema.registry.ssl.keystore.location = null
	schema.registry.ssl.keystore.password = null
	schema.registry.ssl.keystore.type = JKS
	schema.registry.ssl.protocol = TLSv1.3
	schema.registry.ssl.provider = null
	schema.registry.ssl.secure.random.implementation = null
	schema.registry.ssl.trustmanager.algorithm = PKIX
	schema.registry.ssl.truststore.certificates = null
	schema.registry.ssl.truststore.location = null
	schema.registry.ssl.truststore.password = null
	schema.registry.ssl.truststore.type = JKS
	schema.registry.url = [http://registry-app-mysql.apps.ci419.apicurio-testing.org:80/apis/ccompat/v7]
	schema.registry.url.randomize = false
	specific.avro.key.type = null
	specific.avro.reader = false
	specific.avro.value.type = null
	use.latest.version = false
	use.latest.with.metadata = null
	use.schema.id = -1
	value.schema.id.deserializer = class io.confluent.kafka.serializers.schema.id.DualSchemaIdDeserializer
	value.schema.id.serializer = class io.confluent.kafka.serializers.schema.id.PrefixSchemaIdSerializer
	value.subject.name.strategy = class io.confluent.kafka.serializers.subject.TopicNameStrategy

2025-07-31 20:45:10,079 INFO  [org.apa.kaf.cli.con.ConsumerConfig] (main) These configurations '[schema.registry.url]' were supplied but are not used yet.
2025-07-31 20:45:10,079 INFO  [org.apa.kaf.com.uti.AppInfoParser] (main) Kafka version: 3.9.1
2025-07-31 20:45:10,079 INFO  [org.apa.kaf.com.uti.AppInfoParser] (main) Kafka commitId: f745dfdcee2b9851
2025-07-31 20:45:10,079 INFO  [org.apa.kaf.com.uti.AppInfoParser] (main) Kafka startTimeMs: 1753994710079
2025-07-31 20:45:10,080 INFO  [org.apa.kaf.cli.con.int.ClassicKafkaConsumer] (Thread-870) [Consumer clientId=consumer-Consumer-topic-ba82e374_5434_4bdd_9d60_07e611dbed87-35, groupId=Consumer-topic-ba82e374_5434_4bdd_9d60_07e611dbed87] Subscribed to topic(s): topic-ba82e374_5434_4bdd_9d60_07e611dbed87
2025-07-31 20:45:10,083 INFO  [org.apa.kaf.cli.Metadata] (Thread-870) [Consumer clientId=consumer-Consumer-topic-ba82e374_5434_4bdd_9d60_07e611dbed87-35, groupId=Consumer-topic-ba82e374_5434_4bdd_9d60_07e611dbed87] Cluster ID: 6lKjf0w6TFCctmqQa8E77g
2025-07-31 20:45:10,083 INFO  [org.apa.kaf.cli.con.int.ConsumerCoordinator] (Thread-870) [Consumer clientId=consumer-Consumer-topic-ba82e374_5434_4bdd_9d60_07e611dbed87-35, groupId=Consumer-topic-ba82e374_5434_4bdd_9d60_07e611dbed87] Discovered group coordinator localhost:32770 (id: 2147483647 rack: null)
2025-07-31 20:45:10,084 INFO  [org.apa.kaf.cli.con.int.ConsumerCoordinator] (Thread-870) [Consumer clientId=consumer-Consumer-topic-ba82e374_5434_4bdd_9d60_07e611dbed87-35, groupId=Consumer-topic-ba82e374_5434_4bdd_9d60_07e611dbed87] (Re-)joining group
2025-07-31 20:45:10,086 INFO  [org.apa.kaf.cli.con.int.ConsumerCoordinator] (Thread-870) [Consumer clientId=consumer-Consumer-topic-ba82e374_5434_4bdd_9d60_07e611dbed87-35, groupId=Consumer-topic-ba82e374_5434_4bdd_9d60_07e611dbed87] Request joining group due to: need to re-join with the given member-id: consumer-Consumer-topic-ba82e374_5434_4bdd_9d60_07e611dbed87-35-695a24a1-7bd8-4dfd-be1f-3e59c4645035
2025-07-31 20:45:10,086 INFO  [org.apa.kaf.cli.con.int.ConsumerCoordinator] (Thread-870) [Consumer clientId=consumer-Consumer-topic-ba82e374_5434_4bdd_9d60_07e611dbed87-35, groupId=Consumer-topic-ba82e374_5434_4bdd_9d60_07e611dbed87] (Re-)joining group
2025-07-31 20:45:10,088 INFO  [org.apa.kaf.cli.con.int.ConsumerCoordinator] (Thread-870) [Consumer clientId=consumer-Consumer-topic-ba82e374_5434_4bdd_9d60_07e611dbed87-35, groupId=Consumer-topic-ba82e374_5434_4bdd_9d60_07e611dbed87] Successfully joined group with generation Generation{generationId=3, memberId='consumer-Consumer-topic-ba82e374_5434_4bdd_9d60_07e611dbed87-35-695a24a1-7bd8-4dfd-be1f-3e59c4645035', protocol='range'}
2025-07-31 20:45:10,088 INFO  [org.apa.kaf.cli.con.int.ConsumerCoordinator] (Thread-870) [Consumer clientId=consumer-Consumer-topic-ba82e374_5434_4bdd_9d60_07e611dbed87-35, groupId=Consumer-topic-ba82e374_5434_4bdd_9d60_07e611dbed87] Finished assignment for group at generation 3: {consumer-Consumer-topic-ba82e374_5434_4bdd_9d60_07e611dbed87-35-695a24a1-7bd8-4dfd-be1f-3e59c4645035=Assignment(partitions=[topic-ba82e374_5434_4bdd_9d60_07e611dbed87-0])}
2025-07-31 20:45:10,090 INFO  [org.apa.kaf.cli.con.int.ConsumerCoordinator] (Thread-870) [Consumer clientId=consumer-Consumer-topic-ba82e374_5434_4bdd_9d60_07e611dbed87-35, groupId=Consumer-topic-ba82e374_5434_4bdd_9d60_07e611dbed87] Successfully synced group in generation Generation{generationId=3, memberId='consumer-Consumer-topic-ba82e374_5434_4bdd_9d60_07e611dbed87-35-695a24a1-7bd8-4dfd-be1f-3e59c4645035', protocol='range'}
2025-07-31 20:45:10,090 INFO  [org.apa.kaf.cli.con.int.ConsumerCoordinator] (Thread-870) [Consumer clientId=consumer-Consumer-topic-ba82e374_5434_4bdd_9d60_07e611dbed87-35, groupId=Consumer-topic-ba82e374_5434_4bdd_9d60_07e611dbed87] Notifying assignor about the new Assignment(partitions=[topic-ba82e374_5434_4bdd_9d60_07e611dbed87-0])
2025-07-31 20:45:10,090 INFO  [org.apa.kaf.cli.con.int.ConsumerRebalanceListenerInvoker] (Thread-870) [Consumer clientId=consumer-Consumer-topic-ba82e374_5434_4bdd_9d60_07e611dbed87-35, groupId=Consumer-topic-ba82e374_5434_4bdd_9d60_07e611dbed87] Adding newly assigned partitions: topic-ba82e374_5434_4bdd_9d60_07e611dbed87-0
2025-07-31 20:45:10,091 INFO  [org.apa.kaf.cli.con.int.ConsumerUtils] (Thread-870) Setting offset for partition topic-ba82e374_5434_4bdd_9d60_07e611dbed87-0 to the committed offset FetchPosition{offset=10, offsetEpoch=Optional[0], currentLeader=LeaderAndEpoch{leader=Optional[localhost:32770 (id: 0 rack: null)], epoch=0}}
2025-07-31 20:45:10,254 INFO  [io.api.tes.ser.api.KafkaSerdesTester] (Thread-870) topic-ba82e374_5434_4bdd_9d60_07e611dbed87 0 10 {"key1": "value-0", "key2": "value-0"}
2025-07-31 20:45:10,254 INFO  [io.api.tes.ser.api.KafkaSerdesTester] (Thread-870) topic-ba82e374_5434_4bdd_9d60_07e611dbed87 0 11 {"key1": "value-1", "key2": "value-1"}
2025-07-31 20:45:10,254 INFO  [io.api.tes.ser.api.KafkaSerdesTester] (Thread-870) topic-ba82e374_5434_4bdd_9d60_07e611dbed87 0 12 {"key1": "value-2", "key2": "value-2"}
2025-07-31 20:45:10,254 INFO  [io.api.tes.ser.api.KafkaSerdesTester] (Thread-870) topic-ba82e374_5434_4bdd_9d60_07e611dbed87 0 13 {"key1": "value-3", "key2": "value-3"}
2025-07-31 20:45:10,254 INFO  [io.api.tes.ser.api.KafkaSerdesTester] (Thread-870) topic-ba82e374_5434_4bdd_9d60_07e611dbed87 0 14 {"key1": "value-4", "key2": "value-4"}
2025-07-31 20:45:10,254 INFO  [io.api.tes.ser.api.KafkaSerdesTester] (Thread-870) topic-ba82e374_5434_4bdd_9d60_07e611dbed87 0 15 {"key1": "value-5", "key2": "value-5"}
2025-07-31 20:45:10,254 INFO  [io.api.tes.ser.api.KafkaSerdesTester] (Thread-870) topic-ba82e374_5434_4bdd_9d60_07e611dbed87 0 16 {"key1": "value-6", "key2": "value-6"}
2025-07-31 20:45:10,254 INFO  [io.api.tes.ser.api.KafkaSerdesTester] (Thread-870) topic-ba82e374_5434_4bdd_9d60_07e611dbed87 0 17 {"key1": "value-7", "key2": "value-7"}
2025-07-31 20:45:10,254 INFO  [io.api.tes.ser.api.KafkaSerdesTester] (Thread-870) topic-ba82e374_5434_4bdd_9d60_07e611dbed87 0 18 {"key1": "value-8", "key2": "value-8"}
2025-07-31 20:45:10,254 INFO  [io.api.tes.ser.api.KafkaSerdesTester] (Thread-870) topic-ba82e374_5434_4bdd_9d60_07e611dbed87 0 19 {"key1": "value-9", "key2": "value-9"}
2025-07-31 20:45:10,254 INFO  [io.api.tes.ser.api.KafkaSerdesTester] (Thread-870) topic-ba82e374_5434_4bdd_9d60_07e611dbed87 0 20 {"key1": "value-0"}
2025-07-31 20:45:10,254 INFO  [io.api.tes.ser.api.KafkaSerdesTester] (Thread-870) topic-ba82e374_5434_4bdd_9d60_07e611dbed87 0 21 {"key1": "value-1"}
2025-07-31 20:45:10,254 INFO  [io.api.tes.ser.api.KafkaSerdesTester] (Thread-870) topic-ba82e374_5434_4bdd_9d60_07e611dbed87 0 22 {"key1": "value-2"}
2025-07-31 20:45:10,254 INFO  [io.api.tes.ser.api.KafkaSerdesTester] (Thread-870) topic-ba82e374_5434_4bdd_9d60_07e611dbed87 0 23 {"key1": "value-3"}
2025-07-31 20:45:10,254 INFO  [io.api.tes.ser.api.KafkaSerdesTester] (Thread-870) topic-ba82e374_5434_4bdd_9d60_07e611dbed87 0 24 {"key1": "value-4"}
2025-07-31 20:45:10,254 INFO  [io.api.tes.ser.api.KafkaSerdesTester] (Thread-870) topic-ba82e374_5434_4bdd_9d60_07e611dbed87 0 25 {"key1": "value-5"}
2025-07-31 20:45:10,254 INFO  [io.api.tes.ser.api.KafkaSerdesTester] (Thread-870) topic-ba82e374_5434_4bdd_9d60_07e611dbed87 0 26 {"key1": "value-6"}
2025-07-31 20:45:10,254 INFO  [io.api.tes.ser.api.KafkaSerdesTester] (Thread-870) topic-ba82e374_5434_4bdd_9d60_07e611dbed87 0 27 {"key1": "value-7"}
2025-07-31 20:45:10,254 INFO  [io.api.tes.ser.api.KafkaSerdesTester] (Thread-870) topic-ba82e374_5434_4bdd_9d60_07e611dbed87 0 28 {"key1": "value-8"}
2025-07-31 20:45:10,254 INFO  [io.api.tes.ser.api.KafkaSerdesTester] (Thread-870) topic-ba82e374_5434_4bdd_9d60_07e611dbed87 0 29 {"key1": "value-9"}
2025-07-31 20:45:10,254 INFO  [io.api.tes.ser.api.KafkaSerdesTester] (Thread-870) Consumed 20 messages
2025-07-31 20:45:10,256 INFO  [org.apa.kaf.cli.con.int.ConsumerRebalanceListenerInvoker] (Thread-870) [Consumer clientId=consumer-Consumer-topic-ba82e374_5434_4bdd_9d60_07e611dbed87-35, groupId=Consumer-topic-ba82e374_5434_4bdd_9d60_07e611dbed87] Revoke previously assigned partitions topic-ba82e374_5434_4bdd_9d60_07e611dbed87-0
2025-07-31 20:45:10,256 INFO  [org.apa.kaf.cli.con.int.ConsumerCoordinator] (Thread-870) [Consumer clientId=consumer-Consumer-topic-ba82e374_5434_4bdd_9d60_07e611dbed87-35, groupId=Consumer-topic-ba82e374_5434_4bdd_9d60_07e611dbed87] Member consumer-Consumer-topic-ba82e374_5434_4bdd_9d60_07e611dbed87-35-695a24a1-7bd8-4dfd-be1f-3e59c4645035 sending LeaveGroup request to coordinator localhost:32770 (id: 2147483647 rack: null) due to the consumer is being closed
2025-07-31 20:45:10,256 INFO  [org.apa.kaf.cli.con.int.ConsumerCoordinator] (Thread-870) [Consumer clientId=consumer-Consumer-topic-ba82e374_5434_4bdd_9d60_07e611dbed87-35, groupId=Consumer-topic-ba82e374_5434_4bdd_9d60_07e611dbed87] Resetting generation and member id due to: consumer pro-actively leaving the group
2025-07-31 20:45:10,257 INFO  [org.apa.kaf.cli.con.int.ConsumerCoordinator] (Thread-870) [Consumer clientId=consumer-Consumer-topic-ba82e374_5434_4bdd_9d60_07e611dbed87-35, groupId=Consumer-topic-ba82e374_5434_4bdd_9d60_07e611dbed87] Request joining group due to: consumer pro-actively leaving the group
2025-07-31 20:45:10,757 INFO  [org.apa.kaf.com.met.Metrics] (Thread-870) Metrics scheduler closed
2025-07-31 20:45:10,757 INFO  [org.apa.kaf.com.met.Metrics] (Thread-870) Closing reporter org.apache.kafka.common.metrics.JmxReporter
2025-07-31 20:45:10,758 INFO  [org.apa.kaf.com.met.Metrics] (Thread-870) Closing reporter org.apache.kafka.common.telemetry.internals.ClientTelemetryReporter
2025-07-31 20:45:10,758 INFO  [org.apa.kaf.com.met.Metrics] (Thread-870) Metrics reporters closed
2025-07-31 20:45:10,760 INFO  [org.apa.kaf.com.uti.AppInfoParser] (Thread-870) App info kafka.consumer for consumer-Consumer-topic-ba82e374_5434_4bdd_9d60_07e611dbed87-35 unregistered
**** Registry Base URL: http://registry-app-mysql.apps.ci419.apicurio-testing.org:80
2025-07-31 20:45:11,955 INFO  [org.apa.kaf.cli.pro.ProducerConfig] (main) ProducerConfig values: 
	acks = -1
	auto.include.jmx.reporter = true
	batch.size = 16384
	bootstrap.servers = [PLAINTEXT://localhost:32770]
	buffer.memory = 33554432
	client.dns.lookup = use_all_dns_ips
	client.id = Producer-topic-ba82e374_5434_4bdd_9d60_07e611dbed87
	compression.gzip.level = -1
	compression.lz4.level = 9
	compression.type = none
	compression.zstd.level = 3
	connections.max.idle.ms = 10000
	delivery.timeout.ms = 120000
	enable.idempotence = true
	enable.metrics.push = true
	interceptor.classes = []
	key.serializer = class org.apache.kafka.common.serialization.StringSerializer
	linger.ms = 0
	max.block.ms = 60000
	max.in.flight.requests.per.connection = 5
	max.request.size = 1048576
	metadata.max.age.ms = 300000
	metadata.max.idle.ms = 300000
	metadata.recovery.strategy = none
	metric.reporters = []
	metrics.num.samples = 2
	metrics.recording.level = INFO
	metrics.sample.window.ms = 30000
	partitioner.adaptive.partitioning.enable = true
	partitioner.availability.timeout.ms = 0
	partitioner.class = null
	partitioner.ignore.keys = false
	receive.buffer.bytes = 32768
	reconnect.backoff.max.ms = 1000
	reconnect.backoff.ms = 50
	request.timeout.ms = 5000
	retries = 2147483647
	retry.backoff.max.ms = 1000
	retry.backoff.ms = 100
	sasl.client.callback.handler.class = null
	sasl.jaas.config = null
	sasl.kerberos.kinit.cmd = /usr/bin/kinit
	sasl.kerberos.min.time.before.relogin = 60000
	sasl.kerberos.service.name = null
	sasl.kerberos.ticket.renew.jitter = 0.05
	sasl.kerberos.ticket.renew.window.factor = 0.8
	sasl.login.callback.handler.class = null
	sasl.login.class = null
	sasl.login.connect.timeout.ms = null
	sasl.login.read.timeout.ms = null
	sasl.login.refresh.buffer.seconds = 300
	sasl.login.refresh.min.period.seconds = 60
	sasl.login.refresh.window.factor = 0.8
	sasl.login.refresh.window.jitter = 0.05
	sasl.login.retry.backoff.max.ms = 10000
	sasl.login.retry.backoff.ms = 100
	sasl.mechanism = GSSAPI
	sasl.oauthbearer.clock.skew.seconds = 30
	sasl.oauthbearer.expected.audience = null
	sasl.oauthbearer.expected.issuer = null
	sasl.oauthbearer.header.urlencode = false
	sasl.oauthbearer.jwks.endpoint.refresh.ms = 3600000
	sasl.oauthbearer.jwks.endpoint.retry.backoff.max.ms = 10000
	sasl.oauthbearer.jwks.endpoint.retry.backoff.ms = 100
	sasl.oauthbearer.jwks.endpoint.url = null
	sasl.oauthbearer.scope.claim.name = scope
	sasl.oauthbearer.sub.claim.name = sub
	sasl.oauthbearer.token.endpoint.url = null
	security.protocol = PLAINTEXT
	security.providers = null
	send.buffer.bytes = 131072
	socket.connection.setup.timeout.max.ms = 30000
	socket.connection.setup.timeout.ms = 10000
	ssl.cipher.suites = null
	ssl.enabled.protocols = [TLSv1.2, TLSv1.3]
	ssl.endpoint.identification.algorithm = https
	ssl.engine.factory.class = null
	ssl.key.password = null
	ssl.keymanager.algorithm = SunX509
	ssl.keystore.certificate.chain = null
	ssl.keystore.key = null
	ssl.keystore.location = null
	ssl.keystore.password = null
	ssl.keystore.type = JKS
	ssl.protocol = TLSv1.3
	ssl.provider = null
	ssl.secure.random.implementation = null
	ssl.trustmanager.algorithm = PKIX
	ssl.truststore.certificates = null
	ssl.truststore.location = null
	ssl.truststore.password = null
	ssl.truststore.type = JKS
	transaction.timeout.ms = 60000
	transactional.id = null
	value.serializer = class io.confluent.kafka.serializers.KafkaAvroSerializer

2025-07-31 20:45:11,955 INFO  [org.apa.kaf.com.tel.int.KafkaMetricsCollector] (main) initializing Kafka metrics collector
2025-07-31 20:45:11,955 INFO  [io.con.kaf.ser.KafkaAvroSerializerConfig] (main) KafkaAvroSerializerConfig values: 
	auto.register.schemas = false
	avro.reflection.allow.null = false
	avro.remove.java.properties = false
	avro.use.logical.type.converters = false
	basic.auth.credentials.source = URL
	basic.auth.user.info = [hidden]
	bearer.auth.cache.expiry.buffer.seconds = 300
	bearer.auth.client.id = null
	bearer.auth.client.secret = null
	bearer.auth.credentials.source = STATIC_TOKEN
	bearer.auth.custom.provider.class = null
	bearer.auth.identity.pool.id = null
	bearer.auth.issuer.endpoint.url = null
	bearer.auth.logical.cluster = null
	bearer.auth.scope = null
	bearer.auth.scope.claim.name = scope
	bearer.auth.sub.claim.name = sub
	bearer.auth.token = [hidden]
	context.name.strategy = class io.confluent.kafka.serializers.context.NullContextNameStrategy
	http.connect.timeout.ms = 60000
	http.read.timeout.ms = 60000
	id.compatibility.strict = true
	key.schema.id.deserializer = class io.confluent.kafka.serializers.schema.id.DualSchemaIdDeserializer
	key.schema.id.serializer = class io.confluent.kafka.serializers.schema.id.PrefixSchemaIdSerializer
	key.subject.name.strategy = class io.confluent.kafka.serializers.subject.TopicNameStrategy
	latest.cache.size = 1000
	latest.cache.ttl.sec = -1
	latest.compatibility.strict = true
	max.retries = 3
	max.schemas.per.subject = 1000
	normalize.schemas = false
	propagate.schema.tags = false
	proxy.host = 
	proxy.port = -1
	retries.max.wait.ms = 20000
	retries.wait.ms = 1000
	rule.actions = []
	rule.executors = []
	rule.service.loader.enable = true
	schema.format = null
	schema.reflection = false
	schema.registry.basic.auth.user.info = [hidden]
	schema.registry.ssl.cipher.suites = null
	schema.registry.ssl.enabled.protocols = [TLSv1.2, TLSv1.3]
	schema.registry.ssl.endpoint.identification.algorithm = https
	schema.registry.ssl.engine.factory.class = null
	schema.registry.ssl.key.password = null
	schema.registry.ssl.keymanager.algorithm = SunX509
	schema.registry.ssl.keystore.certificate.chain = null
	schema.registry.ssl.keystore.key = null
	schema.registry.ssl.keystore.location = null
	schema.registry.ssl.keystore.password = null
	schema.registry.ssl.keystore.type = JKS
	schema.registry.ssl.protocol = TLSv1.3
	schema.registry.ssl.provider = null
	schema.registry.ssl.secure.random.implementation = null
	schema.registry.ssl.trustmanager.algorithm = PKIX
	schema.registry.ssl.truststore.certificates = null
	schema.registry.ssl.truststore.location = null
	schema.registry.ssl.truststore.password = null
	schema.registry.ssl.truststore.type = JKS
	schema.registry.url = [http://registry-app-mysql.apps.ci419.apicurio-testing.org:80/apis/ccompat/v7]
	schema.registry.url.randomize = false
	use.latest.version = false
	use.latest.with.metadata = null
	use.schema.id = -1
	value.schema.id.deserializer = class io.confluent.kafka.serializers.schema.id.DualSchemaIdDeserializer
	value.schema.id.serializer = class io.confluent.kafka.serializers.schema.id.PrefixSchemaIdSerializer
	value.subject.name.strategy = class io.confluent.kafka.serializers.subject.TopicRecordNameStrategy

2025-07-31 20:45:11,957 INFO  [org.apa.kaf.cli.pro.KafkaProducer] (main) [Producer clientId=Producer-topic-ba82e374_5434_4bdd_9d60_07e611dbed87] Instantiated an idempotent producer.
2025-07-31 20:45:11,958 INFO  [org.apa.kaf.cli.pro.ProducerConfig] (main) These configurations '[schema.registry.url, auto.register.schemas, value.subject.name.strategy]' were supplied but are not used yet.
2025-07-31 20:45:11,958 INFO  [org.apa.kaf.com.uti.AppInfoParser] (main) Kafka version: 3.9.1
2025-07-31 20:45:11,958 INFO  [org.apa.kaf.com.uti.AppInfoParser] (main) Kafka commitId: f745dfdcee2b9851
2025-07-31 20:45:11,958 INFO  [org.apa.kaf.com.uti.AppInfoParser] (main) Kafka startTimeMs: 1753994711958
2025-07-31 20:45:11,959 INFO  [io.api.tes.ser.api.KafkaSerdesTester] (Thread-871) Sending message {"key1": "value-0", "key2": "value-0", "key3": "value-0"} to topic topic-ba82e374_5434_4bdd_9d60_07e611dbed87
2025-07-31 20:45:11,963 INFO  [org.apa.kaf.cli.Metadata] (kafka-producer-network-thread | Producer-topic-ba82e374_5434_4bdd_9d60_07e611dbed87) [Producer clientId=Producer-topic-ba82e374_5434_4bdd_9d60_07e611dbed87] Cluster ID: 6lKjf0w6TFCctmqQa8E77g
2025-07-31 20:45:11,963 INFO  [org.apa.kaf.cli.pro.int.TransactionManager] (kafka-producer-network-thread | Producer-topic-ba82e374_5434_4bdd_9d60_07e611dbed87) [Producer clientId=Producer-topic-ba82e374_5434_4bdd_9d60_07e611dbed87] ProducerId set to 47 with epoch 0
2025-07-31 20:45:12,050 INFO  [io.api.tes.ser.api.KafkaSerdesTester] (Thread-871) Sending message {"key1": "value-1", "key2": "value-1", "key3": "value-1"} to topic topic-ba82e374_5434_4bdd_9d60_07e611dbed87
2025-07-31 20:45:12,051 INFO  [io.api.tes.ser.api.KafkaSerdesTester] (Thread-871) Sending message {"key1": "value-2", "key2": "value-2", "key3": "value-2"} to topic topic-ba82e374_5434_4bdd_9d60_07e611dbed87
2025-07-31 20:45:12,052 INFO  [io.api.tes.ser.api.KafkaSerdesTester] (Thread-871) Sending message {"key1": "value-3", "key2": "value-3", "key3": "value-3"} to topic topic-ba82e374_5434_4bdd_9d60_07e611dbed87
2025-07-31 20:45:12,053 INFO  [io.api.tes.ser.api.KafkaSerdesTester] (Thread-871) Sending message {"key1": "value-4", "key2": "value-4", "key3": "value-4"} to topic topic-ba82e374_5434_4bdd_9d60_07e611dbed87
2025-07-31 20:45:12,056 INFO  [io.api.tes.ser.api.KafkaSerdesTester] (Thread-871) Sending message {"key1": "value-5", "key2": "value-5", "key3": "value-5"} to topic topic-ba82e374_5434_4bdd_9d60_07e611dbed87
2025-07-31 20:45:12,057 INFO  [io.api.tes.ser.api.KafkaSerdesTester] (Thread-871) Sending message {"key1": "value-6", "key2": "value-6", "key3": "value-6"} to topic topic-ba82e374_5434_4bdd_9d60_07e611dbed87
2025-07-31 20:45:12,058 INFO  [io.api.tes.ser.api.KafkaSerdesTester] (Thread-871) Sending message {"key1": "value-7", "key2": "value-7", "key3": "value-7"} to topic topic-ba82e374_5434_4bdd_9d60_07e611dbed87
2025-07-31 20:45:12,059 INFO  [io.api.tes.ser.api.KafkaSerdesTester] (Thread-871) Sending message {"key1": "value-8", "key2": "value-8", "key3": "value-8"} to topic topic-ba82e374_5434_4bdd_9d60_07e611dbed87
2025-07-31 20:45:12,060 INFO  [io.api.tes.ser.api.KafkaSerdesTester] (Thread-871) Sending message {"key1": "value-9", "key2": "value-9", "key3": "value-9"} to topic topic-ba82e374_5434_4bdd_9d60_07e611dbed87
2025-07-31 20:45:12,061 INFO  [io.api.tes.ser.api.KafkaSerdesTester] (Thread-871) Produced 10 messages
2025-07-31 20:45:12,061 INFO  [org.apa.kaf.cli.pro.KafkaProducer] (Thread-871) [Producer clientId=Producer-topic-ba82e374_5434_4bdd_9d60_07e611dbed87] Closing the Kafka producer with timeoutMillis = 9223372036854775807 ms.
2025-07-31 20:45:12,065 INFO  [org.apa.kaf.com.met.Metrics] (Thread-871) Metrics scheduler closed
2025-07-31 20:45:12,065 INFO  [org.apa.kaf.com.met.Metrics] (Thread-871) Closing reporter org.apache.kafka.common.metrics.JmxReporter
2025-07-31 20:45:12,065 INFO  [org.apa.kaf.com.met.Metrics] (Thread-871) Closing reporter org.apache.kafka.common.telemetry.internals.ClientTelemetryReporter
2025-07-31 20:45:12,065 INFO  [org.apa.kaf.com.met.Metrics] (Thread-871) Metrics reporters closed
2025-07-31 20:45:12,065 INFO  [org.apa.kaf.com.uti.AppInfoParser] (Thread-871) App info kafka.producer for Producer-topic-ba82e374_5434_4bdd_9d60_07e611dbed87 unregistered
**** Registry Base URL: http://registry-app-mysql.apps.ci419.apicurio-testing.org:80
2025-07-31 20:45:12,066 INFO  [org.apa.kaf.cli.pro.ProducerConfig] (main) ProducerConfig values: 
	acks = -1
	auto.include.jmx.reporter = true
	batch.size = 16384
	bootstrap.servers = [PLAINTEXT://localhost:32770]
	buffer.memory = 33554432
	client.dns.lookup = use_all_dns_ips
	client.id = Producer-topic-ba82e374_5434_4bdd_9d60_07e611dbed87
	compression.gzip.level = -1
	compression.lz4.level = 9
	compression.type = none
	compression.zstd.level = 3
	connections.max.idle.ms = 10000
	delivery.timeout.ms = 120000
	enable.idempotence = true
	enable.metrics.push = true
	interceptor.classes = []
	key.serializer = class org.apache.kafka.common.serialization.StringSerializer
	linger.ms = 0
	max.block.ms = 60000
	max.in.flight.requests.per.connection = 5
	max.request.size = 1048576
	metadata.max.age.ms = 300000
	metadata.max.idle.ms = 300000
	metadata.recovery.strategy = none
	metric.reporters = []
	metrics.num.samples = 2
	metrics.recording.level = INFO
	metrics.sample.window.ms = 30000
	partitioner.adaptive.partitioning.enable = true
	partitioner.availability.timeout.ms = 0
	partitioner.class = null
	partitioner.ignore.keys = false
	receive.buffer.bytes = 32768
	reconnect.backoff.max.ms = 1000
	reconnect.backoff.ms = 50
	request.timeout.ms = 5000
	retries = 2147483647
	retry.backoff.max.ms = 1000
	retry.backoff.ms = 100
	sasl.client.callback.handler.class = null
	sasl.jaas.config = null
	sasl.kerberos.kinit.cmd = /usr/bin/kinit
	sasl.kerberos.min.time.before.relogin = 60000
	sasl.kerberos.service.name = null
	sasl.kerberos.ticket.renew.jitter = 0.05
	sasl.kerberos.ticket.renew.window.factor = 0.8
	sasl.login.callback.handler.class = null
	sasl.login.class = null
	sasl.login.connect.timeout.ms = null
	sasl.login.read.timeout.ms = null
	sasl.login.refresh.buffer.seconds = 300
	sasl.login.refresh.min.period.seconds = 60
	sasl.login.refresh.window.factor = 0.8
	sasl.login.refresh.window.jitter = 0.05
	sasl.login.retry.backoff.max.ms = 10000
	sasl.login.retry.backoff.ms = 100
	sasl.mechanism = GSSAPI
	sasl.oauthbearer.clock.skew.seconds = 30
	sasl.oauthbearer.expected.audience = null
	sasl.oauthbearer.expected.issuer = null
	sasl.oauthbearer.header.urlencode = false
	sasl.oauthbearer.jwks.endpoint.refresh.ms = 3600000
	sasl.oauthbearer.jwks.endpoint.retry.backoff.max.ms = 10000
	sasl.oauthbearer.jwks.endpoint.retry.backoff.ms = 100
	sasl.oauthbearer.jwks.endpoint.url = null
	sasl.oauthbearer.scope.claim.name = scope
	sasl.oauthbearer.sub.claim.name = sub
	sasl.oauthbearer.token.endpoint.url = null
	security.protocol = PLAINTEXT
	security.providers = null
	send.buffer.bytes = 131072
	socket.connection.setup.timeout.max.ms = 30000
	socket.connection.setup.timeout.ms = 10000
	ssl.cipher.suites = null
	ssl.enabled.protocols = [TLSv1.2, TLSv1.3]
	ssl.endpoint.identification.algorithm = https
	ssl.engine.factory.class = null
	ssl.key.password = null
	ssl.keymanager.algorithm = SunX509
	ssl.keystore.certificate.chain = null
	ssl.keystore.key = null
	ssl.keystore.location = null
	ssl.keystore.password = null
	ssl.keystore.type = JKS
	ssl.protocol = TLSv1.3
	ssl.provider = null
	ssl.secure.random.implementation = null
	ssl.trustmanager.algorithm = PKIX
	ssl.truststore.certificates = null
	ssl.truststore.location = null
	ssl.truststore.password = null
	ssl.truststore.type = JKS
	transaction.timeout.ms = 60000
	transactional.id = null
	value.serializer = class io.confluent.kafka.serializers.KafkaAvroSerializer

2025-07-31 20:45:12,066 INFO  [org.apa.kaf.com.tel.int.KafkaMetricsCollector] (main) initializing Kafka metrics collector
2025-07-31 20:45:12,067 INFO  [io.con.kaf.ser.KafkaAvroSerializerConfig] (main) KafkaAvroSerializerConfig values: 
	auto.register.schemas = false
	avro.reflection.allow.null = false
	avro.remove.java.properties = false
	avro.use.logical.type.converters = false
	basic.auth.credentials.source = URL
	basic.auth.user.info = [hidden]
	bearer.auth.cache.expiry.buffer.seconds = 300
	bearer.auth.client.id = null
	bearer.auth.client.secret = null
	bearer.auth.credentials.source = STATIC_TOKEN
	bearer.auth.custom.provider.class = null
	bearer.auth.identity.pool.id = null
	bearer.auth.issuer.endpoint.url = null
	bearer.auth.logical.cluster = null
	bearer.auth.scope = null
	bearer.auth.scope.claim.name = scope
	bearer.auth.sub.claim.name = sub
	bearer.auth.token = [hidden]
	context.name.strategy = class io.confluent.kafka.serializers.context.NullContextNameStrategy
	http.connect.timeout.ms = 60000
	http.read.timeout.ms = 60000
	id.compatibility.strict = true
	key.schema.id.deserializer = class io.confluent.kafka.serializers.schema.id.DualSchemaIdDeserializer
	key.schema.id.serializer = class io.confluent.kafka.serializers.schema.id.PrefixSchemaIdSerializer
	key.subject.name.strategy = class io.confluent.kafka.serializers.subject.TopicNameStrategy
	latest.cache.size = 1000
	latest.cache.ttl.sec = -1
	latest.compatibility.strict = true
	max.retries = 3
	max.schemas.per.subject = 1000
	normalize.schemas = false
	propagate.schema.tags = false
	proxy.host = 
	proxy.port = -1
	retries.max.wait.ms = 20000
	retries.wait.ms = 1000
	rule.actions = []
	rule.executors = []
	rule.service.loader.enable = true
	schema.format = null
	schema.reflection = false
	schema.registry.basic.auth.user.info = [hidden]
	schema.registry.ssl.cipher.suites = null
	schema.registry.ssl.enabled.protocols = [TLSv1.2, TLSv1.3]
	schema.registry.ssl.endpoint.identification.algorithm = https
	schema.registry.ssl.engine.factory.class = null
	schema.registry.ssl.key.password = null
	schema.registry.ssl.keymanager.algorithm = SunX509
	schema.registry.ssl.keystore.certificate.chain = null
	schema.registry.ssl.keystore.key = null
	schema.registry.ssl.keystore.location = null
	schema.registry.ssl.keystore.password = null
	schema.registry.ssl.keystore.type = JKS
	schema.registry.ssl.protocol = TLSv1.3
	schema.registry.ssl.provider = null
	schema.registry.ssl.secure.random.implementation = null
	schema.registry.ssl.trustmanager.algorithm = PKIX
	schema.registry.ssl.truststore.certificates = null
	schema.registry.ssl.truststore.location = null
	schema.registry.ssl.truststore.password = null
	schema.registry.ssl.truststore.type = JKS
	schema.registry.url = [http://registry-app-mysql.apps.ci419.apicurio-testing.org:80/apis/ccompat/v7]
	schema.registry.url.randomize = false
	use.latest.version = false
	use.latest.with.metadata = null
	use.schema.id = -1
	value.schema.id.deserializer = class io.confluent.kafka.serializers.schema.id.DualSchemaIdDeserializer
	value.schema.id.serializer = class io.confluent.kafka.serializers.schema.id.PrefixSchemaIdSerializer
	value.subject.name.strategy = class io.confluent.kafka.serializers.subject.TopicRecordNameStrategy

2025-07-31 20:45:12,068 INFO  [org.apa.kaf.cli.pro.KafkaProducer] (main) [Producer clientId=Producer-topic-ba82e374_5434_4bdd_9d60_07e611dbed87] Instantiated an idempotent producer.
2025-07-31 20:45:12,070 INFO  [org.apa.kaf.cli.pro.ProducerConfig] (main) These configurations '[schema.registry.url, auto.register.schemas, value.subject.name.strategy]' were supplied but are not used yet.
2025-07-31 20:45:12,070 INFO  [org.apa.kaf.com.uti.AppInfoParser] (main) Kafka version: 3.9.1
2025-07-31 20:45:12,070 INFO  [org.apa.kaf.com.uti.AppInfoParser] (main) Kafka commitId: f745dfdcee2b9851
2025-07-31 20:45:12,070 INFO  [org.apa.kaf.com.uti.AppInfoParser] (main) Kafka startTimeMs: 1753994712070
2025-07-31 20:45:12,072 INFO  [io.api.tes.ser.api.KafkaSerdesTester] (Thread-872) Sending message {"key1": "value-0", "key2": "value-0"} to topic topic-ba82e374_5434_4bdd_9d60_07e611dbed87
2025-07-31 20:45:12,074 INFO  [org.apa.kaf.cli.Metadata] (kafka-producer-network-thread | Producer-topic-ba82e374_5434_4bdd_9d60_07e611dbed87) [Producer clientId=Producer-topic-ba82e374_5434_4bdd_9d60_07e611dbed87] Cluster ID: 6lKjf0w6TFCctmqQa8E77g
2025-07-31 20:45:12,074 INFO  [org.apa.kaf.cli.pro.int.TransactionManager] (kafka-producer-network-thread | Producer-topic-ba82e374_5434_4bdd_9d60_07e611dbed87) [Producer clientId=Producer-topic-ba82e374_5434_4bdd_9d60_07e611dbed87] ProducerId set to 48 with epoch 0
2025-07-31 20:45:12,162 INFO  [io.api.tes.ser.api.KafkaSerdesTester] (Thread-872) Sending message {"key1": "value-1", "key2": "value-1"} to topic topic-ba82e374_5434_4bdd_9d60_07e611dbed87
2025-07-31 20:45:12,163 INFO  [io.api.tes.ser.api.KafkaSerdesTester] (Thread-872) Sending message {"key1": "value-2", "key2": "value-2"} to topic topic-ba82e374_5434_4bdd_9d60_07e611dbed87
2025-07-31 20:45:12,164 INFO  [io.api.tes.ser.api.KafkaSerdesTester] (Thread-872) Sending message {"key1": "value-3", "key2": "value-3"} to topic topic-ba82e374_5434_4bdd_9d60_07e611dbed87
2025-07-31 20:45:12,165 INFO  [io.api.tes.ser.api.KafkaSerdesTester] (Thread-872) Sending message {"key1": "value-4", "key2": "value-4"} to topic topic-ba82e374_5434_4bdd_9d60_07e611dbed87
2025-07-31 20:45:12,166 INFO  [io.api.tes.ser.api.KafkaSerdesTester] (Thread-872) Sending message {"key1": "value-5", "key2": "value-5"} to topic topic-ba82e374_5434_4bdd_9d60_07e611dbed87
2025-07-31 20:45:12,168 INFO  [io.api.tes.ser.api.KafkaSerdesTester] (Thread-872) Sending message {"key1": "value-6", "key2": "value-6"} to topic topic-ba82e374_5434_4bdd_9d60_07e611dbed87
2025-07-31 20:45:12,169 INFO  [io.api.tes.ser.api.KafkaSerdesTester] (Thread-872) Sending message {"key1": "value-7", "key2": "value-7"} to topic topic-ba82e374_5434_4bdd_9d60_07e611dbed87
2025-07-31 20:45:12,170 INFO  [io.api.tes.ser.api.KafkaSerdesTester] (Thread-872) Sending message {"key1": "value-8", "key2": "value-8"} to topic topic-ba82e374_5434_4bdd_9d60_07e611dbed87
2025-07-31 20:45:12,171 INFO  [io.api.tes.ser.api.KafkaSerdesTester] (Thread-872) Sending message {"key1": "value-9", "key2": "value-9"} to topic topic-ba82e374_5434_4bdd_9d60_07e611dbed87
2025-07-31 20:45:12,171 INFO  [io.api.tes.ser.api.KafkaSerdesTester] (Thread-872) Produced 10 messages
2025-07-31 20:45:12,171 INFO  [org.apa.kaf.cli.pro.KafkaProducer] (Thread-872) [Producer clientId=Producer-topic-ba82e374_5434_4bdd_9d60_07e611dbed87] Closing the Kafka producer with timeoutMillis = 9223372036854775807 ms.
2025-07-31 20:45:12,173 INFO  [org.apa.kaf.com.met.Metrics] (Thread-872) Metrics scheduler closed
2025-07-31 20:45:12,173 INFO  [org.apa.kaf.com.met.Metrics] (Thread-872) Closing reporter org.apache.kafka.common.metrics.JmxReporter
2025-07-31 20:45:12,173 INFO  [org.apa.kaf.com.met.Metrics] (Thread-872) Closing reporter org.apache.kafka.common.telemetry.internals.ClientTelemetryReporter
2025-07-31 20:45:12,173 INFO  [org.apa.kaf.com.met.Metrics] (Thread-872) Metrics reporters closed
2025-07-31 20:45:12,174 INFO  [org.apa.kaf.com.uti.AppInfoParser] (Thread-872) App info kafka.producer for Producer-topic-ba82e374_5434_4bdd_9d60_07e611dbed87 unregistered
**** Registry Base URL: http://registry-app-mysql.apps.ci419.apicurio-testing.org:80
2025-07-31 20:45:12,174 INFO  [org.apa.kaf.cli.pro.ProducerConfig] (main) ProducerConfig values: 
	acks = -1
	auto.include.jmx.reporter = true
	batch.size = 16384
	bootstrap.servers = [PLAINTEXT://localhost:32770]
	buffer.memory = 33554432
	client.dns.lookup = use_all_dns_ips
	client.id = Producer-topic-ba82e374_5434_4bdd_9d60_07e611dbed87
	compression.gzip.level = -1
	compression.lz4.level = 9
	compression.type = none
	compression.zstd.level = 3
	connections.max.idle.ms = 10000
	delivery.timeout.ms = 120000
	enable.idempotence = true
	enable.metrics.push = true
	interceptor.classes = []
	key.serializer = class org.apache.kafka.common.serialization.StringSerializer
	linger.ms = 0
	max.block.ms = 60000
	max.in.flight.requests.per.connection = 5
	max.request.size = 1048576
	metadata.max.age.ms = 300000
	metadata.max.idle.ms = 300000
	metadata.recovery.strategy = none
	metric.reporters = []
	metrics.num.samples = 2
	metrics.recording.level = INFO
	metrics.sample.window.ms = 30000
	partitioner.adaptive.partitioning.enable = true
	partitioner.availability.timeout.ms = 0
	partitioner.class = null
	partitioner.ignore.keys = false
	receive.buffer.bytes = 32768
	reconnect.backoff.max.ms = 1000
	reconnect.backoff.ms = 50
	request.timeout.ms = 5000
	retries = 2147483647
	retry.backoff.max.ms = 1000
	retry.backoff.ms = 100
	sasl.client.callback.handler.class = null
	sasl.jaas.config = null
	sasl.kerberos.kinit.cmd = /usr/bin/kinit
	sasl.kerberos.min.time.before.relogin = 60000
	sasl.kerberos.service.name = null
	sasl.kerberos.ticket.renew.jitter = 0.05
	sasl.kerberos.ticket.renew.window.factor = 0.8
	sasl.login.callback.handler.class = null
	sasl.login.class = null
	sasl.login.connect.timeout.ms = null
	sasl.login.read.timeout.ms = null
	sasl.login.refresh.buffer.seconds = 300
	sasl.login.refresh.min.period.seconds = 60
	sasl.login.refresh.window.factor = 0.8
	sasl.login.refresh.window.jitter = 0.05
	sasl.login.retry.backoff.max.ms = 10000
	sasl.login.retry.backoff.ms = 100
	sasl.mechanism = GSSAPI
	sasl.oauthbearer.clock.skew.seconds = 30
	sasl.oauthbearer.expected.audience = null
	sasl.oauthbearer.expected.issuer = null
	sasl.oauthbearer.header.urlencode = false
	sasl.oauthbearer.jwks.endpoint.refresh.ms = 3600000
	sasl.oauthbearer.jwks.endpoint.retry.backoff.max.ms = 10000
	sasl.oauthbearer.jwks.endpoint.retry.backoff.ms = 100
	sasl.oauthbearer.jwks.endpoint.url = null
	sasl.oauthbearer.scope.claim.name = scope
	sasl.oauthbearer.sub.claim.name = sub
	sasl.oauthbearer.token.endpoint.url = null
	security.protocol = PLAINTEXT
	security.providers = null
	send.buffer.bytes = 131072
	socket.connection.setup.timeout.max.ms = 30000
	socket.connection.setup.timeout.ms = 10000
	ssl.cipher.suites = null
	ssl.enabled.protocols = [TLSv1.2, TLSv1.3]
	ssl.endpoint.identification.algorithm = https
	ssl.engine.factory.class = null
	ssl.key.password = null
	ssl.keymanager.algorithm = SunX509
	ssl.keystore.certificate.chain = null
	ssl.keystore.key = null
	ssl.keystore.location = null
	ssl.keystore.password = null
	ssl.keystore.type = JKS
	ssl.protocol = TLSv1.3
	ssl.provider = null
	ssl.secure.random.implementation = null
	ssl.trustmanager.algorithm = PKIX
	ssl.truststore.certificates = null
	ssl.truststore.location = null
	ssl.truststore.password = null
	ssl.truststore.type = JKS
	transaction.timeout.ms = 60000
	transactional.id = null
	value.serializer = class io.confluent.kafka.serializers.KafkaAvroSerializer

2025-07-31 20:45:12,174 INFO  [org.apa.kaf.com.tel.int.KafkaMetricsCollector] (main) initializing Kafka metrics collector
2025-07-31 20:45:12,175 INFO  [io.con.kaf.ser.KafkaAvroSerializerConfig] (main) KafkaAvroSerializerConfig values: 
	auto.register.schemas = false
	avro.reflection.allow.null = false
	avro.remove.java.properties = false
	avro.use.logical.type.converters = false
	basic.auth.credentials.source = URL
	basic.auth.user.info = [hidden]
	bearer.auth.cache.expiry.buffer.seconds = 300
	bearer.auth.client.id = null
	bearer.auth.client.secret = null
	bearer.auth.credentials.source = STATIC_TOKEN
	bearer.auth.custom.provider.class = null
	bearer.auth.identity.pool.id = null
	bearer.auth.issuer.endpoint.url = null
	bearer.auth.logical.cluster = null
	bearer.auth.scope = null
	bearer.auth.scope.claim.name = scope
	bearer.auth.sub.claim.name = sub
	bearer.auth.token = [hidden]
	context.name.strategy = class io.confluent.kafka.serializers.context.NullContextNameStrategy
	http.connect.timeout.ms = 60000
	http.read.timeout.ms = 60000
	id.compatibility.strict = true
	key.schema.id.deserializer = class io.confluent.kafka.serializers.schema.id.DualSchemaIdDeserializer
	key.schema.id.serializer = class io.confluent.kafka.serializers.schema.id.PrefixSchemaIdSerializer
	key.subject.name.strategy = class io.confluent.kafka.serializers.subject.TopicNameStrategy
	latest.cache.size = 1000
	latest.cache.ttl.sec = -1
	latest.compatibility.strict = true
	max.retries = 3
	max.schemas.per.subject = 1000
	normalize.schemas = false
	propagate.schema.tags = false
	proxy.host = 
	proxy.port = -1
	retries.max.wait.ms = 20000
	retries.wait.ms = 1000
	rule.actions = []
	rule.executors = []
	rule.service.loader.enable = true
	schema.format = null
	schema.reflection = false
	schema.registry.basic.auth.user.info = [hidden]
	schema.registry.ssl.cipher.suites = null
	schema.registry.ssl.enabled.protocols = [TLSv1.2, TLSv1.3]
	schema.registry.ssl.endpoint.identification.algorithm = https
	schema.registry.ssl.engine.factory.class = null
	schema.registry.ssl.key.password = null
	schema.registry.ssl.keymanager.algorithm = SunX509
	schema.registry.ssl.keystore.certificate.chain = null
	schema.registry.ssl.keystore.key = null
	schema.registry.ssl.keystore.location = null
	schema.registry.ssl.keystore.password = null
	schema.registry.ssl.keystore.type = JKS
	schema.registry.ssl.protocol = TLSv1.3
	schema.registry.ssl.provider = null
	schema.registry.ssl.secure.random.implementation = null
	schema.registry.ssl.trustmanager.algorithm = PKIX
	schema.registry.ssl.truststore.certificates = null
	schema.registry.ssl.truststore.location = null
	schema.registry.ssl.truststore.password = null
	schema.registry.ssl.truststore.type = JKS
	schema.registry.url = [http://registry-app-mysql.apps.ci419.apicurio-testing.org:80/apis/ccompat/v7]
	schema.registry.url.randomize = false
	use.latest.version = false
	use.latest.with.metadata = null
	use.schema.id = -1
	value.schema.id.deserializer = class io.confluent.kafka.serializers.schema.id.DualSchemaIdDeserializer
	value.schema.id.serializer = class io.confluent.kafka.serializers.schema.id.PrefixSchemaIdSerializer
	value.subject.name.strategy = class io.confluent.kafka.serializers.subject.TopicRecordNameStrategy

2025-07-31 20:45:12,177 INFO  [org.apa.kaf.cli.pro.KafkaProducer] (main) [Producer clientId=Producer-topic-ba82e374_5434_4bdd_9d60_07e611dbed87] Instantiated an idempotent producer.
2025-07-31 20:45:12,181 INFO  [org.apa.kaf.cli.pro.ProducerConfig] (main) These configurations '[schema.registry.url, auto.register.schemas, value.subject.name.strategy]' were supplied but are not used yet.
2025-07-31 20:45:12,181 INFO  [org.apa.kaf.com.uti.AppInfoParser] (main) Kafka version: 3.9.1
2025-07-31 20:45:12,181 INFO  [org.apa.kaf.com.uti.AppInfoParser] (main) Kafka commitId: f745dfdcee2b9851
2025-07-31 20:45:12,181 INFO  [org.apa.kaf.com.uti.AppInfoParser] (main) Kafka startTimeMs: 1753994712181
2025-07-31 20:45:12,182 INFO  [io.api.tes.ser.api.KafkaSerdesTester] (Thread-873) Sending message {"key1": "value-0"} to topic topic-ba82e374_5434_4bdd_9d60_07e611dbed87
2025-07-31 20:45:12,187 INFO  [org.apa.kaf.cli.Metadata] (kafka-producer-network-thread | Producer-topic-ba82e374_5434_4bdd_9d60_07e611dbed87) [Producer clientId=Producer-topic-ba82e374_5434_4bdd_9d60_07e611dbed87] Cluster ID: 6lKjf0w6TFCctmqQa8E77g
2025-07-31 20:45:12,187 INFO  [org.apa.kaf.cli.pro.int.TransactionManager] (kafka-producer-network-thread | Producer-topic-ba82e374_5434_4bdd_9d60_07e611dbed87) [Producer clientId=Producer-topic-ba82e374_5434_4bdd_9d60_07e611dbed87] ProducerId set to 49 with epoch 0
2025-07-31 20:45:12,273 INFO  [io.api.tes.ser.api.KafkaSerdesTester] (Thread-873) Sending message {"key1": "value-1"} to topic topic-ba82e374_5434_4bdd_9d60_07e611dbed87
2025-07-31 20:45:12,274 INFO  [io.api.tes.ser.api.KafkaSerdesTester] (Thread-873) Sending message {"key1": "value-2"} to topic topic-ba82e374_5434_4bdd_9d60_07e611dbed87
2025-07-31 20:45:12,275 INFO  [io.api.tes.ser.api.KafkaSerdesTester] (Thread-873) Sending message {"key1": "value-3"} to topic topic-ba82e374_5434_4bdd_9d60_07e611dbed87
2025-07-31 20:45:12,277 INFO  [io.api.tes.ser.api.KafkaSerdesTester] (Thread-873) Sending message {"key1": "value-4"} to topic topic-ba82e374_5434_4bdd_9d60_07e611dbed87
2025-07-31 20:45:12,278 INFO  [io.api.tes.ser.api.KafkaSerdesTester] (Thread-873) Sending message {"key1": "value-5"} to topic topic-ba82e374_5434_4bdd_9d60_07e611dbed87
2025-07-31 20:45:12,278 INFO  [io.api.tes.ser.api.KafkaSerdesTester] (Thread-873) Sending message {"key1": "value-6"} to topic topic-ba82e374_5434_4bdd_9d60_07e611dbed87
2025-07-31 20:45:12,280 INFO  [io.api.tes.ser.api.KafkaSerdesTester] (Thread-873) Sending message {"key1": "value-7"} to topic topic-ba82e374_5434_4bdd_9d60_07e611dbed87
2025-07-31 20:45:12,281 INFO  [io.api.tes.ser.api.KafkaSerdesTester] (Thread-873) Sending message {"key1": "value-8"} to topic topic-ba82e374_5434_4bdd_9d60_07e611dbed87
2025-07-31 20:45:12,283 INFO  [io.api.tes.ser.api.KafkaSerdesTester] (Thread-873) Sending message {"key1": "value-9"} to topic topic-ba82e374_5434_4bdd_9d60_07e611dbed87
2025-07-31 20:45:12,284 INFO  [io.api.tes.ser.api.KafkaSerdesTester] (Thread-873) Produced 10 messages
2025-07-31 20:45:12,284 INFO  [org.apa.kaf.cli.pro.KafkaProducer] (Thread-873) [Producer clientId=Producer-topic-ba82e374_5434_4bdd_9d60_07e611dbed87] Closing the Kafka producer with timeoutMillis = 9223372036854775807 ms.
2025-07-31 20:45:12,286 INFO  [org.apa.kaf.com.met.Metrics] (Thread-873) Metrics scheduler closed
2025-07-31 20:45:12,286 INFO  [org.apa.kaf.com.met.Metrics] (Thread-873) Closing reporter org.apache.kafka.common.metrics.JmxReporter
2025-07-31 20:45:12,286 INFO  [org.apa.kaf.com.met.Metrics] (Thread-873) Closing reporter org.apache.kafka.common.telemetry.internals.ClientTelemetryReporter
2025-07-31 20:45:12,286 INFO  [org.apa.kaf.com.met.Metrics] (Thread-873) Metrics reporters closed
2025-07-31 20:45:12,286 INFO  [org.apa.kaf.com.uti.AppInfoParser] (Thread-873) App info kafka.producer for Producer-topic-ba82e374_5434_4bdd_9d60_07e611dbed87 unregistered
**** Registry Base URL: http://registry-app-mysql.apps.ci419.apicurio-testing.org:80
2025-07-31 20:45:12,287 INFO  [org.apa.kaf.cli.con.ConsumerConfig] (main) ConsumerConfig values: 
	allow.auto.create.topics = true
	auto.commit.interval.ms = 500
	auto.include.jmx.reporter = true
	auto.offset.reset = earliest
	bootstrap.servers = [PLAINTEXT://localhost:32770]
	check.crcs = true
	client.dns.lookup = use_all_dns_ips
	client.id = consumer-Consumer-topic-ba82e374_5434_4bdd_9d60_07e611dbed87-36
	client.rack = 
	connections.max.idle.ms = 10000
	default.api.timeout.ms = 60000
	enable.auto.commit = true
	enable.metrics.push = true
	exclude.internal.topics = true
	fetch.max.bytes = 52428800
	fetch.max.wait.ms = 500
	fetch.min.bytes = 1
	group.id = Consumer-topic-ba82e374_5434_4bdd_9d60_07e611dbed87
	group.instance.id = null
	group.protocol = classic
	group.remote.assignor = null
	heartbeat.interval.ms = 3000
	interceptor.classes = []
	internal.leave.group.on.close = true
	internal.throw.on.fetch.stable.offset.unsupported = false
	isolation.level = read_uncommitted
	key.deserializer = class org.apache.kafka.common.serialization.StringDeserializer
	max.partition.fetch.bytes = 1048576
	max.poll.interval.ms = 300000
	max.poll.records = 500
	metadata.max.age.ms = 300000
	metadata.recovery.strategy = none
	metric.reporters = []
	metrics.num.samples = 2
	metrics.recording.level = INFO
	metrics.sample.window.ms = 30000
	partition.assignment.strategy = [class org.apache.kafka.clients.consumer.RangeAssignor, class org.apache.kafka.clients.consumer.CooperativeStickyAssignor]
	receive.buffer.bytes = 65536
	reconnect.backoff.max.ms = 1000
	reconnect.backoff.ms = 50
	request.timeout.ms = 5000
	retry.backoff.max.ms = 1000
	retry.backoff.ms = 100
	sasl.client.callback.handler.class = null
	sasl.jaas.config = null
	sasl.kerberos.kinit.cmd = /usr/bin/kinit
	sasl.kerberos.min.time.before.relogin = 60000
	sasl.kerberos.service.name = null
	sasl.kerberos.ticket.renew.jitter = 0.05
	sasl.kerberos.ticket.renew.window.factor = 0.8
	sasl.login.callback.handler.class = null
	sasl.login.class = null
	sasl.login.connect.timeout.ms = null
	sasl.login.read.timeout.ms = null
	sasl.login.refresh.buffer.seconds = 300
	sasl.login.refresh.min.period.seconds = 60
	sasl.login.refresh.window.factor = 0.8
	sasl.login.refresh.window.jitter = 0.05
	sasl.login.retry.backoff.max.ms = 10000
	sasl.login.retry.backoff.ms = 100
	sasl.mechanism = GSSAPI
	sasl.oauthbearer.clock.skew.seconds = 30
	sasl.oauthbearer.expected.audience = null
	sasl.oauthbearer.expected.issuer = null
	sasl.oauthbearer.header.urlencode = false
	sasl.oauthbearer.jwks.endpoint.refresh.ms = 3600000
	sasl.oauthbearer.jwks.endpoint.retry.backoff.max.ms = 10000
	sasl.oauthbearer.jwks.endpoint.retry.backoff.ms = 100
	sasl.oauthbearer.jwks.endpoint.url = null
	sasl.oauthbearer.scope.claim.name = scope
	sasl.oauthbearer.sub.claim.name = sub
	sasl.oauthbearer.token.endpoint.url = null
	security.protocol = PLAINTEXT
	security.providers = null
	send.buffer.bytes = 131072
	session.timeout.ms = 45000
	socket.connection.setup.timeout.max.ms = 30000
	socket.connection.setup.timeout.ms = 10000
	ssl.cipher.suites = null
	ssl.enabled.protocols = [TLSv1.2, TLSv1.3]
	ssl.endpoint.identification.algorithm = https
	ssl.engine.factory.class = null
	ssl.key.password = null
	ssl.keymanager.algorithm = SunX509
	ssl.keystore.certificate.chain = null
	ssl.keystore.key = null
	ssl.keystore.location = null
	ssl.keystore.password = null
	ssl.keystore.type = JKS
	ssl.protocol = TLSv1.3
	ssl.provider = null
	ssl.secure.random.implementation = null
	ssl.trustmanager.algorithm = PKIX
	ssl.truststore.certificates = null
	ssl.truststore.location = null
	ssl.truststore.password = null
	ssl.truststore.type = JKS
	value.deserializer = class io.confluent.kafka.serializers.KafkaAvroDeserializer

2025-07-31 20:45:12,287 INFO  [org.apa.kaf.com.tel.int.KafkaMetricsCollector] (main) initializing Kafka metrics collector
2025-07-31 20:45:12,287 INFO  [io.con.kaf.ser.KafkaAvroDeserializerConfig] (main) KafkaAvroDeserializerConfig values: 
	auto.register.schemas = true
	avro.reflection.allow.null = false
	avro.use.logical.type.converters = false
	basic.auth.credentials.source = URL
	basic.auth.user.info = [hidden]
	bearer.auth.cache.expiry.buffer.seconds = 300
	bearer.auth.client.id = null
	bearer.auth.client.secret = null
	bearer.auth.credentials.source = STATIC_TOKEN
	bearer.auth.custom.provider.class = null
	bearer.auth.identity.pool.id = null
	bearer.auth.issuer.endpoint.url = null
	bearer.auth.logical.cluster = null
	bearer.auth.scope = null
	bearer.auth.scope.claim.name = scope
	bearer.auth.sub.claim.name = sub
	bearer.auth.token = [hidden]
	context.name.strategy = class io.confluent.kafka.serializers.context.NullContextNameStrategy
	http.connect.timeout.ms = 60000
	http.read.timeout.ms = 60000
	id.compatibility.strict = true
	key.schema.id.deserializer = class io.confluent.kafka.serializers.schema.id.DualSchemaIdDeserializer
	key.schema.id.serializer = class io.confluent.kafka.serializers.schema.id.PrefixSchemaIdSerializer
	key.subject.name.strategy = class io.confluent.kafka.serializers.subject.TopicNameStrategy
	latest.cache.size = 1000
	latest.cache.ttl.sec = -1
	latest.compatibility.strict = true
	max.retries = 3
	max.schemas.per.subject = 1000
	normalize.schemas = false
	propagate.schema.tags = false
	proxy.host = 
	proxy.port = -1
	retries.max.wait.ms = 20000
	retries.wait.ms = 1000
	rule.actions = []
	rule.executors = []
	rule.service.loader.enable = true
	schema.format = null
	schema.reflection = false
	schema.registry.basic.auth.user.info = [hidden]
	schema.registry.ssl.cipher.suites = null
	schema.registry.ssl.enabled.protocols = [TLSv1.2, TLSv1.3]
	schema.registry.ssl.endpoint.identification.algorithm = https
	schema.registry.ssl.engine.factory.class = null
	schema.registry.ssl.key.password = null
	schema.registry.ssl.keymanager.algorithm = SunX509
	schema.registry.ssl.keystore.certificate.chain = null
	schema.registry.ssl.keystore.key = null
	schema.registry.ssl.keystore.location = null
	schema.registry.ssl.keystore.password = null
	schema.registry.ssl.keystore.type = JKS
	schema.registry.ssl.protocol = TLSv1.3
	schema.registry.ssl.provider = null
	schema.registry.ssl.secure.random.implementation = null
	schema.registry.ssl.trustmanager.algorithm = PKIX
	schema.registry.ssl.truststore.certificates = null
	schema.registry.ssl.truststore.location = null
	schema.registry.ssl.truststore.password = null
	schema.registry.ssl.truststore.type = JKS
	schema.registry.url = [http://registry-app-mysql.apps.ci419.apicurio-testing.org:80/apis/ccompat/v7]
	schema.registry.url.randomize = false
	specific.avro.key.type = null
	specific.avro.reader = false
	specific.avro.value.type = null
	use.latest.version = false
	use.latest.with.metadata = null
	use.schema.id = -1
	value.schema.id.deserializer = class io.confluent.kafka.serializers.schema.id.DualSchemaIdDeserializer
	value.schema.id.serializer = class io.confluent.kafka.serializers.schema.id.PrefixSchemaIdSerializer
	value.subject.name.strategy = class io.confluent.kafka.serializers.subject.TopicNameStrategy

2025-07-31 20:45:12,294 INFO  [org.apa.kaf.cli.con.ConsumerConfig] (main) These configurations '[schema.registry.url]' were supplied but are not used yet.
2025-07-31 20:45:12,294 INFO  [org.apa.kaf.com.uti.AppInfoParser] (main) Kafka version: 3.9.1
2025-07-31 20:45:12,294 INFO  [org.apa.kaf.com.uti.AppInfoParser] (main) Kafka commitId: f745dfdcee2b9851
2025-07-31 20:45:12,294 INFO  [org.apa.kaf.com.uti.AppInfoParser] (main) Kafka startTimeMs: 1753994712294
2025-07-31 20:45:12,295 INFO  [org.apa.kaf.cli.con.int.ClassicKafkaConsumer] (Thread-874) [Consumer clientId=consumer-Consumer-topic-ba82e374_5434_4bdd_9d60_07e611dbed87-36, groupId=Consumer-topic-ba82e374_5434_4bdd_9d60_07e611dbed87] Subscribed to topic(s): topic-ba82e374_5434_4bdd_9d60_07e611dbed87
2025-07-31 20:45:12,300 INFO  [org.apa.kaf.cli.Metadata] (Thread-874) [Consumer clientId=consumer-Consumer-topic-ba82e374_5434_4bdd_9d60_07e611dbed87-36, groupId=Consumer-topic-ba82e374_5434_4bdd_9d60_07e611dbed87] Cluster ID: 6lKjf0w6TFCctmqQa8E77g
2025-07-31 20:45:12,300 INFO  [org.apa.kaf.cli.con.int.ConsumerCoordinator] (Thread-874) [Consumer clientId=consumer-Consumer-topic-ba82e374_5434_4bdd_9d60_07e611dbed87-36, groupId=Consumer-topic-ba82e374_5434_4bdd_9d60_07e611dbed87] Discovered group coordinator localhost:32770 (id: 2147483647 rack: null)
2025-07-31 20:45:12,301 INFO  [org.apa.kaf.cli.con.int.ConsumerCoordinator] (Thread-874) [Consumer clientId=consumer-Consumer-topic-ba82e374_5434_4bdd_9d60_07e611dbed87-36, groupId=Consumer-topic-ba82e374_5434_4bdd_9d60_07e611dbed87] (Re-)joining group
2025-07-31 20:45:12,307 INFO  [org.apa.kaf.cli.con.int.ConsumerCoordinator] (Thread-874) [Consumer clientId=consumer-Consumer-topic-ba82e374_5434_4bdd_9d60_07e611dbed87-36, groupId=Consumer-topic-ba82e374_5434_4bdd_9d60_07e611dbed87] Request joining group due to: need to re-join with the given member-id: consumer-Consumer-topic-ba82e374_5434_4bdd_9d60_07e611dbed87-36-83de9007-d00e-4d59-9d26-39fd0e8aafd8
2025-07-31 20:45:12,307 INFO  [org.apa.kaf.cli.con.int.ConsumerCoordinator] (Thread-874) [Consumer clientId=consumer-Consumer-topic-ba82e374_5434_4bdd_9d60_07e611dbed87-36, groupId=Consumer-topic-ba82e374_5434_4bdd_9d60_07e611dbed87] (Re-)joining group
2025-07-31 20:45:12,308 INFO  [org.apa.kaf.cli.con.int.ConsumerCoordinator] (Thread-874) [Consumer clientId=consumer-Consumer-topic-ba82e374_5434_4bdd_9d60_07e611dbed87-36, groupId=Consumer-topic-ba82e374_5434_4bdd_9d60_07e611dbed87] Successfully joined group with generation Generation{generationId=5, memberId='consumer-Consumer-topic-ba82e374_5434_4bdd_9d60_07e611dbed87-36-83de9007-d00e-4d59-9d26-39fd0e8aafd8', protocol='range'}
2025-07-31 20:45:12,309 INFO  [org.apa.kaf.cli.con.int.ConsumerCoordinator] (Thread-874) [Consumer clientId=consumer-Consumer-topic-ba82e374_5434_4bdd_9d60_07e611dbed87-36, groupId=Consumer-topic-ba82e374_5434_4bdd_9d60_07e611dbed87] Finished assignment for group at generation 5: {consumer-Consumer-topic-ba82e374_5434_4bdd_9d60_07e611dbed87-36-83de9007-d00e-4d59-9d26-39fd0e8aafd8=Assignment(partitions=[topic-ba82e374_5434_4bdd_9d60_07e611dbed87-0])}
2025-07-31 20:45:12,314 INFO  [org.apa.kaf.cli.con.int.ConsumerCoordinator] (Thread-874) [Consumer clientId=consumer-Consumer-topic-ba82e374_5434_4bdd_9d60_07e611dbed87-36, groupId=Consumer-topic-ba82e374_5434_4bdd_9d60_07e611dbed87] Successfully synced group in generation Generation{generationId=5, memberId='consumer-Consumer-topic-ba82e374_5434_4bdd_9d60_07e611dbed87-36-83de9007-d00e-4d59-9d26-39fd0e8aafd8', protocol='range'}
2025-07-31 20:45:12,314 INFO  [org.apa.kaf.cli.con.int.ConsumerCoordinator] (Thread-874) [Consumer clientId=consumer-Consumer-topic-ba82e374_5434_4bdd_9d60_07e611dbed87-36, groupId=Consumer-topic-ba82e374_5434_4bdd_9d60_07e611dbed87] Notifying assignor about the new Assignment(partitions=[topic-ba82e374_5434_4bdd_9d60_07e611dbed87-0])
2025-07-31 20:45:12,314 INFO  [org.apa.kaf.cli.con.int.ConsumerRebalanceListenerInvoker] (Thread-874) [Consumer clientId=consumer-Consumer-topic-ba82e374_5434_4bdd_9d60_07e611dbed87-36, groupId=Consumer-topic-ba82e374_5434_4bdd_9d60_07e611dbed87] Adding newly assigned partitions: topic-ba82e374_5434_4bdd_9d60_07e611dbed87-0
2025-07-31 20:45:12,315 INFO  [org.apa.kaf.cli.con.int.ConsumerUtils] (Thread-874) Setting offset for partition topic-ba82e374_5434_4bdd_9d60_07e611dbed87-0 to the committed offset FetchPosition{offset=30, offsetEpoch=Optional[0], currentLeader=LeaderAndEpoch{leader=Optional[localhost:32770 (id: 0 rack: null)], epoch=0}}
2025-07-31 20:45:12,553 INFO  [io.api.tes.ser.api.KafkaSerdesTester] (Thread-874) topic-ba82e374_5434_4bdd_9d60_07e611dbed87 0 30 {"key1": "value-0", "key2": "value-0", "key3": "value-0"}
2025-07-31 20:45:12,553 INFO  [io.api.tes.ser.api.KafkaSerdesTester] (Thread-874) topic-ba82e374_5434_4bdd_9d60_07e611dbed87 0 31 {"key1": "value-1", "key2": "value-1", "key3": "value-1"}
2025-07-31 20:45:12,553 INFO  [io.api.tes.ser.api.KafkaSerdesTester] (Thread-874) topic-ba82e374_5434_4bdd_9d60_07e611dbed87 0 32 {"key1": "value-2", "key2": "value-2", "key3": "value-2"}
2025-07-31 20:45:12,553 INFO  [io.api.tes.ser.api.KafkaSerdesTester] (Thread-874) topic-ba82e374_5434_4bdd_9d60_07e611dbed87 0 33 {"key1": "value-3", "key2": "value-3", "key3": "value-3"}
2025-07-31 20:45:12,553 INFO  [io.api.tes.ser.api.KafkaSerdesTester] (Thread-874) topic-ba82e374_5434_4bdd_9d60_07e611dbed87 0 34 {"key1": "value-4", "key2": "value-4", "key3": "value-4"}
2025-07-31 20:45:12,553 INFO  [io.api.tes.ser.api.KafkaSerdesTester] (Thread-874) topic-ba82e374_5434_4bdd_9d60_07e611dbed87 0 35 {"key1": "value-5", "key2": "value-5", "key3": "value-5"}
2025-07-31 20:45:12,553 INFO  [io.api.tes.ser.api.KafkaSerdesTester] (Thread-874) topic-ba82e374_5434_4bdd_9d60_07e611dbed87 0 36 {"key1": "value-6", "key2": "value-6", "key3": "value-6"}
2025-07-31 20:45:12,553 INFO  [io.api.tes.ser.api.KafkaSerdesTester] (Thread-874) topic-ba82e374_5434_4bdd_9d60_07e611dbed87 0 37 {"key1": "value-7", "key2": "value-7", "key3": "value-7"}
2025-07-31 20:45:12,553 INFO  [io.api.tes.ser.api.KafkaSerdesTester] (Thread-874) topic-ba82e374_5434_4bdd_9d60_07e611dbed87 0 38 {"key1": "value-8", "key2": "value-8", "key3": "value-8"}
2025-07-31 20:45:12,553 INFO  [io.api.tes.ser.api.KafkaSerdesTester] (Thread-874) topic-ba82e374_5434_4bdd_9d60_07e611dbed87 0 39 {"key1": "value-9", "key2": "value-9", "key3": "value-9"}
2025-07-31 20:45:12,553 INFO  [io.api.tes.ser.api.KafkaSerdesTester] (Thread-874) topic-ba82e374_5434_4bdd_9d60_07e611dbed87 0 40 {"key1": "value-0", "key2": "value-0"}
2025-07-31 20:45:12,553 INFO  [io.api.tes.ser.api.KafkaSerdesTester] (Thread-874) topic-ba82e374_5434_4bdd_9d60_07e611dbed87 0 41 {"key1": "value-1", "key2": "value-1"}
2025-07-31 20:45:12,553 INFO  [io.api.tes.ser.api.KafkaSerdesTester] (Thread-874) topic-ba82e374_5434_4bdd_9d60_07e611dbed87 0 42 {"key1": "value-2", "key2": "value-2"}
2025-07-31 20:45:12,553 INFO  [io.api.tes.ser.api.KafkaSerdesTester] (Thread-874) topic-ba82e374_5434_4bdd_9d60_07e611dbed87 0 43 {"key1": "value-3", "key2": "value-3"}
2025-07-31 20:45:12,553 INFO  [io.api.tes.ser.api.KafkaSerdesTester] (Thread-874) topic-ba82e374_5434_4bdd_9d60_07e611dbed87 0 44 {"key1": "value-4", "key2": "value-4"}
2025-07-31 20:45:12,553 INFO  [io.api.tes.ser.api.KafkaSerdesTester] (Thread-874) topic-ba82e374_5434_4bdd_9d60_07e611dbed87 0 45 {"key1": "value-5", "key2": "value-5"}
2025-07-31 20:45:12,553 INFO  [io.api.tes.ser.api.KafkaSerdesTester] (Thread-874) topic-ba82e374_5434_4bdd_9d60_07e611dbed87 0 46 {"key1": "value-6", "key2": "value-6"}
2025-07-31 20:45:12,553 INFO  [io.api.tes.ser.api.KafkaSerdesTester] (Thread-874) topic-ba82e374_5434_4bdd_9d60_07e611dbed87 0 47 {"key1": "value-7", "key2": "value-7"}
2025-07-31 20:45:12,553 INFO  [io.api.tes.ser.api.KafkaSerdesTester] (Thread-874) topic-ba82e374_5434_4bdd_9d60_07e611dbed87 0 48 {"key1": "value-8", "key2": "value-8"}
2025-07-31 20:45:12,553 INFO  [io.api.tes.ser.api.KafkaSerdesTester] (Thread-874) topic-ba82e374_5434_4bdd_9d60_07e611dbed87 0 49 {"key1": "value-9", "key2": "value-9"}
2025-07-31 20:45:12,553 INFO  [io.api.tes.ser.api.KafkaSerdesTester] (Thread-874) topic-ba82e374_5434_4bdd_9d60_07e611dbed87 0 50 {"key1": "value-0"}
2025-07-31 20:45:12,553 INFO  [io.api.tes.ser.api.KafkaSerdesTester] (Thread-874) topic-ba82e374_5434_4bdd_9d60_07e611dbed87 0 51 {"key1": "value-1"}
2025-07-31 20:45:12,553 INFO  [io.api.tes.ser.api.KafkaSerdesTester] (Thread-874) topic-ba82e374_5434_4bdd_9d60_07e611dbed87 0 52 {"key1": "value-2"}
2025-07-31 20:45:12,554 INFO  [io.api.tes.ser.api.KafkaSerdesTester] (Thread-874) topic-ba82e374_5434_4bdd_9d60_07e611dbed87 0 53 {"key1": "value-3"}
2025-07-31 20:45:12,554 INFO  [io.api.tes.ser.api.KafkaSerdesTester] (Thread-874) topic-ba82e374_5434_4bdd_9d60_07e611dbed87 0 54 {"key1": "value-4"}
2025-07-31 20:45:12,554 INFO  [io.api.tes.ser.api.KafkaSerdesTester] (Thread-874) topic-ba82e374_5434_4bdd_9d60_07e611dbed87 0 55 {"key1": "value-5"}
2025-07-31 20:45:12,554 INFO  [io.api.tes.ser.api.KafkaSerdesTester] (Thread-874) topic-ba82e374_5434_4bdd_9d60_07e611dbed87 0 56 {"key1": "value-6"}
2025-07-31 20:45:12,554 INFO  [io.api.tes.ser.api.KafkaSerdesTester] (Thread-874) topic-ba82e374_5434_4bdd_9d60_07e611dbed87 0 57 {"key1": "value-7"}
2025-07-31 20:45:12,554 INFO  [io.api.tes.ser.api.KafkaSerdesTester] (Thread-874) topic-ba82e374_5434_4bdd_9d60_07e611dbed87 0 58 {"key1": "value-8"}
2025-07-31 20:45:12,554 INFO  [io.api.tes.ser.api.KafkaSerdesTester] (Thread-874) topic-ba82e374_5434_4bdd_9d60_07e611dbed87 0 59 {"key1": "value-9"}
2025-07-31 20:45:12,554 INFO  [io.api.tes.ser.api.KafkaSerdesTester] (Thread-874) Consumed 30 messages
2025-07-31 20:45:12,557 INFO  [org.apa.kaf.cli.con.int.ConsumerRebalanceListenerInvoker] (Thread-874) [Consumer clientId=consumer-Consumer-topic-ba82e374_5434_4bdd_9d60_07e611dbed87-36, groupId=Consumer-topic-ba82e374_5434_4bdd_9d60_07e611dbed87] Revoke previously assigned partitions topic-ba82e374_5434_4bdd_9d60_07e611dbed87-0
2025-07-31 20:45:12,557 INFO  [org.apa.kaf.cli.con.int.ConsumerCoordinator] (Thread-874) [Consumer clientId=consumer-Consumer-topic-ba82e374_5434_4bdd_9d60_07e611dbed87-36, groupId=Consumer-topic-ba82e374_5434_4bdd_9d60_07e611dbed87] Member consumer-Consumer-topic-ba82e374_5434_4bdd_9d60_07e611dbed87-36-83de9007-d00e-4d59-9d26-39fd0e8aafd8 sending LeaveGroup request to coordinator localhost:32770 (id: 2147483647 rack: null) due to the consumer is being closed
2025-07-31 20:45:12,558 INFO  [org.apa.kaf.cli.con.int.ConsumerCoordinator] (Thread-874) [Consumer clientId=consumer-Consumer-topic-ba82e374_5434_4bdd_9d60_07e611dbed87-36, groupId=Consumer-topic-ba82e374_5434_4bdd_9d60_07e611dbed87] Resetting generation and member id due to: consumer pro-actively leaving the group
2025-07-31 20:45:12,558 INFO  [org.apa.kaf.cli.con.int.ConsumerCoordinator] (Thread-874) [Consumer clientId=consumer-Consumer-topic-ba82e374_5434_4bdd_9d60_07e611dbed87-36, groupId=Consumer-topic-ba82e374_5434_4bdd_9d60_07e611dbed87] Request joining group due to: consumer pro-actively leaving the group
2025-07-31 20:45:13,057 INFO  [org.apa.kaf.com.met.Metrics] (Thread-874) Metrics scheduler closed
2025-07-31 20:45:13,057 INFO  [org.apa.kaf.com.met.Metrics] (Thread-874) Closing reporter org.apache.kafka.common.metrics.JmxReporter
2025-07-31 20:45:13,058 INFO  [org.apa.kaf.com.met.Metrics] (Thread-874) Closing reporter org.apache.kafka.common.telemetry.internals.ClientTelemetryReporter
2025-07-31 20:45:13,058 INFO  [org.apa.kaf.com.met.Metrics] (Thread-874) Metrics reporters closed
2025-07-31 20:45:13,059 INFO  [org.apa.kaf.com.uti.AppInfoParser] (Thread-874) App info kafka.consumer for consumer-Consumer-topic-ba82e374_5434_4bdd_9d60_07e611dbed87-36 unregistered
2025-07-31 20:45:13,059 INFO  [org.apa.kaf.cli.pro.KafkaProducer] (main) [Producer clientId=Producer-topic-ba82e374_5434_4bdd_9d60_07e611dbed87] Closing the Kafka producer with timeoutMillis = 9223372036854775807 ms.
2025-07-31 20:45:13,059 INFO  [org.apa.kaf.com.met.Metrics] (main) Metrics scheduler closed
2025-07-31 20:45:13,059 INFO  [org.apa.kaf.com.met.Metrics] (main) Closing reporter org.apache.kafka.common.metrics.JmxReporter
2025-07-31 20:45:13,059 INFO  [org.apa.kaf.com.met.Metrics] (main) Closing reporter org.apache.kafka.common.telemetry.internals.ClientTelemetryReporter
2025-07-31 20:45:13,059 INFO  [org.apa.kaf.com.met.Metrics] (main) Metrics reporters closed
2025-07-31 20:45:13,059 INFO  [org.apa.kaf.com.uti.AppInfoParser] (main) App info kafka.producer for Producer-topic-ba82e374_5434_4bdd_9d60_07e611dbed87 unregistered
2025-07-31 20:45:13,214 INFO  [io.api.tes.ser.con.BasicConfluentSerDesIT] (main) Deleting confluent schema topic-ba82e374_5434_4bdd_9d60_07e611dbed87-s0da3c1ddx0bfax4b2bxa8abx1a4b0fa0b502
2025-07-31 20:45:13,301 INFO  [io.api.tes.uti.TestSeparator] (main) io.apicurio.tests.serdes.confluent.BasicConfluentSerDesIT.testEvolveAvroConfluent-FINISHED
2025-07-31 20:45:13,301 INFO  [io.api.tes.uti.TestSeparator] (main) ############################################################################
Test passed: testEvolveAvroConfluent
]]></system-out>
  </testcase>
  <testcase name="testAvroConfluentSerDes" classname="io.apicurio.tests.serdes.confluent.BasicConfluentSerDesIT" time="1.232">
    <system-out><![CDATA[2025-07-31 20:45:13,302 INFO  [io.api.tes.uti.TestSeparator] (main) ############################################################################
2025-07-31 20:45:13,302 INFO  [io.api.tes.uti.TestSeparator] (main) io.apicurio.tests.serdes.confluent.BasicConfluentSerDesIT.testAvroConfluentSerDes-STARTED
2025-07-31 20:45:13,487 INFO  [io.api.tes.ser.con.BasicConfluentSerDesIT] (main) Checking that created schema is equal to the get schema
2025-07-31 20:45:13,570 INFO  [io.api.tes.ser.con.BasicConfluentSerDesIT] (main) Created schema with id:111 and name:myrecordconfluent1
**** Registry Base URL: http://registry-app-mysql.apps.ci419.apicurio-testing.org:80
2025-07-31 20:45:13,571 INFO  [org.apa.kaf.cli.pro.ProducerConfig] (main) ProducerConfig values: 
	acks = -1
	auto.include.jmx.reporter = true
	batch.size = 16384
	bootstrap.servers = [PLAINTEXT://localhost:32770]
	buffer.memory = 33554432
	client.dns.lookup = use_all_dns_ips
	client.id = Producer-topic-35bae974_e9ae_47e7_9d88_2870791d9f39
	compression.gzip.level = -1
	compression.lz4.level = 9
	compression.type = none
	compression.zstd.level = 3
	connections.max.idle.ms = 10000
	delivery.timeout.ms = 120000
	enable.idempotence = true
	enable.metrics.push = true
	interceptor.classes = []
	key.serializer = class org.apache.kafka.common.serialization.StringSerializer
	linger.ms = 0
	max.block.ms = 60000
	max.in.flight.requests.per.connection = 5
	max.request.size = 1048576
	metadata.max.age.ms = 300000
	metadata.max.idle.ms = 300000
	metadata.recovery.strategy = none
	metric.reporters = []
	metrics.num.samples = 2
	metrics.recording.level = INFO
	metrics.sample.window.ms = 30000
	partitioner.adaptive.partitioning.enable = true
	partitioner.availability.timeout.ms = 0
	partitioner.class = null
	partitioner.ignore.keys = false
	receive.buffer.bytes = 32768
	reconnect.backoff.max.ms = 1000
	reconnect.backoff.ms = 50
	request.timeout.ms = 5000
	retries = 2147483647
	retry.backoff.max.ms = 1000
	retry.backoff.ms = 100
	sasl.client.callback.handler.class = null
	sasl.jaas.config = null
	sasl.kerberos.kinit.cmd = /usr/bin/kinit
	sasl.kerberos.min.time.before.relogin = 60000
	sasl.kerberos.service.name = null
	sasl.kerberos.ticket.renew.jitter = 0.05
	sasl.kerberos.ticket.renew.window.factor = 0.8
	sasl.login.callback.handler.class = null
	sasl.login.class = null
	sasl.login.connect.timeout.ms = null
	sasl.login.read.timeout.ms = null
	sasl.login.refresh.buffer.seconds = 300
	sasl.login.refresh.min.period.seconds = 60
	sasl.login.refresh.window.factor = 0.8
	sasl.login.refresh.window.jitter = 0.05
	sasl.login.retry.backoff.max.ms = 10000
	sasl.login.retry.backoff.ms = 100
	sasl.mechanism = GSSAPI
	sasl.oauthbearer.clock.skew.seconds = 30
	sasl.oauthbearer.expected.audience = null
	sasl.oauthbearer.expected.issuer = null
	sasl.oauthbearer.header.urlencode = false
	sasl.oauthbearer.jwks.endpoint.refresh.ms = 3600000
	sasl.oauthbearer.jwks.endpoint.retry.backoff.max.ms = 10000
	sasl.oauthbearer.jwks.endpoint.retry.backoff.ms = 100
	sasl.oauthbearer.jwks.endpoint.url = null
	sasl.oauthbearer.scope.claim.name = scope
	sasl.oauthbearer.sub.claim.name = sub
	sasl.oauthbearer.token.endpoint.url = null
	security.protocol = PLAINTEXT
	security.providers = null
	send.buffer.bytes = 131072
	socket.connection.setup.timeout.max.ms = 30000
	socket.connection.setup.timeout.ms = 10000
	ssl.cipher.suites = null
	ssl.enabled.protocols = [TLSv1.2, TLSv1.3]
	ssl.endpoint.identification.algorithm = https
	ssl.engine.factory.class = null
	ssl.key.password = null
	ssl.keymanager.algorithm = SunX509
	ssl.keystore.certificate.chain = null
	ssl.keystore.key = null
	ssl.keystore.location = null
	ssl.keystore.password = null
	ssl.keystore.type = JKS
	ssl.protocol = TLSv1.3
	ssl.provider = null
	ssl.secure.random.implementation = null
	ssl.trustmanager.algorithm = PKIX
	ssl.truststore.certificates = null
	ssl.truststore.location = null
	ssl.truststore.password = null
	ssl.truststore.type = JKS
	transaction.timeout.ms = 60000
	transactional.id = null
	value.serializer = class io.confluent.kafka.serializers.KafkaAvroSerializer

2025-07-31 20:45:13,571 INFO  [org.apa.kaf.com.tel.int.KafkaMetricsCollector] (main) initializing Kafka metrics collector
2025-07-31 20:45:13,571 INFO  [io.con.kaf.ser.KafkaAvroSerializerConfig] (main) KafkaAvroSerializerConfig values: 
	auto.register.schemas = false
	avro.reflection.allow.null = false
	avro.remove.java.properties = false
	avro.use.logical.type.converters = false
	basic.auth.credentials.source = URL
	basic.auth.user.info = [hidden]
	bearer.auth.cache.expiry.buffer.seconds = 300
	bearer.auth.client.id = null
	bearer.auth.client.secret = null
	bearer.auth.credentials.source = STATIC_TOKEN
	bearer.auth.custom.provider.class = null
	bearer.auth.identity.pool.id = null
	bearer.auth.issuer.endpoint.url = null
	bearer.auth.logical.cluster = null
	bearer.auth.scope = null
	bearer.auth.scope.claim.name = scope
	bearer.auth.sub.claim.name = sub
	bearer.auth.token = [hidden]
	context.name.strategy = class io.confluent.kafka.serializers.context.NullContextNameStrategy
	http.connect.timeout.ms = 60000
	http.read.timeout.ms = 60000
	id.compatibility.strict = true
	key.schema.id.deserializer = class io.confluent.kafka.serializers.schema.id.DualSchemaIdDeserializer
	key.schema.id.serializer = class io.confluent.kafka.serializers.schema.id.PrefixSchemaIdSerializer
	key.subject.name.strategy = class io.confluent.kafka.serializers.subject.TopicNameStrategy
	latest.cache.size = 1000
	latest.cache.ttl.sec = -1
	latest.compatibility.strict = true
	max.retries = 3
	max.schemas.per.subject = 1000
	normalize.schemas = false
	propagate.schema.tags = false
	proxy.host = 
	proxy.port = -1
	retries.max.wait.ms = 20000
	retries.wait.ms = 1000
	rule.actions = []
	rule.executors = []
	rule.service.loader.enable = true
	schema.format = null
	schema.reflection = false
	schema.registry.basic.auth.user.info = [hidden]
	schema.registry.ssl.cipher.suites = null
	schema.registry.ssl.enabled.protocols = [TLSv1.2, TLSv1.3]
	schema.registry.ssl.endpoint.identification.algorithm = https
	schema.registry.ssl.engine.factory.class = null
	schema.registry.ssl.key.password = null
	schema.registry.ssl.keymanager.algorithm = SunX509
	schema.registry.ssl.keystore.certificate.chain = null
	schema.registry.ssl.keystore.key = null
	schema.registry.ssl.keystore.location = null
	schema.registry.ssl.keystore.password = null
	schema.registry.ssl.keystore.type = JKS
	schema.registry.ssl.protocol = TLSv1.3
	schema.registry.ssl.provider = null
	schema.registry.ssl.secure.random.implementation = null
	schema.registry.ssl.trustmanager.algorithm = PKIX
	schema.registry.ssl.truststore.certificates = null
	schema.registry.ssl.truststore.location = null
	schema.registry.ssl.truststore.password = null
	schema.registry.ssl.truststore.type = JKS
	schema.registry.url = [http://registry-app-mysql.apps.ci419.apicurio-testing.org:80/apis/ccompat/v7]
	schema.registry.url.randomize = false
	use.latest.version = false
	use.latest.with.metadata = null
	use.schema.id = -1
	value.schema.id.deserializer = class io.confluent.kafka.serializers.schema.id.DualSchemaIdDeserializer
	value.schema.id.serializer = class io.confluent.kafka.serializers.schema.id.PrefixSchemaIdSerializer
	value.subject.name.strategy = class io.confluent.kafka.serializers.subject.TopicNameStrategy

2025-07-31 20:45:13,573 INFO  [org.apa.kaf.cli.pro.KafkaProducer] (main) [Producer clientId=Producer-topic-35bae974_e9ae_47e7_9d88_2870791d9f39] Instantiated an idempotent producer.
2025-07-31 20:45:13,575 INFO  [org.apa.kaf.cli.pro.ProducerConfig] (main) These configurations '[schema.registry.url, auto.register.schemas, value.subject.name.strategy]' were supplied but are not used yet.
2025-07-31 20:45:13,575 INFO  [org.apa.kaf.com.uti.AppInfoParser] (main) Kafka version: 3.9.1
2025-07-31 20:45:13,575 INFO  [org.apa.kaf.com.uti.AppInfoParser] (main) Kafka commitId: f745dfdcee2b9851
2025-07-31 20:45:13,575 INFO  [org.apa.kaf.com.uti.AppInfoParser] (main) Kafka startTimeMs: 1753994713575
2025-07-31 20:45:13,575 INFO  [io.api.tes.ser.api.SimpleSerdesTesterBuilder$SimpleSerdesTester] (main) Using producer configuration: {schema.registry.url=http://registry-app-mysql.apps.ci419.apicurio-testing.org:80/apis/ccompat/v7, value.serializer=io.confluent.kafka.serializers.KafkaAvroSerializer, request.timeout.ms=5000, auto.register.schemas=false, acks=all, bootstrap.servers=PLAINTEXT://localhost:32770, connections.max.idle.ms=10000, key.serializer=org.apache.kafka.common.serialization.StringSerializer, value.subject.name.strategy=io.confluent.kafka.serializers.subject.TopicNameStrategy, client.id=Producer-topic-35bae974_e9ae_47e7_9d88_2870791d9f39}
2025-07-31 20:45:13,575 INFO  [io.api.tes.ser.api.SimpleSerdesTesterBuilder$SimpleSerdesTester] (main) Using consumer configuration: {}
2025-07-31 20:45:13,576 INFO  [io.api.tes.ser.api.KafkaSerdesTester] (Thread-875) Sending message {"key1": "value-0"} to topic topic-35bae974_e9ae_47e7_9d88_2870791d9f39
2025-07-31 20:45:13,579 INFO  [org.apa.kaf.cli.Metadata] (kafka-producer-network-thread | Producer-topic-35bae974_e9ae_47e7_9d88_2870791d9f39) [Producer clientId=Producer-topic-35bae974_e9ae_47e7_9d88_2870791d9f39] Cluster ID: 6lKjf0w6TFCctmqQa8E77g
2025-07-31 20:45:13,582 INFO  [org.apa.kaf.cli.pro.int.TransactionManager] (kafka-producer-network-thread | Producer-topic-35bae974_e9ae_47e7_9d88_2870791d9f39) [Producer clientId=Producer-topic-35bae974_e9ae_47e7_9d88_2870791d9f39] ProducerId set to 50 with epoch 0
2025-07-31 20:45:13,667 INFO  [io.api.tes.ser.api.KafkaSerdesTester] (Thread-875) Sending message {"key1": "value-1"} to topic topic-35bae974_e9ae_47e7_9d88_2870791d9f39
2025-07-31 20:45:13,669 INFO  [io.api.tes.ser.api.KafkaSerdesTester] (Thread-875) Sending message {"key1": "value-2"} to topic topic-35bae974_e9ae_47e7_9d88_2870791d9f39
2025-07-31 20:45:13,670 INFO  [io.api.tes.ser.api.KafkaSerdesTester] (Thread-875) Sending message {"key1": "value-3"} to topic topic-35bae974_e9ae_47e7_9d88_2870791d9f39
2025-07-31 20:45:13,671 INFO  [io.api.tes.ser.api.KafkaSerdesTester] (Thread-875) Sending message {"key1": "value-4"} to topic topic-35bae974_e9ae_47e7_9d88_2870791d9f39
2025-07-31 20:45:13,672 INFO  [io.api.tes.ser.api.KafkaSerdesTester] (Thread-875) Sending message {"key1": "value-5"} to topic topic-35bae974_e9ae_47e7_9d88_2870791d9f39
2025-07-31 20:45:13,673 INFO  [io.api.tes.ser.api.KafkaSerdesTester] (Thread-875) Sending message {"key1": "value-6"} to topic topic-35bae974_e9ae_47e7_9d88_2870791d9f39
2025-07-31 20:45:13,674 INFO  [io.api.tes.ser.api.KafkaSerdesTester] (Thread-875) Sending message {"key1": "value-7"} to topic topic-35bae974_e9ae_47e7_9d88_2870791d9f39
2025-07-31 20:45:13,675 INFO  [io.api.tes.ser.api.KafkaSerdesTester] (Thread-875) Sending message {"key1": "value-8"} to topic topic-35bae974_e9ae_47e7_9d88_2870791d9f39
2025-07-31 20:45:13,676 INFO  [io.api.tes.ser.api.KafkaSerdesTester] (Thread-875) Sending message {"key1": "value-9"} to topic topic-35bae974_e9ae_47e7_9d88_2870791d9f39
2025-07-31 20:45:13,678 INFO  [io.api.tes.ser.api.KafkaSerdesTester] (Thread-875) Produced 10 messages
2025-07-31 20:45:13,678 INFO  [org.apa.kaf.cli.pro.KafkaProducer] (Thread-875) [Producer clientId=Producer-topic-35bae974_e9ae_47e7_9d88_2870791d9f39] Closing the Kafka producer with timeoutMillis = 9223372036854775807 ms.
2025-07-31 20:45:13,680 INFO  [org.apa.kaf.com.met.Metrics] (Thread-875) Metrics scheduler closed
2025-07-31 20:45:13,680 INFO  [org.apa.kaf.com.met.Metrics] (Thread-875) Closing reporter org.apache.kafka.common.metrics.JmxReporter
2025-07-31 20:45:13,680 INFO  [org.apa.kaf.com.met.Metrics] (Thread-875) Closing reporter org.apache.kafka.common.telemetry.internals.ClientTelemetryReporter
2025-07-31 20:45:13,680 INFO  [org.apa.kaf.com.met.Metrics] (Thread-875) Metrics reporters closed
2025-07-31 20:45:13,680 INFO  [org.apa.kaf.com.uti.AppInfoParser] (Thread-875) App info kafka.producer for Producer-topic-35bae974_e9ae_47e7_9d88_2870791d9f39 unregistered
**** Registry Base URL: http://registry-app-mysql.apps.ci419.apicurio-testing.org:80
2025-07-31 20:45:13,680 INFO  [org.apa.kaf.cli.con.ConsumerConfig] (main) ConsumerConfig values: 
	allow.auto.create.topics = true
	auto.commit.interval.ms = 500
	auto.include.jmx.reporter = true
	auto.offset.reset = earliest
	bootstrap.servers = [PLAINTEXT://localhost:32770]
	check.crcs = true
	client.dns.lookup = use_all_dns_ips
	client.id = consumer-Consumer-topic-35bae974_e9ae_47e7_9d88_2870791d9f39-37
	client.rack = 
	connections.max.idle.ms = 10000
	default.api.timeout.ms = 60000
	enable.auto.commit = true
	enable.metrics.push = true
	exclude.internal.topics = true
	fetch.max.bytes = 52428800
	fetch.max.wait.ms = 500
	fetch.min.bytes = 1
	group.id = Consumer-topic-35bae974_e9ae_47e7_9d88_2870791d9f39
	group.instance.id = null
	group.protocol = classic
	group.remote.assignor = null
	heartbeat.interval.ms = 3000
	interceptor.classes = []
	internal.leave.group.on.close = true
	internal.throw.on.fetch.stable.offset.unsupported = false
	isolation.level = read_uncommitted
	key.deserializer = class org.apache.kafka.common.serialization.StringDeserializer
	max.partition.fetch.bytes = 1048576
	max.poll.interval.ms = 300000
	max.poll.records = 500
	metadata.max.age.ms = 300000
	metadata.recovery.strategy = none
	metric.reporters = []
	metrics.num.samples = 2
	metrics.recording.level = INFO
	metrics.sample.window.ms = 30000
	partition.assignment.strategy = [class org.apache.kafka.clients.consumer.RangeAssignor, class org.apache.kafka.clients.consumer.CooperativeStickyAssignor]
	receive.buffer.bytes = 65536
	reconnect.backoff.max.ms = 1000
	reconnect.backoff.ms = 50
	request.timeout.ms = 5000
	retry.backoff.max.ms = 1000
	retry.backoff.ms = 100
	sasl.client.callback.handler.class = null
	sasl.jaas.config = null
	sasl.kerberos.kinit.cmd = /usr/bin/kinit
	sasl.kerberos.min.time.before.relogin = 60000
	sasl.kerberos.service.name = null
	sasl.kerberos.ticket.renew.jitter = 0.05
	sasl.kerberos.ticket.renew.window.factor = 0.8
	sasl.login.callback.handler.class = null
	sasl.login.class = null
	sasl.login.connect.timeout.ms = null
	sasl.login.read.timeout.ms = null
	sasl.login.refresh.buffer.seconds = 300
	sasl.login.refresh.min.period.seconds = 60
	sasl.login.refresh.window.factor = 0.8
	sasl.login.refresh.window.jitter = 0.05
	sasl.login.retry.backoff.max.ms = 10000
	sasl.login.retry.backoff.ms = 100
	sasl.mechanism = GSSAPI
	sasl.oauthbearer.clock.skew.seconds = 30
	sasl.oauthbearer.expected.audience = null
	sasl.oauthbearer.expected.issuer = null
	sasl.oauthbearer.header.urlencode = false
	sasl.oauthbearer.jwks.endpoint.refresh.ms = 3600000
	sasl.oauthbearer.jwks.endpoint.retry.backoff.max.ms = 10000
	sasl.oauthbearer.jwks.endpoint.retry.backoff.ms = 100
	sasl.oauthbearer.jwks.endpoint.url = null
	sasl.oauthbearer.scope.claim.name = scope
	sasl.oauthbearer.sub.claim.name = sub
	sasl.oauthbearer.token.endpoint.url = null
	security.protocol = PLAINTEXT
	security.providers = null
	send.buffer.bytes = 131072
	session.timeout.ms = 45000
	socket.connection.setup.timeout.max.ms = 30000
	socket.connection.setup.timeout.ms = 10000
	ssl.cipher.suites = null
	ssl.enabled.protocols = [TLSv1.2, TLSv1.3]
	ssl.endpoint.identification.algorithm = https
	ssl.engine.factory.class = null
	ssl.key.password = null
	ssl.keymanager.algorithm = SunX509
	ssl.keystore.certificate.chain = null
	ssl.keystore.key = null
	ssl.keystore.location = null
	ssl.keystore.password = null
	ssl.keystore.type = JKS
	ssl.protocol = TLSv1.3
	ssl.provider = null
	ssl.secure.random.implementation = null
	ssl.trustmanager.algorithm = PKIX
	ssl.truststore.certificates = null
	ssl.truststore.location = null
	ssl.truststore.password = null
	ssl.truststore.type = JKS
	value.deserializer = class io.confluent.kafka.serializers.KafkaAvroDeserializer

2025-07-31 20:45:13,681 INFO  [org.apa.kaf.com.tel.int.KafkaMetricsCollector] (main) initializing Kafka metrics collector
2025-07-31 20:45:13,681 INFO  [io.con.kaf.ser.KafkaAvroDeserializerConfig] (main) KafkaAvroDeserializerConfig values: 
	auto.register.schemas = true
	avro.reflection.allow.null = false
	avro.use.logical.type.converters = false
	basic.auth.credentials.source = URL
	basic.auth.user.info = [hidden]
	bearer.auth.cache.expiry.buffer.seconds = 300
	bearer.auth.client.id = null
	bearer.auth.client.secret = null
	bearer.auth.credentials.source = STATIC_TOKEN
	bearer.auth.custom.provider.class = null
	bearer.auth.identity.pool.id = null
	bearer.auth.issuer.endpoint.url = null
	bearer.auth.logical.cluster = null
	bearer.auth.scope = null
	bearer.auth.scope.claim.name = scope
	bearer.auth.sub.claim.name = sub
	bearer.auth.token = [hidden]
	context.name.strategy = class io.confluent.kafka.serializers.context.NullContextNameStrategy
	http.connect.timeout.ms = 60000
	http.read.timeout.ms = 60000
	id.compatibility.strict = true
	key.schema.id.deserializer = class io.confluent.kafka.serializers.schema.id.DualSchemaIdDeserializer
	key.schema.id.serializer = class io.confluent.kafka.serializers.schema.id.PrefixSchemaIdSerializer
	key.subject.name.strategy = class io.confluent.kafka.serializers.subject.TopicNameStrategy
	latest.cache.size = 1000
	latest.cache.ttl.sec = -1
	latest.compatibility.strict = true
	max.retries = 3
	max.schemas.per.subject = 1000
	normalize.schemas = false
	propagate.schema.tags = false
	proxy.host = 
	proxy.port = -1
	retries.max.wait.ms = 20000
	retries.wait.ms = 1000
	rule.actions = []
	rule.executors = []
	rule.service.loader.enable = true
	schema.format = null
	schema.reflection = false
	schema.registry.basic.auth.user.info = [hidden]
	schema.registry.ssl.cipher.suites = null
	schema.registry.ssl.enabled.protocols = [TLSv1.2, TLSv1.3]
	schema.registry.ssl.endpoint.identification.algorithm = https
	schema.registry.ssl.engine.factory.class = null
	schema.registry.ssl.key.password = null
	schema.registry.ssl.keymanager.algorithm = SunX509
	schema.registry.ssl.keystore.certificate.chain = null
	schema.registry.ssl.keystore.key = null
	schema.registry.ssl.keystore.location = null
	schema.registry.ssl.keystore.password = null
	schema.registry.ssl.keystore.type = JKS
	schema.registry.ssl.protocol = TLSv1.3
	schema.registry.ssl.provider = null
	schema.registry.ssl.secure.random.implementation = null
	schema.registry.ssl.trustmanager.algorithm = PKIX
	schema.registry.ssl.truststore.certificates = null
	schema.registry.ssl.truststore.location = null
	schema.registry.ssl.truststore.password = null
	schema.registry.ssl.truststore.type = JKS
	schema.registry.url = [http://registry-app-mysql.apps.ci419.apicurio-testing.org:80/apis/ccompat/v7]
	schema.registry.url.randomize = false
	specific.avro.key.type = null
	specific.avro.reader = false
	specific.avro.value.type = null
	use.latest.version = false
	use.latest.with.metadata = null
	use.schema.id = -1
	value.schema.id.deserializer = class io.confluent.kafka.serializers.schema.id.DualSchemaIdDeserializer
	value.schema.id.serializer = class io.confluent.kafka.serializers.schema.id.PrefixSchemaIdSerializer
	value.subject.name.strategy = class io.confluent.kafka.serializers.subject.TopicNameStrategy

2025-07-31 20:45:13,685 INFO  [org.apa.kaf.cli.con.ConsumerConfig] (main) These configurations '[schema.registry.url]' were supplied but are not used yet.
2025-07-31 20:45:13,685 INFO  [org.apa.kaf.com.uti.AppInfoParser] (main) Kafka version: 3.9.1
2025-07-31 20:45:13,685 INFO  [org.apa.kaf.com.uti.AppInfoParser] (main) Kafka commitId: f745dfdcee2b9851
2025-07-31 20:45:13,685 INFO  [org.apa.kaf.com.uti.AppInfoParser] (main) Kafka startTimeMs: 1753994713685
2025-07-31 20:45:13,685 INFO  [org.apa.kaf.cli.con.int.ClassicKafkaConsumer] (Thread-876) [Consumer clientId=consumer-Consumer-topic-35bae974_e9ae_47e7_9d88_2870791d9f39-37, groupId=Consumer-topic-35bae974_e9ae_47e7_9d88_2870791d9f39] Subscribed to topic(s): topic-35bae974_e9ae_47e7_9d88_2870791d9f39
2025-07-31 20:45:13,689 INFO  [org.apa.kaf.cli.Metadata] (Thread-876) [Consumer clientId=consumer-Consumer-topic-35bae974_e9ae_47e7_9d88_2870791d9f39-37, groupId=Consumer-topic-35bae974_e9ae_47e7_9d88_2870791d9f39] Cluster ID: 6lKjf0w6TFCctmqQa8E77g
2025-07-31 20:45:13,690 INFO  [org.apa.kaf.cli.con.int.ConsumerCoordinator] (Thread-876) [Consumer clientId=consumer-Consumer-topic-35bae974_e9ae_47e7_9d88_2870791d9f39-37, groupId=Consumer-topic-35bae974_e9ae_47e7_9d88_2870791d9f39] Discovered group coordinator localhost:32770 (id: 2147483647 rack: null)
2025-07-31 20:45:13,691 INFO  [org.apa.kaf.cli.con.int.ConsumerCoordinator] (Thread-876) [Consumer clientId=consumer-Consumer-topic-35bae974_e9ae_47e7_9d88_2870791d9f39-37, groupId=Consumer-topic-35bae974_e9ae_47e7_9d88_2870791d9f39] (Re-)joining group
2025-07-31 20:45:13,695 INFO  [org.apa.kaf.cli.con.int.ConsumerCoordinator] (Thread-876) [Consumer clientId=consumer-Consumer-topic-35bae974_e9ae_47e7_9d88_2870791d9f39-37, groupId=Consumer-topic-35bae974_e9ae_47e7_9d88_2870791d9f39] Request joining group due to: need to re-join with the given member-id: consumer-Consumer-topic-35bae974_e9ae_47e7_9d88_2870791d9f39-37-e4336821-efaa-484e-a456-916e3094df10
2025-07-31 20:45:13,695 INFO  [org.apa.kaf.cli.con.int.ConsumerCoordinator] (Thread-876) [Consumer clientId=consumer-Consumer-topic-35bae974_e9ae_47e7_9d88_2870791d9f39-37, groupId=Consumer-topic-35bae974_e9ae_47e7_9d88_2870791d9f39] (Re-)joining group
2025-07-31 20:45:13,698 INFO  [org.apa.kaf.cli.con.int.ConsumerCoordinator] (Thread-876) [Consumer clientId=consumer-Consumer-topic-35bae974_e9ae_47e7_9d88_2870791d9f39-37, groupId=Consumer-topic-35bae974_e9ae_47e7_9d88_2870791d9f39] Successfully joined group with generation Generation{generationId=1, memberId='consumer-Consumer-topic-35bae974_e9ae_47e7_9d88_2870791d9f39-37-e4336821-efaa-484e-a456-916e3094df10', protocol='range'}
2025-07-31 20:45:13,698 INFO  [org.apa.kaf.cli.con.int.ConsumerCoordinator] (Thread-876) [Consumer clientId=consumer-Consumer-topic-35bae974_e9ae_47e7_9d88_2870791d9f39-37, groupId=Consumer-topic-35bae974_e9ae_47e7_9d88_2870791d9f39] Finished assignment for group at generation 1: {consumer-Consumer-topic-35bae974_e9ae_47e7_9d88_2870791d9f39-37-e4336821-efaa-484e-a456-916e3094df10=Assignment(partitions=[topic-35bae974_e9ae_47e7_9d88_2870791d9f39-0])}
2025-07-31 20:45:13,700 INFO  [org.apa.kaf.cli.con.int.ConsumerCoordinator] (Thread-876) [Consumer clientId=consumer-Consumer-topic-35bae974_e9ae_47e7_9d88_2870791d9f39-37, groupId=Consumer-topic-35bae974_e9ae_47e7_9d88_2870791d9f39] Successfully synced group in generation Generation{generationId=1, memberId='consumer-Consumer-topic-35bae974_e9ae_47e7_9d88_2870791d9f39-37-e4336821-efaa-484e-a456-916e3094df10', protocol='range'}
2025-07-31 20:45:13,700 INFO  [org.apa.kaf.cli.con.int.ConsumerCoordinator] (Thread-876) [Consumer clientId=consumer-Consumer-topic-35bae974_e9ae_47e7_9d88_2870791d9f39-37, groupId=Consumer-topic-35bae974_e9ae_47e7_9d88_2870791d9f39] Notifying assignor about the new Assignment(partitions=[topic-35bae974_e9ae_47e7_9d88_2870791d9f39-0])
2025-07-31 20:45:13,700 INFO  [org.apa.kaf.cli.con.int.ConsumerRebalanceListenerInvoker] (Thread-876) [Consumer clientId=consumer-Consumer-topic-35bae974_e9ae_47e7_9d88_2870791d9f39-37, groupId=Consumer-topic-35bae974_e9ae_47e7_9d88_2870791d9f39] Adding newly assigned partitions: topic-35bae974_e9ae_47e7_9d88_2870791d9f39-0
2025-07-31 20:45:13,701 INFO  [org.apa.kaf.cli.con.int.ConsumerCoordinator] (Thread-876) [Consumer clientId=consumer-Consumer-topic-35bae974_e9ae_47e7_9d88_2870791d9f39-37, groupId=Consumer-topic-35bae974_e9ae_47e7_9d88_2870791d9f39] Found no committed offset for partition topic-35bae974_e9ae_47e7_9d88_2870791d9f39-0
2025-07-31 20:45:13,705 INFO  [org.apa.kaf.cli.con.int.SubscriptionState] (Thread-876) [Consumer clientId=consumer-Consumer-topic-35bae974_e9ae_47e7_9d88_2870791d9f39-37, groupId=Consumer-topic-35bae974_e9ae_47e7_9d88_2870791d9f39] Resetting offset for partition topic-35bae974_e9ae_47e7_9d88_2870791d9f39-0 to position FetchPosition{offset=0, offsetEpoch=Optional.empty, currentLeader=LeaderAndEpoch{leader=Optional[localhost:32770 (id: 0 rack: null)], epoch=0}}.
2025-07-31 20:45:13,786 INFO  [io.api.tes.ser.api.KafkaSerdesTester] (Thread-876) topic-35bae974_e9ae_47e7_9d88_2870791d9f39 0 0 {"key1": "value-0"}
2025-07-31 20:45:13,787 INFO  [io.api.tes.ser.api.KafkaSerdesTester] (Thread-876) topic-35bae974_e9ae_47e7_9d88_2870791d9f39 0 1 {"key1": "value-1"}
2025-07-31 20:45:13,787 INFO  [io.api.tes.ser.api.KafkaSerdesTester] (Thread-876) topic-35bae974_e9ae_47e7_9d88_2870791d9f39 0 2 {"key1": "value-2"}
2025-07-31 20:45:13,787 INFO  [io.api.tes.ser.api.KafkaSerdesTester] (Thread-876) topic-35bae974_e9ae_47e7_9d88_2870791d9f39 0 3 {"key1": "value-3"}
2025-07-31 20:45:13,787 INFO  [io.api.tes.ser.api.KafkaSerdesTester] (Thread-876) topic-35bae974_e9ae_47e7_9d88_2870791d9f39 0 4 {"key1": "value-4"}
2025-07-31 20:45:13,787 INFO  [io.api.tes.ser.api.KafkaSerdesTester] (Thread-876) topic-35bae974_e9ae_47e7_9d88_2870791d9f39 0 5 {"key1": "value-5"}
2025-07-31 20:45:13,787 INFO  [io.api.tes.ser.api.KafkaSerdesTester] (Thread-876) topic-35bae974_e9ae_47e7_9d88_2870791d9f39 0 6 {"key1": "value-6"}
2025-07-31 20:45:13,787 INFO  [io.api.tes.ser.api.KafkaSerdesTester] (Thread-876) topic-35bae974_e9ae_47e7_9d88_2870791d9f39 0 7 {"key1": "value-7"}
2025-07-31 20:45:13,789 INFO  [io.api.tes.ser.api.KafkaSerdesTester] (Thread-876) topic-35bae974_e9ae_47e7_9d88_2870791d9f39 0 8 {"key1": "value-8"}
2025-07-31 20:45:13,789 INFO  [io.api.tes.ser.api.KafkaSerdesTester] (Thread-876) topic-35bae974_e9ae_47e7_9d88_2870791d9f39 0 9 {"key1": "value-9"}
2025-07-31 20:45:13,789 INFO  [io.api.tes.ser.api.KafkaSerdesTester] (Thread-876) Consumed 10 messages
2025-07-31 20:45:13,793 INFO  [org.apa.kaf.cli.con.int.ConsumerRebalanceListenerInvoker] (Thread-876) [Consumer clientId=consumer-Consumer-topic-35bae974_e9ae_47e7_9d88_2870791d9f39-37, groupId=Consumer-topic-35bae974_e9ae_47e7_9d88_2870791d9f39] Revoke previously assigned partitions topic-35bae974_e9ae_47e7_9d88_2870791d9f39-0
2025-07-31 20:45:13,793 INFO  [org.apa.kaf.cli.con.int.ConsumerCoordinator] (Thread-876) [Consumer clientId=consumer-Consumer-topic-35bae974_e9ae_47e7_9d88_2870791d9f39-37, groupId=Consumer-topic-35bae974_e9ae_47e7_9d88_2870791d9f39] Member consumer-Consumer-topic-35bae974_e9ae_47e7_9d88_2870791d9f39-37-e4336821-efaa-484e-a456-916e3094df10 sending LeaveGroup request to coordinator localhost:32770 (id: 2147483647 rack: null) due to the consumer is being closed
2025-07-31 20:45:13,796 INFO  [org.apa.kaf.cli.con.int.ConsumerCoordinator] (Thread-876) [Consumer clientId=consumer-Consumer-topic-35bae974_e9ae_47e7_9d88_2870791d9f39-37, groupId=Consumer-topic-35bae974_e9ae_47e7_9d88_2870791d9f39] Resetting generation and member id due to: consumer pro-actively leaving the group
2025-07-31 20:45:13,796 INFO  [org.apa.kaf.cli.con.int.ConsumerCoordinator] (Thread-876) [Consumer clientId=consumer-Consumer-topic-35bae974_e9ae_47e7_9d88_2870791d9f39-37, groupId=Consumer-topic-35bae974_e9ae_47e7_9d88_2870791d9f39] Request joining group due to: consumer pro-actively leaving the group
2025-07-31 20:45:14,288 INFO  [org.apa.kaf.com.met.Metrics] (Thread-876) Metrics scheduler closed
2025-07-31 20:45:14,288 INFO  [org.apa.kaf.com.met.Metrics] (Thread-876) Closing reporter org.apache.kafka.common.metrics.JmxReporter
2025-07-31 20:45:14,288 INFO  [org.apa.kaf.com.met.Metrics] (Thread-876) Closing reporter org.apache.kafka.common.telemetry.internals.ClientTelemetryReporter
2025-07-31 20:45:14,288 INFO  [org.apa.kaf.com.met.Metrics] (Thread-876) Metrics reporters closed
2025-07-31 20:45:14,290 INFO  [org.apa.kaf.com.uti.AppInfoParser] (Thread-876) App info kafka.consumer for consumer-Consumer-topic-35bae974_e9ae_47e7_9d88_2870791d9f39-37 unregistered
2025-07-31 20:45:14,449 INFO  [io.api.tes.ser.con.BasicConfluentSerDesIT] (main) Deleting confluent schema topic-35bae974_e9ae_47e7_9d88_2870791d9f39-value
2025-07-31 20:45:14,534 INFO  [io.api.tes.uti.TestSeparator] (main) io.apicurio.tests.serdes.confluent.BasicConfluentSerDesIT.testAvroConfluentSerDes-FINISHED
2025-07-31 20:45:14,534 INFO  [io.api.tes.uti.TestSeparator] (main) ############################################################################
Test passed: testAvroConfluentSerDes
]]></system-out>
  </testcase>
  <testcase name="testAvroConfluentForMultipleTopics" classname="io.apicurio.tests.serdes.confluent.BasicConfluentSerDesIT" time="3.362">
    <system-out><![CDATA[2025-07-31 20:45:14,535 INFO  [io.api.tes.uti.TestSeparator] (main) ############################################################################
2025-07-31 20:45:14,535 INFO  [io.api.tes.uti.TestSeparator] (main) io.apicurio.tests.serdes.confluent.BasicConfluentSerDesIT.testAvroConfluentForMultipleTopics-STARTED
2025-07-31 20:45:14,726 INFO  [io.api.tes.ser.con.BasicConfluentSerDesIT] (main) Checking that created schema is equal to the get schema
2025-07-31 20:45:14,807 INFO  [io.api.tes.ser.con.BasicConfluentSerDesIT] (main) Created schema with id:112 and name:myrecordconfluent6
**** Registry Base URL: http://registry-app-mysql.apps.ci419.apicurio-testing.org:80
2025-07-31 20:45:14,807 INFO  [org.apa.kaf.cli.pro.ProducerConfig] (main) ProducerConfig values: 
	acks = -1
	auto.include.jmx.reporter = true
	batch.size = 16384
	bootstrap.servers = [PLAINTEXT://localhost:32770]
	buffer.memory = 33554432
	client.dns.lookup = use_all_dns_ips
	client.id = Producer-topic-f838a298_3cab_4ba1_8cca_88a5cc228f24
	compression.gzip.level = -1
	compression.lz4.level = 9
	compression.type = none
	compression.zstd.level = 3
	connections.max.idle.ms = 10000
	delivery.timeout.ms = 120000
	enable.idempotence = true
	enable.metrics.push = true
	interceptor.classes = []
	key.serializer = class org.apache.kafka.common.serialization.StringSerializer
	linger.ms = 0
	max.block.ms = 60000
	max.in.flight.requests.per.connection = 5
	max.request.size = 1048576
	metadata.max.age.ms = 300000
	metadata.max.idle.ms = 300000
	metadata.recovery.strategy = none
	metric.reporters = []
	metrics.num.samples = 2
	metrics.recording.level = INFO
	metrics.sample.window.ms = 30000
	partitioner.adaptive.partitioning.enable = true
	partitioner.availability.timeout.ms = 0
	partitioner.class = null
	partitioner.ignore.keys = false
	receive.buffer.bytes = 32768
	reconnect.backoff.max.ms = 1000
	reconnect.backoff.ms = 50
	request.timeout.ms = 5000
	retries = 2147483647
	retry.backoff.max.ms = 1000
	retry.backoff.ms = 100
	sasl.client.callback.handler.class = null
	sasl.jaas.config = null
	sasl.kerberos.kinit.cmd = /usr/bin/kinit
	sasl.kerberos.min.time.before.relogin = 60000
	sasl.kerberos.service.name = null
	sasl.kerberos.ticket.renew.jitter = 0.05
	sasl.kerberos.ticket.renew.window.factor = 0.8
	sasl.login.callback.handler.class = null
	sasl.login.class = null
	sasl.login.connect.timeout.ms = null
	sasl.login.read.timeout.ms = null
	sasl.login.refresh.buffer.seconds = 300
	sasl.login.refresh.min.period.seconds = 60
	sasl.login.refresh.window.factor = 0.8
	sasl.login.refresh.window.jitter = 0.05
	sasl.login.retry.backoff.max.ms = 10000
	sasl.login.retry.backoff.ms = 100
	sasl.mechanism = GSSAPI
	sasl.oauthbearer.clock.skew.seconds = 30
	sasl.oauthbearer.expected.audience = null
	sasl.oauthbearer.expected.issuer = null
	sasl.oauthbearer.header.urlencode = false
	sasl.oauthbearer.jwks.endpoint.refresh.ms = 3600000
	sasl.oauthbearer.jwks.endpoint.retry.backoff.max.ms = 10000
	sasl.oauthbearer.jwks.endpoint.retry.backoff.ms = 100
	sasl.oauthbearer.jwks.endpoint.url = null
	sasl.oauthbearer.scope.claim.name = scope
	sasl.oauthbearer.sub.claim.name = sub
	sasl.oauthbearer.token.endpoint.url = null
	security.protocol = PLAINTEXT
	security.providers = null
	send.buffer.bytes = 131072
	socket.connection.setup.timeout.max.ms = 30000
	socket.connection.setup.timeout.ms = 10000
	ssl.cipher.suites = null
	ssl.enabled.protocols = [TLSv1.2, TLSv1.3]
	ssl.endpoint.identification.algorithm = https
	ssl.engine.factory.class = null
	ssl.key.password = null
	ssl.keymanager.algorithm = SunX509
	ssl.keystore.certificate.chain = null
	ssl.keystore.key = null
	ssl.keystore.location = null
	ssl.keystore.password = null
	ssl.keystore.type = JKS
	ssl.protocol = TLSv1.3
	ssl.provider = null
	ssl.secure.random.implementation = null
	ssl.trustmanager.algorithm = PKIX
	ssl.truststore.certificates = null
	ssl.truststore.location = null
	ssl.truststore.password = null
	ssl.truststore.type = JKS
	transaction.timeout.ms = 60000
	transactional.id = null
	value.serializer = class io.apicurio.registry.serde.avro.AvroKafkaSerializer

2025-07-31 20:45:14,807 INFO  [org.apa.kaf.com.tel.int.KafkaMetricsCollector] (main) initializing Kafka metrics collector
2025-07-31 20:45:14,810 INFO  [org.apa.kaf.cli.pro.KafkaProducer] (main) [Producer clientId=Producer-topic-f838a298_3cab_4ba1_8cca_88a5cc228f24] Instantiated an idempotent producer.
2025-07-31 20:45:14,811 INFO  [org.apa.kaf.cli.pro.ProducerConfig] (main) These configurations '[apicurio.registry.url, apicurio.registry.artifact-resolver-strategy]' were supplied but are not used yet.
2025-07-31 20:45:14,811 INFO  [org.apa.kaf.com.uti.AppInfoParser] (main) Kafka version: 3.9.1
2025-07-31 20:45:14,811 INFO  [org.apa.kaf.com.uti.AppInfoParser] (main) Kafka commitId: f745dfdcee2b9851
2025-07-31 20:45:14,811 INFO  [org.apa.kaf.com.uti.AppInfoParser] (main) Kafka startTimeMs: 1753994714811
**** Registry Base URL: http://registry-app-mysql.apps.ci419.apicurio-testing.org:80
2025-07-31 20:45:14,811 INFO  [org.apa.kaf.cli.pro.ProducerConfig] (main) ProducerConfig values: 
	acks = -1
	auto.include.jmx.reporter = true
	batch.size = 16384
	bootstrap.servers = [PLAINTEXT://localhost:32770]
	buffer.memory = 33554432
	client.dns.lookup = use_all_dns_ips
	client.id = Producer-topic-42d05719_1caf_4020_add7_5f67c862cfaf
	compression.gzip.level = -1
	compression.lz4.level = 9
	compression.type = none
	compression.zstd.level = 3
	connections.max.idle.ms = 10000
	delivery.timeout.ms = 120000
	enable.idempotence = true
	enable.metrics.push = true
	interceptor.classes = []
	key.serializer = class org.apache.kafka.common.serialization.StringSerializer
	linger.ms = 0
	max.block.ms = 60000
	max.in.flight.requests.per.connection = 5
	max.request.size = 1048576
	metadata.max.age.ms = 300000
	metadata.max.idle.ms = 300000
	metadata.recovery.strategy = none
	metric.reporters = []
	metrics.num.samples = 2
	metrics.recording.level = INFO
	metrics.sample.window.ms = 30000
	partitioner.adaptive.partitioning.enable = true
	partitioner.availability.timeout.ms = 0
	partitioner.class = null
	partitioner.ignore.keys = false
	receive.buffer.bytes = 32768
	reconnect.backoff.max.ms = 1000
	reconnect.backoff.ms = 50
	request.timeout.ms = 5000
	retries = 2147483647
	retry.backoff.max.ms = 1000
	retry.backoff.ms = 100
	sasl.client.callback.handler.class = null
	sasl.jaas.config = null
	sasl.kerberos.kinit.cmd = /usr/bin/kinit
	sasl.kerberos.min.time.before.relogin = 60000
	sasl.kerberos.service.name = null
	sasl.kerberos.ticket.renew.jitter = 0.05
	sasl.kerberos.ticket.renew.window.factor = 0.8
	sasl.login.callback.handler.class = null
	sasl.login.class = null
	sasl.login.connect.timeout.ms = null
	sasl.login.read.timeout.ms = null
	sasl.login.refresh.buffer.seconds = 300
	sasl.login.refresh.min.period.seconds = 60
	sasl.login.refresh.window.factor = 0.8
	sasl.login.refresh.window.jitter = 0.05
	sasl.login.retry.backoff.max.ms = 10000
	sasl.login.retry.backoff.ms = 100
	sasl.mechanism = GSSAPI
	sasl.oauthbearer.clock.skew.seconds = 30
	sasl.oauthbearer.expected.audience = null
	sasl.oauthbearer.expected.issuer = null
	sasl.oauthbearer.header.urlencode = false
	sasl.oauthbearer.jwks.endpoint.refresh.ms = 3600000
	sasl.oauthbearer.jwks.endpoint.retry.backoff.max.ms = 10000
	sasl.oauthbearer.jwks.endpoint.retry.backoff.ms = 100
	sasl.oauthbearer.jwks.endpoint.url = null
	sasl.oauthbearer.scope.claim.name = scope
	sasl.oauthbearer.sub.claim.name = sub
	sasl.oauthbearer.token.endpoint.url = null
	security.protocol = PLAINTEXT
	security.providers = null
	send.buffer.bytes = 131072
	socket.connection.setup.timeout.max.ms = 30000
	socket.connection.setup.timeout.ms = 10000
	ssl.cipher.suites = null
	ssl.enabled.protocols = [TLSv1.2, TLSv1.3]
	ssl.endpoint.identification.algorithm = https
	ssl.engine.factory.class = null
	ssl.key.password = null
	ssl.keymanager.algorithm = SunX509
	ssl.keystore.certificate.chain = null
	ssl.keystore.key = null
	ssl.keystore.location = null
	ssl.keystore.password = null
	ssl.keystore.type = JKS
	ssl.protocol = TLSv1.3
	ssl.provider = null
	ssl.secure.random.implementation = null
	ssl.trustmanager.algorithm = PKIX
	ssl.truststore.certificates = null
	ssl.truststore.location = null
	ssl.truststore.password = null
	ssl.truststore.type = JKS
	transaction.timeout.ms = 60000
	transactional.id = null
	value.serializer = class io.apicurio.registry.serde.avro.AvroKafkaSerializer

2025-07-31 20:45:14,812 INFO  [org.apa.kaf.com.tel.int.KafkaMetricsCollector] (main) initializing Kafka metrics collector
2025-07-31 20:45:14,815 INFO  [org.apa.kaf.cli.pro.KafkaProducer] (main) [Producer clientId=Producer-topic-42d05719_1caf_4020_add7_5f67c862cfaf] Instantiated an idempotent producer.
2025-07-31 20:45:14,816 INFO  [org.apa.kaf.cli.Metadata] (kafka-producer-network-thread | Producer-topic-f838a298_3cab_4ba1_8cca_88a5cc228f24) [Producer clientId=Producer-topic-f838a298_3cab_4ba1_8cca_88a5cc228f24] Cluster ID: 6lKjf0w6TFCctmqQa8E77g
2025-07-31 20:45:14,816 INFO  [org.apa.kaf.cli.pro.int.TransactionManager] (kafka-producer-network-thread | Producer-topic-f838a298_3cab_4ba1_8cca_88a5cc228f24) [Producer clientId=Producer-topic-f838a298_3cab_4ba1_8cca_88a5cc228f24] ProducerId set to 51 with epoch 0
2025-07-31 20:45:14,817 INFO  [org.apa.kaf.cli.pro.ProducerConfig] (main) These configurations '[apicurio.registry.url, apicurio.registry.artifact-resolver-strategy]' were supplied but are not used yet.
2025-07-31 20:45:14,817 INFO  [org.apa.kaf.com.uti.AppInfoParser] (main) Kafka version: 3.9.1
2025-07-31 20:45:14,817 INFO  [org.apa.kaf.com.uti.AppInfoParser] (main) Kafka commitId: f745dfdcee2b9851
2025-07-31 20:45:14,817 INFO  [org.apa.kaf.com.uti.AppInfoParser] (main) Kafka startTimeMs: 1753994714817
**** Registry Base URL: http://registry-app-mysql.apps.ci419.apicurio-testing.org:80
2025-07-31 20:45:14,818 INFO  [org.apa.kaf.cli.pro.ProducerConfig] (main) ProducerConfig values: 
	acks = -1
	auto.include.jmx.reporter = true
	batch.size = 16384
	bootstrap.servers = [PLAINTEXT://localhost:32770]
	buffer.memory = 33554432
	client.dns.lookup = use_all_dns_ips
	client.id = Producer-topic-9315e0f6_82c8_4857_a1f5_863d37968ce4
	compression.gzip.level = -1
	compression.lz4.level = 9
	compression.type = none
	compression.zstd.level = 3
	connections.max.idle.ms = 10000
	delivery.timeout.ms = 120000
	enable.idempotence = true
	enable.metrics.push = true
	interceptor.classes = []
	key.serializer = class org.apache.kafka.common.serialization.StringSerializer
	linger.ms = 0
	max.block.ms = 60000
	max.in.flight.requests.per.connection = 5
	max.request.size = 1048576
	metadata.max.age.ms = 300000
	metadata.max.idle.ms = 300000
	metadata.recovery.strategy = none
	metric.reporters = []
	metrics.num.samples = 2
	metrics.recording.level = INFO
	metrics.sample.window.ms = 30000
	partitioner.adaptive.partitioning.enable = true
	partitioner.availability.timeout.ms = 0
	partitioner.class = null
	partitioner.ignore.keys = false
	receive.buffer.bytes = 32768
	reconnect.backoff.max.ms = 1000
	reconnect.backoff.ms = 50
	request.timeout.ms = 5000
	retries = 2147483647
	retry.backoff.max.ms = 1000
	retry.backoff.ms = 100
	sasl.client.callback.handler.class = null
	sasl.jaas.config = null
	sasl.kerberos.kinit.cmd = /usr/bin/kinit
	sasl.kerberos.min.time.before.relogin = 60000
	sasl.kerberos.service.name = null
	sasl.kerberos.ticket.renew.jitter = 0.05
	sasl.kerberos.ticket.renew.window.factor = 0.8
	sasl.login.callback.handler.class = null
	sasl.login.class = null
	sasl.login.connect.timeout.ms = null
	sasl.login.read.timeout.ms = null
	sasl.login.refresh.buffer.seconds = 300
	sasl.login.refresh.min.period.seconds = 60
	sasl.login.refresh.window.factor = 0.8
	sasl.login.refresh.window.jitter = 0.05
	sasl.login.retry.backoff.max.ms = 10000
	sasl.login.retry.backoff.ms = 100
	sasl.mechanism = GSSAPI
	sasl.oauthbearer.clock.skew.seconds = 30
	sasl.oauthbearer.expected.audience = null
	sasl.oauthbearer.expected.issuer = null
	sasl.oauthbearer.header.urlencode = false
	sasl.oauthbearer.jwks.endpoint.refresh.ms = 3600000
	sasl.oauthbearer.jwks.endpoint.retry.backoff.max.ms = 10000
	sasl.oauthbearer.jwks.endpoint.retry.backoff.ms = 100
	sasl.oauthbearer.jwks.endpoint.url = null
	sasl.oauthbearer.scope.claim.name = scope
	sasl.oauthbearer.sub.claim.name = sub
	sasl.oauthbearer.token.endpoint.url = null
	security.protocol = PLAINTEXT
	security.providers = null
	send.buffer.bytes = 131072
	socket.connection.setup.timeout.max.ms = 30000
	socket.connection.setup.timeout.ms = 10000
	ssl.cipher.suites = null
	ssl.enabled.protocols = [TLSv1.2, TLSv1.3]
	ssl.endpoint.identification.algorithm = https
	ssl.engine.factory.class = null
	ssl.key.password = null
	ssl.keymanager.algorithm = SunX509
	ssl.keystore.certificate.chain = null
	ssl.keystore.key = null
	ssl.keystore.location = null
	ssl.keystore.password = null
	ssl.keystore.type = JKS
	ssl.protocol = TLSv1.3
	ssl.provider = null
	ssl.secure.random.implementation = null
	ssl.trustmanager.algorithm = PKIX
	ssl.truststore.certificates = null
	ssl.truststore.location = null
	ssl.truststore.password = null
	ssl.truststore.type = JKS
	transaction.timeout.ms = 60000
	transactional.id = null
	value.serializer = class io.apicurio.registry.serde.avro.AvroKafkaSerializer

2025-07-31 20:45:14,818 INFO  [org.apa.kaf.com.tel.int.KafkaMetricsCollector] (main) initializing Kafka metrics collector
2025-07-31 20:45:14,823 INFO  [org.apa.kaf.cli.pro.KafkaProducer] (main) [Producer clientId=Producer-topic-9315e0f6_82c8_4857_a1f5_863d37968ce4] Instantiated an idempotent producer.
2025-07-31 20:45:14,824 INFO  [org.apa.kaf.cli.pro.ProducerConfig] (main) These configurations '[apicurio.registry.url, apicurio.registry.artifact-resolver-strategy]' were supplied but are not used yet.
2025-07-31 20:45:14,824 INFO  [org.apa.kaf.com.uti.AppInfoParser] (main) Kafka version: 3.9.1
2025-07-31 20:45:14,824 INFO  [org.apa.kaf.com.uti.AppInfoParser] (main) Kafka commitId: f745dfdcee2b9851
2025-07-31 20:45:14,824 INFO  [org.apa.kaf.com.uti.AppInfoParser] (main) Kafka startTimeMs: 1753994714824
**** Registry Base URL: http://registry-app-mysql.apps.ci419.apicurio-testing.org:80
2025-07-31 20:45:14,825 INFO  [org.apa.kaf.cli.Metadata] (kafka-producer-network-thread | Producer-topic-42d05719_1caf_4020_add7_5f67c862cfaf) [Producer clientId=Producer-topic-42d05719_1caf_4020_add7_5f67c862cfaf] Cluster ID: 6lKjf0w6TFCctmqQa8E77g
2025-07-31 20:45:14,825 INFO  [org.apa.kaf.cli.con.ConsumerConfig] (main) ConsumerConfig values: 
	allow.auto.create.topics = true
	auto.commit.interval.ms = 500
	auto.include.jmx.reporter = true
	auto.offset.reset = earliest
	bootstrap.servers = [PLAINTEXT://localhost:32770]
	check.crcs = true
	client.dns.lookup = use_all_dns_ips
	client.id = consumer-Consumer-topic-f838a298_3cab_4ba1_8cca_88a5cc228f24-38
	client.rack = 
	connections.max.idle.ms = 10000
	default.api.timeout.ms = 60000
	enable.auto.commit = true
	enable.metrics.push = true
	exclude.internal.topics = true
	fetch.max.bytes = 52428800
	fetch.max.wait.ms = 500
	fetch.min.bytes = 1
	group.id = Consumer-topic-f838a298_3cab_4ba1_8cca_88a5cc228f24
	group.instance.id = null
	group.protocol = classic
	group.remote.assignor = null
	heartbeat.interval.ms = 3000
	interceptor.classes = []
	internal.leave.group.on.close = true
	internal.throw.on.fetch.stable.offset.unsupported = false
	isolation.level = read_uncommitted
	key.deserializer = class org.apache.kafka.common.serialization.StringDeserializer
	max.partition.fetch.bytes = 1048576
	max.poll.interval.ms = 300000
	max.poll.records = 500
	metadata.max.age.ms = 300000
	metadata.recovery.strategy = none
	metric.reporters = []
	metrics.num.samples = 2
	metrics.recording.level = INFO
	metrics.sample.window.ms = 30000
	partition.assignment.strategy = [class org.apache.kafka.clients.consumer.RangeAssignor, class org.apache.kafka.clients.consumer.CooperativeStickyAssignor]
	receive.buffer.bytes = 65536
	reconnect.backoff.max.ms = 1000
	reconnect.backoff.ms = 50
	request.timeout.ms = 5000
	retry.backoff.max.ms = 1000
	retry.backoff.ms = 100
	sasl.client.callback.handler.class = null
	sasl.jaas.config = null
	sasl.kerberos.kinit.cmd = /usr/bin/kinit
	sasl.kerberos.min.time.before.relogin = 60000
	sasl.kerberos.service.name = null
	sasl.kerberos.ticket.renew.jitter = 0.05
	sasl.kerberos.ticket.renew.window.factor = 0.8
	sasl.login.callback.handler.class = null
	sasl.login.class = null
	sasl.login.connect.timeout.ms = null
	sasl.login.read.timeout.ms = null
	sasl.login.refresh.buffer.seconds = 300
	sasl.login.refresh.min.period.seconds = 60
	sasl.login.refresh.window.factor = 0.8
	sasl.login.refresh.window.jitter = 0.05
	sasl.login.retry.backoff.max.ms = 10000
	sasl.login.retry.backoff.ms = 100
	sasl.mechanism = GSSAPI
	sasl.oauthbearer.clock.skew.seconds = 30
	sasl.oauthbearer.expected.audience = null
	sasl.oauthbearer.expected.issuer = null
	sasl.oauthbearer.header.urlencode = false
	sasl.oauthbearer.jwks.endpoint.refresh.ms = 3600000
	sasl.oauthbearer.jwks.endpoint.retry.backoff.max.ms = 10000
	sasl.oauthbearer.jwks.endpoint.retry.backoff.ms = 100
	sasl.oauthbearer.jwks.endpoint.url = null
	sasl.oauthbearer.scope.claim.name = scope
	sasl.oauthbearer.sub.claim.name = sub
	sasl.oauthbearer.token.endpoint.url = null
	security.protocol = PLAINTEXT
	security.providers = null
	send.buffer.bytes = 131072
	session.timeout.ms = 45000
	socket.connection.setup.timeout.max.ms = 30000
	socket.connection.setup.timeout.ms = 10000
	ssl.cipher.suites = null
	ssl.enabled.protocols = [TLSv1.2, TLSv1.3]
	ssl.endpoint.identification.algorithm = https
	ssl.engine.factory.class = null
	ssl.key.password = null
	ssl.keymanager.algorithm = SunX509
	ssl.keystore.certificate.chain = null
	ssl.keystore.key = null
	ssl.keystore.location = null
	ssl.keystore.password = null
	ssl.keystore.type = JKS
	ssl.protocol = TLSv1.3
	ssl.provider = null
	ssl.secure.random.implementation = null
	ssl.trustmanager.algorithm = PKIX
	ssl.truststore.certificates = null
	ssl.truststore.location = null
	ssl.truststore.password = null
	ssl.truststore.type = JKS
	value.deserializer = class io.apicurio.registry.serde.avro.AvroKafkaDeserializer

2025-07-31 20:45:14,825 INFO  [org.apa.kaf.com.tel.int.KafkaMetricsCollector] (main) initializing Kafka metrics collector
2025-07-31 20:45:14,825 INFO  [org.apa.kaf.cli.pro.int.TransactionManager] (kafka-producer-network-thread | Producer-topic-42d05719_1caf_4020_add7_5f67c862cfaf) [Producer clientId=Producer-topic-42d05719_1caf_4020_add7_5f67c862cfaf] ProducerId set to 52 with epoch 0
2025-07-31 20:45:14,831 INFO  [org.apa.kaf.cli.Metadata] (kafka-producer-network-thread | Producer-topic-9315e0f6_82c8_4857_a1f5_863d37968ce4) [Producer clientId=Producer-topic-9315e0f6_82c8_4857_a1f5_863d37968ce4] Cluster ID: 6lKjf0w6TFCctmqQa8E77g
2025-07-31 20:45:14,831 INFO  [org.apa.kaf.cli.pro.int.TransactionManager] (kafka-producer-network-thread | Producer-topic-9315e0f6_82c8_4857_a1f5_863d37968ce4) [Producer clientId=Producer-topic-9315e0f6_82c8_4857_a1f5_863d37968ce4] ProducerId set to 53 with epoch 0
2025-07-31 20:45:14,832 INFO  [org.apa.kaf.cli.con.ConsumerConfig] (main) These configurations '[apicurio.registry.url]' were supplied but are not used yet.
2025-07-31 20:45:14,832 INFO  [org.apa.kaf.com.uti.AppInfoParser] (main) Kafka version: 3.9.1
2025-07-31 20:45:14,832 INFO  [org.apa.kaf.com.uti.AppInfoParser] (main) Kafka commitId: f745dfdcee2b9851
2025-07-31 20:45:14,832 INFO  [org.apa.kaf.com.uti.AppInfoParser] (main) Kafka startTimeMs: 1753994714832
**** Registry Base URL: http://registry-app-mysql.apps.ci419.apicurio-testing.org:80
2025-07-31 20:45:14,832 INFO  [org.apa.kaf.cli.con.ConsumerConfig] (main) ConsumerConfig values: 
	allow.auto.create.topics = true
	auto.commit.interval.ms = 500
	auto.include.jmx.reporter = true
	auto.offset.reset = earliest
	bootstrap.servers = [PLAINTEXT://localhost:32770]
	check.crcs = true
	client.dns.lookup = use_all_dns_ips
	client.id = consumer-Consumer-topic-42d05719_1caf_4020_add7_5f67c862cfaf-39
	client.rack = 
	connections.max.idle.ms = 10000
	default.api.timeout.ms = 60000
	enable.auto.commit = true
	enable.metrics.push = true
	exclude.internal.topics = true
	fetch.max.bytes = 52428800
	fetch.max.wait.ms = 500
	fetch.min.bytes = 1
	group.id = Consumer-topic-42d05719_1caf_4020_add7_5f67c862cfaf
	group.instance.id = null
	group.protocol = classic
	group.remote.assignor = null
	heartbeat.interval.ms = 3000
	interceptor.classes = []
	internal.leave.group.on.close = true
	internal.throw.on.fetch.stable.offset.unsupported = false
	isolation.level = read_uncommitted
	key.deserializer = class org.apache.kafka.common.serialization.StringDeserializer
	max.partition.fetch.bytes = 1048576
	max.poll.interval.ms = 300000
	max.poll.records = 500
	metadata.max.age.ms = 300000
	metadata.recovery.strategy = none
	metric.reporters = []
	metrics.num.samples = 2
	metrics.recording.level = INFO
	metrics.sample.window.ms = 30000
	partition.assignment.strategy = [class org.apache.kafka.clients.consumer.RangeAssignor, class org.apache.kafka.clients.consumer.CooperativeStickyAssignor]
	receive.buffer.bytes = 65536
	reconnect.backoff.max.ms = 1000
	reconnect.backoff.ms = 50
	request.timeout.ms = 5000
	retry.backoff.max.ms = 1000
	retry.backoff.ms = 100
	sasl.client.callback.handler.class = null
	sasl.jaas.config = null
	sasl.kerberos.kinit.cmd = /usr/bin/kinit
	sasl.kerberos.min.time.before.relogin = 60000
	sasl.kerberos.service.name = null
	sasl.kerberos.ticket.renew.jitter = 0.05
	sasl.kerberos.ticket.renew.window.factor = 0.8
	sasl.login.callback.handler.class = null
	sasl.login.class = null
	sasl.login.connect.timeout.ms = null
	sasl.login.read.timeout.ms = null
	sasl.login.refresh.buffer.seconds = 300
	sasl.login.refresh.min.period.seconds = 60
	sasl.login.refresh.window.factor = 0.8
	sasl.login.refresh.window.jitter = 0.05
	sasl.login.retry.backoff.max.ms = 10000
	sasl.login.retry.backoff.ms = 100
	sasl.mechanism = GSSAPI
	sasl.oauthbearer.clock.skew.seconds = 30
	sasl.oauthbearer.expected.audience = null
	sasl.oauthbearer.expected.issuer = null
	sasl.oauthbearer.header.urlencode = false
	sasl.oauthbearer.jwks.endpoint.refresh.ms = 3600000
	sasl.oauthbearer.jwks.endpoint.retry.backoff.max.ms = 10000
	sasl.oauthbearer.jwks.endpoint.retry.backoff.ms = 100
	sasl.oauthbearer.jwks.endpoint.url = null
	sasl.oauthbearer.scope.claim.name = scope
	sasl.oauthbearer.sub.claim.name = sub
	sasl.oauthbearer.token.endpoint.url = null
	security.protocol = PLAINTEXT
	security.providers = null
	send.buffer.bytes = 131072
	session.timeout.ms = 45000
	socket.connection.setup.timeout.max.ms = 30000
	socket.connection.setup.timeout.ms = 10000
	ssl.cipher.suites = null
	ssl.enabled.protocols = [TLSv1.2, TLSv1.3]
	ssl.endpoint.identification.algorithm = https
	ssl.engine.factory.class = null
	ssl.key.password = null
	ssl.keymanager.algorithm = SunX509
	ssl.keystore.certificate.chain = null
	ssl.keystore.key = null
	ssl.keystore.location = null
	ssl.keystore.password = null
	ssl.keystore.type = JKS
	ssl.protocol = TLSv1.3
	ssl.provider = null
	ssl.secure.random.implementation = null
	ssl.trustmanager.algorithm = PKIX
	ssl.truststore.certificates = null
	ssl.truststore.location = null
	ssl.truststore.password = null
	ssl.truststore.type = JKS
	value.deserializer = class io.apicurio.registry.serde.avro.AvroKafkaDeserializer

2025-07-31 20:45:14,832 INFO  [org.apa.kaf.com.tel.int.KafkaMetricsCollector] (main) initializing Kafka metrics collector
2025-07-31 20:45:14,836 INFO  [org.apa.kaf.cli.con.ConsumerConfig] (main) These configurations '[apicurio.registry.url]' were supplied but are not used yet.
2025-07-31 20:45:14,836 INFO  [org.apa.kaf.com.uti.AppInfoParser] (main) Kafka version: 3.9.1
2025-07-31 20:45:14,836 INFO  [org.apa.kaf.com.uti.AppInfoParser] (main) Kafka commitId: f745dfdcee2b9851
2025-07-31 20:45:14,836 INFO  [org.apa.kaf.com.uti.AppInfoParser] (main) Kafka startTimeMs: 1753994714836
**** Registry Base URL: http://registry-app-mysql.apps.ci419.apicurio-testing.org:80
2025-07-31 20:45:14,836 INFO  [org.apa.kaf.cli.con.ConsumerConfig] (main) ConsumerConfig values: 
	allow.auto.create.topics = true
	auto.commit.interval.ms = 500
	auto.include.jmx.reporter = true
	auto.offset.reset = earliest
	bootstrap.servers = [PLAINTEXT://localhost:32770]
	check.crcs = true
	client.dns.lookup = use_all_dns_ips
	client.id = consumer-Consumer-topic-9315e0f6_82c8_4857_a1f5_863d37968ce4-40
	client.rack = 
	connections.max.idle.ms = 10000
	default.api.timeout.ms = 60000
	enable.auto.commit = true
	enable.metrics.push = true
	exclude.internal.topics = true
	fetch.max.bytes = 52428800
	fetch.max.wait.ms = 500
	fetch.min.bytes = 1
	group.id = Consumer-topic-9315e0f6_82c8_4857_a1f5_863d37968ce4
	group.instance.id = null
	group.protocol = classic
	group.remote.assignor = null
	heartbeat.interval.ms = 3000
	interceptor.classes = []
	internal.leave.group.on.close = true
	internal.throw.on.fetch.stable.offset.unsupported = false
	isolation.level = read_uncommitted
	key.deserializer = class org.apache.kafka.common.serialization.StringDeserializer
	max.partition.fetch.bytes = 1048576
	max.poll.interval.ms = 300000
	max.poll.records = 500
	metadata.max.age.ms = 300000
	metadata.recovery.strategy = none
	metric.reporters = []
	metrics.num.samples = 2
	metrics.recording.level = INFO
	metrics.sample.window.ms = 30000
	partition.assignment.strategy = [class org.apache.kafka.clients.consumer.RangeAssignor, class org.apache.kafka.clients.consumer.CooperativeStickyAssignor]
	receive.buffer.bytes = 65536
	reconnect.backoff.max.ms = 1000
	reconnect.backoff.ms = 50
	request.timeout.ms = 5000
	retry.backoff.max.ms = 1000
	retry.backoff.ms = 100
	sasl.client.callback.handler.class = null
	sasl.jaas.config = null
	sasl.kerberos.kinit.cmd = /usr/bin/kinit
	sasl.kerberos.min.time.before.relogin = 60000
	sasl.kerberos.service.name = null
	sasl.kerberos.ticket.renew.jitter = 0.05
	sasl.kerberos.ticket.renew.window.factor = 0.8
	sasl.login.callback.handler.class = null
	sasl.login.class = null
	sasl.login.connect.timeout.ms = null
	sasl.login.read.timeout.ms = null
	sasl.login.refresh.buffer.seconds = 300
	sasl.login.refresh.min.period.seconds = 60
	sasl.login.refresh.window.factor = 0.8
	sasl.login.refresh.window.jitter = 0.05
	sasl.login.retry.backoff.max.ms = 10000
	sasl.login.retry.backoff.ms = 100
	sasl.mechanism = GSSAPI
	sasl.oauthbearer.clock.skew.seconds = 30
	sasl.oauthbearer.expected.audience = null
	sasl.oauthbearer.expected.issuer = null
	sasl.oauthbearer.header.urlencode = false
	sasl.oauthbearer.jwks.endpoint.refresh.ms = 3600000
	sasl.oauthbearer.jwks.endpoint.retry.backoff.max.ms = 10000
	sasl.oauthbearer.jwks.endpoint.retry.backoff.ms = 100
	sasl.oauthbearer.jwks.endpoint.url = null
	sasl.oauthbearer.scope.claim.name = scope
	sasl.oauthbearer.sub.claim.name = sub
	sasl.oauthbearer.token.endpoint.url = null
	security.protocol = PLAINTEXT
	security.providers = null
	send.buffer.bytes = 131072
	session.timeout.ms = 45000
	socket.connection.setup.timeout.max.ms = 30000
	socket.connection.setup.timeout.ms = 10000
	ssl.cipher.suites = null
	ssl.enabled.protocols = [TLSv1.2, TLSv1.3]
	ssl.endpoint.identification.algorithm = https
	ssl.engine.factory.class = null
	ssl.key.password = null
	ssl.keymanager.algorithm = SunX509
	ssl.keystore.certificate.chain = null
	ssl.keystore.key = null
	ssl.keystore.location = null
	ssl.keystore.password = null
	ssl.keystore.type = JKS
	ssl.protocol = TLSv1.3
	ssl.provider = null
	ssl.secure.random.implementation = null
	ssl.trustmanager.algorithm = PKIX
	ssl.truststore.certificates = null
	ssl.truststore.location = null
	ssl.truststore.password = null
	ssl.truststore.type = JKS
	value.deserializer = class io.apicurio.registry.serde.avro.AvroKafkaDeserializer

2025-07-31 20:45:14,836 INFO  [org.apa.kaf.com.tel.int.KafkaMetricsCollector] (main) initializing Kafka metrics collector
2025-07-31 20:45:14,840 INFO  [org.apa.kaf.cli.con.ConsumerConfig] (main) These configurations '[apicurio.registry.url]' were supplied but are not used yet.
2025-07-31 20:45:14,840 INFO  [org.apa.kaf.com.uti.AppInfoParser] (main) Kafka version: 3.9.1
2025-07-31 20:45:14,840 INFO  [org.apa.kaf.com.uti.AppInfoParser] (main) Kafka commitId: f745dfdcee2b9851
2025-07-31 20:45:14,840 INFO  [org.apa.kaf.com.uti.AppInfoParser] (main) Kafka startTimeMs: 1753994714840
2025-07-31 20:45:14,841 INFO  [io.api.tes.ser.api.KafkaSerdesTester] (Thread-889) Sending message {"key1": "value-0"} to topic topic-f838a298_3cab_4ba1_8cca_88a5cc228f24
2025-07-31 20:45:14,844 INFO  [DefaultSchemaResolver] (Thread-889) Retrieving schema content using string: {"type":"record","name":"myrecordconfluent6","fields":[{"name":"key1","type":"string"}]}
2025-07-31 20:45:15,007 INFO  [io.api.tes.ser.api.KafkaSerdesTester] (Thread-889) Sending message {"key1": "value-1"} to topic topic-f838a298_3cab_4ba1_8cca_88a5cc228f24
2025-07-31 20:45:15,008 INFO  [io.api.tes.ser.api.KafkaSerdesTester] (Thread-889) Sending message {"key1": "value-2"} to topic topic-f838a298_3cab_4ba1_8cca_88a5cc228f24
2025-07-31 20:45:15,009 INFO  [io.api.tes.ser.api.KafkaSerdesTester] (Thread-889) Sending message {"key1": "value-3"} to topic topic-f838a298_3cab_4ba1_8cca_88a5cc228f24
2025-07-31 20:45:15,010 INFO  [io.api.tes.ser.api.KafkaSerdesTester] (Thread-889) Sending message {"key1": "value-4"} to topic topic-f838a298_3cab_4ba1_8cca_88a5cc228f24
2025-07-31 20:45:15,011 INFO  [io.api.tes.ser.api.KafkaSerdesTester] (Thread-889) Sending message {"key1": "value-5"} to topic topic-f838a298_3cab_4ba1_8cca_88a5cc228f24
2025-07-31 20:45:15,012 INFO  [io.api.tes.ser.api.KafkaSerdesTester] (Thread-889) Sending message {"key1": "value-6"} to topic topic-f838a298_3cab_4ba1_8cca_88a5cc228f24
2025-07-31 20:45:15,014 INFO  [io.api.tes.ser.api.KafkaSerdesTester] (Thread-889) Sending message {"key1": "value-7"} to topic topic-f838a298_3cab_4ba1_8cca_88a5cc228f24
2025-07-31 20:45:15,015 INFO  [io.api.tes.ser.api.KafkaSerdesTester] (Thread-889) Sending message {"key1": "value-8"} to topic topic-f838a298_3cab_4ba1_8cca_88a5cc228f24
2025-07-31 20:45:15,016 INFO  [io.api.tes.ser.api.KafkaSerdesTester] (Thread-889) Sending message {"key1": "value-9"} to topic topic-f838a298_3cab_4ba1_8cca_88a5cc228f24
2025-07-31 20:45:15,017 INFO  [io.api.tes.ser.api.KafkaSerdesTester] (Thread-889) Produced 10 messages
2025-07-31 20:45:15,017 INFO  [org.apa.kaf.cli.pro.KafkaProducer] (Thread-889) [Producer clientId=Producer-topic-f838a298_3cab_4ba1_8cca_88a5cc228f24] Closing the Kafka producer with timeoutMillis = 9223372036854775807 ms.
2025-07-31 20:45:15,019 INFO  [org.apa.kaf.com.met.Metrics] (Thread-889) Metrics scheduler closed
2025-07-31 20:45:15,019 INFO  [org.apa.kaf.com.met.Metrics] (Thread-889) Closing reporter org.apache.kafka.common.metrics.JmxReporter
2025-07-31 20:45:15,019 INFO  [org.apa.kaf.com.met.Metrics] (Thread-889) Closing reporter org.apache.kafka.common.telemetry.internals.ClientTelemetryReporter
2025-07-31 20:45:15,019 INFO  [org.apa.kaf.com.met.Metrics] (Thread-889) Metrics reporters closed
2025-07-31 20:45:15,019 INFO  [org.apa.kaf.com.uti.AppInfoParser] (Thread-889) App info kafka.producer for Producer-topic-f838a298_3cab_4ba1_8cca_88a5cc228f24 unregistered
2025-07-31 20:45:15,020 INFO  [io.api.tes.ser.api.KafkaSerdesTester] (Thread-890) Sending message {"key1": "value-0"} to topic topic-42d05719_1caf_4020_add7_5f67c862cfaf
2025-07-31 20:45:15,025 INFO  [DefaultSchemaResolver] (Thread-890) Retrieving schema content using string: {"type":"record","name":"myrecordconfluent6","fields":[{"name":"key1","type":"string"}]}
2025-07-31 20:45:15,182 INFO  [io.api.tes.ser.api.KafkaSerdesTester] (Thread-890) Sending message {"key1": "value-1"} to topic topic-42d05719_1caf_4020_add7_5f67c862cfaf
2025-07-31 20:45:15,183 INFO  [io.api.tes.ser.api.KafkaSerdesTester] (Thread-890) Sending message {"key1": "value-2"} to topic topic-42d05719_1caf_4020_add7_5f67c862cfaf
2025-07-31 20:45:15,184 INFO  [io.api.tes.ser.api.KafkaSerdesTester] (Thread-890) Sending message {"key1": "value-3"} to topic topic-42d05719_1caf_4020_add7_5f67c862cfaf
2025-07-31 20:45:15,185 INFO  [io.api.tes.ser.api.KafkaSerdesTester] (Thread-890) Sending message {"key1": "value-4"} to topic topic-42d05719_1caf_4020_add7_5f67c862cfaf
2025-07-31 20:45:15,186 INFO  [io.api.tes.ser.api.KafkaSerdesTester] (Thread-890) Sending message {"key1": "value-5"} to topic topic-42d05719_1caf_4020_add7_5f67c862cfaf
2025-07-31 20:45:15,186 INFO  [io.api.tes.ser.api.KafkaSerdesTester] (Thread-890) Sending message {"key1": "value-6"} to topic topic-42d05719_1caf_4020_add7_5f67c862cfaf
2025-07-31 20:45:15,187 INFO  [io.api.tes.ser.api.KafkaSerdesTester] (Thread-890) Sending message {"key1": "value-7"} to topic topic-42d05719_1caf_4020_add7_5f67c862cfaf
2025-07-31 20:45:15,188 INFO  [io.api.tes.ser.api.KafkaSerdesTester] (Thread-890) Sending message {"key1": "value-8"} to topic topic-42d05719_1caf_4020_add7_5f67c862cfaf
2025-07-31 20:45:15,189 INFO  [io.api.tes.ser.api.KafkaSerdesTester] (Thread-890) Sending message {"key1": "value-9"} to topic topic-42d05719_1caf_4020_add7_5f67c862cfaf
2025-07-31 20:45:15,190 INFO  [io.api.tes.ser.api.KafkaSerdesTester] (Thread-890) Produced 10 messages
2025-07-31 20:45:15,190 INFO  [org.apa.kaf.cli.pro.KafkaProducer] (Thread-890) [Producer clientId=Producer-topic-42d05719_1caf_4020_add7_5f67c862cfaf] Closing the Kafka producer with timeoutMillis = 9223372036854775807 ms.
2025-07-31 20:45:15,193 INFO  [org.apa.kaf.com.met.Metrics] (Thread-890) Metrics scheduler closed
2025-07-31 20:45:15,193 INFO  [org.apa.kaf.com.met.Metrics] (Thread-890) Closing reporter org.apache.kafka.common.metrics.JmxReporter
2025-07-31 20:45:15,193 INFO  [org.apa.kaf.com.met.Metrics] (Thread-890) Closing reporter org.apache.kafka.common.telemetry.internals.ClientTelemetryReporter
2025-07-31 20:45:15,193 INFO  [org.apa.kaf.com.met.Metrics] (Thread-890) Metrics reporters closed
2025-07-31 20:45:15,193 INFO  [org.apa.kaf.com.uti.AppInfoParser] (Thread-890) App info kafka.producer for Producer-topic-42d05719_1caf_4020_add7_5f67c862cfaf unregistered
2025-07-31 20:45:15,195 INFO  [io.api.tes.ser.api.KafkaSerdesTester] (Thread-891) Sending message {"key1": "value-0"} to topic topic-9315e0f6_82c8_4857_a1f5_863d37968ce4
2025-07-31 20:45:15,199 INFO  [DefaultSchemaResolver] (Thread-891) Retrieving schema content using string: {"type":"record","name":"myrecordconfluent6","fields":[{"name":"key1","type":"string"}]}
2025-07-31 20:45:15,361 INFO  [io.api.tes.ser.api.KafkaSerdesTester] (Thread-891) Sending message {"key1": "value-1"} to topic topic-9315e0f6_82c8_4857_a1f5_863d37968ce4
2025-07-31 20:45:15,362 INFO  [io.api.tes.ser.api.KafkaSerdesTester] (Thread-891) Sending message {"key1": "value-2"} to topic topic-9315e0f6_82c8_4857_a1f5_863d37968ce4
2025-07-31 20:45:15,363 INFO  [io.api.tes.ser.api.KafkaSerdesTester] (Thread-891) Sending message {"key1": "value-3"} to topic topic-9315e0f6_82c8_4857_a1f5_863d37968ce4
2025-07-31 20:45:15,364 INFO  [io.api.tes.ser.api.KafkaSerdesTester] (Thread-891) Sending message {"key1": "value-4"} to topic topic-9315e0f6_82c8_4857_a1f5_863d37968ce4
2025-07-31 20:45:15,367 INFO  [io.api.tes.ser.api.KafkaSerdesTester] (Thread-891) Sending message {"key1": "value-5"} to topic topic-9315e0f6_82c8_4857_a1f5_863d37968ce4
2025-07-31 20:45:15,368 INFO  [io.api.tes.ser.api.KafkaSerdesTester] (Thread-891) Sending message {"key1": "value-6"} to topic topic-9315e0f6_82c8_4857_a1f5_863d37968ce4
2025-07-31 20:45:15,369 INFO  [io.api.tes.ser.api.KafkaSerdesTester] (Thread-891) Sending message {"key1": "value-7"} to topic topic-9315e0f6_82c8_4857_a1f5_863d37968ce4
2025-07-31 20:45:15,370 INFO  [io.api.tes.ser.api.KafkaSerdesTester] (Thread-891) Sending message {"key1": "value-8"} to topic topic-9315e0f6_82c8_4857_a1f5_863d37968ce4
2025-07-31 20:45:15,371 INFO  [io.api.tes.ser.api.KafkaSerdesTester] (Thread-891) Sending message {"key1": "value-9"} to topic topic-9315e0f6_82c8_4857_a1f5_863d37968ce4
2025-07-31 20:45:15,372 INFO  [io.api.tes.ser.api.KafkaSerdesTester] (Thread-891) Produced 10 messages
2025-07-31 20:45:15,372 INFO  [org.apa.kaf.cli.pro.KafkaProducer] (Thread-891) [Producer clientId=Producer-topic-9315e0f6_82c8_4857_a1f5_863d37968ce4] Closing the Kafka producer with timeoutMillis = 9223372036854775807 ms.
2025-07-31 20:45:15,374 INFO  [org.apa.kaf.com.met.Metrics] (Thread-891) Metrics scheduler closed
2025-07-31 20:45:15,374 INFO  [org.apa.kaf.com.met.Metrics] (Thread-891) Closing reporter org.apache.kafka.common.metrics.JmxReporter
2025-07-31 20:45:15,374 INFO  [org.apa.kaf.com.met.Metrics] (Thread-891) Closing reporter org.apache.kafka.common.telemetry.internals.ClientTelemetryReporter
2025-07-31 20:45:15,374 INFO  [org.apa.kaf.com.met.Metrics] (Thread-891) Metrics reporters closed
2025-07-31 20:45:15,374 INFO  [org.apa.kaf.com.uti.AppInfoParser] (Thread-891) App info kafka.producer for Producer-topic-9315e0f6_82c8_4857_a1f5_863d37968ce4 unregistered
2025-07-31 20:45:15,376 INFO  [org.apa.kaf.cli.con.int.ClassicKafkaConsumer] (Thread-892) [Consumer clientId=consumer-Consumer-topic-f838a298_3cab_4ba1_8cca_88a5cc228f24-38, groupId=Consumer-topic-f838a298_3cab_4ba1_8cca_88a5cc228f24] Subscribed to topic(s): topic-f838a298_3cab_4ba1_8cca_88a5cc228f24
2025-07-31 20:45:15,380 INFO  [org.apa.kaf.cli.Metadata] (Thread-892) [Consumer clientId=consumer-Consumer-topic-f838a298_3cab_4ba1_8cca_88a5cc228f24-38, groupId=Consumer-topic-f838a298_3cab_4ba1_8cca_88a5cc228f24] Cluster ID: 6lKjf0w6TFCctmqQa8E77g
2025-07-31 20:45:15,381 INFO  [org.apa.kaf.cli.con.int.ConsumerCoordinator] (Thread-892) [Consumer clientId=consumer-Consumer-topic-f838a298_3cab_4ba1_8cca_88a5cc228f24-38, groupId=Consumer-topic-f838a298_3cab_4ba1_8cca_88a5cc228f24] Discovered group coordinator localhost:32770 (id: 2147483647 rack: null)
2025-07-31 20:45:15,383 INFO  [org.apa.kaf.cli.con.int.ConsumerCoordinator] (Thread-892) [Consumer clientId=consumer-Consumer-topic-f838a298_3cab_4ba1_8cca_88a5cc228f24-38, groupId=Consumer-topic-f838a298_3cab_4ba1_8cca_88a5cc228f24] (Re-)joining group
2025-07-31 20:45:15,387 INFO  [org.apa.kaf.cli.con.int.ConsumerCoordinator] (Thread-892) [Consumer clientId=consumer-Consumer-topic-f838a298_3cab_4ba1_8cca_88a5cc228f24-38, groupId=Consumer-topic-f838a298_3cab_4ba1_8cca_88a5cc228f24] Request joining group due to: need to re-join with the given member-id: consumer-Consumer-topic-f838a298_3cab_4ba1_8cca_88a5cc228f24-38-974940a1-14d6-4e9b-9fbd-2036d3dd3223
2025-07-31 20:45:15,387 INFO  [org.apa.kaf.cli.con.int.ConsumerCoordinator] (Thread-892) [Consumer clientId=consumer-Consumer-topic-f838a298_3cab_4ba1_8cca_88a5cc228f24-38, groupId=Consumer-topic-f838a298_3cab_4ba1_8cca_88a5cc228f24] (Re-)joining group
2025-07-31 20:45:15,388 INFO  [org.apa.kaf.cli.con.int.ConsumerCoordinator] (Thread-892) [Consumer clientId=consumer-Consumer-topic-f838a298_3cab_4ba1_8cca_88a5cc228f24-38, groupId=Consumer-topic-f838a298_3cab_4ba1_8cca_88a5cc228f24] Successfully joined group with generation Generation{generationId=1, memberId='consumer-Consumer-topic-f838a298_3cab_4ba1_8cca_88a5cc228f24-38-974940a1-14d6-4e9b-9fbd-2036d3dd3223', protocol='range'}
2025-07-31 20:45:15,388 INFO  [org.apa.kaf.cli.con.int.ConsumerCoordinator] (Thread-892) [Consumer clientId=consumer-Consumer-topic-f838a298_3cab_4ba1_8cca_88a5cc228f24-38, groupId=Consumer-topic-f838a298_3cab_4ba1_8cca_88a5cc228f24] Finished assignment for group at generation 1: {consumer-Consumer-topic-f838a298_3cab_4ba1_8cca_88a5cc228f24-38-974940a1-14d6-4e9b-9fbd-2036d3dd3223=Assignment(partitions=[topic-f838a298_3cab_4ba1_8cca_88a5cc228f24-0])}
2025-07-31 20:45:15,390 INFO  [org.apa.kaf.cli.con.int.ConsumerCoordinator] (Thread-892) [Consumer clientId=consumer-Consumer-topic-f838a298_3cab_4ba1_8cca_88a5cc228f24-38, groupId=Consumer-topic-f838a298_3cab_4ba1_8cca_88a5cc228f24] Successfully synced group in generation Generation{generationId=1, memberId='consumer-Consumer-topic-f838a298_3cab_4ba1_8cca_88a5cc228f24-38-974940a1-14d6-4e9b-9fbd-2036d3dd3223', protocol='range'}
2025-07-31 20:45:15,390 INFO  [org.apa.kaf.cli.con.int.ConsumerCoordinator] (Thread-892) [Consumer clientId=consumer-Consumer-topic-f838a298_3cab_4ba1_8cca_88a5cc228f24-38, groupId=Consumer-topic-f838a298_3cab_4ba1_8cca_88a5cc228f24] Notifying assignor about the new Assignment(partitions=[topic-f838a298_3cab_4ba1_8cca_88a5cc228f24-0])
2025-07-31 20:45:15,390 INFO  [org.apa.kaf.cli.con.int.ConsumerRebalanceListenerInvoker] (Thread-892) [Consumer clientId=consumer-Consumer-topic-f838a298_3cab_4ba1_8cca_88a5cc228f24-38, groupId=Consumer-topic-f838a298_3cab_4ba1_8cca_88a5cc228f24] Adding newly assigned partitions: topic-f838a298_3cab_4ba1_8cca_88a5cc228f24-0
2025-07-31 20:45:15,391 INFO  [org.apa.kaf.cli.con.int.ConsumerCoordinator] (Thread-892) [Consumer clientId=consumer-Consumer-topic-f838a298_3cab_4ba1_8cca_88a5cc228f24-38, groupId=Consumer-topic-f838a298_3cab_4ba1_8cca_88a5cc228f24] Found no committed offset for partition topic-f838a298_3cab_4ba1_8cca_88a5cc228f24-0
2025-07-31 20:45:15,392 INFO  [org.apa.kaf.cli.con.int.SubscriptionState] (Thread-892) [Consumer clientId=consumer-Consumer-topic-f838a298_3cab_4ba1_8cca_88a5cc228f24-38, groupId=Consumer-topic-f838a298_3cab_4ba1_8cca_88a5cc228f24] Resetting offset for partition topic-f838a298_3cab_4ba1_8cca_88a5cc228f24-0 to position FetchPosition{offset=0, offsetEpoch=Optional.empty, currentLeader=LeaderAndEpoch{leader=Optional[localhost:32770 (id: 0 rack: null)], epoch=0}}.
2025-07-31 20:45:15,619 INFO  [io.api.tes.ser.api.KafkaSerdesTester] (Thread-892) topic-f838a298_3cab_4ba1_8cca_88a5cc228f24 0 0 {"key1": "value-0"}
2025-07-31 20:45:15,619 INFO  [io.api.tes.ser.api.KafkaSerdesTester] (Thread-892) topic-f838a298_3cab_4ba1_8cca_88a5cc228f24 0 1 {"key1": "value-1"}
2025-07-31 20:45:15,619 INFO  [io.api.tes.ser.api.KafkaSerdesTester] (Thread-892) topic-f838a298_3cab_4ba1_8cca_88a5cc228f24 0 2 {"key1": "value-2"}
2025-07-31 20:45:15,619 INFO  [io.api.tes.ser.api.KafkaSerdesTester] (Thread-892) topic-f838a298_3cab_4ba1_8cca_88a5cc228f24 0 3 {"key1": "value-3"}
2025-07-31 20:45:15,619 INFO  [io.api.tes.ser.api.KafkaSerdesTester] (Thread-892) topic-f838a298_3cab_4ba1_8cca_88a5cc228f24 0 4 {"key1": "value-4"}
2025-07-31 20:45:15,619 INFO  [io.api.tes.ser.api.KafkaSerdesTester] (Thread-892) topic-f838a298_3cab_4ba1_8cca_88a5cc228f24 0 5 {"key1": "value-5"}
2025-07-31 20:45:15,619 INFO  [io.api.tes.ser.api.KafkaSerdesTester] (Thread-892) topic-f838a298_3cab_4ba1_8cca_88a5cc228f24 0 6 {"key1": "value-6"}
2025-07-31 20:45:15,619 INFO  [io.api.tes.ser.api.KafkaSerdesTester] (Thread-892) topic-f838a298_3cab_4ba1_8cca_88a5cc228f24 0 7 {"key1": "value-7"}
2025-07-31 20:45:15,619 INFO  [io.api.tes.ser.api.KafkaSerdesTester] (Thread-892) topic-f838a298_3cab_4ba1_8cca_88a5cc228f24 0 8 {"key1": "value-8"}
2025-07-31 20:45:15,619 INFO  [io.api.tes.ser.api.KafkaSerdesTester] (Thread-892) topic-f838a298_3cab_4ba1_8cca_88a5cc228f24 0 9 {"key1": "value-9"}
2025-07-31 20:45:15,619 INFO  [io.api.tes.ser.api.KafkaSerdesTester] (Thread-892) Consumed 10 messages
2025-07-31 20:45:15,621 INFO  [org.apa.kaf.cli.con.int.ConsumerRebalanceListenerInvoker] (Thread-892) [Consumer clientId=consumer-Consumer-topic-f838a298_3cab_4ba1_8cca_88a5cc228f24-38, groupId=Consumer-topic-f838a298_3cab_4ba1_8cca_88a5cc228f24] Revoke previously assigned partitions topic-f838a298_3cab_4ba1_8cca_88a5cc228f24-0
2025-07-31 20:45:15,621 INFO  [org.apa.kaf.cli.con.int.ConsumerCoordinator] (Thread-892) [Consumer clientId=consumer-Consumer-topic-f838a298_3cab_4ba1_8cca_88a5cc228f24-38, groupId=Consumer-topic-f838a298_3cab_4ba1_8cca_88a5cc228f24] Member consumer-Consumer-topic-f838a298_3cab_4ba1_8cca_88a5cc228f24-38-974940a1-14d6-4e9b-9fbd-2036d3dd3223 sending LeaveGroup request to coordinator localhost:32770 (id: 2147483647 rack: null) due to the consumer is being closed
2025-07-31 20:45:15,621 INFO  [org.apa.kaf.cli.con.int.ConsumerCoordinator] (Thread-892) [Consumer clientId=consumer-Consumer-topic-f838a298_3cab_4ba1_8cca_88a5cc228f24-38, groupId=Consumer-topic-f838a298_3cab_4ba1_8cca_88a5cc228f24] Resetting generation and member id due to: consumer pro-actively leaving the group
2025-07-31 20:45:15,621 INFO  [org.apa.kaf.cli.con.int.ConsumerCoordinator] (Thread-892) [Consumer clientId=consumer-Consumer-topic-f838a298_3cab_4ba1_8cca_88a5cc228f24-38, groupId=Consumer-topic-f838a298_3cab_4ba1_8cca_88a5cc228f24] Request joining group due to: consumer pro-actively leaving the group
2025-07-31 20:45:16,122 INFO  [org.apa.kaf.com.met.Metrics] (Thread-892) Metrics scheduler closed
2025-07-31 20:45:16,122 INFO  [org.apa.kaf.com.met.Metrics] (Thread-892) Closing reporter org.apache.kafka.common.metrics.JmxReporter
2025-07-31 20:45:16,122 INFO  [org.apa.kaf.com.met.Metrics] (Thread-892) Closing reporter org.apache.kafka.common.telemetry.internals.ClientTelemetryReporter
2025-07-31 20:45:16,122 INFO  [org.apa.kaf.com.met.Metrics] (Thread-892) Metrics reporters closed
2025-07-31 20:45:16,124 INFO  [org.apa.kaf.com.uti.AppInfoParser] (Thread-892) App info kafka.consumer for consumer-Consumer-topic-f838a298_3cab_4ba1_8cca_88a5cc228f24-38 unregistered
2025-07-31 20:45:16,126 INFO  [org.apa.kaf.cli.con.int.ClassicKafkaConsumer] (Thread-893) [Consumer clientId=consumer-Consumer-topic-42d05719_1caf_4020_add7_5f67c862cfaf-39, groupId=Consumer-topic-42d05719_1caf_4020_add7_5f67c862cfaf] Subscribed to topic(s): topic-42d05719_1caf_4020_add7_5f67c862cfaf
2025-07-31 20:45:16,130 INFO  [org.apa.kaf.cli.Metadata] (Thread-893) [Consumer clientId=consumer-Consumer-topic-42d05719_1caf_4020_add7_5f67c862cfaf-39, groupId=Consumer-topic-42d05719_1caf_4020_add7_5f67c862cfaf] Cluster ID: 6lKjf0w6TFCctmqQa8E77g
2025-07-31 20:45:16,130 INFO  [org.apa.kaf.cli.con.int.ConsumerCoordinator] (Thread-893) [Consumer clientId=consumer-Consumer-topic-42d05719_1caf_4020_add7_5f67c862cfaf-39, groupId=Consumer-topic-42d05719_1caf_4020_add7_5f67c862cfaf] Discovered group coordinator localhost:32770 (id: 2147483647 rack: null)
2025-07-31 20:45:16,131 INFO  [org.apa.kaf.cli.con.int.ConsumerCoordinator] (Thread-893) [Consumer clientId=consumer-Consumer-topic-42d05719_1caf_4020_add7_5f67c862cfaf-39, groupId=Consumer-topic-42d05719_1caf_4020_add7_5f67c862cfaf] (Re-)joining group
2025-07-31 20:45:16,134 INFO  [org.apa.kaf.cli.con.int.ConsumerCoordinator] (Thread-893) [Consumer clientId=consumer-Consumer-topic-42d05719_1caf_4020_add7_5f67c862cfaf-39, groupId=Consumer-topic-42d05719_1caf_4020_add7_5f67c862cfaf] Request joining group due to: need to re-join with the given member-id: consumer-Consumer-topic-42d05719_1caf_4020_add7_5f67c862cfaf-39-ab8f3e1c-c574-4de9-9920-4b30742f57cc
2025-07-31 20:45:16,134 INFO  [org.apa.kaf.cli.con.int.ConsumerCoordinator] (Thread-893) [Consumer clientId=consumer-Consumer-topic-42d05719_1caf_4020_add7_5f67c862cfaf-39, groupId=Consumer-topic-42d05719_1caf_4020_add7_5f67c862cfaf] (Re-)joining group
2025-07-31 20:45:16,136 INFO  [org.apa.kaf.cli.con.int.ConsumerCoordinator] (Thread-893) [Consumer clientId=consumer-Consumer-topic-42d05719_1caf_4020_add7_5f67c862cfaf-39, groupId=Consumer-topic-42d05719_1caf_4020_add7_5f67c862cfaf] Successfully joined group with generation Generation{generationId=1, memberId='consumer-Consumer-topic-42d05719_1caf_4020_add7_5f67c862cfaf-39-ab8f3e1c-c574-4de9-9920-4b30742f57cc', protocol='range'}
2025-07-31 20:45:16,136 INFO  [org.apa.kaf.cli.con.int.ConsumerCoordinator] (Thread-893) [Consumer clientId=consumer-Consumer-topic-42d05719_1caf_4020_add7_5f67c862cfaf-39, groupId=Consumer-topic-42d05719_1caf_4020_add7_5f67c862cfaf] Finished assignment for group at generation 1: {consumer-Consumer-topic-42d05719_1caf_4020_add7_5f67c862cfaf-39-ab8f3e1c-c574-4de9-9920-4b30742f57cc=Assignment(partitions=[topic-42d05719_1caf_4020_add7_5f67c862cfaf-0])}
2025-07-31 20:45:16,137 INFO  [org.apa.kaf.cli.con.int.ConsumerCoordinator] (Thread-893) [Consumer clientId=consumer-Consumer-topic-42d05719_1caf_4020_add7_5f67c862cfaf-39, groupId=Consumer-topic-42d05719_1caf_4020_add7_5f67c862cfaf] Successfully synced group in generation Generation{generationId=1, memberId='consumer-Consumer-topic-42d05719_1caf_4020_add7_5f67c862cfaf-39-ab8f3e1c-c574-4de9-9920-4b30742f57cc', protocol='range'}
2025-07-31 20:45:16,137 INFO  [org.apa.kaf.cli.con.int.ConsumerCoordinator] (Thread-893) [Consumer clientId=consumer-Consumer-topic-42d05719_1caf_4020_add7_5f67c862cfaf-39, groupId=Consumer-topic-42d05719_1caf_4020_add7_5f67c862cfaf] Notifying assignor about the new Assignment(partitions=[topic-42d05719_1caf_4020_add7_5f67c862cfaf-0])
2025-07-31 20:45:16,137 INFO  [org.apa.kaf.cli.con.int.ConsumerRebalanceListenerInvoker] (Thread-893) [Consumer clientId=consumer-Consumer-topic-42d05719_1caf_4020_add7_5f67c862cfaf-39, groupId=Consumer-topic-42d05719_1caf_4020_add7_5f67c862cfaf] Adding newly assigned partitions: topic-42d05719_1caf_4020_add7_5f67c862cfaf-0
2025-07-31 20:45:16,138 INFO  [org.apa.kaf.cli.con.int.ConsumerCoordinator] (Thread-893) [Consumer clientId=consumer-Consumer-topic-42d05719_1caf_4020_add7_5f67c862cfaf-39, groupId=Consumer-topic-42d05719_1caf_4020_add7_5f67c862cfaf] Found no committed offset for partition topic-42d05719_1caf_4020_add7_5f67c862cfaf-0
2025-07-31 20:45:16,141 INFO  [org.apa.kaf.cli.con.int.SubscriptionState] (Thread-893) [Consumer clientId=consumer-Consumer-topic-42d05719_1caf_4020_add7_5f67c862cfaf-39, groupId=Consumer-topic-42d05719_1caf_4020_add7_5f67c862cfaf] Resetting offset for partition topic-42d05719_1caf_4020_add7_5f67c862cfaf-0 to position FetchPosition{offset=0, offsetEpoch=Optional.empty, currentLeader=LeaderAndEpoch{leader=Optional[localhost:32770 (id: 0 rack: null)], epoch=0}}.
2025-07-31 20:45:16,381 INFO  [io.api.tes.ser.api.KafkaSerdesTester] (Thread-893) topic-42d05719_1caf_4020_add7_5f67c862cfaf 0 0 {"key1": "value-0"}
2025-07-31 20:45:16,381 INFO  [io.api.tes.ser.api.KafkaSerdesTester] (Thread-893) topic-42d05719_1caf_4020_add7_5f67c862cfaf 0 1 {"key1": "value-1"}
2025-07-31 20:45:16,381 INFO  [io.api.tes.ser.api.KafkaSerdesTester] (Thread-893) topic-42d05719_1caf_4020_add7_5f67c862cfaf 0 2 {"key1": "value-2"}
2025-07-31 20:45:16,381 INFO  [io.api.tes.ser.api.KafkaSerdesTester] (Thread-893) topic-42d05719_1caf_4020_add7_5f67c862cfaf 0 3 {"key1": "value-3"}
2025-07-31 20:45:16,381 INFO  [io.api.tes.ser.api.KafkaSerdesTester] (Thread-893) topic-42d05719_1caf_4020_add7_5f67c862cfaf 0 4 {"key1": "value-4"}
2025-07-31 20:45:16,381 INFO  [io.api.tes.ser.api.KafkaSerdesTester] (Thread-893) topic-42d05719_1caf_4020_add7_5f67c862cfaf 0 5 {"key1": "value-5"}
2025-07-31 20:45:16,381 INFO  [io.api.tes.ser.api.KafkaSerdesTester] (Thread-893) topic-42d05719_1caf_4020_add7_5f67c862cfaf 0 6 {"key1": "value-6"}
2025-07-31 20:45:16,381 INFO  [io.api.tes.ser.api.KafkaSerdesTester] (Thread-893) topic-42d05719_1caf_4020_add7_5f67c862cfaf 0 7 {"key1": "value-7"}
2025-07-31 20:45:16,381 INFO  [io.api.tes.ser.api.KafkaSerdesTester] (Thread-893) topic-42d05719_1caf_4020_add7_5f67c862cfaf 0 8 {"key1": "value-8"}
2025-07-31 20:45:16,381 INFO  [io.api.tes.ser.api.KafkaSerdesTester] (Thread-893) topic-42d05719_1caf_4020_add7_5f67c862cfaf 0 9 {"key1": "value-9"}
2025-07-31 20:45:16,381 INFO  [io.api.tes.ser.api.KafkaSerdesTester] (Thread-893) Consumed 10 messages
2025-07-31 20:45:16,385 INFO  [org.apa.kaf.cli.con.int.ConsumerRebalanceListenerInvoker] (Thread-893) [Consumer clientId=consumer-Consumer-topic-42d05719_1caf_4020_add7_5f67c862cfaf-39, groupId=Consumer-topic-42d05719_1caf_4020_add7_5f67c862cfaf] Revoke previously assigned partitions topic-42d05719_1caf_4020_add7_5f67c862cfaf-0
2025-07-31 20:45:16,385 INFO  [org.apa.kaf.cli.con.int.ConsumerCoordinator] (Thread-893) [Consumer clientId=consumer-Consumer-topic-42d05719_1caf_4020_add7_5f67c862cfaf-39, groupId=Consumer-topic-42d05719_1caf_4020_add7_5f67c862cfaf] Member consumer-Consumer-topic-42d05719_1caf_4020_add7_5f67c862cfaf-39-ab8f3e1c-c574-4de9-9920-4b30742f57cc sending LeaveGroup request to coordinator localhost:32770 (id: 2147483647 rack: null) due to the consumer is being closed
2025-07-31 20:45:16,385 INFO  [org.apa.kaf.cli.con.int.ConsumerCoordinator] (Thread-893) [Consumer clientId=consumer-Consumer-topic-42d05719_1caf_4020_add7_5f67c862cfaf-39, groupId=Consumer-topic-42d05719_1caf_4020_add7_5f67c862cfaf] Resetting generation and member id due to: consumer pro-actively leaving the group
2025-07-31 20:45:16,385 INFO  [org.apa.kaf.cli.con.int.ConsumerCoordinator] (Thread-893) [Consumer clientId=consumer-Consumer-topic-42d05719_1caf_4020_add7_5f67c862cfaf-39, groupId=Consumer-topic-42d05719_1caf_4020_add7_5f67c862cfaf] Request joining group due to: consumer pro-actively leaving the group
2025-07-31 20:45:16,885 INFO  [org.apa.kaf.com.met.Metrics] (Thread-893) Metrics scheduler closed
2025-07-31 20:45:16,886 INFO  [org.apa.kaf.com.met.Metrics] (Thread-893) Closing reporter org.apache.kafka.common.metrics.JmxReporter
2025-07-31 20:45:16,886 INFO  [org.apa.kaf.com.met.Metrics] (Thread-893) Closing reporter org.apache.kafka.common.telemetry.internals.ClientTelemetryReporter
2025-07-31 20:45:16,886 INFO  [org.apa.kaf.com.met.Metrics] (Thread-893) Metrics reporters closed
2025-07-31 20:45:16,887 INFO  [org.apa.kaf.com.uti.AppInfoParser] (Thread-893) App info kafka.consumer for consumer-Consumer-topic-42d05719_1caf_4020_add7_5f67c862cfaf-39 unregistered
2025-07-31 20:45:16,888 INFO  [org.apa.kaf.cli.con.int.ClassicKafkaConsumer] (Thread-894) [Consumer clientId=consumer-Consumer-topic-9315e0f6_82c8_4857_a1f5_863d37968ce4-40, groupId=Consumer-topic-9315e0f6_82c8_4857_a1f5_863d37968ce4] Subscribed to topic(s): topic-9315e0f6_82c8_4857_a1f5_863d37968ce4
2025-07-31 20:45:16,892 INFO  [org.apa.kaf.cli.Metadata] (Thread-894) [Consumer clientId=consumer-Consumer-topic-9315e0f6_82c8_4857_a1f5_863d37968ce4-40, groupId=Consumer-topic-9315e0f6_82c8_4857_a1f5_863d37968ce4] Cluster ID: 6lKjf0w6TFCctmqQa8E77g
2025-07-31 20:45:16,893 INFO  [org.apa.kaf.cli.con.int.ConsumerCoordinator] (Thread-894) [Consumer clientId=consumer-Consumer-topic-9315e0f6_82c8_4857_a1f5_863d37968ce4-40, groupId=Consumer-topic-9315e0f6_82c8_4857_a1f5_863d37968ce4] Discovered group coordinator localhost:32770 (id: 2147483647 rack: null)
2025-07-31 20:45:16,894 INFO  [org.apa.kaf.cli.con.int.ConsumerCoordinator] (Thread-894) [Consumer clientId=consumer-Consumer-topic-9315e0f6_82c8_4857_a1f5_863d37968ce4-40, groupId=Consumer-topic-9315e0f6_82c8_4857_a1f5_863d37968ce4] (Re-)joining group
2025-07-31 20:45:16,897 INFO  [org.apa.kaf.cli.con.int.ConsumerCoordinator] (Thread-894) [Consumer clientId=consumer-Consumer-topic-9315e0f6_82c8_4857_a1f5_863d37968ce4-40, groupId=Consumer-topic-9315e0f6_82c8_4857_a1f5_863d37968ce4] Request joining group due to: need to re-join with the given member-id: consumer-Consumer-topic-9315e0f6_82c8_4857_a1f5_863d37968ce4-40-d9b1225f-7b72-4ce8-b0ef-9b1294f63e28
2025-07-31 20:45:16,897 INFO  [org.apa.kaf.cli.con.int.ConsumerCoordinator] (Thread-894) [Consumer clientId=consumer-Consumer-topic-9315e0f6_82c8_4857_a1f5_863d37968ce4-40, groupId=Consumer-topic-9315e0f6_82c8_4857_a1f5_863d37968ce4] (Re-)joining group
2025-07-31 20:45:16,899 INFO  [org.apa.kaf.cli.con.int.ConsumerCoordinator] (Thread-894) [Consumer clientId=consumer-Consumer-topic-9315e0f6_82c8_4857_a1f5_863d37968ce4-40, groupId=Consumer-topic-9315e0f6_82c8_4857_a1f5_863d37968ce4] Successfully joined group with generation Generation{generationId=1, memberId='consumer-Consumer-topic-9315e0f6_82c8_4857_a1f5_863d37968ce4-40-d9b1225f-7b72-4ce8-b0ef-9b1294f63e28', protocol='range'}
2025-07-31 20:45:16,899 INFO  [org.apa.kaf.cli.con.int.ConsumerCoordinator] (Thread-894) [Consumer clientId=consumer-Consumer-topic-9315e0f6_82c8_4857_a1f5_863d37968ce4-40, groupId=Consumer-topic-9315e0f6_82c8_4857_a1f5_863d37968ce4] Finished assignment for group at generation 1: {consumer-Consumer-topic-9315e0f6_82c8_4857_a1f5_863d37968ce4-40-d9b1225f-7b72-4ce8-b0ef-9b1294f63e28=Assignment(partitions=[topic-9315e0f6_82c8_4857_a1f5_863d37968ce4-0])}
2025-07-31 20:45:16,900 INFO  [org.apa.kaf.cli.con.int.ConsumerCoordinator] (Thread-894) [Consumer clientId=consumer-Consumer-topic-9315e0f6_82c8_4857_a1f5_863d37968ce4-40, groupId=Consumer-topic-9315e0f6_82c8_4857_a1f5_863d37968ce4] Successfully synced group in generation Generation{generationId=1, memberId='consumer-Consumer-topic-9315e0f6_82c8_4857_a1f5_863d37968ce4-40-d9b1225f-7b72-4ce8-b0ef-9b1294f63e28', protocol='range'}
2025-07-31 20:45:16,901 INFO  [org.apa.kaf.cli.con.int.ConsumerCoordinator] (Thread-894) [Consumer clientId=consumer-Consumer-topic-9315e0f6_82c8_4857_a1f5_863d37968ce4-40, groupId=Consumer-topic-9315e0f6_82c8_4857_a1f5_863d37968ce4] Notifying assignor about the new Assignment(partitions=[topic-9315e0f6_82c8_4857_a1f5_863d37968ce4-0])
2025-07-31 20:45:16,901 INFO  [org.apa.kaf.cli.con.int.ConsumerRebalanceListenerInvoker] (Thread-894) [Consumer clientId=consumer-Consumer-topic-9315e0f6_82c8_4857_a1f5_863d37968ce4-40, groupId=Consumer-topic-9315e0f6_82c8_4857_a1f5_863d37968ce4] Adding newly assigned partitions: topic-9315e0f6_82c8_4857_a1f5_863d37968ce4-0
2025-07-31 20:45:16,901 INFO  [org.apa.kaf.cli.con.int.ConsumerCoordinator] (Thread-894) [Consumer clientId=consumer-Consumer-topic-9315e0f6_82c8_4857_a1f5_863d37968ce4-40, groupId=Consumer-topic-9315e0f6_82c8_4857_a1f5_863d37968ce4] Found no committed offset for partition topic-9315e0f6_82c8_4857_a1f5_863d37968ce4-0
2025-07-31 20:45:16,904 INFO  [org.apa.kaf.cli.con.int.SubscriptionState] (Thread-894) [Consumer clientId=consumer-Consumer-topic-9315e0f6_82c8_4857_a1f5_863d37968ce4-40, groupId=Consumer-topic-9315e0f6_82c8_4857_a1f5_863d37968ce4] Resetting offset for partition topic-9315e0f6_82c8_4857_a1f5_863d37968ce4-0 to position FetchPosition{offset=0, offsetEpoch=Optional.empty, currentLeader=LeaderAndEpoch{leader=Optional[localhost:32770 (id: 0 rack: null)], epoch=0}}.
2025-07-31 20:45:17,146 INFO  [io.api.tes.ser.api.KafkaSerdesTester] (Thread-894) topic-9315e0f6_82c8_4857_a1f5_863d37968ce4 0 0 {"key1": "value-0"}
2025-07-31 20:45:17,146 INFO  [io.api.tes.ser.api.KafkaSerdesTester] (Thread-894) topic-9315e0f6_82c8_4857_a1f5_863d37968ce4 0 1 {"key1": "value-1"}
2025-07-31 20:45:17,146 INFO  [io.api.tes.ser.api.KafkaSerdesTester] (Thread-894) topic-9315e0f6_82c8_4857_a1f5_863d37968ce4 0 2 {"key1": "value-2"}
2025-07-31 20:45:17,146 INFO  [io.api.tes.ser.api.KafkaSerdesTester] (Thread-894) topic-9315e0f6_82c8_4857_a1f5_863d37968ce4 0 3 {"key1": "value-3"}
2025-07-31 20:45:17,146 INFO  [io.api.tes.ser.api.KafkaSerdesTester] (Thread-894) topic-9315e0f6_82c8_4857_a1f5_863d37968ce4 0 4 {"key1": "value-4"}
2025-07-31 20:45:17,146 INFO  [io.api.tes.ser.api.KafkaSerdesTester] (Thread-894) topic-9315e0f6_82c8_4857_a1f5_863d37968ce4 0 5 {"key1": "value-5"}
2025-07-31 20:45:17,146 INFO  [io.api.tes.ser.api.KafkaSerdesTester] (Thread-894) topic-9315e0f6_82c8_4857_a1f5_863d37968ce4 0 6 {"key1": "value-6"}
2025-07-31 20:45:17,146 INFO  [io.api.tes.ser.api.KafkaSerdesTester] (Thread-894) topic-9315e0f6_82c8_4857_a1f5_863d37968ce4 0 7 {"key1": "value-7"}
2025-07-31 20:45:17,146 INFO  [io.api.tes.ser.api.KafkaSerdesTester] (Thread-894) topic-9315e0f6_82c8_4857_a1f5_863d37968ce4 0 8 {"key1": "value-8"}
2025-07-31 20:45:17,146 INFO  [io.api.tes.ser.api.KafkaSerdesTester] (Thread-894) topic-9315e0f6_82c8_4857_a1f5_863d37968ce4 0 9 {"key1": "value-9"}
2025-07-31 20:45:17,146 INFO  [io.api.tes.ser.api.KafkaSerdesTester] (Thread-894) Consumed 10 messages
2025-07-31 20:45:17,148 INFO  [org.apa.kaf.cli.con.int.ConsumerRebalanceListenerInvoker] (Thread-894) [Consumer clientId=consumer-Consumer-topic-9315e0f6_82c8_4857_a1f5_863d37968ce4-40, groupId=Consumer-topic-9315e0f6_82c8_4857_a1f5_863d37968ce4] Revoke previously assigned partitions topic-9315e0f6_82c8_4857_a1f5_863d37968ce4-0
2025-07-31 20:45:17,148 INFO  [org.apa.kaf.cli.con.int.ConsumerCoordinator] (Thread-894) [Consumer clientId=consumer-Consumer-topic-9315e0f6_82c8_4857_a1f5_863d37968ce4-40, groupId=Consumer-topic-9315e0f6_82c8_4857_a1f5_863d37968ce4] Member consumer-Consumer-topic-9315e0f6_82c8_4857_a1f5_863d37968ce4-40-d9b1225f-7b72-4ce8-b0ef-9b1294f63e28 sending LeaveGroup request to coordinator localhost:32770 (id: 2147483647 rack: null) due to the consumer is being closed
2025-07-31 20:45:17,148 INFO  [org.apa.kaf.cli.con.int.ConsumerCoordinator] (Thread-894) [Consumer clientId=consumer-Consumer-topic-9315e0f6_82c8_4857_a1f5_863d37968ce4-40, groupId=Consumer-topic-9315e0f6_82c8_4857_a1f5_863d37968ce4] Resetting generation and member id due to: consumer pro-actively leaving the group
2025-07-31 20:45:17,148 INFO  [org.apa.kaf.cli.con.int.ConsumerCoordinator] (Thread-894) [Consumer clientId=consumer-Consumer-topic-9315e0f6_82c8_4857_a1f5_863d37968ce4-40, groupId=Consumer-topic-9315e0f6_82c8_4857_a1f5_863d37968ce4] Request joining group due to: consumer pro-actively leaving the group
2025-07-31 20:45:17,649 INFO  [org.apa.kaf.com.met.Metrics] (Thread-894) Metrics scheduler closed
2025-07-31 20:45:17,649 INFO  [org.apa.kaf.com.met.Metrics] (Thread-894) Closing reporter org.apache.kafka.common.metrics.JmxReporter
2025-07-31 20:45:17,649 INFO  [org.apa.kaf.com.met.Metrics] (Thread-894) Closing reporter org.apache.kafka.common.telemetry.internals.ClientTelemetryReporter
2025-07-31 20:45:17,649 INFO  [org.apa.kaf.com.met.Metrics] (Thread-894) Metrics reporters closed
2025-07-31 20:45:17,650 INFO  [org.apa.kaf.com.uti.AppInfoParser] (Thread-894) App info kafka.consumer for consumer-Consumer-topic-9315e0f6_82c8_4857_a1f5_863d37968ce4-40 unregistered
2025-07-31 20:45:17,810 INFO  [io.api.tes.ser.con.BasicConfluentSerDesIT] (main) Deleting confluent schema myrecordconfluent6
2025-07-31 20:45:17,896 INFO  [io.api.tes.uti.TestSeparator] (main) io.apicurio.tests.serdes.confluent.BasicConfluentSerDesIT.testAvroConfluentForMultipleTopics-FINISHED
2025-07-31 20:45:17,896 INFO  [io.api.tes.uti.TestSeparator] (main) ############################################################################
Test passed: testAvroConfluentForMultipleTopics
]]></system-out>
  </testcase>
  <testcase name="testAvroConfluentApicurio" classname="io.apicurio.tests.serdes.confluent.BasicConfluentSerDesIT" time="1.411">
    <system-out><![CDATA[2025-07-31 20:45:17,897 INFO  [io.api.tes.uti.TestSeparator] (main) ############################################################################
2025-07-31 20:45:17,897 INFO  [io.api.tes.uti.TestSeparator] (main) io.apicurio.tests.serdes.confluent.BasicConfluentSerDesIT.testAvroConfluentApicurio-STARTED
2025-07-31 20:45:18,087 INFO  [io.api.tes.ser.con.BasicConfluentSerDesIT] (main) Checking that created schema is equal to the get schema
2025-07-31 20:45:18,167 INFO  [io.api.tes.ser.con.BasicConfluentSerDesIT] (main) Created schema with id:113 and name:myrecordconfluent1
**** Registry Base URL: http://registry-app-mysql.apps.ci419.apicurio-testing.org:80
2025-07-31 20:45:18,168 INFO  [org.apa.kaf.cli.pro.ProducerConfig] (main) ProducerConfig values: 
	acks = -1
	auto.include.jmx.reporter = true
	batch.size = 16384
	bootstrap.servers = [PLAINTEXT://localhost:32770]
	buffer.memory = 33554432
	client.dns.lookup = use_all_dns_ips
	client.id = Producer-topic-f84b2181_ccf3_4351_b7d9_0fb704ee2302
	compression.gzip.level = -1
	compression.lz4.level = 9
	compression.type = none
	compression.zstd.level = 3
	connections.max.idle.ms = 10000
	delivery.timeout.ms = 120000
	enable.idempotence = true
	enable.metrics.push = true
	interceptor.classes = []
	key.serializer = class org.apache.kafka.common.serialization.StringSerializer
	linger.ms = 0
	max.block.ms = 60000
	max.in.flight.requests.per.connection = 5
	max.request.size = 1048576
	metadata.max.age.ms = 300000
	metadata.max.idle.ms = 300000
	metadata.recovery.strategy = none
	metric.reporters = []
	metrics.num.samples = 2
	metrics.recording.level = INFO
	metrics.sample.window.ms = 30000
	partitioner.adaptive.partitioning.enable = true
	partitioner.availability.timeout.ms = 0
	partitioner.class = null
	partitioner.ignore.keys = false
	receive.buffer.bytes = 32768
	reconnect.backoff.max.ms = 1000
	reconnect.backoff.ms = 50
	request.timeout.ms = 5000
	retries = 2147483647
	retry.backoff.max.ms = 1000
	retry.backoff.ms = 100
	sasl.client.callback.handler.class = null
	sasl.jaas.config = null
	sasl.kerberos.kinit.cmd = /usr/bin/kinit
	sasl.kerberos.min.time.before.relogin = 60000
	sasl.kerberos.service.name = null
	sasl.kerberos.ticket.renew.jitter = 0.05
	sasl.kerberos.ticket.renew.window.factor = 0.8
	sasl.login.callback.handler.class = null
	sasl.login.class = null
	sasl.login.connect.timeout.ms = null
	sasl.login.read.timeout.ms = null
	sasl.login.refresh.buffer.seconds = 300
	sasl.login.refresh.min.period.seconds = 60
	sasl.login.refresh.window.factor = 0.8
	sasl.login.refresh.window.jitter = 0.05
	sasl.login.retry.backoff.max.ms = 10000
	sasl.login.retry.backoff.ms = 100
	sasl.mechanism = GSSAPI
	sasl.oauthbearer.clock.skew.seconds = 30
	sasl.oauthbearer.expected.audience = null
	sasl.oauthbearer.expected.issuer = null
	sasl.oauthbearer.header.urlencode = false
	sasl.oauthbearer.jwks.endpoint.refresh.ms = 3600000
	sasl.oauthbearer.jwks.endpoint.retry.backoff.max.ms = 10000
	sasl.oauthbearer.jwks.endpoint.retry.backoff.ms = 100
	sasl.oauthbearer.jwks.endpoint.url = null
	sasl.oauthbearer.scope.claim.name = scope
	sasl.oauthbearer.sub.claim.name = sub
	sasl.oauthbearer.token.endpoint.url = null
	security.protocol = PLAINTEXT
	security.providers = null
	send.buffer.bytes = 131072
	socket.connection.setup.timeout.max.ms = 30000
	socket.connection.setup.timeout.ms = 10000
	ssl.cipher.suites = null
	ssl.enabled.protocols = [TLSv1.2, TLSv1.3]
	ssl.endpoint.identification.algorithm = https
	ssl.engine.factory.class = null
	ssl.key.password = null
	ssl.keymanager.algorithm = SunX509
	ssl.keystore.certificate.chain = null
	ssl.keystore.key = null
	ssl.keystore.location = null
	ssl.keystore.password = null
	ssl.keystore.type = JKS
	ssl.protocol = TLSv1.3
	ssl.provider = null
	ssl.secure.random.implementation = null
	ssl.trustmanager.algorithm = PKIX
	ssl.truststore.certificates = null
	ssl.truststore.location = null
	ssl.truststore.password = null
	ssl.truststore.type = JKS
	transaction.timeout.ms = 60000
	transactional.id = null
	value.serializer = class io.confluent.kafka.serializers.KafkaAvroSerializer

2025-07-31 20:45:18,168 INFO  [org.apa.kaf.com.tel.int.KafkaMetricsCollector] (main) initializing Kafka metrics collector
2025-07-31 20:45:18,169 INFO  [io.con.kaf.ser.KafkaAvroSerializerConfig] (main) KafkaAvroSerializerConfig values: 
	auto.register.schemas = false
	avro.reflection.allow.null = false
	avro.remove.java.properties = false
	avro.use.logical.type.converters = false
	basic.auth.credentials.source = URL
	basic.auth.user.info = [hidden]
	bearer.auth.cache.expiry.buffer.seconds = 300
	bearer.auth.client.id = null
	bearer.auth.client.secret = null
	bearer.auth.credentials.source = STATIC_TOKEN
	bearer.auth.custom.provider.class = null
	bearer.auth.identity.pool.id = null
	bearer.auth.issuer.endpoint.url = null
	bearer.auth.logical.cluster = null
	bearer.auth.scope = null
	bearer.auth.scope.claim.name = scope
	bearer.auth.sub.claim.name = sub
	bearer.auth.token = [hidden]
	context.name.strategy = class io.confluent.kafka.serializers.context.NullContextNameStrategy
	http.connect.timeout.ms = 60000
	http.read.timeout.ms = 60000
	id.compatibility.strict = true
	key.schema.id.deserializer = class io.confluent.kafka.serializers.schema.id.DualSchemaIdDeserializer
	key.schema.id.serializer = class io.confluent.kafka.serializers.schema.id.PrefixSchemaIdSerializer
	key.subject.name.strategy = class io.confluent.kafka.serializers.subject.TopicNameStrategy
	latest.cache.size = 1000
	latest.cache.ttl.sec = -1
	latest.compatibility.strict = true
	max.retries = 3
	max.schemas.per.subject = 1000
	normalize.schemas = false
	propagate.schema.tags = false
	proxy.host = 
	proxy.port = -1
	retries.max.wait.ms = 20000
	retries.wait.ms = 1000
	rule.actions = []
	rule.executors = []
	rule.service.loader.enable = true
	schema.format = null
	schema.reflection = false
	schema.registry.basic.auth.user.info = [hidden]
	schema.registry.ssl.cipher.suites = null
	schema.registry.ssl.enabled.protocols = [TLSv1.2, TLSv1.3]
	schema.registry.ssl.endpoint.identification.algorithm = https
	schema.registry.ssl.engine.factory.class = null
	schema.registry.ssl.key.password = null
	schema.registry.ssl.keymanager.algorithm = SunX509
	schema.registry.ssl.keystore.certificate.chain = null
	schema.registry.ssl.keystore.key = null
	schema.registry.ssl.keystore.location = null
	schema.registry.ssl.keystore.password = null
	schema.registry.ssl.keystore.type = JKS
	schema.registry.ssl.protocol = TLSv1.3
	schema.registry.ssl.provider = null
	schema.registry.ssl.secure.random.implementation = null
	schema.registry.ssl.trustmanager.algorithm = PKIX
	schema.registry.ssl.truststore.certificates = null
	schema.registry.ssl.truststore.location = null
	schema.registry.ssl.truststore.password = null
	schema.registry.ssl.truststore.type = JKS
	schema.registry.url = [http://registry-app-mysql.apps.ci419.apicurio-testing.org:80/apis/ccompat/v7]
	schema.registry.url.randomize = false
	use.latest.version = false
	use.latest.with.metadata = null
	use.schema.id = -1
	value.schema.id.deserializer = class io.confluent.kafka.serializers.schema.id.DualSchemaIdDeserializer
	value.schema.id.serializer = class io.confluent.kafka.serializers.schema.id.PrefixSchemaIdSerializer
	value.subject.name.strategy = class io.confluent.kafka.serializers.subject.TopicNameStrategy

2025-07-31 20:45:18,171 INFO  [org.apa.kaf.cli.pro.KafkaProducer] (main) [Producer clientId=Producer-topic-f84b2181_ccf3_4351_b7d9_0fb704ee2302] Instantiated an idempotent producer.
2025-07-31 20:45:18,172 INFO  [org.apa.kaf.cli.pro.ProducerConfig] (main) These configurations '[schema.registry.url, auto.register.schemas, value.subject.name.strategy]' were supplied but are not used yet.
2025-07-31 20:45:18,172 INFO  [org.apa.kaf.com.uti.AppInfoParser] (main) Kafka version: 3.9.1
2025-07-31 20:45:18,172 INFO  [org.apa.kaf.com.uti.AppInfoParser] (main) Kafka commitId: f745dfdcee2b9851
2025-07-31 20:45:18,172 INFO  [org.apa.kaf.com.uti.AppInfoParser] (main) Kafka startTimeMs: 1753994718172
2025-07-31 20:45:18,172 INFO  [io.api.tes.ser.api.SimpleSerdesTesterBuilder$SimpleSerdesTester] (main) Using producer configuration: {schema.registry.url=http://registry-app-mysql.apps.ci419.apicurio-testing.org:80/apis/ccompat/v7, value.serializer=io.confluent.kafka.serializers.KafkaAvroSerializer, request.timeout.ms=5000, auto.register.schemas=false, acks=all, bootstrap.servers=PLAINTEXT://localhost:32770, connections.max.idle.ms=10000, key.serializer=org.apache.kafka.common.serialization.StringSerializer, value.subject.name.strategy=io.confluent.kafka.serializers.subject.TopicNameStrategy, client.id=Producer-topic-f84b2181_ccf3_4351_b7d9_0fb704ee2302}
2025-07-31 20:45:18,172 INFO  [io.api.tes.ser.api.SimpleSerdesTesterBuilder$SimpleSerdesTester] (main) Using consumer configuration: {}
2025-07-31 20:45:18,173 INFO  [io.api.tes.ser.api.KafkaSerdesTester] (Thread-895) Sending message {"key1": "value-0"} to topic topic-f84b2181_ccf3_4351_b7d9_0fb704ee2302
2025-07-31 20:45:18,175 INFO  [org.apa.kaf.cli.Metadata] (kafka-producer-network-thread | Producer-topic-f84b2181_ccf3_4351_b7d9_0fb704ee2302) [Producer clientId=Producer-topic-f84b2181_ccf3_4351_b7d9_0fb704ee2302] Cluster ID: 6lKjf0w6TFCctmqQa8E77g
2025-07-31 20:45:18,175 INFO  [org.apa.kaf.cli.pro.int.TransactionManager] (kafka-producer-network-thread | Producer-topic-f84b2181_ccf3_4351_b7d9_0fb704ee2302) [Producer clientId=Producer-topic-f84b2181_ccf3_4351_b7d9_0fb704ee2302] ProducerId set to 54 with epoch 0
2025-07-31 20:45:18,263 INFO  [io.api.tes.ser.api.KafkaSerdesTester] (Thread-895) Sending message {"key1": "value-1"} to topic topic-f84b2181_ccf3_4351_b7d9_0fb704ee2302
2025-07-31 20:45:18,270 INFO  [io.api.tes.ser.api.KafkaSerdesTester] (Thread-895) Sending message {"key1": "value-2"} to topic topic-f84b2181_ccf3_4351_b7d9_0fb704ee2302
2025-07-31 20:45:18,275 INFO  [io.api.tes.ser.api.KafkaSerdesTester] (Thread-895) Sending message {"key1": "value-3"} to topic topic-f84b2181_ccf3_4351_b7d9_0fb704ee2302
2025-07-31 20:45:18,278 INFO  [io.api.tes.ser.api.KafkaSerdesTester] (Thread-895) Sending message {"key1": "value-4"} to topic topic-f84b2181_ccf3_4351_b7d9_0fb704ee2302
2025-07-31 20:45:18,280 INFO  [io.api.tes.ser.api.KafkaSerdesTester] (Thread-895) Sending message {"key1": "value-5"} to topic topic-f84b2181_ccf3_4351_b7d9_0fb704ee2302
2025-07-31 20:45:18,281 INFO  [io.api.tes.ser.api.KafkaSerdesTester] (Thread-895) Sending message {"key1": "value-6"} to topic topic-f84b2181_ccf3_4351_b7d9_0fb704ee2302
2025-07-31 20:45:18,282 INFO  [io.api.tes.ser.api.KafkaSerdesTester] (Thread-895) Sending message {"key1": "value-7"} to topic topic-f84b2181_ccf3_4351_b7d9_0fb704ee2302
2025-07-31 20:45:18,284 INFO  [io.api.tes.ser.api.KafkaSerdesTester] (Thread-895) Sending message {"key1": "value-8"} to topic topic-f84b2181_ccf3_4351_b7d9_0fb704ee2302
2025-07-31 20:45:18,285 INFO  [io.api.tes.ser.api.KafkaSerdesTester] (Thread-895) Sending message {"key1": "value-9"} to topic topic-f84b2181_ccf3_4351_b7d9_0fb704ee2302
2025-07-31 20:45:18,288 INFO  [io.api.tes.ser.api.KafkaSerdesTester] (Thread-895) Produced 10 messages
2025-07-31 20:45:18,288 INFO  [org.apa.kaf.cli.pro.KafkaProducer] (Thread-895) [Producer clientId=Producer-topic-f84b2181_ccf3_4351_b7d9_0fb704ee2302] Closing the Kafka producer with timeoutMillis = 9223372036854775807 ms.
2025-07-31 20:45:18,290 INFO  [org.apa.kaf.com.met.Metrics] (Thread-895) Metrics scheduler closed
2025-07-31 20:45:18,290 INFO  [org.apa.kaf.com.met.Metrics] (Thread-895) Closing reporter org.apache.kafka.common.metrics.JmxReporter
2025-07-31 20:45:18,290 INFO  [org.apa.kaf.com.met.Metrics] (Thread-895) Closing reporter org.apache.kafka.common.telemetry.internals.ClientTelemetryReporter
2025-07-31 20:45:18,290 INFO  [org.apa.kaf.com.met.Metrics] (Thread-895) Metrics reporters closed
2025-07-31 20:45:18,290 INFO  [org.apa.kaf.com.uti.AppInfoParser] (Thread-895) App info kafka.producer for Producer-topic-f84b2181_ccf3_4351_b7d9_0fb704ee2302 unregistered
**** Registry Base URL: http://registry-app-mysql.apps.ci419.apicurio-testing.org:80
2025-07-31 20:45:18,291 INFO  [org.apa.kaf.cli.con.ConsumerConfig] (main) ConsumerConfig values: 
	allow.auto.create.topics = true
	auto.commit.interval.ms = 500
	auto.include.jmx.reporter = true
	auto.offset.reset = earliest
	bootstrap.servers = [PLAINTEXT://localhost:32770]
	check.crcs = true
	client.dns.lookup = use_all_dns_ips
	client.id = consumer-Consumer-topic-f84b2181_ccf3_4351_b7d9_0fb704ee2302-41
	client.rack = 
	connections.max.idle.ms = 10000
	default.api.timeout.ms = 60000
	enable.auto.commit = true
	enable.metrics.push = true
	exclude.internal.topics = true
	fetch.max.bytes = 52428800
	fetch.max.wait.ms = 500
	fetch.min.bytes = 1
	group.id = Consumer-topic-f84b2181_ccf3_4351_b7d9_0fb704ee2302
	group.instance.id = null
	group.protocol = classic
	group.remote.assignor = null
	heartbeat.interval.ms = 3000
	interceptor.classes = []
	internal.leave.group.on.close = true
	internal.throw.on.fetch.stable.offset.unsupported = false
	isolation.level = read_uncommitted
	key.deserializer = class org.apache.kafka.common.serialization.StringDeserializer
	max.partition.fetch.bytes = 1048576
	max.poll.interval.ms = 300000
	max.poll.records = 500
	metadata.max.age.ms = 300000
	metadata.recovery.strategy = none
	metric.reporters = []
	metrics.num.samples = 2
	metrics.recording.level = INFO
	metrics.sample.window.ms = 30000
	partition.assignment.strategy = [class org.apache.kafka.clients.consumer.RangeAssignor, class org.apache.kafka.clients.consumer.CooperativeStickyAssignor]
	receive.buffer.bytes = 65536
	reconnect.backoff.max.ms = 1000
	reconnect.backoff.ms = 50
	request.timeout.ms = 5000
	retry.backoff.max.ms = 1000
	retry.backoff.ms = 100
	sasl.client.callback.handler.class = null
	sasl.jaas.config = null
	sasl.kerberos.kinit.cmd = /usr/bin/kinit
	sasl.kerberos.min.time.before.relogin = 60000
	sasl.kerberos.service.name = null
	sasl.kerberos.ticket.renew.jitter = 0.05
	sasl.kerberos.ticket.renew.window.factor = 0.8
	sasl.login.callback.handler.class = null
	sasl.login.class = null
	sasl.login.connect.timeout.ms = null
	sasl.login.read.timeout.ms = null
	sasl.login.refresh.buffer.seconds = 300
	sasl.login.refresh.min.period.seconds = 60
	sasl.login.refresh.window.factor = 0.8
	sasl.login.refresh.window.jitter = 0.05
	sasl.login.retry.backoff.max.ms = 10000
	sasl.login.retry.backoff.ms = 100
	sasl.mechanism = GSSAPI
	sasl.oauthbearer.clock.skew.seconds = 30
	sasl.oauthbearer.expected.audience = null
	sasl.oauthbearer.expected.issuer = null
	sasl.oauthbearer.header.urlencode = false
	sasl.oauthbearer.jwks.endpoint.refresh.ms = 3600000
	sasl.oauthbearer.jwks.endpoint.retry.backoff.max.ms = 10000
	sasl.oauthbearer.jwks.endpoint.retry.backoff.ms = 100
	sasl.oauthbearer.jwks.endpoint.url = null
	sasl.oauthbearer.scope.claim.name = scope
	sasl.oauthbearer.sub.claim.name = sub
	sasl.oauthbearer.token.endpoint.url = null
	security.protocol = PLAINTEXT
	security.providers = null
	send.buffer.bytes = 131072
	session.timeout.ms = 45000
	socket.connection.setup.timeout.max.ms = 30000
	socket.connection.setup.timeout.ms = 10000
	ssl.cipher.suites = null
	ssl.enabled.protocols = [TLSv1.2, TLSv1.3]
	ssl.endpoint.identification.algorithm = https
	ssl.engine.factory.class = null
	ssl.key.password = null
	ssl.keymanager.algorithm = SunX509
	ssl.keystore.certificate.chain = null
	ssl.keystore.key = null
	ssl.keystore.location = null
	ssl.keystore.password = null
	ssl.keystore.type = JKS
	ssl.protocol = TLSv1.3
	ssl.provider = null
	ssl.secure.random.implementation = null
	ssl.trustmanager.algorithm = PKIX
	ssl.truststore.certificates = null
	ssl.truststore.location = null
	ssl.truststore.password = null
	ssl.truststore.type = JKS
	value.deserializer = class io.apicurio.registry.serde.avro.AvroKafkaDeserializer

2025-07-31 20:45:18,291 INFO  [org.apa.kaf.com.tel.int.KafkaMetricsCollector] (main) initializing Kafka metrics collector
2025-07-31 20:45:18,296 INFO  [org.apa.kaf.cli.con.ConsumerConfig] (main) These configurations '[apicurio.registry.url]' were supplied but are not used yet.
2025-07-31 20:45:18,296 INFO  [org.apa.kaf.com.uti.AppInfoParser] (main) Kafka version: 3.9.1
2025-07-31 20:45:18,296 INFO  [org.apa.kaf.com.uti.AppInfoParser] (main) Kafka commitId: f745dfdcee2b9851
2025-07-31 20:45:18,296 INFO  [org.apa.kaf.com.uti.AppInfoParser] (main) Kafka startTimeMs: 1753994718296
2025-07-31 20:45:18,297 INFO  [org.apa.kaf.cli.con.int.ClassicKafkaConsumer] (Thread-898) [Consumer clientId=consumer-Consumer-topic-f84b2181_ccf3_4351_b7d9_0fb704ee2302-41, groupId=Consumer-topic-f84b2181_ccf3_4351_b7d9_0fb704ee2302] Subscribed to topic(s): topic-f84b2181_ccf3_4351_b7d9_0fb704ee2302
2025-07-31 20:45:18,300 INFO  [org.apa.kaf.cli.Metadata] (Thread-898) [Consumer clientId=consumer-Consumer-topic-f84b2181_ccf3_4351_b7d9_0fb704ee2302-41, groupId=Consumer-topic-f84b2181_ccf3_4351_b7d9_0fb704ee2302] Cluster ID: 6lKjf0w6TFCctmqQa8E77g
2025-07-31 20:45:18,301 INFO  [org.apa.kaf.cli.con.int.ConsumerCoordinator] (Thread-898) [Consumer clientId=consumer-Consumer-topic-f84b2181_ccf3_4351_b7d9_0fb704ee2302-41, groupId=Consumer-topic-f84b2181_ccf3_4351_b7d9_0fb704ee2302] Discovered group coordinator localhost:32770 (id: 2147483647 rack: null)
2025-07-31 20:45:18,303 INFO  [org.apa.kaf.cli.con.int.ConsumerCoordinator] (Thread-898) [Consumer clientId=consumer-Consumer-topic-f84b2181_ccf3_4351_b7d9_0fb704ee2302-41, groupId=Consumer-topic-f84b2181_ccf3_4351_b7d9_0fb704ee2302] (Re-)joining group
2025-07-31 20:45:18,305 INFO  [org.apa.kaf.cli.con.int.ConsumerCoordinator] (Thread-898) [Consumer clientId=consumer-Consumer-topic-f84b2181_ccf3_4351_b7d9_0fb704ee2302-41, groupId=Consumer-topic-f84b2181_ccf3_4351_b7d9_0fb704ee2302] Request joining group due to: need to re-join with the given member-id: consumer-Consumer-topic-f84b2181_ccf3_4351_b7d9_0fb704ee2302-41-df718cdf-7ae5-4960-a3e1-7f97926d78fa
2025-07-31 20:45:18,305 INFO  [org.apa.kaf.cli.con.int.ConsumerCoordinator] (Thread-898) [Consumer clientId=consumer-Consumer-topic-f84b2181_ccf3_4351_b7d9_0fb704ee2302-41, groupId=Consumer-topic-f84b2181_ccf3_4351_b7d9_0fb704ee2302] (Re-)joining group
2025-07-31 20:45:18,308 INFO  [org.apa.kaf.cli.con.int.ConsumerCoordinator] (Thread-898) [Consumer clientId=consumer-Consumer-topic-f84b2181_ccf3_4351_b7d9_0fb704ee2302-41, groupId=Consumer-topic-f84b2181_ccf3_4351_b7d9_0fb704ee2302] Successfully joined group with generation Generation{generationId=1, memberId='consumer-Consumer-topic-f84b2181_ccf3_4351_b7d9_0fb704ee2302-41-df718cdf-7ae5-4960-a3e1-7f97926d78fa', protocol='range'}
2025-07-31 20:45:18,308 INFO  [org.apa.kaf.cli.con.int.ConsumerCoordinator] (Thread-898) [Consumer clientId=consumer-Consumer-topic-f84b2181_ccf3_4351_b7d9_0fb704ee2302-41, groupId=Consumer-topic-f84b2181_ccf3_4351_b7d9_0fb704ee2302] Finished assignment for group at generation 1: {consumer-Consumer-topic-f84b2181_ccf3_4351_b7d9_0fb704ee2302-41-df718cdf-7ae5-4960-a3e1-7f97926d78fa=Assignment(partitions=[topic-f84b2181_ccf3_4351_b7d9_0fb704ee2302-0])}
2025-07-31 20:45:18,311 INFO  [org.apa.kaf.cli.con.int.ConsumerCoordinator] (Thread-898) [Consumer clientId=consumer-Consumer-topic-f84b2181_ccf3_4351_b7d9_0fb704ee2302-41, groupId=Consumer-topic-f84b2181_ccf3_4351_b7d9_0fb704ee2302] Successfully synced group in generation Generation{generationId=1, memberId='consumer-Consumer-topic-f84b2181_ccf3_4351_b7d9_0fb704ee2302-41-df718cdf-7ae5-4960-a3e1-7f97926d78fa', protocol='range'}
2025-07-31 20:45:18,311 INFO  [org.apa.kaf.cli.con.int.ConsumerCoordinator] (Thread-898) [Consumer clientId=consumer-Consumer-topic-f84b2181_ccf3_4351_b7d9_0fb704ee2302-41, groupId=Consumer-topic-f84b2181_ccf3_4351_b7d9_0fb704ee2302] Notifying assignor about the new Assignment(partitions=[topic-f84b2181_ccf3_4351_b7d9_0fb704ee2302-0])
2025-07-31 20:45:18,311 INFO  [org.apa.kaf.cli.con.int.ConsumerRebalanceListenerInvoker] (Thread-898) [Consumer clientId=consumer-Consumer-topic-f84b2181_ccf3_4351_b7d9_0fb704ee2302-41, groupId=Consumer-topic-f84b2181_ccf3_4351_b7d9_0fb704ee2302] Adding newly assigned partitions: topic-f84b2181_ccf3_4351_b7d9_0fb704ee2302-0
2025-07-31 20:45:18,312 INFO  [org.apa.kaf.cli.con.int.ConsumerCoordinator] (Thread-898) [Consumer clientId=consumer-Consumer-topic-f84b2181_ccf3_4351_b7d9_0fb704ee2302-41, groupId=Consumer-topic-f84b2181_ccf3_4351_b7d9_0fb704ee2302] Found no committed offset for partition topic-f84b2181_ccf3_4351_b7d9_0fb704ee2302-0
2025-07-31 20:45:18,317 INFO  [org.apa.kaf.cli.con.int.SubscriptionState] (Thread-898) [Consumer clientId=consumer-Consumer-topic-f84b2181_ccf3_4351_b7d9_0fb704ee2302-41, groupId=Consumer-topic-f84b2181_ccf3_4351_b7d9_0fb704ee2302] Resetting offset for partition topic-f84b2181_ccf3_4351_b7d9_0fb704ee2302-0 to position FetchPosition{offset=0, offsetEpoch=Optional.empty, currentLeader=LeaderAndEpoch{leader=Optional[localhost:32770 (id: 0 rack: null)], epoch=0}}.
2025-07-31 20:45:18,562 INFO  [io.api.tes.ser.api.KafkaSerdesTester] (Thread-898) topic-f84b2181_ccf3_4351_b7d9_0fb704ee2302 0 0 {"key1": "value-0"}
2025-07-31 20:45:18,562 INFO  [io.api.tes.ser.api.KafkaSerdesTester] (Thread-898) topic-f84b2181_ccf3_4351_b7d9_0fb704ee2302 0 1 {"key1": "value-1"}
2025-07-31 20:45:18,562 INFO  [io.api.tes.ser.api.KafkaSerdesTester] (Thread-898) topic-f84b2181_ccf3_4351_b7d9_0fb704ee2302 0 2 {"key1": "value-2"}
2025-07-31 20:45:18,562 INFO  [io.api.tes.ser.api.KafkaSerdesTester] (Thread-898) topic-f84b2181_ccf3_4351_b7d9_0fb704ee2302 0 3 {"key1": "value-3"}
2025-07-31 20:45:18,562 INFO  [io.api.tes.ser.api.KafkaSerdesTester] (Thread-898) topic-f84b2181_ccf3_4351_b7d9_0fb704ee2302 0 4 {"key1": "value-4"}
2025-07-31 20:45:18,562 INFO  [io.api.tes.ser.api.KafkaSerdesTester] (Thread-898) topic-f84b2181_ccf3_4351_b7d9_0fb704ee2302 0 5 {"key1": "value-5"}
2025-07-31 20:45:18,562 INFO  [io.api.tes.ser.api.KafkaSerdesTester] (Thread-898) topic-f84b2181_ccf3_4351_b7d9_0fb704ee2302 0 6 {"key1": "value-6"}
2025-07-31 20:45:18,562 INFO  [io.api.tes.ser.api.KafkaSerdesTester] (Thread-898) topic-f84b2181_ccf3_4351_b7d9_0fb704ee2302 0 7 {"key1": "value-7"}
2025-07-31 20:45:18,562 INFO  [io.api.tes.ser.api.KafkaSerdesTester] (Thread-898) topic-f84b2181_ccf3_4351_b7d9_0fb704ee2302 0 8 {"key1": "value-8"}
2025-07-31 20:45:18,562 INFO  [io.api.tes.ser.api.KafkaSerdesTester] (Thread-898) topic-f84b2181_ccf3_4351_b7d9_0fb704ee2302 0 9 {"key1": "value-9"}
2025-07-31 20:45:18,562 INFO  [io.api.tes.ser.api.KafkaSerdesTester] (Thread-898) Consumed 10 messages
2025-07-31 20:45:18,565 INFO  [org.apa.kaf.cli.con.int.ConsumerRebalanceListenerInvoker] (Thread-898) [Consumer clientId=consumer-Consumer-topic-f84b2181_ccf3_4351_b7d9_0fb704ee2302-41, groupId=Consumer-topic-f84b2181_ccf3_4351_b7d9_0fb704ee2302] Revoke previously assigned partitions topic-f84b2181_ccf3_4351_b7d9_0fb704ee2302-0
2025-07-31 20:45:18,565 INFO  [org.apa.kaf.cli.con.int.ConsumerCoordinator] (Thread-898) [Consumer clientId=consumer-Consumer-topic-f84b2181_ccf3_4351_b7d9_0fb704ee2302-41, groupId=Consumer-topic-f84b2181_ccf3_4351_b7d9_0fb704ee2302] Member consumer-Consumer-topic-f84b2181_ccf3_4351_b7d9_0fb704ee2302-41-df718cdf-7ae5-4960-a3e1-7f97926d78fa sending LeaveGroup request to coordinator localhost:32770 (id: 2147483647 rack: null) due to the consumer is being closed
2025-07-31 20:45:18,566 INFO  [org.apa.kaf.cli.con.int.ConsumerCoordinator] (Thread-898) [Consumer clientId=consumer-Consumer-topic-f84b2181_ccf3_4351_b7d9_0fb704ee2302-41, groupId=Consumer-topic-f84b2181_ccf3_4351_b7d9_0fb704ee2302] Resetting generation and member id due to: consumer pro-actively leaving the group
2025-07-31 20:45:18,566 INFO  [org.apa.kaf.cli.con.int.ConsumerCoordinator] (Thread-898) [Consumer clientId=consumer-Consumer-topic-f84b2181_ccf3_4351_b7d9_0fb704ee2302-41, groupId=Consumer-topic-f84b2181_ccf3_4351_b7d9_0fb704ee2302] Request joining group due to: consumer pro-actively leaving the group
2025-07-31 20:45:19,066 INFO  [org.apa.kaf.com.met.Metrics] (Thread-898) Metrics scheduler closed
2025-07-31 20:45:19,066 INFO  [org.apa.kaf.com.met.Metrics] (Thread-898) Closing reporter org.apache.kafka.common.metrics.JmxReporter
2025-07-31 20:45:19,066 INFO  [org.apa.kaf.com.met.Metrics] (Thread-898) Closing reporter org.apache.kafka.common.telemetry.internals.ClientTelemetryReporter
2025-07-31 20:45:19,066 INFO  [org.apa.kaf.com.met.Metrics] (Thread-898) Metrics reporters closed
2025-07-31 20:45:19,067 INFO  [org.apa.kaf.com.uti.AppInfoParser] (Thread-898) App info kafka.consumer for consumer-Consumer-topic-f84b2181_ccf3_4351_b7d9_0fb704ee2302-41 unregistered
2025-07-31 20:45:19,222 INFO  [io.api.tes.ser.con.BasicConfluentSerDesIT] (main) Deleting confluent schema topic-f84b2181_ccf3_4351_b7d9_0fb704ee2302-value
2025-07-31 20:45:19,307 INFO  [io.api.tes.uti.TestSeparator] (main) io.apicurio.tests.serdes.confluent.BasicConfluentSerDesIT.testAvroConfluentApicurio-FINISHED
2025-07-31 20:45:19,307 INFO  [io.api.tes.uti.TestSeparator] (main) ############################################################################
Test passed: testAvroConfluentApicurio
]]></system-out>
  </testcase>
  <testcase name="testAvroConfluentSerDesWrongStrategyTopic" classname="io.apicurio.tests.serdes.confluent.BasicConfluentSerDesIT" time="0.605">
    <system-out><![CDATA[2025-07-31 20:45:19,308 INFO  [io.api.tes.uti.TestSeparator] (main) ############################################################################
2025-07-31 20:45:19,308 INFO  [io.api.tes.uti.TestSeparator] (main) io.apicurio.tests.serdes.confluent.BasicConfluentSerDesIT.testAvroConfluentSerDesWrongStrategyTopic-STARTED
2025-07-31 20:45:19,497 INFO  [io.api.tes.ser.con.BasicConfluentSerDesIT] (main) Checking that created schema is equal to the get schema
2025-07-31 20:45:19,578 INFO  [io.api.tes.ser.con.BasicConfluentSerDesIT] (main) Created schema with id:114 and name:myrecordconfluent3
**** Registry Base URL: http://registry-app-mysql.apps.ci419.apicurio-testing.org:80
2025-07-31 20:45:19,579 INFO  [org.apa.kaf.cli.pro.ProducerConfig] (main) ProducerConfig values: 
	acks = -1
	auto.include.jmx.reporter = true
	batch.size = 16384
	bootstrap.servers = [PLAINTEXT://localhost:32770]
	buffer.memory = 33554432
	client.dns.lookup = use_all_dns_ips
	client.id = Producer-topic-8dddd0f9_616c_479b_b86c_2fd36bf72ab0
	compression.gzip.level = -1
	compression.lz4.level = 9
	compression.type = none
	compression.zstd.level = 3
	connections.max.idle.ms = 10000
	delivery.timeout.ms = 120000
	enable.idempotence = true
	enable.metrics.push = true
	interceptor.classes = []
	key.serializer = class org.apache.kafka.common.serialization.StringSerializer
	linger.ms = 0
	max.block.ms = 60000
	max.in.flight.requests.per.connection = 5
	max.request.size = 1048576
	metadata.max.age.ms = 300000
	metadata.max.idle.ms = 300000
	metadata.recovery.strategy = none
	metric.reporters = []
	metrics.num.samples = 2
	metrics.recording.level = INFO
	metrics.sample.window.ms = 30000
	partitioner.adaptive.partitioning.enable = true
	partitioner.availability.timeout.ms = 0
	partitioner.class = null
	partitioner.ignore.keys = false
	receive.buffer.bytes = 32768
	reconnect.backoff.max.ms = 1000
	reconnect.backoff.ms = 50
	request.timeout.ms = 5000
	retries = 2147483647
	retry.backoff.max.ms = 1000
	retry.backoff.ms = 100
	sasl.client.callback.handler.class = null
	sasl.jaas.config = null
	sasl.kerberos.kinit.cmd = /usr/bin/kinit
	sasl.kerberos.min.time.before.relogin = 60000
	sasl.kerberos.service.name = null
	sasl.kerberos.ticket.renew.jitter = 0.05
	sasl.kerberos.ticket.renew.window.factor = 0.8
	sasl.login.callback.handler.class = null
	sasl.login.class = null
	sasl.login.connect.timeout.ms = null
	sasl.login.read.timeout.ms = null
	sasl.login.refresh.buffer.seconds = 300
	sasl.login.refresh.min.period.seconds = 60
	sasl.login.refresh.window.factor = 0.8
	sasl.login.refresh.window.jitter = 0.05
	sasl.login.retry.backoff.max.ms = 10000
	sasl.login.retry.backoff.ms = 100
	sasl.mechanism = GSSAPI
	sasl.oauthbearer.clock.skew.seconds = 30
	sasl.oauthbearer.expected.audience = null
	sasl.oauthbearer.expected.issuer = null
	sasl.oauthbearer.header.urlencode = false
	sasl.oauthbearer.jwks.endpoint.refresh.ms = 3600000
	sasl.oauthbearer.jwks.endpoint.retry.backoff.max.ms = 10000
	sasl.oauthbearer.jwks.endpoint.retry.backoff.ms = 100
	sasl.oauthbearer.jwks.endpoint.url = null
	sasl.oauthbearer.scope.claim.name = scope
	sasl.oauthbearer.sub.claim.name = sub
	sasl.oauthbearer.token.endpoint.url = null
	security.protocol = PLAINTEXT
	security.providers = null
	send.buffer.bytes = 131072
	socket.connection.setup.timeout.max.ms = 30000
	socket.connection.setup.timeout.ms = 10000
	ssl.cipher.suites = null
	ssl.enabled.protocols = [TLSv1.2, TLSv1.3]
	ssl.endpoint.identification.algorithm = https
	ssl.engine.factory.class = null
	ssl.key.password = null
	ssl.keymanager.algorithm = SunX509
	ssl.keystore.certificate.chain = null
	ssl.keystore.key = null
	ssl.keystore.location = null
	ssl.keystore.password = null
	ssl.keystore.type = JKS
	ssl.protocol = TLSv1.3
	ssl.provider = null
	ssl.secure.random.implementation = null
	ssl.trustmanager.algorithm = PKIX
	ssl.truststore.certificates = null
	ssl.truststore.location = null
	ssl.truststore.password = null
	ssl.truststore.type = JKS
	transaction.timeout.ms = 60000
	transactional.id = null
	value.serializer = class io.confluent.kafka.serializers.KafkaAvroSerializer

2025-07-31 20:45:19,579 INFO  [org.apa.kaf.com.tel.int.KafkaMetricsCollector] (main) initializing Kafka metrics collector
2025-07-31 20:45:19,579 INFO  [io.con.kaf.ser.KafkaAvroSerializerConfig] (main) KafkaAvroSerializerConfig values: 
	auto.register.schemas = false
	avro.reflection.allow.null = false
	avro.remove.java.properties = false
	avro.use.logical.type.converters = false
	basic.auth.credentials.source = URL
	basic.auth.user.info = [hidden]
	bearer.auth.cache.expiry.buffer.seconds = 300
	bearer.auth.client.id = null
	bearer.auth.client.secret = null
	bearer.auth.credentials.source = STATIC_TOKEN
	bearer.auth.custom.provider.class = null
	bearer.auth.identity.pool.id = null
	bearer.auth.issuer.endpoint.url = null
	bearer.auth.logical.cluster = null
	bearer.auth.scope = null
	bearer.auth.scope.claim.name = scope
	bearer.auth.sub.claim.name = sub
	bearer.auth.token = [hidden]
	context.name.strategy = class io.confluent.kafka.serializers.context.NullContextNameStrategy
	http.connect.timeout.ms = 60000
	http.read.timeout.ms = 60000
	id.compatibility.strict = true
	key.schema.id.deserializer = class io.confluent.kafka.serializers.schema.id.DualSchemaIdDeserializer
	key.schema.id.serializer = class io.confluent.kafka.serializers.schema.id.PrefixSchemaIdSerializer
	key.subject.name.strategy = class io.confluent.kafka.serializers.subject.TopicNameStrategy
	latest.cache.size = 1000
	latest.cache.ttl.sec = -1
	latest.compatibility.strict = true
	max.retries = 3
	max.schemas.per.subject = 1000
	normalize.schemas = false
	propagate.schema.tags = false
	proxy.host = 
	proxy.port = -1
	retries.max.wait.ms = 20000
	retries.wait.ms = 1000
	rule.actions = []
	rule.executors = []
	rule.service.loader.enable = true
	schema.format = null
	schema.reflection = false
	schema.registry.basic.auth.user.info = [hidden]
	schema.registry.ssl.cipher.suites = null
	schema.registry.ssl.enabled.protocols = [TLSv1.2, TLSv1.3]
	schema.registry.ssl.endpoint.identification.algorithm = https
	schema.registry.ssl.engine.factory.class = null
	schema.registry.ssl.key.password = null
	schema.registry.ssl.keymanager.algorithm = SunX509
	schema.registry.ssl.keystore.certificate.chain = null
	schema.registry.ssl.keystore.key = null
	schema.registry.ssl.keystore.location = null
	schema.registry.ssl.keystore.password = null
	schema.registry.ssl.keystore.type = JKS
	schema.registry.ssl.protocol = TLSv1.3
	schema.registry.ssl.provider = null
	schema.registry.ssl.secure.random.implementation = null
	schema.registry.ssl.trustmanager.algorithm = PKIX
	schema.registry.ssl.truststore.certificates = null
	schema.registry.ssl.truststore.location = null
	schema.registry.ssl.truststore.password = null
	schema.registry.ssl.truststore.type = JKS
	schema.registry.url = [http://registry-app-mysql.apps.ci419.apicurio-testing.org:80/apis/ccompat/v7]
	schema.registry.url.randomize = false
	use.latest.version = false
	use.latest.with.metadata = null
	use.schema.id = -1
	value.schema.id.deserializer = class io.confluent.kafka.serializers.schema.id.DualSchemaIdDeserializer
	value.schema.id.serializer = class io.confluent.kafka.serializers.schema.id.PrefixSchemaIdSerializer
	value.subject.name.strategy = class io.confluent.kafka.serializers.subject.TopicNameStrategy

2025-07-31 20:45:19,581 INFO  [org.apa.kaf.cli.pro.KafkaProducer] (main) [Producer clientId=Producer-topic-8dddd0f9_616c_479b_b86c_2fd36bf72ab0] Instantiated an idempotent producer.
2025-07-31 20:45:19,582 INFO  [org.apa.kaf.cli.pro.ProducerConfig] (main) These configurations '[schema.registry.url, auto.register.schemas, value.subject.name.strategy]' were supplied but are not used yet.
2025-07-31 20:45:19,582 INFO  [org.apa.kaf.com.uti.AppInfoParser] (main) Kafka version: 3.9.1
2025-07-31 20:45:19,582 INFO  [org.apa.kaf.com.uti.AppInfoParser] (main) Kafka commitId: f745dfdcee2b9851
2025-07-31 20:45:19,582 INFO  [org.apa.kaf.com.uti.AppInfoParser] (main) Kafka startTimeMs: 1753994719582
2025-07-31 20:45:19,583 INFO  [io.api.tes.ser.api.KafkaSerdesTester] (Thread-899) Sending message {"key1": "value-0"} to topic topic-8dddd0f9_616c_479b_b86c_2fd36bf72ab0
2025-07-31 20:45:19,585 INFO  [org.apa.kaf.cli.Metadata] (kafka-producer-network-thread | Producer-topic-8dddd0f9_616c_479b_b86c_2fd36bf72ab0) [Producer clientId=Producer-topic-8dddd0f9_616c_479b_b86c_2fd36bf72ab0] Cluster ID: 6lKjf0w6TFCctmqQa8E77g
2025-07-31 20:45:19,585 INFO  [org.apa.kaf.cli.pro.int.TransactionManager] (kafka-producer-network-thread | Producer-topic-8dddd0f9_616c_479b_b86c_2fd36bf72ab0) [Producer clientId=Producer-topic-8dddd0f9_616c_479b_b86c_2fd36bf72ab0] ProducerId set to 55 with epoch 0
2025-07-31 20:45:19,666 INFO  [org.apa.kaf.cli.pro.KafkaProducer] (Thread-899) [Producer clientId=Producer-topic-8dddd0f9_616c_479b_b86c_2fd36bf72ab0] Closing the Kafka producer with timeoutMillis = 9223372036854775807 ms.
2025-07-31 20:45:19,669 INFO  [org.apa.kaf.com.met.Metrics] (Thread-899) Metrics scheduler closed
2025-07-31 20:45:19,669 INFO  [org.apa.kaf.com.met.Metrics] (Thread-899) Closing reporter org.apache.kafka.common.metrics.JmxReporter
2025-07-31 20:45:19,669 INFO  [org.apa.kaf.com.met.Metrics] (Thread-899) Closing reporter org.apache.kafka.common.telemetry.internals.ClientTelemetryReporter
2025-07-31 20:45:19,669 INFO  [org.apa.kaf.com.met.Metrics] (Thread-899) Metrics reporters closed
2025-07-31 20:45:19,669 INFO  [org.apa.kaf.com.uti.AppInfoParser] (Thread-899) App info kafka.producer for Producer-topic-8dddd0f9_616c_479b_b86c_2fd36bf72ab0 unregistered
2025-07-31 20:45:19,827 INFO  [io.api.tes.ser.con.BasicConfluentSerDesIT] (main) Deleting confluent schema myrecordconfluent3
2025-07-31 20:45:19,911 INFO  [io.api.tes.uti.TestSeparator] (main) io.apicurio.tests.serdes.confluent.BasicConfluentSerDesIT.testAvroConfluentSerDesWrongStrategyTopic-FINISHED
2025-07-31 20:45:19,911 INFO  [io.api.tes.uti.TestSeparator] (main) ############################################################################
Test passed: testAvroConfluentSerDesWrongStrategyTopic
]]></system-out>
  </testcase>
  <testcase name="testAvroApicurioConfluent" classname="io.apicurio.tests.serdes.confluent.BasicConfluentSerDesIT" time="2.37">
    <system-out><![CDATA[2025-07-31 20:45:19,913 INFO  [io.api.tes.uti.TestSeparator] (main) ############################################################################
2025-07-31 20:45:19,913 INFO  [io.api.tes.uti.TestSeparator] (main) io.apicurio.tests.serdes.confluent.BasicConfluentSerDesIT.testAvroApicurioConfluent-STARTED
**** Registry Base URL: http://registry-app-mysql.apps.ci419.apicurio-testing.org:80
2025-07-31 20:45:21,102 INFO  [org.apa.kaf.cli.pro.ProducerConfig] (main) ProducerConfig values: 
	acks = -1
	auto.include.jmx.reporter = true
	batch.size = 16384
	bootstrap.servers = [PLAINTEXT://localhost:32770]
	buffer.memory = 33554432
	client.dns.lookup = use_all_dns_ips
	client.id = Producer-topic-a151136d_efa4_4bcd_abda_bf970643bcf5
	compression.gzip.level = -1
	compression.lz4.level = 9
	compression.type = none
	compression.zstd.level = 3
	connections.max.idle.ms = 10000
	delivery.timeout.ms = 120000
	enable.idempotence = true
	enable.metrics.push = true
	interceptor.classes = []
	key.serializer = class org.apache.kafka.common.serialization.StringSerializer
	linger.ms = 0
	max.block.ms = 60000
	max.in.flight.requests.per.connection = 5
	max.request.size = 1048576
	metadata.max.age.ms = 300000
	metadata.max.idle.ms = 300000
	metadata.recovery.strategy = none
	metric.reporters = []
	metrics.num.samples = 2
	metrics.recording.level = INFO
	metrics.sample.window.ms = 30000
	partitioner.adaptive.partitioning.enable = true
	partitioner.availability.timeout.ms = 0
	partitioner.class = null
	partitioner.ignore.keys = false
	receive.buffer.bytes = 32768
	reconnect.backoff.max.ms = 1000
	reconnect.backoff.ms = 50
	request.timeout.ms = 5000
	retries = 2147483647
	retry.backoff.max.ms = 1000
	retry.backoff.ms = 100
	sasl.client.callback.handler.class = null
	sasl.jaas.config = null
	sasl.kerberos.kinit.cmd = /usr/bin/kinit
	sasl.kerberos.min.time.before.relogin = 60000
	sasl.kerberos.service.name = null
	sasl.kerberos.ticket.renew.jitter = 0.05
	sasl.kerberos.ticket.renew.window.factor = 0.8
	sasl.login.callback.handler.class = null
	sasl.login.class = null
	sasl.login.connect.timeout.ms = null
	sasl.login.read.timeout.ms = null
	sasl.login.refresh.buffer.seconds = 300
	sasl.login.refresh.min.period.seconds = 60
	sasl.login.refresh.window.factor = 0.8
	sasl.login.refresh.window.jitter = 0.05
	sasl.login.retry.backoff.max.ms = 10000
	sasl.login.retry.backoff.ms = 100
	sasl.mechanism = GSSAPI
	sasl.oauthbearer.clock.skew.seconds = 30
	sasl.oauthbearer.expected.audience = null
	sasl.oauthbearer.expected.issuer = null
	sasl.oauthbearer.header.urlencode = false
	sasl.oauthbearer.jwks.endpoint.refresh.ms = 3600000
	sasl.oauthbearer.jwks.endpoint.retry.backoff.max.ms = 10000
	sasl.oauthbearer.jwks.endpoint.retry.backoff.ms = 100
	sasl.oauthbearer.jwks.endpoint.url = null
	sasl.oauthbearer.scope.claim.name = scope
	sasl.oauthbearer.sub.claim.name = sub
	sasl.oauthbearer.token.endpoint.url = null
	security.protocol = PLAINTEXT
	security.providers = null
	send.buffer.bytes = 131072
	socket.connection.setup.timeout.max.ms = 30000
	socket.connection.setup.timeout.ms = 10000
	ssl.cipher.suites = null
	ssl.enabled.protocols = [TLSv1.2, TLSv1.3]
	ssl.endpoint.identification.algorithm = https
	ssl.engine.factory.class = null
	ssl.key.password = null
	ssl.keymanager.algorithm = SunX509
	ssl.keystore.certificate.chain = null
	ssl.keystore.key = null
	ssl.keystore.location = null
	ssl.keystore.password = null
	ssl.keystore.type = JKS
	ssl.protocol = TLSv1.3
	ssl.provider = null
	ssl.secure.random.implementation = null
	ssl.trustmanager.algorithm = PKIX
	ssl.truststore.certificates = null
	ssl.truststore.location = null
	ssl.truststore.password = null
	ssl.truststore.type = JKS
	transaction.timeout.ms = 60000
	transactional.id = null
	value.serializer = class io.apicurio.registry.serde.avro.AvroKafkaSerializer

2025-07-31 20:45:21,102 INFO  [org.apa.kaf.com.tel.int.KafkaMetricsCollector] (main) initializing Kafka metrics collector
2025-07-31 20:45:21,104 INFO  [org.apa.kaf.cli.pro.KafkaProducer] (main) [Producer clientId=Producer-topic-a151136d_efa4_4bcd_abda_bf970643bcf5] Instantiated an idempotent producer.
2025-07-31 20:45:21,107 INFO  [org.apa.kaf.cli.pro.ProducerConfig] (main) These configurations '[apicurio.registry.url, apicurio.registry.artifact-resolver-strategy]' were supplied but are not used yet.
2025-07-31 20:45:21,107 INFO  [org.apa.kaf.com.uti.AppInfoParser] (main) Kafka version: 3.9.1
2025-07-31 20:45:21,107 INFO  [org.apa.kaf.com.uti.AppInfoParser] (main) Kafka commitId: f745dfdcee2b9851
2025-07-31 20:45:21,107 INFO  [org.apa.kaf.com.uti.AppInfoParser] (main) Kafka startTimeMs: 1753994721107
2025-07-31 20:45:21,107 INFO  [io.api.tes.ser.api.SimpleSerdesTesterBuilder$SimpleSerdesTester] (main) Using producer configuration: {apicurio.registry.url=http://registry-app-mysql.apps.ci419.apicurio-testing.org:80/apis/registry/v3, apicurio.registry.artifact-resolver-strategy=io.apicurio.registry.serde.strategy.TopicIdStrategy, value.serializer=io.apicurio.registry.serde.avro.AvroKafkaSerializer, request.timeout.ms=5000, acks=all, bootstrap.servers=PLAINTEXT://localhost:32770, connections.max.idle.ms=10000, key.serializer=org.apache.kafka.common.serialization.StringSerializer, client.id=Producer-topic-a151136d_efa4_4bcd_abda_bf970643bcf5}
2025-07-31 20:45:21,107 INFO  [io.api.tes.ser.api.SimpleSerdesTesterBuilder$SimpleSerdesTester] (main) Using consumer configuration: {}
2025-07-31 20:45:21,108 INFO  [io.api.tes.ser.api.KafkaSerdesTester] (Thread-902) Sending message {"key1": "value-0"} to topic topic-a151136d_efa4_4bcd_abda_bf970643bcf5
2025-07-31 20:45:21,110 INFO  [org.apa.kaf.cli.Metadata] (kafka-producer-network-thread | Producer-topic-a151136d_efa4_4bcd_abda_bf970643bcf5) [Producer clientId=Producer-topic-a151136d_efa4_4bcd_abda_bf970643bcf5] Cluster ID: 6lKjf0w6TFCctmqQa8E77g
2025-07-31 20:45:21,110 INFO  [org.apa.kaf.cli.pro.int.TransactionManager] (kafka-producer-network-thread | Producer-topic-a151136d_efa4_4bcd_abda_bf970643bcf5) [Producer clientId=Producer-topic-a151136d_efa4_4bcd_abda_bf970643bcf5] ProducerId set to 56 with epoch 0
2025-07-31 20:45:21,110 INFO  [DefaultSchemaResolver] (Thread-902) Retrieving schema content using string: {"type":"record","name":"myrecordconfluent1","fields":[{"name":"key1","type":"string"}]}
2025-07-31 20:45:21,268 INFO  [io.api.tes.ser.api.KafkaSerdesTester] (Thread-902) Sending message {"key1": "value-1"} to topic topic-a151136d_efa4_4bcd_abda_bf970643bcf5
2025-07-31 20:45:21,269 INFO  [io.api.tes.ser.api.KafkaSerdesTester] (Thread-902) Sending message {"key1": "value-2"} to topic topic-a151136d_efa4_4bcd_abda_bf970643bcf5
2025-07-31 20:45:21,270 INFO  [io.api.tes.ser.api.KafkaSerdesTester] (Thread-902) Sending message {"key1": "value-3"} to topic topic-a151136d_efa4_4bcd_abda_bf970643bcf5
2025-07-31 20:45:21,271 INFO  [io.api.tes.ser.api.KafkaSerdesTester] (Thread-902) Sending message {"key1": "value-4"} to topic topic-a151136d_efa4_4bcd_abda_bf970643bcf5
2025-07-31 20:45:21,272 INFO  [io.api.tes.ser.api.KafkaSerdesTester] (Thread-902) Sending message {"key1": "value-5"} to topic topic-a151136d_efa4_4bcd_abda_bf970643bcf5
2025-07-31 20:45:21,272 INFO  [io.api.tes.ser.api.KafkaSerdesTester] (Thread-902) Sending message {"key1": "value-6"} to topic topic-a151136d_efa4_4bcd_abda_bf970643bcf5
2025-07-31 20:45:21,273 INFO  [io.api.tes.ser.api.KafkaSerdesTester] (Thread-902) Sending message {"key1": "value-7"} to topic topic-a151136d_efa4_4bcd_abda_bf970643bcf5
2025-07-31 20:45:21,275 INFO  [io.api.tes.ser.api.KafkaSerdesTester] (Thread-902) Sending message {"key1": "value-8"} to topic topic-a151136d_efa4_4bcd_abda_bf970643bcf5
2025-07-31 20:45:21,276 INFO  [io.api.tes.ser.api.KafkaSerdesTester] (Thread-902) Sending message {"key1": "value-9"} to topic topic-a151136d_efa4_4bcd_abda_bf970643bcf5
2025-07-31 20:45:21,277 INFO  [io.api.tes.ser.api.KafkaSerdesTester] (Thread-902) Produced 10 messages
2025-07-31 20:45:21,277 INFO  [org.apa.kaf.cli.pro.KafkaProducer] (Thread-902) [Producer clientId=Producer-topic-a151136d_efa4_4bcd_abda_bf970643bcf5] Closing the Kafka producer with timeoutMillis = 9223372036854775807 ms.
2025-07-31 20:45:21,279 INFO  [org.apa.kaf.com.met.Metrics] (Thread-902) Metrics scheduler closed
2025-07-31 20:45:21,279 INFO  [org.apa.kaf.com.met.Metrics] (Thread-902) Closing reporter org.apache.kafka.common.metrics.JmxReporter
2025-07-31 20:45:21,279 INFO  [org.apa.kaf.com.met.Metrics] (Thread-902) Closing reporter org.apache.kafka.common.telemetry.internals.ClientTelemetryReporter
2025-07-31 20:45:21,279 INFO  [org.apa.kaf.com.met.Metrics] (Thread-902) Metrics reporters closed
2025-07-31 20:45:21,279 INFO  [org.apa.kaf.com.uti.AppInfoParser] (Thread-902) App info kafka.producer for Producer-topic-a151136d_efa4_4bcd_abda_bf970643bcf5 unregistered
**** Registry Base URL: http://registry-app-mysql.apps.ci419.apicurio-testing.org:80
2025-07-31 20:45:21,280 INFO  [org.apa.kaf.cli.con.ConsumerConfig] (main) ConsumerConfig values: 
	allow.auto.create.topics = true
	auto.commit.interval.ms = 500
	auto.include.jmx.reporter = true
	auto.offset.reset = earliest
	bootstrap.servers = [PLAINTEXT://localhost:32770]
	check.crcs = true
	client.dns.lookup = use_all_dns_ips
	client.id = consumer-Consumer-topic-a151136d_efa4_4bcd_abda_bf970643bcf5-42
	client.rack = 
	connections.max.idle.ms = 10000
	default.api.timeout.ms = 60000
	enable.auto.commit = true
	enable.metrics.push = true
	exclude.internal.topics = true
	fetch.max.bytes = 52428800
	fetch.max.wait.ms = 500
	fetch.min.bytes = 1
	group.id = Consumer-topic-a151136d_efa4_4bcd_abda_bf970643bcf5
	group.instance.id = null
	group.protocol = classic
	group.remote.assignor = null
	heartbeat.interval.ms = 3000
	interceptor.classes = []
	internal.leave.group.on.close = true
	internal.throw.on.fetch.stable.offset.unsupported = false
	isolation.level = read_uncommitted
	key.deserializer = class org.apache.kafka.common.serialization.StringDeserializer
	max.partition.fetch.bytes = 1048576
	max.poll.interval.ms = 300000
	max.poll.records = 500
	metadata.max.age.ms = 300000
	metadata.recovery.strategy = none
	metric.reporters = []
	metrics.num.samples = 2
	metrics.recording.level = INFO
	metrics.sample.window.ms = 30000
	partition.assignment.strategy = [class org.apache.kafka.clients.consumer.RangeAssignor, class org.apache.kafka.clients.consumer.CooperativeStickyAssignor]
	receive.buffer.bytes = 65536
	reconnect.backoff.max.ms = 1000
	reconnect.backoff.ms = 50
	request.timeout.ms = 5000
	retry.backoff.max.ms = 1000
	retry.backoff.ms = 100
	sasl.client.callback.handler.class = null
	sasl.jaas.config = null
	sasl.kerberos.kinit.cmd = /usr/bin/kinit
	sasl.kerberos.min.time.before.relogin = 60000
	sasl.kerberos.service.name = null
	sasl.kerberos.ticket.renew.jitter = 0.05
	sasl.kerberos.ticket.renew.window.factor = 0.8
	sasl.login.callback.handler.class = null
	sasl.login.class = null
	sasl.login.connect.timeout.ms = null
	sasl.login.read.timeout.ms = null
	sasl.login.refresh.buffer.seconds = 300
	sasl.login.refresh.min.period.seconds = 60
	sasl.login.refresh.window.factor = 0.8
	sasl.login.refresh.window.jitter = 0.05
	sasl.login.retry.backoff.max.ms = 10000
	sasl.login.retry.backoff.ms = 100
	sasl.mechanism = GSSAPI
	sasl.oauthbearer.clock.skew.seconds = 30
	sasl.oauthbearer.expected.audience = null
	sasl.oauthbearer.expected.issuer = null
	sasl.oauthbearer.header.urlencode = false
	sasl.oauthbearer.jwks.endpoint.refresh.ms = 3600000
	sasl.oauthbearer.jwks.endpoint.retry.backoff.max.ms = 10000
	sasl.oauthbearer.jwks.endpoint.retry.backoff.ms = 100
	sasl.oauthbearer.jwks.endpoint.url = null
	sasl.oauthbearer.scope.claim.name = scope
	sasl.oauthbearer.sub.claim.name = sub
	sasl.oauthbearer.token.endpoint.url = null
	security.protocol = PLAINTEXT
	security.providers = null
	send.buffer.bytes = 131072
	session.timeout.ms = 45000
	socket.connection.setup.timeout.max.ms = 30000
	socket.connection.setup.timeout.ms = 10000
	ssl.cipher.suites = null
	ssl.enabled.protocols = [TLSv1.2, TLSv1.3]
	ssl.endpoint.identification.algorithm = https
	ssl.engine.factory.class = null
	ssl.key.password = null
	ssl.keymanager.algorithm = SunX509
	ssl.keystore.certificate.chain = null
	ssl.keystore.key = null
	ssl.keystore.location = null
	ssl.keystore.password = null
	ssl.keystore.type = JKS
	ssl.protocol = TLSv1.3
	ssl.provider = null
	ssl.secure.random.implementation = null
	ssl.trustmanager.algorithm = PKIX
	ssl.truststore.certificates = null
	ssl.truststore.location = null
	ssl.truststore.password = null
	ssl.truststore.type = JKS
	value.deserializer = class io.confluent.kafka.serializers.KafkaAvroDeserializer

2025-07-31 20:45:21,280 INFO  [org.apa.kaf.com.tel.int.KafkaMetricsCollector] (main) initializing Kafka metrics collector
2025-07-31 20:45:21,280 INFO  [io.con.kaf.ser.KafkaAvroDeserializerConfig] (main) KafkaAvroDeserializerConfig values: 
	auto.register.schemas = true
	avro.reflection.allow.null = false
	avro.use.logical.type.converters = false
	basic.auth.credentials.source = URL
	basic.auth.user.info = [hidden]
	bearer.auth.cache.expiry.buffer.seconds = 300
	bearer.auth.client.id = null
	bearer.auth.client.secret = null
	bearer.auth.credentials.source = STATIC_TOKEN
	bearer.auth.custom.provider.class = null
	bearer.auth.identity.pool.id = null
	bearer.auth.issuer.endpoint.url = null
	bearer.auth.logical.cluster = null
	bearer.auth.scope = null
	bearer.auth.scope.claim.name = scope
	bearer.auth.sub.claim.name = sub
	bearer.auth.token = [hidden]
	context.name.strategy = class io.confluent.kafka.serializers.context.NullContextNameStrategy
	http.connect.timeout.ms = 60000
	http.read.timeout.ms = 60000
	id.compatibility.strict = true
	key.schema.id.deserializer = class io.confluent.kafka.serializers.schema.id.DualSchemaIdDeserializer
	key.schema.id.serializer = class io.confluent.kafka.serializers.schema.id.PrefixSchemaIdSerializer
	key.subject.name.strategy = class io.confluent.kafka.serializers.subject.TopicNameStrategy
	latest.cache.size = 1000
	latest.cache.ttl.sec = -1
	latest.compatibility.strict = true
	max.retries = 3
	max.schemas.per.subject = 1000
	normalize.schemas = false
	propagate.schema.tags = false
	proxy.host = 
	proxy.port = -1
	retries.max.wait.ms = 20000
	retries.wait.ms = 1000
	rule.actions = []
	rule.executors = []
	rule.service.loader.enable = true
	schema.format = null
	schema.reflection = false
	schema.registry.basic.auth.user.info = [hidden]
	schema.registry.ssl.cipher.suites = null
	schema.registry.ssl.enabled.protocols = [TLSv1.2, TLSv1.3]
	schema.registry.ssl.endpoint.identification.algorithm = https
	schema.registry.ssl.engine.factory.class = null
	schema.registry.ssl.key.password = null
	schema.registry.ssl.keymanager.algorithm = SunX509
	schema.registry.ssl.keystore.certificate.chain = null
	schema.registry.ssl.keystore.key = null
	schema.registry.ssl.keystore.location = null
	schema.registry.ssl.keystore.password = null
	schema.registry.ssl.keystore.type = JKS
	schema.registry.ssl.protocol = TLSv1.3
	schema.registry.ssl.provider = null
	schema.registry.ssl.secure.random.implementation = null
	schema.registry.ssl.trustmanager.algorithm = PKIX
	schema.registry.ssl.truststore.certificates = null
	schema.registry.ssl.truststore.location = null
	schema.registry.ssl.truststore.password = null
	schema.registry.ssl.truststore.type = JKS
	schema.registry.url = [http://registry-app-mysql.apps.ci419.apicurio-testing.org:80/apis/ccompat/v7]
	schema.registry.url.randomize = false
	specific.avro.key.type = null
	specific.avro.reader = false
	specific.avro.value.type = null
	use.latest.version = false
	use.latest.with.metadata = null
	use.schema.id = -1
	value.schema.id.deserializer = class io.confluent.kafka.serializers.schema.id.DualSchemaIdDeserializer
	value.schema.id.serializer = class io.confluent.kafka.serializers.schema.id.PrefixSchemaIdSerializer
	value.subject.name.strategy = class io.confluent.kafka.serializers.subject.TopicNameStrategy

2025-07-31 20:45:21,284 INFO  [org.apa.kaf.cli.con.ConsumerConfig] (main) These configurations '[schema.registry.url]' were supplied but are not used yet.
2025-07-31 20:45:21,284 INFO  [org.apa.kaf.com.uti.AppInfoParser] (main) Kafka version: 3.9.1
2025-07-31 20:45:21,284 INFO  [org.apa.kaf.com.uti.AppInfoParser] (main) Kafka commitId: f745dfdcee2b9851
2025-07-31 20:45:21,284 INFO  [org.apa.kaf.com.uti.AppInfoParser] (main) Kafka startTimeMs: 1753994721284
2025-07-31 20:45:21,284 INFO  [org.apa.kaf.cli.con.int.ClassicKafkaConsumer] (Thread-903) [Consumer clientId=consumer-Consumer-topic-a151136d_efa4_4bcd_abda_bf970643bcf5-42, groupId=Consumer-topic-a151136d_efa4_4bcd_abda_bf970643bcf5] Subscribed to topic(s): topic-a151136d_efa4_4bcd_abda_bf970643bcf5
2025-07-31 20:45:21,288 INFO  [org.apa.kaf.cli.Metadata] (Thread-903) [Consumer clientId=consumer-Consumer-topic-a151136d_efa4_4bcd_abda_bf970643bcf5-42, groupId=Consumer-topic-a151136d_efa4_4bcd_abda_bf970643bcf5] Cluster ID: 6lKjf0w6TFCctmqQa8E77g
2025-07-31 20:45:21,288 INFO  [org.apa.kaf.cli.con.int.ConsumerCoordinator] (Thread-903) [Consumer clientId=consumer-Consumer-topic-a151136d_efa4_4bcd_abda_bf970643bcf5-42, groupId=Consumer-topic-a151136d_efa4_4bcd_abda_bf970643bcf5] Discovered group coordinator localhost:32770 (id: 2147483647 rack: null)
2025-07-31 20:45:21,289 INFO  [org.apa.kaf.cli.con.int.ConsumerCoordinator] (Thread-903) [Consumer clientId=consumer-Consumer-topic-a151136d_efa4_4bcd_abda_bf970643bcf5-42, groupId=Consumer-topic-a151136d_efa4_4bcd_abda_bf970643bcf5] (Re-)joining group
2025-07-31 20:45:21,292 INFO  [org.apa.kaf.cli.con.int.ConsumerCoordinator] (Thread-903) [Consumer clientId=consumer-Consumer-topic-a151136d_efa4_4bcd_abda_bf970643bcf5-42, groupId=Consumer-topic-a151136d_efa4_4bcd_abda_bf970643bcf5] Request joining group due to: need to re-join with the given member-id: consumer-Consumer-topic-a151136d_efa4_4bcd_abda_bf970643bcf5-42-7efaa1eb-497d-49ae-9468-eff4ef22824c
2025-07-31 20:45:21,292 INFO  [org.apa.kaf.cli.con.int.ConsumerCoordinator] (Thread-903) [Consumer clientId=consumer-Consumer-topic-a151136d_efa4_4bcd_abda_bf970643bcf5-42, groupId=Consumer-topic-a151136d_efa4_4bcd_abda_bf970643bcf5] (Re-)joining group
2025-07-31 20:45:21,296 INFO  [org.apa.kaf.cli.con.int.ConsumerCoordinator] (Thread-903) [Consumer clientId=consumer-Consumer-topic-a151136d_efa4_4bcd_abda_bf970643bcf5-42, groupId=Consumer-topic-a151136d_efa4_4bcd_abda_bf970643bcf5] Successfully joined group with generation Generation{generationId=1, memberId='consumer-Consumer-topic-a151136d_efa4_4bcd_abda_bf970643bcf5-42-7efaa1eb-497d-49ae-9468-eff4ef22824c', protocol='range'}
2025-07-31 20:45:21,296 INFO  [org.apa.kaf.cli.con.int.ConsumerCoordinator] (Thread-903) [Consumer clientId=consumer-Consumer-topic-a151136d_efa4_4bcd_abda_bf970643bcf5-42, groupId=Consumer-topic-a151136d_efa4_4bcd_abda_bf970643bcf5] Finished assignment for group at generation 1: {consumer-Consumer-topic-a151136d_efa4_4bcd_abda_bf970643bcf5-42-7efaa1eb-497d-49ae-9468-eff4ef22824c=Assignment(partitions=[topic-a151136d_efa4_4bcd_abda_bf970643bcf5-0])}
2025-07-31 20:45:21,299 INFO  [org.apa.kaf.cli.con.int.ConsumerCoordinator] (Thread-903) [Consumer clientId=consumer-Consumer-topic-a151136d_efa4_4bcd_abda_bf970643bcf5-42, groupId=Consumer-topic-a151136d_efa4_4bcd_abda_bf970643bcf5] Successfully synced group in generation Generation{generationId=1, memberId='consumer-Consumer-topic-a151136d_efa4_4bcd_abda_bf970643bcf5-42-7efaa1eb-497d-49ae-9468-eff4ef22824c', protocol='range'}
2025-07-31 20:45:21,299 INFO  [org.apa.kaf.cli.con.int.ConsumerCoordinator] (Thread-903) [Consumer clientId=consumer-Consumer-topic-a151136d_efa4_4bcd_abda_bf970643bcf5-42, groupId=Consumer-topic-a151136d_efa4_4bcd_abda_bf970643bcf5] Notifying assignor about the new Assignment(partitions=[topic-a151136d_efa4_4bcd_abda_bf970643bcf5-0])
2025-07-31 20:45:21,299 INFO  [org.apa.kaf.cli.con.int.ConsumerRebalanceListenerInvoker] (Thread-903) [Consumer clientId=consumer-Consumer-topic-a151136d_efa4_4bcd_abda_bf970643bcf5-42, groupId=Consumer-topic-a151136d_efa4_4bcd_abda_bf970643bcf5] Adding newly assigned partitions: topic-a151136d_efa4_4bcd_abda_bf970643bcf5-0
2025-07-31 20:45:21,301 INFO  [org.apa.kaf.cli.con.int.ConsumerCoordinator] (Thread-903) [Consumer clientId=consumer-Consumer-topic-a151136d_efa4_4bcd_abda_bf970643bcf5-42, groupId=Consumer-topic-a151136d_efa4_4bcd_abda_bf970643bcf5] Found no committed offset for partition topic-a151136d_efa4_4bcd_abda_bf970643bcf5-0
2025-07-31 20:45:21,305 INFO  [org.apa.kaf.cli.con.int.SubscriptionState] (Thread-903) [Consumer clientId=consumer-Consumer-topic-a151136d_efa4_4bcd_abda_bf970643bcf5-42, groupId=Consumer-topic-a151136d_efa4_4bcd_abda_bf970643bcf5] Resetting offset for partition topic-a151136d_efa4_4bcd_abda_bf970643bcf5-0 to position FetchPosition{offset=0, offsetEpoch=Optional.empty, currentLeader=LeaderAndEpoch{leader=Optional[localhost:32770 (id: 0 rack: null)], epoch=0}}.
2025-07-31 20:45:21,466 INFO  [io.api.tes.ser.api.KafkaSerdesTester] (Thread-903) topic-a151136d_efa4_4bcd_abda_bf970643bcf5 0 0 {"key1": "value-0"}
2025-07-31 20:45:21,466 INFO  [io.api.tes.ser.api.KafkaSerdesTester] (Thread-903) topic-a151136d_efa4_4bcd_abda_bf970643bcf5 0 1 {"key1": "value-1"}
2025-07-31 20:45:21,466 INFO  [io.api.tes.ser.api.KafkaSerdesTester] (Thread-903) topic-a151136d_efa4_4bcd_abda_bf970643bcf5 0 2 {"key1": "value-2"}
2025-07-31 20:45:21,466 INFO  [io.api.tes.ser.api.KafkaSerdesTester] (Thread-903) topic-a151136d_efa4_4bcd_abda_bf970643bcf5 0 3 {"key1": "value-3"}
2025-07-31 20:45:21,466 INFO  [io.api.tes.ser.api.KafkaSerdesTester] (Thread-903) topic-a151136d_efa4_4bcd_abda_bf970643bcf5 0 4 {"key1": "value-4"}
2025-07-31 20:45:21,466 INFO  [io.api.tes.ser.api.KafkaSerdesTester] (Thread-903) topic-a151136d_efa4_4bcd_abda_bf970643bcf5 0 5 {"key1": "value-5"}
2025-07-31 20:45:21,466 INFO  [io.api.tes.ser.api.KafkaSerdesTester] (Thread-903) topic-a151136d_efa4_4bcd_abda_bf970643bcf5 0 6 {"key1": "value-6"}
2025-07-31 20:45:21,466 INFO  [io.api.tes.ser.api.KafkaSerdesTester] (Thread-903) topic-a151136d_efa4_4bcd_abda_bf970643bcf5 0 7 {"key1": "value-7"}
2025-07-31 20:45:21,466 INFO  [io.api.tes.ser.api.KafkaSerdesTester] (Thread-903) topic-a151136d_efa4_4bcd_abda_bf970643bcf5 0 8 {"key1": "value-8"}
2025-07-31 20:45:21,466 INFO  [io.api.tes.ser.api.KafkaSerdesTester] (Thread-903) topic-a151136d_efa4_4bcd_abda_bf970643bcf5 0 9 {"key1": "value-9"}
2025-07-31 20:45:21,466 INFO  [io.api.tes.ser.api.KafkaSerdesTester] (Thread-903) Consumed 10 messages
2025-07-31 20:45:21,469 INFO  [org.apa.kaf.cli.con.int.ConsumerRebalanceListenerInvoker] (Thread-903) [Consumer clientId=consumer-Consumer-topic-a151136d_efa4_4bcd_abda_bf970643bcf5-42, groupId=Consumer-topic-a151136d_efa4_4bcd_abda_bf970643bcf5] Revoke previously assigned partitions topic-a151136d_efa4_4bcd_abda_bf970643bcf5-0
2025-07-31 20:45:21,469 INFO  [org.apa.kaf.cli.con.int.ConsumerCoordinator] (Thread-903) [Consumer clientId=consumer-Consumer-topic-a151136d_efa4_4bcd_abda_bf970643bcf5-42, groupId=Consumer-topic-a151136d_efa4_4bcd_abda_bf970643bcf5] Member consumer-Consumer-topic-a151136d_efa4_4bcd_abda_bf970643bcf5-42-7efaa1eb-497d-49ae-9468-eff4ef22824c sending LeaveGroup request to coordinator localhost:32770 (id: 2147483647 rack: null) due to the consumer is being closed
2025-07-31 20:45:21,469 INFO  [org.apa.kaf.cli.con.int.ConsumerCoordinator] (Thread-903) [Consumer clientId=consumer-Consumer-topic-a151136d_efa4_4bcd_abda_bf970643bcf5-42, groupId=Consumer-topic-a151136d_efa4_4bcd_abda_bf970643bcf5] Resetting generation and member id due to: consumer pro-actively leaving the group
2025-07-31 20:45:21,469 INFO  [org.apa.kaf.cli.con.int.ConsumerCoordinator] (Thread-903) [Consumer clientId=consumer-Consumer-topic-a151136d_efa4_4bcd_abda_bf970643bcf5-42, groupId=Consumer-topic-a151136d_efa4_4bcd_abda_bf970643bcf5] Request joining group due to: consumer pro-actively leaving the group
2025-07-31 20:45:21,969 INFO  [org.apa.kaf.com.met.Metrics] (Thread-903) Metrics scheduler closed
2025-07-31 20:45:21,969 INFO  [org.apa.kaf.com.met.Metrics] (Thread-903) Closing reporter org.apache.kafka.common.metrics.JmxReporter
2025-07-31 20:45:21,969 INFO  [org.apa.kaf.com.met.Metrics] (Thread-903) Closing reporter org.apache.kafka.common.telemetry.internals.ClientTelemetryReporter
2025-07-31 20:45:21,969 INFO  [org.apa.kaf.com.met.Metrics] (Thread-903) Metrics reporters closed
2025-07-31 20:45:21,971 INFO  [org.apa.kaf.com.uti.AppInfoParser] (Thread-903) App info kafka.consumer for consumer-Consumer-topic-a151136d_efa4_4bcd_abda_bf970643bcf5-42 unregistered
2025-07-31 20:45:22,130 INFO  [io.api.tes.ser.con.BasicConfluentSerDesIT] (main) Deleting confluent schema topic-a151136d_efa4_4bcd_abda_bf970643bcf5-value
2025-07-31 20:45:22,282 INFO  [io.api.tes.uti.TestSeparator] (main) io.apicurio.tests.serdes.confluent.BasicConfluentSerDesIT.testAvroApicurioConfluent-FINISHED
2025-07-31 20:45:22,282 INFO  [io.api.tes.uti.TestSeparator] (main) ############################################################################
Test passed: testAvroApicurioConfluent
]]></system-out>
  </testcase>
  <testcase name="testAvroConfluentSerDesFail" classname="io.apicurio.tests.serdes.confluent.BasicConfluentSerDesIT" time="0.606">
    <system-out><![CDATA[2025-07-31 20:45:22,283 INFO  [io.api.tes.uti.TestSeparator] (main) ############################################################################
2025-07-31 20:45:22,283 INFO  [io.api.tes.uti.TestSeparator] (main) io.apicurio.tests.serdes.confluent.BasicConfluentSerDesIT.testAvroConfluentSerDesFail-STARTED
2025-07-31 20:45:22,470 INFO  [io.api.tes.ser.con.BasicConfluentSerDesIT] (main) Checking that created schema is equal to the get schema
2025-07-31 20:45:22,555 INFO  [io.api.tes.ser.con.BasicConfluentSerDesIT] (main) Created schema with id:116 and name:myrecordconfluent2
**** Registry Base URL: http://registry-app-mysql.apps.ci419.apicurio-testing.org:80
2025-07-31 20:45:22,556 INFO  [org.apa.kaf.cli.pro.ProducerConfig] (main) ProducerConfig values: 
	acks = -1
	auto.include.jmx.reporter = true
	batch.size = 16384
	bootstrap.servers = [PLAINTEXT://localhost:32770]
	buffer.memory = 33554432
	client.dns.lookup = use_all_dns_ips
	client.id = Producer-topic-59f4905c_8f50_4764_8c79_8e5983026122
	compression.gzip.level = -1
	compression.lz4.level = 9
	compression.type = none
	compression.zstd.level = 3
	connections.max.idle.ms = 10000
	delivery.timeout.ms = 120000
	enable.idempotence = true
	enable.metrics.push = true
	interceptor.classes = []
	key.serializer = class org.apache.kafka.common.serialization.StringSerializer
	linger.ms = 0
	max.block.ms = 60000
	max.in.flight.requests.per.connection = 5
	max.request.size = 1048576
	metadata.max.age.ms = 300000
	metadata.max.idle.ms = 300000
	metadata.recovery.strategy = none
	metric.reporters = []
	metrics.num.samples = 2
	metrics.recording.level = INFO
	metrics.sample.window.ms = 30000
	partitioner.adaptive.partitioning.enable = true
	partitioner.availability.timeout.ms = 0
	partitioner.class = null
	partitioner.ignore.keys = false
	receive.buffer.bytes = 32768
	reconnect.backoff.max.ms = 1000
	reconnect.backoff.ms = 50
	request.timeout.ms = 5000
	retries = 2147483647
	retry.backoff.max.ms = 1000
	retry.backoff.ms = 100
	sasl.client.callback.handler.class = null
	sasl.jaas.config = null
	sasl.kerberos.kinit.cmd = /usr/bin/kinit
	sasl.kerberos.min.time.before.relogin = 60000
	sasl.kerberos.service.name = null
	sasl.kerberos.ticket.renew.jitter = 0.05
	sasl.kerberos.ticket.renew.window.factor = 0.8
	sasl.login.callback.handler.class = null
	sasl.login.class = null
	sasl.login.connect.timeout.ms = null
	sasl.login.read.timeout.ms = null
	sasl.login.refresh.buffer.seconds = 300
	sasl.login.refresh.min.period.seconds = 60
	sasl.login.refresh.window.factor = 0.8
	sasl.login.refresh.window.jitter = 0.05
	sasl.login.retry.backoff.max.ms = 10000
	sasl.login.retry.backoff.ms = 100
	sasl.mechanism = GSSAPI
	sasl.oauthbearer.clock.skew.seconds = 30
	sasl.oauthbearer.expected.audience = null
	sasl.oauthbearer.expected.issuer = null
	sasl.oauthbearer.header.urlencode = false
	sasl.oauthbearer.jwks.endpoint.refresh.ms = 3600000
	sasl.oauthbearer.jwks.endpoint.retry.backoff.max.ms = 10000
	sasl.oauthbearer.jwks.endpoint.retry.backoff.ms = 100
	sasl.oauthbearer.jwks.endpoint.url = null
	sasl.oauthbearer.scope.claim.name = scope
	sasl.oauthbearer.sub.claim.name = sub
	sasl.oauthbearer.token.endpoint.url = null
	security.protocol = PLAINTEXT
	security.providers = null
	send.buffer.bytes = 131072
	socket.connection.setup.timeout.max.ms = 30000
	socket.connection.setup.timeout.ms = 10000
	ssl.cipher.suites = null
	ssl.enabled.protocols = [TLSv1.2, TLSv1.3]
	ssl.endpoint.identification.algorithm = https
	ssl.engine.factory.class = null
	ssl.key.password = null
	ssl.keymanager.algorithm = SunX509
	ssl.keystore.certificate.chain = null
	ssl.keystore.key = null
	ssl.keystore.location = null
	ssl.keystore.password = null
	ssl.keystore.type = JKS
	ssl.protocol = TLSv1.3
	ssl.provider = null
	ssl.secure.random.implementation = null
	ssl.trustmanager.algorithm = PKIX
	ssl.truststore.certificates = null
	ssl.truststore.location = null
	ssl.truststore.password = null
	ssl.truststore.type = JKS
	transaction.timeout.ms = 60000
	transactional.id = null
	value.serializer = class io.confluent.kafka.serializers.KafkaAvroSerializer

2025-07-31 20:45:22,556 INFO  [org.apa.kaf.com.tel.int.KafkaMetricsCollector] (main) initializing Kafka metrics collector
2025-07-31 20:45:22,556 INFO  [io.con.kaf.ser.KafkaAvroSerializerConfig] (main) KafkaAvroSerializerConfig values: 
	auto.register.schemas = false
	avro.reflection.allow.null = false
	avro.remove.java.properties = false
	avro.use.logical.type.converters = false
	basic.auth.credentials.source = URL
	basic.auth.user.info = [hidden]
	bearer.auth.cache.expiry.buffer.seconds = 300
	bearer.auth.client.id = null
	bearer.auth.client.secret = null
	bearer.auth.credentials.source = STATIC_TOKEN
	bearer.auth.custom.provider.class = null
	bearer.auth.identity.pool.id = null
	bearer.auth.issuer.endpoint.url = null
	bearer.auth.logical.cluster = null
	bearer.auth.scope = null
	bearer.auth.scope.claim.name = scope
	bearer.auth.sub.claim.name = sub
	bearer.auth.token = [hidden]
	context.name.strategy = class io.confluent.kafka.serializers.context.NullContextNameStrategy
	http.connect.timeout.ms = 60000
	http.read.timeout.ms = 60000
	id.compatibility.strict = true
	key.schema.id.deserializer = class io.confluent.kafka.serializers.schema.id.DualSchemaIdDeserializer
	key.schema.id.serializer = class io.confluent.kafka.serializers.schema.id.PrefixSchemaIdSerializer
	key.subject.name.strategy = class io.confluent.kafka.serializers.subject.TopicNameStrategy
	latest.cache.size = 1000
	latest.cache.ttl.sec = -1
	latest.compatibility.strict = true
	max.retries = 3
	max.schemas.per.subject = 1000
	normalize.schemas = false
	propagate.schema.tags = false
	proxy.host = 
	proxy.port = -1
	retries.max.wait.ms = 20000
	retries.wait.ms = 1000
	rule.actions = []
	rule.executors = []
	rule.service.loader.enable = true
	schema.format = null
	schema.reflection = false
	schema.registry.basic.auth.user.info = [hidden]
	schema.registry.ssl.cipher.suites = null
	schema.registry.ssl.enabled.protocols = [TLSv1.2, TLSv1.3]
	schema.registry.ssl.endpoint.identification.algorithm = https
	schema.registry.ssl.engine.factory.class = null
	schema.registry.ssl.key.password = null
	schema.registry.ssl.keymanager.algorithm = SunX509
	schema.registry.ssl.keystore.certificate.chain = null
	schema.registry.ssl.keystore.key = null
	schema.registry.ssl.keystore.location = null
	schema.registry.ssl.keystore.password = null
	schema.registry.ssl.keystore.type = JKS
	schema.registry.ssl.protocol = TLSv1.3
	schema.registry.ssl.provider = null
	schema.registry.ssl.secure.random.implementation = null
	schema.registry.ssl.trustmanager.algorithm = PKIX
	schema.registry.ssl.truststore.certificates = null
	schema.registry.ssl.truststore.location = null
	schema.registry.ssl.truststore.password = null
	schema.registry.ssl.truststore.type = JKS
	schema.registry.url = [http://registry-app-mysql.apps.ci419.apicurio-testing.org:80/apis/ccompat/v7]
	schema.registry.url.randomize = false
	use.latest.version = false
	use.latest.with.metadata = null
	use.schema.id = -1
	value.schema.id.deserializer = class io.confluent.kafka.serializers.schema.id.DualSchemaIdDeserializer
	value.schema.id.serializer = class io.confluent.kafka.serializers.schema.id.PrefixSchemaIdSerializer
	value.subject.name.strategy = class io.confluent.kafka.serializers.subject.RecordNameStrategy

2025-07-31 20:45:22,558 INFO  [org.apa.kaf.cli.pro.KafkaProducer] (main) [Producer clientId=Producer-topic-59f4905c_8f50_4764_8c79_8e5983026122] Instantiated an idempotent producer.
2025-07-31 20:45:22,559 INFO  [org.apa.kaf.cli.pro.ProducerConfig] (main) These configurations '[schema.registry.url, auto.register.schemas, value.subject.name.strategy]' were supplied but are not used yet.
2025-07-31 20:45:22,559 INFO  [org.apa.kaf.com.uti.AppInfoParser] (main) Kafka version: 3.9.1
2025-07-31 20:45:22,559 INFO  [org.apa.kaf.com.uti.AppInfoParser] (main) Kafka commitId: f745dfdcee2b9851
2025-07-31 20:45:22,559 INFO  [org.apa.kaf.com.uti.AppInfoParser] (main) Kafka startTimeMs: 1753994722559
2025-07-31 20:45:22,560 INFO  [io.api.tes.ser.api.KafkaSerdesTester] (Thread-904) Sending message {"wrongkey": "value-0"} to topic topic-59f4905c_8f50_4764_8c79_8e5983026122
2025-07-31 20:45:22,563 INFO  [org.apa.kaf.cli.Metadata] (kafka-producer-network-thread | Producer-topic-59f4905c_8f50_4764_8c79_8e5983026122) [Producer clientId=Producer-topic-59f4905c_8f50_4764_8c79_8e5983026122] Cluster ID: 6lKjf0w6TFCctmqQa8E77g
2025-07-31 20:45:22,563 INFO  [org.apa.kaf.cli.pro.int.TransactionManager] (kafka-producer-network-thread | Producer-topic-59f4905c_8f50_4764_8c79_8e5983026122) [Producer clientId=Producer-topic-59f4905c_8f50_4764_8c79_8e5983026122] ProducerId set to 57 with epoch 0
2025-07-31 20:45:22,645 INFO  [org.apa.kaf.cli.pro.KafkaProducer] (Thread-904) [Producer clientId=Producer-topic-59f4905c_8f50_4764_8c79_8e5983026122] Closing the Kafka producer with timeoutMillis = 9223372036854775807 ms.
2025-07-31 20:45:22,646 INFO  [org.apa.kaf.com.met.Metrics] (Thread-904) Metrics scheduler closed
2025-07-31 20:45:22,646 INFO  [org.apa.kaf.com.met.Metrics] (Thread-904) Closing reporter org.apache.kafka.common.metrics.JmxReporter
2025-07-31 20:45:22,647 INFO  [org.apa.kaf.com.met.Metrics] (Thread-904) Closing reporter org.apache.kafka.common.telemetry.internals.ClientTelemetryReporter
2025-07-31 20:45:22,647 INFO  [org.apa.kaf.com.met.Metrics] (Thread-904) Metrics reporters closed
2025-07-31 20:45:22,647 INFO  [org.apa.kaf.com.uti.AppInfoParser] (Thread-904) App info kafka.producer for Producer-topic-59f4905c_8f50_4764_8c79_8e5983026122 unregistered
2025-07-31 20:45:22,807 INFO  [io.api.tes.ser.con.BasicConfluentSerDesIT] (main) Deleting confluent schema myrecordconfluent2
2025-07-31 20:45:22,887 INFO  [io.api.tes.uti.TestSeparator] (main) io.apicurio.tests.serdes.confluent.BasicConfluentSerDesIT.testAvroConfluentSerDesFail-FINISHED
2025-07-31 20:45:22,887 INFO  [io.api.tes.uti.TestSeparator] (main) ############################################################################
Test passed: testAvroConfluentSerDesFail
]]></system-out>
  </testcase>
  <testcase name="testAvroConfluentSerDesWrongStrategyRecord" classname="io.apicurio.tests.serdes.confluent.BasicConfluentSerDesIT" time="0.609">
    <system-out><![CDATA[2025-07-31 20:45:22,888 INFO  [io.api.tes.uti.TestSeparator] (main) ############################################################################
2025-07-31 20:45:22,888 INFO  [io.api.tes.uti.TestSeparator] (main) io.apicurio.tests.serdes.confluent.BasicConfluentSerDesIT.testAvroConfluentSerDesWrongStrategyRecord-STARTED
2025-07-31 20:45:23,075 INFO  [io.api.tes.ser.con.BasicConfluentSerDesIT] (main) Checking that created schema is equal to the get schema
2025-07-31 20:45:23,160 INFO  [io.api.tes.ser.con.BasicConfluentSerDesIT] (main) Created schema with id:117 and name:myrecordconfluent4
**** Registry Base URL: http://registry-app-mysql.apps.ci419.apicurio-testing.org:80
2025-07-31 20:45:23,161 INFO  [org.apa.kaf.cli.pro.ProducerConfig] (main) ProducerConfig values: 
	acks = -1
	auto.include.jmx.reporter = true
	batch.size = 16384
	bootstrap.servers = [PLAINTEXT://localhost:32770]
	buffer.memory = 33554432
	client.dns.lookup = use_all_dns_ips
	client.id = Producer-topic-f76e4ff8_2e22_435d_89f9_2fa5aacac254
	compression.gzip.level = -1
	compression.lz4.level = 9
	compression.type = none
	compression.zstd.level = 3
	connections.max.idle.ms = 10000
	delivery.timeout.ms = 120000
	enable.idempotence = true
	enable.metrics.push = true
	interceptor.classes = []
	key.serializer = class org.apache.kafka.common.serialization.StringSerializer
	linger.ms = 0
	max.block.ms = 60000
	max.in.flight.requests.per.connection = 5
	max.request.size = 1048576
	metadata.max.age.ms = 300000
	metadata.max.idle.ms = 300000
	metadata.recovery.strategy = none
	metric.reporters = []
	metrics.num.samples = 2
	metrics.recording.level = INFO
	metrics.sample.window.ms = 30000
	partitioner.adaptive.partitioning.enable = true
	partitioner.availability.timeout.ms = 0
	partitioner.class = null
	partitioner.ignore.keys = false
	receive.buffer.bytes = 32768
	reconnect.backoff.max.ms = 1000
	reconnect.backoff.ms = 50
	request.timeout.ms = 5000
	retries = 2147483647
	retry.backoff.max.ms = 1000
	retry.backoff.ms = 100
	sasl.client.callback.handler.class = null
	sasl.jaas.config = null
	sasl.kerberos.kinit.cmd = /usr/bin/kinit
	sasl.kerberos.min.time.before.relogin = 60000
	sasl.kerberos.service.name = null
	sasl.kerberos.ticket.renew.jitter = 0.05
	sasl.kerberos.ticket.renew.window.factor = 0.8
	sasl.login.callback.handler.class = null
	sasl.login.class = null
	sasl.login.connect.timeout.ms = null
	sasl.login.read.timeout.ms = null
	sasl.login.refresh.buffer.seconds = 300
	sasl.login.refresh.min.period.seconds = 60
	sasl.login.refresh.window.factor = 0.8
	sasl.login.refresh.window.jitter = 0.05
	sasl.login.retry.backoff.max.ms = 10000
	sasl.login.retry.backoff.ms = 100
	sasl.mechanism = GSSAPI
	sasl.oauthbearer.clock.skew.seconds = 30
	sasl.oauthbearer.expected.audience = null
	sasl.oauthbearer.expected.issuer = null
	sasl.oauthbearer.header.urlencode = false
	sasl.oauthbearer.jwks.endpoint.refresh.ms = 3600000
	sasl.oauthbearer.jwks.endpoint.retry.backoff.max.ms = 10000
	sasl.oauthbearer.jwks.endpoint.retry.backoff.ms = 100
	sasl.oauthbearer.jwks.endpoint.url = null
	sasl.oauthbearer.scope.claim.name = scope
	sasl.oauthbearer.sub.claim.name = sub
	sasl.oauthbearer.token.endpoint.url = null
	security.protocol = PLAINTEXT
	security.providers = null
	send.buffer.bytes = 131072
	socket.connection.setup.timeout.max.ms = 30000
	socket.connection.setup.timeout.ms = 10000
	ssl.cipher.suites = null
	ssl.enabled.protocols = [TLSv1.2, TLSv1.3]
	ssl.endpoint.identification.algorithm = https
	ssl.engine.factory.class = null
	ssl.key.password = null
	ssl.keymanager.algorithm = SunX509
	ssl.keystore.certificate.chain = null
	ssl.keystore.key = null
	ssl.keystore.location = null
	ssl.keystore.password = null
	ssl.keystore.type = JKS
	ssl.protocol = TLSv1.3
	ssl.provider = null
	ssl.secure.random.implementation = null
	ssl.trustmanager.algorithm = PKIX
	ssl.truststore.certificates = null
	ssl.truststore.location = null
	ssl.truststore.password = null
	ssl.truststore.type = JKS
	transaction.timeout.ms = 60000
	transactional.id = null
	value.serializer = class io.confluent.kafka.serializers.KafkaAvroSerializer

2025-07-31 20:45:23,161 INFO  [org.apa.kaf.com.tel.int.KafkaMetricsCollector] (main) initializing Kafka metrics collector
2025-07-31 20:45:23,161 INFO  [io.con.kaf.ser.KafkaAvroSerializerConfig] (main) KafkaAvroSerializerConfig values: 
	auto.register.schemas = false
	avro.reflection.allow.null = false
	avro.remove.java.properties = false
	avro.use.logical.type.converters = false
	basic.auth.credentials.source = URL
	basic.auth.user.info = [hidden]
	bearer.auth.cache.expiry.buffer.seconds = 300
	bearer.auth.client.id = null
	bearer.auth.client.secret = null
	bearer.auth.credentials.source = STATIC_TOKEN
	bearer.auth.custom.provider.class = null
	bearer.auth.identity.pool.id = null
	bearer.auth.issuer.endpoint.url = null
	bearer.auth.logical.cluster = null
	bearer.auth.scope = null
	bearer.auth.scope.claim.name = scope
	bearer.auth.sub.claim.name = sub
	bearer.auth.token = [hidden]
	context.name.strategy = class io.confluent.kafka.serializers.context.NullContextNameStrategy
	http.connect.timeout.ms = 60000
	http.read.timeout.ms = 60000
	id.compatibility.strict = true
	key.schema.id.deserializer = class io.confluent.kafka.serializers.schema.id.DualSchemaIdDeserializer
	key.schema.id.serializer = class io.confluent.kafka.serializers.schema.id.PrefixSchemaIdSerializer
	key.subject.name.strategy = class io.confluent.kafka.serializers.subject.TopicNameStrategy
	latest.cache.size = 1000
	latest.cache.ttl.sec = -1
	latest.compatibility.strict = true
	max.retries = 3
	max.schemas.per.subject = 1000
	normalize.schemas = false
	propagate.schema.tags = false
	proxy.host = 
	proxy.port = -1
	retries.max.wait.ms = 20000
	retries.wait.ms = 1000
	rule.actions = []
	rule.executors = []
	rule.service.loader.enable = true
	schema.format = null
	schema.reflection = false
	schema.registry.basic.auth.user.info = [hidden]
	schema.registry.ssl.cipher.suites = null
	schema.registry.ssl.enabled.protocols = [TLSv1.2, TLSv1.3]
	schema.registry.ssl.endpoint.identification.algorithm = https
	schema.registry.ssl.engine.factory.class = null
	schema.registry.ssl.key.password = null
	schema.registry.ssl.keymanager.algorithm = SunX509
	schema.registry.ssl.keystore.certificate.chain = null
	schema.registry.ssl.keystore.key = null
	schema.registry.ssl.keystore.location = null
	schema.registry.ssl.keystore.password = null
	schema.registry.ssl.keystore.type = JKS
	schema.registry.ssl.protocol = TLSv1.3
	schema.registry.ssl.provider = null
	schema.registry.ssl.secure.random.implementation = null
	schema.registry.ssl.trustmanager.algorithm = PKIX
	schema.registry.ssl.truststore.certificates = null
	schema.registry.ssl.truststore.location = null
	schema.registry.ssl.truststore.password = null
	schema.registry.ssl.truststore.type = JKS
	schema.registry.url = [http://registry-app-mysql.apps.ci419.apicurio-testing.org:80/apis/ccompat/v7]
	schema.registry.url.randomize = false
	use.latest.version = false
	use.latest.with.metadata = null
	use.schema.id = -1
	value.schema.id.deserializer = class io.confluent.kafka.serializers.schema.id.DualSchemaIdDeserializer
	value.schema.id.serializer = class io.confluent.kafka.serializers.schema.id.PrefixSchemaIdSerializer
	value.subject.name.strategy = class io.confluent.kafka.serializers.subject.RecordNameStrategy

2025-07-31 20:45:23,163 INFO  [org.apa.kaf.cli.pro.KafkaProducer] (main) [Producer clientId=Producer-topic-f76e4ff8_2e22_435d_89f9_2fa5aacac254] Instantiated an idempotent producer.
2025-07-31 20:45:23,165 INFO  [org.apa.kaf.cli.pro.ProducerConfig] (main) These configurations '[schema.registry.url, auto.register.schemas, value.subject.name.strategy]' were supplied but are not used yet.
2025-07-31 20:45:23,165 INFO  [org.apa.kaf.com.uti.AppInfoParser] (main) Kafka version: 3.9.1
2025-07-31 20:45:23,165 INFO  [org.apa.kaf.com.uti.AppInfoParser] (main) Kafka commitId: f745dfdcee2b9851
2025-07-31 20:45:23,165 INFO  [org.apa.kaf.com.uti.AppInfoParser] (main) Kafka startTimeMs: 1753994723165
2025-07-31 20:45:23,165 INFO  [io.api.tes.ser.api.KafkaSerdesTester] (Thread-905) Sending message {"wrongkey": "value-0"} to topic topic-f76e4ff8_2e22_435d_89f9_2fa5aacac254
2025-07-31 20:45:23,168 INFO  [org.apa.kaf.cli.Metadata] (kafka-producer-network-thread | Producer-topic-f76e4ff8_2e22_435d_89f9_2fa5aacac254) [Producer clientId=Producer-topic-f76e4ff8_2e22_435d_89f9_2fa5aacac254] Cluster ID: 6lKjf0w6TFCctmqQa8E77g
2025-07-31 20:45:23,168 INFO  [org.apa.kaf.cli.pro.int.TransactionManager] (kafka-producer-network-thread | Producer-topic-f76e4ff8_2e22_435d_89f9_2fa5aacac254) [Producer clientId=Producer-topic-f76e4ff8_2e22_435d_89f9_2fa5aacac254] ProducerId set to 58 with epoch 0
2025-07-31 20:45:23,248 INFO  [org.apa.kaf.cli.pro.KafkaProducer] (Thread-905) [Producer clientId=Producer-topic-f76e4ff8_2e22_435d_89f9_2fa5aacac254] Closing the Kafka producer with timeoutMillis = 9223372036854775807 ms.
2025-07-31 20:45:23,249 INFO  [org.apa.kaf.com.met.Metrics] (Thread-905) Metrics scheduler closed
2025-07-31 20:45:23,249 INFO  [org.apa.kaf.com.met.Metrics] (Thread-905) Closing reporter org.apache.kafka.common.metrics.JmxReporter
2025-07-31 20:45:23,249 INFO  [org.apa.kaf.com.met.Metrics] (Thread-905) Closing reporter org.apache.kafka.common.telemetry.internals.ClientTelemetryReporter
2025-07-31 20:45:23,249 INFO  [org.apa.kaf.com.met.Metrics] (Thread-905) Metrics reporters closed
2025-07-31 20:45:23,250 INFO  [org.apa.kaf.com.uti.AppInfoParser] (Thread-905) App info kafka.producer for Producer-topic-f76e4ff8_2e22_435d_89f9_2fa5aacac254 unregistered
2025-07-31 20:45:23,410 INFO  [io.api.tes.ser.con.BasicConfluentSerDesIT] (main) Deleting confluent schema topic-f76e4ff8_2e22_435d_89f9_2fa5aacac254-value
2025-07-31 20:45:23,496 INFO  [io.api.tes.uti.TestSeparator] (main) io.apicurio.tests.serdes.confluent.BasicConfluentSerDesIT.testAvroConfluentSerDesWrongStrategyRecord-FINISHED
2025-07-31 20:45:23,496 INFO  [io.api.tes.uti.TestSeparator] (main) ############################################################################
Test passed: testAvroConfluentSerDesWrongStrategyRecord
]]></system-out>
  </testcase>
</testsuite>