<?xml version="1.0" encoding="UTF-8"?>
<testsuite xmlns:xsi="http://www.w3.org/2001/XMLSchema-instance" xsi:noNamespaceSchemaLocation="https://maven.apache.org/surefire/maven-failsafe-plugin/xsd/failsafe-test-report.xsd" version="3.0.2" name="io.apicurio.tests.serdes.apicurio.ProtobufSerdeIT" time="35.327" tests="17" errors="0" skipped="0" failures="0">
  <properties>
    <property name="java.specification.version" value="17"/>
    <property name="sun.jnu.encoding" value="UTF-8"/>
    <property name="java.class.path" value="/home/runner/work/apicurio-testing/apicurio-testing/clusters/ci419/namespaces/mysql/tests/integration/apicurio-registry/integration-tests/target/test-classes:/home/runner/work/apicurio-testing/apicurio-testing/clusters/ci419/namespaces/mysql/tests/integration/apicurio-registry/integration-tests/target/apicurio-registry-integration-tests-3.0.11-SNAPSHOT.jar:/home/runner/.m2/repository/io/quarkus/quarkus-junit5/3.20.1/quarkus-junit5-3.20.1.jar:/home/runner/.m2/repository/io/quarkus/quarkus-bootstrap-core/3.20.1/quarkus-bootstrap-core-3.20.1.jar:/home/runner/.m2/repository/io/quarkus/quarkus-classloader-commons/3.20.1/quarkus-classloader-commons-3.20.1.jar:/home/runner/.m2/repository/io/quarkus/quarkus-bootstrap-app-model/3.20.1/quarkus-bootstrap-app-model-3.20.1.jar:/home/runner/.m2/repository/io/smallrye/common/smallrye-common-io/2.12.0/smallrye-common-io-2.12.0.jar:/home/runner/.m2/repository/org/eclipse/sisu/org.eclipse.sisu.inject/0.9.0.M3/org.eclipse.sisu.inject-0.9.0.M3.jar:/home/runner/.m2/repository/io/quarkus/quarkus-test-common/3.20.1/quarkus-test-common-3.20.1.jar:/home/runner/.m2/repository/io/quarkus/quarkus-core-deployment/3.20.1/quarkus-core-deployment-3.20.1.jar:/home/runner/.m2/repository/org/aesh/readline/2.6/readline-2.6.jar:/home/runner/.m2/repository/org/fusesource/jansi/jansi/2.4.0/jansi-2.4.0.jar:/home/runner/.m2/repository/org/aesh/aesh/2.8.2/aesh-2.8.2.jar:/home/runner/.m2/repository/io/quarkus/gizmo/gizmo/1.8.0/gizmo-1.8.0.jar:/home/runner/.m2/repository/org/ow2/asm/asm-util/9.7.1/asm-util-9.7.1.jar:/home/runner/.m2/repository/org/ow2/asm/asm-analysis/9.7.1/asm-analysis-9.7.1.jar:/home/runner/.m2/repository/org/ow2/asm/asm-commons/9.7.1/asm-commons-9.7.1.jar:/home/runner/.m2/repository/org/ow2/asm/asm-tree/9.7.1/asm-tree-9.7.1.jar:/home/runner/.m2/repository/io/quarkus/quarkus-hibernate-validator-spi/3.20.1/quarkus-hibernate-validator-spi-3.20.1.jar:/home/runner/.m2/repository/io/quarkus/quarkus-class-change-agent/3.20.1/quarkus-class-change-agent-3.20.1.jar:/home/runner/.m2/repository/io/quarkus/quarkus-devtools-utilities/3.20.1/quarkus-devtools-utilities-3.20.1.jar:/home/runner/.m2/repository/io/quarkus/quarkus-builder/3.20.1/quarkus-builder-3.20.1.jar:/home/runner/.m2/repository/org/graalvm/sdk/nativeimage/23.1.2/nativeimage-23.1.2.jar:/home/runner/.m2/repository/org/graalvm/sdk/word/23.1.2/word-23.1.2.jar:/home/runner/.m2/repository/io/quarkus/quarkus-bootstrap-maven-resolver/3.20.1/quarkus-bootstrap-maven-resolver-3.20.1.jar:/home/runner/.m2/repository/io/smallrye/beanbag/smallrye-beanbag-maven/1.5.2/smallrye-beanbag-maven-1.5.2.jar:/home/runner/.m2/repository/io/smallrye/beanbag/smallrye-beanbag-sisu/1.5.2/smallrye-beanbag-sisu-1.5.2.jar:/home/runner/.m2/repository/io/smallrye/beanbag/smallrye-beanbag/1.5.2/smallrye-beanbag-1.5.2.jar:/home/runner/.m2/repository/javax/inject/javax.inject/1/javax.inject-1.jar:/home/runner/.m2/repository/org/apache/maven/maven-artifact/3.9.9/maven-artifact-3.9.9.jar:/home/runner/.m2/repository/org/apache/maven/maven-builder-support/3.9.9/maven-builder-support-3.9.9.jar:/home/runner/.m2/repository/org/apache/maven/maven-model/3.9.9/maven-model-3.9.9.jar:/home/runner/.m2/repository/org/apache/maven/maven-model-builder/3.9.9/maven-model-builder-3.9.9.jar:/home/runner/.m2/repository/org/apache/maven/maven-repository-metadata/3.9.9/maven-repository-metadata-3.9.9.jar:/home/runner/.m2/repository/org/apache/maven/maven-settings/3.9.9/maven-settings-3.9.9.jar:/home/runner/.m2/repository/org/apache/maven/resolver/maven-resolver-api/1.9.22/maven-resolver-api-1.9.22.jar:/home/runner/.m2/repository/org/apache/maven/resolver/maven-resolver-impl/1.9.22/maven-resolver-impl-1.9.22.jar:/home/runner/.m2/repository/org/apache/maven/resolver/maven-resolver-named-locks/1.9.22/maven-resolver-named-locks-1.9.22.jar:/home/runner/.m2/repository/org/apache/maven/resolver/maven-resolver-spi/1.9.22/maven-resolver-spi-1.9.22.jar:/home/runner/.m2/repository/org/apache/maven/resolver/maven-resolver-util/1.9.22/maven-resolver-util-1.9.22.jar:/home/runner/.m2/repository/org/apache/maven/resolver/maven-resolver-transport-http/1.9.20/maven-resolver-transport-http-1.9.20.jar:/home/runner/.m2/repository/org/apache/maven/wagon/wagon-provider-api/3.5.3/wagon-provider-api-3.5.3.jar:/home/runner/.m2/repository/org/apache/maven/wagon/wagon-http-shared/3.5.3/wagon-http-shared-3.5.3.jar:/home/runner/.m2/repository/org/codehaus/plexus/plexus-interpolation/1.26/plexus-interpolation-1.26.jar:/home/runner/.m2/repository/org/codehaus/plexus/plexus-utils/3.5.1/plexus-utils-3.5.1.jar:/home/runner/.m2/repository/org/codehaus/plexus/plexus-xml/4.0.1/plexus-xml-4.0.1.jar:/home/runner/.m2/repository/org/apache/maven/maven-xml-impl/4.0.0-alpha-5/maven-xml-impl-4.0.0-alpha-5.jar:/home/runner/.m2/repository/org/apache/maven/maven-api-xml/4.0.0-alpha-5/maven-api-xml-4.0.0-alpha-5.jar:/home/runner/.m2/repository/org/apache/maven/maven-api-meta/4.0.0-alpha-5/maven-api-meta-4.0.0-alpha-5.jar:/home/runner/.m2/repository/org/codehaus/plexus/plexus-cipher/2.0/plexus-cipher-2.0.jar:/home/runner/.m2/repository/org/codehaus/plexus/plexus-sec-dispatcher/2.0/plexus-sec-dispatcher-2.0.jar:/home/runner/.m2/repository/org/apache/maven/maven-embedder/3.9.9/maven-embedder-3.9.9.jar:/home/runner/.m2/repository/org/apache/maven/maven-core/3.9.9/maven-core-3.9.9.jar:/home/runner/.m2/repository/org/codehaus/plexus/plexus-component-annotations/2.1.0/plexus-component-annotations-2.1.0.jar:/home/runner/.m2/repository/org/apache/maven/maven-plugin-api/3.9.9/maven-plugin-api-3.9.9.jar:/home/runner/.m2/repository/org/apache/maven/shared/maven-shared-utils/3.4.2/maven-shared-utils-3.4.2.jar:/home/runner/.m2/repository/com/google/inject/guice/5.1.0/guice-5.1.0.jar:/home/runner/.m2/repository/aopalliance/aopalliance/1.0/aopalliance-1.0.jar:/home/runner/.m2/repository/org/codehaus/plexus/plexus-classworlds/2.6.0/plexus-classworlds-2.6.0.jar:/home/runner/.m2/repository/commons-cli/commons-cli/1.8.0/commons-cli-1.8.0.jar:/home/runner/.m2/repository/org/eclipse/sisu/org.eclipse.sisu.plexus/0.9.0.M3/org.eclipse.sisu.plexus-0.9.0.M3.jar:/home/runner/.m2/repository/org/apache/maven/maven-settings-builder/3.9.9/maven-settings-builder-3.9.9.jar:/home/runner/.m2/repository/org/apache/maven/maven-resolver-provider/3.9.9/maven-resolver-provider-3.9.9.jar:/home/runner/.m2/repository/org/apache/maven/resolver/maven-resolver-connector-basic/1.9.22/maven-resolver-connector-basic-1.9.22.jar:/home/runner/.m2/repository/org/apache/maven/resolver/maven-resolver-transport-wagon/1.9.22/maven-resolver-transport-wagon-1.9.22.jar:/home/runner/.m2/repository/org/apache/maven/wagon/wagon-http/3.5.3/wagon-http-3.5.3.jar:/home/runner/.m2/repository/org/apache/maven/wagon/wagon-file/3.5.3/wagon-file-3.5.3.jar:/home/runner/.m2/repository/io/quarkus/quarkus-bootstrap-gradle-resolver/3.20.1/quarkus-bootstrap-gradle-resolver-3.20.1.jar:/home/runner/.m2/repository/io/smallrye/jandex/3.3.0/jandex-3.3.0.jar:/home/runner/.m2/repository/org/jboss/logging/commons-logging-jboss-logging/1.0.0.Final/commons-logging-jboss-logging-1.0.0.Final.jar:/home/runner/.m2/repository/io/quarkus/quarkus-junit5-config/3.20.1/quarkus-junit5-config-3.20.1.jar:/home/runner/.m2/repository/org/junit/jupiter/junit-jupiter-api/5.12.1/junit-jupiter-api-5.12.1.jar:/home/runner/.m2/repository/io/smallrye/config/smallrye-config/3.11.4/smallrye-config-3.11.4.jar:/home/runner/.m2/repository/io/smallrye/config/smallrye-config-core/3.11.4/smallrye-config-core-3.11.4.jar:/home/runner/.m2/repository/io/smallrye/common/smallrye-common-classloader/2.12.0/smallrye-common-classloader-2.12.0.jar:/home/runner/.m2/repository/io/smallrye/config/smallrye-config-common/3.11.4/smallrye-config-common-3.11.4.jar:/home/runner/.m2/repository/org/junit/jupiter/junit-jupiter/5.12.1/junit-jupiter-5.12.1.jar:/home/runner/.m2/repository/org/junit/jupiter/junit-jupiter-params/5.12.1/junit-jupiter-params-5.12.1.jar:/home/runner/.m2/repository/org/junit/jupiter/junit-jupiter-engine/5.12.1/junit-jupiter-engine-5.12.1.jar:/home/runner/.m2/repository/io/quarkus/quarkus-core/3.20.1/quarkus-core-3.20.1.jar:/home/runner/.m2/repository/jakarta/enterprise/jakarta.enterprise.cdi-api/4.1.0/jakarta.enterprise.cdi-api-4.1.0.jar:/home/runner/.m2/repository/jakarta/enterprise/jakarta.enterprise.lang-model/4.1.0/jakarta.enterprise.lang-model-4.1.0.jar:/home/runner/.m2/repository/jakarta/el/jakarta.el-api/5.0.1/jakarta.el-api-5.0.1.jar:/home/runner/.m2/repository/jakarta/interceptor/jakarta.interceptor-api/2.2.0/jakarta.interceptor-api-2.2.0.jar:/home/runner/.m2/repository/jakarta/inject/jakarta.inject-api/2.0.1/jakarta.inject-api-2.0.1.jar:/home/runner/.m2/repository/io/smallrye/common/smallrye-common-os/2.12.0/smallrye-common-os-2.12.0.jar:/home/runner/.m2/repository/io/quarkus/quarkus-ide-launcher/3.20.1/quarkus-ide-launcher-3.20.1.jar:/home/runner/.m2/repository/io/quarkus/quarkus-development-mode-spi/3.20.1/quarkus-development-mode-spi-3.20.1.jar:/home/runner/.m2/repository/org/jboss/logging/jboss-logging/3.6.1.Final/jboss-logging-3.6.1.Final.jar:/home/runner/.m2/repository/org/jboss/logmanager/jboss-logmanager/3.1.2.Final/jboss-logmanager-3.1.2.Final.jar:/home/runner/.m2/repository/io/smallrye/common/smallrye-common-constraint/2.12.0/smallrye-common-constraint-2.12.0.jar:/home/runner/.m2/repository/io/smallrye/common/smallrye-common-cpu/2.12.0/smallrye-common-cpu-2.12.0.jar:/home/runner/.m2/repository/io/smallrye/common/smallrye-common-expression/2.12.0/smallrye-common-expression-2.12.0.jar:/home/runner/.m2/repository/io/smallrye/common/smallrye-common-net/2.12.0/smallrye-common-net-2.12.0.jar:/home/runner/.m2/repository/io/smallrye/common/smallrye-common-ref/2.12.0/smallrye-common-ref-2.12.0.jar:/home/runner/.m2/repository/jakarta/json/jakarta.json-api/2.1.3/jakarta.json-api-2.1.3.jar:/home/runner/.m2/repository/org/eclipse/parsson/parsson/1.1.7/parsson-1.1.7.jar:/home/runner/.m2/repository/org/jboss/logging/jboss-logging-annotations/3.0.4.Final/jboss-logging-annotations-3.0.4.Final.jar:/home/runner/.m2/repository/org/jboss/threads/jboss-threads/3.8.0.Final/jboss-threads-3.8.0.Final.jar:/home/runner/.m2/repository/io/smallrye/common/smallrye-common-annotation/2.12.0/smallrye-common-annotation-2.12.0.jar:/home/runner/.m2/repository/io/smallrye/common/smallrye-common-function/2.12.0/smallrye-common-function-2.12.0.jar:/home/runner/.m2/repository/org/jboss/slf4j/slf4j-jboss-logmanager/2.0.0.Final/slf4j-jboss-logmanager-2.0.0.Final.jar:/home/runner/.m2/repository/org/wildfly/common/wildfly-common/2.0.1/wildfly-common-2.0.1.jar:/home/runner/.m2/repository/io/quarkus/quarkus-bootstrap-runner/3.20.1/quarkus-bootstrap-runner-3.20.1.jar:/home/runner/.m2/repository/io/github/crac/org-crac/0.1.3/org-crac-0.1.3.jar:/home/runner/.m2/repository/io/quarkus/quarkus-fs-util/0.0.10/quarkus-fs-util-0.0.10.jar:/home/runner/.m2/repository/org/jboss/marshalling/jboss-marshalling/2.2.2.Final/jboss-marshalling-2.2.2.Final.jar:/home/runner/.m2/repository/io/fabric8/kubernetes-client/7.1.0/kubernetes-client-7.1.0.jar:/home/runner/.m2/repository/io/fabric8/kubernetes-client-api/7.1.0/kubernetes-client-api-7.1.0.jar:/home/runner/.m2/repository/io/fabric8/kubernetes-model-core/7.1.0/kubernetes-model-core-7.1.0.jar:/home/runner/.m2/repository/io/fabric8/kubernetes-model-common/7.1.0/kubernetes-model-common-7.1.0.jar:/home/runner/.m2/repository/javax/annotation/javax.annotation-api/1.3.2/javax.annotation-api-1.3.2.jar:/home/runner/.m2/repository/io/fabric8/kubernetes-model-gatewayapi/7.1.0/kubernetes-model-gatewayapi-7.1.0.jar:/home/runner/.m2/repository/io/fabric8/kubernetes-model-resource/7.1.0/kubernetes-model-resource-7.1.0.jar:/home/runner/.m2/repository/io/fabric8/kubernetes-model-rbac/7.1.0/kubernetes-model-rbac-7.1.0.jar:/home/runner/.m2/repository/io/fabric8/kubernetes-model-admissionregistration/7.1.0/kubernetes-model-admissionregistration-7.1.0.jar:/home/runner/.m2/repository/io/fabric8/kubernetes-model-apps/7.1.0/kubernetes-model-apps-7.1.0.jar:/home/runner/.m2/repository/io/fabric8/kubernetes-model-autoscaling/7.1.0/kubernetes-model-autoscaling-7.1.0.jar:/home/runner/.m2/repository/io/fabric8/kubernetes-model-apiextensions/7.1.0/kubernetes-model-apiextensions-7.1.0.jar:/home/runner/.m2/repository/io/fabric8/kubernetes-model-batch/7.1.0/kubernetes-model-batch-7.1.0.jar:/home/runner/.m2/repository/io/fabric8/kubernetes-model-certificates/7.1.0/kubernetes-model-certificates-7.1.0.jar:/home/runner/.m2/repository/io/fabric8/kubernetes-model-coordination/7.1.0/kubernetes-model-coordination-7.1.0.jar:/home/runner/.m2/repository/io/fabric8/kubernetes-model-discovery/7.1.0/kubernetes-model-discovery-7.1.0.jar:/home/runner/.m2/repository/io/fabric8/kubernetes-model-events/7.1.0/kubernetes-model-events-7.1.0.jar:/home/runner/.m2/repository/io/fabric8/kubernetes-model-extensions/7.1.0/kubernetes-model-extensions-7.1.0.jar:/home/runner/.m2/repository/io/fabric8/kubernetes-model-flowcontrol/7.1.0/kubernetes-model-flowcontrol-7.1.0.jar:/home/runner/.m2/repository/io/fabric8/kubernetes-model-networking/7.1.0/kubernetes-model-networking-7.1.0.jar:/home/runner/.m2/repository/io/fabric8/kubernetes-model-metrics/7.1.0/kubernetes-model-metrics-7.1.0.jar:/home/runner/.m2/repository/io/fabric8/kubernetes-model-policy/7.1.0/kubernetes-model-policy-7.1.0.jar:/home/runner/.m2/repository/io/fabric8/kubernetes-model-scheduling/7.1.0/kubernetes-model-scheduling-7.1.0.jar:/home/runner/.m2/repository/io/fabric8/kubernetes-model-storageclass/7.1.0/kubernetes-model-storageclass-7.1.0.jar:/home/runner/.m2/repository/io/fabric8/kubernetes-model-node/7.1.0/kubernetes-model-node-7.1.0.jar:/home/runner/.m2/repository/org/snakeyaml/snakeyaml-engine/2.9/snakeyaml-engine-2.9.jar:/home/runner/.m2/repository/com/fasterxml/jackson/dataformat/jackson-dataformat-yaml/2.15.2/jackson-dataformat-yaml-2.15.2.jar:/home/runner/.m2/repository/com/fasterxml/jackson/datatype/jackson-datatype-jsr310/2.18.2/jackson-datatype-jsr310-2.18.2.jar:/home/runner/.m2/repository/io/fabric8/zjsonpatch/7.1.0/zjsonpatch-7.1.0.jar:/home/runner/.m2/repository/io/fabric8/kubernetes-httpclient-vertx/7.1.0/kubernetes-httpclient-vertx-7.1.0.jar:/home/runner/.m2/repository/io/vertx/vertx-web-client/4.5.14/vertx-web-client-4.5.14.jar:/home/runner/.m2/repository/io/vertx/vertx-web-common/4.5.14/vertx-web-common-4.5.14.jar:/home/runner/.m2/repository/io/vertx/vertx-auth-common/4.5.14/vertx-auth-common-4.5.14.jar:/home/runner/.m2/repository/io/vertx/vertx-uri-template/4.5.14/vertx-uri-template-4.5.14.jar:/home/runner/.m2/repository/io/fabric8/openshift-client/7.1.0/openshift-client-7.1.0.jar:/home/runner/.m2/repository/io/fabric8/openshift-client-api/7.1.0/openshift-client-api-7.1.0.jar:/home/runner/.m2/repository/io/fabric8/openshift-model/7.1.0/openshift-model-7.1.0.jar:/home/runner/.m2/repository/io/fabric8/openshift-model-autoscaling/7.1.0/openshift-model-autoscaling-7.1.0.jar:/home/runner/.m2/repository/io/fabric8/openshift-model-operator/7.1.0/openshift-model-operator-7.1.0.jar:/home/runner/.m2/repository/io/fabric8/openshift-model-operatorhub/7.1.0/openshift-model-operatorhub-7.1.0.jar:/home/runner/.m2/repository/io/fabric8/openshift-model-machine/7.1.0/openshift-model-machine-7.1.0.jar:/home/runner/.m2/repository/io/fabric8/openshift-model-whereabouts/7.1.0/openshift-model-whereabouts-7.1.0.jar:/home/runner/.m2/repository/io/fabric8/openshift-model-monitoring/7.1.0/openshift-model-monitoring-7.1.0.jar:/home/runner/.m2/repository/io/fabric8/openshift-model-storageversionmigrator/7.1.0/openshift-model-storageversionmigrator-7.1.0.jar:/home/runner/.m2/repository/io/fabric8/openshift-model-tuned/7.1.0/openshift-model-tuned-7.1.0.jar:/home/runner/.m2/repository/io/fabric8/openshift-model-console/7.1.0/openshift-model-console-7.1.0.jar:/home/runner/.m2/repository/io/fabric8/openshift-model-config/7.1.0/openshift-model-config-7.1.0.jar:/home/runner/.m2/repository/io/fabric8/openshift-model-machineconfiguration/7.1.0/openshift-model-machineconfiguration-7.1.0.jar:/home/runner/.m2/repository/io/fabric8/openshift-model-miscellaneous/7.1.0/openshift-model-miscellaneous-7.1.0.jar:/home/runner/.m2/repository/io/fabric8/openshift-model-hive/7.1.0/openshift-model-hive-7.1.0.jar:/home/runner/.m2/repository/io/fabric8/openshift-model-installer/7.1.0/openshift-model-installer-7.1.0.jar:/home/runner/.m2/repository/org/junit/platform/junit-platform-launcher/1.12.1/junit-platform-launcher-1.12.1.jar:/home/runner/.m2/repository/org/junit/platform/junit-platform-engine/1.12.1/junit-platform-engine-1.12.1.jar:/home/runner/.m2/repository/org/opentest4j/opentest4j/1.3.0/opentest4j-1.3.0.jar:/home/runner/.m2/repository/org/junit/platform/junit-platform-commons/1.12.1/junit-platform-commons-1.12.1.jar:/home/runner/.m2/repository/org/apiguardian/apiguardian-api/1.1.2/apiguardian-api-1.1.2.jar:/home/runner/.m2/repository/jakarta/ws/rs/jakarta.ws.rs-api/3.1.0/jakarta.ws.rs-api-3.1.0.jar:/home/runner/work/apicurio-testing/apicurio-testing/clusters/ci419/namespaces/mysql/tests/integration/apicurio-registry/java-sdk/target/apicurio-registry-java-sdk-3.0.11-SNAPSHOT.jar:/home/runner/.m2/repository/com/microsoft/kiota/microsoft-kiota-abstractions/1.8.8/microsoft-kiota-abstractions-1.8.8.jar:/home/runner/.m2/repository/io/github/std-uritemplate/std-uritemplate/2.0.0/std-uritemplate-2.0.0.jar:/home/runner/.m2/repository/io/kiota/kiota-http-jdk/0.0.21/kiota-http-jdk-0.0.21.jar:/home/runner/.m2/repository/io/kiota/kiota-http-vertx/0.0.21/kiota-http-vertx-0.0.21.jar:/home/runner/.m2/repository/io/kiota/kiota-serialization-jackson/0.0.21/kiota-serialization-jackson-0.0.21.jar:/home/runner/.m2/repository/com/microsoft/kiota/microsoft-kiota-serialization-text/1.8.8/microsoft-kiota-serialization-text-1.8.8.jar:/home/runner/.m2/repository/com/microsoft/kiota/microsoft-kiota-serialization-form/1.8.8/microsoft-kiota-serialization-form-1.8.8.jar:/home/runner/.m2/repository/com/microsoft/kiota/microsoft-kiota-serialization-multipart/1.8.8/microsoft-kiota-serialization-multipart-1.8.8.jar:/home/runner/.m2/repository/jakarta/annotation/jakarta.annotation-api/3.0.0/jakarta.annotation-api-3.0.0.jar:/home/runner/.m2/repository/io/vertx/vertx-auth-oauth2/4.5.14/vertx-auth-oauth2-4.5.14.jar:/home/runner/work/apicurio-testing/apicurio-testing/clusters/ci419/namespaces/mysql/tests/integration/apicurio-registry/java-sdk-v2/target/apicurio-registry-v2-java-sdk-3.0.11-SNAPSHOT.jar:/home/runner/work/apicurio-testing/apicurio-testing/clusters/ci419/namespaces/mysql/tests/integration/apicurio-registry/utils/kafka/target/apicurio-registry-utils-kafka-3.0.11-SNAPSHOT-tests.jar:/home/runner/.m2/repository/org/eclipse/microprofile/config/microprofile-config-api/3.1/microprofile-config-api-3.1.jar:/home/runner/.m2/repository/org/apache/kafka/kafka-clients/3.9.1/kafka-clients-3.9.1.jar:/home/runner/.m2/repository/com/github/luben/zstd-jni/1.5.6-4/zstd-jni-1.5.6-4.jar:/home/runner/.m2/repository/org/lz4/lz4-java/1.8.0/lz4-java-1.8.0.jar:/home/runner/.m2/repository/org/xerial/snappy/snappy-java/1.1.10.5/snappy-java-1.1.10.5.jar:/home/runner/.m2/repository/org/slf4j/slf4j-api/2.0.6/slf4j-api-2.0.6.jar:/home/runner/work/apicurio-testing/apicurio-testing/clusters/ci419/namespaces/mysql/tests/integration/apicurio-registry/utils/tests/target/apicurio-registry-utils-tests-3.0.11-SNAPSHOT.jar:/home/runner/work/apicurio-testing/apicurio-testing/clusters/ci419/namespaces/mysql/tests/integration/apicurio-registry/common/target/apicurio-registry-common-3.0.11-SNAPSHOT.jar:/home/runner/.m2/repository/jakarta/validation/jakarta.validation-api/3.0.2/jakarta.validation-api-3.0.2.jar:/home/runner/.m2/repository/com/github/dasniko/testcontainers-keycloak/3.6.0/testcontainers-keycloak-3.6.0.jar:/home/runner/.m2/repository/org/testcontainers/testcontainers/1.20.6/testcontainers-1.20.6.jar:/home/runner/.m2/repository/org/rnorth/duct-tape/duct-tape/1.0.8/duct-tape-1.0.8.jar:/home/runner/.m2/repository/org/jetbrains/annotations/26.0.2/annotations-26.0.2.jar:/home/runner/.m2/repository/com/github/docker-java/docker-java-transport-zerodep/3.4.1/docker-java-transport-zerodep-3.4.1.jar:/home/runner/.m2/repository/com/github/docker-java/docker-java-transport/3.4.1/docker-java-transport-3.4.1.jar:/home/runner/.m2/repository/net/java/dev/jna/jna/5.8.0/jna-5.8.0.jar:/home/runner/.m2/repository/io/quarkus/quarkus-junit4-mock/3.20.1/quarkus-junit4-mock-3.20.1.jar:/home/runner/.m2/repository/org/jboss/shrinkwrap/shrinkwrap-api/2.0.0-beta-2/shrinkwrap-api-2.0.0-beta-2.jar:/home/runner/.m2/repository/org/jboss/shrinkwrap/shrinkwrap-impl-base/2.0.0-beta-2/shrinkwrap-impl-base-2.0.0-beta-2.jar:/home/runner/.m2/repository/org/jboss/shrinkwrap/shrinkwrap-spi/2.0.0-beta-2/shrinkwrap-spi-2.0.0-beta-2.jar:/home/runner/.m2/repository/org/keycloak/keycloak-admin-client/26.0.4/keycloak-admin-client-26.0.4.jar:/home/runner/.m2/repository/org/keycloak/keycloak-client-common-synced/26.0.4/keycloak-client-common-synced-26.0.4.jar:/home/runner/.m2/repository/jakarta/activation/jakarta.activation-api/2.1.3/jakarta.activation-api-2.1.3.jar:/home/runner/.m2/repository/org/eclipse/microprofile/openapi/microprofile-openapi-api/4.0.2/microprofile-openapi-api-4.0.2.jar:/home/runner/.m2/repository/org/jboss/resteasy/resteasy-client/6.2.12.Final/resteasy-client-6.2.12.Final.jar:/home/runner/.m2/repository/org/jboss/resteasy/resteasy-client-api/6.2.12.Final/resteasy-client-api-6.2.12.Final.jar:/home/runner/.m2/repository/org/jboss/resteasy/resteasy-core-spi/6.2.12.Final/resteasy-core-spi-6.2.12.Final.jar:/home/runner/.m2/repository/org/jboss/resteasy/resteasy-core/6.2.12.Final/resteasy-core-6.2.12.Final.jar:/home/runner/.m2/repository/org/eclipse/angus/angus-activation/2.0.2/angus-activation-2.0.2.jar:/home/runner/.m2/repository/com/ibm/async/asyncutil/0.1.0/asyncutil-0.1.0.jar:/home/runner/.m2/repository/org/reactivestreams/reactive-streams/1.0.4/reactive-streams-1.0.4.jar:/home/runner/.m2/repository/org/jboss/resteasy/resteasy-multipart-provider/6.2.12.Final/resteasy-multipart-provider-6.2.12.Final.jar:/home/runner/.m2/repository/jakarta/mail/jakarta.mail-api/2.1.3/jakarta.mail-api-2.1.3.jar:/home/runner/.m2/repository/org/eclipse/angus/angus-mail/2.0.3/angus-mail-2.0.3.jar:/home/runner/.m2/repository/org/apache/james/apache-mime4j-dom/0.8.12/apache-mime4j-dom-0.8.12.jar:/home/runner/.m2/repository/org/apache/james/apache-mime4j-core/0.8.12/apache-mime4j-core-0.8.12.jar:/home/runner/.m2/repository/org/apache/james/apache-mime4j-storage/0.8.12/apache-mime4j-storage-0.8.12.jar:/home/runner/.m2/repository/org/jboss/resteasy/resteasy-jackson2-provider/6.2.12.Final/resteasy-jackson2-provider-6.2.12.Final.jar:/home/runner/.m2/repository/com/fasterxml/jackson/jakarta/rs/jackson-jakarta-rs-base/2.18.2/jackson-jakarta-rs-base-2.18.2.jar:/home/runner/.m2/repository/com/fasterxml/jackson/jakarta/rs/jackson-jakarta-rs-json-provider/2.18.2/jackson-jakarta-rs-json-provider-2.18.2.jar:/home/runner/.m2/repository/com/fasterxml/jackson/module/jackson-module-jakarta-xmlbind-annotations/2.18.2/jackson-module-jakarta-xmlbind-annotations-2.18.2.jar:/home/runner/.m2/repository/com/github/java-json-tools/json-patch/1.13/json-patch-1.13.jar:/home/runner/.m2/repository/com/github/java-json-tools/msg-simple/1.2/msg-simple-1.2.jar:/home/runner/.m2/repository/com/github/java-json-tools/btf/1.3/btf-1.3.jar:/home/runner/.m2/repository/com/github/java-json-tools/jackson-coreutils/2.0/jackson-coreutils-2.0.jar:/home/runner/.m2/repository/org/jboss/resteasy/resteasy-jaxb-provider/6.2.12.Final/resteasy-jaxb-provider-6.2.12.Final.jar:/home/runner/.m2/repository/org/glassfish/jaxb/codemodel/4.0.5/codemodel-4.0.5.jar:/home/runner/.m2/repository/org/glassfish/jaxb/jaxb-core/4.0.5/jaxb-core-4.0.5.jar:/home/runner/.m2/repository/org/glassfish/jaxb/jaxb-jxc/4.0.5/jaxb-jxc-4.0.5.jar:/home/runner/.m2/repository/org/glassfish/jaxb/jaxb-runtime/4.0.5/jaxb-runtime-4.0.5.jar:/home/runner/.m2/repository/org/glassfish/jaxb/txw2/4.0.5/txw2-4.0.5.jar:/home/runner/.m2/repository/org/glassfish/jaxb/jaxb-xjc/4.0.5/jaxb-xjc-4.0.5.jar:/home/runner/.m2/repository/org/glassfish/jaxb/xsom/4.0.5/xsom-4.0.5.jar:/home/runner/.m2/repository/com/sun/istack/istack-commons-runtime/4.1.2/istack-commons-runtime-4.1.2.jar:/home/runner/.m2/repository/com/sun/istack/istack-commons-tools/4.1.2/istack-commons-tools-4.1.2.jar:/home/runner/.m2/repository/com/sun/xml/bind/external/relaxng-datatype/4.0.5/relaxng-datatype-4.0.5.jar:/home/runner/.m2/repository/com/sun/xml/bind/external/rngom/4.0.5/rngom-4.0.5.jar:/home/runner/.m2/repository/org/testcontainers/mssqlserver/1.20.6/mssqlserver-1.20.6.jar:/home/runner/.m2/repository/org/testcontainers/jdbc/1.20.6/jdbc-1.20.6.jar:/home/runner/.m2/repository/org/testcontainers/database-commons/1.20.6/database-commons-1.20.6.jar:/home/runner/.m2/repository/org/testcontainers/mysql/1.20.6/mysql-1.20.6.jar:/home/runner/.m2/repository/io/strimzi/strimzi-test-container/0.107.0/strimzi-test-container-0.107.0.jar:/home/runner/.m2/repository/org/testcontainers/toxiproxy/1.20.6/toxiproxy-1.20.6.jar:/home/runner/.m2/repository/com/github/docker-java/docker-java-api/3.4.1/docker-java-api-3.4.1.jar:/home/runner/.m2/repository/eu/rekawek/toxiproxy/toxiproxy-java/2.1.7/toxiproxy-java-2.1.7.jar:/home/runner/.m2/repository/junit/junit/4.13.2/junit-4.13.2.jar:/home/runner/.m2/repository/org/hamcrest/hamcrest-core/1.3/hamcrest-core-1.3.jar:/home/runner/.m2/repository/org/testcontainers/pulsar/1.20.4/pulsar-1.20.4.jar:/home/runner/.m2/repository/io/debezium/debezium-testing-testcontainers/2.6.2.Final/debezium-testing-testcontainers-2.6.2.Final.jar:/home/runner/.m2/repository/org/testcontainers/kafka/1.20.6/kafka-1.20.6.jar:/home/runner/.m2/repository/com/squareup/okhttp3/okhttp/4.8.1/okhttp-4.8.1.jar:/home/runner/.m2/repository/com/squareup/okio/okio/3.10.2/okio-3.10.2.jar:/home/runner/.m2/repository/com/squareup/okio/okio-jvm/3.10.2/okio-jvm-3.10.2.jar:/home/runner/.m2/repository/org/jetbrains/kotlin/kotlin-stdlib/2.0.21/kotlin-stdlib-2.0.21.jar:/home/runner/.m2/repository/org/awaitility/awaitility/4.2.2/awaitility-4.2.2.jar:/home/runner/.m2/repository/org/testcontainers/mongodb/1.20.6/mongodb-1.20.6.jar:/home/runner/.m2/repository/org/testcontainers/oracle-xe/1.20.6/oracle-xe-1.20.6.jar:/home/runner/.m2/repository/org/testcontainers/postgresql/1.20.6/postgresql-1.20.6.jar:/home/runner/.m2/repository/org/wiremock/wiremock/3.0.1/wiremock-3.0.1.jar:/home/runner/.m2/repository/org/eclipse/jetty/jetty-server/11.0.15/jetty-server-11.0.15.jar:/home/runner/.m2/repository/org/eclipse/jetty/toolchain/jetty-jakarta-servlet-api/5.0.2/jetty-jakarta-servlet-api-5.0.2.jar:/home/runner/.m2/repository/org/eclipse/jetty/jetty-http/11.0.15/jetty-http-11.0.15.jar:/home/runner/.m2/repository/org/eclipse/jetty/jetty-io/11.0.15/jetty-io-11.0.15.jar:/home/runner/.m2/repository/org/eclipse/jetty/jetty-servlet/11.0.15/jetty-servlet-11.0.15.jar:/home/runner/.m2/repository/org/eclipse/jetty/jetty-security/11.0.15/jetty-security-11.0.15.jar:/home/runner/.m2/repository/org/eclipse/jetty/jetty-servlets/11.0.15/jetty-servlets-11.0.15.jar:/home/runner/.m2/repository/org/eclipse/jetty/jetty-util/11.0.15/jetty-util-11.0.15.jar:/home/runner/.m2/repository/org/eclipse/jetty/jetty-webapp/11.0.15/jetty-webapp-11.0.15.jar:/home/runner/.m2/repository/org/eclipse/jetty/jetty-xml/11.0.15/jetty-xml-11.0.15.jar:/home/runner/.m2/repository/org/eclipse/jetty/jetty-proxy/11.0.15/jetty-proxy-11.0.15.jar:/home/runner/.m2/repository/org/eclipse/jetty/jetty-client/11.0.15/jetty-client-11.0.15.jar:/home/runner/.m2/repository/org/eclipse/jetty/http2/http2-server/11.0.15/http2-server-11.0.15.jar:/home/runner/.m2/repository/org/eclipse/jetty/http2/http2-common/11.0.15/http2-common-11.0.15.jar:/home/runner/.m2/repository/org/eclipse/jetty/http2/http2-hpack/11.0.15/http2-hpack-11.0.15.jar:/home/runner/.m2/repository/org/eclipse/jetty/jetty-alpn-server/11.0.15/jetty-alpn-server-11.0.15.jar:/home/runner/.m2/repository/org/eclipse/jetty/jetty-alpn-java-server/11.0.15/jetty-alpn-java-server-11.0.15.jar:/home/runner/.m2/repository/org/eclipse/jetty/jetty-alpn-java-client/11.0.15/jetty-alpn-java-client-11.0.15.jar:/home/runner/.m2/repository/org/eclipse/jetty/jetty-alpn-client/11.0.15/jetty-alpn-client-11.0.15.jar:/home/runner/.m2/repository/org/apache/httpcomponents/client5/httpclient5/5.2.1/httpclient5-5.2.1.jar:/home/runner/.m2/repository/org/apache/httpcomponents/core5/httpcore5/5.2/httpcore5-5.2.jar:/home/runner/.m2/repository/org/apache/httpcomponents/core5/httpcore5-h2/5.2/httpcore5-h2-5.2.jar:/home/runner/.m2/repository/org/xmlunit/xmlunit-core/2.9.1/xmlunit-core-2.9.1.jar:/home/runner/.m2/repository/jakarta/xml/bind/jakarta.xml.bind-api/4.0.2/jakarta.xml.bind-api-4.0.2.jar:/home/runner/.m2/repository/org/xmlunit/xmlunit-legacy/2.9.1/xmlunit-legacy-2.9.1.jar:/home/runner/.m2/repository/org/xmlunit/xmlunit-placeholders/2.9.1/xmlunit-placeholders-2.9.1.jar:/home/runner/.m2/repository/net/javacrumbs/json-unit/json-unit-core/2.38.0/json-unit-core-2.38.0.jar:/home/runner/.m2/repository/com/jayway/jsonpath/json-path/2.8.0/json-path-2.8.0.jar:/home/runner/.m2/repository/net/minidev/json-smart/2.4.10/json-smart-2.4.10.jar:/home/runner/.m2/repository/net/minidev/accessors-smart/2.4.9/accessors-smart-2.4.9.jar:/home/runner/.m2/repository/org/ow2/asm/asm/9.7.1/asm-9.7.1.jar:/home/runner/.m2/repository/net/sf/jopt-simple/jopt-simple/5.0.4/jopt-simple-5.0.4.jar:/home/runner/.m2/repository/com/github/jknack/handlebars/4.3.1/handlebars-4.3.1.jar:/home/runner/.m2/repository/com/github/jknack/handlebars-helpers/4.3.1/handlebars-helpers-4.3.1.jar:/home/runner/.m2/repository/commons-fileupload/commons-fileupload/1.5/commons-fileupload-1.5.jar:/home/runner/.m2/repository/com/networknt/json-schema-validator/1.5.5/json-schema-validator-1.5.5.jar:/home/runner/.m2/repository/com/ethlo/time/itu/1.10.3/itu-1.10.3.jar:/home/runner/.m2/repository/io/quarkus/quarkus-smallrye-jwt-build/3.20.1/quarkus-smallrye-jwt-build-3.20.1.jar:/home/runner/.m2/repository/io/smallrye/smallrye-jwt-build/4.6.1/smallrye-jwt-build-4.6.1.jar:/home/runner/.m2/repository/org/eclipse/microprofile/jwt/microprofile-jwt-auth-api/2.1/microprofile-jwt-auth-api-2.1.jar:/home/runner/.m2/repository/org/bitbucket/b_c/jose4j/0.9.6/jose4j-0.9.6.jar:/home/runner/.m2/repository/io/smallrye/smallrye-jwt-common/4.6.1/smallrye-jwt-common-4.6.1.jar:/home/runner/.m2/repository/io/quarkus/quarkus-jsonp/3.20.1/quarkus-jsonp-3.20.1.jar:/home/runner/.m2/repository/io/quarkus/quarkus-arc/3.20.1/quarkus-arc-3.20.1.jar:/home/runner/.m2/repository/io/quarkus/arc/arc/3.20.1/arc-3.20.1.jar:/home/runner/.m2/repository/jakarta/transaction/jakarta.transaction-api/2.0.1/jakarta.transaction-api-2.0.1.jar:/home/runner/.m2/repository/io/smallrye/reactive/mutiny/2.8.0/mutiny-2.8.0.jar:/home/runner/.m2/repository/org/jctools/jctools-core/4.0.5/jctools-core-4.0.5.jar:/home/runner/.m2/repository/org/eclipse/microprofile/context-propagation/microprofile-context-propagation-api/1.3/microprofile-context-propagation-api-1.3.jar:/home/runner/.m2/repository/io/apicurio/apicurio-common-rest-client-common/0.1.18.Final/apicurio-common-rest-client-common-0.1.18.Final.jar:/home/runner/work/apicurio-testing/apicurio-testing/clusters/ci419/namespaces/mysql/tests/integration/apicurio-registry/utils/maven-plugin/target/apicurio-registry-maven-plugin-3.0.11-SNAPSHOT.jar:/home/runner/.m2/repository/com/fasterxml/jackson/core/jackson-databind/2.18.2/jackson-databind-2.18.2.jar:/home/runner/.m2/repository/org/apache/avro/avro/1.12.0/avro-1.12.0.jar:/home/runner/.m2/repository/com/google/protobuf/protobuf-java/4.31.1/protobuf-java-4.31.1.jar:/home/runner/.m2/repository/com/google/protobuf/protobuf-java-util/4.31.1/protobuf-java-util-4.31.1.jar:/home/runner/.m2/repository/com/google/code/findbugs/jsr305/3.0.2/jsr305-3.0.2.jar:/home/runner/.m2/repository/com/google/code/gson/gson/2.12.1/gson-2.12.1.jar:/home/runner/.m2/repository/com/google/errorprone/error_prone_annotations/2.36.0/error_prone_annotations-2.36.0.jar:/home/runner/.m2/repository/com/google/j2objc/j2objc-annotations/2.8/j2objc-annotations-2.8.jar:/home/runner/work/apicurio-testing/apicurio-testing/clusters/ci419/namespaces/mysql/tests/integration/apicurio-registry/schema-util/util-provider/target/apicurio-registry-schema-util-provider-3.0.11-SNAPSHOT.jar:/home/runner/work/apicurio-testing/apicurio-testing/clusters/ci419/namespaces/mysql/tests/integration/apicurio-registry/schema-util/common/target/apicurio-registry-schema-util-common-3.0.11-SNAPSHOT.jar:/home/runner/.m2/repository/com/fasterxml/jackson/module/jackson-module-parameter-names/2.18.2/jackson-module-parameter-names-2.18.2.jar:/home/runner/.m2/repository/com/fasterxml/jackson/datatype/jackson-datatype-json-org/2.18.2/jackson-datatype-json-org-2.18.2.jar:/home/runner/work/apicurio-testing/apicurio-testing/clusters/ci419/namespaces/mysql/tests/integration/apicurio-registry/schema-util/json/target/apicurio-registry-schema-util-json-3.0.11-SNAPSHOT.jar:/home/runner/.m2/repository/com/github/erosb/everit-json-schema/1.14.5/everit-json-schema-1.14.5.jar:/home/runner/.m2/repository/commons-validator/commons-validator/1.9.0/commons-validator-1.9.0.jar:/home/runner/.m2/repository/commons-digester/commons-digester/2.1/commons-digester-2.1.jar:/home/runner/.m2/repository/commons-collections/commons-collections/3.2.2/commons-collections-3.2.2.jar:/home/runner/.m2/repository/com/damnhandy/handy-uri-templates/2.1.8/handy-uri-templates-2.1.8.jar:/home/runner/.m2/repository/joda-time/joda-time/2.10.2/joda-time-2.10.2.jar:/home/runner/.m2/repository/com/github/erosb/json-sKema/0.20.0/json-sKema-0.20.0.jar:/home/runner/.m2/repository/io/vertx/vertx-json-schema/4.5.14/vertx-json-schema-4.5.14.jar:/home/runner/work/apicurio-testing/apicurio-testing/clusters/ci419/namespaces/mysql/tests/integration/apicurio-registry/schema-util/protobuf/target/apicurio-registry-schema-util-protobuf-3.0.11-SNAPSHOT.jar:/home/runner/work/apicurio-testing/apicurio-testing/clusters/ci419/namespaces/mysql/tests/integration/apicurio-registry/utils/protobuf-schema-utilities/target/apicurio-registry-protobuf-schema-utilities-3.0.11-SNAPSHOT.jar:/home/runner/.m2/repository/com/google/api/grpc/proto-google-common-protos/2.52.0/proto-google-common-protos-2.52.0.jar:/home/runner/.m2/repository/com/squareup/wire/wire-schema-jvm/5.3.3/wire-schema-jvm-5.3.3.jar:/home/runner/.m2/repository/com/palantir/javapoet/javapoet/0.6.0/javapoet-0.6.0.jar:/home/runner/.m2/repository/com/squareup/kotlinpoet-jvm/2.0.0/kotlinpoet-jvm-2.0.0.jar:/home/runner/.m2/repository/org/jetbrains/kotlin/kotlin-reflect/2.0.21/kotlin-reflect-2.0.21.jar:/home/runner/.m2/repository/com/squareup/wire/wire-runtime-jvm/5.3.3/wire-runtime-jvm-5.3.3.jar:/home/runner/.m2/repository/com/ibm/icu/icu4j/76.1/icu4j-76.1.jar:/home/runner/.m2/repository/com/squareup/okio/okio-fakefilesystem/3.10.2/okio-fakefilesystem-3.10.2.jar:/home/runner/.m2/repository/com/squareup/okio/okio-fakefilesystem-jvm/3.10.2/okio-fakefilesystem-jvm-3.10.2.jar:/home/runner/.m2/repository/org/jetbrains/kotlinx/kotlinx-datetime-jvm/0.6.1/kotlinx-datetime-jvm-0.6.1.jar:/home/runner/work/apicurio-testing/apicurio-testing/clusters/ci419/namespaces/mysql/tests/integration/apicurio-registry/schema-util/asyncapi/target/apicurio-registry-schema-util-asyncapi-3.0.11-SNAPSHOT.jar:/home/runner/work/apicurio-testing/apicurio-testing/clusters/ci419/namespaces/mysql/tests/integration/apicurio-registry/schema-util/avro/target/apicurio-registry-schema-util-avro-3.0.11-SNAPSHOT.jar:/home/runner/work/apicurio-testing/apicurio-testing/clusters/ci419/namespaces/mysql/tests/integration/apicurio-registry/schema-util/graphql/target/apicurio-registry-schema-util-graphql-3.0.11-SNAPSHOT.jar:/home/runner/.m2/repository/com/graphql-java/graphql-java/22.3/graphql-java-22.3.jar:/home/runner/.m2/repository/com/graphql-java/java-dataloader/3.3.0/java-dataloader-3.3.0.jar:/home/runner/work/apicurio-testing/apicurio-testing/clusters/ci419/namespaces/mysql/tests/integration/apicurio-registry/schema-util/kconnect/target/apicurio-registry-schema-util-kconnect-3.0.11-SNAPSHOT.jar:/home/runner/work/apicurio-testing/apicurio-testing/clusters/ci419/namespaces/mysql/tests/integration/apicurio-registry/schema-util/openapi/target/apicurio-registry-schema-util-openapi-3.0.11-SNAPSHOT.jar:/home/runner/.m2/repository/io/apicurio/apicurio-data-models/2.2.1/apicurio-data-models-2.2.1.jar:/home/runner/.m2/repository/org/openapitools/openapidiff/openapi-diff-core/2.1.2/openapi-diff-core-2.1.2.jar:/home/runner/.m2/repository/io/swagger/parser/v3/swagger-parser/2.1.28/swagger-parser-2.1.28.jar:/home/runner/.m2/repository/io/swagger/parser/v3/swagger-parser-v2-converter/2.1.28/swagger-parser-v2-converter-2.1.28.jar:/home/runner/.m2/repository/io/swagger/swagger-core/1.6.16/swagger-core-1.6.16.jar:/home/runner/.m2/repository/io/swagger/swagger-models/1.6.16/swagger-models-1.6.16.jar:/home/runner/.m2/repository/io/swagger/swagger-annotations/1.6.16/swagger-annotations-1.6.16.jar:/home/runner/.m2/repository/io/swagger/swagger-parser/1.0.75/swagger-parser-1.0.75.jar:/home/runner/.m2/repository/io/swagger/swagger-parser-safe-url-resolver/1.0.75/swagger-parser-safe-url-resolver-1.0.75.jar:/home/runner/.m2/repository/io/swagger/swagger-compat-spec-parser/1.0.75/swagger-compat-spec-parser-1.0.75.jar:/home/runner/.m2/repository/com/github/java-json-tools/json-schema-validator/2.2.14/json-schema-validator-2.2.14.jar:/home/runner/.m2/repository/com/github/java-json-tools/jackson-coreutils-equivalence/1.0/jackson-coreutils-equivalence-1.0.jar:/home/runner/.m2/repository/com/github/java-json-tools/json-schema-core/1.2.14/json-schema-core-1.2.14.jar:/home/runner/.m2/repository/com/github/java-json-tools/uri-template/0.10/uri-template-0.10.jar:/home/runner/.m2/repository/com/googlecode/libphonenumber/libphonenumber/8.11.1/libphonenumber-8.11.1.jar:/home/runner/.m2/repository/com/j2html/j2html/1.6.0/j2html-1.6.0.jar:/home/runner/.m2/repository/org/apache/commons/commons-collections4/4.5.0/commons-collections4-4.5.0.jar:/home/runner/.m2/repository/org/apache/commons/commons-configuration2/2.12.0/commons-configuration2-2.12.0.jar:/home/runner/.m2/repository/org/apache/commons/commons-text/1.13.0/commons-text-1.13.0.jar:/home/runner/.m2/repository/org/slf4j/jcl-over-slf4j/2.0.17/jcl-over-slf4j-2.0.17.jar:/home/runner/.m2/repository/io/swagger/parser/v3/swagger-parser-v3/2.1.30/swagger-parser-v3-2.1.30.jar:/home/runner/.m2/repository/io/swagger/core/v3/swagger-models/2.2.34/swagger-models-2.2.34.jar:/home/runner/.m2/repository/io/swagger/core/v3/swagger-core/2.2.34/swagger-core-2.2.34.jar:/home/runner/.m2/repository/io/swagger/parser/v3/swagger-parser-core/2.1.30/swagger-parser-core-2.1.30.jar:/home/runner/.m2/repository/io/swagger/parser/v3/swagger-parser-safe-url-resolver/2.1.30/swagger-parser-safe-url-resolver-2.1.30.jar:/home/runner/work/apicurio-testing/apicurio-testing/clusters/ci419/namespaces/mysql/tests/integration/apicurio-registry/schema-util/wsdl/target/apicurio-registry-schema-util-wsdl-3.0.11-SNAPSHOT.jar:/home/runner/.m2/repository/wsdl4j/wsdl4j/1.6.3/wsdl4j-1.6.3.jar:/home/runner/work/apicurio-testing/apicurio-testing/clusters/ci419/namespaces/mysql/tests/integration/apicurio-registry/schema-util/xml/target/apicurio-registry-schema-util-xml-3.0.11-SNAPSHOT.jar:/home/runner/.m2/repository/org/apache/santuario/xmlsec/4.0.3/xmlsec-4.0.3.jar:/home/runner/.m2/repository/com/fasterxml/woodstox/woodstox-core/7.1.0/woodstox-core-7.1.0.jar:/home/runner/.m2/repository/org/codehaus/woodstox/stax2-api/4.2.2/stax2-api-4.2.2.jar:/home/runner/work/apicurio-testing/apicurio-testing/clusters/ci419/namespaces/mysql/tests/integration/apicurio-registry/schema-util/xsd/target/apicurio-registry-schema-util-xsd-3.0.11-SNAPSHOT.jar:/home/runner/work/apicurio-testing/apicurio-testing/clusters/ci419/namespaces/mysql/tests/integration/apicurio-registry/serdes/kafka/jsonschema-serde/target/apicurio-registry-jsonschema-serde-kafka-3.0.11-SNAPSHOT.jar:/home/runner/work/apicurio-testing/apicurio-testing/clusters/ci419/namespaces/mysql/tests/integration/apicurio-registry/serdes/kafka/serde-kafka-common/target/apicurio-registry-serde-kafka-common-3.0.11-SNAPSHOT.jar:/home/runner/work/apicurio-testing/apicurio-testing/clusters/ci419/namespaces/mysql/tests/integration/apicurio-registry/serdes/generic/serde-common/target/apicurio-registry-serde-common-3.0.11-SNAPSHOT.jar:/home/runner/work/apicurio-testing/apicurio-testing/clusters/ci419/namespaces/mysql/tests/integration/apicurio-registry/serdes/generic/serde-common-jsonschema/target/apicurio-registry-serde-common-jsonschema-3.0.11-SNAPSHOT.jar:/home/runner/.m2/repository/org/json/json/20250107/json-20250107.jar:/home/runner/work/apicurio-testing/apicurio-testing/clusters/ci419/namespaces/mysql/tests/integration/apicurio-registry/serdes/kafka/avro-serde/target/apicurio-registry-avro-serde-kafka-3.0.11-SNAPSHOT.jar:/home/runner/work/apicurio-testing/apicurio-testing/clusters/ci419/namespaces/mysql/tests/integration/apicurio-registry/serdes/generic/serde-common-avro/target/apicurio-registry-serde-common-avro-3.0.11-SNAPSHOT.jar:/home/runner/work/apicurio-testing/apicurio-testing/clusters/ci419/namespaces/mysql/tests/integration/apicurio-registry/serdes/kafka/protobuf-serde/target/apicurio-registry-protobuf-serde-kafka-3.0.11-SNAPSHOT.jar:/home/runner/work/apicurio-testing/apicurio-testing/clusters/ci419/namespaces/mysql/tests/integration/apicurio-registry/serdes/generic/serde-common-protobuf/target/apicurio-registry-serde-common-protobuf-3.0.11-SNAPSHOT.jar:/home/runner/.m2/repository/com/squareup/wire/wire-schema/5.3.3/wire-schema-5.3.3.jar:/home/runner/.m2/repository/com/squareup/wire/wire-runtime/5.3.3/wire-runtime-5.3.3.jar:/home/runner/work/apicurio-testing/apicurio-testing/clusters/ci419/namespaces/mysql/tests/integration/apicurio-registry/serdes/pulsar/avro-serde/target/apicurio-registry-avro-serde-pulsar-3.0.11-SNAPSHOT.jar:/home/runner/.m2/repository/org/apache/pulsar/pulsar-functions-api/3.3.4/pulsar-functions-api-3.3.4.jar:/home/runner/work/apicurio-testing/apicurio-testing/clusters/ci419/namespaces/mysql/tests/integration/apicurio-registry/serdes/nats/avro-serde/target/apicurio-registry-avro-serde-nats-3.0.11-SNAPSHOT.jar:/home/runner/.m2/repository/io/nats/jnats/2.20.5/jnats-2.20.5.jar:/home/runner/.m2/repository/net/i2p/crypto/eddsa/0.3.0/eddsa-0.3.0.jar:/home/runner/work/apicurio-testing/apicurio-testing/clusters/ci419/namespaces/mysql/tests/integration/apicurio-registry/utils/converter/target/apicurio-registry-utils-converter-3.0.11-SNAPSHOT.jar:/home/runner/work/apicurio-testing/apicurio-testing/clusters/ci419/namespaces/mysql/tests/integration/apicurio-registry/schema-resolver/target/apicurio-registry-schema-resolver-3.0.11-SNAPSHOT.jar:/home/runner/.m2/repository/org/apache/kafka/connect-api/3.9.1/connect-api-3.9.1.jar:/home/runner/.m2/repository/javax/ws/rs/javax.ws.rs-api/2.1.1/javax.ws.rs-api-2.1.1.jar:/home/runner/.m2/repository/org/apache/kafka/connect-json/3.9.1/connect-json-3.9.1.jar:/home/runner/.m2/repository/com/fasterxml/jackson/datatype/jackson-datatype-jdk8/2.18.2/jackson-datatype-jdk8-2.18.2.jar:/home/runner/.m2/repository/com/fasterxml/jackson/module/jackson-module-afterburner/2.18.2/jackson-module-afterburner-2.18.2.jar:/home/runner/work/apicurio-testing/apicurio-testing/clusters/ci419/namespaces/mysql/tests/integration/apicurio-registry/utils/kafka/target/apicurio-registry-utils-kafka-3.0.11-SNAPSHOT.jar:/home/runner/.m2/repository/org/apache/pulsar/pulsar-client/3.3.4/pulsar-client-3.3.4.jar:/home/runner/.m2/repository/org/apache/pulsar/pulsar-client-api/3.3.4/pulsar-client-api-3.3.4.jar:/home/runner/.m2/repository/org/apache/pulsar/pulsar-client-admin-api/3.3.4/pulsar-client-admin-api-3.3.4.jar:/home/runner/.m2/repository/org/apache/pulsar/bouncy-castle-bc/3.3.4/bouncy-castle-bc-3.3.4-pkg.jar:/home/runner/.m2/repository/org/bouncycastle/bcpkix-jdk18on/1.80/bcpkix-jdk18on-1.80.jar:/home/runner/.m2/repository/org/bouncycastle/bcutil-jdk18on/1.80/bcutil-jdk18on-1.80.jar:/home/runner/.m2/repository/org/bouncycastle/bcprov-jdk18on/1.80/bcprov-jdk18on-1.80.jar:/home/runner/.m2/repository/io/opentelemetry/opentelemetry-api/1.44.1/opentelemetry-api-1.44.1.jar:/home/runner/.m2/repository/io/opentelemetry/opentelemetry-context/1.44.1/opentelemetry-context-1.44.1.jar:/home/runner/.m2/repository/io/opentelemetry/opentelemetry-api-incubator/1.44.1-alpha/opentelemetry-api-incubator-1.44.1-alpha.jar:/home/runner/.m2/repository/com/fasterxml/jackson/core/jackson-annotations/2.18.2/jackson-annotations-2.18.2.jar:/home/runner/.m2/repository/javax/validation/validation-api/1.1.0.Final/validation-api-1.1.0.Final.jar:/home/runner/.m2/repository/io/confluent/kafka-avro-serializer/8.0.0/kafka-avro-serializer-8.0.0.jar:/home/runner/.m2/repository/org/apache/commons/commons-compress/1.27.1/commons-compress-1.27.1.jar:/home/runner/.m2/repository/io/confluent/kafka-schema-serializer/8.0.0/kafka-schema-serializer-8.0.0.jar:/home/runner/.m2/repository/com/fasterxml/jackson/dataformat/jackson-dataformat-csv/2.18.2/jackson-dataformat-csv-2.18.2.jar:/home/runner/.m2/repository/io/confluent/kafka-schema-registry-client/8.0.0/kafka-schema-registry-client-8.0.0.jar:/home/runner/.m2/repository/org/yaml/snakeyaml/2.3/snakeyaml-2.3.jar:/home/runner/.m2/repository/io/swagger/core/v3/swagger-annotations/2.2.29/swagger-annotations-2.2.29.jar:/home/runner/.m2/repository/com/google/guava/guava/33.4.0-jre/guava-33.4.0-jre.jar:/home/runner/.m2/repository/com/google/guava/failureaccess/1.0.1/failureaccess-1.0.1.jar:/home/runner/.m2/repository/org/checkerframework/checker-qual/3.49.0/checker-qual-3.49.0.jar:/home/runner/.m2/repository/io/confluent/logredactor/1.0.13/logredactor-1.0.13.jar:/home/runner/.m2/repository/com/google/re2j/re2j/1.6/re2j-1.6.jar:/home/runner/.m2/repository/io/confluent/logredactor-metrics/1.0.13/logredactor-metrics-1.0.13.jar:/home/runner/.m2/repository/com/eclipsesource/minimal-json/minimal-json/0.9.5/minimal-json-0.9.5.jar:/home/runner/.m2/repository/io/confluent/common-utils/8.0.0/common-utils-8.0.0.jar:/home/runner/.m2/repository/io/confluent/kafka-connect-avro-converter/8.0.0/kafka-connect-avro-converter-8.0.0.jar:/home/runner/.m2/repository/io/confluent/kafka-connect-avro-data/8.0.0/kafka-connect-avro-data-8.0.0.jar:/home/runner/.m2/repository/io/confluent/kafka-schema-converter/8.0.0/kafka-schema-converter-8.0.0.jar:/home/runner/.m2/repository/io/rest-assured/rest-assured/5.5.1/rest-assured-5.5.1.jar:/home/runner/.m2/repository/org/apache/groovy/groovy/4.0.22/groovy-4.0.22.jar:/home/runner/.m2/repository/org/apache/groovy/groovy-xml/4.0.22/groovy-xml-4.0.22.jar:/home/runner/.m2/repository/org/apache/httpcomponents/httpclient/4.5.14/httpclient-4.5.14.jar:/home/runner/.m2/repository/org/apache/httpcomponents/httpcore/4.4.16/httpcore-4.4.16.jar:/home/runner/.m2/repository/org/apache/httpcomponents/httpmime/4.5.14/httpmime-4.5.14.jar:/home/runner/.m2/repository/org/hamcrest/hamcrest/2.2/hamcrest-2.2.jar:/home/runner/.m2/repository/org/ccil/cowan/tagsoup/tagsoup/1.2.1/tagsoup-1.2.1.jar:/home/runner/.m2/repository/io/rest-assured/json-path/5.5.1/json-path-5.5.1.jar:/home/runner/.m2/repository/org/apache/groovy/groovy-json/4.0.22/groovy-json-4.0.22.jar:/home/runner/.m2/repository/io/rest-assured/rest-assured-common/5.5.1/rest-assured-common-5.5.1.jar:/home/runner/.m2/repository/io/rest-assured/xml-path/5.5.1/xml-path-5.5.1.jar:/home/runner/.m2/repository/io/zonky/test/embedded-postgres/2.1.0/embedded-postgres-2.1.0.jar:/home/runner/.m2/repository/io/zonky/test/postgres/embedded-postgres-binaries-windows-amd64/14.15.0/embedded-postgres-binaries-windows-amd64-14.15.0.jar:/home/runner/.m2/repository/io/zonky/test/postgres/embedded-postgres-binaries-darwin-amd64/14.15.0/embedded-postgres-binaries-darwin-amd64-14.15.0.jar:/home/runner/.m2/repository/io/zonky/test/postgres/embedded-postgres-binaries-linux-amd64/14.15.0/embedded-postgres-binaries-linux-amd64-14.15.0.jar:/home/runner/.m2/repository/io/zonky/test/postgres/embedded-postgres-binaries-linux-amd64-alpine/14.15.0/embedded-postgres-binaries-linux-amd64-alpine-14.15.0.jar:/home/runner/.m2/repository/org/apache/commons/commons-lang3/3.17.0/commons-lang3-3.17.0.jar:/home/runner/.m2/repository/org/tukaani/xz/1.10/xz-1.10.jar:/home/runner/.m2/repository/commons-codec/commons-codec/1.18.0/commons-codec-1.18.0.jar:/home/runner/.m2/repository/org/postgresql/postgresql/42.7.5/postgresql-42.7.5.jar:/home/runner/.m2/repository/commons-io/commons-io/2.18.0/commons-io-2.18.0.jar:/home/runner/work/apicurio-testing/apicurio-testing/clusters/ci419/namespaces/mysql/tests/integration/apicurio-registry/utils/importexport/target/apicurio-registry-utils-import-export-3.0.11-SNAPSHOT.jar:/home/runner/.m2/repository/io/vertx/vertx-core/4.5.14/vertx-core-4.5.14.jar:/home/runner/.m2/repository/io/netty/netty-common/4.1.119.Final/netty-common-4.1.119.Final.jar:/home/runner/.m2/repository/io/netty/netty-buffer/4.1.119.Final/netty-buffer-4.1.119.Final.jar:/home/runner/.m2/repository/io/netty/netty-transport/4.1.119.Final/netty-transport-4.1.119.Final.jar:/home/runner/.m2/repository/io/netty/netty-handler/4.1.119.Final/netty-handler-4.1.119.Final.jar:/home/runner/.m2/repository/io/netty/netty-transport-native-unix-common/4.1.119.Final/netty-transport-native-unix-common-4.1.119.Final.jar:/home/runner/.m2/repository/io/netty/netty-codec/4.1.119.Final/netty-codec-4.1.119.Final.jar:/home/runner/.m2/repository/io/netty/netty-handler-proxy/4.1.119.Final/netty-handler-proxy-4.1.119.Final.jar:/home/runner/.m2/repository/io/netty/netty-codec-socks/4.1.119.Final/netty-codec-socks-4.1.119.Final.jar:/home/runner/.m2/repository/io/netty/netty-codec-http/4.1.119.Final/netty-codec-http-4.1.119.Final.jar:/home/runner/.m2/repository/io/netty/netty-codec-http2/4.1.119.Final/netty-codec-http2-4.1.119.Final.jar:/home/runner/.m2/repository/io/netty/netty-resolver/4.1.119.Final/netty-resolver-4.1.119.Final.jar:/home/runner/.m2/repository/io/netty/netty-resolver-dns/4.1.119.Final/netty-resolver-dns-4.1.119.Final.jar:/home/runner/.m2/repository/io/netty/netty-codec-dns/4.1.119.Final/netty-codec-dns-4.1.119.Final.jar:/home/runner/.m2/repository/com/fasterxml/jackson/core/jackson-core/2.18.2/jackson-core-2.18.2.jar:"/>
    <property name="java.vm.vendor" value="Eclipse Adoptium"/>
    <property name="maven.javadoc.skip" value="true"/>
    <property name="sun.arch.data.model" value="64"/>
    <property name="java.vendor.url" value="https://adoptium.net/"/>
    <property name="user.timezone" value="Etc/UTC"/>
    <property name="os.name" value="Linux"/>
    <property name="java.vm.specification.version" value="17"/>
    <property name="sun.java.launcher" value="SUN_STANDARD"/>
    <property name="quarkus.http.test-port" value="80"/>
    <property name="sun.boot.library.path" value="/usr/lib/jvm/temurin-17-jdk-amd64/lib"/>
    <property name="sun.java.command" value="/home/runner/work/apicurio-testing/apicurio-testing/clusters/ci419/namespaces/mysql/tests/integration/apicurio-registry/integration-tests/target/surefire/surefirebooter-20250731204226176_3.jar /home/runner/work/apicurio-testing/apicurio-testing/clusters/ci419/namespaces/mysql/tests/integration/apicurio-registry/integration-tests/target/surefire 2025-07-31T20-42-26_076-jvmRun1 surefire-20250731204226176_1tmp surefire_0-20250731204226176_2tmp"/>
    <property name="maven.home" value="/home/runner/.m2/wrapper/dists/apache-maven-3.9.8-bin/4fnp1ql35bgk2a0p7m31ovbgb0/apache-maven-3.9.8"/>
    <property name="jdk.debug" value="release"/>
    <property name="surefire.test.class.path" value="/home/runner/work/apicurio-testing/apicurio-testing/clusters/ci419/namespaces/mysql/tests/integration/apicurio-registry/integration-tests/target/test-classes:/home/runner/work/apicurio-testing/apicurio-testing/clusters/ci419/namespaces/mysql/tests/integration/apicurio-registry/integration-tests/target/apicurio-registry-integration-tests-3.0.11-SNAPSHOT.jar:/home/runner/.m2/repository/io/quarkus/quarkus-junit5/3.20.1/quarkus-junit5-3.20.1.jar:/home/runner/.m2/repository/io/quarkus/quarkus-bootstrap-core/3.20.1/quarkus-bootstrap-core-3.20.1.jar:/home/runner/.m2/repository/io/quarkus/quarkus-classloader-commons/3.20.1/quarkus-classloader-commons-3.20.1.jar:/home/runner/.m2/repository/io/quarkus/quarkus-bootstrap-app-model/3.20.1/quarkus-bootstrap-app-model-3.20.1.jar:/home/runner/.m2/repository/io/smallrye/common/smallrye-common-io/2.12.0/smallrye-common-io-2.12.0.jar:/home/runner/.m2/repository/org/eclipse/sisu/org.eclipse.sisu.inject/0.9.0.M3/org.eclipse.sisu.inject-0.9.0.M3.jar:/home/runner/.m2/repository/io/quarkus/quarkus-test-common/3.20.1/quarkus-test-common-3.20.1.jar:/home/runner/.m2/repository/io/quarkus/quarkus-core-deployment/3.20.1/quarkus-core-deployment-3.20.1.jar:/home/runner/.m2/repository/org/aesh/readline/2.6/readline-2.6.jar:/home/runner/.m2/repository/org/fusesource/jansi/jansi/2.4.0/jansi-2.4.0.jar:/home/runner/.m2/repository/org/aesh/aesh/2.8.2/aesh-2.8.2.jar:/home/runner/.m2/repository/io/quarkus/gizmo/gizmo/1.8.0/gizmo-1.8.0.jar:/home/runner/.m2/repository/org/ow2/asm/asm-util/9.7.1/asm-util-9.7.1.jar:/home/runner/.m2/repository/org/ow2/asm/asm-analysis/9.7.1/asm-analysis-9.7.1.jar:/home/runner/.m2/repository/org/ow2/asm/asm-commons/9.7.1/asm-commons-9.7.1.jar:/home/runner/.m2/repository/org/ow2/asm/asm-tree/9.7.1/asm-tree-9.7.1.jar:/home/runner/.m2/repository/io/quarkus/quarkus-hibernate-validator-spi/3.20.1/quarkus-hibernate-validator-spi-3.20.1.jar:/home/runner/.m2/repository/io/quarkus/quarkus-class-change-agent/3.20.1/quarkus-class-change-agent-3.20.1.jar:/home/runner/.m2/repository/io/quarkus/quarkus-devtools-utilities/3.20.1/quarkus-devtools-utilities-3.20.1.jar:/home/runner/.m2/repository/io/quarkus/quarkus-builder/3.20.1/quarkus-builder-3.20.1.jar:/home/runner/.m2/repository/org/graalvm/sdk/nativeimage/23.1.2/nativeimage-23.1.2.jar:/home/runner/.m2/repository/org/graalvm/sdk/word/23.1.2/word-23.1.2.jar:/home/runner/.m2/repository/io/quarkus/quarkus-bootstrap-maven-resolver/3.20.1/quarkus-bootstrap-maven-resolver-3.20.1.jar:/home/runner/.m2/repository/io/smallrye/beanbag/smallrye-beanbag-maven/1.5.2/smallrye-beanbag-maven-1.5.2.jar:/home/runner/.m2/repository/io/smallrye/beanbag/smallrye-beanbag-sisu/1.5.2/smallrye-beanbag-sisu-1.5.2.jar:/home/runner/.m2/repository/io/smallrye/beanbag/smallrye-beanbag/1.5.2/smallrye-beanbag-1.5.2.jar:/home/runner/.m2/repository/javax/inject/javax.inject/1/javax.inject-1.jar:/home/runner/.m2/repository/org/apache/maven/maven-artifact/3.9.9/maven-artifact-3.9.9.jar:/home/runner/.m2/repository/org/apache/maven/maven-builder-support/3.9.9/maven-builder-support-3.9.9.jar:/home/runner/.m2/repository/org/apache/maven/maven-model/3.9.9/maven-model-3.9.9.jar:/home/runner/.m2/repository/org/apache/maven/maven-model-builder/3.9.9/maven-model-builder-3.9.9.jar:/home/runner/.m2/repository/org/apache/maven/maven-repository-metadata/3.9.9/maven-repository-metadata-3.9.9.jar:/home/runner/.m2/repository/org/apache/maven/maven-settings/3.9.9/maven-settings-3.9.9.jar:/home/runner/.m2/repository/org/apache/maven/resolver/maven-resolver-api/1.9.22/maven-resolver-api-1.9.22.jar:/home/runner/.m2/repository/org/apache/maven/resolver/maven-resolver-impl/1.9.22/maven-resolver-impl-1.9.22.jar:/home/runner/.m2/repository/org/apache/maven/resolver/maven-resolver-named-locks/1.9.22/maven-resolver-named-locks-1.9.22.jar:/home/runner/.m2/repository/org/apache/maven/resolver/maven-resolver-spi/1.9.22/maven-resolver-spi-1.9.22.jar:/home/runner/.m2/repository/org/apache/maven/resolver/maven-resolver-util/1.9.22/maven-resolver-util-1.9.22.jar:/home/runner/.m2/repository/org/apache/maven/resolver/maven-resolver-transport-http/1.9.20/maven-resolver-transport-http-1.9.20.jar:/home/runner/.m2/repository/org/apache/maven/wagon/wagon-provider-api/3.5.3/wagon-provider-api-3.5.3.jar:/home/runner/.m2/repository/org/apache/maven/wagon/wagon-http-shared/3.5.3/wagon-http-shared-3.5.3.jar:/home/runner/.m2/repository/org/codehaus/plexus/plexus-interpolation/1.26/plexus-interpolation-1.26.jar:/home/runner/.m2/repository/org/codehaus/plexus/plexus-utils/3.5.1/plexus-utils-3.5.1.jar:/home/runner/.m2/repository/org/codehaus/plexus/plexus-xml/4.0.1/plexus-xml-4.0.1.jar:/home/runner/.m2/repository/org/apache/maven/maven-xml-impl/4.0.0-alpha-5/maven-xml-impl-4.0.0-alpha-5.jar:/home/runner/.m2/repository/org/apache/maven/maven-api-xml/4.0.0-alpha-5/maven-api-xml-4.0.0-alpha-5.jar:/home/runner/.m2/repository/org/apache/maven/maven-api-meta/4.0.0-alpha-5/maven-api-meta-4.0.0-alpha-5.jar:/home/runner/.m2/repository/org/codehaus/plexus/plexus-cipher/2.0/plexus-cipher-2.0.jar:/home/runner/.m2/repository/org/codehaus/plexus/plexus-sec-dispatcher/2.0/plexus-sec-dispatcher-2.0.jar:/home/runner/.m2/repository/org/apache/maven/maven-embedder/3.9.9/maven-embedder-3.9.9.jar:/home/runner/.m2/repository/org/apache/maven/maven-core/3.9.9/maven-core-3.9.9.jar:/home/runner/.m2/repository/org/codehaus/plexus/plexus-component-annotations/2.1.0/plexus-component-annotations-2.1.0.jar:/home/runner/.m2/repository/org/apache/maven/maven-plugin-api/3.9.9/maven-plugin-api-3.9.9.jar:/home/runner/.m2/repository/org/apache/maven/shared/maven-shared-utils/3.4.2/maven-shared-utils-3.4.2.jar:/home/runner/.m2/repository/com/google/inject/guice/5.1.0/guice-5.1.0.jar:/home/runner/.m2/repository/aopalliance/aopalliance/1.0/aopalliance-1.0.jar:/home/runner/.m2/repository/org/codehaus/plexus/plexus-classworlds/2.6.0/plexus-classworlds-2.6.0.jar:/home/runner/.m2/repository/commons-cli/commons-cli/1.8.0/commons-cli-1.8.0.jar:/home/runner/.m2/repository/org/eclipse/sisu/org.eclipse.sisu.plexus/0.9.0.M3/org.eclipse.sisu.plexus-0.9.0.M3.jar:/home/runner/.m2/repository/org/apache/maven/maven-settings-builder/3.9.9/maven-settings-builder-3.9.9.jar:/home/runner/.m2/repository/org/apache/maven/maven-resolver-provider/3.9.9/maven-resolver-provider-3.9.9.jar:/home/runner/.m2/repository/org/apache/maven/resolver/maven-resolver-connector-basic/1.9.22/maven-resolver-connector-basic-1.9.22.jar:/home/runner/.m2/repository/org/apache/maven/resolver/maven-resolver-transport-wagon/1.9.22/maven-resolver-transport-wagon-1.9.22.jar:/home/runner/.m2/repository/org/apache/maven/wagon/wagon-http/3.5.3/wagon-http-3.5.3.jar:/home/runner/.m2/repository/org/apache/maven/wagon/wagon-file/3.5.3/wagon-file-3.5.3.jar:/home/runner/.m2/repository/io/quarkus/quarkus-bootstrap-gradle-resolver/3.20.1/quarkus-bootstrap-gradle-resolver-3.20.1.jar:/home/runner/.m2/repository/io/smallrye/jandex/3.3.0/jandex-3.3.0.jar:/home/runner/.m2/repository/org/jboss/logging/commons-logging-jboss-logging/1.0.0.Final/commons-logging-jboss-logging-1.0.0.Final.jar:/home/runner/.m2/repository/io/quarkus/quarkus-junit5-config/3.20.1/quarkus-junit5-config-3.20.1.jar:/home/runner/.m2/repository/org/junit/jupiter/junit-jupiter-api/5.12.1/junit-jupiter-api-5.12.1.jar:/home/runner/.m2/repository/io/smallrye/config/smallrye-config/3.11.4/smallrye-config-3.11.4.jar:/home/runner/.m2/repository/io/smallrye/config/smallrye-config-core/3.11.4/smallrye-config-core-3.11.4.jar:/home/runner/.m2/repository/io/smallrye/common/smallrye-common-classloader/2.12.0/smallrye-common-classloader-2.12.0.jar:/home/runner/.m2/repository/io/smallrye/config/smallrye-config-common/3.11.4/smallrye-config-common-3.11.4.jar:/home/runner/.m2/repository/org/junit/jupiter/junit-jupiter/5.12.1/junit-jupiter-5.12.1.jar:/home/runner/.m2/repository/org/junit/jupiter/junit-jupiter-params/5.12.1/junit-jupiter-params-5.12.1.jar:/home/runner/.m2/repository/org/junit/jupiter/junit-jupiter-engine/5.12.1/junit-jupiter-engine-5.12.1.jar:/home/runner/.m2/repository/io/quarkus/quarkus-core/3.20.1/quarkus-core-3.20.1.jar:/home/runner/.m2/repository/jakarta/enterprise/jakarta.enterprise.cdi-api/4.1.0/jakarta.enterprise.cdi-api-4.1.0.jar:/home/runner/.m2/repository/jakarta/enterprise/jakarta.enterprise.lang-model/4.1.0/jakarta.enterprise.lang-model-4.1.0.jar:/home/runner/.m2/repository/jakarta/el/jakarta.el-api/5.0.1/jakarta.el-api-5.0.1.jar:/home/runner/.m2/repository/jakarta/interceptor/jakarta.interceptor-api/2.2.0/jakarta.interceptor-api-2.2.0.jar:/home/runner/.m2/repository/jakarta/inject/jakarta.inject-api/2.0.1/jakarta.inject-api-2.0.1.jar:/home/runner/.m2/repository/io/smallrye/common/smallrye-common-os/2.12.0/smallrye-common-os-2.12.0.jar:/home/runner/.m2/repository/io/quarkus/quarkus-ide-launcher/3.20.1/quarkus-ide-launcher-3.20.1.jar:/home/runner/.m2/repository/io/quarkus/quarkus-development-mode-spi/3.20.1/quarkus-development-mode-spi-3.20.1.jar:/home/runner/.m2/repository/org/jboss/logging/jboss-logging/3.6.1.Final/jboss-logging-3.6.1.Final.jar:/home/runner/.m2/repository/org/jboss/logmanager/jboss-logmanager/3.1.2.Final/jboss-logmanager-3.1.2.Final.jar:/home/runner/.m2/repository/io/smallrye/common/smallrye-common-constraint/2.12.0/smallrye-common-constraint-2.12.0.jar:/home/runner/.m2/repository/io/smallrye/common/smallrye-common-cpu/2.12.0/smallrye-common-cpu-2.12.0.jar:/home/runner/.m2/repository/io/smallrye/common/smallrye-common-expression/2.12.0/smallrye-common-expression-2.12.0.jar:/home/runner/.m2/repository/io/smallrye/common/smallrye-common-net/2.12.0/smallrye-common-net-2.12.0.jar:/home/runner/.m2/repository/io/smallrye/common/smallrye-common-ref/2.12.0/smallrye-common-ref-2.12.0.jar:/home/runner/.m2/repository/jakarta/json/jakarta.json-api/2.1.3/jakarta.json-api-2.1.3.jar:/home/runner/.m2/repository/org/eclipse/parsson/parsson/1.1.7/parsson-1.1.7.jar:/home/runner/.m2/repository/org/jboss/logging/jboss-logging-annotations/3.0.4.Final/jboss-logging-annotations-3.0.4.Final.jar:/home/runner/.m2/repository/org/jboss/threads/jboss-threads/3.8.0.Final/jboss-threads-3.8.0.Final.jar:/home/runner/.m2/repository/io/smallrye/common/smallrye-common-annotation/2.12.0/smallrye-common-annotation-2.12.0.jar:/home/runner/.m2/repository/io/smallrye/common/smallrye-common-function/2.12.0/smallrye-common-function-2.12.0.jar:/home/runner/.m2/repository/org/jboss/slf4j/slf4j-jboss-logmanager/2.0.0.Final/slf4j-jboss-logmanager-2.0.0.Final.jar:/home/runner/.m2/repository/org/wildfly/common/wildfly-common/2.0.1/wildfly-common-2.0.1.jar:/home/runner/.m2/repository/io/quarkus/quarkus-bootstrap-runner/3.20.1/quarkus-bootstrap-runner-3.20.1.jar:/home/runner/.m2/repository/io/github/crac/org-crac/0.1.3/org-crac-0.1.3.jar:/home/runner/.m2/repository/io/quarkus/quarkus-fs-util/0.0.10/quarkus-fs-util-0.0.10.jar:/home/runner/.m2/repository/org/jboss/marshalling/jboss-marshalling/2.2.2.Final/jboss-marshalling-2.2.2.Final.jar:/home/runner/.m2/repository/io/fabric8/kubernetes-client/7.1.0/kubernetes-client-7.1.0.jar:/home/runner/.m2/repository/io/fabric8/kubernetes-client-api/7.1.0/kubernetes-client-api-7.1.0.jar:/home/runner/.m2/repository/io/fabric8/kubernetes-model-core/7.1.0/kubernetes-model-core-7.1.0.jar:/home/runner/.m2/repository/io/fabric8/kubernetes-model-common/7.1.0/kubernetes-model-common-7.1.0.jar:/home/runner/.m2/repository/javax/annotation/javax.annotation-api/1.3.2/javax.annotation-api-1.3.2.jar:/home/runner/.m2/repository/io/fabric8/kubernetes-model-gatewayapi/7.1.0/kubernetes-model-gatewayapi-7.1.0.jar:/home/runner/.m2/repository/io/fabric8/kubernetes-model-resource/7.1.0/kubernetes-model-resource-7.1.0.jar:/home/runner/.m2/repository/io/fabric8/kubernetes-model-rbac/7.1.0/kubernetes-model-rbac-7.1.0.jar:/home/runner/.m2/repository/io/fabric8/kubernetes-model-admissionregistration/7.1.0/kubernetes-model-admissionregistration-7.1.0.jar:/home/runner/.m2/repository/io/fabric8/kubernetes-model-apps/7.1.0/kubernetes-model-apps-7.1.0.jar:/home/runner/.m2/repository/io/fabric8/kubernetes-model-autoscaling/7.1.0/kubernetes-model-autoscaling-7.1.0.jar:/home/runner/.m2/repository/io/fabric8/kubernetes-model-apiextensions/7.1.0/kubernetes-model-apiextensions-7.1.0.jar:/home/runner/.m2/repository/io/fabric8/kubernetes-model-batch/7.1.0/kubernetes-model-batch-7.1.0.jar:/home/runner/.m2/repository/io/fabric8/kubernetes-model-certificates/7.1.0/kubernetes-model-certificates-7.1.0.jar:/home/runner/.m2/repository/io/fabric8/kubernetes-model-coordination/7.1.0/kubernetes-model-coordination-7.1.0.jar:/home/runner/.m2/repository/io/fabric8/kubernetes-model-discovery/7.1.0/kubernetes-model-discovery-7.1.0.jar:/home/runner/.m2/repository/io/fabric8/kubernetes-model-events/7.1.0/kubernetes-model-events-7.1.0.jar:/home/runner/.m2/repository/io/fabric8/kubernetes-model-extensions/7.1.0/kubernetes-model-extensions-7.1.0.jar:/home/runner/.m2/repository/io/fabric8/kubernetes-model-flowcontrol/7.1.0/kubernetes-model-flowcontrol-7.1.0.jar:/home/runner/.m2/repository/io/fabric8/kubernetes-model-networking/7.1.0/kubernetes-model-networking-7.1.0.jar:/home/runner/.m2/repository/io/fabric8/kubernetes-model-metrics/7.1.0/kubernetes-model-metrics-7.1.0.jar:/home/runner/.m2/repository/io/fabric8/kubernetes-model-policy/7.1.0/kubernetes-model-policy-7.1.0.jar:/home/runner/.m2/repository/io/fabric8/kubernetes-model-scheduling/7.1.0/kubernetes-model-scheduling-7.1.0.jar:/home/runner/.m2/repository/io/fabric8/kubernetes-model-storageclass/7.1.0/kubernetes-model-storageclass-7.1.0.jar:/home/runner/.m2/repository/io/fabric8/kubernetes-model-node/7.1.0/kubernetes-model-node-7.1.0.jar:/home/runner/.m2/repository/org/snakeyaml/snakeyaml-engine/2.9/snakeyaml-engine-2.9.jar:/home/runner/.m2/repository/com/fasterxml/jackson/dataformat/jackson-dataformat-yaml/2.15.2/jackson-dataformat-yaml-2.15.2.jar:/home/runner/.m2/repository/com/fasterxml/jackson/datatype/jackson-datatype-jsr310/2.18.2/jackson-datatype-jsr310-2.18.2.jar:/home/runner/.m2/repository/io/fabric8/zjsonpatch/7.1.0/zjsonpatch-7.1.0.jar:/home/runner/.m2/repository/io/fabric8/kubernetes-httpclient-vertx/7.1.0/kubernetes-httpclient-vertx-7.1.0.jar:/home/runner/.m2/repository/io/vertx/vertx-web-client/4.5.14/vertx-web-client-4.5.14.jar:/home/runner/.m2/repository/io/vertx/vertx-web-common/4.5.14/vertx-web-common-4.5.14.jar:/home/runner/.m2/repository/io/vertx/vertx-auth-common/4.5.14/vertx-auth-common-4.5.14.jar:/home/runner/.m2/repository/io/vertx/vertx-uri-template/4.5.14/vertx-uri-template-4.5.14.jar:/home/runner/.m2/repository/io/fabric8/openshift-client/7.1.0/openshift-client-7.1.0.jar:/home/runner/.m2/repository/io/fabric8/openshift-client-api/7.1.0/openshift-client-api-7.1.0.jar:/home/runner/.m2/repository/io/fabric8/openshift-model/7.1.0/openshift-model-7.1.0.jar:/home/runner/.m2/repository/io/fabric8/openshift-model-autoscaling/7.1.0/openshift-model-autoscaling-7.1.0.jar:/home/runner/.m2/repository/io/fabric8/openshift-model-operator/7.1.0/openshift-model-operator-7.1.0.jar:/home/runner/.m2/repository/io/fabric8/openshift-model-operatorhub/7.1.0/openshift-model-operatorhub-7.1.0.jar:/home/runner/.m2/repository/io/fabric8/openshift-model-machine/7.1.0/openshift-model-machine-7.1.0.jar:/home/runner/.m2/repository/io/fabric8/openshift-model-whereabouts/7.1.0/openshift-model-whereabouts-7.1.0.jar:/home/runner/.m2/repository/io/fabric8/openshift-model-monitoring/7.1.0/openshift-model-monitoring-7.1.0.jar:/home/runner/.m2/repository/io/fabric8/openshift-model-storageversionmigrator/7.1.0/openshift-model-storageversionmigrator-7.1.0.jar:/home/runner/.m2/repository/io/fabric8/openshift-model-tuned/7.1.0/openshift-model-tuned-7.1.0.jar:/home/runner/.m2/repository/io/fabric8/openshift-model-console/7.1.0/openshift-model-console-7.1.0.jar:/home/runner/.m2/repository/io/fabric8/openshift-model-config/7.1.0/openshift-model-config-7.1.0.jar:/home/runner/.m2/repository/io/fabric8/openshift-model-machineconfiguration/7.1.0/openshift-model-machineconfiguration-7.1.0.jar:/home/runner/.m2/repository/io/fabric8/openshift-model-miscellaneous/7.1.0/openshift-model-miscellaneous-7.1.0.jar:/home/runner/.m2/repository/io/fabric8/openshift-model-hive/7.1.0/openshift-model-hive-7.1.0.jar:/home/runner/.m2/repository/io/fabric8/openshift-model-installer/7.1.0/openshift-model-installer-7.1.0.jar:/home/runner/.m2/repository/org/junit/platform/junit-platform-launcher/1.12.1/junit-platform-launcher-1.12.1.jar:/home/runner/.m2/repository/org/junit/platform/junit-platform-engine/1.12.1/junit-platform-engine-1.12.1.jar:/home/runner/.m2/repository/org/opentest4j/opentest4j/1.3.0/opentest4j-1.3.0.jar:/home/runner/.m2/repository/org/junit/platform/junit-platform-commons/1.12.1/junit-platform-commons-1.12.1.jar:/home/runner/.m2/repository/org/apiguardian/apiguardian-api/1.1.2/apiguardian-api-1.1.2.jar:/home/runner/.m2/repository/jakarta/ws/rs/jakarta.ws.rs-api/3.1.0/jakarta.ws.rs-api-3.1.0.jar:/home/runner/work/apicurio-testing/apicurio-testing/clusters/ci419/namespaces/mysql/tests/integration/apicurio-registry/java-sdk/target/apicurio-registry-java-sdk-3.0.11-SNAPSHOT.jar:/home/runner/.m2/repository/com/microsoft/kiota/microsoft-kiota-abstractions/1.8.8/microsoft-kiota-abstractions-1.8.8.jar:/home/runner/.m2/repository/io/github/std-uritemplate/std-uritemplate/2.0.0/std-uritemplate-2.0.0.jar:/home/runner/.m2/repository/io/kiota/kiota-http-jdk/0.0.21/kiota-http-jdk-0.0.21.jar:/home/runner/.m2/repository/io/kiota/kiota-http-vertx/0.0.21/kiota-http-vertx-0.0.21.jar:/home/runner/.m2/repository/io/kiota/kiota-serialization-jackson/0.0.21/kiota-serialization-jackson-0.0.21.jar:/home/runner/.m2/repository/com/microsoft/kiota/microsoft-kiota-serialization-text/1.8.8/microsoft-kiota-serialization-text-1.8.8.jar:/home/runner/.m2/repository/com/microsoft/kiota/microsoft-kiota-serialization-form/1.8.8/microsoft-kiota-serialization-form-1.8.8.jar:/home/runner/.m2/repository/com/microsoft/kiota/microsoft-kiota-serialization-multipart/1.8.8/microsoft-kiota-serialization-multipart-1.8.8.jar:/home/runner/.m2/repository/jakarta/annotation/jakarta.annotation-api/3.0.0/jakarta.annotation-api-3.0.0.jar:/home/runner/.m2/repository/io/vertx/vertx-auth-oauth2/4.5.14/vertx-auth-oauth2-4.5.14.jar:/home/runner/work/apicurio-testing/apicurio-testing/clusters/ci419/namespaces/mysql/tests/integration/apicurio-registry/java-sdk-v2/target/apicurio-registry-v2-java-sdk-3.0.11-SNAPSHOT.jar:/home/runner/work/apicurio-testing/apicurio-testing/clusters/ci419/namespaces/mysql/tests/integration/apicurio-registry/utils/kafka/target/apicurio-registry-utils-kafka-3.0.11-SNAPSHOT-tests.jar:/home/runner/.m2/repository/org/eclipse/microprofile/config/microprofile-config-api/3.1/microprofile-config-api-3.1.jar:/home/runner/.m2/repository/org/apache/kafka/kafka-clients/3.9.1/kafka-clients-3.9.1.jar:/home/runner/.m2/repository/com/github/luben/zstd-jni/1.5.6-4/zstd-jni-1.5.6-4.jar:/home/runner/.m2/repository/org/lz4/lz4-java/1.8.0/lz4-java-1.8.0.jar:/home/runner/.m2/repository/org/xerial/snappy/snappy-java/1.1.10.5/snappy-java-1.1.10.5.jar:/home/runner/.m2/repository/org/slf4j/slf4j-api/2.0.6/slf4j-api-2.0.6.jar:/home/runner/work/apicurio-testing/apicurio-testing/clusters/ci419/namespaces/mysql/tests/integration/apicurio-registry/utils/tests/target/apicurio-registry-utils-tests-3.0.11-SNAPSHOT.jar:/home/runner/work/apicurio-testing/apicurio-testing/clusters/ci419/namespaces/mysql/tests/integration/apicurio-registry/common/target/apicurio-registry-common-3.0.11-SNAPSHOT.jar:/home/runner/.m2/repository/jakarta/validation/jakarta.validation-api/3.0.2/jakarta.validation-api-3.0.2.jar:/home/runner/.m2/repository/com/github/dasniko/testcontainers-keycloak/3.6.0/testcontainers-keycloak-3.6.0.jar:/home/runner/.m2/repository/org/testcontainers/testcontainers/1.20.6/testcontainers-1.20.6.jar:/home/runner/.m2/repository/org/rnorth/duct-tape/duct-tape/1.0.8/duct-tape-1.0.8.jar:/home/runner/.m2/repository/org/jetbrains/annotations/26.0.2/annotations-26.0.2.jar:/home/runner/.m2/repository/com/github/docker-java/docker-java-transport-zerodep/3.4.1/docker-java-transport-zerodep-3.4.1.jar:/home/runner/.m2/repository/com/github/docker-java/docker-java-transport/3.4.1/docker-java-transport-3.4.1.jar:/home/runner/.m2/repository/net/java/dev/jna/jna/5.8.0/jna-5.8.0.jar:/home/runner/.m2/repository/io/quarkus/quarkus-junit4-mock/3.20.1/quarkus-junit4-mock-3.20.1.jar:/home/runner/.m2/repository/org/jboss/shrinkwrap/shrinkwrap-api/2.0.0-beta-2/shrinkwrap-api-2.0.0-beta-2.jar:/home/runner/.m2/repository/org/jboss/shrinkwrap/shrinkwrap-impl-base/2.0.0-beta-2/shrinkwrap-impl-base-2.0.0-beta-2.jar:/home/runner/.m2/repository/org/jboss/shrinkwrap/shrinkwrap-spi/2.0.0-beta-2/shrinkwrap-spi-2.0.0-beta-2.jar:/home/runner/.m2/repository/org/keycloak/keycloak-admin-client/26.0.4/keycloak-admin-client-26.0.4.jar:/home/runner/.m2/repository/org/keycloak/keycloak-client-common-synced/26.0.4/keycloak-client-common-synced-26.0.4.jar:/home/runner/.m2/repository/jakarta/activation/jakarta.activation-api/2.1.3/jakarta.activation-api-2.1.3.jar:/home/runner/.m2/repository/org/eclipse/microprofile/openapi/microprofile-openapi-api/4.0.2/microprofile-openapi-api-4.0.2.jar:/home/runner/.m2/repository/org/jboss/resteasy/resteasy-client/6.2.12.Final/resteasy-client-6.2.12.Final.jar:/home/runner/.m2/repository/org/jboss/resteasy/resteasy-client-api/6.2.12.Final/resteasy-client-api-6.2.12.Final.jar:/home/runner/.m2/repository/org/jboss/resteasy/resteasy-core-spi/6.2.12.Final/resteasy-core-spi-6.2.12.Final.jar:/home/runner/.m2/repository/org/jboss/resteasy/resteasy-core/6.2.12.Final/resteasy-core-6.2.12.Final.jar:/home/runner/.m2/repository/org/eclipse/angus/angus-activation/2.0.2/angus-activation-2.0.2.jar:/home/runner/.m2/repository/com/ibm/async/asyncutil/0.1.0/asyncutil-0.1.0.jar:/home/runner/.m2/repository/org/reactivestreams/reactive-streams/1.0.4/reactive-streams-1.0.4.jar:/home/runner/.m2/repository/org/jboss/resteasy/resteasy-multipart-provider/6.2.12.Final/resteasy-multipart-provider-6.2.12.Final.jar:/home/runner/.m2/repository/jakarta/mail/jakarta.mail-api/2.1.3/jakarta.mail-api-2.1.3.jar:/home/runner/.m2/repository/org/eclipse/angus/angus-mail/2.0.3/angus-mail-2.0.3.jar:/home/runner/.m2/repository/org/apache/james/apache-mime4j-dom/0.8.12/apache-mime4j-dom-0.8.12.jar:/home/runner/.m2/repository/org/apache/james/apache-mime4j-core/0.8.12/apache-mime4j-core-0.8.12.jar:/home/runner/.m2/repository/org/apache/james/apache-mime4j-storage/0.8.12/apache-mime4j-storage-0.8.12.jar:/home/runner/.m2/repository/org/jboss/resteasy/resteasy-jackson2-provider/6.2.12.Final/resteasy-jackson2-provider-6.2.12.Final.jar:/home/runner/.m2/repository/com/fasterxml/jackson/jakarta/rs/jackson-jakarta-rs-base/2.18.2/jackson-jakarta-rs-base-2.18.2.jar:/home/runner/.m2/repository/com/fasterxml/jackson/jakarta/rs/jackson-jakarta-rs-json-provider/2.18.2/jackson-jakarta-rs-json-provider-2.18.2.jar:/home/runner/.m2/repository/com/fasterxml/jackson/module/jackson-module-jakarta-xmlbind-annotations/2.18.2/jackson-module-jakarta-xmlbind-annotations-2.18.2.jar:/home/runner/.m2/repository/com/github/java-json-tools/json-patch/1.13/json-patch-1.13.jar:/home/runner/.m2/repository/com/github/java-json-tools/msg-simple/1.2/msg-simple-1.2.jar:/home/runner/.m2/repository/com/github/java-json-tools/btf/1.3/btf-1.3.jar:/home/runner/.m2/repository/com/github/java-json-tools/jackson-coreutils/2.0/jackson-coreutils-2.0.jar:/home/runner/.m2/repository/org/jboss/resteasy/resteasy-jaxb-provider/6.2.12.Final/resteasy-jaxb-provider-6.2.12.Final.jar:/home/runner/.m2/repository/org/glassfish/jaxb/codemodel/4.0.5/codemodel-4.0.5.jar:/home/runner/.m2/repository/org/glassfish/jaxb/jaxb-core/4.0.5/jaxb-core-4.0.5.jar:/home/runner/.m2/repository/org/glassfish/jaxb/jaxb-jxc/4.0.5/jaxb-jxc-4.0.5.jar:/home/runner/.m2/repository/org/glassfish/jaxb/jaxb-runtime/4.0.5/jaxb-runtime-4.0.5.jar:/home/runner/.m2/repository/org/glassfish/jaxb/txw2/4.0.5/txw2-4.0.5.jar:/home/runner/.m2/repository/org/glassfish/jaxb/jaxb-xjc/4.0.5/jaxb-xjc-4.0.5.jar:/home/runner/.m2/repository/org/glassfish/jaxb/xsom/4.0.5/xsom-4.0.5.jar:/home/runner/.m2/repository/com/sun/istack/istack-commons-runtime/4.1.2/istack-commons-runtime-4.1.2.jar:/home/runner/.m2/repository/com/sun/istack/istack-commons-tools/4.1.2/istack-commons-tools-4.1.2.jar:/home/runner/.m2/repository/com/sun/xml/bind/external/relaxng-datatype/4.0.5/relaxng-datatype-4.0.5.jar:/home/runner/.m2/repository/com/sun/xml/bind/external/rngom/4.0.5/rngom-4.0.5.jar:/home/runner/.m2/repository/org/testcontainers/mssqlserver/1.20.6/mssqlserver-1.20.6.jar:/home/runner/.m2/repository/org/testcontainers/jdbc/1.20.6/jdbc-1.20.6.jar:/home/runner/.m2/repository/org/testcontainers/database-commons/1.20.6/database-commons-1.20.6.jar:/home/runner/.m2/repository/org/testcontainers/mysql/1.20.6/mysql-1.20.6.jar:/home/runner/.m2/repository/io/strimzi/strimzi-test-container/0.107.0/strimzi-test-container-0.107.0.jar:/home/runner/.m2/repository/org/testcontainers/toxiproxy/1.20.6/toxiproxy-1.20.6.jar:/home/runner/.m2/repository/com/github/docker-java/docker-java-api/3.4.1/docker-java-api-3.4.1.jar:/home/runner/.m2/repository/eu/rekawek/toxiproxy/toxiproxy-java/2.1.7/toxiproxy-java-2.1.7.jar:/home/runner/.m2/repository/junit/junit/4.13.2/junit-4.13.2.jar:/home/runner/.m2/repository/org/hamcrest/hamcrest-core/1.3/hamcrest-core-1.3.jar:/home/runner/.m2/repository/org/testcontainers/pulsar/1.20.4/pulsar-1.20.4.jar:/home/runner/.m2/repository/io/debezium/debezium-testing-testcontainers/2.6.2.Final/debezium-testing-testcontainers-2.6.2.Final.jar:/home/runner/.m2/repository/org/testcontainers/kafka/1.20.6/kafka-1.20.6.jar:/home/runner/.m2/repository/com/squareup/okhttp3/okhttp/4.8.1/okhttp-4.8.1.jar:/home/runner/.m2/repository/com/squareup/okio/okio/3.10.2/okio-3.10.2.jar:/home/runner/.m2/repository/com/squareup/okio/okio-jvm/3.10.2/okio-jvm-3.10.2.jar:/home/runner/.m2/repository/org/jetbrains/kotlin/kotlin-stdlib/2.0.21/kotlin-stdlib-2.0.21.jar:/home/runner/.m2/repository/org/awaitility/awaitility/4.2.2/awaitility-4.2.2.jar:/home/runner/.m2/repository/org/testcontainers/mongodb/1.20.6/mongodb-1.20.6.jar:/home/runner/.m2/repository/org/testcontainers/oracle-xe/1.20.6/oracle-xe-1.20.6.jar:/home/runner/.m2/repository/org/testcontainers/postgresql/1.20.6/postgresql-1.20.6.jar:/home/runner/.m2/repository/org/wiremock/wiremock/3.0.1/wiremock-3.0.1.jar:/home/runner/.m2/repository/org/eclipse/jetty/jetty-server/11.0.15/jetty-server-11.0.15.jar:/home/runner/.m2/repository/org/eclipse/jetty/toolchain/jetty-jakarta-servlet-api/5.0.2/jetty-jakarta-servlet-api-5.0.2.jar:/home/runner/.m2/repository/org/eclipse/jetty/jetty-http/11.0.15/jetty-http-11.0.15.jar:/home/runner/.m2/repository/org/eclipse/jetty/jetty-io/11.0.15/jetty-io-11.0.15.jar:/home/runner/.m2/repository/org/eclipse/jetty/jetty-servlet/11.0.15/jetty-servlet-11.0.15.jar:/home/runner/.m2/repository/org/eclipse/jetty/jetty-security/11.0.15/jetty-security-11.0.15.jar:/home/runner/.m2/repository/org/eclipse/jetty/jetty-servlets/11.0.15/jetty-servlets-11.0.15.jar:/home/runner/.m2/repository/org/eclipse/jetty/jetty-util/11.0.15/jetty-util-11.0.15.jar:/home/runner/.m2/repository/org/eclipse/jetty/jetty-webapp/11.0.15/jetty-webapp-11.0.15.jar:/home/runner/.m2/repository/org/eclipse/jetty/jetty-xml/11.0.15/jetty-xml-11.0.15.jar:/home/runner/.m2/repository/org/eclipse/jetty/jetty-proxy/11.0.15/jetty-proxy-11.0.15.jar:/home/runner/.m2/repository/org/eclipse/jetty/jetty-client/11.0.15/jetty-client-11.0.15.jar:/home/runner/.m2/repository/org/eclipse/jetty/http2/http2-server/11.0.15/http2-server-11.0.15.jar:/home/runner/.m2/repository/org/eclipse/jetty/http2/http2-common/11.0.15/http2-common-11.0.15.jar:/home/runner/.m2/repository/org/eclipse/jetty/http2/http2-hpack/11.0.15/http2-hpack-11.0.15.jar:/home/runner/.m2/repository/org/eclipse/jetty/jetty-alpn-server/11.0.15/jetty-alpn-server-11.0.15.jar:/home/runner/.m2/repository/org/eclipse/jetty/jetty-alpn-java-server/11.0.15/jetty-alpn-java-server-11.0.15.jar:/home/runner/.m2/repository/org/eclipse/jetty/jetty-alpn-java-client/11.0.15/jetty-alpn-java-client-11.0.15.jar:/home/runner/.m2/repository/org/eclipse/jetty/jetty-alpn-client/11.0.15/jetty-alpn-client-11.0.15.jar:/home/runner/.m2/repository/org/apache/httpcomponents/client5/httpclient5/5.2.1/httpclient5-5.2.1.jar:/home/runner/.m2/repository/org/apache/httpcomponents/core5/httpcore5/5.2/httpcore5-5.2.jar:/home/runner/.m2/repository/org/apache/httpcomponents/core5/httpcore5-h2/5.2/httpcore5-h2-5.2.jar:/home/runner/.m2/repository/org/xmlunit/xmlunit-core/2.9.1/xmlunit-core-2.9.1.jar:/home/runner/.m2/repository/jakarta/xml/bind/jakarta.xml.bind-api/4.0.2/jakarta.xml.bind-api-4.0.2.jar:/home/runner/.m2/repository/org/xmlunit/xmlunit-legacy/2.9.1/xmlunit-legacy-2.9.1.jar:/home/runner/.m2/repository/org/xmlunit/xmlunit-placeholders/2.9.1/xmlunit-placeholders-2.9.1.jar:/home/runner/.m2/repository/net/javacrumbs/json-unit/json-unit-core/2.38.0/json-unit-core-2.38.0.jar:/home/runner/.m2/repository/com/jayway/jsonpath/json-path/2.8.0/json-path-2.8.0.jar:/home/runner/.m2/repository/net/minidev/json-smart/2.4.10/json-smart-2.4.10.jar:/home/runner/.m2/repository/net/minidev/accessors-smart/2.4.9/accessors-smart-2.4.9.jar:/home/runner/.m2/repository/org/ow2/asm/asm/9.7.1/asm-9.7.1.jar:/home/runner/.m2/repository/net/sf/jopt-simple/jopt-simple/5.0.4/jopt-simple-5.0.4.jar:/home/runner/.m2/repository/com/github/jknack/handlebars/4.3.1/handlebars-4.3.1.jar:/home/runner/.m2/repository/com/github/jknack/handlebars-helpers/4.3.1/handlebars-helpers-4.3.1.jar:/home/runner/.m2/repository/commons-fileupload/commons-fileupload/1.5/commons-fileupload-1.5.jar:/home/runner/.m2/repository/com/networknt/json-schema-validator/1.5.5/json-schema-validator-1.5.5.jar:/home/runner/.m2/repository/com/ethlo/time/itu/1.10.3/itu-1.10.3.jar:/home/runner/.m2/repository/io/quarkus/quarkus-smallrye-jwt-build/3.20.1/quarkus-smallrye-jwt-build-3.20.1.jar:/home/runner/.m2/repository/io/smallrye/smallrye-jwt-build/4.6.1/smallrye-jwt-build-4.6.1.jar:/home/runner/.m2/repository/org/eclipse/microprofile/jwt/microprofile-jwt-auth-api/2.1/microprofile-jwt-auth-api-2.1.jar:/home/runner/.m2/repository/org/bitbucket/b_c/jose4j/0.9.6/jose4j-0.9.6.jar:/home/runner/.m2/repository/io/smallrye/smallrye-jwt-common/4.6.1/smallrye-jwt-common-4.6.1.jar:/home/runner/.m2/repository/io/quarkus/quarkus-jsonp/3.20.1/quarkus-jsonp-3.20.1.jar:/home/runner/.m2/repository/io/quarkus/quarkus-arc/3.20.1/quarkus-arc-3.20.1.jar:/home/runner/.m2/repository/io/quarkus/arc/arc/3.20.1/arc-3.20.1.jar:/home/runner/.m2/repository/jakarta/transaction/jakarta.transaction-api/2.0.1/jakarta.transaction-api-2.0.1.jar:/home/runner/.m2/repository/io/smallrye/reactive/mutiny/2.8.0/mutiny-2.8.0.jar:/home/runner/.m2/repository/org/jctools/jctools-core/4.0.5/jctools-core-4.0.5.jar:/home/runner/.m2/repository/org/eclipse/microprofile/context-propagation/microprofile-context-propagation-api/1.3/microprofile-context-propagation-api-1.3.jar:/home/runner/.m2/repository/io/apicurio/apicurio-common-rest-client-common/0.1.18.Final/apicurio-common-rest-client-common-0.1.18.Final.jar:/home/runner/work/apicurio-testing/apicurio-testing/clusters/ci419/namespaces/mysql/tests/integration/apicurio-registry/utils/maven-plugin/target/apicurio-registry-maven-plugin-3.0.11-SNAPSHOT.jar:/home/runner/.m2/repository/com/fasterxml/jackson/core/jackson-databind/2.18.2/jackson-databind-2.18.2.jar:/home/runner/.m2/repository/org/apache/avro/avro/1.12.0/avro-1.12.0.jar:/home/runner/.m2/repository/com/google/protobuf/protobuf-java/4.31.1/protobuf-java-4.31.1.jar:/home/runner/.m2/repository/com/google/protobuf/protobuf-java-util/4.31.1/protobuf-java-util-4.31.1.jar:/home/runner/.m2/repository/com/google/code/findbugs/jsr305/3.0.2/jsr305-3.0.2.jar:/home/runner/.m2/repository/com/google/code/gson/gson/2.12.1/gson-2.12.1.jar:/home/runner/.m2/repository/com/google/errorprone/error_prone_annotations/2.36.0/error_prone_annotations-2.36.0.jar:/home/runner/.m2/repository/com/google/j2objc/j2objc-annotations/2.8/j2objc-annotations-2.8.jar:/home/runner/work/apicurio-testing/apicurio-testing/clusters/ci419/namespaces/mysql/tests/integration/apicurio-registry/schema-util/util-provider/target/apicurio-registry-schema-util-provider-3.0.11-SNAPSHOT.jar:/home/runner/work/apicurio-testing/apicurio-testing/clusters/ci419/namespaces/mysql/tests/integration/apicurio-registry/schema-util/common/target/apicurio-registry-schema-util-common-3.0.11-SNAPSHOT.jar:/home/runner/.m2/repository/com/fasterxml/jackson/module/jackson-module-parameter-names/2.18.2/jackson-module-parameter-names-2.18.2.jar:/home/runner/.m2/repository/com/fasterxml/jackson/datatype/jackson-datatype-json-org/2.18.2/jackson-datatype-json-org-2.18.2.jar:/home/runner/work/apicurio-testing/apicurio-testing/clusters/ci419/namespaces/mysql/tests/integration/apicurio-registry/schema-util/json/target/apicurio-registry-schema-util-json-3.0.11-SNAPSHOT.jar:/home/runner/.m2/repository/com/github/erosb/everit-json-schema/1.14.5/everit-json-schema-1.14.5.jar:/home/runner/.m2/repository/commons-validator/commons-validator/1.9.0/commons-validator-1.9.0.jar:/home/runner/.m2/repository/commons-digester/commons-digester/2.1/commons-digester-2.1.jar:/home/runner/.m2/repository/commons-collections/commons-collections/3.2.2/commons-collections-3.2.2.jar:/home/runner/.m2/repository/com/damnhandy/handy-uri-templates/2.1.8/handy-uri-templates-2.1.8.jar:/home/runner/.m2/repository/joda-time/joda-time/2.10.2/joda-time-2.10.2.jar:/home/runner/.m2/repository/com/github/erosb/json-sKema/0.20.0/json-sKema-0.20.0.jar:/home/runner/.m2/repository/io/vertx/vertx-json-schema/4.5.14/vertx-json-schema-4.5.14.jar:/home/runner/work/apicurio-testing/apicurio-testing/clusters/ci419/namespaces/mysql/tests/integration/apicurio-registry/schema-util/protobuf/target/apicurio-registry-schema-util-protobuf-3.0.11-SNAPSHOT.jar:/home/runner/work/apicurio-testing/apicurio-testing/clusters/ci419/namespaces/mysql/tests/integration/apicurio-registry/utils/protobuf-schema-utilities/target/apicurio-registry-protobuf-schema-utilities-3.0.11-SNAPSHOT.jar:/home/runner/.m2/repository/com/google/api/grpc/proto-google-common-protos/2.52.0/proto-google-common-protos-2.52.0.jar:/home/runner/.m2/repository/com/squareup/wire/wire-schema-jvm/5.3.3/wire-schema-jvm-5.3.3.jar:/home/runner/.m2/repository/com/palantir/javapoet/javapoet/0.6.0/javapoet-0.6.0.jar:/home/runner/.m2/repository/com/squareup/kotlinpoet-jvm/2.0.0/kotlinpoet-jvm-2.0.0.jar:/home/runner/.m2/repository/org/jetbrains/kotlin/kotlin-reflect/2.0.21/kotlin-reflect-2.0.21.jar:/home/runner/.m2/repository/com/squareup/wire/wire-runtime-jvm/5.3.3/wire-runtime-jvm-5.3.3.jar:/home/runner/.m2/repository/com/ibm/icu/icu4j/76.1/icu4j-76.1.jar:/home/runner/.m2/repository/com/squareup/okio/okio-fakefilesystem/3.10.2/okio-fakefilesystem-3.10.2.jar:/home/runner/.m2/repository/com/squareup/okio/okio-fakefilesystem-jvm/3.10.2/okio-fakefilesystem-jvm-3.10.2.jar:/home/runner/.m2/repository/org/jetbrains/kotlinx/kotlinx-datetime-jvm/0.6.1/kotlinx-datetime-jvm-0.6.1.jar:/home/runner/work/apicurio-testing/apicurio-testing/clusters/ci419/namespaces/mysql/tests/integration/apicurio-registry/schema-util/asyncapi/target/apicurio-registry-schema-util-asyncapi-3.0.11-SNAPSHOT.jar:/home/runner/work/apicurio-testing/apicurio-testing/clusters/ci419/namespaces/mysql/tests/integration/apicurio-registry/schema-util/avro/target/apicurio-registry-schema-util-avro-3.0.11-SNAPSHOT.jar:/home/runner/work/apicurio-testing/apicurio-testing/clusters/ci419/namespaces/mysql/tests/integration/apicurio-registry/schema-util/graphql/target/apicurio-registry-schema-util-graphql-3.0.11-SNAPSHOT.jar:/home/runner/.m2/repository/com/graphql-java/graphql-java/22.3/graphql-java-22.3.jar:/home/runner/.m2/repository/com/graphql-java/java-dataloader/3.3.0/java-dataloader-3.3.0.jar:/home/runner/work/apicurio-testing/apicurio-testing/clusters/ci419/namespaces/mysql/tests/integration/apicurio-registry/schema-util/kconnect/target/apicurio-registry-schema-util-kconnect-3.0.11-SNAPSHOT.jar:/home/runner/work/apicurio-testing/apicurio-testing/clusters/ci419/namespaces/mysql/tests/integration/apicurio-registry/schema-util/openapi/target/apicurio-registry-schema-util-openapi-3.0.11-SNAPSHOT.jar:/home/runner/.m2/repository/io/apicurio/apicurio-data-models/2.2.1/apicurio-data-models-2.2.1.jar:/home/runner/.m2/repository/org/openapitools/openapidiff/openapi-diff-core/2.1.2/openapi-diff-core-2.1.2.jar:/home/runner/.m2/repository/io/swagger/parser/v3/swagger-parser/2.1.28/swagger-parser-2.1.28.jar:/home/runner/.m2/repository/io/swagger/parser/v3/swagger-parser-v2-converter/2.1.28/swagger-parser-v2-converter-2.1.28.jar:/home/runner/.m2/repository/io/swagger/swagger-core/1.6.16/swagger-core-1.6.16.jar:/home/runner/.m2/repository/io/swagger/swagger-models/1.6.16/swagger-models-1.6.16.jar:/home/runner/.m2/repository/io/swagger/swagger-annotations/1.6.16/swagger-annotations-1.6.16.jar:/home/runner/.m2/repository/io/swagger/swagger-parser/1.0.75/swagger-parser-1.0.75.jar:/home/runner/.m2/repository/io/swagger/swagger-parser-safe-url-resolver/1.0.75/swagger-parser-safe-url-resolver-1.0.75.jar:/home/runner/.m2/repository/io/swagger/swagger-compat-spec-parser/1.0.75/swagger-compat-spec-parser-1.0.75.jar:/home/runner/.m2/repository/com/github/java-json-tools/json-schema-validator/2.2.14/json-schema-validator-2.2.14.jar:/home/runner/.m2/repository/com/github/java-json-tools/jackson-coreutils-equivalence/1.0/jackson-coreutils-equivalence-1.0.jar:/home/runner/.m2/repository/com/github/java-json-tools/json-schema-core/1.2.14/json-schema-core-1.2.14.jar:/home/runner/.m2/repository/com/github/java-json-tools/uri-template/0.10/uri-template-0.10.jar:/home/runner/.m2/repository/com/googlecode/libphonenumber/libphonenumber/8.11.1/libphonenumber-8.11.1.jar:/home/runner/.m2/repository/com/j2html/j2html/1.6.0/j2html-1.6.0.jar:/home/runner/.m2/repository/org/apache/commons/commons-collections4/4.5.0/commons-collections4-4.5.0.jar:/home/runner/.m2/repository/org/apache/commons/commons-configuration2/2.12.0/commons-configuration2-2.12.0.jar:/home/runner/.m2/repository/org/apache/commons/commons-text/1.13.0/commons-text-1.13.0.jar:/home/runner/.m2/repository/org/slf4j/jcl-over-slf4j/2.0.17/jcl-over-slf4j-2.0.17.jar:/home/runner/.m2/repository/io/swagger/parser/v3/swagger-parser-v3/2.1.30/swagger-parser-v3-2.1.30.jar:/home/runner/.m2/repository/io/swagger/core/v3/swagger-models/2.2.34/swagger-models-2.2.34.jar:/home/runner/.m2/repository/io/swagger/core/v3/swagger-core/2.2.34/swagger-core-2.2.34.jar:/home/runner/.m2/repository/io/swagger/parser/v3/swagger-parser-core/2.1.30/swagger-parser-core-2.1.30.jar:/home/runner/.m2/repository/io/swagger/parser/v3/swagger-parser-safe-url-resolver/2.1.30/swagger-parser-safe-url-resolver-2.1.30.jar:/home/runner/work/apicurio-testing/apicurio-testing/clusters/ci419/namespaces/mysql/tests/integration/apicurio-registry/schema-util/wsdl/target/apicurio-registry-schema-util-wsdl-3.0.11-SNAPSHOT.jar:/home/runner/.m2/repository/wsdl4j/wsdl4j/1.6.3/wsdl4j-1.6.3.jar:/home/runner/work/apicurio-testing/apicurio-testing/clusters/ci419/namespaces/mysql/tests/integration/apicurio-registry/schema-util/xml/target/apicurio-registry-schema-util-xml-3.0.11-SNAPSHOT.jar:/home/runner/.m2/repository/org/apache/santuario/xmlsec/4.0.3/xmlsec-4.0.3.jar:/home/runner/.m2/repository/com/fasterxml/woodstox/woodstox-core/7.1.0/woodstox-core-7.1.0.jar:/home/runner/.m2/repository/org/codehaus/woodstox/stax2-api/4.2.2/stax2-api-4.2.2.jar:/home/runner/work/apicurio-testing/apicurio-testing/clusters/ci419/namespaces/mysql/tests/integration/apicurio-registry/schema-util/xsd/target/apicurio-registry-schema-util-xsd-3.0.11-SNAPSHOT.jar:/home/runner/work/apicurio-testing/apicurio-testing/clusters/ci419/namespaces/mysql/tests/integration/apicurio-registry/serdes/kafka/jsonschema-serde/target/apicurio-registry-jsonschema-serde-kafka-3.0.11-SNAPSHOT.jar:/home/runner/work/apicurio-testing/apicurio-testing/clusters/ci419/namespaces/mysql/tests/integration/apicurio-registry/serdes/kafka/serde-kafka-common/target/apicurio-registry-serde-kafka-common-3.0.11-SNAPSHOT.jar:/home/runner/work/apicurio-testing/apicurio-testing/clusters/ci419/namespaces/mysql/tests/integration/apicurio-registry/serdes/generic/serde-common/target/apicurio-registry-serde-common-3.0.11-SNAPSHOT.jar:/home/runner/work/apicurio-testing/apicurio-testing/clusters/ci419/namespaces/mysql/tests/integration/apicurio-registry/serdes/generic/serde-common-jsonschema/target/apicurio-registry-serde-common-jsonschema-3.0.11-SNAPSHOT.jar:/home/runner/.m2/repository/org/json/json/20250107/json-20250107.jar:/home/runner/work/apicurio-testing/apicurio-testing/clusters/ci419/namespaces/mysql/tests/integration/apicurio-registry/serdes/kafka/avro-serde/target/apicurio-registry-avro-serde-kafka-3.0.11-SNAPSHOT.jar:/home/runner/work/apicurio-testing/apicurio-testing/clusters/ci419/namespaces/mysql/tests/integration/apicurio-registry/serdes/generic/serde-common-avro/target/apicurio-registry-serde-common-avro-3.0.11-SNAPSHOT.jar:/home/runner/work/apicurio-testing/apicurio-testing/clusters/ci419/namespaces/mysql/tests/integration/apicurio-registry/serdes/kafka/protobuf-serde/target/apicurio-registry-protobuf-serde-kafka-3.0.11-SNAPSHOT.jar:/home/runner/work/apicurio-testing/apicurio-testing/clusters/ci419/namespaces/mysql/tests/integration/apicurio-registry/serdes/generic/serde-common-protobuf/target/apicurio-registry-serde-common-protobuf-3.0.11-SNAPSHOT.jar:/home/runner/.m2/repository/com/squareup/wire/wire-schema/5.3.3/wire-schema-5.3.3.jar:/home/runner/.m2/repository/com/squareup/wire/wire-runtime/5.3.3/wire-runtime-5.3.3.jar:/home/runner/work/apicurio-testing/apicurio-testing/clusters/ci419/namespaces/mysql/tests/integration/apicurio-registry/serdes/pulsar/avro-serde/target/apicurio-registry-avro-serde-pulsar-3.0.11-SNAPSHOT.jar:/home/runner/.m2/repository/org/apache/pulsar/pulsar-functions-api/3.3.4/pulsar-functions-api-3.3.4.jar:/home/runner/work/apicurio-testing/apicurio-testing/clusters/ci419/namespaces/mysql/tests/integration/apicurio-registry/serdes/nats/avro-serde/target/apicurio-registry-avro-serde-nats-3.0.11-SNAPSHOT.jar:/home/runner/.m2/repository/io/nats/jnats/2.20.5/jnats-2.20.5.jar:/home/runner/.m2/repository/net/i2p/crypto/eddsa/0.3.0/eddsa-0.3.0.jar:/home/runner/work/apicurio-testing/apicurio-testing/clusters/ci419/namespaces/mysql/tests/integration/apicurio-registry/utils/converter/target/apicurio-registry-utils-converter-3.0.11-SNAPSHOT.jar:/home/runner/work/apicurio-testing/apicurio-testing/clusters/ci419/namespaces/mysql/tests/integration/apicurio-registry/schema-resolver/target/apicurio-registry-schema-resolver-3.0.11-SNAPSHOT.jar:/home/runner/.m2/repository/org/apache/kafka/connect-api/3.9.1/connect-api-3.9.1.jar:/home/runner/.m2/repository/javax/ws/rs/javax.ws.rs-api/2.1.1/javax.ws.rs-api-2.1.1.jar:/home/runner/.m2/repository/org/apache/kafka/connect-json/3.9.1/connect-json-3.9.1.jar:/home/runner/.m2/repository/com/fasterxml/jackson/datatype/jackson-datatype-jdk8/2.18.2/jackson-datatype-jdk8-2.18.2.jar:/home/runner/.m2/repository/com/fasterxml/jackson/module/jackson-module-afterburner/2.18.2/jackson-module-afterburner-2.18.2.jar:/home/runner/work/apicurio-testing/apicurio-testing/clusters/ci419/namespaces/mysql/tests/integration/apicurio-registry/utils/kafka/target/apicurio-registry-utils-kafka-3.0.11-SNAPSHOT.jar:/home/runner/.m2/repository/org/apache/pulsar/pulsar-client/3.3.4/pulsar-client-3.3.4.jar:/home/runner/.m2/repository/org/apache/pulsar/pulsar-client-api/3.3.4/pulsar-client-api-3.3.4.jar:/home/runner/.m2/repository/org/apache/pulsar/pulsar-client-admin-api/3.3.4/pulsar-client-admin-api-3.3.4.jar:/home/runner/.m2/repository/org/apache/pulsar/bouncy-castle-bc/3.3.4/bouncy-castle-bc-3.3.4-pkg.jar:/home/runner/.m2/repository/org/bouncycastle/bcpkix-jdk18on/1.80/bcpkix-jdk18on-1.80.jar:/home/runner/.m2/repository/org/bouncycastle/bcutil-jdk18on/1.80/bcutil-jdk18on-1.80.jar:/home/runner/.m2/repository/org/bouncycastle/bcprov-jdk18on/1.80/bcprov-jdk18on-1.80.jar:/home/runner/.m2/repository/io/opentelemetry/opentelemetry-api/1.44.1/opentelemetry-api-1.44.1.jar:/home/runner/.m2/repository/io/opentelemetry/opentelemetry-context/1.44.1/opentelemetry-context-1.44.1.jar:/home/runner/.m2/repository/io/opentelemetry/opentelemetry-api-incubator/1.44.1-alpha/opentelemetry-api-incubator-1.44.1-alpha.jar:/home/runner/.m2/repository/com/fasterxml/jackson/core/jackson-annotations/2.18.2/jackson-annotations-2.18.2.jar:/home/runner/.m2/repository/javax/validation/validation-api/1.1.0.Final/validation-api-1.1.0.Final.jar:/home/runner/.m2/repository/io/confluent/kafka-avro-serializer/8.0.0/kafka-avro-serializer-8.0.0.jar:/home/runner/.m2/repository/org/apache/commons/commons-compress/1.27.1/commons-compress-1.27.1.jar:/home/runner/.m2/repository/io/confluent/kafka-schema-serializer/8.0.0/kafka-schema-serializer-8.0.0.jar:/home/runner/.m2/repository/com/fasterxml/jackson/dataformat/jackson-dataformat-csv/2.18.2/jackson-dataformat-csv-2.18.2.jar:/home/runner/.m2/repository/io/confluent/kafka-schema-registry-client/8.0.0/kafka-schema-registry-client-8.0.0.jar:/home/runner/.m2/repository/org/yaml/snakeyaml/2.3/snakeyaml-2.3.jar:/home/runner/.m2/repository/io/swagger/core/v3/swagger-annotations/2.2.29/swagger-annotations-2.2.29.jar:/home/runner/.m2/repository/com/google/guava/guava/33.4.0-jre/guava-33.4.0-jre.jar:/home/runner/.m2/repository/com/google/guava/failureaccess/1.0.1/failureaccess-1.0.1.jar:/home/runner/.m2/repository/org/checkerframework/checker-qual/3.49.0/checker-qual-3.49.0.jar:/home/runner/.m2/repository/io/confluent/logredactor/1.0.13/logredactor-1.0.13.jar:/home/runner/.m2/repository/com/google/re2j/re2j/1.6/re2j-1.6.jar:/home/runner/.m2/repository/io/confluent/logredactor-metrics/1.0.13/logredactor-metrics-1.0.13.jar:/home/runner/.m2/repository/com/eclipsesource/minimal-json/minimal-json/0.9.5/minimal-json-0.9.5.jar:/home/runner/.m2/repository/io/confluent/common-utils/8.0.0/common-utils-8.0.0.jar:/home/runner/.m2/repository/io/confluent/kafka-connect-avro-converter/8.0.0/kafka-connect-avro-converter-8.0.0.jar:/home/runner/.m2/repository/io/confluent/kafka-connect-avro-data/8.0.0/kafka-connect-avro-data-8.0.0.jar:/home/runner/.m2/repository/io/confluent/kafka-schema-converter/8.0.0/kafka-schema-converter-8.0.0.jar:/home/runner/.m2/repository/io/rest-assured/rest-assured/5.5.1/rest-assured-5.5.1.jar:/home/runner/.m2/repository/org/apache/groovy/groovy/4.0.22/groovy-4.0.22.jar:/home/runner/.m2/repository/org/apache/groovy/groovy-xml/4.0.22/groovy-xml-4.0.22.jar:/home/runner/.m2/repository/org/apache/httpcomponents/httpclient/4.5.14/httpclient-4.5.14.jar:/home/runner/.m2/repository/org/apache/httpcomponents/httpcore/4.4.16/httpcore-4.4.16.jar:/home/runner/.m2/repository/org/apache/httpcomponents/httpmime/4.5.14/httpmime-4.5.14.jar:/home/runner/.m2/repository/org/hamcrest/hamcrest/2.2/hamcrest-2.2.jar:/home/runner/.m2/repository/org/ccil/cowan/tagsoup/tagsoup/1.2.1/tagsoup-1.2.1.jar:/home/runner/.m2/repository/io/rest-assured/json-path/5.5.1/json-path-5.5.1.jar:/home/runner/.m2/repository/org/apache/groovy/groovy-json/4.0.22/groovy-json-4.0.22.jar:/home/runner/.m2/repository/io/rest-assured/rest-assured-common/5.5.1/rest-assured-common-5.5.1.jar:/home/runner/.m2/repository/io/rest-assured/xml-path/5.5.1/xml-path-5.5.1.jar:/home/runner/.m2/repository/io/zonky/test/embedded-postgres/2.1.0/embedded-postgres-2.1.0.jar:/home/runner/.m2/repository/io/zonky/test/postgres/embedded-postgres-binaries-windows-amd64/14.15.0/embedded-postgres-binaries-windows-amd64-14.15.0.jar:/home/runner/.m2/repository/io/zonky/test/postgres/embedded-postgres-binaries-darwin-amd64/14.15.0/embedded-postgres-binaries-darwin-amd64-14.15.0.jar:/home/runner/.m2/repository/io/zonky/test/postgres/embedded-postgres-binaries-linux-amd64/14.15.0/embedded-postgres-binaries-linux-amd64-14.15.0.jar:/home/runner/.m2/repository/io/zonky/test/postgres/embedded-postgres-binaries-linux-amd64-alpine/14.15.0/embedded-postgres-binaries-linux-amd64-alpine-14.15.0.jar:/home/runner/.m2/repository/org/apache/commons/commons-lang3/3.17.0/commons-lang3-3.17.0.jar:/home/runner/.m2/repository/org/tukaani/xz/1.10/xz-1.10.jar:/home/runner/.m2/repository/commons-codec/commons-codec/1.18.0/commons-codec-1.18.0.jar:/home/runner/.m2/repository/org/postgresql/postgresql/42.7.5/postgresql-42.7.5.jar:/home/runner/.m2/repository/commons-io/commons-io/2.18.0/commons-io-2.18.0.jar:/home/runner/work/apicurio-testing/apicurio-testing/clusters/ci419/namespaces/mysql/tests/integration/apicurio-registry/utils/importexport/target/apicurio-registry-utils-import-export-3.0.11-SNAPSHOT.jar:/home/runner/.m2/repository/io/vertx/vertx-core/4.5.14/vertx-core-4.5.14.jar:/home/runner/.m2/repository/io/netty/netty-common/4.1.119.Final/netty-common-4.1.119.Final.jar:/home/runner/.m2/repository/io/netty/netty-buffer/4.1.119.Final/netty-buffer-4.1.119.Final.jar:/home/runner/.m2/repository/io/netty/netty-transport/4.1.119.Final/netty-transport-4.1.119.Final.jar:/home/runner/.m2/repository/io/netty/netty-handler/4.1.119.Final/netty-handler-4.1.119.Final.jar:/home/runner/.m2/repository/io/netty/netty-transport-native-unix-common/4.1.119.Final/netty-transport-native-unix-common-4.1.119.Final.jar:/home/runner/.m2/repository/io/netty/netty-codec/4.1.119.Final/netty-codec-4.1.119.Final.jar:/home/runner/.m2/repository/io/netty/netty-handler-proxy/4.1.119.Final/netty-handler-proxy-4.1.119.Final.jar:/home/runner/.m2/repository/io/netty/netty-codec-socks/4.1.119.Final/netty-codec-socks-4.1.119.Final.jar:/home/runner/.m2/repository/io/netty/netty-codec-http/4.1.119.Final/netty-codec-http-4.1.119.Final.jar:/home/runner/.m2/repository/io/netty/netty-codec-http2/4.1.119.Final/netty-codec-http2-4.1.119.Final.jar:/home/runner/.m2/repository/io/netty/netty-resolver/4.1.119.Final/netty-resolver-4.1.119.Final.jar:/home/runner/.m2/repository/io/netty/netty-resolver-dns/4.1.119.Final/netty-resolver-dns-4.1.119.Final.jar:/home/runner/.m2/repository/io/netty/netty-codec-dns/4.1.119.Final/netty-codec-dns-4.1.119.Final.jar:/home/runner/.m2/repository/com/fasterxml/jackson/core/jackson-core/2.18.2/jackson-core-2.18.2.jar:"/>
    <property name="sun.cpu.endian" value="little"/>
    <property name="user.home" value="/home/runner"/>
    <property name="user.language" value="en"/>
    <property name="jboss.log-version" value="false"/>
    <property name="java.specification.vendor" value="Oracle Corporation"/>
    <property name="java.version.date" value="2025-07-15"/>
    <property name="java.home" value="/usr/lib/jvm/temurin-17-jdk-amd64"/>
    <property name="file.separator" value="/"/>
    <property name="basedir" value="/home/runner/work/apicurio-testing/apicurio-testing/clusters/ci419/namespaces/mysql/tests/integration/apicurio-registry/integration-tests"/>
    <property name="java.vm.compressedOopsMode" value="32-bit"/>
    <property name="line.separator" value="&#10;"/>
    <property name="java.specification.name" value="Java Platform API Specification"/>
    <property name="java.vm.specification.vendor" value="Oracle Corporation"/>
    <property name="quarkus.http.test-host" value="registry-app-mysql.apps.ci419.apicurio-testing.org"/>
    <property name="surefire.real.class.path" value="/home/runner/work/apicurio-testing/apicurio-testing/clusters/ci419/namespaces/mysql/tests/integration/apicurio-registry/integration-tests/target/surefire/surefirebooter-20250731204226176_3.jar"/>
    <property name="sun.management.compiler" value="HotSpot 64-Bit Tiered Compilers"/>
    <property name="org.eclipse.jetty.http.HttpGenerator.STRICT" value="true"/>
    <property name="java.runtime.version" value="17.0.16+8"/>
    <property name="user.name" value="runner"/>
    <property name="path.separator" value=":"/>
    <property name="os.version" value="6.8.0-1031-azure"/>
    <property name="java.runtime.name" value="OpenJDK Runtime Environment"/>
    <property name="file.encoding" value="UTF-8"/>
    <property name="jnidispatch.path" value="/home/runner/.cache/JNA/temp/jna7356872145749466291.tmp"/>
    <property name="java.vm.name" value="OpenJDK 64-Bit Server VM"/>
    <property name="jna.platform.library.path" value="/usr/lib/x86_64-linux-gnu:/lib/x86_64-linux-gnu:/usr/lib64:/lib64:/usr/lib:/lib:/lib32:/usr/local/lib:/usr/lib/x86_64-linux-gnu/libfakeroot"/>
    <property name="java.vendor.version" value="Temurin-17.0.16+8"/>
    <property name="quarkus.oidc.token-path" value="https://keycloak-mysql.apps.ci419.apicurio-testing.org/realms/registry/protocol/openid-connect/token"/>
    <property name="quarkus.http.host" value="registry-app-mysql.apps.ci419.apicurio-testing.org"/>
    <property name="localRepository" value="/home/runner/.m2/repository"/>
    <property name="javax.xml.xpath.XPathFactory:http://java.sun.com/jaxp/xpath/dom" value="com.sun.org.apache.xpath.internal.jaxp.XPathFactoryImpl"/>
    <property name="jna.loaded" value="true"/>
    <property name="java.vendor.url.bug" value="https://github.com/adoptium/adoptium-support/issues"/>
    <property name="jetty.git.hash" value="5bc5e562c8d05c5862505aebe5cf83a61bdbcb96"/>
    <property name="java.io.tmpdir" value="/tmp"/>
    <property name="quarkus.http.test-protocol" value="http"/>
    <property name="java.version" value="17.0.16"/>
    <property name="user.dir" value="/home/runner/work/apicurio-testing/apicurio-testing/clusters/ci419/namespaces/mysql/tests/integration/apicurio-registry/integration-tests"/>
    <property name="os.arch" value="amd64"/>
    <property name="groups" value="( smoke | serdes | acceptance | ui)"/>
    <property name="java.vm.specification.name" value="Java Virtual Machine Specification"/>
    <property name="native.encoding" value="UTF-8"/>
    <property name="java.util.logging.manager" value="org.jboss.logmanager.LogManager"/>
    <property name="java.library.path" value="/usr/java/packages/lib:/usr/lib64:/lib64:/lib:/usr/lib"/>
    <property name="jdk.console" value="java.base"/>
    <property name="java.vm.info" value="mixed mode, sharing"/>
    <property name="java.vendor" value="Eclipse Adoptium"/>
    <property name="java.vm.version" value="17.0.16+8"/>
    <property name="java.specification.maintenance.version" value="1"/>
    <property name="sun.io.unicode.encoding" value="UnicodeLittle"/>
    <property name="javax.xml.transform.TransformerFactory" value="com.sun.org.apache.xalan.internal.xsltc.trax.TransformerFactoryImpl"/>
    <property name="java.class.version" value="61.0"/>
  </properties>
  <testcase name="testSimpleTopicIdStrategyFindLatest" classname="io.apicurio.tests.serdes.apicurio.ProtobufSerdeIT" time="1.476">
    <system-out><![CDATA[**** Registry Base URL: http://registry-app-mysql.apps.ci419.apicurio-testing.org:80
**** Registry Base URL: http://registry-app-mysql.apps.ci419.apicurio-testing.org:80
2025-07-31 20:43:55,902 INFO  [io.api.tes.ser.api.ProtobufSerdeIT] (main) RestAssured configured with http://registry-app-mysql.apps.ci419.apicurio-testing.org:80/apis/registry/v3
2025-07-31 20:43:55,908 INFO  [io.api.tes.uti.KafkaFacade] (main) Skipping deployment of kafka, because it's already deployed
2025-07-31 20:43:56,064 INFO  [io.api.tes.uti.TestSeparator] (main) ############################################################################
2025-07-31 20:43:56,065 INFO  [io.api.tes.uti.TestSeparator] (main) io.apicurio.tests.serdes.apicurio.ProtobufSerdeIT.testSimpleTopicIdStrategyFindLatest-STARTED
2025-07-31 20:43:56,065 INFO  [org.apa.kaf.cli.adm.AdminClientConfig] (main) AdminClientConfig values: 
	auto.include.jmx.reporter = true
	bootstrap.controllers = []
	bootstrap.servers = [PLAINTEXT://localhost:32770]
	client.dns.lookup = use_all_dns_ips
	client.id = 
	connections.max.idle.ms = 10000
	default.api.timeout.ms = 60000
	enable.metrics.push = true
	metadata.max.age.ms = 300000
	metadata.recovery.strategy = none
	metric.reporters = []
	metrics.num.samples = 2
	metrics.recording.level = INFO
	metrics.sample.window.ms = 30000
	receive.buffer.bytes = 65536
	reconnect.backoff.max.ms = 1000
	reconnect.backoff.ms = 50
	request.timeout.ms = 5000
	retries = 2147483647
	retry.backoff.max.ms = 1000
	retry.backoff.ms = 100
	sasl.client.callback.handler.class = null
	sasl.jaas.config = null
	sasl.kerberos.kinit.cmd = /usr/bin/kinit
	sasl.kerberos.min.time.before.relogin = 60000
	sasl.kerberos.service.name = null
	sasl.kerberos.ticket.renew.jitter = 0.05
	sasl.kerberos.ticket.renew.window.factor = 0.8
	sasl.login.callback.handler.class = null
	sasl.login.class = null
	sasl.login.connect.timeout.ms = null
	sasl.login.read.timeout.ms = null
	sasl.login.refresh.buffer.seconds = 300
	sasl.login.refresh.min.period.seconds = 60
	sasl.login.refresh.window.factor = 0.8
	sasl.login.refresh.window.jitter = 0.05
	sasl.login.retry.backoff.max.ms = 10000
	sasl.login.retry.backoff.ms = 100
	sasl.mechanism = GSSAPI
	sasl.oauthbearer.clock.skew.seconds = 30
	sasl.oauthbearer.expected.audience = null
	sasl.oauthbearer.expected.issuer = null
	sasl.oauthbearer.header.urlencode = false
	sasl.oauthbearer.jwks.endpoint.refresh.ms = 3600000
	sasl.oauthbearer.jwks.endpoint.retry.backoff.max.ms = 10000
	sasl.oauthbearer.jwks.endpoint.retry.backoff.ms = 100
	sasl.oauthbearer.jwks.endpoint.url = null
	sasl.oauthbearer.scope.claim.name = scope
	sasl.oauthbearer.sub.claim.name = sub
	sasl.oauthbearer.token.endpoint.url = null
	security.protocol = PLAINTEXT
	security.providers = null
	send.buffer.bytes = 131072
	socket.connection.setup.timeout.max.ms = 30000
	socket.connection.setup.timeout.ms = 10000
	ssl.cipher.suites = null
	ssl.enabled.protocols = [TLSv1.2, TLSv1.3]
	ssl.endpoint.identification.algorithm = https
	ssl.engine.factory.class = null
	ssl.key.password = null
	ssl.keymanager.algorithm = SunX509
	ssl.keystore.certificate.chain = null
	ssl.keystore.key = null
	ssl.keystore.location = null
	ssl.keystore.password = null
	ssl.keystore.type = JKS
	ssl.protocol = TLSv1.3
	ssl.provider = null
	ssl.secure.random.implementation = null
	ssl.trustmanager.algorithm = PKIX
	ssl.truststore.certificates = null
	ssl.truststore.location = null
	ssl.truststore.password = null
	ssl.truststore.type = JKS

2025-07-31 20:43:56,066 INFO  [org.apa.kaf.com.uti.AppInfoParser] (main) Kafka version: 3.9.1
2025-07-31 20:43:56,066 INFO  [org.apa.kaf.com.uti.AppInfoParser] (main) Kafka commitId: f745dfdcee2b9851
2025-07-31 20:43:56,066 INFO  [org.apa.kaf.com.uti.AppInfoParser] (main) Kafka startTimeMs: 1753994636066
2025-07-31 20:43:57,539 INFO  [io.api.tes.uti.TestSeparator] (main) io.apicurio.tests.serdes.apicurio.ProtobufSerdeIT.testSimpleTopicIdStrategyFindLatest-FINISHED
2025-07-31 20:43:57,539 INFO  [io.api.tes.uti.TestSeparator] (main) ############################################################################
Test passed: testSimpleTopicIdStrategyFindLatest
]]></system-out>
  </testcase>
  <testcase name="testFindLatestDeriveClassProtobufTypeTopicIdStrategy" classname="io.apicurio.tests.serdes.apicurio.ProtobufSerdeIT" time="1.183">
    <system-out><![CDATA[2025-07-31 20:43:57,541 INFO  [io.api.tes.uti.TestSeparator] (main) ############################################################################
2025-07-31 20:43:57,541 INFO  [io.api.tes.uti.TestSeparator] (main) io.apicurio.tests.serdes.apicurio.ProtobufSerdeIT.testFindLatestDeriveClassProtobufTypeTopicIdStrategy-STARTED
2025-07-31 20:43:58,722 INFO  [io.api.tes.uti.TestSeparator] (main) io.apicurio.tests.serdes.apicurio.ProtobufSerdeIT.testFindLatestDeriveClassProtobufTypeTopicIdStrategy-FINISHED
2025-07-31 20:43:58,723 INFO  [io.api.tes.uti.TestSeparator] (main) ############################################################################
Test passed: testFindLatestDeriveClassProtobufTypeTopicIdStrategy
]]></system-out>
  </testcase>
  <testcase name="testWrongSchema" classname="io.apicurio.tests.serdes.apicurio.ProtobufSerdeIT" time="1.181">
    <system-out><![CDATA[2025-07-31 20:43:58,724 INFO  [io.api.tes.uti.TestSeparator] (main) ############################################################################
2025-07-31 20:43:58,724 INFO  [io.api.tes.uti.TestSeparator] (main) io.apicurio.tests.serdes.apicurio.ProtobufSerdeIT.testWrongSchema-STARTED
2025-07-31 20:43:59,904 INFO  [io.api.tes.uti.TestSeparator] (main) io.apicurio.tests.serdes.apicurio.ProtobufSerdeIT.testWrongSchema-FINISHED
2025-07-31 20:43:59,904 INFO  [io.api.tes.uti.TestSeparator] (main) ############################################################################
Test passed: testWrongSchema
]]></system-out>
  </testcase>
  <testcase name="testTopicIdStrategyAutoRegister" classname="io.apicurio.tests.serdes.apicurio.ProtobufSerdeIT" time="2.694">
    <system-out><![CDATA[2025-07-31 20:43:59,906 INFO  [io.api.tes.uti.TestSeparator] (main) ############################################################################
2025-07-31 20:43:59,906 INFO  [io.api.tes.uti.TestSeparator] (main) io.apicurio.tests.serdes.apicurio.ProtobufSerdeIT.testTopicIdStrategyAutoRegister-STARTED
**** Registry Base URL: http://registry-app-mysql.apps.ci419.apicurio-testing.org:80
2025-07-31 20:43:59,908 INFO  [org.apa.kaf.cli.pro.ProducerConfig] (main) ProducerConfig values: 
	acks = -1
	auto.include.jmx.reporter = true
	batch.size = 16384
	bootstrap.servers = [PLAINTEXT://localhost:32770]
	buffer.memory = 33554432
	client.dns.lookup = use_all_dns_ips
	client.id = Producer-topic-0d04e09f_bd28_48f0_9f54_e86774a68fa8
	compression.gzip.level = -1
	compression.lz4.level = 9
	compression.type = none
	compression.zstd.level = 3
	connections.max.idle.ms = 10000
	delivery.timeout.ms = 120000
	enable.idempotence = true
	enable.metrics.push = true
	interceptor.classes = []
	key.serializer = class org.apache.kafka.common.serialization.StringSerializer
	linger.ms = 0
	max.block.ms = 60000
	max.in.flight.requests.per.connection = 5
	max.request.size = 1048576
	metadata.max.age.ms = 300000
	metadata.max.idle.ms = 300000
	metadata.recovery.strategy = none
	metric.reporters = []
	metrics.num.samples = 2
	metrics.recording.level = INFO
	metrics.sample.window.ms = 30000
	partitioner.adaptive.partitioning.enable = true
	partitioner.availability.timeout.ms = 0
	partitioner.class = null
	partitioner.ignore.keys = false
	receive.buffer.bytes = 32768
	reconnect.backoff.max.ms = 1000
	reconnect.backoff.ms = 50
	request.timeout.ms = 5000
	retries = 2147483647
	retry.backoff.max.ms = 1000
	retry.backoff.ms = 100
	sasl.client.callback.handler.class = null
	sasl.jaas.config = null
	sasl.kerberos.kinit.cmd = /usr/bin/kinit
	sasl.kerberos.min.time.before.relogin = 60000
	sasl.kerberos.service.name = null
	sasl.kerberos.ticket.renew.jitter = 0.05
	sasl.kerberos.ticket.renew.window.factor = 0.8
	sasl.login.callback.handler.class = null
	sasl.login.class = null
	sasl.login.connect.timeout.ms = null
	sasl.login.read.timeout.ms = null
	sasl.login.refresh.buffer.seconds = 300
	sasl.login.refresh.min.period.seconds = 60
	sasl.login.refresh.window.factor = 0.8
	sasl.login.refresh.window.jitter = 0.05
	sasl.login.retry.backoff.max.ms = 10000
	sasl.login.retry.backoff.ms = 100
	sasl.mechanism = GSSAPI
	sasl.oauthbearer.clock.skew.seconds = 30
	sasl.oauthbearer.expected.audience = null
	sasl.oauthbearer.expected.issuer = null
	sasl.oauthbearer.header.urlencode = false
	sasl.oauthbearer.jwks.endpoint.refresh.ms = 3600000
	sasl.oauthbearer.jwks.endpoint.retry.backoff.max.ms = 10000
	sasl.oauthbearer.jwks.endpoint.retry.backoff.ms = 100
	sasl.oauthbearer.jwks.endpoint.url = null
	sasl.oauthbearer.scope.claim.name = scope
	sasl.oauthbearer.sub.claim.name = sub
	sasl.oauthbearer.token.endpoint.url = null
	security.protocol = PLAINTEXT
	security.providers = null
	send.buffer.bytes = 131072
	socket.connection.setup.timeout.max.ms = 30000
	socket.connection.setup.timeout.ms = 10000
	ssl.cipher.suites = null
	ssl.enabled.protocols = [TLSv1.2, TLSv1.3]
	ssl.endpoint.identification.algorithm = https
	ssl.engine.factory.class = null
	ssl.key.password = null
	ssl.keymanager.algorithm = SunX509
	ssl.keystore.certificate.chain = null
	ssl.keystore.key = null
	ssl.keystore.location = null
	ssl.keystore.password = null
	ssl.keystore.type = JKS
	ssl.protocol = TLSv1.3
	ssl.provider = null
	ssl.secure.random.implementation = null
	ssl.trustmanager.algorithm = PKIX
	ssl.truststore.certificates = null
	ssl.truststore.location = null
	ssl.truststore.password = null
	ssl.truststore.type = JKS
	transaction.timeout.ms = 60000
	transactional.id = null
	value.serializer = class io.apicurio.registry.serde.protobuf.ProtobufKafkaSerializer

2025-07-31 20:43:59,909 INFO  [org.apa.kaf.com.tel.int.KafkaMetricsCollector] (main) initializing Kafka metrics collector
2025-07-31 20:43:59,917 INFO  [org.apa.kaf.cli.pro.KafkaProducer] (main) [Producer clientId=Producer-topic-0d04e09f_bd28_48f0_9f54_e86774a68fa8] Instantiated an idempotent producer.
2025-07-31 20:43:59,921 INFO  [org.apa.kaf.cli.pro.ProducerConfig] (main) These configurations '[apicurio.registry.url, apicurio.registry.headers.enabled, apicurio.registry.auto-register, apicurio.registry.artifact-resolver-strategy]' were supplied but are not used yet.
2025-07-31 20:43:59,921 INFO  [org.apa.kaf.com.uti.AppInfoParser] (main) Kafka version: 3.9.1
2025-07-31 20:43:59,921 INFO  [org.apa.kaf.com.uti.AppInfoParser] (main) Kafka commitId: f745dfdcee2b9851
2025-07-31 20:43:59,921 INFO  [org.apa.kaf.com.uti.AppInfoParser] (main) Kafka startTimeMs: 1753994639921
2025-07-31 20:43:59,921 INFO  [io.api.tes.ser.api.SimpleSerdesTesterBuilder$SimpleSerdesTester] (main) Using producer configuration: {apicurio.registry.url=http://registry-app-mysql.apps.ci419.apicurio-testing.org:80/apis/registry/v3, apicurio.registry.headers.enabled=true, apicurio.registry.auto-register=true, apicurio.registry.artifact-resolver-strategy=io.apicurio.registry.serde.strategy.TopicIdStrategy, value.serializer=io.apicurio.registry.serde.protobuf.ProtobufKafkaSerializer, request.timeout.ms=5000, acks=all, bootstrap.servers=PLAINTEXT://localhost:32770, connections.max.idle.ms=10000, key.serializer=org.apache.kafka.common.serialization.StringSerializer, client.id=Producer-topic-0d04e09f_bd28_48f0_9f54_e86774a68fa8}
2025-07-31 20:43:59,921 INFO  [io.api.tes.ser.api.SimpleSerdesTesterBuilder$SimpleSerdesTester] (main) Using consumer configuration: {apicurio.registry.headers.enabled=true}
2025-07-31 20:43:59,930 INFO  [org.apa.kaf.cli.Metadata] (kafka-producer-network-thread | Producer-topic-0d04e09f_bd28_48f0_9f54_e86774a68fa8) [Producer clientId=Producer-topic-0d04e09f_bd28_48f0_9f54_e86774a68fa8] Cluster ID: 6lKjf0w6TFCctmqQa8E77g
2025-07-31 20:43:59,932 INFO  [org.apa.kaf.cli.pro.int.TransactionManager] (kafka-producer-network-thread | Producer-topic-0d04e09f_bd28_48f0_9f54_e86774a68fa8) [Producer clientId=Producer-topic-0d04e09f_bd28_48f0_9f54_e86774a68fa8] ProducerId set to 32 with epoch 0
2025-07-31 20:44:00,080 INFO  [io.api.tes.ser.api.KafkaSerdesTester] (Thread-773) Sending message header {
  time {
  }
}
d1: 1.753994639924E12
s1: "a"
i1: 123
bi1: 1
point {
  longitude: 22.0
  latitude: 22.0
  altitude: 1.0
}
 to topic topic-0d04e09f_bd28_48f0_9f54_e86774a68fa8
2025-07-31 20:44:00,442 INFO  [io.api.tes.ser.api.KafkaSerdesTester] (Thread-773) Sending message header {
  time {
  }
}
d1: 1.753994640442E12
s1: "a"
i1: 123
bi1: 1
point {
  longitude: 22.0
  latitude: 22.0
  altitude: 1.0
}
 to topic topic-0d04e09f_bd28_48f0_9f54_e86774a68fa8
2025-07-31 20:44:00,549 INFO  [io.api.tes.ser.api.KafkaSerdesTester] (Thread-773) Sending message header {
  time {
  }
}
d1: 1.753994640549E12
s1: "a"
i1: 123
bi1: 1
point {
  longitude: 22.0
  latitude: 22.0
  altitude: 1.0
}
 to topic topic-0d04e09f_bd28_48f0_9f54_e86774a68fa8
2025-07-31 20:44:00,654 INFO  [io.api.tes.ser.api.KafkaSerdesTester] (Thread-773) Sending message header {
  time {
  }
}
d1: 1.753994640654E12
s1: "a"
i1: 123
bi1: 1
point {
  longitude: 22.0
  latitude: 22.0
  altitude: 1.0
}
 to topic topic-0d04e09f_bd28_48f0_9f54_e86774a68fa8
2025-07-31 20:44:00,757 INFO  [io.api.tes.ser.api.KafkaSerdesTester] (Thread-773) Sending message header {
  time {
  }
}
d1: 1.753994640756E12
s1: "a"
i1: 123
bi1: 1
point {
  longitude: 22.0
  latitude: 22.0
  altitude: 1.0
}
 to topic topic-0d04e09f_bd28_48f0_9f54_e86774a68fa8
2025-07-31 20:44:00,858 INFO  [io.api.tes.ser.api.KafkaSerdesTester] (Thread-773) Sending message header {
  time {
  }
}
d1: 1.753994640857E12
s1: "a"
i1: 123
bi1: 1
point {
  longitude: 22.0
  latitude: 22.0
  altitude: 1.0
}
 to topic topic-0d04e09f_bd28_48f0_9f54_e86774a68fa8
2025-07-31 20:44:00,959 INFO  [io.api.tes.ser.api.KafkaSerdesTester] (Thread-773) Sending message header {
  time {
  }
}
d1: 1.753994640958E12
s1: "a"
i1: 123
bi1: 1
point {
  longitude: 22.0
  latitude: 22.0
  altitude: 1.0
}
 to topic topic-0d04e09f_bd28_48f0_9f54_e86774a68fa8
2025-07-31 20:44:01,061 INFO  [io.api.tes.ser.api.KafkaSerdesTester] (Thread-773) Sending message header {
  time {
  }
}
d1: 1.753994641059E12
s1: "a"
i1: 123
bi1: 1
point {
  longitude: 22.0
  latitude: 22.0
  altitude: 1.0
}
 to topic topic-0d04e09f_bd28_48f0_9f54_e86774a68fa8
2025-07-31 20:44:01,165 INFO  [io.api.tes.ser.api.KafkaSerdesTester] (Thread-773) Sending message header {
  time {
  }
}
d1: 1.753994641164E12
s1: "a"
i1: 123
bi1: 1
point {
  longitude: 22.0
  latitude: 22.0
  altitude: 1.0
}
 to topic topic-0d04e09f_bd28_48f0_9f54_e86774a68fa8
2025-07-31 20:44:01,273 INFO  [io.api.tes.ser.api.KafkaSerdesTester] (Thread-773) Sending message header {
  time {
  }
}
d1: 1.753994641273E12
s1: "a"
i1: 123
bi1: 1
point {
  longitude: 22.0
  latitude: 22.0
  altitude: 1.0
}
 to topic topic-0d04e09f_bd28_48f0_9f54_e86774a68fa8
2025-07-31 20:44:01,388 INFO  [io.api.tes.ser.api.KafkaSerdesTester] (Thread-773) Produced 10 messages
2025-07-31 20:44:01,388 INFO  [org.apa.kaf.cli.pro.KafkaProducer] (Thread-773) [Producer clientId=Producer-topic-0d04e09f_bd28_48f0_9f54_e86774a68fa8] Closing the Kafka producer with timeoutMillis = 9223372036854775807 ms.
2025-07-31 20:44:01,390 INFO  [org.apa.kaf.com.met.Metrics] (Thread-773) Metrics scheduler closed
2025-07-31 20:44:01,390 INFO  [org.apa.kaf.com.met.Metrics] (Thread-773) Closing reporter org.apache.kafka.common.metrics.JmxReporter
2025-07-31 20:44:01,390 INFO  [org.apa.kaf.com.met.Metrics] (Thread-773) Closing reporter org.apache.kafka.common.telemetry.internals.ClientTelemetryReporter
2025-07-31 20:44:01,390 INFO  [org.apa.kaf.com.met.Metrics] (Thread-773) Metrics reporters closed
2025-07-31 20:44:01,390 INFO  [org.apa.kaf.com.uti.AppInfoParser] (Thread-773) App info kafka.producer for Producer-topic-0d04e09f_bd28_48f0_9f54_e86774a68fa8 unregistered
**** Registry Base URL: http://registry-app-mysql.apps.ci419.apicurio-testing.org:80
2025-07-31 20:44:01,550 INFO  [org.apa.kaf.cli.con.ConsumerConfig] (main) ConsumerConfig values: 
	allow.auto.create.topics = true
	auto.commit.interval.ms = 500
	auto.include.jmx.reporter = true
	auto.offset.reset = earliest
	bootstrap.servers = [PLAINTEXT://localhost:32770]
	check.crcs = true
	client.dns.lookup = use_all_dns_ips
	client.id = consumer-Consumer-topic-0d04e09f_bd28_48f0_9f54_e86774a68fa8-23
	client.rack = 
	connections.max.idle.ms = 10000
	default.api.timeout.ms = 60000
	enable.auto.commit = true
	enable.metrics.push = true
	exclude.internal.topics = true
	fetch.max.bytes = 52428800
	fetch.max.wait.ms = 500
	fetch.min.bytes = 1
	group.id = Consumer-topic-0d04e09f_bd28_48f0_9f54_e86774a68fa8
	group.instance.id = null
	group.protocol = classic
	group.remote.assignor = null
	heartbeat.interval.ms = 3000
	interceptor.classes = []
	internal.leave.group.on.close = true
	internal.throw.on.fetch.stable.offset.unsupported = false
	isolation.level = read_uncommitted
	key.deserializer = class org.apache.kafka.common.serialization.StringDeserializer
	max.partition.fetch.bytes = 1048576
	max.poll.interval.ms = 300000
	max.poll.records = 500
	metadata.max.age.ms = 300000
	metadata.recovery.strategy = none
	metric.reporters = []
	metrics.num.samples = 2
	metrics.recording.level = INFO
	metrics.sample.window.ms = 30000
	partition.assignment.strategy = [class org.apache.kafka.clients.consumer.RangeAssignor, class org.apache.kafka.clients.consumer.CooperativeStickyAssignor]
	receive.buffer.bytes = 65536
	reconnect.backoff.max.ms = 1000
	reconnect.backoff.ms = 50
	request.timeout.ms = 5000
	retry.backoff.max.ms = 1000
	retry.backoff.ms = 100
	sasl.client.callback.handler.class = null
	sasl.jaas.config = null
	sasl.kerberos.kinit.cmd = /usr/bin/kinit
	sasl.kerberos.min.time.before.relogin = 60000
	sasl.kerberos.service.name = null
	sasl.kerberos.ticket.renew.jitter = 0.05
	sasl.kerberos.ticket.renew.window.factor = 0.8
	sasl.login.callback.handler.class = null
	sasl.login.class = null
	sasl.login.connect.timeout.ms = null
	sasl.login.read.timeout.ms = null
	sasl.login.refresh.buffer.seconds = 300
	sasl.login.refresh.min.period.seconds = 60
	sasl.login.refresh.window.factor = 0.8
	sasl.login.refresh.window.jitter = 0.05
	sasl.login.retry.backoff.max.ms = 10000
	sasl.login.retry.backoff.ms = 100
	sasl.mechanism = GSSAPI
	sasl.oauthbearer.clock.skew.seconds = 30
	sasl.oauthbearer.expected.audience = null
	sasl.oauthbearer.expected.issuer = null
	sasl.oauthbearer.header.urlencode = false
	sasl.oauthbearer.jwks.endpoint.refresh.ms = 3600000
	sasl.oauthbearer.jwks.endpoint.retry.backoff.max.ms = 10000
	sasl.oauthbearer.jwks.endpoint.retry.backoff.ms = 100
	sasl.oauthbearer.jwks.endpoint.url = null
	sasl.oauthbearer.scope.claim.name = scope
	sasl.oauthbearer.sub.claim.name = sub
	sasl.oauthbearer.token.endpoint.url = null
	security.protocol = PLAINTEXT
	security.providers = null
	send.buffer.bytes = 131072
	session.timeout.ms = 45000
	socket.connection.setup.timeout.max.ms = 30000
	socket.connection.setup.timeout.ms = 10000
	ssl.cipher.suites = null
	ssl.enabled.protocols = [TLSv1.2, TLSv1.3]
	ssl.endpoint.identification.algorithm = https
	ssl.engine.factory.class = null
	ssl.key.password = null
	ssl.keymanager.algorithm = SunX509
	ssl.keystore.certificate.chain = null
	ssl.keystore.key = null
	ssl.keystore.location = null
	ssl.keystore.password = null
	ssl.keystore.type = JKS
	ssl.protocol = TLSv1.3
	ssl.provider = null
	ssl.secure.random.implementation = null
	ssl.trustmanager.algorithm = PKIX
	ssl.truststore.certificates = null
	ssl.truststore.location = null
	ssl.truststore.password = null
	ssl.truststore.type = JKS
	value.deserializer = class io.apicurio.registry.serde.protobuf.ProtobufKafkaDeserializer

2025-07-31 20:44:01,550 INFO  [org.apa.kaf.com.tel.int.KafkaMetricsCollector] (main) initializing Kafka metrics collector
2025-07-31 20:44:01,556 INFO  [org.apa.kaf.cli.con.ConsumerConfig] (main) These configurations '[apicurio.registry.url, apicurio.registry.headers.enabled]' were supplied but are not used yet.
2025-07-31 20:44:01,556 INFO  [org.apa.kaf.com.uti.AppInfoParser] (main) Kafka version: 3.9.1
2025-07-31 20:44:01,556 INFO  [org.apa.kaf.com.uti.AppInfoParser] (main) Kafka commitId: f745dfdcee2b9851
2025-07-31 20:44:01,556 INFO  [org.apa.kaf.com.uti.AppInfoParser] (main) Kafka startTimeMs: 1753994641556
2025-07-31 20:44:01,558 INFO  [org.apa.kaf.cli.con.int.ClassicKafkaConsumer] (Thread-776) [Consumer clientId=consumer-Consumer-topic-0d04e09f_bd28_48f0_9f54_e86774a68fa8-23, groupId=Consumer-topic-0d04e09f_bd28_48f0_9f54_e86774a68fa8] Subscribed to topic(s): topic-0d04e09f_bd28_48f0_9f54_e86774a68fa8
2025-07-31 20:44:01,566 INFO  [org.apa.kaf.cli.Metadata] (Thread-776) [Consumer clientId=consumer-Consumer-topic-0d04e09f_bd28_48f0_9f54_e86774a68fa8-23, groupId=Consumer-topic-0d04e09f_bd28_48f0_9f54_e86774a68fa8] Cluster ID: 6lKjf0w6TFCctmqQa8E77g
2025-07-31 20:44:01,566 INFO  [org.apa.kaf.cli.con.int.ConsumerCoordinator] (Thread-776) [Consumer clientId=consumer-Consumer-topic-0d04e09f_bd28_48f0_9f54_e86774a68fa8-23, groupId=Consumer-topic-0d04e09f_bd28_48f0_9f54_e86774a68fa8] Discovered group coordinator localhost:32770 (id: 2147483647 rack: null)
2025-07-31 20:44:01,567 INFO  [org.apa.kaf.cli.con.int.ConsumerCoordinator] (Thread-776) [Consumer clientId=consumer-Consumer-topic-0d04e09f_bd28_48f0_9f54_e86774a68fa8-23, groupId=Consumer-topic-0d04e09f_bd28_48f0_9f54_e86774a68fa8] (Re-)joining group
2025-07-31 20:44:01,570 INFO  [org.apa.kaf.cli.con.int.ConsumerCoordinator] (Thread-776) [Consumer clientId=consumer-Consumer-topic-0d04e09f_bd28_48f0_9f54_e86774a68fa8-23, groupId=Consumer-topic-0d04e09f_bd28_48f0_9f54_e86774a68fa8] Request joining group due to: need to re-join with the given member-id: consumer-Consumer-topic-0d04e09f_bd28_48f0_9f54_e86774a68fa8-23-2205c137-678a-413b-9aab-3a097d51ea79
2025-07-31 20:44:01,570 INFO  [org.apa.kaf.cli.con.int.ConsumerCoordinator] (Thread-776) [Consumer clientId=consumer-Consumer-topic-0d04e09f_bd28_48f0_9f54_e86774a68fa8-23, groupId=Consumer-topic-0d04e09f_bd28_48f0_9f54_e86774a68fa8] (Re-)joining group
2025-07-31 20:44:01,573 INFO  [org.apa.kaf.cli.con.int.ConsumerCoordinator] (Thread-776) [Consumer clientId=consumer-Consumer-topic-0d04e09f_bd28_48f0_9f54_e86774a68fa8-23, groupId=Consumer-topic-0d04e09f_bd28_48f0_9f54_e86774a68fa8] Successfully joined group with generation Generation{generationId=1, memberId='consumer-Consumer-topic-0d04e09f_bd28_48f0_9f54_e86774a68fa8-23-2205c137-678a-413b-9aab-3a097d51ea79', protocol='range'}
2025-07-31 20:44:01,574 INFO  [org.apa.kaf.cli.con.int.ConsumerCoordinator] (Thread-776) [Consumer clientId=consumer-Consumer-topic-0d04e09f_bd28_48f0_9f54_e86774a68fa8-23, groupId=Consumer-topic-0d04e09f_bd28_48f0_9f54_e86774a68fa8] Finished assignment for group at generation 1: {consumer-Consumer-topic-0d04e09f_bd28_48f0_9f54_e86774a68fa8-23-2205c137-678a-413b-9aab-3a097d51ea79=Assignment(partitions=[topic-0d04e09f_bd28_48f0_9f54_e86774a68fa8-0])}
2025-07-31 20:44:01,577 INFO  [org.apa.kaf.cli.con.int.ConsumerCoordinator] (Thread-776) [Consumer clientId=consumer-Consumer-topic-0d04e09f_bd28_48f0_9f54_e86774a68fa8-23, groupId=Consumer-topic-0d04e09f_bd28_48f0_9f54_e86774a68fa8] Successfully synced group in generation Generation{generationId=1, memberId='consumer-Consumer-topic-0d04e09f_bd28_48f0_9f54_e86774a68fa8-23-2205c137-678a-413b-9aab-3a097d51ea79', protocol='range'}
2025-07-31 20:44:01,577 INFO  [org.apa.kaf.cli.con.int.ConsumerCoordinator] (Thread-776) [Consumer clientId=consumer-Consumer-topic-0d04e09f_bd28_48f0_9f54_e86774a68fa8-23, groupId=Consumer-topic-0d04e09f_bd28_48f0_9f54_e86774a68fa8] Notifying assignor about the new Assignment(partitions=[topic-0d04e09f_bd28_48f0_9f54_e86774a68fa8-0])
2025-07-31 20:44:01,577 INFO  [org.apa.kaf.cli.con.int.ConsumerRebalanceListenerInvoker] (Thread-776) [Consumer clientId=consumer-Consumer-topic-0d04e09f_bd28_48f0_9f54_e86774a68fa8-23, groupId=Consumer-topic-0d04e09f_bd28_48f0_9f54_e86774a68fa8] Adding newly assigned partitions: topic-0d04e09f_bd28_48f0_9f54_e86774a68fa8-0
2025-07-31 20:44:01,578 INFO  [org.apa.kaf.cli.con.int.ConsumerCoordinator] (Thread-776) [Consumer clientId=consumer-Consumer-topic-0d04e09f_bd28_48f0_9f54_e86774a68fa8-23, groupId=Consumer-topic-0d04e09f_bd28_48f0_9f54_e86774a68fa8] Found no committed offset for partition topic-0d04e09f_bd28_48f0_9f54_e86774a68fa8-0
2025-07-31 20:44:01,582 INFO  [org.apa.kaf.cli.con.int.SubscriptionState] (Thread-776) [Consumer clientId=consumer-Consumer-topic-0d04e09f_bd28_48f0_9f54_e86774a68fa8-23, groupId=Consumer-topic-0d04e09f_bd28_48f0_9f54_e86774a68fa8] Resetting offset for partition topic-0d04e09f_bd28_48f0_9f54_e86774a68fa8-0 to position FetchPosition{offset=0, offsetEpoch=Optional.empty, currentLeader=LeaderAndEpoch{leader=Optional[localhost:32770 (id: 0 rack: null)], epoch=0}}.
2025-07-31 20:44:02,008 INFO  [io.api.tes.ser.api.KafkaSerdesTester] (Thread-776) topic-0d04e09f_bd28_48f0_9f54_e86774a68fa8 0 0 header {
  time {
  }
}
d1: 1.753994639924E12
s1: "a"
i1: 123
bi1: 1
point {
  longitude: 22.0
  latitude: 22.0
  altitude: 1.0
}

2025-07-31 20:44:02,009 INFO  [io.api.tes.ser.api.KafkaSerdesTester] (Thread-776) topic-0d04e09f_bd28_48f0_9f54_e86774a68fa8 0 1 header {
  time {
  }
}
d1: 1.753994640442E12
s1: "a"
i1: 123
bi1: 1
point {
  longitude: 22.0
  latitude: 22.0
  altitude: 1.0
}

2025-07-31 20:44:02,009 INFO  [io.api.tes.ser.api.KafkaSerdesTester] (Thread-776) topic-0d04e09f_bd28_48f0_9f54_e86774a68fa8 0 2 header {
  time {
  }
}
d1: 1.753994640549E12
s1: "a"
i1: 123
bi1: 1
point {
  longitude: 22.0
  latitude: 22.0
  altitude: 1.0
}

2025-07-31 20:44:02,009 INFO  [io.api.tes.ser.api.KafkaSerdesTester] (Thread-776) topic-0d04e09f_bd28_48f0_9f54_e86774a68fa8 0 3 header {
  time {
  }
}
d1: 1.753994640654E12
s1: "a"
i1: 123
bi1: 1
point {
  longitude: 22.0
  latitude: 22.0
  altitude: 1.0
}

2025-07-31 20:44:02,009 INFO  [io.api.tes.ser.api.KafkaSerdesTester] (Thread-776) topic-0d04e09f_bd28_48f0_9f54_e86774a68fa8 0 4 header {
  time {
  }
}
d1: 1.753994640756E12
s1: "a"
i1: 123
bi1: 1
point {
  longitude: 22.0
  latitude: 22.0
  altitude: 1.0
}

2025-07-31 20:44:02,011 INFO  [io.api.tes.ser.api.KafkaSerdesTester] (Thread-776) topic-0d04e09f_bd28_48f0_9f54_e86774a68fa8 0 5 header {
  time {
  }
}
d1: 1.753994640857E12
s1: "a"
i1: 123
bi1: 1
point {
  longitude: 22.0
  latitude: 22.0
  altitude: 1.0
}

2025-07-31 20:44:02,012 INFO  [io.api.tes.ser.api.KafkaSerdesTester] (Thread-776) topic-0d04e09f_bd28_48f0_9f54_e86774a68fa8 0 6 header {
  time {
  }
}
d1: 1.753994640958E12
s1: "a"
i1: 123
bi1: 1
point {
  longitude: 22.0
  latitude: 22.0
  altitude: 1.0
}

2025-07-31 20:44:02,012 INFO  [io.api.tes.ser.api.KafkaSerdesTester] (Thread-776) topic-0d04e09f_bd28_48f0_9f54_e86774a68fa8 0 7 header {
  time {
  }
}
d1: 1.753994641059E12
s1: "a"
i1: 123
bi1: 1
point {
  longitude: 22.0
  latitude: 22.0
  altitude: 1.0
}

2025-07-31 20:44:02,012 INFO  [io.api.tes.ser.api.KafkaSerdesTester] (Thread-776) topic-0d04e09f_bd28_48f0_9f54_e86774a68fa8 0 8 header {
  time {
  }
}
d1: 1.753994641164E12
s1: "a"
i1: 123
bi1: 1
point {
  longitude: 22.0
  latitude: 22.0
  altitude: 1.0
}

2025-07-31 20:44:02,012 INFO  [io.api.tes.ser.api.KafkaSerdesTester] (Thread-776) topic-0d04e09f_bd28_48f0_9f54_e86774a68fa8 0 9 header {
  time {
  }
}
d1: 1.753994641273E12
s1: "a"
i1: 123
bi1: 1
point {
  longitude: 22.0
  latitude: 22.0
  altitude: 1.0
}

2025-07-31 20:44:02,012 INFO  [io.api.tes.ser.api.KafkaSerdesTester] (Thread-776) Consumed 10 messages
2025-07-31 20:44:02,015 INFO  [org.apa.kaf.cli.con.int.ConsumerRebalanceListenerInvoker] (Thread-776) [Consumer clientId=consumer-Consumer-topic-0d04e09f_bd28_48f0_9f54_e86774a68fa8-23, groupId=Consumer-topic-0d04e09f_bd28_48f0_9f54_e86774a68fa8] Revoke previously assigned partitions topic-0d04e09f_bd28_48f0_9f54_e86774a68fa8-0
2025-07-31 20:44:02,015 INFO  [org.apa.kaf.cli.con.int.ConsumerCoordinator] (Thread-776) [Consumer clientId=consumer-Consumer-topic-0d04e09f_bd28_48f0_9f54_e86774a68fa8-23, groupId=Consumer-topic-0d04e09f_bd28_48f0_9f54_e86774a68fa8] Member consumer-Consumer-topic-0d04e09f_bd28_48f0_9f54_e86774a68fa8-23-2205c137-678a-413b-9aab-3a097d51ea79 sending LeaveGroup request to coordinator localhost:32770 (id: 2147483647 rack: null) due to the consumer is being closed
2025-07-31 20:44:02,015 INFO  [org.apa.kaf.cli.con.int.ConsumerCoordinator] (Thread-776) [Consumer clientId=consumer-Consumer-topic-0d04e09f_bd28_48f0_9f54_e86774a68fa8-23, groupId=Consumer-topic-0d04e09f_bd28_48f0_9f54_e86774a68fa8] Resetting generation and member id due to: consumer pro-actively leaving the group
2025-07-31 20:44:02,015 INFO  [org.apa.kaf.cli.con.int.ConsumerCoordinator] (Thread-776) [Consumer clientId=consumer-Consumer-topic-0d04e09f_bd28_48f0_9f54_e86774a68fa8-23, groupId=Consumer-topic-0d04e09f_bd28_48f0_9f54_e86774a68fa8] Request joining group due to: consumer pro-actively leaving the group
2025-07-31 20:44:02,513 INFO  [org.apa.kaf.com.met.Metrics] (Thread-776) Metrics scheduler closed
2025-07-31 20:44:02,513 INFO  [org.apa.kaf.com.met.Metrics] (Thread-776) Closing reporter org.apache.kafka.common.metrics.JmxReporter
2025-07-31 20:44:02,513 INFO  [org.apa.kaf.com.met.Metrics] (Thread-776) Closing reporter org.apache.kafka.common.telemetry.internals.ClientTelemetryReporter
2025-07-31 20:44:02,513 INFO  [org.apa.kaf.com.met.Metrics] (Thread-776) Metrics reporters closed
2025-07-31 20:44:02,515 INFO  [org.apa.kaf.com.uti.AppInfoParser] (Thread-776) App info kafka.consumer for consumer-Consumer-topic-0d04e09f_bd28_48f0_9f54_e86774a68fa8-23 unregistered
2025-07-31 20:44:02,598 INFO  [io.api.tes.uti.TestSeparator] (main) io.apicurio.tests.serdes.apicurio.ProtobufSerdeIT.testTopicIdStrategyAutoRegister-FINISHED
2025-07-31 20:44:02,598 INFO  [io.api.tes.uti.TestSeparator] (main) ############################################################################
Test passed: testTopicIdStrategyAutoRegister
]]></system-out>
  </testcase>
  <testcase name="testAutoRegisterAndUseBody" classname="io.apicurio.tests.serdes.apicurio.ProtobufSerdeIT" time="2.459">
    <system-out><![CDATA[2025-07-31 20:44:02,600 INFO  [io.api.tes.uti.TestSeparator] (main) ############################################################################
2025-07-31 20:44:02,600 INFO  [io.api.tes.uti.TestSeparator] (main) io.apicurio.tests.serdes.apicurio.ProtobufSerdeIT.testAutoRegisterAndUseBody-STARTED
**** Registry Base URL: http://registry-app-mysql.apps.ci419.apicurio-testing.org:80
2025-07-31 20:44:02,602 INFO  [org.apa.kaf.cli.pro.ProducerConfig] (main) ProducerConfig values: 
	acks = -1
	auto.include.jmx.reporter = true
	batch.size = 16384
	bootstrap.servers = [PLAINTEXT://localhost:32770]
	buffer.memory = 33554432
	client.dns.lookup = use_all_dns_ips
	client.id = Producer-topic-01f3458c_42ae_4b1f_88af_4cc2af03f929
	compression.gzip.level = -1
	compression.lz4.level = 9
	compression.type = none
	compression.zstd.level = 3
	connections.max.idle.ms = 10000
	delivery.timeout.ms = 120000
	enable.idempotence = true
	enable.metrics.push = true
	interceptor.classes = []
	key.serializer = class org.apache.kafka.common.serialization.StringSerializer
	linger.ms = 0
	max.block.ms = 60000
	max.in.flight.requests.per.connection = 5
	max.request.size = 1048576
	metadata.max.age.ms = 300000
	metadata.max.idle.ms = 300000
	metadata.recovery.strategy = none
	metric.reporters = []
	metrics.num.samples = 2
	metrics.recording.level = INFO
	metrics.sample.window.ms = 30000
	partitioner.adaptive.partitioning.enable = true
	partitioner.availability.timeout.ms = 0
	partitioner.class = null
	partitioner.ignore.keys = false
	receive.buffer.bytes = 32768
	reconnect.backoff.max.ms = 1000
	reconnect.backoff.ms = 50
	request.timeout.ms = 5000
	retries = 2147483647
	retry.backoff.max.ms = 1000
	retry.backoff.ms = 100
	sasl.client.callback.handler.class = null
	sasl.jaas.config = null
	sasl.kerberos.kinit.cmd = /usr/bin/kinit
	sasl.kerberos.min.time.before.relogin = 60000
	sasl.kerberos.service.name = null
	sasl.kerberos.ticket.renew.jitter = 0.05
	sasl.kerberos.ticket.renew.window.factor = 0.8
	sasl.login.callback.handler.class = null
	sasl.login.class = null
	sasl.login.connect.timeout.ms = null
	sasl.login.read.timeout.ms = null
	sasl.login.refresh.buffer.seconds = 300
	sasl.login.refresh.min.period.seconds = 60
	sasl.login.refresh.window.factor = 0.8
	sasl.login.refresh.window.jitter = 0.05
	sasl.login.retry.backoff.max.ms = 10000
	sasl.login.retry.backoff.ms = 100
	sasl.mechanism = GSSAPI
	sasl.oauthbearer.clock.skew.seconds = 30
	sasl.oauthbearer.expected.audience = null
	sasl.oauthbearer.expected.issuer = null
	sasl.oauthbearer.header.urlencode = false
	sasl.oauthbearer.jwks.endpoint.refresh.ms = 3600000
	sasl.oauthbearer.jwks.endpoint.retry.backoff.max.ms = 10000
	sasl.oauthbearer.jwks.endpoint.retry.backoff.ms = 100
	sasl.oauthbearer.jwks.endpoint.url = null
	sasl.oauthbearer.scope.claim.name = scope
	sasl.oauthbearer.sub.claim.name = sub
	sasl.oauthbearer.token.endpoint.url = null
	security.protocol = PLAINTEXT
	security.providers = null
	send.buffer.bytes = 131072
	socket.connection.setup.timeout.max.ms = 30000
	socket.connection.setup.timeout.ms = 10000
	ssl.cipher.suites = null
	ssl.enabled.protocols = [TLSv1.2, TLSv1.3]
	ssl.endpoint.identification.algorithm = https
	ssl.engine.factory.class = null
	ssl.key.password = null
	ssl.keymanager.algorithm = SunX509
	ssl.keystore.certificate.chain = null
	ssl.keystore.key = null
	ssl.keystore.location = null
	ssl.keystore.password = null
	ssl.keystore.type = JKS
	ssl.protocol = TLSv1.3
	ssl.provider = null
	ssl.secure.random.implementation = null
	ssl.trustmanager.algorithm = PKIX
	ssl.truststore.certificates = null
	ssl.truststore.location = null
	ssl.truststore.password = null
	ssl.truststore.type = JKS
	transaction.timeout.ms = 60000
	transactional.id = null
	value.serializer = class io.apicurio.registry.serde.protobuf.ProtobufKafkaSerializer

2025-07-31 20:44:02,602 INFO  [org.apa.kaf.com.tel.int.KafkaMetricsCollector] (main) initializing Kafka metrics collector
2025-07-31 20:44:02,605 INFO  [org.apa.kaf.cli.pro.KafkaProducer] (main) [Producer clientId=Producer-topic-01f3458c_42ae_4b1f_88af_4cc2af03f929] Instantiated an idempotent producer.
2025-07-31 20:44:02,608 INFO  [org.apa.kaf.cli.pro.ProducerConfig] (main) These configurations '[apicurio.registry.url, apicurio.registry.auto-register, apicurio.registry.artifact-resolver-strategy]' were supplied but are not used yet.
2025-07-31 20:44:02,608 INFO  [org.apa.kaf.com.uti.AppInfoParser] (main) Kafka version: 3.9.1
2025-07-31 20:44:02,608 INFO  [org.apa.kaf.com.uti.AppInfoParser] (main) Kafka commitId: f745dfdcee2b9851
2025-07-31 20:44:02,608 INFO  [org.apa.kaf.com.uti.AppInfoParser] (main) Kafka startTimeMs: 1753994642608
2025-07-31 20:44:02,608 INFO  [io.api.tes.ser.api.SimpleSerdesTesterBuilder$SimpleSerdesTester] (main) Using producer configuration: {apicurio.registry.url=http://registry-app-mysql.apps.ci419.apicurio-testing.org:80/apis/registry/v3, apicurio.registry.auto-register=true, apicurio.registry.artifact-resolver-strategy=io.apicurio.registry.serde.strategy.TopicIdStrategy, value.serializer=io.apicurio.registry.serde.protobuf.ProtobufKafkaSerializer, request.timeout.ms=5000, acks=all, bootstrap.servers=PLAINTEXT://localhost:32770, connections.max.idle.ms=10000, key.serializer=org.apache.kafka.common.serialization.StringSerializer, client.id=Producer-topic-01f3458c_42ae_4b1f_88af_4cc2af03f929}
2025-07-31 20:44:02,608 INFO  [io.api.tes.ser.api.SimpleSerdesTesterBuilder$SimpleSerdesTester] (main) Using consumer configuration: {apicurio.protobuf.derive.class=true}
2025-07-31 20:44:02,610 INFO  [io.api.tes.ser.api.KafkaSerdesTester] (Thread-779) Sending message header {
  time {
  }
}
d1: 1.753994642609E12
s1: "a"
i1: 123
bi1: 1
point {
  longitude: 22.0
  latitude: 22.0
  altitude: 1.0
}
 to topic topic-01f3458c_42ae_4b1f_88af_4cc2af03f929
2025-07-31 20:44:02,615 WARN  [org.apa.kaf.cli.NetworkClient] (kafka-producer-network-thread | Producer-topic-01f3458c_42ae_4b1f_88af_4cc2af03f929) [Producer clientId=Producer-topic-01f3458c_42ae_4b1f_88af_4cc2af03f929] The metadata response from the cluster reported a recoverable issue with correlation id 2 : {topic-01f3458c_42ae_4b1f_88af_4cc2af03f929=LEADER_NOT_AVAILABLE}
2025-07-31 20:44:02,615 INFO  [org.apa.kaf.cli.Metadata] (kafka-producer-network-thread | Producer-topic-01f3458c_42ae_4b1f_88af_4cc2af03f929) [Producer clientId=Producer-topic-01f3458c_42ae_4b1f_88af_4cc2af03f929] Cluster ID: 6lKjf0w6TFCctmqQa8E77g
2025-07-31 20:44:02,615 INFO  [org.apa.kaf.cli.pro.int.TransactionManager] (kafka-producer-network-thread | Producer-topic-01f3458c_42ae_4b1f_88af_4cc2af03f929) [Producer clientId=Producer-topic-01f3458c_42ae_4b1f_88af_4cc2af03f929] ProducerId set to 33 with epoch 0
2025-07-31 20:44:03,009 INFO  [io.api.tes.ser.api.KafkaSerdesTester] (Thread-779) Sending message header {
  time {
  }
}
d1: 1.753994643008E12
s1: "a"
i1: 123
bi1: 1
point {
  longitude: 22.0
  latitude: 22.0
  altitude: 1.0
}
 to topic topic-01f3458c_42ae_4b1f_88af_4cc2af03f929
2025-07-31 20:44:03,122 INFO  [io.api.tes.ser.api.KafkaSerdesTester] (Thread-779) Sending message header {
  time {
  }
}
d1: 1.753994643122E12
s1: "a"
i1: 123
bi1: 1
point {
  longitude: 22.0
  latitude: 22.0
  altitude: 1.0
}
 to topic topic-01f3458c_42ae_4b1f_88af_4cc2af03f929
2025-07-31 20:44:03,230 INFO  [io.api.tes.ser.api.KafkaSerdesTester] (Thread-779) Sending message header {
  time {
  }
}
d1: 1.753994643229E12
s1: "a"
i1: 123
bi1: 1
point {
  longitude: 22.0
  latitude: 22.0
  altitude: 1.0
}
 to topic topic-01f3458c_42ae_4b1f_88af_4cc2af03f929
2025-07-31 20:44:03,336 INFO  [io.api.tes.ser.api.KafkaSerdesTester] (Thread-779) Sending message header {
  time {
  }
}
d1: 1.753994643336E12
s1: "a"
i1: 123
bi1: 1
point {
  longitude: 22.0
  latitude: 22.0
  altitude: 1.0
}
 to topic topic-01f3458c_42ae_4b1f_88af_4cc2af03f929
2025-07-31 20:44:03,444 INFO  [io.api.tes.ser.api.KafkaSerdesTester] (Thread-779) Sending message header {
  time {
  }
}
d1: 1.753994643443E12
s1: "a"
i1: 123
bi1: 1
point {
  longitude: 22.0
  latitude: 22.0
  altitude: 1.0
}
 to topic topic-01f3458c_42ae_4b1f_88af_4cc2af03f929
2025-07-31 20:44:03,548 INFO  [io.api.tes.ser.api.KafkaSerdesTester] (Thread-779) Sending message header {
  time {
  }
}
d1: 1.753994643548E12
s1: "a"
i1: 123
bi1: 1
point {
  longitude: 22.0
  latitude: 22.0
  altitude: 1.0
}
 to topic topic-01f3458c_42ae_4b1f_88af_4cc2af03f929
2025-07-31 20:44:03,651 INFO  [io.api.tes.ser.api.KafkaSerdesTester] (Thread-779) Sending message header {
  time {
  }
}
d1: 1.753994643651E12
s1: "a"
i1: 123
bi1: 1
point {
  longitude: 22.0
  latitude: 22.0
  altitude: 1.0
}
 to topic topic-01f3458c_42ae_4b1f_88af_4cc2af03f929
2025-07-31 20:44:03,759 INFO  [io.api.tes.ser.api.KafkaSerdesTester] (Thread-779) Sending message header {
  time {
  }
}
d1: 1.753994643758E12
s1: "a"
i1: 123
bi1: 1
point {
  longitude: 22.0
  latitude: 22.0
  altitude: 1.0
}
 to topic topic-01f3458c_42ae_4b1f_88af_4cc2af03f929
2025-07-31 20:44:03,862 INFO  [io.api.tes.ser.api.KafkaSerdesTester] (Thread-779) Sending message header {
  time {
  }
}
d1: 1.753994643861E12
s1: "a"
i1: 123
bi1: 1
point {
  longitude: 22.0
  latitude: 22.0
  altitude: 1.0
}
 to topic topic-01f3458c_42ae_4b1f_88af_4cc2af03f929
2025-07-31 20:44:03,964 INFO  [io.api.tes.ser.api.KafkaSerdesTester] (Thread-779) Produced 10 messages
2025-07-31 20:44:03,964 INFO  [org.apa.kaf.cli.pro.KafkaProducer] (Thread-779) [Producer clientId=Producer-topic-01f3458c_42ae_4b1f_88af_4cc2af03f929] Closing the Kafka producer with timeoutMillis = 9223372036854775807 ms.
2025-07-31 20:44:03,966 INFO  [org.apa.kaf.com.met.Metrics] (Thread-779) Metrics scheduler closed
2025-07-31 20:44:03,966 INFO  [org.apa.kaf.com.met.Metrics] (Thread-779) Closing reporter org.apache.kafka.common.metrics.JmxReporter
2025-07-31 20:44:03,966 INFO  [org.apa.kaf.com.met.Metrics] (Thread-779) Closing reporter org.apache.kafka.common.telemetry.internals.ClientTelemetryReporter
2025-07-31 20:44:03,966 INFO  [org.apa.kaf.com.met.Metrics] (Thread-779) Metrics reporters closed
2025-07-31 20:44:03,966 INFO  [org.apa.kaf.com.uti.AppInfoParser] (Thread-779) App info kafka.producer for Producer-topic-01f3458c_42ae_4b1f_88af_4cc2af03f929 unregistered
**** Registry Base URL: http://registry-app-mysql.apps.ci419.apicurio-testing.org:80
2025-07-31 20:44:04,123 INFO  [org.apa.kaf.cli.con.ConsumerConfig] (main) ConsumerConfig values: 
	allow.auto.create.topics = true
	auto.commit.interval.ms = 500
	auto.include.jmx.reporter = true
	auto.offset.reset = earliest
	bootstrap.servers = [PLAINTEXT://localhost:32770]
	check.crcs = true
	client.dns.lookup = use_all_dns_ips
	client.id = consumer-Consumer-topic-01f3458c_42ae_4b1f_88af_4cc2af03f929-24
	client.rack = 
	connections.max.idle.ms = 10000
	default.api.timeout.ms = 60000
	enable.auto.commit = true
	enable.metrics.push = true
	exclude.internal.topics = true
	fetch.max.bytes = 52428800
	fetch.max.wait.ms = 500
	fetch.min.bytes = 1
	group.id = Consumer-topic-01f3458c_42ae_4b1f_88af_4cc2af03f929
	group.instance.id = null
	group.protocol = classic
	group.remote.assignor = null
	heartbeat.interval.ms = 3000
	interceptor.classes = []
	internal.leave.group.on.close = true
	internal.throw.on.fetch.stable.offset.unsupported = false
	isolation.level = read_uncommitted
	key.deserializer = class org.apache.kafka.common.serialization.StringDeserializer
	max.partition.fetch.bytes = 1048576
	max.poll.interval.ms = 300000
	max.poll.records = 500
	metadata.max.age.ms = 300000
	metadata.recovery.strategy = none
	metric.reporters = []
	metrics.num.samples = 2
	metrics.recording.level = INFO
	metrics.sample.window.ms = 30000
	partition.assignment.strategy = [class org.apache.kafka.clients.consumer.RangeAssignor, class org.apache.kafka.clients.consumer.CooperativeStickyAssignor]
	receive.buffer.bytes = 65536
	reconnect.backoff.max.ms = 1000
	reconnect.backoff.ms = 50
	request.timeout.ms = 5000
	retry.backoff.max.ms = 1000
	retry.backoff.ms = 100
	sasl.client.callback.handler.class = null
	sasl.jaas.config = null
	sasl.kerberos.kinit.cmd = /usr/bin/kinit
	sasl.kerberos.min.time.before.relogin = 60000
	sasl.kerberos.service.name = null
	sasl.kerberos.ticket.renew.jitter = 0.05
	sasl.kerberos.ticket.renew.window.factor = 0.8
	sasl.login.callback.handler.class = null
	sasl.login.class = null
	sasl.login.connect.timeout.ms = null
	sasl.login.read.timeout.ms = null
	sasl.login.refresh.buffer.seconds = 300
	sasl.login.refresh.min.period.seconds = 60
	sasl.login.refresh.window.factor = 0.8
	sasl.login.refresh.window.jitter = 0.05
	sasl.login.retry.backoff.max.ms = 10000
	sasl.login.retry.backoff.ms = 100
	sasl.mechanism = GSSAPI
	sasl.oauthbearer.clock.skew.seconds = 30
	sasl.oauthbearer.expected.audience = null
	sasl.oauthbearer.expected.issuer = null
	sasl.oauthbearer.header.urlencode = false
	sasl.oauthbearer.jwks.endpoint.refresh.ms = 3600000
	sasl.oauthbearer.jwks.endpoint.retry.backoff.max.ms = 10000
	sasl.oauthbearer.jwks.endpoint.retry.backoff.ms = 100
	sasl.oauthbearer.jwks.endpoint.url = null
	sasl.oauthbearer.scope.claim.name = scope
	sasl.oauthbearer.sub.claim.name = sub
	sasl.oauthbearer.token.endpoint.url = null
	security.protocol = PLAINTEXT
	security.providers = null
	send.buffer.bytes = 131072
	session.timeout.ms = 45000
	socket.connection.setup.timeout.max.ms = 30000
	socket.connection.setup.timeout.ms = 10000
	ssl.cipher.suites = null
	ssl.enabled.protocols = [TLSv1.2, TLSv1.3]
	ssl.endpoint.identification.algorithm = https
	ssl.engine.factory.class = null
	ssl.key.password = null
	ssl.keymanager.algorithm = SunX509
	ssl.keystore.certificate.chain = null
	ssl.keystore.key = null
	ssl.keystore.location = null
	ssl.keystore.password = null
	ssl.keystore.type = JKS
	ssl.protocol = TLSv1.3
	ssl.provider = null
	ssl.secure.random.implementation = null
	ssl.trustmanager.algorithm = PKIX
	ssl.truststore.certificates = null
	ssl.truststore.location = null
	ssl.truststore.password = null
	ssl.truststore.type = JKS
	value.deserializer = class io.apicurio.registry.serde.protobuf.ProtobufKafkaDeserializer

2025-07-31 20:44:04,123 INFO  [org.apa.kaf.com.tel.int.KafkaMetricsCollector] (main) initializing Kafka metrics collector
2025-07-31 20:44:04,127 INFO  [org.apa.kaf.cli.con.ConsumerConfig] (main) These configurations '[apicurio.registry.url, apicurio.protobuf.derive.class]' were supplied but are not used yet.
2025-07-31 20:44:04,127 INFO  [org.apa.kaf.com.uti.AppInfoParser] (main) Kafka version: 3.9.1
2025-07-31 20:44:04,127 INFO  [org.apa.kaf.com.uti.AppInfoParser] (main) Kafka commitId: f745dfdcee2b9851
2025-07-31 20:44:04,127 INFO  [org.apa.kaf.com.uti.AppInfoParser] (main) Kafka startTimeMs: 1753994644127
2025-07-31 20:44:04,127 INFO  [org.apa.kaf.cli.con.int.ClassicKafkaConsumer] (Thread-782) [Consumer clientId=consumer-Consumer-topic-01f3458c_42ae_4b1f_88af_4cc2af03f929-24, groupId=Consumer-topic-01f3458c_42ae_4b1f_88af_4cc2af03f929] Subscribed to topic(s): topic-01f3458c_42ae_4b1f_88af_4cc2af03f929
2025-07-31 20:44:04,130 INFO  [org.apa.kaf.cli.Metadata] (Thread-782) [Consumer clientId=consumer-Consumer-topic-01f3458c_42ae_4b1f_88af_4cc2af03f929-24, groupId=Consumer-topic-01f3458c_42ae_4b1f_88af_4cc2af03f929] Cluster ID: 6lKjf0w6TFCctmqQa8E77g
2025-07-31 20:44:04,131 INFO  [org.apa.kaf.cli.con.int.ConsumerCoordinator] (Thread-782) [Consumer clientId=consumer-Consumer-topic-01f3458c_42ae_4b1f_88af_4cc2af03f929-24, groupId=Consumer-topic-01f3458c_42ae_4b1f_88af_4cc2af03f929] Discovered group coordinator localhost:32770 (id: 2147483647 rack: null)
2025-07-31 20:44:04,131 INFO  [org.apa.kaf.cli.con.int.ConsumerCoordinator] (Thread-782) [Consumer clientId=consumer-Consumer-topic-01f3458c_42ae_4b1f_88af_4cc2af03f929-24, groupId=Consumer-topic-01f3458c_42ae_4b1f_88af_4cc2af03f929] (Re-)joining group
2025-07-31 20:44:04,133 INFO  [org.apa.kaf.cli.con.int.ConsumerCoordinator] (Thread-782) [Consumer clientId=consumer-Consumer-topic-01f3458c_42ae_4b1f_88af_4cc2af03f929-24, groupId=Consumer-topic-01f3458c_42ae_4b1f_88af_4cc2af03f929] Request joining group due to: need to re-join with the given member-id: consumer-Consumer-topic-01f3458c_42ae_4b1f_88af_4cc2af03f929-24-ba03a015-3a50-49ed-82c9-e4555a3e459e
2025-07-31 20:44:04,133 INFO  [org.apa.kaf.cli.con.int.ConsumerCoordinator] (Thread-782) [Consumer clientId=consumer-Consumer-topic-01f3458c_42ae_4b1f_88af_4cc2af03f929-24, groupId=Consumer-topic-01f3458c_42ae_4b1f_88af_4cc2af03f929] (Re-)joining group
2025-07-31 20:44:04,135 INFO  [org.apa.kaf.cli.con.int.ConsumerCoordinator] (Thread-782) [Consumer clientId=consumer-Consumer-topic-01f3458c_42ae_4b1f_88af_4cc2af03f929-24, groupId=Consumer-topic-01f3458c_42ae_4b1f_88af_4cc2af03f929] Successfully joined group with generation Generation{generationId=1, memberId='consumer-Consumer-topic-01f3458c_42ae_4b1f_88af_4cc2af03f929-24-ba03a015-3a50-49ed-82c9-e4555a3e459e', protocol='range'}
2025-07-31 20:44:04,135 INFO  [org.apa.kaf.cli.con.int.ConsumerCoordinator] (Thread-782) [Consumer clientId=consumer-Consumer-topic-01f3458c_42ae_4b1f_88af_4cc2af03f929-24, groupId=Consumer-topic-01f3458c_42ae_4b1f_88af_4cc2af03f929] Finished assignment for group at generation 1: {consumer-Consumer-topic-01f3458c_42ae_4b1f_88af_4cc2af03f929-24-ba03a015-3a50-49ed-82c9-e4555a3e459e=Assignment(partitions=[topic-01f3458c_42ae_4b1f_88af_4cc2af03f929-0])}
2025-07-31 20:44:04,136 INFO  [org.apa.kaf.cli.con.int.ConsumerCoordinator] (Thread-782) [Consumer clientId=consumer-Consumer-topic-01f3458c_42ae_4b1f_88af_4cc2af03f929-24, groupId=Consumer-topic-01f3458c_42ae_4b1f_88af_4cc2af03f929] Successfully synced group in generation Generation{generationId=1, memberId='consumer-Consumer-topic-01f3458c_42ae_4b1f_88af_4cc2af03f929-24-ba03a015-3a50-49ed-82c9-e4555a3e459e', protocol='range'}
2025-07-31 20:44:04,137 INFO  [org.apa.kaf.cli.con.int.ConsumerCoordinator] (Thread-782) [Consumer clientId=consumer-Consumer-topic-01f3458c_42ae_4b1f_88af_4cc2af03f929-24, groupId=Consumer-topic-01f3458c_42ae_4b1f_88af_4cc2af03f929] Notifying assignor about the new Assignment(partitions=[topic-01f3458c_42ae_4b1f_88af_4cc2af03f929-0])
2025-07-31 20:44:04,137 INFO  [org.apa.kaf.cli.con.int.ConsumerRebalanceListenerInvoker] (Thread-782) [Consumer clientId=consumer-Consumer-topic-01f3458c_42ae_4b1f_88af_4cc2af03f929-24, groupId=Consumer-topic-01f3458c_42ae_4b1f_88af_4cc2af03f929] Adding newly assigned partitions: topic-01f3458c_42ae_4b1f_88af_4cc2af03f929-0
2025-07-31 20:44:04,137 INFO  [org.apa.kaf.cli.con.int.ConsumerCoordinator] (Thread-782) [Consumer clientId=consumer-Consumer-topic-01f3458c_42ae_4b1f_88af_4cc2af03f929-24, groupId=Consumer-topic-01f3458c_42ae_4b1f_88af_4cc2af03f929] Found no committed offset for partition topic-01f3458c_42ae_4b1f_88af_4cc2af03f929-0
2025-07-31 20:44:04,140 INFO  [org.apa.kaf.cli.con.int.SubscriptionState] (Thread-782) [Consumer clientId=consumer-Consumer-topic-01f3458c_42ae_4b1f_88af_4cc2af03f929-24, groupId=Consumer-topic-01f3458c_42ae_4b1f_88af_4cc2af03f929] Resetting offset for partition topic-01f3458c_42ae_4b1f_88af_4cc2af03f929-0 to position FetchPosition{offset=0, offsetEpoch=Optional.empty, currentLeader=LeaderAndEpoch{leader=Optional[localhost:32770 (id: 0 rack: null)], epoch=0}}.
2025-07-31 20:44:04,551 INFO  [io.api.tes.ser.api.KafkaSerdesTester] (Thread-782) topic-01f3458c_42ae_4b1f_88af_4cc2af03f929 0 0 header {
  time {
  }
}
d1: 1.753994642609E12
s1: "a"
i1: 123
bi1: 1
point {
  longitude: 22.0
  latitude: 22.0
  altitude: 1.0
}

2025-07-31 20:44:04,551 INFO  [io.api.tes.ser.api.KafkaSerdesTester] (Thread-782) topic-01f3458c_42ae_4b1f_88af_4cc2af03f929 0 1 header {
  time {
  }
}
d1: 1.753994643008E12
s1: "a"
i1: 123
bi1: 1
point {
  longitude: 22.0
  latitude: 22.0
  altitude: 1.0
}

2025-07-31 20:44:04,551 INFO  [io.api.tes.ser.api.KafkaSerdesTester] (Thread-782) topic-01f3458c_42ae_4b1f_88af_4cc2af03f929 0 2 header {
  time {
  }
}
d1: 1.753994643122E12
s1: "a"
i1: 123
bi1: 1
point {
  longitude: 22.0
  latitude: 22.0
  altitude: 1.0
}

2025-07-31 20:44:04,551 INFO  [io.api.tes.ser.api.KafkaSerdesTester] (Thread-782) topic-01f3458c_42ae_4b1f_88af_4cc2af03f929 0 3 header {
  time {
  }
}
d1: 1.753994643229E12
s1: "a"
i1: 123
bi1: 1
point {
  longitude: 22.0
  latitude: 22.0
  altitude: 1.0
}

2025-07-31 20:44:04,553 INFO  [io.api.tes.ser.api.KafkaSerdesTester] (Thread-782) topic-01f3458c_42ae_4b1f_88af_4cc2af03f929 0 4 header {
  time {
  }
}
d1: 1.753994643336E12
s1: "a"
i1: 123
bi1: 1
point {
  longitude: 22.0
  latitude: 22.0
  altitude: 1.0
}

2025-07-31 20:44:04,553 INFO  [io.api.tes.ser.api.KafkaSerdesTester] (Thread-782) topic-01f3458c_42ae_4b1f_88af_4cc2af03f929 0 5 header {
  time {
  }
}
d1: 1.753994643443E12
s1: "a"
i1: 123
bi1: 1
point {
  longitude: 22.0
  latitude: 22.0
  altitude: 1.0
}

2025-07-31 20:44:04,553 INFO  [io.api.tes.ser.api.KafkaSerdesTester] (Thread-782) topic-01f3458c_42ae_4b1f_88af_4cc2af03f929 0 6 header {
  time {
  }
}
d1: 1.753994643548E12
s1: "a"
i1: 123
bi1: 1
point {
  longitude: 22.0
  latitude: 22.0
  altitude: 1.0
}

2025-07-31 20:44:04,553 INFO  [io.api.tes.ser.api.KafkaSerdesTester] (Thread-782) topic-01f3458c_42ae_4b1f_88af_4cc2af03f929 0 7 header {
  time {
  }
}
d1: 1.753994643651E12
s1: "a"
i1: 123
bi1: 1
point {
  longitude: 22.0
  latitude: 22.0
  altitude: 1.0
}

2025-07-31 20:44:04,553 INFO  [io.api.tes.ser.api.KafkaSerdesTester] (Thread-782) topic-01f3458c_42ae_4b1f_88af_4cc2af03f929 0 8 header {
  time {
  }
}
d1: 1.753994643758E12
s1: "a"
i1: 123
bi1: 1
point {
  longitude: 22.0
  latitude: 22.0
  altitude: 1.0
}

2025-07-31 20:44:04,553 INFO  [io.api.tes.ser.api.KafkaSerdesTester] (Thread-782) topic-01f3458c_42ae_4b1f_88af_4cc2af03f929 0 9 header {
  time {
  }
}
d1: 1.753994643861E12
s1: "a"
i1: 123
bi1: 1
point {
  longitude: 22.0
  latitude: 22.0
  altitude: 1.0
}

2025-07-31 20:44:04,553 INFO  [io.api.tes.ser.api.KafkaSerdesTester] (Thread-782) Consumed 10 messages
2025-07-31 20:44:04,557 INFO  [org.apa.kaf.cli.con.int.ConsumerRebalanceListenerInvoker] (Thread-782) [Consumer clientId=consumer-Consumer-topic-01f3458c_42ae_4b1f_88af_4cc2af03f929-24, groupId=Consumer-topic-01f3458c_42ae_4b1f_88af_4cc2af03f929] Revoke previously assigned partitions topic-01f3458c_42ae_4b1f_88af_4cc2af03f929-0
2025-07-31 20:44:04,557 INFO  [org.apa.kaf.cli.con.int.ConsumerCoordinator] (Thread-782) [Consumer clientId=consumer-Consumer-topic-01f3458c_42ae_4b1f_88af_4cc2af03f929-24, groupId=Consumer-topic-01f3458c_42ae_4b1f_88af_4cc2af03f929] Member consumer-Consumer-topic-01f3458c_42ae_4b1f_88af_4cc2af03f929-24-ba03a015-3a50-49ed-82c9-e4555a3e459e sending LeaveGroup request to coordinator localhost:32770 (id: 2147483647 rack: null) due to the consumer is being closed
2025-07-31 20:44:04,557 INFO  [org.apa.kaf.cli.con.int.ConsumerCoordinator] (Thread-782) [Consumer clientId=consumer-Consumer-topic-01f3458c_42ae_4b1f_88af_4cc2af03f929-24, groupId=Consumer-topic-01f3458c_42ae_4b1f_88af_4cc2af03f929] Resetting generation and member id due to: consumer pro-actively leaving the group
2025-07-31 20:44:04,557 INFO  [org.apa.kaf.cli.con.int.ConsumerCoordinator] (Thread-782) [Consumer clientId=consumer-Consumer-topic-01f3458c_42ae_4b1f_88af_4cc2af03f929-24, groupId=Consumer-topic-01f3458c_42ae_4b1f_88af_4cc2af03f929] Request joining group due to: consumer pro-actively leaving the group
2025-07-31 20:44:05,054 INFO  [org.apa.kaf.com.met.Metrics] (Thread-782) Metrics scheduler closed
2025-07-31 20:44:05,054 INFO  [org.apa.kaf.com.met.Metrics] (Thread-782) Closing reporter org.apache.kafka.common.metrics.JmxReporter
2025-07-31 20:44:05,054 INFO  [org.apa.kaf.com.met.Metrics] (Thread-782) Closing reporter org.apache.kafka.common.telemetry.internals.ClientTelemetryReporter
2025-07-31 20:44:05,054 INFO  [org.apa.kaf.com.met.Metrics] (Thread-782) Metrics reporters closed
2025-07-31 20:44:05,055 INFO  [org.apa.kaf.com.uti.AppInfoParser] (Thread-782) App info kafka.consumer for consumer-Consumer-topic-01f3458c_42ae_4b1f_88af_4cc2af03f929-24 unregistered
2025-07-31 20:44:05,056 INFO  [io.api.tes.uti.TestSeparator] (main) io.apicurio.tests.serdes.apicurio.ProtobufSerdeIT.testAutoRegisterAndUseBody-FINISHED
2025-07-31 20:44:05,058 INFO  [io.api.tes.uti.TestSeparator] (main) ############################################################################
Test passed: testAutoRegisterAndUseBody
]]></system-out>
  </testcase>
  <testcase name="testValidation" classname="io.apicurio.tests.serdes.apicurio.ProtobufSerdeIT" time="9.142">
    <system-out><![CDATA[2025-07-31 20:44:05,059 INFO  [io.api.tes.uti.TestSeparator] (main) ############################################################################
2025-07-31 20:44:05,059 INFO  [io.api.tes.uti.TestSeparator] (main) io.apicurio.tests.serdes.apicurio.ProtobufSerdeIT.testValidation-STARTED
**** Registry Base URL: http://registry-app-mysql.apps.ci419.apicurio-testing.org:80
2025-07-31 20:44:07,441 INFO  [org.apa.kaf.cli.pro.ProducerConfig] (main) ProducerConfig values: 
	acks = -1
	auto.include.jmx.reporter = true
	batch.size = 16384
	bootstrap.servers = [PLAINTEXT://localhost:32770]
	buffer.memory = 33554432
	client.dns.lookup = use_all_dns_ips
	client.id = Producer-scec1ddefx0a6ax43d5x9d8ex350bf4f5cd6a
	compression.gzip.level = -1
	compression.lz4.level = 9
	compression.type = none
	compression.zstd.level = 3
	connections.max.idle.ms = 10000
	delivery.timeout.ms = 120000
	enable.idempotence = true
	enable.metrics.push = true
	interceptor.classes = []
	key.serializer = class org.apache.kafka.common.serialization.StringSerializer
	linger.ms = 0
	max.block.ms = 60000
	max.in.flight.requests.per.connection = 5
	max.request.size = 1048576
	metadata.max.age.ms = 300000
	metadata.max.idle.ms = 300000
	metadata.recovery.strategy = none
	metric.reporters = []
	metrics.num.samples = 2
	metrics.recording.level = INFO
	metrics.sample.window.ms = 30000
	partitioner.adaptive.partitioning.enable = true
	partitioner.availability.timeout.ms = 0
	partitioner.class = null
	partitioner.ignore.keys = false
	receive.buffer.bytes = 32768
	reconnect.backoff.max.ms = 1000
	reconnect.backoff.ms = 50
	request.timeout.ms = 5000
	retries = 2147483647
	retry.backoff.max.ms = 1000
	retry.backoff.ms = 100
	sasl.client.callback.handler.class = null
	sasl.jaas.config = null
	sasl.kerberos.kinit.cmd = /usr/bin/kinit
	sasl.kerberos.min.time.before.relogin = 60000
	sasl.kerberos.service.name = null
	sasl.kerberos.ticket.renew.jitter = 0.05
	sasl.kerberos.ticket.renew.window.factor = 0.8
	sasl.login.callback.handler.class = null
	sasl.login.class = null
	sasl.login.connect.timeout.ms = null
	sasl.login.read.timeout.ms = null
	sasl.login.refresh.buffer.seconds = 300
	sasl.login.refresh.min.period.seconds = 60
	sasl.login.refresh.window.factor = 0.8
	sasl.login.refresh.window.jitter = 0.05
	sasl.login.retry.backoff.max.ms = 10000
	sasl.login.retry.backoff.ms = 100
	sasl.mechanism = GSSAPI
	sasl.oauthbearer.clock.skew.seconds = 30
	sasl.oauthbearer.expected.audience = null
	sasl.oauthbearer.expected.issuer = null
	sasl.oauthbearer.header.urlencode = false
	sasl.oauthbearer.jwks.endpoint.refresh.ms = 3600000
	sasl.oauthbearer.jwks.endpoint.retry.backoff.max.ms = 10000
	sasl.oauthbearer.jwks.endpoint.retry.backoff.ms = 100
	sasl.oauthbearer.jwks.endpoint.url = null
	sasl.oauthbearer.scope.claim.name = scope
	sasl.oauthbearer.sub.claim.name = sub
	sasl.oauthbearer.token.endpoint.url = null
	security.protocol = PLAINTEXT
	security.providers = null
	send.buffer.bytes = 131072
	socket.connection.setup.timeout.max.ms = 30000
	socket.connection.setup.timeout.ms = 10000
	ssl.cipher.suites = null
	ssl.enabled.protocols = [TLSv1.2, TLSv1.3]
	ssl.endpoint.identification.algorithm = https
	ssl.engine.factory.class = null
	ssl.key.password = null
	ssl.keymanager.algorithm = SunX509
	ssl.keystore.certificate.chain = null
	ssl.keystore.key = null
	ssl.keystore.location = null
	ssl.keystore.password = null
	ssl.keystore.type = JKS
	ssl.protocol = TLSv1.3
	ssl.provider = null
	ssl.secure.random.implementation = null
	ssl.trustmanager.algorithm = PKIX
	ssl.truststore.certificates = null
	ssl.truststore.location = null
	ssl.truststore.password = null
	ssl.truststore.type = JKS
	transaction.timeout.ms = 60000
	transactional.id = null
	value.serializer = class io.apicurio.registry.serde.protobuf.ProtobufKafkaSerializer

2025-07-31 20:44:07,441 INFO  [org.apa.kaf.com.tel.int.KafkaMetricsCollector] (main) initializing Kafka metrics collector
2025-07-31 20:44:07,444 INFO  [org.apa.kaf.cli.pro.KafkaProducer] (main) [Producer clientId=Producer-scec1ddefx0a6ax43d5x9d8ex350bf4f5cd6a] Instantiated an idempotent producer.
2025-07-31 20:44:07,445 INFO  [org.apa.kaf.cli.pro.ProducerConfig] (main) These configurations '[apicurio.registry.headers.enabled, apicurio.registry.find-latest, apicurio.registry.url, apicurio.registry.artifact-resolver-strategy, apicurio.registry.artifact.version]' were supplied but are not used yet.
2025-07-31 20:44:07,445 INFO  [org.apa.kaf.com.uti.AppInfoParser] (main) Kafka version: 3.9.1
2025-07-31 20:44:07,445 INFO  [org.apa.kaf.com.uti.AppInfoParser] (main) Kafka commitId: f745dfdcee2b9851
2025-07-31 20:44:07,445 INFO  [org.apa.kaf.com.uti.AppInfoParser] (main) Kafka startTimeMs: 1753994647445
2025-07-31 20:44:07,445 INFO  [io.api.tes.ser.api.SimpleSerdesTesterBuilder$SimpleSerdesTester] (main) Using producer configuration: {apicurio.registry.headers.enabled=true, request.timeout.ms=5000, acks=all, bootstrap.servers=PLAINTEXT://localhost:32770, key.serializer=org.apache.kafka.common.serialization.StringSerializer, apicurio.registry.find-latest=false, apicurio.registry.url=http://registry-app-mysql.apps.ci419.apicurio-testing.org:80/apis/registry/v3, apicurio.registry.artifact-resolver-strategy=io.apicurio.registry.serde.strategy.TopicIdStrategy, value.serializer=io.apicurio.registry.serde.protobuf.ProtobufKafkaSerializer, connections.max.idle.ms=10000, apicurio.registry.artifact.version=1, client.id=Producer-scec1ddefx0a6ax43d5x9d8ex350bf4f5cd6a}
2025-07-31 20:44:07,445 INFO  [io.api.tes.ser.api.SimpleSerdesTesterBuilder$SimpleSerdesTester] (main) Using consumer configuration: {apicurio.registry.headers.enabled=true}
2025-07-31 20:44:07,446 INFO  [io.api.tes.ser.api.KafkaSerdesTester] (Thread-785) Sending message header {
  time {
  }
}
d1: 1.753994647446E12
s1: "a"
i1: 123
bi1: 1
point {
  longitude: 22.0
  latitude: 22.0
  altitude: 1.0
}
 to topic scec1ddefx0a6ax43d5x9d8ex350bf4f5cd6a
2025-07-31 20:44:07,448 INFO  [org.apa.kaf.cli.Metadata] (kafka-producer-network-thread | Producer-scec1ddefx0a6ax43d5x9d8ex350bf4f5cd6a) [Producer clientId=Producer-scec1ddefx0a6ax43d5x9d8ex350bf4f5cd6a] Cluster ID: 6lKjf0w6TFCctmqQa8E77g
2025-07-31 20:44:07,449 INFO  [org.apa.kaf.cli.pro.int.TransactionManager] (kafka-producer-network-thread | Producer-scec1ddefx0a6ax43d5x9d8ex350bf4f5cd6a) [Producer clientId=Producer-scec1ddefx0a6ax43d5x9d8ex350bf4f5cd6a] ProducerId set to 34 with epoch 0
2025-07-31 20:44:08,743 INFO  [io.api.tes.ser.api.KafkaSerdesTester] (Thread-785) Sending message header {
  time {
  }
}
d1: 1.753994648742E12
s1: "a"
i1: 123
bi1: 1
point {
  longitude: 22.0
  latitude: 22.0
  altitude: 1.0
}
 to topic scec1ddefx0a6ax43d5x9d8ex350bf4f5cd6a
2025-07-31 20:44:08,744 INFO  [io.api.tes.ser.api.KafkaSerdesTester] (Thread-785) Sending message header {
  time {
  }
}
d1: 1.753994648744E12
s1: "a"
i1: 123
bi1: 1
point {
  longitude: 22.0
  latitude: 22.0
  altitude: 1.0
}
 to topic scec1ddefx0a6ax43d5x9d8ex350bf4f5cd6a
2025-07-31 20:44:08,748 INFO  [io.api.tes.ser.api.KafkaSerdesTester] (Thread-785) Sending message header {
  time {
  }
}
d1: 1.753994648748E12
s1: "a"
i1: 123
bi1: 1
point {
  longitude: 22.0
  latitude: 22.0
  altitude: 1.0
}
 to topic scec1ddefx0a6ax43d5x9d8ex350bf4f5cd6a
2025-07-31 20:44:08,750 INFO  [io.api.tes.ser.api.KafkaSerdesTester] (Thread-785) Sending message header {
  time {
  }
}
d1: 1.753994648749E12
s1: "a"
i1: 123
bi1: 1
point {
  longitude: 22.0
  latitude: 22.0
  altitude: 1.0
}
 to topic scec1ddefx0a6ax43d5x9d8ex350bf4f5cd6a
2025-07-31 20:44:08,753 INFO  [io.api.tes.ser.api.KafkaSerdesTester] (Thread-785) Sending message header {
  time {
  }
}
d1: 1.753994648753E12
s1: "a"
i1: 123
bi1: 1
point {
  longitude: 22.0
  latitude: 22.0
  altitude: 1.0
}
 to topic scec1ddefx0a6ax43d5x9d8ex350bf4f5cd6a
2025-07-31 20:44:08,760 INFO  [io.api.tes.ser.api.KafkaSerdesTester] (Thread-785) Sending message header {
  time {
  }
}
d1: 1.75399464876E12
s1: "a"
i1: 123
bi1: 1
point {
  longitude: 22.0
  latitude: 22.0
  altitude: 1.0
}
 to topic scec1ddefx0a6ax43d5x9d8ex350bf4f5cd6a
2025-07-31 20:44:08,763 INFO  [io.api.tes.ser.api.KafkaSerdesTester] (Thread-785) Sending message header {
  time {
  }
}
d1: 1.753994648763E12
s1: "a"
i1: 123
bi1: 1
point {
  longitude: 22.0
  latitude: 22.0
  altitude: 1.0
}
 to topic scec1ddefx0a6ax43d5x9d8ex350bf4f5cd6a
2025-07-31 20:44:08,764 INFO  [io.api.tes.ser.api.KafkaSerdesTester] (Thread-785) Sending message header {
  time {
  }
}
d1: 1.753994648764E12
s1: "a"
i1: 123
bi1: 1
point {
  longitude: 22.0
  latitude: 22.0
  altitude: 1.0
}
 to topic scec1ddefx0a6ax43d5x9d8ex350bf4f5cd6a
2025-07-31 20:44:08,766 INFO  [io.api.tes.ser.api.KafkaSerdesTester] (Thread-785) Sending message header {
  time {
  }
}
d1: 1.753994648766E12
s1: "a"
i1: 123
bi1: 1
point {
  longitude: 22.0
  latitude: 22.0
  altitude: 1.0
}
 to topic scec1ddefx0a6ax43d5x9d8ex350bf4f5cd6a
2025-07-31 20:44:08,768 INFO  [io.api.tes.ser.api.KafkaSerdesTester] (Thread-785) Produced 10 messages
2025-07-31 20:44:08,768 INFO  [org.apa.kaf.cli.pro.KafkaProducer] (Thread-785) [Producer clientId=Producer-scec1ddefx0a6ax43d5x9d8ex350bf4f5cd6a] Closing the Kafka producer with timeoutMillis = 9223372036854775807 ms.
2025-07-31 20:44:08,771 INFO  [org.apa.kaf.com.met.Metrics] (Thread-785) Metrics scheduler closed
2025-07-31 20:44:08,771 INFO  [org.apa.kaf.com.met.Metrics] (Thread-785) Closing reporter org.apache.kafka.common.metrics.JmxReporter
2025-07-31 20:44:08,771 INFO  [org.apa.kaf.com.met.Metrics] (Thread-785) Closing reporter org.apache.kafka.common.telemetry.internals.ClientTelemetryReporter
2025-07-31 20:44:08,771 INFO  [org.apa.kaf.com.met.Metrics] (Thread-785) Metrics reporters closed
2025-07-31 20:44:08,771 INFO  [org.apa.kaf.com.uti.AppInfoParser] (Thread-785) App info kafka.producer for Producer-scec1ddefx0a6ax43d5x9d8ex350bf4f5cd6a unregistered
**** Registry Base URL: http://registry-app-mysql.apps.ci419.apicurio-testing.org:80
2025-07-31 20:44:08,773 INFO  [org.apa.kaf.cli.con.ConsumerConfig] (main) ConsumerConfig values: 
	allow.auto.create.topics = true
	auto.commit.interval.ms = 500
	auto.include.jmx.reporter = true
	auto.offset.reset = earliest
	bootstrap.servers = [PLAINTEXT://localhost:32770]
	check.crcs = true
	client.dns.lookup = use_all_dns_ips
	client.id = consumer-Consumer-scec1ddefx0a6ax43d5x9d8ex350bf4f5cd6a-25
	client.rack = 
	connections.max.idle.ms = 10000
	default.api.timeout.ms = 60000
	enable.auto.commit = true
	enable.metrics.push = true
	exclude.internal.topics = true
	fetch.max.bytes = 52428800
	fetch.max.wait.ms = 500
	fetch.min.bytes = 1
	group.id = Consumer-scec1ddefx0a6ax43d5x9d8ex350bf4f5cd6a
	group.instance.id = null
	group.protocol = classic
	group.remote.assignor = null
	heartbeat.interval.ms = 3000
	interceptor.classes = []
	internal.leave.group.on.close = true
	internal.throw.on.fetch.stable.offset.unsupported = false
	isolation.level = read_uncommitted
	key.deserializer = class org.apache.kafka.common.serialization.StringDeserializer
	max.partition.fetch.bytes = 1048576
	max.poll.interval.ms = 300000
	max.poll.records = 500
	metadata.max.age.ms = 300000
	metadata.recovery.strategy = none
	metric.reporters = []
	metrics.num.samples = 2
	metrics.recording.level = INFO
	metrics.sample.window.ms = 30000
	partition.assignment.strategy = [class org.apache.kafka.clients.consumer.RangeAssignor, class org.apache.kafka.clients.consumer.CooperativeStickyAssignor]
	receive.buffer.bytes = 65536
	reconnect.backoff.max.ms = 1000
	reconnect.backoff.ms = 50
	request.timeout.ms = 5000
	retry.backoff.max.ms = 1000
	retry.backoff.ms = 100
	sasl.client.callback.handler.class = null
	sasl.jaas.config = null
	sasl.kerberos.kinit.cmd = /usr/bin/kinit
	sasl.kerberos.min.time.before.relogin = 60000
	sasl.kerberos.service.name = null
	sasl.kerberos.ticket.renew.jitter = 0.05
	sasl.kerberos.ticket.renew.window.factor = 0.8
	sasl.login.callback.handler.class = null
	sasl.login.class = null
	sasl.login.connect.timeout.ms = null
	sasl.login.read.timeout.ms = null
	sasl.login.refresh.buffer.seconds = 300
	sasl.login.refresh.min.period.seconds = 60
	sasl.login.refresh.window.factor = 0.8
	sasl.login.refresh.window.jitter = 0.05
	sasl.login.retry.backoff.max.ms = 10000
	sasl.login.retry.backoff.ms = 100
	sasl.mechanism = GSSAPI
	sasl.oauthbearer.clock.skew.seconds = 30
	sasl.oauthbearer.expected.audience = null
	sasl.oauthbearer.expected.issuer = null
	sasl.oauthbearer.header.urlencode = false
	sasl.oauthbearer.jwks.endpoint.refresh.ms = 3600000
	sasl.oauthbearer.jwks.endpoint.retry.backoff.max.ms = 10000
	sasl.oauthbearer.jwks.endpoint.retry.backoff.ms = 100
	sasl.oauthbearer.jwks.endpoint.url = null
	sasl.oauthbearer.scope.claim.name = scope
	sasl.oauthbearer.sub.claim.name = sub
	sasl.oauthbearer.token.endpoint.url = null
	security.protocol = PLAINTEXT
	security.providers = null
	send.buffer.bytes = 131072
	session.timeout.ms = 45000
	socket.connection.setup.timeout.max.ms = 30000
	socket.connection.setup.timeout.ms = 10000
	ssl.cipher.suites = null
	ssl.enabled.protocols = [TLSv1.2, TLSv1.3]
	ssl.endpoint.identification.algorithm = https
	ssl.engine.factory.class = null
	ssl.key.password = null
	ssl.keymanager.algorithm = SunX509
	ssl.keystore.certificate.chain = null
	ssl.keystore.key = null
	ssl.keystore.location = null
	ssl.keystore.password = null
	ssl.keystore.type = JKS
	ssl.protocol = TLSv1.3
	ssl.provider = null
	ssl.secure.random.implementation = null
	ssl.trustmanager.algorithm = PKIX
	ssl.truststore.certificates = null
	ssl.truststore.location = null
	ssl.truststore.password = null
	ssl.truststore.type = JKS
	value.deserializer = class io.apicurio.registry.serde.protobuf.ProtobufKafkaDeserializer

2025-07-31 20:44:08,773 INFO  [org.apa.kaf.com.tel.int.KafkaMetricsCollector] (main) initializing Kafka metrics collector
2025-07-31 20:44:08,778 INFO  [org.apa.kaf.cli.con.ConsumerConfig] (main) These configurations '[apicurio.registry.url, apicurio.registry.headers.enabled]' were supplied but are not used yet.
2025-07-31 20:44:08,778 INFO  [org.apa.kaf.com.uti.AppInfoParser] (main) Kafka version: 3.9.1
2025-07-31 20:44:08,778 INFO  [org.apa.kaf.com.uti.AppInfoParser] (main) Kafka commitId: f745dfdcee2b9851
2025-07-31 20:44:08,778 INFO  [org.apa.kaf.com.uti.AppInfoParser] (main) Kafka startTimeMs: 1753994648778
2025-07-31 20:44:08,779 INFO  [org.apa.kaf.cli.con.int.ClassicKafkaConsumer] (Thread-788) [Consumer clientId=consumer-Consumer-scec1ddefx0a6ax43d5x9d8ex350bf4f5cd6a-25, groupId=Consumer-scec1ddefx0a6ax43d5x9d8ex350bf4f5cd6a] Subscribed to topic(s): scec1ddefx0a6ax43d5x9d8ex350bf4f5cd6a
2025-07-31 20:44:08,783 INFO  [org.apa.kaf.cli.Metadata] (Thread-788) [Consumer clientId=consumer-Consumer-scec1ddefx0a6ax43d5x9d8ex350bf4f5cd6a-25, groupId=Consumer-scec1ddefx0a6ax43d5x9d8ex350bf4f5cd6a] Cluster ID: 6lKjf0w6TFCctmqQa8E77g
2025-07-31 20:44:08,784 INFO  [org.apa.kaf.cli.con.int.ConsumerCoordinator] (Thread-788) [Consumer clientId=consumer-Consumer-scec1ddefx0a6ax43d5x9d8ex350bf4f5cd6a-25, groupId=Consumer-scec1ddefx0a6ax43d5x9d8ex350bf4f5cd6a] Discovered group coordinator localhost:32770 (id: 2147483647 rack: null)
2025-07-31 20:44:08,785 INFO  [org.apa.kaf.cli.con.int.ConsumerCoordinator] (Thread-788) [Consumer clientId=consumer-Consumer-scec1ddefx0a6ax43d5x9d8ex350bf4f5cd6a-25, groupId=Consumer-scec1ddefx0a6ax43d5x9d8ex350bf4f5cd6a] (Re-)joining group
2025-07-31 20:44:08,787 INFO  [org.apa.kaf.cli.con.int.ConsumerCoordinator] (Thread-788) [Consumer clientId=consumer-Consumer-scec1ddefx0a6ax43d5x9d8ex350bf4f5cd6a-25, groupId=Consumer-scec1ddefx0a6ax43d5x9d8ex350bf4f5cd6a] Request joining group due to: need to re-join with the given member-id: consumer-Consumer-scec1ddefx0a6ax43d5x9d8ex350bf4f5cd6a-25-2bfa2913-9561-4d30-af9b-c186ee415dc3
2025-07-31 20:44:08,787 INFO  [org.apa.kaf.cli.con.int.ConsumerCoordinator] (Thread-788) [Consumer clientId=consumer-Consumer-scec1ddefx0a6ax43d5x9d8ex350bf4f5cd6a-25, groupId=Consumer-scec1ddefx0a6ax43d5x9d8ex350bf4f5cd6a] (Re-)joining group
2025-07-31 20:44:08,792 INFO  [org.apa.kaf.cli.con.int.ConsumerCoordinator] (Thread-788) [Consumer clientId=consumer-Consumer-scec1ddefx0a6ax43d5x9d8ex350bf4f5cd6a-25, groupId=Consumer-scec1ddefx0a6ax43d5x9d8ex350bf4f5cd6a] Successfully joined group with generation Generation{generationId=1, memberId='consumer-Consumer-scec1ddefx0a6ax43d5x9d8ex350bf4f5cd6a-25-2bfa2913-9561-4d30-af9b-c186ee415dc3', protocol='range'}
2025-07-31 20:44:08,792 INFO  [org.apa.kaf.cli.con.int.ConsumerCoordinator] (Thread-788) [Consumer clientId=consumer-Consumer-scec1ddefx0a6ax43d5x9d8ex350bf4f5cd6a-25, groupId=Consumer-scec1ddefx0a6ax43d5x9d8ex350bf4f5cd6a] Finished assignment for group at generation 1: {consumer-Consumer-scec1ddefx0a6ax43d5x9d8ex350bf4f5cd6a-25-2bfa2913-9561-4d30-af9b-c186ee415dc3=Assignment(partitions=[scec1ddefx0a6ax43d5x9d8ex350bf4f5cd6a-0])}
2025-07-31 20:44:08,794 INFO  [org.apa.kaf.cli.con.int.ConsumerCoordinator] (kafka-coordinator-heartbeat-thread | Consumer-scec1ddefx0a6ax43d5x9d8ex350bf4f5cd6a) [Consumer clientId=consumer-Consumer-scec1ddefx0a6ax43d5x9d8ex350bf4f5cd6a-25, groupId=Consumer-scec1ddefx0a6ax43d5x9d8ex350bf4f5cd6a] Successfully synced group in generation Generation{generationId=1, memberId='consumer-Consumer-scec1ddefx0a6ax43d5x9d8ex350bf4f5cd6a-25-2bfa2913-9561-4d30-af9b-c186ee415dc3', protocol='range'}
2025-07-31 20:44:08,794 INFO  [org.apa.kaf.cli.con.int.ConsumerCoordinator] (Thread-788) [Consumer clientId=consumer-Consumer-scec1ddefx0a6ax43d5x9d8ex350bf4f5cd6a-25, groupId=Consumer-scec1ddefx0a6ax43d5x9d8ex350bf4f5cd6a] Notifying assignor about the new Assignment(partitions=[scec1ddefx0a6ax43d5x9d8ex350bf4f5cd6a-0])
2025-07-31 20:44:08,794 INFO  [org.apa.kaf.cli.con.int.ConsumerRebalanceListenerInvoker] (Thread-788) [Consumer clientId=consumer-Consumer-scec1ddefx0a6ax43d5x9d8ex350bf4f5cd6a-25, groupId=Consumer-scec1ddefx0a6ax43d5x9d8ex350bf4f5cd6a] Adding newly assigned partitions: scec1ddefx0a6ax43d5x9d8ex350bf4f5cd6a-0
2025-07-31 20:44:08,795 INFO  [org.apa.kaf.cli.con.int.ConsumerCoordinator] (Thread-788) [Consumer clientId=consumer-Consumer-scec1ddefx0a6ax43d5x9d8ex350bf4f5cd6a-25, groupId=Consumer-scec1ddefx0a6ax43d5x9d8ex350bf4f5cd6a] Found no committed offset for partition scec1ddefx0a6ax43d5x9d8ex350bf4f5cd6a-0
2025-07-31 20:44:08,798 INFO  [org.apa.kaf.cli.con.int.SubscriptionState] (Thread-788) [Consumer clientId=consumer-Consumer-scec1ddefx0a6ax43d5x9d8ex350bf4f5cd6a-25, groupId=Consumer-scec1ddefx0a6ax43d5x9d8ex350bf4f5cd6a] Resetting offset for partition scec1ddefx0a6ax43d5x9d8ex350bf4f5cd6a-0 to position FetchPosition{offset=0, offsetEpoch=Optional.empty, currentLeader=LeaderAndEpoch{leader=Optional[localhost:32770 (id: 0 rack: null)], epoch=0}}.
2025-07-31 20:44:09,102 INFO  [io.api.tes.ser.api.KafkaSerdesTester] (Thread-788) scec1ddefx0a6ax43d5x9d8ex350bf4f5cd6a 0 0 header {
  time {
  }
}
d1: 1.753994647446E12
s1: "a"
i1: 123
bi1: 1
point {
  longitude: 22.0
  latitude: 22.0
  altitude: 1.0
}

2025-07-31 20:44:09,106 INFO  [io.api.tes.ser.api.KafkaSerdesTester] (Thread-788) scec1ddefx0a6ax43d5x9d8ex350bf4f5cd6a 0 1 header {
  time {
  }
}
d1: 1.753994648742E12
s1: "a"
i1: 123
bi1: 1
point {
  longitude: 22.0
  latitude: 22.0
  altitude: 1.0
}

2025-07-31 20:44:09,106 INFO  [io.api.tes.ser.api.KafkaSerdesTester] (Thread-788) scec1ddefx0a6ax43d5x9d8ex350bf4f5cd6a 0 2 header {
  time {
  }
}
d1: 1.753994648744E12
s1: "a"
i1: 123
bi1: 1
point {
  longitude: 22.0
  latitude: 22.0
  altitude: 1.0
}

2025-07-31 20:44:09,106 INFO  [io.api.tes.ser.api.KafkaSerdesTester] (Thread-788) scec1ddefx0a6ax43d5x9d8ex350bf4f5cd6a 0 3 header {
  time {
  }
}
d1: 1.753994648748E12
s1: "a"
i1: 123
bi1: 1
point {
  longitude: 22.0
  latitude: 22.0
  altitude: 1.0
}

2025-07-31 20:44:09,106 INFO  [io.api.tes.ser.api.KafkaSerdesTester] (Thread-788) scec1ddefx0a6ax43d5x9d8ex350bf4f5cd6a 0 4 header {
  time {
  }
}
d1: 1.753994648749E12
s1: "a"
i1: 123
bi1: 1
point {
  longitude: 22.0
  latitude: 22.0
  altitude: 1.0
}

2025-07-31 20:44:09,106 INFO  [io.api.tes.ser.api.KafkaSerdesTester] (Thread-788) scec1ddefx0a6ax43d5x9d8ex350bf4f5cd6a 0 5 header {
  time {
  }
}
d1: 1.753994648753E12
s1: "a"
i1: 123
bi1: 1
point {
  longitude: 22.0
  latitude: 22.0
  altitude: 1.0
}

2025-07-31 20:44:09,106 INFO  [io.api.tes.ser.api.KafkaSerdesTester] (Thread-788) scec1ddefx0a6ax43d5x9d8ex350bf4f5cd6a 0 6 header {
  time {
  }
}
d1: 1.75399464876E12
s1: "a"
i1: 123
bi1: 1
point {
  longitude: 22.0
  latitude: 22.0
  altitude: 1.0
}

2025-07-31 20:44:09,107 INFO  [io.api.tes.ser.api.KafkaSerdesTester] (Thread-788) scec1ddefx0a6ax43d5x9d8ex350bf4f5cd6a 0 7 header {
  time {
  }
}
d1: 1.753994648763E12
s1: "a"
i1: 123
bi1: 1
point {
  longitude: 22.0
  latitude: 22.0
  altitude: 1.0
}

2025-07-31 20:44:09,107 INFO  [io.api.tes.ser.api.KafkaSerdesTester] (Thread-788) scec1ddefx0a6ax43d5x9d8ex350bf4f5cd6a 0 8 header {
  time {
  }
}
d1: 1.753994648764E12
s1: "a"
i1: 123
bi1: 1
point {
  longitude: 22.0
  latitude: 22.0
  altitude: 1.0
}

2025-07-31 20:44:09,107 INFO  [io.api.tes.ser.api.KafkaSerdesTester] (Thread-788) scec1ddefx0a6ax43d5x9d8ex350bf4f5cd6a 0 9 header {
  time {
  }
}
d1: 1.753994648766E12
s1: "a"
i1: 123
bi1: 1
point {
  longitude: 22.0
  latitude: 22.0
  altitude: 1.0
}

2025-07-31 20:44:09,107 INFO  [io.api.tes.ser.api.KafkaSerdesTester] (Thread-788) Consumed 10 messages
2025-07-31 20:44:09,110 INFO  [org.apa.kaf.cli.con.int.ConsumerRebalanceListenerInvoker] (Thread-788) [Consumer clientId=consumer-Consumer-scec1ddefx0a6ax43d5x9d8ex350bf4f5cd6a-25, groupId=Consumer-scec1ddefx0a6ax43d5x9d8ex350bf4f5cd6a] Revoke previously assigned partitions scec1ddefx0a6ax43d5x9d8ex350bf4f5cd6a-0
2025-07-31 20:44:09,110 INFO  [org.apa.kaf.cli.con.int.ConsumerCoordinator] (Thread-788) [Consumer clientId=consumer-Consumer-scec1ddefx0a6ax43d5x9d8ex350bf4f5cd6a-25, groupId=Consumer-scec1ddefx0a6ax43d5x9d8ex350bf4f5cd6a] Member consumer-Consumer-scec1ddefx0a6ax43d5x9d8ex350bf4f5cd6a-25-2bfa2913-9561-4d30-af9b-c186ee415dc3 sending LeaveGroup request to coordinator localhost:32770 (id: 2147483647 rack: null) due to the consumer is being closed
2025-07-31 20:44:09,110 INFO  [org.apa.kaf.cli.con.int.ConsumerCoordinator] (Thread-788) [Consumer clientId=consumer-Consumer-scec1ddefx0a6ax43d5x9d8ex350bf4f5cd6a-25, groupId=Consumer-scec1ddefx0a6ax43d5x9d8ex350bf4f5cd6a] Resetting generation and member id due to: consumer pro-actively leaving the group
2025-07-31 20:44:09,110 INFO  [org.apa.kaf.cli.con.int.ConsumerCoordinator] (Thread-788) [Consumer clientId=consumer-Consumer-scec1ddefx0a6ax43d5x9d8ex350bf4f5cd6a-25, groupId=Consumer-scec1ddefx0a6ax43d5x9d8ex350bf4f5cd6a] Request joining group due to: consumer pro-actively leaving the group
2025-07-31 20:44:09,605 INFO  [org.apa.kaf.com.met.Metrics] (Thread-788) Metrics scheduler closed
2025-07-31 20:44:09,605 INFO  [org.apa.kaf.com.met.Metrics] (Thread-788) Closing reporter org.apache.kafka.common.metrics.JmxReporter
2025-07-31 20:44:09,605 INFO  [org.apa.kaf.com.met.Metrics] (Thread-788) Closing reporter org.apache.kafka.common.telemetry.internals.ClientTelemetryReporter
2025-07-31 20:44:09,605 INFO  [org.apa.kaf.com.met.Metrics] (Thread-788) Metrics reporters closed
2025-07-31 20:44:09,606 INFO  [org.apa.kaf.com.uti.AppInfoParser] (Thread-788) App info kafka.consumer for consumer-Consumer-scec1ddefx0a6ax43d5x9d8ex350bf4f5cd6a-25 unregistered
**** Registry Base URL: http://registry-app-mysql.apps.ci419.apicurio-testing.org:80
2025-07-31 20:44:09,608 INFO  [org.apa.kaf.cli.pro.ProducerConfig] (main) ProducerConfig values: 
	acks = -1
	auto.include.jmx.reporter = true
	batch.size = 16384
	bootstrap.servers = [PLAINTEXT://localhost:32770]
	buffer.memory = 33554432
	client.dns.lookup = use_all_dns_ips
	client.id = Producer-scec1ddefx0a6ax43d5x9d8ex350bf4f5cd6a
	compression.gzip.level = -1
	compression.lz4.level = 9
	compression.type = none
	compression.zstd.level = 3
	connections.max.idle.ms = 10000
	delivery.timeout.ms = 120000
	enable.idempotence = true
	enable.metrics.push = true
	interceptor.classes = []
	key.serializer = class org.apache.kafka.common.serialization.StringSerializer
	linger.ms = 0
	max.block.ms = 60000
	max.in.flight.requests.per.connection = 5
	max.request.size = 1048576
	metadata.max.age.ms = 300000
	metadata.max.idle.ms = 300000
	metadata.recovery.strategy = none
	metric.reporters = []
	metrics.num.samples = 2
	metrics.recording.level = INFO
	metrics.sample.window.ms = 30000
	partitioner.adaptive.partitioning.enable = true
	partitioner.availability.timeout.ms = 0
	partitioner.class = null
	partitioner.ignore.keys = false
	receive.buffer.bytes = 32768
	reconnect.backoff.max.ms = 1000
	reconnect.backoff.ms = 50
	request.timeout.ms = 5000
	retries = 2147483647
	retry.backoff.max.ms = 1000
	retry.backoff.ms = 100
	sasl.client.callback.handler.class = null
	sasl.jaas.config = null
	sasl.kerberos.kinit.cmd = /usr/bin/kinit
	sasl.kerberos.min.time.before.relogin = 60000
	sasl.kerberos.service.name = null
	sasl.kerberos.ticket.renew.jitter = 0.05
	sasl.kerberos.ticket.renew.window.factor = 0.8
	sasl.login.callback.handler.class = null
	sasl.login.class = null
	sasl.login.connect.timeout.ms = null
	sasl.login.read.timeout.ms = null
	sasl.login.refresh.buffer.seconds = 300
	sasl.login.refresh.min.period.seconds = 60
	sasl.login.refresh.window.factor = 0.8
	sasl.login.refresh.window.jitter = 0.05
	sasl.login.retry.backoff.max.ms = 10000
	sasl.login.retry.backoff.ms = 100
	sasl.mechanism = GSSAPI
	sasl.oauthbearer.clock.skew.seconds = 30
	sasl.oauthbearer.expected.audience = null
	sasl.oauthbearer.expected.issuer = null
	sasl.oauthbearer.header.urlencode = false
	sasl.oauthbearer.jwks.endpoint.refresh.ms = 3600000
	sasl.oauthbearer.jwks.endpoint.retry.backoff.max.ms = 10000
	sasl.oauthbearer.jwks.endpoint.retry.backoff.ms = 100
	sasl.oauthbearer.jwks.endpoint.url = null
	sasl.oauthbearer.scope.claim.name = scope
	sasl.oauthbearer.sub.claim.name = sub
	sasl.oauthbearer.token.endpoint.url = null
	security.protocol = PLAINTEXT
	security.providers = null
	send.buffer.bytes = 131072
	socket.connection.setup.timeout.max.ms = 30000
	socket.connection.setup.timeout.ms = 10000
	ssl.cipher.suites = null
	ssl.enabled.protocols = [TLSv1.2, TLSv1.3]
	ssl.endpoint.identification.algorithm = https
	ssl.engine.factory.class = null
	ssl.key.password = null
	ssl.keymanager.algorithm = SunX509
	ssl.keystore.certificate.chain = null
	ssl.keystore.key = null
	ssl.keystore.location = null
	ssl.keystore.password = null
	ssl.keystore.type = JKS
	ssl.protocol = TLSv1.3
	ssl.provider = null
	ssl.secure.random.implementation = null
	ssl.trustmanager.algorithm = PKIX
	ssl.truststore.certificates = null
	ssl.truststore.location = null
	ssl.truststore.password = null
	ssl.truststore.type = JKS
	transaction.timeout.ms = 60000
	transactional.id = null
	value.serializer = class io.apicurio.registry.serde.protobuf.ProtobufKafkaSerializer

2025-07-31 20:44:09,608 INFO  [org.apa.kaf.com.tel.int.KafkaMetricsCollector] (main) initializing Kafka metrics collector
2025-07-31 20:44:09,611 INFO  [org.apa.kaf.cli.pro.KafkaProducer] (main) [Producer clientId=Producer-scec1ddefx0a6ax43d5x9d8ex350bf4f5cd6a] Instantiated an idempotent producer.
2025-07-31 20:44:09,612 INFO  [org.apa.kaf.cli.pro.ProducerConfig] (main) These configurations '[apicurio.registry.find-latest, apicurio.registry.url, apicurio.registry.headers.enabled, apicurio.registry.artifact-resolver-strategy]' were supplied but are not used yet.
2025-07-31 20:44:09,612 INFO  [org.apa.kaf.com.uti.AppInfoParser] (main) Kafka version: 3.9.1
2025-07-31 20:44:09,612 INFO  [org.apa.kaf.com.uti.AppInfoParser] (main) Kafka commitId: f745dfdcee2b9851
2025-07-31 20:44:09,612 INFO  [org.apa.kaf.com.uti.AppInfoParser] (main) Kafka startTimeMs: 1753994649612
2025-07-31 20:44:09,612 INFO  [io.api.tes.ser.api.SimpleSerdesTesterBuilder$SimpleSerdesTester] (main) Using producer configuration: {apicurio.registry.find-latest=false, apicurio.registry.url=http://registry-app-mysql.apps.ci419.apicurio-testing.org:80/apis/registry/v3, apicurio.registry.headers.enabled=true, apicurio.registry.artifact-resolver-strategy=io.apicurio.registry.serde.strategy.TopicIdStrategy, value.serializer=io.apicurio.registry.serde.protobuf.ProtobufKafkaSerializer, request.timeout.ms=5000, acks=all, bootstrap.servers=PLAINTEXT://localhost:32770, connections.max.idle.ms=10000, key.serializer=org.apache.kafka.common.serialization.StringSerializer, client.id=Producer-scec1ddefx0a6ax43d5x9d8ex350bf4f5cd6a}
2025-07-31 20:44:09,612 INFO  [io.api.tes.ser.api.SimpleSerdesTesterBuilder$SimpleSerdesTester] (main) Using consumer configuration: {apicurio.registry.headers.enabled=true}
2025-07-31 20:44:09,613 INFO  [io.api.tes.ser.api.KafkaSerdesTester] (Thread-791) Sending message header {
  time {
  }
}
d1: 1.753994649613E12
s1: "a"
i1: 123
bi1: 1
point {
  longitude: 22.0
  latitude: 22.0
  altitude: 1.0
}
 to topic scec1ddefx0a6ax43d5x9d8ex350bf4f5cd6a
2025-07-31 20:44:09,616 INFO  [org.apa.kaf.cli.Metadata] (kafka-producer-network-thread | Producer-scec1ddefx0a6ax43d5x9d8ex350bf4f5cd6a) [Producer clientId=Producer-scec1ddefx0a6ax43d5x9d8ex350bf4f5cd6a] Cluster ID: 6lKjf0w6TFCctmqQa8E77g
2025-07-31 20:44:09,617 INFO  [org.apa.kaf.cli.pro.int.TransactionManager] (kafka-producer-network-thread | Producer-scec1ddefx0a6ax43d5x9d8ex350bf4f5cd6a) [Producer clientId=Producer-scec1ddefx0a6ax43d5x9d8ex350bf4f5cd6a] ProducerId set to 35 with epoch 0
2025-07-31 20:44:09,617 INFO  [DefaultSchemaResolver] (Thread-791) Retrieving schema content using string: // Proto schema formatted by Wire, do not edit.
// Source: 

syntax = "proto3";

package io.apicurio.tests.protobuf;

import "google/protobuf/timestamp.proto";

option java_multiple_files = true;

message ProtobufTestMessage {
  .io.apicurio.tests.protobuf.Header header = 1;

  double d1 = 2;

  string s1 = 4;

  int32 i1 = 7;

  int64 bi1 = 12;

  .google.protobuf.Timestamp state_time = 22;

  .io.apicurio.tests.protobuf.Point point = 30;
}

message Header {
  .google.protobuf.Timestamp time = 1;

  string source = 2;

  string destination = 3;

  string uuid = 4;

  repeated string source_uuids = 5;

  string message_type_id = 6;

  string raw_message = 7;
}

message Point {
  oneof longitude_oneof {
    double longitude = 1;
  }

  oneof latitude_oneof {
    double latitude = 2;
  }

  oneof altitude_oneof {
    double altitude = 3;
  }
}

2025-07-31 20:44:09,778 INFO  [io.api.tes.ser.api.KafkaSerdesTester] (Thread-791) Sending message header {
  time {
  }
}
d1: 1.753994649778E12
s1: "a"
i1: 123
bi1: 1
point {
  longitude: 22.0
  latitude: 22.0
  altitude: 1.0
}
 to topic scec1ddefx0a6ax43d5x9d8ex350bf4f5cd6a
2025-07-31 20:44:09,780 INFO  [io.api.tes.ser.api.KafkaSerdesTester] (Thread-791) Sending message header {
  time {
  }
}
d1: 1.75399464978E12
s1: "a"
i1: 123
bi1: 1
point {
  longitude: 22.0
  latitude: 22.0
  altitude: 1.0
}
 to topic scec1ddefx0a6ax43d5x9d8ex350bf4f5cd6a
2025-07-31 20:44:09,783 INFO  [io.api.tes.ser.api.KafkaSerdesTester] (Thread-791) Sending message header {
  time {
  }
}
d1: 1.753994649782E12
s1: "a"
i1: 123
bi1: 1
point {
  longitude: 22.0
  latitude: 22.0
  altitude: 1.0
}
 to topic scec1ddefx0a6ax43d5x9d8ex350bf4f5cd6a
2025-07-31 20:44:09,788 INFO  [io.api.tes.ser.api.KafkaSerdesTester] (Thread-791) Sending message header {
  time {
  }
}
d1: 1.753994649788E12
s1: "a"
i1: 123
bi1: 1
point {
  longitude: 22.0
  latitude: 22.0
  altitude: 1.0
}
 to topic scec1ddefx0a6ax43d5x9d8ex350bf4f5cd6a
2025-07-31 20:44:09,791 INFO  [io.api.tes.ser.api.KafkaSerdesTester] (Thread-791) Sending message header {
  time {
  }
}
d1: 1.753994649791E12
s1: "a"
i1: 123
bi1: 1
point {
  longitude: 22.0
  latitude: 22.0
  altitude: 1.0
}
 to topic scec1ddefx0a6ax43d5x9d8ex350bf4f5cd6a
2025-07-31 20:44:09,795 INFO  [io.api.tes.ser.api.KafkaSerdesTester] (Thread-791) Sending message header {
  time {
  }
}
d1: 1.753994649795E12
s1: "a"
i1: 123
bi1: 1
point {
  longitude: 22.0
  latitude: 22.0
  altitude: 1.0
}
 to topic scec1ddefx0a6ax43d5x9d8ex350bf4f5cd6a
2025-07-31 20:44:09,798 INFO  [io.api.tes.ser.api.KafkaSerdesTester] (Thread-791) Sending message header {
  time {
  }
}
d1: 1.753994649798E12
s1: "a"
i1: 123
bi1: 1
point {
  longitude: 22.0
  latitude: 22.0
  altitude: 1.0
}
 to topic scec1ddefx0a6ax43d5x9d8ex350bf4f5cd6a
2025-07-31 20:44:09,804 INFO  [io.api.tes.ser.api.KafkaSerdesTester] (Thread-791) Sending message header {
  time {
  }
}
d1: 1.753994649801E12
s1: "a"
i1: 123
bi1: 1
point {
  longitude: 22.0
  latitude: 22.0
  altitude: 1.0
}
 to topic scec1ddefx0a6ax43d5x9d8ex350bf4f5cd6a
2025-07-31 20:44:09,806 INFO  [io.api.tes.ser.api.KafkaSerdesTester] (Thread-791) Sending message header {
  time {
  }
}
d1: 1.753994649806E12
s1: "a"
i1: 123
bi1: 1
point {
  longitude: 22.0
  latitude: 22.0
  altitude: 1.0
}
 to topic scec1ddefx0a6ax43d5x9d8ex350bf4f5cd6a
2025-07-31 20:44:09,808 INFO  [io.api.tes.ser.api.KafkaSerdesTester] (Thread-791) Produced 10 messages
2025-07-31 20:44:09,808 INFO  [org.apa.kaf.cli.pro.KafkaProducer] (Thread-791) [Producer clientId=Producer-scec1ddefx0a6ax43d5x9d8ex350bf4f5cd6a] Closing the Kafka producer with timeoutMillis = 9223372036854775807 ms.
2025-07-31 20:44:09,811 INFO  [org.apa.kaf.com.met.Metrics] (Thread-791) Metrics scheduler closed
2025-07-31 20:44:09,811 INFO  [org.apa.kaf.com.met.Metrics] (Thread-791) Closing reporter org.apache.kafka.common.metrics.JmxReporter
2025-07-31 20:44:09,811 INFO  [org.apa.kaf.com.met.Metrics] (Thread-791) Closing reporter org.apache.kafka.common.telemetry.internals.ClientTelemetryReporter
2025-07-31 20:44:09,811 INFO  [org.apa.kaf.com.met.Metrics] (Thread-791) Metrics reporters closed
2025-07-31 20:44:09,811 INFO  [org.apa.kaf.com.uti.AppInfoParser] (Thread-791) App info kafka.producer for Producer-scec1ddefx0a6ax43d5x9d8ex350bf4f5cd6a unregistered
**** Registry Base URL: http://registry-app-mysql.apps.ci419.apicurio-testing.org:80
2025-07-31 20:44:09,812 INFO  [org.apa.kaf.cli.con.ConsumerConfig] (main) ConsumerConfig values: 
	allow.auto.create.topics = true
	auto.commit.interval.ms = 500
	auto.include.jmx.reporter = true
	auto.offset.reset = earliest
	bootstrap.servers = [PLAINTEXT://localhost:32770]
	check.crcs = true
	client.dns.lookup = use_all_dns_ips
	client.id = consumer-Consumer-scec1ddefx0a6ax43d5x9d8ex350bf4f5cd6a-26
	client.rack = 
	connections.max.idle.ms = 10000
	default.api.timeout.ms = 60000
	enable.auto.commit = true
	enable.metrics.push = true
	exclude.internal.topics = true
	fetch.max.bytes = 52428800
	fetch.max.wait.ms = 500
	fetch.min.bytes = 1
	group.id = Consumer-scec1ddefx0a6ax43d5x9d8ex350bf4f5cd6a
	group.instance.id = null
	group.protocol = classic
	group.remote.assignor = null
	heartbeat.interval.ms = 3000
	interceptor.classes = []
	internal.leave.group.on.close = true
	internal.throw.on.fetch.stable.offset.unsupported = false
	isolation.level = read_uncommitted
	key.deserializer = class org.apache.kafka.common.serialization.StringDeserializer
	max.partition.fetch.bytes = 1048576
	max.poll.interval.ms = 300000
	max.poll.records = 500
	metadata.max.age.ms = 300000
	metadata.recovery.strategy = none
	metric.reporters = []
	metrics.num.samples = 2
	metrics.recording.level = INFO
	metrics.sample.window.ms = 30000
	partition.assignment.strategy = [class org.apache.kafka.clients.consumer.RangeAssignor, class org.apache.kafka.clients.consumer.CooperativeStickyAssignor]
	receive.buffer.bytes = 65536
	reconnect.backoff.max.ms = 1000
	reconnect.backoff.ms = 50
	request.timeout.ms = 5000
	retry.backoff.max.ms = 1000
	retry.backoff.ms = 100
	sasl.client.callback.handler.class = null
	sasl.jaas.config = null
	sasl.kerberos.kinit.cmd = /usr/bin/kinit
	sasl.kerberos.min.time.before.relogin = 60000
	sasl.kerberos.service.name = null
	sasl.kerberos.ticket.renew.jitter = 0.05
	sasl.kerberos.ticket.renew.window.factor = 0.8
	sasl.login.callback.handler.class = null
	sasl.login.class = null
	sasl.login.connect.timeout.ms = null
	sasl.login.read.timeout.ms = null
	sasl.login.refresh.buffer.seconds = 300
	sasl.login.refresh.min.period.seconds = 60
	sasl.login.refresh.window.factor = 0.8
	sasl.login.refresh.window.jitter = 0.05
	sasl.login.retry.backoff.max.ms = 10000
	sasl.login.retry.backoff.ms = 100
	sasl.mechanism = GSSAPI
	sasl.oauthbearer.clock.skew.seconds = 30
	sasl.oauthbearer.expected.audience = null
	sasl.oauthbearer.expected.issuer = null
	sasl.oauthbearer.header.urlencode = false
	sasl.oauthbearer.jwks.endpoint.refresh.ms = 3600000
	sasl.oauthbearer.jwks.endpoint.retry.backoff.max.ms = 10000
	sasl.oauthbearer.jwks.endpoint.retry.backoff.ms = 100
	sasl.oauthbearer.jwks.endpoint.url = null
	sasl.oauthbearer.scope.claim.name = scope
	sasl.oauthbearer.sub.claim.name = sub
	sasl.oauthbearer.token.endpoint.url = null
	security.protocol = PLAINTEXT
	security.providers = null
	send.buffer.bytes = 131072
	session.timeout.ms = 45000
	socket.connection.setup.timeout.max.ms = 30000
	socket.connection.setup.timeout.ms = 10000
	ssl.cipher.suites = null
	ssl.enabled.protocols = [TLSv1.2, TLSv1.3]
	ssl.endpoint.identification.algorithm = https
	ssl.engine.factory.class = null
	ssl.key.password = null
	ssl.keymanager.algorithm = SunX509
	ssl.keystore.certificate.chain = null
	ssl.keystore.key = null
	ssl.keystore.location = null
	ssl.keystore.password = null
	ssl.keystore.type = JKS
	ssl.protocol = TLSv1.3
	ssl.provider = null
	ssl.secure.random.implementation = null
	ssl.trustmanager.algorithm = PKIX
	ssl.truststore.certificates = null
	ssl.truststore.location = null
	ssl.truststore.password = null
	ssl.truststore.type = JKS
	value.deserializer = class io.apicurio.registry.serde.protobuf.ProtobufKafkaDeserializer

2025-07-31 20:44:09,812 INFO  [org.apa.kaf.com.tel.int.KafkaMetricsCollector] (main) initializing Kafka metrics collector
2025-07-31 20:44:09,818 INFO  [org.apa.kaf.cli.con.ConsumerConfig] (main) These configurations '[apicurio.registry.url, apicurio.registry.headers.enabled]' were supplied but are not used yet.
2025-07-31 20:44:09,818 INFO  [org.apa.kaf.com.uti.AppInfoParser] (main) Kafka version: 3.9.1
2025-07-31 20:44:09,818 INFO  [org.apa.kaf.com.uti.AppInfoParser] (main) Kafka commitId: f745dfdcee2b9851
2025-07-31 20:44:09,818 INFO  [org.apa.kaf.com.uti.AppInfoParser] (main) Kafka startTimeMs: 1753994649818
2025-07-31 20:44:09,818 INFO  [org.apa.kaf.cli.con.int.ClassicKafkaConsumer] (Thread-794) [Consumer clientId=consumer-Consumer-scec1ddefx0a6ax43d5x9d8ex350bf4f5cd6a-26, groupId=Consumer-scec1ddefx0a6ax43d5x9d8ex350bf4f5cd6a] Subscribed to topic(s): scec1ddefx0a6ax43d5x9d8ex350bf4f5cd6a
2025-07-31 20:44:09,823 INFO  [org.apa.kaf.cli.Metadata] (Thread-794) [Consumer clientId=consumer-Consumer-scec1ddefx0a6ax43d5x9d8ex350bf4f5cd6a-26, groupId=Consumer-scec1ddefx0a6ax43d5x9d8ex350bf4f5cd6a] Cluster ID: 6lKjf0w6TFCctmqQa8E77g
2025-07-31 20:44:09,823 INFO  [org.apa.kaf.cli.con.int.ConsumerCoordinator] (Thread-794) [Consumer clientId=consumer-Consumer-scec1ddefx0a6ax43d5x9d8ex350bf4f5cd6a-26, groupId=Consumer-scec1ddefx0a6ax43d5x9d8ex350bf4f5cd6a] Discovered group coordinator localhost:32770 (id: 2147483647 rack: null)
2025-07-31 20:44:09,826 INFO  [org.apa.kaf.cli.con.int.ConsumerCoordinator] (Thread-794) [Consumer clientId=consumer-Consumer-scec1ddefx0a6ax43d5x9d8ex350bf4f5cd6a-26, groupId=Consumer-scec1ddefx0a6ax43d5x9d8ex350bf4f5cd6a] (Re-)joining group
2025-07-31 20:44:09,829 INFO  [org.apa.kaf.cli.con.int.ConsumerCoordinator] (Thread-794) [Consumer clientId=consumer-Consumer-scec1ddefx0a6ax43d5x9d8ex350bf4f5cd6a-26, groupId=Consumer-scec1ddefx0a6ax43d5x9d8ex350bf4f5cd6a] Request joining group due to: need to re-join with the given member-id: consumer-Consumer-scec1ddefx0a6ax43d5x9d8ex350bf4f5cd6a-26-7efd3bcf-a7dd-4bee-b91e-4f874206d6ba
2025-07-31 20:44:09,829 INFO  [org.apa.kaf.cli.con.int.ConsumerCoordinator] (Thread-794) [Consumer clientId=consumer-Consumer-scec1ddefx0a6ax43d5x9d8ex350bf4f5cd6a-26, groupId=Consumer-scec1ddefx0a6ax43d5x9d8ex350bf4f5cd6a] (Re-)joining group
2025-07-31 20:44:09,832 INFO  [org.apa.kaf.cli.con.int.ConsumerCoordinator] (Thread-794) [Consumer clientId=consumer-Consumer-scec1ddefx0a6ax43d5x9d8ex350bf4f5cd6a-26, groupId=Consumer-scec1ddefx0a6ax43d5x9d8ex350bf4f5cd6a] Successfully joined group with generation Generation{generationId=3, memberId='consumer-Consumer-scec1ddefx0a6ax43d5x9d8ex350bf4f5cd6a-26-7efd3bcf-a7dd-4bee-b91e-4f874206d6ba', protocol='range'}
2025-07-31 20:44:09,832 INFO  [org.apa.kaf.cli.con.int.ConsumerCoordinator] (Thread-794) [Consumer clientId=consumer-Consumer-scec1ddefx0a6ax43d5x9d8ex350bf4f5cd6a-26, groupId=Consumer-scec1ddefx0a6ax43d5x9d8ex350bf4f5cd6a] Finished assignment for group at generation 3: {consumer-Consumer-scec1ddefx0a6ax43d5x9d8ex350bf4f5cd6a-26-7efd3bcf-a7dd-4bee-b91e-4f874206d6ba=Assignment(partitions=[scec1ddefx0a6ax43d5x9d8ex350bf4f5cd6a-0])}
2025-07-31 20:44:09,835 INFO  [org.apa.kaf.cli.con.int.ConsumerCoordinator] (Thread-794) [Consumer clientId=consumer-Consumer-scec1ddefx0a6ax43d5x9d8ex350bf4f5cd6a-26, groupId=Consumer-scec1ddefx0a6ax43d5x9d8ex350bf4f5cd6a] Successfully synced group in generation Generation{generationId=3, memberId='consumer-Consumer-scec1ddefx0a6ax43d5x9d8ex350bf4f5cd6a-26-7efd3bcf-a7dd-4bee-b91e-4f874206d6ba', protocol='range'}
2025-07-31 20:44:09,835 INFO  [org.apa.kaf.cli.con.int.ConsumerCoordinator] (Thread-794) [Consumer clientId=consumer-Consumer-scec1ddefx0a6ax43d5x9d8ex350bf4f5cd6a-26, groupId=Consumer-scec1ddefx0a6ax43d5x9d8ex350bf4f5cd6a] Notifying assignor about the new Assignment(partitions=[scec1ddefx0a6ax43d5x9d8ex350bf4f5cd6a-0])
2025-07-31 20:44:09,835 INFO  [org.apa.kaf.cli.con.int.ConsumerRebalanceListenerInvoker] (Thread-794) [Consumer clientId=consumer-Consumer-scec1ddefx0a6ax43d5x9d8ex350bf4f5cd6a-26, groupId=Consumer-scec1ddefx0a6ax43d5x9d8ex350bf4f5cd6a] Adding newly assigned partitions: scec1ddefx0a6ax43d5x9d8ex350bf4f5cd6a-0
2025-07-31 20:44:09,836 INFO  [org.apa.kaf.cli.con.int.ConsumerUtils] (Thread-794) Setting offset for partition scec1ddefx0a6ax43d5x9d8ex350bf4f5cd6a-0 to the committed offset FetchPosition{offset=10, offsetEpoch=Optional[0], currentLeader=LeaderAndEpoch{leader=Optional[localhost:32770 (id: 0 rack: null)], epoch=0}}
2025-07-31 20:44:10,120 INFO  [io.api.tes.ser.api.KafkaSerdesTester] (Thread-794) scec1ddefx0a6ax43d5x9d8ex350bf4f5cd6a 0 10 header {
  time {
  }
}
d1: 1.753994649613E12
s1: "a"
i1: 123
bi1: 1
point {
  longitude: 22.0
  latitude: 22.0
  altitude: 1.0
}

2025-07-31 20:44:10,121 INFO  [io.api.tes.ser.api.KafkaSerdesTester] (Thread-794) scec1ddefx0a6ax43d5x9d8ex350bf4f5cd6a 0 11 header {
  time {
  }
}
d1: 1.753994649778E12
s1: "a"
i1: 123
bi1: 1
point {
  longitude: 22.0
  latitude: 22.0
  altitude: 1.0
}

2025-07-31 20:44:10,121 INFO  [io.api.tes.ser.api.KafkaSerdesTester] (Thread-794) scec1ddefx0a6ax43d5x9d8ex350bf4f5cd6a 0 12 header {
  time {
  }
}
d1: 1.75399464978E12
s1: "a"
i1: 123
bi1: 1
point {
  longitude: 22.0
  latitude: 22.0
  altitude: 1.0
}

2025-07-31 20:44:10,121 INFO  [io.api.tes.ser.api.KafkaSerdesTester] (Thread-794) scec1ddefx0a6ax43d5x9d8ex350bf4f5cd6a 0 13 header {
  time {
  }
}
d1: 1.753994649782E12
s1: "a"
i1: 123
bi1: 1
point {
  longitude: 22.0
  latitude: 22.0
  altitude: 1.0
}

2025-07-31 20:44:10,121 INFO  [io.api.tes.ser.api.KafkaSerdesTester] (Thread-794) scec1ddefx0a6ax43d5x9d8ex350bf4f5cd6a 0 14 header {
  time {
  }
}
d1: 1.753994649788E12
s1: "a"
i1: 123
bi1: 1
point {
  longitude: 22.0
  latitude: 22.0
  altitude: 1.0
}

2025-07-31 20:44:10,121 INFO  [io.api.tes.ser.api.KafkaSerdesTester] (Thread-794) scec1ddefx0a6ax43d5x9d8ex350bf4f5cd6a 0 15 header {
  time {
  }
}
d1: 1.753994649791E12
s1: "a"
i1: 123
bi1: 1
point {
  longitude: 22.0
  latitude: 22.0
  altitude: 1.0
}

2025-07-31 20:44:10,121 INFO  [io.api.tes.ser.api.KafkaSerdesTester] (Thread-794) scec1ddefx0a6ax43d5x9d8ex350bf4f5cd6a 0 16 header {
  time {
  }
}
d1: 1.753994649795E12
s1: "a"
i1: 123
bi1: 1
point {
  longitude: 22.0
  latitude: 22.0
  altitude: 1.0
}

2025-07-31 20:44:10,121 INFO  [io.api.tes.ser.api.KafkaSerdesTester] (Thread-794) scec1ddefx0a6ax43d5x9d8ex350bf4f5cd6a 0 17 header {
  time {
  }
}
d1: 1.753994649798E12
s1: "a"
i1: 123
bi1: 1
point {
  longitude: 22.0
  latitude: 22.0
  altitude: 1.0
}

2025-07-31 20:44:10,121 INFO  [io.api.tes.ser.api.KafkaSerdesTester] (Thread-794) scec1ddefx0a6ax43d5x9d8ex350bf4f5cd6a 0 18 header {
  time {
  }
}
d1: 1.753994649801E12
s1: "a"
i1: 123
bi1: 1
point {
  longitude: 22.0
  latitude: 22.0
  altitude: 1.0
}

2025-07-31 20:44:10,121 INFO  [io.api.tes.ser.api.KafkaSerdesTester] (Thread-794) scec1ddefx0a6ax43d5x9d8ex350bf4f5cd6a 0 19 header {
  time {
  }
}
d1: 1.753994649806E12
s1: "a"
i1: 123
bi1: 1
point {
  longitude: 22.0
  latitude: 22.0
  altitude: 1.0
}

2025-07-31 20:44:10,121 INFO  [io.api.tes.ser.api.KafkaSerdesTester] (Thread-794) Consumed 10 messages
2025-07-31 20:44:10,124 INFO  [org.apa.kaf.cli.con.int.ConsumerRebalanceListenerInvoker] (Thread-794) [Consumer clientId=consumer-Consumer-scec1ddefx0a6ax43d5x9d8ex350bf4f5cd6a-26, groupId=Consumer-scec1ddefx0a6ax43d5x9d8ex350bf4f5cd6a] Revoke previously assigned partitions scec1ddefx0a6ax43d5x9d8ex350bf4f5cd6a-0
2025-07-31 20:44:10,124 INFO  [org.apa.kaf.cli.con.int.ConsumerCoordinator] (Thread-794) [Consumer clientId=consumer-Consumer-scec1ddefx0a6ax43d5x9d8ex350bf4f5cd6a-26, groupId=Consumer-scec1ddefx0a6ax43d5x9d8ex350bf4f5cd6a] Member consumer-Consumer-scec1ddefx0a6ax43d5x9d8ex350bf4f5cd6a-26-7efd3bcf-a7dd-4bee-b91e-4f874206d6ba sending LeaveGroup request to coordinator localhost:32770 (id: 2147483647 rack: null) due to the consumer is being closed
2025-07-31 20:44:10,124 INFO  [org.apa.kaf.cli.con.int.ConsumerCoordinator] (Thread-794) [Consumer clientId=consumer-Consumer-scec1ddefx0a6ax43d5x9d8ex350bf4f5cd6a-26, groupId=Consumer-scec1ddefx0a6ax43d5x9d8ex350bf4f5cd6a] Resetting generation and member id due to: consumer pro-actively leaving the group
2025-07-31 20:44:10,124 INFO  [org.apa.kaf.cli.con.int.ConsumerCoordinator] (Thread-794) [Consumer clientId=consumer-Consumer-scec1ddefx0a6ax43d5x9d8ex350bf4f5cd6a-26, groupId=Consumer-scec1ddefx0a6ax43d5x9d8ex350bf4f5cd6a] Request joining group due to: consumer pro-actively leaving the group
2025-07-31 20:44:10,623 INFO  [org.apa.kaf.com.met.Metrics] (Thread-794) Metrics scheduler closed
2025-07-31 20:44:10,623 INFO  [org.apa.kaf.com.met.Metrics] (Thread-794) Closing reporter org.apache.kafka.common.metrics.JmxReporter
2025-07-31 20:44:10,623 INFO  [org.apa.kaf.com.met.Metrics] (Thread-794) Closing reporter org.apache.kafka.common.telemetry.internals.ClientTelemetryReporter
2025-07-31 20:44:10,623 INFO  [org.apa.kaf.com.met.Metrics] (Thread-794) Metrics reporters closed
2025-07-31 20:44:10,625 INFO  [org.apa.kaf.com.uti.AppInfoParser] (Thread-794) App info kafka.consumer for consumer-Consumer-scec1ddefx0a6ax43d5x9d8ex350bf4f5cd6a-26 unregistered
**** Registry Base URL: http://registry-app-mysql.apps.ci419.apicurio-testing.org:80
2025-07-31 20:44:10,626 INFO  [org.apa.kaf.cli.pro.ProducerConfig] (main) ProducerConfig values: 
	acks = -1
	auto.include.jmx.reporter = true
	batch.size = 16384
	bootstrap.servers = [PLAINTEXT://localhost:32770]
	buffer.memory = 33554432
	client.dns.lookup = use_all_dns_ips
	client.id = Producer-scec1ddefx0a6ax43d5x9d8ex350bf4f5cd6a
	compression.gzip.level = -1
	compression.lz4.level = 9
	compression.type = none
	compression.zstd.level = 3
	connections.max.idle.ms = 10000
	delivery.timeout.ms = 120000
	enable.idempotence = true
	enable.metrics.push = true
	interceptor.classes = []
	key.serializer = class org.apache.kafka.common.serialization.StringSerializer
	linger.ms = 0
	max.block.ms = 60000
	max.in.flight.requests.per.connection = 5
	max.request.size = 1048576
	metadata.max.age.ms = 300000
	metadata.max.idle.ms = 300000
	metadata.recovery.strategy = none
	metric.reporters = []
	metrics.num.samples = 2
	metrics.recording.level = INFO
	metrics.sample.window.ms = 30000
	partitioner.adaptive.partitioning.enable = true
	partitioner.availability.timeout.ms = 0
	partitioner.class = null
	partitioner.ignore.keys = false
	receive.buffer.bytes = 32768
	reconnect.backoff.max.ms = 1000
	reconnect.backoff.ms = 50
	request.timeout.ms = 5000
	retries = 2147483647
	retry.backoff.max.ms = 1000
	retry.backoff.ms = 100
	sasl.client.callback.handler.class = null
	sasl.jaas.config = null
	sasl.kerberos.kinit.cmd = /usr/bin/kinit
	sasl.kerberos.min.time.before.relogin = 60000
	sasl.kerberos.service.name = null
	sasl.kerberos.ticket.renew.jitter = 0.05
	sasl.kerberos.ticket.renew.window.factor = 0.8
	sasl.login.callback.handler.class = null
	sasl.login.class = null
	sasl.login.connect.timeout.ms = null
	sasl.login.read.timeout.ms = null
	sasl.login.refresh.buffer.seconds = 300
	sasl.login.refresh.min.period.seconds = 60
	sasl.login.refresh.window.factor = 0.8
	sasl.login.refresh.window.jitter = 0.05
	sasl.login.retry.backoff.max.ms = 10000
	sasl.login.retry.backoff.ms = 100
	sasl.mechanism = GSSAPI
	sasl.oauthbearer.clock.skew.seconds = 30
	sasl.oauthbearer.expected.audience = null
	sasl.oauthbearer.expected.issuer = null
	sasl.oauthbearer.header.urlencode = false
	sasl.oauthbearer.jwks.endpoint.refresh.ms = 3600000
	sasl.oauthbearer.jwks.endpoint.retry.backoff.max.ms = 10000
	sasl.oauthbearer.jwks.endpoint.retry.backoff.ms = 100
	sasl.oauthbearer.jwks.endpoint.url = null
	sasl.oauthbearer.scope.claim.name = scope
	sasl.oauthbearer.sub.claim.name = sub
	sasl.oauthbearer.token.endpoint.url = null
	security.protocol = PLAINTEXT
	security.providers = null
	send.buffer.bytes = 131072
	socket.connection.setup.timeout.max.ms = 30000
	socket.connection.setup.timeout.ms = 10000
	ssl.cipher.suites = null
	ssl.enabled.protocols = [TLSv1.2, TLSv1.3]
	ssl.endpoint.identification.algorithm = https
	ssl.engine.factory.class = null
	ssl.key.password = null
	ssl.keymanager.algorithm = SunX509
	ssl.keystore.certificate.chain = null
	ssl.keystore.key = null
	ssl.keystore.location = null
	ssl.keystore.password = null
	ssl.keystore.type = JKS
	ssl.protocol = TLSv1.3
	ssl.provider = null
	ssl.secure.random.implementation = null
	ssl.trustmanager.algorithm = PKIX
	ssl.truststore.certificates = null
	ssl.truststore.location = null
	ssl.truststore.password = null
	ssl.truststore.type = JKS
	transaction.timeout.ms = 60000
	transactional.id = null
	value.serializer = class io.apicurio.registry.serde.protobuf.ProtobufKafkaSerializer

2025-07-31 20:44:10,627 INFO  [org.apa.kaf.com.tel.int.KafkaMetricsCollector] (main) initializing Kafka metrics collector
2025-07-31 20:44:10,630 INFO  [org.apa.kaf.cli.pro.KafkaProducer] (main) [Producer clientId=Producer-scec1ddefx0a6ax43d5x9d8ex350bf4f5cd6a] Instantiated an idempotent producer.
2025-07-31 20:44:10,632 INFO  [org.apa.kaf.cli.pro.ProducerConfig] (main) These configurations '[apicurio.registry.url, apicurio.registry.headers.enabled, apicurio.registry.artifact-resolver-strategy]' were supplied but are not used yet.
2025-07-31 20:44:10,633 INFO  [org.apa.kaf.com.uti.AppInfoParser] (main) Kafka version: 3.9.1
2025-07-31 20:44:10,633 INFO  [org.apa.kaf.com.uti.AppInfoParser] (main) Kafka commitId: f745dfdcee2b9851
2025-07-31 20:44:10,633 INFO  [org.apa.kaf.com.uti.AppInfoParser] (main) Kafka startTimeMs: 1753994650633
2025-07-31 20:44:10,633 INFO  [io.api.tes.ser.api.SimpleSerdesTesterBuilder$SimpleSerdesTester] (main) Using producer configuration: {apicurio.registry.url=http://registry-app-mysql.apps.ci419.apicurio-testing.org:80/apis/registry/v3, apicurio.registry.headers.enabled=true, apicurio.registry.artifact-resolver-strategy=io.apicurio.registry.serde.strategy.TopicIdStrategy, value.serializer=io.apicurio.registry.serde.protobuf.ProtobufKafkaSerializer, request.timeout.ms=5000, acks=all, bootstrap.servers=PLAINTEXT://localhost:32770, connections.max.idle.ms=10000, key.serializer=org.apache.kafka.common.serialization.StringSerializer, client.id=Producer-scec1ddefx0a6ax43d5x9d8ex350bf4f5cd6a}
2025-07-31 20:44:10,633 INFO  [io.api.tes.ser.api.SimpleSerdesTesterBuilder$SimpleSerdesTester] (main) Using consumer configuration: {apicurio.registry.headers.enabled=true}
2025-07-31 20:44:10,633 INFO  [io.api.tes.ser.api.KafkaSerdesTester] (Thread-797) Sending message msb: 1753994650633
lsb: 321
 to topic scec1ddefx0a6ax43d5x9d8ex350bf4f5cd6a
2025-07-31 20:44:10,637 INFO  [org.apa.kaf.cli.Metadata] (kafka-producer-network-thread | Producer-scec1ddefx0a6ax43d5x9d8ex350bf4f5cd6a) [Producer clientId=Producer-scec1ddefx0a6ax43d5x9d8ex350bf4f5cd6a] Cluster ID: 6lKjf0w6TFCctmqQa8E77g
2025-07-31 20:44:10,638 INFO  [DefaultSchemaResolver] (Thread-797) Retrieving schema content using string: // Proto schema formatted by Wire, do not edit.
// Source: 

syntax = "proto3";

package io.apicurio.registry.common.proto;

option java_package = "io.apicurio.registry.common.proto";
option java_outer_classname = "Cmmn";

message UUID {
  fixed64 msb = 1;

  fixed64 lsb = 2;
}

2025-07-31 20:44:10,638 INFO  [org.apa.kaf.cli.pro.int.TransactionManager] (kafka-producer-network-thread | Producer-scec1ddefx0a6ax43d5x9d8ex350bf4f5cd6a) [Producer clientId=Producer-scec1ddefx0a6ax43d5x9d8ex350bf4f5cd6a] ProducerId set to 36 with epoch 0
2025-07-31 20:44:10,795 INFO  [io.api.tes.ser.api.KafkaSerdesTester] (Thread-797) Sending message msb: 1753994650795
lsb: 321
 to topic scec1ddefx0a6ax43d5x9d8ex350bf4f5cd6a
2025-07-31 20:44:10,796 INFO  [io.api.tes.ser.api.KafkaSerdesTester] (Thread-797) Sending message msb: 1753994650796
lsb: 321
 to topic scec1ddefx0a6ax43d5x9d8ex350bf4f5cd6a
2025-07-31 20:44:10,797 INFO  [io.api.tes.ser.api.KafkaSerdesTester] (Thread-797) Sending message msb: 1753994650797
lsb: 321
 to topic scec1ddefx0a6ax43d5x9d8ex350bf4f5cd6a
2025-07-31 20:44:10,798 INFO  [io.api.tes.ser.api.KafkaSerdesTester] (Thread-797) Sending message msb: 1753994650798
lsb: 321
 to topic scec1ddefx0a6ax43d5x9d8ex350bf4f5cd6a
2025-07-31 20:44:10,800 INFO  [io.api.tes.ser.api.KafkaSerdesTester] (Thread-797) Sending message msb: 1753994650800
lsb: 321
 to topic scec1ddefx0a6ax43d5x9d8ex350bf4f5cd6a
2025-07-31 20:44:10,803 INFO  [io.api.tes.ser.api.KafkaSerdesTester] (Thread-797) Sending message msb: 1753994650803
lsb: 321
 to topic scec1ddefx0a6ax43d5x9d8ex350bf4f5cd6a
2025-07-31 20:44:10,807 INFO  [io.api.tes.ser.api.KafkaSerdesTester] (Thread-797) Sending message msb: 1753994650806
lsb: 321
 to topic scec1ddefx0a6ax43d5x9d8ex350bf4f5cd6a
2025-07-31 20:44:10,809 INFO  [io.api.tes.ser.api.KafkaSerdesTester] (Thread-797) Sending message msb: 1753994650809
lsb: 321
 to topic scec1ddefx0a6ax43d5x9d8ex350bf4f5cd6a
2025-07-31 20:44:10,811 INFO  [io.api.tes.ser.api.KafkaSerdesTester] (Thread-797) Sending message msb: 1753994650811
lsb: 321
 to topic scec1ddefx0a6ax43d5x9d8ex350bf4f5cd6a
2025-07-31 20:44:10,815 INFO  [io.api.tes.ser.api.KafkaSerdesTester] (Thread-797) Produced 10 messages
2025-07-31 20:44:10,815 INFO  [org.apa.kaf.cli.pro.KafkaProducer] (Thread-797) [Producer clientId=Producer-scec1ddefx0a6ax43d5x9d8ex350bf4f5cd6a] Closing the Kafka producer with timeoutMillis = 9223372036854775807 ms.
2025-07-31 20:44:10,817 INFO  [org.apa.kaf.com.met.Metrics] (Thread-797) Metrics scheduler closed
2025-07-31 20:44:10,817 INFO  [org.apa.kaf.com.met.Metrics] (Thread-797) Closing reporter org.apache.kafka.common.metrics.JmxReporter
2025-07-31 20:44:10,817 INFO  [org.apa.kaf.com.met.Metrics] (Thread-797) Closing reporter org.apache.kafka.common.telemetry.internals.ClientTelemetryReporter
2025-07-31 20:44:10,817 INFO  [org.apa.kaf.com.met.Metrics] (Thread-797) Metrics reporters closed
2025-07-31 20:44:10,817 INFO  [org.apa.kaf.com.uti.AppInfoParser] (Thread-797) App info kafka.producer for Producer-scec1ddefx0a6ax43d5x9d8ex350bf4f5cd6a unregistered
**** Registry Base URL: http://registry-app-mysql.apps.ci419.apicurio-testing.org:80
2025-07-31 20:44:10,819 INFO  [org.apa.kaf.cli.con.ConsumerConfig] (main) ConsumerConfig values: 
	allow.auto.create.topics = true
	auto.commit.interval.ms = 500
	auto.include.jmx.reporter = true
	auto.offset.reset = earliest
	bootstrap.servers = [PLAINTEXT://localhost:32770]
	check.crcs = true
	client.dns.lookup = use_all_dns_ips
	client.id = consumer-Consumer-scec1ddefx0a6ax43d5x9d8ex350bf4f5cd6a-27
	client.rack = 
	connections.max.idle.ms = 10000
	default.api.timeout.ms = 60000
	enable.auto.commit = true
	enable.metrics.push = true
	exclude.internal.topics = true
	fetch.max.bytes = 52428800
	fetch.max.wait.ms = 500
	fetch.min.bytes = 1
	group.id = Consumer-scec1ddefx0a6ax43d5x9d8ex350bf4f5cd6a
	group.instance.id = null
	group.protocol = classic
	group.remote.assignor = null
	heartbeat.interval.ms = 3000
	interceptor.classes = []
	internal.leave.group.on.close = true
	internal.throw.on.fetch.stable.offset.unsupported = false
	isolation.level = read_uncommitted
	key.deserializer = class org.apache.kafka.common.serialization.StringDeserializer
	max.partition.fetch.bytes = 1048576
	max.poll.interval.ms = 300000
	max.poll.records = 500
	metadata.max.age.ms = 300000
	metadata.recovery.strategy = none
	metric.reporters = []
	metrics.num.samples = 2
	metrics.recording.level = INFO
	metrics.sample.window.ms = 30000
	partition.assignment.strategy = [class org.apache.kafka.clients.consumer.RangeAssignor, class org.apache.kafka.clients.consumer.CooperativeStickyAssignor]
	receive.buffer.bytes = 65536
	reconnect.backoff.max.ms = 1000
	reconnect.backoff.ms = 50
	request.timeout.ms = 5000
	retry.backoff.max.ms = 1000
	retry.backoff.ms = 100
	sasl.client.callback.handler.class = null
	sasl.jaas.config = null
	sasl.kerberos.kinit.cmd = /usr/bin/kinit
	sasl.kerberos.min.time.before.relogin = 60000
	sasl.kerberos.service.name = null
	sasl.kerberos.ticket.renew.jitter = 0.05
	sasl.kerberos.ticket.renew.window.factor = 0.8
	sasl.login.callback.handler.class = null
	sasl.login.class = null
	sasl.login.connect.timeout.ms = null
	sasl.login.read.timeout.ms = null
	sasl.login.refresh.buffer.seconds = 300
	sasl.login.refresh.min.period.seconds = 60
	sasl.login.refresh.window.factor = 0.8
	sasl.login.refresh.window.jitter = 0.05
	sasl.login.retry.backoff.max.ms = 10000
	sasl.login.retry.backoff.ms = 100
	sasl.mechanism = GSSAPI
	sasl.oauthbearer.clock.skew.seconds = 30
	sasl.oauthbearer.expected.audience = null
	sasl.oauthbearer.expected.issuer = null
	sasl.oauthbearer.header.urlencode = false
	sasl.oauthbearer.jwks.endpoint.refresh.ms = 3600000
	sasl.oauthbearer.jwks.endpoint.retry.backoff.max.ms = 10000
	sasl.oauthbearer.jwks.endpoint.retry.backoff.ms = 100
	sasl.oauthbearer.jwks.endpoint.url = null
	sasl.oauthbearer.scope.claim.name = scope
	sasl.oauthbearer.sub.claim.name = sub
	sasl.oauthbearer.token.endpoint.url = null
	security.protocol = PLAINTEXT
	security.providers = null
	send.buffer.bytes = 131072
	session.timeout.ms = 45000
	socket.connection.setup.timeout.max.ms = 30000
	socket.connection.setup.timeout.ms = 10000
	ssl.cipher.suites = null
	ssl.enabled.protocols = [TLSv1.2, TLSv1.3]
	ssl.endpoint.identification.algorithm = https
	ssl.engine.factory.class = null
	ssl.key.password = null
	ssl.keymanager.algorithm = SunX509
	ssl.keystore.certificate.chain = null
	ssl.keystore.key = null
	ssl.keystore.location = null
	ssl.keystore.password = null
	ssl.keystore.type = JKS
	ssl.protocol = TLSv1.3
	ssl.provider = null
	ssl.secure.random.implementation = null
	ssl.trustmanager.algorithm = PKIX
	ssl.truststore.certificates = null
	ssl.truststore.location = null
	ssl.truststore.password = null
	ssl.truststore.type = JKS
	value.deserializer = class io.apicurio.registry.serde.protobuf.ProtobufKafkaDeserializer

2025-07-31 20:44:10,819 INFO  [org.apa.kaf.com.tel.int.KafkaMetricsCollector] (main) initializing Kafka metrics collector
2025-07-31 20:44:10,829 INFO  [org.apa.kaf.cli.con.ConsumerConfig] (main) These configurations '[apicurio.registry.url, apicurio.registry.headers.enabled]' were supplied but are not used yet.
2025-07-31 20:44:10,829 INFO  [org.apa.kaf.com.uti.AppInfoParser] (main) Kafka version: 3.9.1
2025-07-31 20:44:10,829 INFO  [org.apa.kaf.com.uti.AppInfoParser] (main) Kafka commitId: f745dfdcee2b9851
2025-07-31 20:44:10,829 INFO  [org.apa.kaf.com.uti.AppInfoParser] (main) Kafka startTimeMs: 1753994650829
2025-07-31 20:44:10,829 INFO  [org.apa.kaf.cli.con.int.ClassicKafkaConsumer] (Thread-800) [Consumer clientId=consumer-Consumer-scec1ddefx0a6ax43d5x9d8ex350bf4f5cd6a-27, groupId=Consumer-scec1ddefx0a6ax43d5x9d8ex350bf4f5cd6a] Subscribed to topic(s): scec1ddefx0a6ax43d5x9d8ex350bf4f5cd6a
2025-07-31 20:44:10,834 INFO  [org.apa.kaf.cli.Metadata] (Thread-800) [Consumer clientId=consumer-Consumer-scec1ddefx0a6ax43d5x9d8ex350bf4f5cd6a-27, groupId=Consumer-scec1ddefx0a6ax43d5x9d8ex350bf4f5cd6a] Cluster ID: 6lKjf0w6TFCctmqQa8E77g
2025-07-31 20:44:10,837 INFO  [org.apa.kaf.cli.con.int.ConsumerCoordinator] (Thread-800) [Consumer clientId=consumer-Consumer-scec1ddefx0a6ax43d5x9d8ex350bf4f5cd6a-27, groupId=Consumer-scec1ddefx0a6ax43d5x9d8ex350bf4f5cd6a] Discovered group coordinator localhost:32770 (id: 2147483647 rack: null)
2025-07-31 20:44:10,839 INFO  [org.apa.kaf.cli.con.int.ConsumerCoordinator] (Thread-800) [Consumer clientId=consumer-Consumer-scec1ddefx0a6ax43d5x9d8ex350bf4f5cd6a-27, groupId=Consumer-scec1ddefx0a6ax43d5x9d8ex350bf4f5cd6a] (Re-)joining group
2025-07-31 20:44:10,845 INFO  [org.apa.kaf.cli.con.int.ConsumerCoordinator] (Thread-800) [Consumer clientId=consumer-Consumer-scec1ddefx0a6ax43d5x9d8ex350bf4f5cd6a-27, groupId=Consumer-scec1ddefx0a6ax43d5x9d8ex350bf4f5cd6a] Request joining group due to: need to re-join with the given member-id: consumer-Consumer-scec1ddefx0a6ax43d5x9d8ex350bf4f5cd6a-27-35586cd9-5746-44f1-9b27-166c11658234
2025-07-31 20:44:10,845 INFO  [org.apa.kaf.cli.con.int.ConsumerCoordinator] (Thread-800) [Consumer clientId=consumer-Consumer-scec1ddefx0a6ax43d5x9d8ex350bf4f5cd6a-27, groupId=Consumer-scec1ddefx0a6ax43d5x9d8ex350bf4f5cd6a] (Re-)joining group
2025-07-31 20:44:10,848 INFO  [org.apa.kaf.cli.con.int.ConsumerCoordinator] (Thread-800) [Consumer clientId=consumer-Consumer-scec1ddefx0a6ax43d5x9d8ex350bf4f5cd6a-27, groupId=Consumer-scec1ddefx0a6ax43d5x9d8ex350bf4f5cd6a] Successfully joined group with generation Generation{generationId=5, memberId='consumer-Consumer-scec1ddefx0a6ax43d5x9d8ex350bf4f5cd6a-27-35586cd9-5746-44f1-9b27-166c11658234', protocol='range'}
2025-07-31 20:44:10,849 INFO  [org.apa.kaf.cli.con.int.ConsumerCoordinator] (Thread-800) [Consumer clientId=consumer-Consumer-scec1ddefx0a6ax43d5x9d8ex350bf4f5cd6a-27, groupId=Consumer-scec1ddefx0a6ax43d5x9d8ex350bf4f5cd6a] Finished assignment for group at generation 5: {consumer-Consumer-scec1ddefx0a6ax43d5x9d8ex350bf4f5cd6a-27-35586cd9-5746-44f1-9b27-166c11658234=Assignment(partitions=[scec1ddefx0a6ax43d5x9d8ex350bf4f5cd6a-0])}
2025-07-31 20:44:10,852 INFO  [org.apa.kaf.cli.con.int.ConsumerCoordinator] (Thread-800) [Consumer clientId=consumer-Consumer-scec1ddefx0a6ax43d5x9d8ex350bf4f5cd6a-27, groupId=Consumer-scec1ddefx0a6ax43d5x9d8ex350bf4f5cd6a] Successfully synced group in generation Generation{generationId=5, memberId='consumer-Consumer-scec1ddefx0a6ax43d5x9d8ex350bf4f5cd6a-27-35586cd9-5746-44f1-9b27-166c11658234', protocol='range'}
2025-07-31 20:44:10,852 INFO  [org.apa.kaf.cli.con.int.ConsumerCoordinator] (Thread-800) [Consumer clientId=consumer-Consumer-scec1ddefx0a6ax43d5x9d8ex350bf4f5cd6a-27, groupId=Consumer-scec1ddefx0a6ax43d5x9d8ex350bf4f5cd6a] Notifying assignor about the new Assignment(partitions=[scec1ddefx0a6ax43d5x9d8ex350bf4f5cd6a-0])
2025-07-31 20:44:10,852 INFO  [org.apa.kaf.cli.con.int.ConsumerRebalanceListenerInvoker] (Thread-800) [Consumer clientId=consumer-Consumer-scec1ddefx0a6ax43d5x9d8ex350bf4f5cd6a-27, groupId=Consumer-scec1ddefx0a6ax43d5x9d8ex350bf4f5cd6a] Adding newly assigned partitions: scec1ddefx0a6ax43d5x9d8ex350bf4f5cd6a-0
2025-07-31 20:44:10,853 INFO  [org.apa.kaf.cli.con.int.ConsumerUtils] (Thread-800) Setting offset for partition scec1ddefx0a6ax43d5x9d8ex350bf4f5cd6a-0 to the committed offset FetchPosition{offset=20, offsetEpoch=Optional[0], currentLeader=LeaderAndEpoch{leader=Optional[localhost:32770 (id: 0 rack: null)], epoch=0}}
2025-07-31 20:44:11,098 INFO  [io.api.tes.ser.api.KafkaSerdesTester] (Thread-800) scec1ddefx0a6ax43d5x9d8ex350bf4f5cd6a 0 20 msb: 1753994650633
lsb: 321

2025-07-31 20:44:11,098 INFO  [io.api.tes.ser.api.KafkaSerdesTester] (Thread-800) scec1ddefx0a6ax43d5x9d8ex350bf4f5cd6a 0 21 msb: 1753994650795
lsb: 321

2025-07-31 20:44:11,098 INFO  [io.api.tes.ser.api.KafkaSerdesTester] (Thread-800) scec1ddefx0a6ax43d5x9d8ex350bf4f5cd6a 0 22 msb: 1753994650796
lsb: 321

2025-07-31 20:44:11,098 INFO  [io.api.tes.ser.api.KafkaSerdesTester] (Thread-800) scec1ddefx0a6ax43d5x9d8ex350bf4f5cd6a 0 23 msb: 1753994650797
lsb: 321

2025-07-31 20:44:11,098 INFO  [io.api.tes.ser.api.KafkaSerdesTester] (Thread-800) scec1ddefx0a6ax43d5x9d8ex350bf4f5cd6a 0 24 msb: 1753994650798
lsb: 321

2025-07-31 20:44:11,098 INFO  [io.api.tes.ser.api.KafkaSerdesTester] (Thread-800) scec1ddefx0a6ax43d5x9d8ex350bf4f5cd6a 0 25 msb: 1753994650800
lsb: 321

2025-07-31 20:44:11,098 INFO  [io.api.tes.ser.api.KafkaSerdesTester] (Thread-800) scec1ddefx0a6ax43d5x9d8ex350bf4f5cd6a 0 26 msb: 1753994650803
lsb: 321

2025-07-31 20:44:11,098 INFO  [io.api.tes.ser.api.KafkaSerdesTester] (Thread-800) scec1ddefx0a6ax43d5x9d8ex350bf4f5cd6a 0 27 msb: 1753994650806
lsb: 321

2025-07-31 20:44:11,098 INFO  [io.api.tes.ser.api.KafkaSerdesTester] (Thread-800) scec1ddefx0a6ax43d5x9d8ex350bf4f5cd6a 0 28 msb: 1753994650809
lsb: 321

2025-07-31 20:44:11,098 INFO  [io.api.tes.ser.api.KafkaSerdesTester] (Thread-800) scec1ddefx0a6ax43d5x9d8ex350bf4f5cd6a 0 29 msb: 1753994650811
lsb: 321

2025-07-31 20:44:11,098 INFO  [io.api.tes.ser.api.KafkaSerdesTester] (Thread-800) Consumed 10 messages
2025-07-31 20:44:11,103 INFO  [org.apa.kaf.cli.con.int.ConsumerRebalanceListenerInvoker] (Thread-800) [Consumer clientId=consumer-Consumer-scec1ddefx0a6ax43d5x9d8ex350bf4f5cd6a-27, groupId=Consumer-scec1ddefx0a6ax43d5x9d8ex350bf4f5cd6a] Revoke previously assigned partitions scec1ddefx0a6ax43d5x9d8ex350bf4f5cd6a-0
2025-07-31 20:44:11,103 INFO  [org.apa.kaf.cli.con.int.ConsumerCoordinator] (Thread-800) [Consumer clientId=consumer-Consumer-scec1ddefx0a6ax43d5x9d8ex350bf4f5cd6a-27, groupId=Consumer-scec1ddefx0a6ax43d5x9d8ex350bf4f5cd6a] Member consumer-Consumer-scec1ddefx0a6ax43d5x9d8ex350bf4f5cd6a-27-35586cd9-5746-44f1-9b27-166c11658234 sending LeaveGroup request to coordinator localhost:32770 (id: 2147483647 rack: null) due to the consumer is being closed
2025-07-31 20:44:11,103 INFO  [org.apa.kaf.cli.con.int.ConsumerCoordinator] (Thread-800) [Consumer clientId=consumer-Consumer-scec1ddefx0a6ax43d5x9d8ex350bf4f5cd6a-27, groupId=Consumer-scec1ddefx0a6ax43d5x9d8ex350bf4f5cd6a] Resetting generation and member id due to: consumer pro-actively leaving the group
2025-07-31 20:44:11,103 INFO  [org.apa.kaf.cli.con.int.ConsumerCoordinator] (Thread-800) [Consumer clientId=consumer-Consumer-scec1ddefx0a6ax43d5x9d8ex350bf4f5cd6a-27, groupId=Consumer-scec1ddefx0a6ax43d5x9d8ex350bf4f5cd6a] Request joining group due to: consumer pro-actively leaving the group
2025-07-31 20:44:11,605 INFO  [org.apa.kaf.com.met.Metrics] (Thread-800) Metrics scheduler closed
2025-07-31 20:44:11,605 INFO  [org.apa.kaf.com.met.Metrics] (Thread-800) Closing reporter org.apache.kafka.common.metrics.JmxReporter
2025-07-31 20:44:11,605 INFO  [org.apa.kaf.com.met.Metrics] (Thread-800) Closing reporter org.apache.kafka.common.telemetry.internals.ClientTelemetryReporter
2025-07-31 20:44:11,605 INFO  [org.apa.kaf.com.met.Metrics] (Thread-800) Metrics reporters closed
2025-07-31 20:44:11,607 INFO  [org.apa.kaf.com.uti.AppInfoParser] (Thread-800) App info kafka.consumer for consumer-Consumer-scec1ddefx0a6ax43d5x9d8ex350bf4f5cd6a-27 unregistered
**** Registry Base URL: http://registry-app-mysql.apps.ci419.apicurio-testing.org:80
2025-07-31 20:44:11,608 INFO  [org.apa.kaf.cli.pro.ProducerConfig] (main) ProducerConfig values: 
	acks = -1
	auto.include.jmx.reporter = true
	batch.size = 16384
	bootstrap.servers = [PLAINTEXT://localhost:32770]
	buffer.memory = 33554432
	client.dns.lookup = use_all_dns_ips
	client.id = Producer-scec1ddefx0a6ax43d5x9d8ex350bf4f5cd6a
	compression.gzip.level = -1
	compression.lz4.level = 9
	compression.type = none
	compression.zstd.level = 3
	connections.max.idle.ms = 10000
	delivery.timeout.ms = 120000
	enable.idempotence = true
	enable.metrics.push = true
	interceptor.classes = []
	key.serializer = class org.apache.kafka.common.serialization.StringSerializer
	linger.ms = 0
	max.block.ms = 60000
	max.in.flight.requests.per.connection = 5
	max.request.size = 1048576
	metadata.max.age.ms = 300000
	metadata.max.idle.ms = 300000
	metadata.recovery.strategy = none
	metric.reporters = []
	metrics.num.samples = 2
	metrics.recording.level = INFO
	metrics.sample.window.ms = 30000
	partitioner.adaptive.partitioning.enable = true
	partitioner.availability.timeout.ms = 0
	partitioner.class = null
	partitioner.ignore.keys = false
	receive.buffer.bytes = 32768
	reconnect.backoff.max.ms = 1000
	reconnect.backoff.ms = 50
	request.timeout.ms = 5000
	retries = 2147483647
	retry.backoff.max.ms = 1000
	retry.backoff.ms = 100
	sasl.client.callback.handler.class = null
	sasl.jaas.config = null
	sasl.kerberos.kinit.cmd = /usr/bin/kinit
	sasl.kerberos.min.time.before.relogin = 60000
	sasl.kerberos.service.name = null
	sasl.kerberos.ticket.renew.jitter = 0.05
	sasl.kerberos.ticket.renew.window.factor = 0.8
	sasl.login.callback.handler.class = null
	sasl.login.class = null
	sasl.login.connect.timeout.ms = null
	sasl.login.read.timeout.ms = null
	sasl.login.refresh.buffer.seconds = 300
	sasl.login.refresh.min.period.seconds = 60
	sasl.login.refresh.window.factor = 0.8
	sasl.login.refresh.window.jitter = 0.05
	sasl.login.retry.backoff.max.ms = 10000
	sasl.login.retry.backoff.ms = 100
	sasl.mechanism = GSSAPI
	sasl.oauthbearer.clock.skew.seconds = 30
	sasl.oauthbearer.expected.audience = null
	sasl.oauthbearer.expected.issuer = null
	sasl.oauthbearer.header.urlencode = false
	sasl.oauthbearer.jwks.endpoint.refresh.ms = 3600000
	sasl.oauthbearer.jwks.endpoint.retry.backoff.max.ms = 10000
	sasl.oauthbearer.jwks.endpoint.retry.backoff.ms = 100
	sasl.oauthbearer.jwks.endpoint.url = null
	sasl.oauthbearer.scope.claim.name = scope
	sasl.oauthbearer.sub.claim.name = sub
	sasl.oauthbearer.token.endpoint.url = null
	security.protocol = PLAINTEXT
	security.providers = null
	send.buffer.bytes = 131072
	socket.connection.setup.timeout.max.ms = 30000
	socket.connection.setup.timeout.ms = 10000
	ssl.cipher.suites = null
	ssl.enabled.protocols = [TLSv1.2, TLSv1.3]
	ssl.endpoint.identification.algorithm = https
	ssl.engine.factory.class = null
	ssl.key.password = null
	ssl.keymanager.algorithm = SunX509
	ssl.keystore.certificate.chain = null
	ssl.keystore.key = null
	ssl.keystore.location = null
	ssl.keystore.password = null
	ssl.keystore.type = JKS
	ssl.protocol = TLSv1.3
	ssl.provider = null
	ssl.secure.random.implementation = null
	ssl.trustmanager.algorithm = PKIX
	ssl.truststore.certificates = null
	ssl.truststore.location = null
	ssl.truststore.password = null
	ssl.truststore.type = JKS
	transaction.timeout.ms = 60000
	transactional.id = null
	value.serializer = class io.apicurio.registry.serde.protobuf.ProtobufKafkaSerializer

2025-07-31 20:44:11,608 INFO  [org.apa.kaf.com.tel.int.KafkaMetricsCollector] (main) initializing Kafka metrics collector
2025-07-31 20:44:11,615 INFO  [org.apa.kaf.cli.pro.KafkaProducer] (main) [Producer clientId=Producer-scec1ddefx0a6ax43d5x9d8ex350bf4f5cd6a] Instantiated an idempotent producer.
2025-07-31 20:44:11,617 INFO  [org.apa.kaf.cli.pro.ProducerConfig] (main) These configurations '[apicurio.registry.find-latest, apicurio.registry.url, apicurio.registry.artifact-resolver-strategy]' were supplied but are not used yet.
2025-07-31 20:44:11,617 INFO  [org.apa.kaf.com.uti.AppInfoParser] (main) Kafka version: 3.9.1
2025-07-31 20:44:11,617 INFO  [org.apa.kaf.com.uti.AppInfoParser] (main) Kafka commitId: f745dfdcee2b9851
2025-07-31 20:44:11,617 INFO  [org.apa.kaf.com.uti.AppInfoParser] (main) Kafka startTimeMs: 1753994651617
2025-07-31 20:44:11,619 INFO  [io.api.tes.ser.api.KafkaSerdesTester] (Thread-803) Sending message header {
  time {
  }
}
d1: 1.753994651619E12
s1: "a"
i1: 123
bi1: 1
point {
  longitude: 22.0
  latitude: 22.0
  altitude: 1.0
}
 to topic scec1ddefx0a6ax43d5x9d8ex350bf4f5cd6a
2025-07-31 20:44:11,627 INFO  [org.apa.kaf.cli.Metadata] (kafka-producer-network-thread | Producer-scec1ddefx0a6ax43d5x9d8ex350bf4f5cd6a) [Producer clientId=Producer-scec1ddefx0a6ax43d5x9d8ex350bf4f5cd6a] Cluster ID: 6lKjf0w6TFCctmqQa8E77g
2025-07-31 20:44:11,627 INFO  [org.apa.kaf.cli.pro.int.TransactionManager] (kafka-producer-network-thread | Producer-scec1ddefx0a6ax43d5x9d8ex350bf4f5cd6a) [Producer clientId=Producer-scec1ddefx0a6ax43d5x9d8ex350bf4f5cd6a] ProducerId set to 37 with epoch 0
2025-07-31 20:44:11,943 INFO  [org.apa.kaf.cli.pro.KafkaProducer] (Thread-803) [Producer clientId=Producer-scec1ddefx0a6ax43d5x9d8ex350bf4f5cd6a] Closing the Kafka producer with timeoutMillis = 9223372036854775807 ms.
2025-07-31 20:44:11,944 INFO  [org.apa.kaf.com.met.Metrics] (Thread-803) Metrics scheduler closed
2025-07-31 20:44:11,944 INFO  [org.apa.kaf.com.met.Metrics] (Thread-803) Closing reporter org.apache.kafka.common.metrics.JmxReporter
2025-07-31 20:44:11,944 INFO  [org.apa.kaf.com.met.Metrics] (Thread-803) Closing reporter org.apache.kafka.common.telemetry.internals.ClientTelemetryReporter
2025-07-31 20:44:11,944 INFO  [org.apa.kaf.com.met.Metrics] (Thread-803) Metrics reporters closed
2025-07-31 20:44:11,944 INFO  [org.apa.kaf.com.uti.AppInfoParser] (Thread-803) App info kafka.producer for Producer-scec1ddefx0a6ax43d5x9d8ex350bf4f5cd6a unregistered
**** Registry Base URL: http://registry-app-mysql.apps.ci419.apicurio-testing.org:80
2025-07-31 20:44:11,945 INFO  [org.apa.kaf.cli.pro.ProducerConfig] (main) ProducerConfig values: 
	acks = -1
	auto.include.jmx.reporter = true
	batch.size = 16384
	bootstrap.servers = [PLAINTEXT://localhost:32770]
	buffer.memory = 33554432
	client.dns.lookup = use_all_dns_ips
	client.id = Producer-scec1ddefx0a6ax43d5x9d8ex350bf4f5cd6a
	compression.gzip.level = -1
	compression.lz4.level = 9
	compression.type = none
	compression.zstd.level = 3
	connections.max.idle.ms = 10000
	delivery.timeout.ms = 120000
	enable.idempotence = true
	enable.metrics.push = true
	interceptor.classes = []
	key.serializer = class org.apache.kafka.common.serialization.StringSerializer
	linger.ms = 0
	max.block.ms = 60000
	max.in.flight.requests.per.connection = 5
	max.request.size = 1048576
	metadata.max.age.ms = 300000
	metadata.max.idle.ms = 300000
	metadata.recovery.strategy = none
	metric.reporters = []
	metrics.num.samples = 2
	metrics.recording.level = INFO
	metrics.sample.window.ms = 30000
	partitioner.adaptive.partitioning.enable = true
	partitioner.availability.timeout.ms = 0
	partitioner.class = null
	partitioner.ignore.keys = false
	receive.buffer.bytes = 32768
	reconnect.backoff.max.ms = 1000
	reconnect.backoff.ms = 50
	request.timeout.ms = 5000
	retries = 2147483647
	retry.backoff.max.ms = 1000
	retry.backoff.ms = 100
	sasl.client.callback.handler.class = null
	sasl.jaas.config = null
	sasl.kerberos.kinit.cmd = /usr/bin/kinit
	sasl.kerberos.min.time.before.relogin = 60000
	sasl.kerberos.service.name = null
	sasl.kerberos.ticket.renew.jitter = 0.05
	sasl.kerberos.ticket.renew.window.factor = 0.8
	sasl.login.callback.handler.class = null
	sasl.login.class = null
	sasl.login.connect.timeout.ms = null
	sasl.login.read.timeout.ms = null
	sasl.login.refresh.buffer.seconds = 300
	sasl.login.refresh.min.period.seconds = 60
	sasl.login.refresh.window.factor = 0.8
	sasl.login.refresh.window.jitter = 0.05
	sasl.login.retry.backoff.max.ms = 10000
	sasl.login.retry.backoff.ms = 100
	sasl.mechanism = GSSAPI
	sasl.oauthbearer.clock.skew.seconds = 30
	sasl.oauthbearer.expected.audience = null
	sasl.oauthbearer.expected.issuer = null
	sasl.oauthbearer.header.urlencode = false
	sasl.oauthbearer.jwks.endpoint.refresh.ms = 3600000
	sasl.oauthbearer.jwks.endpoint.retry.backoff.max.ms = 10000
	sasl.oauthbearer.jwks.endpoint.retry.backoff.ms = 100
	sasl.oauthbearer.jwks.endpoint.url = null
	sasl.oauthbearer.scope.claim.name = scope
	sasl.oauthbearer.sub.claim.name = sub
	sasl.oauthbearer.token.endpoint.url = null
	security.protocol = PLAINTEXT
	security.providers = null
	send.buffer.bytes = 131072
	socket.connection.setup.timeout.max.ms = 30000
	socket.connection.setup.timeout.ms = 10000
	ssl.cipher.suites = null
	ssl.enabled.protocols = [TLSv1.2, TLSv1.3]
	ssl.endpoint.identification.algorithm = https
	ssl.engine.factory.class = null
	ssl.key.password = null
	ssl.keymanager.algorithm = SunX509
	ssl.keystore.certificate.chain = null
	ssl.keystore.key = null
	ssl.keystore.location = null
	ssl.keystore.password = null
	ssl.keystore.type = JKS
	ssl.protocol = TLSv1.3
	ssl.provider = null
	ssl.secure.random.implementation = null
	ssl.trustmanager.algorithm = PKIX
	ssl.truststore.certificates = null
	ssl.truststore.location = null
	ssl.truststore.password = null
	ssl.truststore.type = JKS
	transaction.timeout.ms = 60000
	transactional.id = null
	value.serializer = class io.apicurio.registry.serde.protobuf.ProtobufKafkaSerializer

2025-07-31 20:44:11,946 INFO  [org.apa.kaf.com.tel.int.KafkaMetricsCollector] (main) initializing Kafka metrics collector
2025-07-31 20:44:11,948 INFO  [org.apa.kaf.cli.pro.KafkaProducer] (main) [Producer clientId=Producer-scec1ddefx0a6ax43d5x9d8ex350bf4f5cd6a] Instantiated an idempotent producer.
2025-07-31 20:44:11,950 INFO  [org.apa.kaf.cli.pro.ProducerConfig] (main) These configurations '[apicurio.registry.find-latest, apicurio.registry.url, apicurio.registry.headers.enabled, apicurio.registry.artifact-resolver-strategy]' were supplied but are not used yet.
2025-07-31 20:44:11,950 INFO  [org.apa.kaf.com.uti.AppInfoParser] (main) Kafka version: 3.9.1
2025-07-31 20:44:11,950 INFO  [org.apa.kaf.com.uti.AppInfoParser] (main) Kafka commitId: f745dfdcee2b9851
2025-07-31 20:44:11,950 INFO  [org.apa.kaf.com.uti.AppInfoParser] (main) Kafka startTimeMs: 1753994651950
2025-07-31 20:44:11,950 INFO  [io.api.tes.ser.api.SimpleSerdesTesterBuilder$SimpleSerdesTester] (main) Using producer configuration: {apicurio.registry.find-latest=true, apicurio.registry.url=http://registry-app-mysql.apps.ci419.apicurio-testing.org:80/apis/registry/v3, apicurio.registry.headers.enabled=true, apicurio.registry.artifact-resolver-strategy=io.apicurio.registry.serde.strategy.TopicIdStrategy, value.serializer=io.apicurio.registry.serde.protobuf.ProtobufKafkaSerializer, request.timeout.ms=5000, acks=all, bootstrap.servers=PLAINTEXT://localhost:32770, connections.max.idle.ms=10000, key.serializer=org.apache.kafka.common.serialization.StringSerializer, client.id=Producer-scec1ddefx0a6ax43d5x9d8ex350bf4f5cd6a}
2025-07-31 20:44:11,950 INFO  [io.api.tes.ser.api.SimpleSerdesTesterBuilder$SimpleSerdesTester] (main) Using consumer configuration: {apicurio.registry.headers.enabled=true}
2025-07-31 20:44:11,950 INFO  [io.api.tes.ser.api.KafkaSerdesTester] (Thread-806) Sending message msb: 1753994651950
lsb: 321
 to topic scec1ddefx0a6ax43d5x9d8ex350bf4f5cd6a
2025-07-31 20:44:11,953 INFO  [org.apa.kaf.cli.Metadata] (kafka-producer-network-thread | Producer-scec1ddefx0a6ax43d5x9d8ex350bf4f5cd6a) [Producer clientId=Producer-scec1ddefx0a6ax43d5x9d8ex350bf4f5cd6a] Cluster ID: 6lKjf0w6TFCctmqQa8E77g
2025-07-31 20:44:11,953 INFO  [org.apa.kaf.cli.pro.int.TransactionManager] (kafka-producer-network-thread | Producer-scec1ddefx0a6ax43d5x9d8ex350bf4f5cd6a) [Producer clientId=Producer-scec1ddefx0a6ax43d5x9d8ex350bf4f5cd6a] ProducerId set to 38 with epoch 0
2025-07-31 20:44:12,288 INFO  [io.api.tes.ser.api.KafkaSerdesTester] (Thread-806) Sending message msb: 1753994652288
lsb: 321
 to topic scec1ddefx0a6ax43d5x9d8ex350bf4f5cd6a
2025-07-31 20:44:12,289 INFO  [io.api.tes.ser.api.KafkaSerdesTester] (Thread-806) Sending message msb: 1753994652289
lsb: 321
 to topic scec1ddefx0a6ax43d5x9d8ex350bf4f5cd6a
2025-07-31 20:44:12,290 INFO  [io.api.tes.ser.api.KafkaSerdesTester] (Thread-806) Sending message msb: 1753994652290
lsb: 321
 to topic scec1ddefx0a6ax43d5x9d8ex350bf4f5cd6a
2025-07-31 20:44:12,291 INFO  [io.api.tes.ser.api.KafkaSerdesTester] (Thread-806) Sending message msb: 1753994652291
lsb: 321
 to topic scec1ddefx0a6ax43d5x9d8ex350bf4f5cd6a
2025-07-31 20:44:12,292 INFO  [io.api.tes.ser.api.KafkaSerdesTester] (Thread-806) Sending message msb: 1753994652292
lsb: 321
 to topic scec1ddefx0a6ax43d5x9d8ex350bf4f5cd6a
2025-07-31 20:44:12,293 INFO  [io.api.tes.ser.api.KafkaSerdesTester] (Thread-806) Sending message msb: 1753994652293
lsb: 321
 to topic scec1ddefx0a6ax43d5x9d8ex350bf4f5cd6a
2025-07-31 20:44:12,297 INFO  [io.api.tes.ser.api.KafkaSerdesTester] (Thread-806) Sending message msb: 1753994652297
lsb: 321
 to topic scec1ddefx0a6ax43d5x9d8ex350bf4f5cd6a
2025-07-31 20:44:12,298 INFO  [io.api.tes.ser.api.KafkaSerdesTester] (Thread-806) Sending message msb: 1753994652298
lsb: 321
 to topic scec1ddefx0a6ax43d5x9d8ex350bf4f5cd6a
2025-07-31 20:44:12,303 INFO  [io.api.tes.ser.api.KafkaSerdesTester] (Thread-806) Sending message msb: 1753994652303
lsb: 321
 to topic scec1ddefx0a6ax43d5x9d8ex350bf4f5cd6a
2025-07-31 20:44:12,305 INFO  [io.api.tes.ser.api.KafkaSerdesTester] (Thread-806) Produced 10 messages
2025-07-31 20:44:12,305 INFO  [org.apa.kaf.cli.pro.KafkaProducer] (Thread-806) [Producer clientId=Producer-scec1ddefx0a6ax43d5x9d8ex350bf4f5cd6a] Closing the Kafka producer with timeoutMillis = 9223372036854775807 ms.
2025-07-31 20:44:12,307 INFO  [org.apa.kaf.com.met.Metrics] (Thread-806) Metrics scheduler closed
2025-07-31 20:44:12,307 INFO  [org.apa.kaf.com.met.Metrics] (Thread-806) Closing reporter org.apache.kafka.common.metrics.JmxReporter
2025-07-31 20:44:12,307 INFO  [org.apa.kaf.com.met.Metrics] (Thread-806) Closing reporter org.apache.kafka.common.telemetry.internals.ClientTelemetryReporter
2025-07-31 20:44:12,307 INFO  [org.apa.kaf.com.met.Metrics] (Thread-806) Metrics reporters closed
2025-07-31 20:44:12,307 INFO  [org.apa.kaf.com.uti.AppInfoParser] (Thread-806) App info kafka.producer for Producer-scec1ddefx0a6ax43d5x9d8ex350bf4f5cd6a unregistered
**** Registry Base URL: http://registry-app-mysql.apps.ci419.apicurio-testing.org:80
2025-07-31 20:44:12,308 INFO  [org.apa.kaf.cli.con.ConsumerConfig] (main) ConsumerConfig values: 
	allow.auto.create.topics = true
	auto.commit.interval.ms = 500
	auto.include.jmx.reporter = true
	auto.offset.reset = earliest
	bootstrap.servers = [PLAINTEXT://localhost:32770]
	check.crcs = true
	client.dns.lookup = use_all_dns_ips
	client.id = consumer-Consumer-scec1ddefx0a6ax43d5x9d8ex350bf4f5cd6a-28
	client.rack = 
	connections.max.idle.ms = 10000
	default.api.timeout.ms = 60000
	enable.auto.commit = true
	enable.metrics.push = true
	exclude.internal.topics = true
	fetch.max.bytes = 52428800
	fetch.max.wait.ms = 500
	fetch.min.bytes = 1
	group.id = Consumer-scec1ddefx0a6ax43d5x9d8ex350bf4f5cd6a
	group.instance.id = null
	group.protocol = classic
	group.remote.assignor = null
	heartbeat.interval.ms = 3000
	interceptor.classes = []
	internal.leave.group.on.close = true
	internal.throw.on.fetch.stable.offset.unsupported = false
	isolation.level = read_uncommitted
	key.deserializer = class org.apache.kafka.common.serialization.StringDeserializer
	max.partition.fetch.bytes = 1048576
	max.poll.interval.ms = 300000
	max.poll.records = 500
	metadata.max.age.ms = 300000
	metadata.recovery.strategy = none
	metric.reporters = []
	metrics.num.samples = 2
	metrics.recording.level = INFO
	metrics.sample.window.ms = 30000
	partition.assignment.strategy = [class org.apache.kafka.clients.consumer.RangeAssignor, class org.apache.kafka.clients.consumer.CooperativeStickyAssignor]
	receive.buffer.bytes = 65536
	reconnect.backoff.max.ms = 1000
	reconnect.backoff.ms = 50
	request.timeout.ms = 5000
	retry.backoff.max.ms = 1000
	retry.backoff.ms = 100
	sasl.client.callback.handler.class = null
	sasl.jaas.config = null
	sasl.kerberos.kinit.cmd = /usr/bin/kinit
	sasl.kerberos.min.time.before.relogin = 60000
	sasl.kerberos.service.name = null
	sasl.kerberos.ticket.renew.jitter = 0.05
	sasl.kerberos.ticket.renew.window.factor = 0.8
	sasl.login.callback.handler.class = null
	sasl.login.class = null
	sasl.login.connect.timeout.ms = null
	sasl.login.read.timeout.ms = null
	sasl.login.refresh.buffer.seconds = 300
	sasl.login.refresh.min.period.seconds = 60
	sasl.login.refresh.window.factor = 0.8
	sasl.login.refresh.window.jitter = 0.05
	sasl.login.retry.backoff.max.ms = 10000
	sasl.login.retry.backoff.ms = 100
	sasl.mechanism = GSSAPI
	sasl.oauthbearer.clock.skew.seconds = 30
	sasl.oauthbearer.expected.audience = null
	sasl.oauthbearer.expected.issuer = null
	sasl.oauthbearer.header.urlencode = false
	sasl.oauthbearer.jwks.endpoint.refresh.ms = 3600000
	sasl.oauthbearer.jwks.endpoint.retry.backoff.max.ms = 10000
	sasl.oauthbearer.jwks.endpoint.retry.backoff.ms = 100
	sasl.oauthbearer.jwks.endpoint.url = null
	sasl.oauthbearer.scope.claim.name = scope
	sasl.oauthbearer.sub.claim.name = sub
	sasl.oauthbearer.token.endpoint.url = null
	security.protocol = PLAINTEXT
	security.providers = null
	send.buffer.bytes = 131072
	session.timeout.ms = 45000
	socket.connection.setup.timeout.max.ms = 30000
	socket.connection.setup.timeout.ms = 10000
	ssl.cipher.suites = null
	ssl.enabled.protocols = [TLSv1.2, TLSv1.3]
	ssl.endpoint.identification.algorithm = https
	ssl.engine.factory.class = null
	ssl.key.password = null
	ssl.keymanager.algorithm = SunX509
	ssl.keystore.certificate.chain = null
	ssl.keystore.key = null
	ssl.keystore.location = null
	ssl.keystore.password = null
	ssl.keystore.type = JKS
	ssl.protocol = TLSv1.3
	ssl.provider = null
	ssl.secure.random.implementation = null
	ssl.trustmanager.algorithm = PKIX
	ssl.truststore.certificates = null
	ssl.truststore.location = null
	ssl.truststore.password = null
	ssl.truststore.type = JKS
	value.deserializer = class io.apicurio.registry.serde.protobuf.ProtobufKafkaDeserializer

2025-07-31 20:44:12,308 INFO  [org.apa.kaf.com.tel.int.KafkaMetricsCollector] (main) initializing Kafka metrics collector
2025-07-31 20:44:12,315 INFO  [org.apa.kaf.cli.con.ConsumerConfig] (main) These configurations '[apicurio.registry.url, apicurio.registry.headers.enabled]' were supplied but are not used yet.
2025-07-31 20:44:12,315 INFO  [org.apa.kaf.com.uti.AppInfoParser] (main) Kafka version: 3.9.1
2025-07-31 20:44:12,315 INFO  [org.apa.kaf.com.uti.AppInfoParser] (main) Kafka commitId: f745dfdcee2b9851
2025-07-31 20:44:12,315 INFO  [org.apa.kaf.com.uti.AppInfoParser] (main) Kafka startTimeMs: 1753994652315
2025-07-31 20:44:12,315 INFO  [org.apa.kaf.cli.con.int.ClassicKafkaConsumer] (Thread-809) [Consumer clientId=consumer-Consumer-scec1ddefx0a6ax43d5x9d8ex350bf4f5cd6a-28, groupId=Consumer-scec1ddefx0a6ax43d5x9d8ex350bf4f5cd6a] Subscribed to topic(s): scec1ddefx0a6ax43d5x9d8ex350bf4f5cd6a
2025-07-31 20:44:12,319 INFO  [org.apa.kaf.cli.Metadata] (Thread-809) [Consumer clientId=consumer-Consumer-scec1ddefx0a6ax43d5x9d8ex350bf4f5cd6a-28, groupId=Consumer-scec1ddefx0a6ax43d5x9d8ex350bf4f5cd6a] Cluster ID: 6lKjf0w6TFCctmqQa8E77g
2025-07-31 20:44:12,320 INFO  [org.apa.kaf.cli.con.int.ConsumerCoordinator] (Thread-809) [Consumer clientId=consumer-Consumer-scec1ddefx0a6ax43d5x9d8ex350bf4f5cd6a-28, groupId=Consumer-scec1ddefx0a6ax43d5x9d8ex350bf4f5cd6a] Discovered group coordinator localhost:32770 (id: 2147483647 rack: null)
2025-07-31 20:44:12,321 INFO  [org.apa.kaf.cli.con.int.ConsumerCoordinator] (Thread-809) [Consumer clientId=consumer-Consumer-scec1ddefx0a6ax43d5x9d8ex350bf4f5cd6a-28, groupId=Consumer-scec1ddefx0a6ax43d5x9d8ex350bf4f5cd6a] (Re-)joining group
2025-07-31 20:44:12,325 INFO  [org.apa.kaf.cli.con.int.ConsumerCoordinator] (Thread-809) [Consumer clientId=consumer-Consumer-scec1ddefx0a6ax43d5x9d8ex350bf4f5cd6a-28, groupId=Consumer-scec1ddefx0a6ax43d5x9d8ex350bf4f5cd6a] Request joining group due to: need to re-join with the given member-id: consumer-Consumer-scec1ddefx0a6ax43d5x9d8ex350bf4f5cd6a-28-a8d6d004-2903-4b6c-8ff1-b93203c234e5
2025-07-31 20:44:12,325 INFO  [org.apa.kaf.cli.con.int.ConsumerCoordinator] (Thread-809) [Consumer clientId=consumer-Consumer-scec1ddefx0a6ax43d5x9d8ex350bf4f5cd6a-28, groupId=Consumer-scec1ddefx0a6ax43d5x9d8ex350bf4f5cd6a] (Re-)joining group
2025-07-31 20:44:12,327 INFO  [org.apa.kaf.cli.con.int.ConsumerCoordinator] (Thread-809) [Consumer clientId=consumer-Consumer-scec1ddefx0a6ax43d5x9d8ex350bf4f5cd6a-28, groupId=Consumer-scec1ddefx0a6ax43d5x9d8ex350bf4f5cd6a] Successfully joined group with generation Generation{generationId=7, memberId='consumer-Consumer-scec1ddefx0a6ax43d5x9d8ex350bf4f5cd6a-28-a8d6d004-2903-4b6c-8ff1-b93203c234e5', protocol='range'}
2025-07-31 20:44:12,328 INFO  [org.apa.kaf.cli.con.int.ConsumerCoordinator] (Thread-809) [Consumer clientId=consumer-Consumer-scec1ddefx0a6ax43d5x9d8ex350bf4f5cd6a-28, groupId=Consumer-scec1ddefx0a6ax43d5x9d8ex350bf4f5cd6a] Finished assignment for group at generation 7: {consumer-Consumer-scec1ddefx0a6ax43d5x9d8ex350bf4f5cd6a-28-a8d6d004-2903-4b6c-8ff1-b93203c234e5=Assignment(partitions=[scec1ddefx0a6ax43d5x9d8ex350bf4f5cd6a-0])}
2025-07-31 20:44:12,330 INFO  [org.apa.kaf.cli.con.int.ConsumerCoordinator] (Thread-809) [Consumer clientId=consumer-Consumer-scec1ddefx0a6ax43d5x9d8ex350bf4f5cd6a-28, groupId=Consumer-scec1ddefx0a6ax43d5x9d8ex350bf4f5cd6a] Successfully synced group in generation Generation{generationId=7, memberId='consumer-Consumer-scec1ddefx0a6ax43d5x9d8ex350bf4f5cd6a-28-a8d6d004-2903-4b6c-8ff1-b93203c234e5', protocol='range'}
2025-07-31 20:44:12,330 INFO  [org.apa.kaf.cli.con.int.ConsumerCoordinator] (Thread-809) [Consumer clientId=consumer-Consumer-scec1ddefx0a6ax43d5x9d8ex350bf4f5cd6a-28, groupId=Consumer-scec1ddefx0a6ax43d5x9d8ex350bf4f5cd6a] Notifying assignor about the new Assignment(partitions=[scec1ddefx0a6ax43d5x9d8ex350bf4f5cd6a-0])
2025-07-31 20:44:12,330 INFO  [org.apa.kaf.cli.con.int.ConsumerRebalanceListenerInvoker] (Thread-809) [Consumer clientId=consumer-Consumer-scec1ddefx0a6ax43d5x9d8ex350bf4f5cd6a-28, groupId=Consumer-scec1ddefx0a6ax43d5x9d8ex350bf4f5cd6a] Adding newly assigned partitions: scec1ddefx0a6ax43d5x9d8ex350bf4f5cd6a-0
2025-07-31 20:44:12,331 INFO  [org.apa.kaf.cli.con.int.ConsumerUtils] (Thread-809) Setting offset for partition scec1ddefx0a6ax43d5x9d8ex350bf4f5cd6a-0 to the committed offset FetchPosition{offset=30, offsetEpoch=Optional[0], currentLeader=LeaderAndEpoch{leader=Optional[localhost:32770 (id: 0 rack: null)], epoch=0}}
2025-07-31 20:44:12,568 INFO  [io.api.tes.ser.api.KafkaSerdesTester] (Thread-809) scec1ddefx0a6ax43d5x9d8ex350bf4f5cd6a 0 30 msb: 1753994651950
lsb: 321

2025-07-31 20:44:12,569 INFO  [io.api.tes.ser.api.KafkaSerdesTester] (Thread-809) scec1ddefx0a6ax43d5x9d8ex350bf4f5cd6a 0 31 msb: 1753994652288
lsb: 321

2025-07-31 20:44:12,569 INFO  [io.api.tes.ser.api.KafkaSerdesTester] (Thread-809) scec1ddefx0a6ax43d5x9d8ex350bf4f5cd6a 0 32 msb: 1753994652289
lsb: 321

2025-07-31 20:44:12,569 INFO  [io.api.tes.ser.api.KafkaSerdesTester] (Thread-809) scec1ddefx0a6ax43d5x9d8ex350bf4f5cd6a 0 33 msb: 1753994652290
lsb: 321

2025-07-31 20:44:12,569 INFO  [io.api.tes.ser.api.KafkaSerdesTester] (Thread-809) scec1ddefx0a6ax43d5x9d8ex350bf4f5cd6a 0 34 msb: 1753994652291
lsb: 321

2025-07-31 20:44:12,569 INFO  [io.api.tes.ser.api.KafkaSerdesTester] (Thread-809) scec1ddefx0a6ax43d5x9d8ex350bf4f5cd6a 0 35 msb: 1753994652292
lsb: 321

2025-07-31 20:44:12,569 INFO  [io.api.tes.ser.api.KafkaSerdesTester] (Thread-809) scec1ddefx0a6ax43d5x9d8ex350bf4f5cd6a 0 36 msb: 1753994652293
lsb: 321

2025-07-31 20:44:12,569 INFO  [io.api.tes.ser.api.KafkaSerdesTester] (Thread-809) scec1ddefx0a6ax43d5x9d8ex350bf4f5cd6a 0 37 msb: 1753994652297
lsb: 321

2025-07-31 20:44:12,569 INFO  [io.api.tes.ser.api.KafkaSerdesTester] (Thread-809) scec1ddefx0a6ax43d5x9d8ex350bf4f5cd6a 0 38 msb: 1753994652298
lsb: 321

2025-07-31 20:44:12,569 INFO  [io.api.tes.ser.api.KafkaSerdesTester] (Thread-809) scec1ddefx0a6ax43d5x9d8ex350bf4f5cd6a 0 39 msb: 1753994652303
lsb: 321

2025-07-31 20:44:12,569 INFO  [io.api.tes.ser.api.KafkaSerdesTester] (Thread-809) Consumed 10 messages
2025-07-31 20:44:12,573 INFO  [org.apa.kaf.cli.con.int.ConsumerRebalanceListenerInvoker] (Thread-809) [Consumer clientId=consumer-Consumer-scec1ddefx0a6ax43d5x9d8ex350bf4f5cd6a-28, groupId=Consumer-scec1ddefx0a6ax43d5x9d8ex350bf4f5cd6a] Revoke previously assigned partitions scec1ddefx0a6ax43d5x9d8ex350bf4f5cd6a-0
2025-07-31 20:44:12,573 INFO  [org.apa.kaf.cli.con.int.ConsumerCoordinator] (Thread-809) [Consumer clientId=consumer-Consumer-scec1ddefx0a6ax43d5x9d8ex350bf4f5cd6a-28, groupId=Consumer-scec1ddefx0a6ax43d5x9d8ex350bf4f5cd6a] Member consumer-Consumer-scec1ddefx0a6ax43d5x9d8ex350bf4f5cd6a-28-a8d6d004-2903-4b6c-8ff1-b93203c234e5 sending LeaveGroup request to coordinator localhost:32770 (id: 2147483647 rack: null) due to the consumer is being closed
2025-07-31 20:44:12,574 INFO  [org.apa.kaf.cli.con.int.ConsumerCoordinator] (Thread-809) [Consumer clientId=consumer-Consumer-scec1ddefx0a6ax43d5x9d8ex350bf4f5cd6a-28, groupId=Consumer-scec1ddefx0a6ax43d5x9d8ex350bf4f5cd6a] Resetting generation and member id due to: consumer pro-actively leaving the group
2025-07-31 20:44:12,574 INFO  [org.apa.kaf.cli.con.int.ConsumerCoordinator] (Thread-809) [Consumer clientId=consumer-Consumer-scec1ddefx0a6ax43d5x9d8ex350bf4f5cd6a-28, groupId=Consumer-scec1ddefx0a6ax43d5x9d8ex350bf4f5cd6a] Request joining group due to: consumer pro-actively leaving the group
2025-07-31 20:44:13,072 INFO  [org.apa.kaf.com.met.Metrics] (Thread-809) Metrics scheduler closed
2025-07-31 20:44:13,072 INFO  [org.apa.kaf.com.met.Metrics] (Thread-809) Closing reporter org.apache.kafka.common.metrics.JmxReporter
2025-07-31 20:44:13,072 INFO  [org.apa.kaf.com.met.Metrics] (Thread-809) Closing reporter org.apache.kafka.common.telemetry.internals.ClientTelemetryReporter
2025-07-31 20:44:13,072 INFO  [org.apa.kaf.com.met.Metrics] (Thread-809) Metrics reporters closed
2025-07-31 20:44:13,074 INFO  [org.apa.kaf.com.uti.AppInfoParser] (Thread-809) App info kafka.consumer for consumer-Consumer-scec1ddefx0a6ax43d5x9d8ex350bf4f5cd6a-28 unregistered
**** Registry Base URL: http://registry-app-mysql.apps.ci419.apicurio-testing.org:80
2025-07-31 20:44:13,075 INFO  [org.apa.kaf.cli.pro.ProducerConfig] (main) ProducerConfig values: 
	acks = -1
	auto.include.jmx.reporter = true
	batch.size = 16384
	bootstrap.servers = [PLAINTEXT://localhost:32770]
	buffer.memory = 33554432
	client.dns.lookup = use_all_dns_ips
	client.id = Producer-scec1ddefx0a6ax43d5x9d8ex350bf4f5cd6a
	compression.gzip.level = -1
	compression.lz4.level = 9
	compression.type = none
	compression.zstd.level = 3
	connections.max.idle.ms = 10000
	delivery.timeout.ms = 120000
	enable.idempotence = true
	enable.metrics.push = true
	interceptor.classes = []
	key.serializer = class org.apache.kafka.common.serialization.StringSerializer
	linger.ms = 0
	max.block.ms = 60000
	max.in.flight.requests.per.connection = 5
	max.request.size = 1048576
	metadata.max.age.ms = 300000
	metadata.max.idle.ms = 300000
	metadata.recovery.strategy = none
	metric.reporters = []
	metrics.num.samples = 2
	metrics.recording.level = INFO
	metrics.sample.window.ms = 30000
	partitioner.adaptive.partitioning.enable = true
	partitioner.availability.timeout.ms = 0
	partitioner.class = null
	partitioner.ignore.keys = false
	receive.buffer.bytes = 32768
	reconnect.backoff.max.ms = 1000
	reconnect.backoff.ms = 50
	request.timeout.ms = 5000
	retries = 2147483647
	retry.backoff.max.ms = 1000
	retry.backoff.ms = 100
	sasl.client.callback.handler.class = null
	sasl.jaas.config = null
	sasl.kerberos.kinit.cmd = /usr/bin/kinit
	sasl.kerberos.min.time.before.relogin = 60000
	sasl.kerberos.service.name = null
	sasl.kerberos.ticket.renew.jitter = 0.05
	sasl.kerberos.ticket.renew.window.factor = 0.8
	sasl.login.callback.handler.class = null
	sasl.login.class = null
	sasl.login.connect.timeout.ms = null
	sasl.login.read.timeout.ms = null
	sasl.login.refresh.buffer.seconds = 300
	sasl.login.refresh.min.period.seconds = 60
	sasl.login.refresh.window.factor = 0.8
	sasl.login.refresh.window.jitter = 0.05
	sasl.login.retry.backoff.max.ms = 10000
	sasl.login.retry.backoff.ms = 100
	sasl.mechanism = GSSAPI
	sasl.oauthbearer.clock.skew.seconds = 30
	sasl.oauthbearer.expected.audience = null
	sasl.oauthbearer.expected.issuer = null
	sasl.oauthbearer.header.urlencode = false
	sasl.oauthbearer.jwks.endpoint.refresh.ms = 3600000
	sasl.oauthbearer.jwks.endpoint.retry.backoff.max.ms = 10000
	sasl.oauthbearer.jwks.endpoint.retry.backoff.ms = 100
	sasl.oauthbearer.jwks.endpoint.url = null
	sasl.oauthbearer.scope.claim.name = scope
	sasl.oauthbearer.sub.claim.name = sub
	sasl.oauthbearer.token.endpoint.url = null
	security.protocol = PLAINTEXT
	security.providers = null
	send.buffer.bytes = 131072
	socket.connection.setup.timeout.max.ms = 30000
	socket.connection.setup.timeout.ms = 10000
	ssl.cipher.suites = null
	ssl.enabled.protocols = [TLSv1.2, TLSv1.3]
	ssl.endpoint.identification.algorithm = https
	ssl.engine.factory.class = null
	ssl.key.password = null
	ssl.keymanager.algorithm = SunX509
	ssl.keystore.certificate.chain = null
	ssl.keystore.key = null
	ssl.keystore.location = null
	ssl.keystore.password = null
	ssl.keystore.type = JKS
	ssl.protocol = TLSv1.3
	ssl.provider = null
	ssl.secure.random.implementation = null
	ssl.trustmanager.algorithm = PKIX
	ssl.truststore.certificates = null
	ssl.truststore.location = null
	ssl.truststore.password = null
	ssl.truststore.type = JKS
	transaction.timeout.ms = 60000
	transactional.id = null
	value.serializer = class io.apicurio.registry.serde.protobuf.ProtobufKafkaSerializer

2025-07-31 20:44:13,075 INFO  [org.apa.kaf.com.tel.int.KafkaMetricsCollector] (main) initializing Kafka metrics collector
2025-07-31 20:44:13,078 INFO  [org.apa.kaf.cli.pro.KafkaProducer] (main) [Producer clientId=Producer-scec1ddefx0a6ax43d5x9d8ex350bf4f5cd6a] Instantiated an idempotent producer.
2025-07-31 20:44:13,080 INFO  [org.apa.kaf.cli.pro.ProducerConfig] (main) These configurations '[apicurio.registry.url, apicurio.registry.headers.enabled, apicurio.registry.artifact-resolver-strategy, apicurio.registry.artifact.version]' were supplied but are not used yet.
2025-07-31 20:44:13,080 INFO  [org.apa.kaf.com.uti.AppInfoParser] (main) Kafka version: 3.9.1
2025-07-31 20:44:13,080 INFO  [org.apa.kaf.com.uti.AppInfoParser] (main) Kafka commitId: f745dfdcee2b9851
2025-07-31 20:44:13,080 INFO  [org.apa.kaf.com.uti.AppInfoParser] (main) Kafka startTimeMs: 1753994653080
2025-07-31 20:44:13,080 INFO  [io.api.tes.ser.api.SimpleSerdesTesterBuilder$SimpleSerdesTester] (main) Using producer configuration: {apicurio.registry.url=http://registry-app-mysql.apps.ci419.apicurio-testing.org:80/apis/registry/v3, apicurio.registry.headers.enabled=true, apicurio.registry.artifact-resolver-strategy=io.apicurio.registry.serde.strategy.TopicIdStrategy, value.serializer=io.apicurio.registry.serde.protobuf.ProtobufKafkaSerializer, request.timeout.ms=5000, acks=all, bootstrap.servers=PLAINTEXT://localhost:32770, connections.max.idle.ms=10000, apicurio.registry.artifact.version=2, key.serializer=org.apache.kafka.common.serialization.StringSerializer, client.id=Producer-scec1ddefx0a6ax43d5x9d8ex350bf4f5cd6a}
2025-07-31 20:44:13,080 INFO  [io.api.tes.ser.api.SimpleSerdesTesterBuilder$SimpleSerdesTester] (main) Using consumer configuration: {apicurio.registry.headers.enabled=true}
2025-07-31 20:44:13,081 INFO  [io.api.tes.ser.api.KafkaSerdesTester] (Thread-812) Sending message msb: 1753994653081
lsb: 321
 to topic scec1ddefx0a6ax43d5x9d8ex350bf4f5cd6a
2025-07-31 20:44:13,082 INFO  [org.apa.kaf.cli.Metadata] (kafka-producer-network-thread | Producer-scec1ddefx0a6ax43d5x9d8ex350bf4f5cd6a) [Producer clientId=Producer-scec1ddefx0a6ax43d5x9d8ex350bf4f5cd6a] Cluster ID: 6lKjf0w6TFCctmqQa8E77g
2025-07-31 20:44:13,082 INFO  [org.apa.kaf.cli.pro.int.TransactionManager] (kafka-producer-network-thread | Producer-scec1ddefx0a6ax43d5x9d8ex350bf4f5cd6a) [Producer clientId=Producer-scec1ddefx0a6ax43d5x9d8ex350bf4f5cd6a] ProducerId set to 39 with epoch 0
2025-07-31 20:44:13,413 INFO  [io.api.tes.ser.api.KafkaSerdesTester] (Thread-812) Sending message msb: 1753994653413
lsb: 321
 to topic scec1ddefx0a6ax43d5x9d8ex350bf4f5cd6a
2025-07-31 20:44:13,414 INFO  [io.api.tes.ser.api.KafkaSerdesTester] (Thread-812) Sending message msb: 1753994653414
lsb: 321
 to topic scec1ddefx0a6ax43d5x9d8ex350bf4f5cd6a
2025-07-31 20:44:13,415 INFO  [io.api.tes.ser.api.KafkaSerdesTester] (Thread-812) Sending message msb: 1753994653415
lsb: 321
 to topic scec1ddefx0a6ax43d5x9d8ex350bf4f5cd6a
2025-07-31 20:44:13,416 INFO  [io.api.tes.ser.api.KafkaSerdesTester] (Thread-812) Sending message msb: 1753994653416
lsb: 321
 to topic scec1ddefx0a6ax43d5x9d8ex350bf4f5cd6a
2025-07-31 20:44:13,417 INFO  [io.api.tes.ser.api.KafkaSerdesTester] (Thread-812) Sending message msb: 1753994653417
lsb: 321
 to topic scec1ddefx0a6ax43d5x9d8ex350bf4f5cd6a
2025-07-31 20:44:13,418 INFO  [io.api.tes.ser.api.KafkaSerdesTester] (Thread-812) Sending message msb: 1753994653418
lsb: 321
 to topic scec1ddefx0a6ax43d5x9d8ex350bf4f5cd6a
2025-07-31 20:44:13,419 INFO  [io.api.tes.ser.api.KafkaSerdesTester] (Thread-812) Sending message msb: 1753994653419
lsb: 321
 to topic scec1ddefx0a6ax43d5x9d8ex350bf4f5cd6a
2025-07-31 20:44:13,421 INFO  [io.api.tes.ser.api.KafkaSerdesTester] (Thread-812) Sending message msb: 1753994653421
lsb: 321
 to topic scec1ddefx0a6ax43d5x9d8ex350bf4f5cd6a
2025-07-31 20:44:13,422 INFO  [io.api.tes.ser.api.KafkaSerdesTester] (Thread-812) Sending message msb: 1753994653422
lsb: 321
 to topic scec1ddefx0a6ax43d5x9d8ex350bf4f5cd6a
2025-07-31 20:44:13,423 INFO  [io.api.tes.ser.api.KafkaSerdesTester] (Thread-812) Produced 10 messages
2025-07-31 20:44:13,423 INFO  [org.apa.kaf.cli.pro.KafkaProducer] (Thread-812) [Producer clientId=Producer-scec1ddefx0a6ax43d5x9d8ex350bf4f5cd6a] Closing the Kafka producer with timeoutMillis = 9223372036854775807 ms.
2025-07-31 20:44:13,425 INFO  [org.apa.kaf.com.met.Metrics] (Thread-812) Metrics scheduler closed
2025-07-31 20:44:13,425 INFO  [org.apa.kaf.com.met.Metrics] (Thread-812) Closing reporter org.apache.kafka.common.metrics.JmxReporter
2025-07-31 20:44:13,425 INFO  [org.apa.kaf.com.met.Metrics] (Thread-812) Closing reporter org.apache.kafka.common.telemetry.internals.ClientTelemetryReporter
2025-07-31 20:44:13,425 INFO  [org.apa.kaf.com.met.Metrics] (Thread-812) Metrics reporters closed
2025-07-31 20:44:13,426 INFO  [org.apa.kaf.com.uti.AppInfoParser] (Thread-812) App info kafka.producer for Producer-scec1ddefx0a6ax43d5x9d8ex350bf4f5cd6a unregistered
**** Registry Base URL: http://registry-app-mysql.apps.ci419.apicurio-testing.org:80
2025-07-31 20:44:13,427 INFO  [org.apa.kaf.cli.con.ConsumerConfig] (main) ConsumerConfig values: 
	allow.auto.create.topics = true
	auto.commit.interval.ms = 500
	auto.include.jmx.reporter = true
	auto.offset.reset = earliest
	bootstrap.servers = [PLAINTEXT://localhost:32770]
	check.crcs = true
	client.dns.lookup = use_all_dns_ips
	client.id = consumer-Consumer-scec1ddefx0a6ax43d5x9d8ex350bf4f5cd6a-29
	client.rack = 
	connections.max.idle.ms = 10000
	default.api.timeout.ms = 60000
	enable.auto.commit = true
	enable.metrics.push = true
	exclude.internal.topics = true
	fetch.max.bytes = 52428800
	fetch.max.wait.ms = 500
	fetch.min.bytes = 1
	group.id = Consumer-scec1ddefx0a6ax43d5x9d8ex350bf4f5cd6a
	group.instance.id = null
	group.protocol = classic
	group.remote.assignor = null
	heartbeat.interval.ms = 3000
	interceptor.classes = []
	internal.leave.group.on.close = true
	internal.throw.on.fetch.stable.offset.unsupported = false
	isolation.level = read_uncommitted
	key.deserializer = class org.apache.kafka.common.serialization.StringDeserializer
	max.partition.fetch.bytes = 1048576
	max.poll.interval.ms = 300000
	max.poll.records = 500
	metadata.max.age.ms = 300000
	metadata.recovery.strategy = none
	metric.reporters = []
	metrics.num.samples = 2
	metrics.recording.level = INFO
	metrics.sample.window.ms = 30000
	partition.assignment.strategy = [class org.apache.kafka.clients.consumer.RangeAssignor, class org.apache.kafka.clients.consumer.CooperativeStickyAssignor]
	receive.buffer.bytes = 65536
	reconnect.backoff.max.ms = 1000
	reconnect.backoff.ms = 50
	request.timeout.ms = 5000
	retry.backoff.max.ms = 1000
	retry.backoff.ms = 100
	sasl.client.callback.handler.class = null
	sasl.jaas.config = null
	sasl.kerberos.kinit.cmd = /usr/bin/kinit
	sasl.kerberos.min.time.before.relogin = 60000
	sasl.kerberos.service.name = null
	sasl.kerberos.ticket.renew.jitter = 0.05
	sasl.kerberos.ticket.renew.window.factor = 0.8
	sasl.login.callback.handler.class = null
	sasl.login.class = null
	sasl.login.connect.timeout.ms = null
	sasl.login.read.timeout.ms = null
	sasl.login.refresh.buffer.seconds = 300
	sasl.login.refresh.min.period.seconds = 60
	sasl.login.refresh.window.factor = 0.8
	sasl.login.refresh.window.jitter = 0.05
	sasl.login.retry.backoff.max.ms = 10000
	sasl.login.retry.backoff.ms = 100
	sasl.mechanism = GSSAPI
	sasl.oauthbearer.clock.skew.seconds = 30
	sasl.oauthbearer.expected.audience = null
	sasl.oauthbearer.expected.issuer = null
	sasl.oauthbearer.header.urlencode = false
	sasl.oauthbearer.jwks.endpoint.refresh.ms = 3600000
	sasl.oauthbearer.jwks.endpoint.retry.backoff.max.ms = 10000
	sasl.oauthbearer.jwks.endpoint.retry.backoff.ms = 100
	sasl.oauthbearer.jwks.endpoint.url = null
	sasl.oauthbearer.scope.claim.name = scope
	sasl.oauthbearer.sub.claim.name = sub
	sasl.oauthbearer.token.endpoint.url = null
	security.protocol = PLAINTEXT
	security.providers = null
	send.buffer.bytes = 131072
	session.timeout.ms = 45000
	socket.connection.setup.timeout.max.ms = 30000
	socket.connection.setup.timeout.ms = 10000
	ssl.cipher.suites = null
	ssl.enabled.protocols = [TLSv1.2, TLSv1.3]
	ssl.endpoint.identification.algorithm = https
	ssl.engine.factory.class = null
	ssl.key.password = null
	ssl.keymanager.algorithm = SunX509
	ssl.keystore.certificate.chain = null
	ssl.keystore.key = null
	ssl.keystore.location = null
	ssl.keystore.password = null
	ssl.keystore.type = JKS
	ssl.protocol = TLSv1.3
	ssl.provider = null
	ssl.secure.random.implementation = null
	ssl.trustmanager.algorithm = PKIX
	ssl.truststore.certificates = null
	ssl.truststore.location = null
	ssl.truststore.password = null
	ssl.truststore.type = JKS
	value.deserializer = class io.apicurio.registry.serde.protobuf.ProtobufKafkaDeserializer

2025-07-31 20:44:13,427 INFO  [org.apa.kaf.com.tel.int.KafkaMetricsCollector] (main) initializing Kafka metrics collector
2025-07-31 20:44:13,433 INFO  [org.apa.kaf.cli.con.ConsumerConfig] (main) These configurations '[apicurio.registry.url, apicurio.registry.headers.enabled]' were supplied but are not used yet.
2025-07-31 20:44:13,433 INFO  [org.apa.kaf.com.uti.AppInfoParser] (main) Kafka version: 3.9.1
2025-07-31 20:44:13,433 INFO  [org.apa.kaf.com.uti.AppInfoParser] (main) Kafka commitId: f745dfdcee2b9851
2025-07-31 20:44:13,434 INFO  [org.apa.kaf.com.uti.AppInfoParser] (main) Kafka startTimeMs: 1753994653433
2025-07-31 20:44:13,434 INFO  [org.apa.kaf.cli.con.int.ClassicKafkaConsumer] (Thread-815) [Consumer clientId=consumer-Consumer-scec1ddefx0a6ax43d5x9d8ex350bf4f5cd6a-29, groupId=Consumer-scec1ddefx0a6ax43d5x9d8ex350bf4f5cd6a] Subscribed to topic(s): scec1ddefx0a6ax43d5x9d8ex350bf4f5cd6a
2025-07-31 20:44:13,437 INFO  [org.apa.kaf.cli.Metadata] (Thread-815) [Consumer clientId=consumer-Consumer-scec1ddefx0a6ax43d5x9d8ex350bf4f5cd6a-29, groupId=Consumer-scec1ddefx0a6ax43d5x9d8ex350bf4f5cd6a] Cluster ID: 6lKjf0w6TFCctmqQa8E77g
2025-07-31 20:44:13,438 INFO  [org.apa.kaf.cli.con.int.ConsumerCoordinator] (Thread-815) [Consumer clientId=consumer-Consumer-scec1ddefx0a6ax43d5x9d8ex350bf4f5cd6a-29, groupId=Consumer-scec1ddefx0a6ax43d5x9d8ex350bf4f5cd6a] Discovered group coordinator localhost:32770 (id: 2147483647 rack: null)
2025-07-31 20:44:13,439 INFO  [org.apa.kaf.cli.con.int.ConsumerCoordinator] (Thread-815) [Consumer clientId=consumer-Consumer-scec1ddefx0a6ax43d5x9d8ex350bf4f5cd6a-29, groupId=Consumer-scec1ddefx0a6ax43d5x9d8ex350bf4f5cd6a] (Re-)joining group
2025-07-31 20:44:13,440 INFO  [org.apa.kaf.cli.con.int.ConsumerCoordinator] (Thread-815) [Consumer clientId=consumer-Consumer-scec1ddefx0a6ax43d5x9d8ex350bf4f5cd6a-29, groupId=Consumer-scec1ddefx0a6ax43d5x9d8ex350bf4f5cd6a] Request joining group due to: need to re-join with the given member-id: consumer-Consumer-scec1ddefx0a6ax43d5x9d8ex350bf4f5cd6a-29-28885a13-07f6-4b8d-8ed4-d4e838708419
2025-07-31 20:44:13,441 INFO  [org.apa.kaf.cli.con.int.ConsumerCoordinator] (Thread-815) [Consumer clientId=consumer-Consumer-scec1ddefx0a6ax43d5x9d8ex350bf4f5cd6a-29, groupId=Consumer-scec1ddefx0a6ax43d5x9d8ex350bf4f5cd6a] (Re-)joining group
2025-07-31 20:44:13,442 INFO  [org.apa.kaf.cli.con.int.ConsumerCoordinator] (Thread-815) [Consumer clientId=consumer-Consumer-scec1ddefx0a6ax43d5x9d8ex350bf4f5cd6a-29, groupId=Consumer-scec1ddefx0a6ax43d5x9d8ex350bf4f5cd6a] Successfully joined group with generation Generation{generationId=9, memberId='consumer-Consumer-scec1ddefx0a6ax43d5x9d8ex350bf4f5cd6a-29-28885a13-07f6-4b8d-8ed4-d4e838708419', protocol='range'}
2025-07-31 20:44:13,442 INFO  [org.apa.kaf.cli.con.int.ConsumerCoordinator] (Thread-815) [Consumer clientId=consumer-Consumer-scec1ddefx0a6ax43d5x9d8ex350bf4f5cd6a-29, groupId=Consumer-scec1ddefx0a6ax43d5x9d8ex350bf4f5cd6a] Finished assignment for group at generation 9: {consumer-Consumer-scec1ddefx0a6ax43d5x9d8ex350bf4f5cd6a-29-28885a13-07f6-4b8d-8ed4-d4e838708419=Assignment(partitions=[scec1ddefx0a6ax43d5x9d8ex350bf4f5cd6a-0])}
2025-07-31 20:44:13,444 INFO  [org.apa.kaf.cli.con.int.ConsumerCoordinator] (Thread-815) [Consumer clientId=consumer-Consumer-scec1ddefx0a6ax43d5x9d8ex350bf4f5cd6a-29, groupId=Consumer-scec1ddefx0a6ax43d5x9d8ex350bf4f5cd6a] Successfully synced group in generation Generation{generationId=9, memberId='consumer-Consumer-scec1ddefx0a6ax43d5x9d8ex350bf4f5cd6a-29-28885a13-07f6-4b8d-8ed4-d4e838708419', protocol='range'}
2025-07-31 20:44:13,445 INFO  [org.apa.kaf.cli.con.int.ConsumerCoordinator] (Thread-815) [Consumer clientId=consumer-Consumer-scec1ddefx0a6ax43d5x9d8ex350bf4f5cd6a-29, groupId=Consumer-scec1ddefx0a6ax43d5x9d8ex350bf4f5cd6a] Notifying assignor about the new Assignment(partitions=[scec1ddefx0a6ax43d5x9d8ex350bf4f5cd6a-0])
2025-07-31 20:44:13,445 INFO  [org.apa.kaf.cli.con.int.ConsumerRebalanceListenerInvoker] (Thread-815) [Consumer clientId=consumer-Consumer-scec1ddefx0a6ax43d5x9d8ex350bf4f5cd6a-29, groupId=Consumer-scec1ddefx0a6ax43d5x9d8ex350bf4f5cd6a] Adding newly assigned partitions: scec1ddefx0a6ax43d5x9d8ex350bf4f5cd6a-0
2025-07-31 20:44:13,446 INFO  [org.apa.kaf.cli.con.int.ConsumerUtils] (Thread-815) Setting offset for partition scec1ddefx0a6ax43d5x9d8ex350bf4f5cd6a-0 to the committed offset FetchPosition{offset=40, offsetEpoch=Optional[0], currentLeader=LeaderAndEpoch{leader=Optional[localhost:32770 (id: 0 rack: null)], epoch=0}}
2025-07-31 20:44:13,693 INFO  [io.api.tes.ser.api.KafkaSerdesTester] (Thread-815) scec1ddefx0a6ax43d5x9d8ex350bf4f5cd6a 0 40 msb: 1753994653081
lsb: 321

2025-07-31 20:44:13,693 INFO  [io.api.tes.ser.api.KafkaSerdesTester] (Thread-815) scec1ddefx0a6ax43d5x9d8ex350bf4f5cd6a 0 41 msb: 1753994653413
lsb: 321

2025-07-31 20:44:13,693 INFO  [io.api.tes.ser.api.KafkaSerdesTester] (Thread-815) scec1ddefx0a6ax43d5x9d8ex350bf4f5cd6a 0 42 msb: 1753994653414
lsb: 321

2025-07-31 20:44:13,693 INFO  [io.api.tes.ser.api.KafkaSerdesTester] (Thread-815) scec1ddefx0a6ax43d5x9d8ex350bf4f5cd6a 0 43 msb: 1753994653415
lsb: 321

2025-07-31 20:44:13,693 INFO  [io.api.tes.ser.api.KafkaSerdesTester] (Thread-815) scec1ddefx0a6ax43d5x9d8ex350bf4f5cd6a 0 44 msb: 1753994653416
lsb: 321

2025-07-31 20:44:13,693 INFO  [io.api.tes.ser.api.KafkaSerdesTester] (Thread-815) scec1ddefx0a6ax43d5x9d8ex350bf4f5cd6a 0 45 msb: 1753994653417
lsb: 321

2025-07-31 20:44:13,693 INFO  [io.api.tes.ser.api.KafkaSerdesTester] (Thread-815) scec1ddefx0a6ax43d5x9d8ex350bf4f5cd6a 0 46 msb: 1753994653418
lsb: 321

2025-07-31 20:44:13,693 INFO  [io.api.tes.ser.api.KafkaSerdesTester] (Thread-815) scec1ddefx0a6ax43d5x9d8ex350bf4f5cd6a 0 47 msb: 1753994653419
lsb: 321

2025-07-31 20:44:13,694 INFO  [io.api.tes.ser.api.KafkaSerdesTester] (Thread-815) scec1ddefx0a6ax43d5x9d8ex350bf4f5cd6a 0 48 msb: 1753994653421
lsb: 321

2025-07-31 20:44:13,694 INFO  [io.api.tes.ser.api.KafkaSerdesTester] (Thread-815) scec1ddefx0a6ax43d5x9d8ex350bf4f5cd6a 0 49 msb: 1753994653422
lsb: 321

2025-07-31 20:44:13,694 INFO  [io.api.tes.ser.api.KafkaSerdesTester] (Thread-815) Consumed 10 messages
2025-07-31 20:44:13,696 INFO  [org.apa.kaf.cli.con.int.ConsumerRebalanceListenerInvoker] (Thread-815) [Consumer clientId=consumer-Consumer-scec1ddefx0a6ax43d5x9d8ex350bf4f5cd6a-29, groupId=Consumer-scec1ddefx0a6ax43d5x9d8ex350bf4f5cd6a] Revoke previously assigned partitions scec1ddefx0a6ax43d5x9d8ex350bf4f5cd6a-0
2025-07-31 20:44:13,696 INFO  [org.apa.kaf.cli.con.int.ConsumerCoordinator] (Thread-815) [Consumer clientId=consumer-Consumer-scec1ddefx0a6ax43d5x9d8ex350bf4f5cd6a-29, groupId=Consumer-scec1ddefx0a6ax43d5x9d8ex350bf4f5cd6a] Member consumer-Consumer-scec1ddefx0a6ax43d5x9d8ex350bf4f5cd6a-29-28885a13-07f6-4b8d-8ed4-d4e838708419 sending LeaveGroup request to coordinator localhost:32770 (id: 2147483647 rack: null) due to the consumer is being closed
2025-07-31 20:44:13,696 INFO  [org.apa.kaf.cli.con.int.ConsumerCoordinator] (Thread-815) [Consumer clientId=consumer-Consumer-scec1ddefx0a6ax43d5x9d8ex350bf4f5cd6a-29, groupId=Consumer-scec1ddefx0a6ax43d5x9d8ex350bf4f5cd6a] Resetting generation and member id due to: consumer pro-actively leaving the group
2025-07-31 20:44:13,696 INFO  [org.apa.kaf.cli.con.int.ConsumerCoordinator] (Thread-815) [Consumer clientId=consumer-Consumer-scec1ddefx0a6ax43d5x9d8ex350bf4f5cd6a-29, groupId=Consumer-scec1ddefx0a6ax43d5x9d8ex350bf4f5cd6a] Request joining group due to: consumer pro-actively leaving the group
2025-07-31 20:44:14,196 INFO  [org.apa.kaf.com.met.Metrics] (Thread-815) Metrics scheduler closed
2025-07-31 20:44:14,196 INFO  [org.apa.kaf.com.met.Metrics] (Thread-815) Closing reporter org.apache.kafka.common.metrics.JmxReporter
2025-07-31 20:44:14,196 INFO  [org.apa.kaf.com.met.Metrics] (Thread-815) Closing reporter org.apache.kafka.common.telemetry.internals.ClientTelemetryReporter
2025-07-31 20:44:14,196 INFO  [org.apa.kaf.com.met.Metrics] (Thread-815) Metrics reporters closed
2025-07-31 20:44:14,197 INFO  [org.apa.kaf.com.uti.AppInfoParser] (Thread-815) App info kafka.consumer for consumer-Consumer-scec1ddefx0a6ax43d5x9d8ex350bf4f5cd6a-29 unregistered
2025-07-31 20:44:14,199 INFO  [io.api.tes.uti.TestSeparator] (main) io.apicurio.tests.serdes.apicurio.ProtobufSerdeIT.testValidation-FINISHED
2025-07-31 20:44:14,199 INFO  [io.api.tes.uti.TestSeparator] (main) ############################################################################
Test passed: testValidation
]]></system-out>
  </testcase>
  <testcase name="testArtifactNotFound" classname="io.apicurio.tests.serdes.apicurio.ProtobufSerdeIT" time="0.002">
    <system-out><![CDATA[2025-07-31 20:44:14,201 INFO  [io.api.tes.uti.TestSeparator] (main) ############################################################################
2025-07-31 20:44:14,202 INFO  [io.api.tes.uti.TestSeparator] (main) io.apicurio.tests.serdes.apicurio.ProtobufSerdeIT.testArtifactNotFound-STARTED
2025-07-31 20:44:14,202 INFO  [io.api.tes.uti.TestSeparator] (main) io.apicurio.tests.serdes.apicurio.ProtobufSerdeIT.testArtifactNotFound-FINISHED
2025-07-31 20:44:14,202 INFO  [io.api.tes.uti.TestSeparator] (main) ############################################################################
Test passed: testArtifactNotFound
]]></system-out>
  </testcase>
  <testcase name="testTopicIdStrategyFindLatest" classname="io.apicurio.tests.serdes.apicurio.ProtobufSerdeIT" time="1.184">
    <system-out><![CDATA[2025-07-31 20:44:14,204 INFO  [io.api.tes.uti.TestSeparator] (main) ############################################################################
2025-07-31 20:44:14,204 INFO  [io.api.tes.uti.TestSeparator] (main) io.apicurio.tests.serdes.apicurio.ProtobufSerdeIT.testTopicIdStrategyFindLatest-STARTED
2025-07-31 20:44:15,387 INFO  [io.api.tes.uti.TestSeparator] (main) io.apicurio.tests.serdes.apicurio.ProtobufSerdeIT.testTopicIdStrategyFindLatest-FINISHED
2025-07-31 20:44:15,387 INFO  [io.api.tes.uti.TestSeparator] (main) ############################################################################
Test passed: testTopicIdStrategyFindLatest
]]></system-out>
  </testcase>
  <testcase name="testWrongSchemaFindLatest" classname="io.apicurio.tests.serdes.apicurio.ProtobufSerdeIT" time="1.177">
    <system-out><![CDATA[2025-07-31 20:44:15,388 INFO  [io.api.tes.uti.TestSeparator] (main) ############################################################################
2025-07-31 20:44:15,388 INFO  [io.api.tes.uti.TestSeparator] (main) io.apicurio.tests.serdes.apicurio.ProtobufSerdeIT.testWrongSchemaFindLatest-STARTED
2025-07-31 20:44:16,563 INFO  [io.api.tes.uti.TestSeparator] (main) io.apicurio.tests.serdes.apicurio.ProtobufSerdeIT.testWrongSchemaFindLatest-FINISHED
2025-07-31 20:44:16,564 INFO  [io.api.tes.uti.TestSeparator] (main) ############################################################################
Test passed: testWrongSchemaFindLatest
]]></system-out>
  </testcase>
  <testcase name="testAutoRegisterDeriveClassProtobufType" classname="io.apicurio.tests.serdes.apicurio.ProtobufSerdeIT" time="2.523">
    <system-out><![CDATA[2025-07-31 20:44:16,565 INFO  [io.api.tes.uti.TestSeparator] (main) ############################################################################
2025-07-31 20:44:16,565 INFO  [io.api.tes.uti.TestSeparator] (main) io.apicurio.tests.serdes.apicurio.ProtobufSerdeIT.testAutoRegisterDeriveClassProtobufType-STARTED
**** Registry Base URL: http://registry-app-mysql.apps.ci419.apicurio-testing.org:80
2025-07-31 20:44:16,566 INFO  [org.apa.kaf.cli.pro.ProducerConfig] (main) ProducerConfig values: 
	acks = -1
	auto.include.jmx.reporter = true
	batch.size = 16384
	bootstrap.servers = [PLAINTEXT://localhost:32770]
	buffer.memory = 33554432
	client.dns.lookup = use_all_dns_ips
	client.id = Producer-topic-ff0e269e_1ea5_48f9_a3a9_7cbe947aa87a
	compression.gzip.level = -1
	compression.lz4.level = 9
	compression.type = none
	compression.zstd.level = 3
	connections.max.idle.ms = 10000
	delivery.timeout.ms = 120000
	enable.idempotence = true
	enable.metrics.push = true
	interceptor.classes = []
	key.serializer = class org.apache.kafka.common.serialization.StringSerializer
	linger.ms = 0
	max.block.ms = 60000
	max.in.flight.requests.per.connection = 5
	max.request.size = 1048576
	metadata.max.age.ms = 300000
	metadata.max.idle.ms = 300000
	metadata.recovery.strategy = none
	metric.reporters = []
	metrics.num.samples = 2
	metrics.recording.level = INFO
	metrics.sample.window.ms = 30000
	partitioner.adaptive.partitioning.enable = true
	partitioner.availability.timeout.ms = 0
	partitioner.class = null
	partitioner.ignore.keys = false
	receive.buffer.bytes = 32768
	reconnect.backoff.max.ms = 1000
	reconnect.backoff.ms = 50
	request.timeout.ms = 5000
	retries = 2147483647
	retry.backoff.max.ms = 1000
	retry.backoff.ms = 100
	sasl.client.callback.handler.class = null
	sasl.jaas.config = null
	sasl.kerberos.kinit.cmd = /usr/bin/kinit
	sasl.kerberos.min.time.before.relogin = 60000
	sasl.kerberos.service.name = null
	sasl.kerberos.ticket.renew.jitter = 0.05
	sasl.kerberos.ticket.renew.window.factor = 0.8
	sasl.login.callback.handler.class = null
	sasl.login.class = null
	sasl.login.connect.timeout.ms = null
	sasl.login.read.timeout.ms = null
	sasl.login.refresh.buffer.seconds = 300
	sasl.login.refresh.min.period.seconds = 60
	sasl.login.refresh.window.factor = 0.8
	sasl.login.refresh.window.jitter = 0.05
	sasl.login.retry.backoff.max.ms = 10000
	sasl.login.retry.backoff.ms = 100
	sasl.mechanism = GSSAPI
	sasl.oauthbearer.clock.skew.seconds = 30
	sasl.oauthbearer.expected.audience = null
	sasl.oauthbearer.expected.issuer = null
	sasl.oauthbearer.header.urlencode = false
	sasl.oauthbearer.jwks.endpoint.refresh.ms = 3600000
	sasl.oauthbearer.jwks.endpoint.retry.backoff.max.ms = 10000
	sasl.oauthbearer.jwks.endpoint.retry.backoff.ms = 100
	sasl.oauthbearer.jwks.endpoint.url = null
	sasl.oauthbearer.scope.claim.name = scope
	sasl.oauthbearer.sub.claim.name = sub
	sasl.oauthbearer.token.endpoint.url = null
	security.protocol = PLAINTEXT
	security.providers = null
	send.buffer.bytes = 131072
	socket.connection.setup.timeout.max.ms = 30000
	socket.connection.setup.timeout.ms = 10000
	ssl.cipher.suites = null
	ssl.enabled.protocols = [TLSv1.2, TLSv1.3]
	ssl.endpoint.identification.algorithm = https
	ssl.engine.factory.class = null
	ssl.key.password = null
	ssl.keymanager.algorithm = SunX509
	ssl.keystore.certificate.chain = null
	ssl.keystore.key = null
	ssl.keystore.location = null
	ssl.keystore.password = null
	ssl.keystore.type = JKS
	ssl.protocol = TLSv1.3
	ssl.provider = null
	ssl.secure.random.implementation = null
	ssl.trustmanager.algorithm = PKIX
	ssl.truststore.certificates = null
	ssl.truststore.location = null
	ssl.truststore.password = null
	ssl.truststore.type = JKS
	transaction.timeout.ms = 60000
	transactional.id = null
	value.serializer = class io.apicurio.registry.serde.protobuf.ProtobufKafkaSerializer

2025-07-31 20:44:16,566 INFO  [org.apa.kaf.com.tel.int.KafkaMetricsCollector] (main) initializing Kafka metrics collector
2025-07-31 20:44:16,572 INFO  [org.apa.kaf.cli.pro.KafkaProducer] (main) [Producer clientId=Producer-topic-ff0e269e_1ea5_48f9_a3a9_7cbe947aa87a] Instantiated an idempotent producer.
2025-07-31 20:44:16,576 INFO  [org.apa.kaf.cli.pro.ProducerConfig] (main) These configurations '[apicurio.registry.url, apicurio.registry.auto-register, apicurio.registry.artifact-resolver-strategy]' were supplied but are not used yet.
2025-07-31 20:44:16,576 INFO  [org.apa.kaf.com.uti.AppInfoParser] (main) Kafka version: 3.9.1
2025-07-31 20:44:16,576 INFO  [org.apa.kaf.com.uti.AppInfoParser] (main) Kafka commitId: f745dfdcee2b9851
2025-07-31 20:44:16,576 INFO  [org.apa.kaf.com.uti.AppInfoParser] (main) Kafka startTimeMs: 1753994656576
2025-07-31 20:44:16,577 INFO  [io.api.tes.ser.api.SimpleSerdesTesterBuilder$SimpleSerdesTester] (main) Using producer configuration: {apicurio.registry.url=http://registry-app-mysql.apps.ci419.apicurio-testing.org:80/apis/registry/v3, apicurio.registry.auto-register=true, apicurio.registry.artifact-resolver-strategy=io.apicurio.registry.serde.strategy.TopicIdStrategy, value.serializer=io.apicurio.registry.serde.protobuf.ProtobufKafkaSerializer, request.timeout.ms=5000, acks=all, bootstrap.servers=PLAINTEXT://localhost:32770, connections.max.idle.ms=10000, key.serializer=org.apache.kafka.common.serialization.StringSerializer, client.id=Producer-topic-ff0e269e_1ea5_48f9_a3a9_7cbe947aa87a}
2025-07-31 20:44:16,577 INFO  [io.api.tes.ser.api.SimpleSerdesTesterBuilder$SimpleSerdesTester] (main) Using consumer configuration: {apicurio.protobuf.derive.class=true}
2025-07-31 20:44:16,580 INFO  [io.api.tes.ser.api.KafkaSerdesTester] (Thread-818) Sending message header {
  time {
  }
}
d1: 1.75399465658E12
s1: "a"
i1: 123
bi1: 1
point {
  longitude: 22.0
  latitude: 22.0
  altitude: 1.0
}
 to topic topic-ff0e269e_1ea5_48f9_a3a9_7cbe947aa87a
2025-07-31 20:44:16,592 WARN  [org.apa.kaf.cli.NetworkClient] (kafka-producer-network-thread | Producer-topic-ff0e269e_1ea5_48f9_a3a9_7cbe947aa87a) [Producer clientId=Producer-topic-ff0e269e_1ea5_48f9_a3a9_7cbe947aa87a] The metadata response from the cluster reported a recoverable issue with correlation id 2 : {topic-ff0e269e_1ea5_48f9_a3a9_7cbe947aa87a=LEADER_NOT_AVAILABLE}
2025-07-31 20:44:16,592 INFO  [org.apa.kaf.cli.Metadata] (kafka-producer-network-thread | Producer-topic-ff0e269e_1ea5_48f9_a3a9_7cbe947aa87a) [Producer clientId=Producer-topic-ff0e269e_1ea5_48f9_a3a9_7cbe947aa87a] Cluster ID: 6lKjf0w6TFCctmqQa8E77g
2025-07-31 20:44:16,594 INFO  [org.apa.kaf.cli.pro.int.TransactionManager] (kafka-producer-network-thread | Producer-topic-ff0e269e_1ea5_48f9_a3a9_7cbe947aa87a) [Producer clientId=Producer-topic-ff0e269e_1ea5_48f9_a3a9_7cbe947aa87a] ProducerId set to 40 with epoch 0
2025-07-31 20:44:16,990 INFO  [io.api.tes.ser.api.KafkaSerdesTester] (Thread-818) Sending message header {
  time {
  }
}
d1: 1.75399465699E12
s1: "a"
i1: 123
bi1: 1
point {
  longitude: 22.0
  latitude: 22.0
  altitude: 1.0
}
 to topic topic-ff0e269e_1ea5_48f9_a3a9_7cbe947aa87a
2025-07-31 20:44:17,099 INFO  [io.api.tes.ser.api.KafkaSerdesTester] (Thread-818) Sending message header {
  time {
  }
}
d1: 1.753994657099E12
s1: "a"
i1: 123
bi1: 1
point {
  longitude: 22.0
  latitude: 22.0
  altitude: 1.0
}
 to topic topic-ff0e269e_1ea5_48f9_a3a9_7cbe947aa87a
2025-07-31 20:44:17,206 INFO  [io.api.tes.ser.api.KafkaSerdesTester] (Thread-818) Sending message header {
  time {
  }
}
d1: 1.753994657206E12
s1: "a"
i1: 123
bi1: 1
point {
  longitude: 22.0
  latitude: 22.0
  altitude: 1.0
}
 to topic topic-ff0e269e_1ea5_48f9_a3a9_7cbe947aa87a
2025-07-31 20:44:17,309 INFO  [io.api.tes.ser.api.KafkaSerdesTester] (Thread-818) Sending message header {
  time {
  }
}
d1: 1.753994657309E12
s1: "a"
i1: 123
bi1: 1
point {
  longitude: 22.0
  latitude: 22.0
  altitude: 1.0
}
 to topic topic-ff0e269e_1ea5_48f9_a3a9_7cbe947aa87a
2025-07-31 20:44:17,413 INFO  [io.api.tes.ser.api.KafkaSerdesTester] (Thread-818) Sending message header {
  time {
  }
}
d1: 1.753994657413E12
s1: "a"
i1: 123
bi1: 1
point {
  longitude: 22.0
  latitude: 22.0
  altitude: 1.0
}
 to topic topic-ff0e269e_1ea5_48f9_a3a9_7cbe947aa87a
2025-07-31 20:44:17,519 INFO  [io.api.tes.ser.api.KafkaSerdesTester] (Thread-818) Sending message header {
  time {
  }
}
d1: 1.753994657518E12
s1: "a"
i1: 123
bi1: 1
point {
  longitude: 22.0
  latitude: 22.0
  altitude: 1.0
}
 to topic topic-ff0e269e_1ea5_48f9_a3a9_7cbe947aa87a
2025-07-31 20:44:17,625 INFO  [io.api.tes.ser.api.KafkaSerdesTester] (Thread-818) Sending message header {
  time {
  }
}
d1: 1.753994657625E12
s1: "a"
i1: 123
bi1: 1
point {
  longitude: 22.0
  latitude: 22.0
  altitude: 1.0
}
 to topic topic-ff0e269e_1ea5_48f9_a3a9_7cbe947aa87a
2025-07-31 20:44:17,732 INFO  [io.api.tes.ser.api.KafkaSerdesTester] (Thread-818) Sending message header {
  time {
  }
}
d1: 1.753994657732E12
s1: "a"
i1: 123
bi1: 1
point {
  longitude: 22.0
  latitude: 22.0
  altitude: 1.0
}
 to topic topic-ff0e269e_1ea5_48f9_a3a9_7cbe947aa87a
2025-07-31 20:44:17,840 INFO  [io.api.tes.ser.api.KafkaSerdesTester] (Thread-818) Sending message header {
  time {
  }
}
d1: 1.75399465784E12
s1: "a"
i1: 123
bi1: 1
point {
  longitude: 22.0
  latitude: 22.0
  altitude: 1.0
}
 to topic topic-ff0e269e_1ea5_48f9_a3a9_7cbe947aa87a
2025-07-31 20:44:17,947 INFO  [io.api.tes.ser.api.KafkaSerdesTester] (Thread-818) Produced 10 messages
2025-07-31 20:44:17,947 INFO  [org.apa.kaf.cli.pro.KafkaProducer] (Thread-818) [Producer clientId=Producer-topic-ff0e269e_1ea5_48f9_a3a9_7cbe947aa87a] Closing the Kafka producer with timeoutMillis = 9223372036854775807 ms.
2025-07-31 20:44:17,949 INFO  [org.apa.kaf.com.met.Metrics] (Thread-818) Metrics scheduler closed
2025-07-31 20:44:17,949 INFO  [org.apa.kaf.com.met.Metrics] (Thread-818) Closing reporter org.apache.kafka.common.metrics.JmxReporter
2025-07-31 20:44:17,949 INFO  [org.apa.kaf.com.met.Metrics] (Thread-818) Closing reporter org.apache.kafka.common.telemetry.internals.ClientTelemetryReporter
2025-07-31 20:44:17,949 INFO  [org.apa.kaf.com.met.Metrics] (Thread-818) Metrics reporters closed
2025-07-31 20:44:17,950 INFO  [org.apa.kaf.com.uti.AppInfoParser] (Thread-818) App info kafka.producer for Producer-topic-ff0e269e_1ea5_48f9_a3a9_7cbe947aa87a unregistered
**** Registry Base URL: http://registry-app-mysql.apps.ci419.apicurio-testing.org:80
2025-07-31 20:44:18,108 INFO  [org.apa.kaf.cli.con.ConsumerConfig] (main) ConsumerConfig values: 
	allow.auto.create.topics = true
	auto.commit.interval.ms = 500
	auto.include.jmx.reporter = true
	auto.offset.reset = earliest
	bootstrap.servers = [PLAINTEXT://localhost:32770]
	check.crcs = true
	client.dns.lookup = use_all_dns_ips
	client.id = consumer-Consumer-topic-ff0e269e_1ea5_48f9_a3a9_7cbe947aa87a-30
	client.rack = 
	connections.max.idle.ms = 10000
	default.api.timeout.ms = 60000
	enable.auto.commit = true
	enable.metrics.push = true
	exclude.internal.topics = true
	fetch.max.bytes = 52428800
	fetch.max.wait.ms = 500
	fetch.min.bytes = 1
	group.id = Consumer-topic-ff0e269e_1ea5_48f9_a3a9_7cbe947aa87a
	group.instance.id = null
	group.protocol = classic
	group.remote.assignor = null
	heartbeat.interval.ms = 3000
	interceptor.classes = []
	internal.leave.group.on.close = true
	internal.throw.on.fetch.stable.offset.unsupported = false
	isolation.level = read_uncommitted
	key.deserializer = class org.apache.kafka.common.serialization.StringDeserializer
	max.partition.fetch.bytes = 1048576
	max.poll.interval.ms = 300000
	max.poll.records = 500
	metadata.max.age.ms = 300000
	metadata.recovery.strategy = none
	metric.reporters = []
	metrics.num.samples = 2
	metrics.recording.level = INFO
	metrics.sample.window.ms = 30000
	partition.assignment.strategy = [class org.apache.kafka.clients.consumer.RangeAssignor, class org.apache.kafka.clients.consumer.CooperativeStickyAssignor]
	receive.buffer.bytes = 65536
	reconnect.backoff.max.ms = 1000
	reconnect.backoff.ms = 50
	request.timeout.ms = 5000
	retry.backoff.max.ms = 1000
	retry.backoff.ms = 100
	sasl.client.callback.handler.class = null
	sasl.jaas.config = null
	sasl.kerberos.kinit.cmd = /usr/bin/kinit
	sasl.kerberos.min.time.before.relogin = 60000
	sasl.kerberos.service.name = null
	sasl.kerberos.ticket.renew.jitter = 0.05
	sasl.kerberos.ticket.renew.window.factor = 0.8
	sasl.login.callback.handler.class = null
	sasl.login.class = null
	sasl.login.connect.timeout.ms = null
	sasl.login.read.timeout.ms = null
	sasl.login.refresh.buffer.seconds = 300
	sasl.login.refresh.min.period.seconds = 60
	sasl.login.refresh.window.factor = 0.8
	sasl.login.refresh.window.jitter = 0.05
	sasl.login.retry.backoff.max.ms = 10000
	sasl.login.retry.backoff.ms = 100
	sasl.mechanism = GSSAPI
	sasl.oauthbearer.clock.skew.seconds = 30
	sasl.oauthbearer.expected.audience = null
	sasl.oauthbearer.expected.issuer = null
	sasl.oauthbearer.header.urlencode = false
	sasl.oauthbearer.jwks.endpoint.refresh.ms = 3600000
	sasl.oauthbearer.jwks.endpoint.retry.backoff.max.ms = 10000
	sasl.oauthbearer.jwks.endpoint.retry.backoff.ms = 100
	sasl.oauthbearer.jwks.endpoint.url = null
	sasl.oauthbearer.scope.claim.name = scope
	sasl.oauthbearer.sub.claim.name = sub
	sasl.oauthbearer.token.endpoint.url = null
	security.protocol = PLAINTEXT
	security.providers = null
	send.buffer.bytes = 131072
	session.timeout.ms = 45000
	socket.connection.setup.timeout.max.ms = 30000
	socket.connection.setup.timeout.ms = 10000
	ssl.cipher.suites = null
	ssl.enabled.protocols = [TLSv1.2, TLSv1.3]
	ssl.endpoint.identification.algorithm = https
	ssl.engine.factory.class = null
	ssl.key.password = null
	ssl.keymanager.algorithm = SunX509
	ssl.keystore.certificate.chain = null
	ssl.keystore.key = null
	ssl.keystore.location = null
	ssl.keystore.password = null
	ssl.keystore.type = JKS
	ssl.protocol = TLSv1.3
	ssl.provider = null
	ssl.secure.random.implementation = null
	ssl.trustmanager.algorithm = PKIX
	ssl.truststore.certificates = null
	ssl.truststore.location = null
	ssl.truststore.password = null
	ssl.truststore.type = JKS
	value.deserializer = class io.apicurio.registry.serde.protobuf.ProtobufKafkaDeserializer

2025-07-31 20:44:18,109 INFO  [org.apa.kaf.com.tel.int.KafkaMetricsCollector] (main) initializing Kafka metrics collector
2025-07-31 20:44:18,113 INFO  [org.apa.kaf.cli.con.ConsumerConfig] (main) These configurations '[apicurio.registry.url, apicurio.protobuf.derive.class]' were supplied but are not used yet.
2025-07-31 20:44:18,113 INFO  [org.apa.kaf.com.uti.AppInfoParser] (main) Kafka version: 3.9.1
2025-07-31 20:44:18,113 INFO  [org.apa.kaf.com.uti.AppInfoParser] (main) Kafka commitId: f745dfdcee2b9851
2025-07-31 20:44:18,113 INFO  [org.apa.kaf.com.uti.AppInfoParser] (main) Kafka startTimeMs: 1753994658113
2025-07-31 20:44:18,113 INFO  [org.apa.kaf.cli.con.int.ClassicKafkaConsumer] (Thread-821) [Consumer clientId=consumer-Consumer-topic-ff0e269e_1ea5_48f9_a3a9_7cbe947aa87a-30, groupId=Consumer-topic-ff0e269e_1ea5_48f9_a3a9_7cbe947aa87a] Subscribed to topic(s): topic-ff0e269e_1ea5_48f9_a3a9_7cbe947aa87a
2025-07-31 20:44:18,117 INFO  [org.apa.kaf.cli.Metadata] (Thread-821) [Consumer clientId=consumer-Consumer-topic-ff0e269e_1ea5_48f9_a3a9_7cbe947aa87a-30, groupId=Consumer-topic-ff0e269e_1ea5_48f9_a3a9_7cbe947aa87a] Cluster ID: 6lKjf0w6TFCctmqQa8E77g
2025-07-31 20:44:18,117 INFO  [org.apa.kaf.cli.con.int.ConsumerCoordinator] (Thread-821) [Consumer clientId=consumer-Consumer-topic-ff0e269e_1ea5_48f9_a3a9_7cbe947aa87a-30, groupId=Consumer-topic-ff0e269e_1ea5_48f9_a3a9_7cbe947aa87a] Discovered group coordinator localhost:32770 (id: 2147483647 rack: null)
2025-07-31 20:44:18,118 INFO  [org.apa.kaf.cli.con.int.ConsumerCoordinator] (Thread-821) [Consumer clientId=consumer-Consumer-topic-ff0e269e_1ea5_48f9_a3a9_7cbe947aa87a-30, groupId=Consumer-topic-ff0e269e_1ea5_48f9_a3a9_7cbe947aa87a] (Re-)joining group
2025-07-31 20:44:18,121 INFO  [org.apa.kaf.cli.con.int.ConsumerCoordinator] (Thread-821) [Consumer clientId=consumer-Consumer-topic-ff0e269e_1ea5_48f9_a3a9_7cbe947aa87a-30, groupId=Consumer-topic-ff0e269e_1ea5_48f9_a3a9_7cbe947aa87a] Request joining group due to: need to re-join with the given member-id: consumer-Consumer-topic-ff0e269e_1ea5_48f9_a3a9_7cbe947aa87a-30-19b2dba3-949c-4b45-a372-14799b284fa9
2025-07-31 20:44:18,121 INFO  [org.apa.kaf.cli.con.int.ConsumerCoordinator] (Thread-821) [Consumer clientId=consumer-Consumer-topic-ff0e269e_1ea5_48f9_a3a9_7cbe947aa87a-30, groupId=Consumer-topic-ff0e269e_1ea5_48f9_a3a9_7cbe947aa87a] (Re-)joining group
2025-07-31 20:44:18,123 INFO  [org.apa.kaf.cli.con.int.ConsumerCoordinator] (Thread-821) [Consumer clientId=consumer-Consumer-topic-ff0e269e_1ea5_48f9_a3a9_7cbe947aa87a-30, groupId=Consumer-topic-ff0e269e_1ea5_48f9_a3a9_7cbe947aa87a] Successfully joined group with generation Generation{generationId=1, memberId='consumer-Consumer-topic-ff0e269e_1ea5_48f9_a3a9_7cbe947aa87a-30-19b2dba3-949c-4b45-a372-14799b284fa9', protocol='range'}
2025-07-31 20:44:18,123 INFO  [org.apa.kaf.cli.con.int.ConsumerCoordinator] (Thread-821) [Consumer clientId=consumer-Consumer-topic-ff0e269e_1ea5_48f9_a3a9_7cbe947aa87a-30, groupId=Consumer-topic-ff0e269e_1ea5_48f9_a3a9_7cbe947aa87a] Finished assignment for group at generation 1: {consumer-Consumer-topic-ff0e269e_1ea5_48f9_a3a9_7cbe947aa87a-30-19b2dba3-949c-4b45-a372-14799b284fa9=Assignment(partitions=[topic-ff0e269e_1ea5_48f9_a3a9_7cbe947aa87a-0])}
2025-07-31 20:44:18,126 INFO  [org.apa.kaf.cli.con.int.ConsumerCoordinator] (Thread-821) [Consumer clientId=consumer-Consumer-topic-ff0e269e_1ea5_48f9_a3a9_7cbe947aa87a-30, groupId=Consumer-topic-ff0e269e_1ea5_48f9_a3a9_7cbe947aa87a] Successfully synced group in generation Generation{generationId=1, memberId='consumer-Consumer-topic-ff0e269e_1ea5_48f9_a3a9_7cbe947aa87a-30-19b2dba3-949c-4b45-a372-14799b284fa9', protocol='range'}
2025-07-31 20:44:18,126 INFO  [org.apa.kaf.cli.con.int.ConsumerCoordinator] (Thread-821) [Consumer clientId=consumer-Consumer-topic-ff0e269e_1ea5_48f9_a3a9_7cbe947aa87a-30, groupId=Consumer-topic-ff0e269e_1ea5_48f9_a3a9_7cbe947aa87a] Notifying assignor about the new Assignment(partitions=[topic-ff0e269e_1ea5_48f9_a3a9_7cbe947aa87a-0])
2025-07-31 20:44:18,126 INFO  [org.apa.kaf.cli.con.int.ConsumerRebalanceListenerInvoker] (Thread-821) [Consumer clientId=consumer-Consumer-topic-ff0e269e_1ea5_48f9_a3a9_7cbe947aa87a-30, groupId=Consumer-topic-ff0e269e_1ea5_48f9_a3a9_7cbe947aa87a] Adding newly assigned partitions: topic-ff0e269e_1ea5_48f9_a3a9_7cbe947aa87a-0
2025-07-31 20:44:18,127 INFO  [org.apa.kaf.cli.con.int.ConsumerCoordinator] (Thread-821) [Consumer clientId=consumer-Consumer-topic-ff0e269e_1ea5_48f9_a3a9_7cbe947aa87a-30, groupId=Consumer-topic-ff0e269e_1ea5_48f9_a3a9_7cbe947aa87a] Found no committed offset for partition topic-ff0e269e_1ea5_48f9_a3a9_7cbe947aa87a-0
2025-07-31 20:44:18,130 INFO  [org.apa.kaf.cli.con.int.SubscriptionState] (Thread-821) [Consumer clientId=consumer-Consumer-topic-ff0e269e_1ea5_48f9_a3a9_7cbe947aa87a-30, groupId=Consumer-topic-ff0e269e_1ea5_48f9_a3a9_7cbe947aa87a] Resetting offset for partition topic-ff0e269e_1ea5_48f9_a3a9_7cbe947aa87a-0 to position FetchPosition{offset=0, offsetEpoch=Optional.empty, currentLeader=LeaderAndEpoch{leader=Optional[localhost:32770 (id: 0 rack: null)], epoch=0}}.
2025-07-31 20:44:18,501 INFO  [io.api.tes.ser.api.KafkaSerdesTester] (Thread-821) topic-ff0e269e_1ea5_48f9_a3a9_7cbe947aa87a 0 0 header {
  time {
  }
}
d1: 1.75399465658E12
s1: "a"
i1: 123
bi1: 1
point {
  longitude: 22.0
  latitude: 22.0
  altitude: 1.0
}

2025-07-31 20:44:18,501 INFO  [io.api.tes.ser.api.KafkaSerdesTester] (Thread-821) topic-ff0e269e_1ea5_48f9_a3a9_7cbe947aa87a 0 1 header {
  time {
  }
}
d1: 1.75399465699E12
s1: "a"
i1: 123
bi1: 1
point {
  longitude: 22.0
  latitude: 22.0
  altitude: 1.0
}

2025-07-31 20:44:18,501 INFO  [io.api.tes.ser.api.KafkaSerdesTester] (Thread-821) topic-ff0e269e_1ea5_48f9_a3a9_7cbe947aa87a 0 2 header {
  time {
  }
}
d1: 1.753994657099E12
s1: "a"
i1: 123
bi1: 1
point {
  longitude: 22.0
  latitude: 22.0
  altitude: 1.0
}

2025-07-31 20:44:18,501 INFO  [io.api.tes.ser.api.KafkaSerdesTester] (Thread-821) topic-ff0e269e_1ea5_48f9_a3a9_7cbe947aa87a 0 3 header {
  time {
  }
}
d1: 1.753994657206E12
s1: "a"
i1: 123
bi1: 1
point {
  longitude: 22.0
  latitude: 22.0
  altitude: 1.0
}

2025-07-31 20:44:18,501 INFO  [io.api.tes.ser.api.KafkaSerdesTester] (Thread-821) topic-ff0e269e_1ea5_48f9_a3a9_7cbe947aa87a 0 4 header {
  time {
  }
}
d1: 1.753994657309E12
s1: "a"
i1: 123
bi1: 1
point {
  longitude: 22.0
  latitude: 22.0
  altitude: 1.0
}

2025-07-31 20:44:18,501 INFO  [io.api.tes.ser.api.KafkaSerdesTester] (Thread-821) topic-ff0e269e_1ea5_48f9_a3a9_7cbe947aa87a 0 5 header {
  time {
  }
}
d1: 1.753994657413E12
s1: "a"
i1: 123
bi1: 1
point {
  longitude: 22.0
  latitude: 22.0
  altitude: 1.0
}

2025-07-31 20:44:18,502 INFO  [io.api.tes.ser.api.KafkaSerdesTester] (Thread-821) topic-ff0e269e_1ea5_48f9_a3a9_7cbe947aa87a 0 6 header {
  time {
  }
}
d1: 1.753994657518E12
s1: "a"
i1: 123
bi1: 1
point {
  longitude: 22.0
  latitude: 22.0
  altitude: 1.0
}

2025-07-31 20:44:18,502 INFO  [io.api.tes.ser.api.KafkaSerdesTester] (Thread-821) topic-ff0e269e_1ea5_48f9_a3a9_7cbe947aa87a 0 7 header {
  time {
  }
}
d1: 1.753994657625E12
s1: "a"
i1: 123
bi1: 1
point {
  longitude: 22.0
  latitude: 22.0
  altitude: 1.0
}

2025-07-31 20:44:18,502 INFO  [io.api.tes.ser.api.KafkaSerdesTester] (Thread-821) topic-ff0e269e_1ea5_48f9_a3a9_7cbe947aa87a 0 8 header {
  time {
  }
}
d1: 1.753994657732E12
s1: "a"
i1: 123
bi1: 1
point {
  longitude: 22.0
  latitude: 22.0
  altitude: 1.0
}

2025-07-31 20:44:18,502 INFO  [io.api.tes.ser.api.KafkaSerdesTester] (Thread-821) topic-ff0e269e_1ea5_48f9_a3a9_7cbe947aa87a 0 9 header {
  time {
  }
}
d1: 1.75399465784E12
s1: "a"
i1: 123
bi1: 1
point {
  longitude: 22.0
  latitude: 22.0
  altitude: 1.0
}

2025-07-31 20:44:18,502 INFO  [io.api.tes.ser.api.KafkaSerdesTester] (Thread-821) Consumed 10 messages
2025-07-31 20:44:18,504 INFO  [org.apa.kaf.cli.con.int.ConsumerRebalanceListenerInvoker] (Thread-821) [Consumer clientId=consumer-Consumer-topic-ff0e269e_1ea5_48f9_a3a9_7cbe947aa87a-30, groupId=Consumer-topic-ff0e269e_1ea5_48f9_a3a9_7cbe947aa87a] Revoke previously assigned partitions topic-ff0e269e_1ea5_48f9_a3a9_7cbe947aa87a-0
2025-07-31 20:44:18,504 INFO  [org.apa.kaf.cli.con.int.ConsumerCoordinator] (Thread-821) [Consumer clientId=consumer-Consumer-topic-ff0e269e_1ea5_48f9_a3a9_7cbe947aa87a-30, groupId=Consumer-topic-ff0e269e_1ea5_48f9_a3a9_7cbe947aa87a] Member consumer-Consumer-topic-ff0e269e_1ea5_48f9_a3a9_7cbe947aa87a-30-19b2dba3-949c-4b45-a372-14799b284fa9 sending LeaveGroup request to coordinator localhost:32770 (id: 2147483647 rack: null) due to the consumer is being closed
2025-07-31 20:44:18,504 INFO  [org.apa.kaf.cli.con.int.ConsumerCoordinator] (Thread-821) [Consumer clientId=consumer-Consumer-topic-ff0e269e_1ea5_48f9_a3a9_7cbe947aa87a-30, groupId=Consumer-topic-ff0e269e_1ea5_48f9_a3a9_7cbe947aa87a] Resetting generation and member id due to: consumer pro-actively leaving the group
2025-07-31 20:44:18,504 INFO  [org.apa.kaf.cli.con.int.ConsumerCoordinator] (Thread-821) [Consumer clientId=consumer-Consumer-topic-ff0e269e_1ea5_48f9_a3a9_7cbe947aa87a-30, groupId=Consumer-topic-ff0e269e_1ea5_48f9_a3a9_7cbe947aa87a] Request joining group due to: consumer pro-actively leaving the group
2025-07-31 20:44:19,004 INFO  [org.apa.kaf.com.met.Metrics] (Thread-821) Metrics scheduler closed
2025-07-31 20:44:19,004 INFO  [org.apa.kaf.com.met.Metrics] (Thread-821) Closing reporter org.apache.kafka.common.metrics.JmxReporter
2025-07-31 20:44:19,004 INFO  [org.apa.kaf.com.met.Metrics] (Thread-821) Closing reporter org.apache.kafka.common.telemetry.internals.ClientTelemetryReporter
2025-07-31 20:44:19,004 INFO  [org.apa.kaf.com.met.Metrics] (Thread-821) Metrics reporters closed
2025-07-31 20:44:19,006 INFO  [org.apa.kaf.com.uti.AppInfoParser] (Thread-821) App info kafka.consumer for consumer-Consumer-topic-ff0e269e_1ea5_48f9_a3a9_7cbe947aa87a-30 unregistered
2025-07-31 20:44:19,087 INFO  [io.api.tes.uti.TestSeparator] (main) io.apicurio.tests.serdes.apicurio.ProtobufSerdeIT.testAutoRegisterDeriveClassProtobufType-FINISHED
2025-07-31 20:44:19,087 INFO  [io.api.tes.uti.TestSeparator] (main) ############################################################################
Test passed: testAutoRegisterDeriveClassProtobufType
]]></system-out>
  </testcase>
  <testcase name="testConsumeReturnSpecificClass" classname="io.apicurio.tests.serdes.apicurio.ProtobufSerdeIT" time="1.176">
    <system-out><![CDATA[2025-07-31 20:44:19,088 INFO  [io.api.tes.uti.TestSeparator] (main) ############################################################################
2025-07-31 20:44:19,088 INFO  [io.api.tes.uti.TestSeparator] (main) io.apicurio.tests.serdes.apicurio.ProtobufSerdeIT.testConsumeReturnSpecificClass-STARTED
2025-07-31 20:44:20,262 INFO  [io.api.tes.uti.TestSeparator] (main) io.apicurio.tests.serdes.apicurio.ProtobufSerdeIT.testConsumeReturnSpecificClass-FINISHED
2025-07-31 20:44:20,262 INFO  [io.api.tes.uti.TestSeparator] (main) ############################################################################
Test passed: testConsumeReturnSpecificClass
]]></system-out>
  </testcase>
  <testcase name="testFindLatestSpecificProtobufType" classname="io.apicurio.tests.serdes.apicurio.ProtobufSerdeIT" time="1.185">
    <system-out><![CDATA[2025-07-31 20:44:20,264 INFO  [io.api.tes.uti.TestSeparator] (main) ############################################################################
2025-07-31 20:44:20,264 INFO  [io.api.tes.uti.TestSeparator] (main) io.apicurio.tests.serdes.apicurio.ProtobufSerdeIT.testFindLatestSpecificProtobufType-STARTED
2025-07-31 20:44:21,448 INFO  [io.api.tes.uti.TestSeparator] (main) io.apicurio.tests.serdes.apicurio.ProtobufSerdeIT.testFindLatestSpecificProtobufType-FINISHED
2025-07-31 20:44:21,448 INFO  [io.api.tes.uti.TestSeparator] (main) ############################################################################
Test passed: testFindLatestSpecificProtobufType
]]></system-out>
  </testcase>
  <testcase name="testFindLatestDynamicMessageProtobufType" classname="io.apicurio.tests.serdes.apicurio.ProtobufSerdeIT" time="2.373">
    <system-out><![CDATA[2025-07-31 20:44:21,449 INFO  [io.api.tes.uti.TestSeparator] (main) ############################################################################
2025-07-31 20:44:21,449 INFO  [io.api.tes.uti.TestSeparator] (main) io.apicurio.tests.serdes.apicurio.ProtobufSerdeIT.testFindLatestDynamicMessageProtobufType-STARTED
**** Registry Base URL: http://registry-app-mysql.apps.ci419.apicurio-testing.org:80
2025-07-31 20:44:22,629 INFO  [org.apa.kaf.cli.pro.ProducerConfig] (main) ProducerConfig values: 
	acks = -1
	auto.include.jmx.reporter = true
	batch.size = 16384
	bootstrap.servers = [PLAINTEXT://localhost:32770]
	buffer.memory = 33554432
	client.dns.lookup = use_all_dns_ips
	client.id = Producer-topic-5ea5c1c7_977f_4b3f_af45_468acb4d75a7
	compression.gzip.level = -1
	compression.lz4.level = 9
	compression.type = none
	compression.zstd.level = 3
	connections.max.idle.ms = 10000
	delivery.timeout.ms = 120000
	enable.idempotence = true
	enable.metrics.push = true
	interceptor.classes = []
	key.serializer = class org.apache.kafka.common.serialization.StringSerializer
	linger.ms = 0
	max.block.ms = 60000
	max.in.flight.requests.per.connection = 5
	max.request.size = 1048576
	metadata.max.age.ms = 300000
	metadata.max.idle.ms = 300000
	metadata.recovery.strategy = none
	metric.reporters = []
	metrics.num.samples = 2
	metrics.recording.level = INFO
	metrics.sample.window.ms = 30000
	partitioner.adaptive.partitioning.enable = true
	partitioner.availability.timeout.ms = 0
	partitioner.class = null
	partitioner.ignore.keys = false
	receive.buffer.bytes = 32768
	reconnect.backoff.max.ms = 1000
	reconnect.backoff.ms = 50
	request.timeout.ms = 5000
	retries = 2147483647
	retry.backoff.max.ms = 1000
	retry.backoff.ms = 100
	sasl.client.callback.handler.class = null
	sasl.jaas.config = null
	sasl.kerberos.kinit.cmd = /usr/bin/kinit
	sasl.kerberos.min.time.before.relogin = 60000
	sasl.kerberos.service.name = null
	sasl.kerberos.ticket.renew.jitter = 0.05
	sasl.kerberos.ticket.renew.window.factor = 0.8
	sasl.login.callback.handler.class = null
	sasl.login.class = null
	sasl.login.connect.timeout.ms = null
	sasl.login.read.timeout.ms = null
	sasl.login.refresh.buffer.seconds = 300
	sasl.login.refresh.min.period.seconds = 60
	sasl.login.refresh.window.factor = 0.8
	sasl.login.refresh.window.jitter = 0.05
	sasl.login.retry.backoff.max.ms = 10000
	sasl.login.retry.backoff.ms = 100
	sasl.mechanism = GSSAPI
	sasl.oauthbearer.clock.skew.seconds = 30
	sasl.oauthbearer.expected.audience = null
	sasl.oauthbearer.expected.issuer = null
	sasl.oauthbearer.header.urlencode = false
	sasl.oauthbearer.jwks.endpoint.refresh.ms = 3600000
	sasl.oauthbearer.jwks.endpoint.retry.backoff.max.ms = 10000
	sasl.oauthbearer.jwks.endpoint.retry.backoff.ms = 100
	sasl.oauthbearer.jwks.endpoint.url = null
	sasl.oauthbearer.scope.claim.name = scope
	sasl.oauthbearer.sub.claim.name = sub
	sasl.oauthbearer.token.endpoint.url = null
	security.protocol = PLAINTEXT
	security.providers = null
	send.buffer.bytes = 131072
	socket.connection.setup.timeout.max.ms = 30000
	socket.connection.setup.timeout.ms = 10000
	ssl.cipher.suites = null
	ssl.enabled.protocols = [TLSv1.2, TLSv1.3]
	ssl.endpoint.identification.algorithm = https
	ssl.engine.factory.class = null
	ssl.key.password = null
	ssl.keymanager.algorithm = SunX509
	ssl.keystore.certificate.chain = null
	ssl.keystore.key = null
	ssl.keystore.location = null
	ssl.keystore.password = null
	ssl.keystore.type = JKS
	ssl.protocol = TLSv1.3
	ssl.provider = null
	ssl.secure.random.implementation = null
	ssl.trustmanager.algorithm = PKIX
	ssl.truststore.certificates = null
	ssl.truststore.location = null
	ssl.truststore.password = null
	ssl.truststore.type = JKS
	transaction.timeout.ms = 60000
	transactional.id = null
	value.serializer = class io.apicurio.registry.serde.protobuf.ProtobufKafkaSerializer

2025-07-31 20:44:22,629 INFO  [org.apa.kaf.com.tel.int.KafkaMetricsCollector] (main) initializing Kafka metrics collector
2025-07-31 20:44:22,631 INFO  [org.apa.kaf.cli.pro.KafkaProducer] (main) [Producer clientId=Producer-topic-5ea5c1c7_977f_4b3f_af45_468acb4d75a7] Instantiated an idempotent producer.
2025-07-31 20:44:22,632 INFO  [org.apa.kaf.cli.pro.ProducerConfig] (main) These configurations '[apicurio.registry.find-latest, apicurio.registry.url, apicurio.registry.artifact-resolver-strategy]' were supplied but are not used yet.
2025-07-31 20:44:22,632 INFO  [org.apa.kaf.com.uti.AppInfoParser] (main) Kafka version: 3.9.1
2025-07-31 20:44:22,632 INFO  [org.apa.kaf.com.uti.AppInfoParser] (main) Kafka commitId: f745dfdcee2b9851
2025-07-31 20:44:22,632 INFO  [org.apa.kaf.com.uti.AppInfoParser] (main) Kafka startTimeMs: 1753994662632
2025-07-31 20:44:22,633 INFO  [io.api.tes.ser.api.SimpleSerdesTesterBuilder$SimpleSerdesTester] (main) Using producer configuration: {apicurio.registry.find-latest=true, apicurio.registry.url=http://registry-app-mysql.apps.ci419.apicurio-testing.org:80/apis/registry/v3, apicurio.registry.artifact-resolver-strategy=io.apicurio.registry.serde.strategy.SimpleTopicIdStrategy, value.serializer=io.apicurio.registry.serde.protobuf.ProtobufKafkaSerializer, request.timeout.ms=5000, acks=all, bootstrap.servers=PLAINTEXT://localhost:32770, connections.max.idle.ms=10000, key.serializer=org.apache.kafka.common.serialization.StringSerializer, client.id=Producer-topic-5ea5c1c7_977f_4b3f_af45_468acb4d75a7}
2025-07-31 20:44:22,633 INFO  [io.api.tes.ser.api.SimpleSerdesTesterBuilder$SimpleSerdesTester] (main) Using consumer configuration: {apicurio.registry.deserializer.value.return-class=com.google.protobuf.DynamicMessage}
2025-07-31 20:44:22,633 INFO  [io.api.tes.ser.api.KafkaSerdesTester] (Thread-824) Sending message header {
  time {
  }
}
d1: 1.753994662633E12
s1: "a"
i1: 123
bi1: 1
point {
  longitude: 22.0
  latitude: 22.0
  altitude: 1.0
}
 to topic topic-5ea5c1c7_977f_4b3f_af45_468acb4d75a7
2025-07-31 20:44:22,636 INFO  [org.apa.kaf.cli.Metadata] (kafka-producer-network-thread | Producer-topic-5ea5c1c7_977f_4b3f_af45_468acb4d75a7) [Producer clientId=Producer-topic-5ea5c1c7_977f_4b3f_af45_468acb4d75a7] Cluster ID: 6lKjf0w6TFCctmqQa8E77g
2025-07-31 20:44:22,636 INFO  [org.apa.kaf.cli.pro.int.TransactionManager] (kafka-producer-network-thread | Producer-topic-5ea5c1c7_977f_4b3f_af45_468acb4d75a7) [Producer clientId=Producer-topic-5ea5c1c7_977f_4b3f_af45_468acb4d75a7] ProducerId set to 41 with epoch 0
2025-07-31 20:44:22,980 INFO  [io.api.tes.ser.api.KafkaSerdesTester] (Thread-824) Sending message header {
  time {
  }
}
d1: 1.75399466298E12
s1: "a"
i1: 123
bi1: 1
point {
  longitude: 22.0
  latitude: 22.0
  altitude: 1.0
}
 to topic topic-5ea5c1c7_977f_4b3f_af45_468acb4d75a7
2025-07-31 20:44:22,982 INFO  [io.api.tes.ser.api.KafkaSerdesTester] (Thread-824) Sending message header {
  time {
  }
}
d1: 1.753994662982E12
s1: "a"
i1: 123
bi1: 1
point {
  longitude: 22.0
  latitude: 22.0
  altitude: 1.0
}
 to topic topic-5ea5c1c7_977f_4b3f_af45_468acb4d75a7
2025-07-31 20:44:22,983 INFO  [io.api.tes.ser.api.KafkaSerdesTester] (Thread-824) Sending message header {
  time {
  }
}
d1: 1.753994662983E12
s1: "a"
i1: 123
bi1: 1
point {
  longitude: 22.0
  latitude: 22.0
  altitude: 1.0
}
 to topic topic-5ea5c1c7_977f_4b3f_af45_468acb4d75a7
2025-07-31 20:44:22,985 INFO  [io.api.tes.ser.api.KafkaSerdesTester] (Thread-824) Sending message header {
  time {
  }
}
d1: 1.753994662984E12
s1: "a"
i1: 123
bi1: 1
point {
  longitude: 22.0
  latitude: 22.0
  altitude: 1.0
}
 to topic topic-5ea5c1c7_977f_4b3f_af45_468acb4d75a7
2025-07-31 20:44:22,988 INFO  [io.api.tes.ser.api.KafkaSerdesTester] (Thread-824) Sending message header {
  time {
  }
}
d1: 1.753994662988E12
s1: "a"
i1: 123
bi1: 1
point {
  longitude: 22.0
  latitude: 22.0
  altitude: 1.0
}
 to topic topic-5ea5c1c7_977f_4b3f_af45_468acb4d75a7
2025-07-31 20:44:22,993 INFO  [io.api.tes.ser.api.KafkaSerdesTester] (Thread-824) Sending message header {
  time {
  }
}
d1: 1.753994662993E12
s1: "a"
i1: 123
bi1: 1
point {
  longitude: 22.0
  latitude: 22.0
  altitude: 1.0
}
 to topic topic-5ea5c1c7_977f_4b3f_af45_468acb4d75a7
2025-07-31 20:44:22,996 INFO  [io.api.tes.ser.api.KafkaSerdesTester] (Thread-824) Sending message header {
  time {
  }
}
d1: 1.753994662996E12
s1: "a"
i1: 123
bi1: 1
point {
  longitude: 22.0
  latitude: 22.0
  altitude: 1.0
}
 to topic topic-5ea5c1c7_977f_4b3f_af45_468acb4d75a7
2025-07-31 20:44:22,998 INFO  [io.api.tes.ser.api.KafkaSerdesTester] (Thread-824) Sending message header {
  time {
  }
}
d1: 1.753994662998E12
s1: "a"
i1: 123
bi1: 1
point {
  longitude: 22.0
  latitude: 22.0
  altitude: 1.0
}
 to topic topic-5ea5c1c7_977f_4b3f_af45_468acb4d75a7
2025-07-31 20:44:22,999 INFO  [io.api.tes.ser.api.KafkaSerdesTester] (Thread-824) Sending message header {
  time {
  }
}
d1: 1.753994662999E12
s1: "a"
i1: 123
bi1: 1
point {
  longitude: 22.0
  latitude: 22.0
  altitude: 1.0
}
 to topic topic-5ea5c1c7_977f_4b3f_af45_468acb4d75a7
2025-07-31 20:44:23,000 INFO  [io.api.tes.ser.api.KafkaSerdesTester] (Thread-824) Produced 10 messages
2025-07-31 20:44:23,000 INFO  [org.apa.kaf.cli.pro.KafkaProducer] (Thread-824) [Producer clientId=Producer-topic-5ea5c1c7_977f_4b3f_af45_468acb4d75a7] Closing the Kafka producer with timeoutMillis = 9223372036854775807 ms.
2025-07-31 20:44:23,003 INFO  [org.apa.kaf.com.met.Metrics] (Thread-824) Metrics scheduler closed
2025-07-31 20:44:23,003 INFO  [org.apa.kaf.com.met.Metrics] (Thread-824) Closing reporter org.apache.kafka.common.metrics.JmxReporter
2025-07-31 20:44:23,003 INFO  [org.apa.kaf.com.met.Metrics] (Thread-824) Closing reporter org.apache.kafka.common.telemetry.internals.ClientTelemetryReporter
2025-07-31 20:44:23,003 INFO  [org.apa.kaf.com.met.Metrics] (Thread-824) Metrics reporters closed
2025-07-31 20:44:23,003 INFO  [org.apa.kaf.com.uti.AppInfoParser] (Thread-824) App info kafka.producer for Producer-topic-5ea5c1c7_977f_4b3f_af45_468acb4d75a7 unregistered
**** Registry Base URL: http://registry-app-mysql.apps.ci419.apicurio-testing.org:80
2025-07-31 20:44:23,003 INFO  [org.apa.kaf.cli.con.ConsumerConfig] (main) ConsumerConfig values: 
	allow.auto.create.topics = true
	auto.commit.interval.ms = 500
	auto.include.jmx.reporter = true
	auto.offset.reset = earliest
	bootstrap.servers = [PLAINTEXT://localhost:32770]
	check.crcs = true
	client.dns.lookup = use_all_dns_ips
	client.id = consumer-Consumer-topic-5ea5c1c7_977f_4b3f_af45_468acb4d75a7-31
	client.rack = 
	connections.max.idle.ms = 10000
	default.api.timeout.ms = 60000
	enable.auto.commit = true
	enable.metrics.push = true
	exclude.internal.topics = true
	fetch.max.bytes = 52428800
	fetch.max.wait.ms = 500
	fetch.min.bytes = 1
	group.id = Consumer-topic-5ea5c1c7_977f_4b3f_af45_468acb4d75a7
	group.instance.id = null
	group.protocol = classic
	group.remote.assignor = null
	heartbeat.interval.ms = 3000
	interceptor.classes = []
	internal.leave.group.on.close = true
	internal.throw.on.fetch.stable.offset.unsupported = false
	isolation.level = read_uncommitted
	key.deserializer = class org.apache.kafka.common.serialization.StringDeserializer
	max.partition.fetch.bytes = 1048576
	max.poll.interval.ms = 300000
	max.poll.records = 500
	metadata.max.age.ms = 300000
	metadata.recovery.strategy = none
	metric.reporters = []
	metrics.num.samples = 2
	metrics.recording.level = INFO
	metrics.sample.window.ms = 30000
	partition.assignment.strategy = [class org.apache.kafka.clients.consumer.RangeAssignor, class org.apache.kafka.clients.consumer.CooperativeStickyAssignor]
	receive.buffer.bytes = 65536
	reconnect.backoff.max.ms = 1000
	reconnect.backoff.ms = 50
	request.timeout.ms = 5000
	retry.backoff.max.ms = 1000
	retry.backoff.ms = 100
	sasl.client.callback.handler.class = null
	sasl.jaas.config = null
	sasl.kerberos.kinit.cmd = /usr/bin/kinit
	sasl.kerberos.min.time.before.relogin = 60000
	sasl.kerberos.service.name = null
	sasl.kerberos.ticket.renew.jitter = 0.05
	sasl.kerberos.ticket.renew.window.factor = 0.8
	sasl.login.callback.handler.class = null
	sasl.login.class = null
	sasl.login.connect.timeout.ms = null
	sasl.login.read.timeout.ms = null
	sasl.login.refresh.buffer.seconds = 300
	sasl.login.refresh.min.period.seconds = 60
	sasl.login.refresh.window.factor = 0.8
	sasl.login.refresh.window.jitter = 0.05
	sasl.login.retry.backoff.max.ms = 10000
	sasl.login.retry.backoff.ms = 100
	sasl.mechanism = GSSAPI
	sasl.oauthbearer.clock.skew.seconds = 30
	sasl.oauthbearer.expected.audience = null
	sasl.oauthbearer.expected.issuer = null
	sasl.oauthbearer.header.urlencode = false
	sasl.oauthbearer.jwks.endpoint.refresh.ms = 3600000
	sasl.oauthbearer.jwks.endpoint.retry.backoff.max.ms = 10000
	sasl.oauthbearer.jwks.endpoint.retry.backoff.ms = 100
	sasl.oauthbearer.jwks.endpoint.url = null
	sasl.oauthbearer.scope.claim.name = scope
	sasl.oauthbearer.sub.claim.name = sub
	sasl.oauthbearer.token.endpoint.url = null
	security.protocol = PLAINTEXT
	security.providers = null
	send.buffer.bytes = 131072
	session.timeout.ms = 45000
	socket.connection.setup.timeout.max.ms = 30000
	socket.connection.setup.timeout.ms = 10000
	ssl.cipher.suites = null
	ssl.enabled.protocols = [TLSv1.2, TLSv1.3]
	ssl.endpoint.identification.algorithm = https
	ssl.engine.factory.class = null
	ssl.key.password = null
	ssl.keymanager.algorithm = SunX509
	ssl.keystore.certificate.chain = null
	ssl.keystore.key = null
	ssl.keystore.location = null
	ssl.keystore.password = null
	ssl.keystore.type = JKS
	ssl.protocol = TLSv1.3
	ssl.provider = null
	ssl.secure.random.implementation = null
	ssl.trustmanager.algorithm = PKIX
	ssl.truststore.certificates = null
	ssl.truststore.location = null
	ssl.truststore.password = null
	ssl.truststore.type = JKS
	value.deserializer = class io.apicurio.registry.serde.protobuf.ProtobufKafkaDeserializer

2025-07-31 20:44:23,004 INFO  [org.apa.kaf.com.tel.int.KafkaMetricsCollector] (main) initializing Kafka metrics collector
2025-07-31 20:44:23,011 INFO  [org.apa.kaf.cli.con.ConsumerConfig] (main) These configurations '[apicurio.registry.deserializer.value.return-class, apicurio.registry.url]' were supplied but are not used yet.
2025-07-31 20:44:23,011 INFO  [org.apa.kaf.com.uti.AppInfoParser] (main) Kafka version: 3.9.1
2025-07-31 20:44:23,011 INFO  [org.apa.kaf.com.uti.AppInfoParser] (main) Kafka commitId: f745dfdcee2b9851
2025-07-31 20:44:23,011 INFO  [org.apa.kaf.com.uti.AppInfoParser] (main) Kafka startTimeMs: 1753994663011
2025-07-31 20:44:23,012 INFO  [org.apa.kaf.cli.con.int.ClassicKafkaConsumer] (Thread-827) [Consumer clientId=consumer-Consumer-topic-5ea5c1c7_977f_4b3f_af45_468acb4d75a7-31, groupId=Consumer-topic-5ea5c1c7_977f_4b3f_af45_468acb4d75a7] Subscribed to topic(s): topic-5ea5c1c7_977f_4b3f_af45_468acb4d75a7
2025-07-31 20:44:23,015 INFO  [org.apa.kaf.cli.Metadata] (Thread-827) [Consumer clientId=consumer-Consumer-topic-5ea5c1c7_977f_4b3f_af45_468acb4d75a7-31, groupId=Consumer-topic-5ea5c1c7_977f_4b3f_af45_468acb4d75a7] Cluster ID: 6lKjf0w6TFCctmqQa8E77g
2025-07-31 20:44:23,016 INFO  [org.apa.kaf.cli.con.int.ConsumerCoordinator] (Thread-827) [Consumer clientId=consumer-Consumer-topic-5ea5c1c7_977f_4b3f_af45_468acb4d75a7-31, groupId=Consumer-topic-5ea5c1c7_977f_4b3f_af45_468acb4d75a7] Discovered group coordinator localhost:32770 (id: 2147483647 rack: null)
2025-07-31 20:44:23,017 INFO  [org.apa.kaf.cli.con.int.ConsumerCoordinator] (Thread-827) [Consumer clientId=consumer-Consumer-topic-5ea5c1c7_977f_4b3f_af45_468acb4d75a7-31, groupId=Consumer-topic-5ea5c1c7_977f_4b3f_af45_468acb4d75a7] (Re-)joining group
2025-07-31 20:44:23,019 INFO  [org.apa.kaf.cli.con.int.ConsumerCoordinator] (Thread-827) [Consumer clientId=consumer-Consumer-topic-5ea5c1c7_977f_4b3f_af45_468acb4d75a7-31, groupId=Consumer-topic-5ea5c1c7_977f_4b3f_af45_468acb4d75a7] Request joining group due to: need to re-join with the given member-id: consumer-Consumer-topic-5ea5c1c7_977f_4b3f_af45_468acb4d75a7-31-d6ddbb5f-c7a3-4bc4-878c-b5f9f6736d0f
2025-07-31 20:44:23,020 INFO  [org.apa.kaf.cli.con.int.ConsumerCoordinator] (Thread-827) [Consumer clientId=consumer-Consumer-topic-5ea5c1c7_977f_4b3f_af45_468acb4d75a7-31, groupId=Consumer-topic-5ea5c1c7_977f_4b3f_af45_468acb4d75a7] (Re-)joining group
2025-07-31 20:44:23,021 INFO  [org.apa.kaf.cli.con.int.ConsumerCoordinator] (Thread-827) [Consumer clientId=consumer-Consumer-topic-5ea5c1c7_977f_4b3f_af45_468acb4d75a7-31, groupId=Consumer-topic-5ea5c1c7_977f_4b3f_af45_468acb4d75a7] Successfully joined group with generation Generation{generationId=1, memberId='consumer-Consumer-topic-5ea5c1c7_977f_4b3f_af45_468acb4d75a7-31-d6ddbb5f-c7a3-4bc4-878c-b5f9f6736d0f', protocol='range'}
2025-07-31 20:44:23,021 INFO  [org.apa.kaf.cli.con.int.ConsumerCoordinator] (Thread-827) [Consumer clientId=consumer-Consumer-topic-5ea5c1c7_977f_4b3f_af45_468acb4d75a7-31, groupId=Consumer-topic-5ea5c1c7_977f_4b3f_af45_468acb4d75a7] Finished assignment for group at generation 1: {consumer-Consumer-topic-5ea5c1c7_977f_4b3f_af45_468acb4d75a7-31-d6ddbb5f-c7a3-4bc4-878c-b5f9f6736d0f=Assignment(partitions=[topic-5ea5c1c7_977f_4b3f_af45_468acb4d75a7-0])}
2025-07-31 20:44:23,023 INFO  [org.apa.kaf.cli.con.int.ConsumerCoordinator] (Thread-827) [Consumer clientId=consumer-Consumer-topic-5ea5c1c7_977f_4b3f_af45_468acb4d75a7-31, groupId=Consumer-topic-5ea5c1c7_977f_4b3f_af45_468acb4d75a7] Successfully synced group in generation Generation{generationId=1, memberId='consumer-Consumer-topic-5ea5c1c7_977f_4b3f_af45_468acb4d75a7-31-d6ddbb5f-c7a3-4bc4-878c-b5f9f6736d0f', protocol='range'}
2025-07-31 20:44:23,023 INFO  [org.apa.kaf.cli.con.int.ConsumerCoordinator] (Thread-827) [Consumer clientId=consumer-Consumer-topic-5ea5c1c7_977f_4b3f_af45_468acb4d75a7-31, groupId=Consumer-topic-5ea5c1c7_977f_4b3f_af45_468acb4d75a7] Notifying assignor about the new Assignment(partitions=[topic-5ea5c1c7_977f_4b3f_af45_468acb4d75a7-0])
2025-07-31 20:44:23,023 INFO  [org.apa.kaf.cli.con.int.ConsumerRebalanceListenerInvoker] (Thread-827) [Consumer clientId=consumer-Consumer-topic-5ea5c1c7_977f_4b3f_af45_468acb4d75a7-31, groupId=Consumer-topic-5ea5c1c7_977f_4b3f_af45_468acb4d75a7] Adding newly assigned partitions: topic-5ea5c1c7_977f_4b3f_af45_468acb4d75a7-0
2025-07-31 20:44:23,024 INFO  [org.apa.kaf.cli.con.int.ConsumerCoordinator] (Thread-827) [Consumer clientId=consumer-Consumer-topic-5ea5c1c7_977f_4b3f_af45_468acb4d75a7-31, groupId=Consumer-topic-5ea5c1c7_977f_4b3f_af45_468acb4d75a7] Found no committed offset for partition topic-5ea5c1c7_977f_4b3f_af45_468acb4d75a7-0
2025-07-31 20:44:23,027 INFO  [org.apa.kaf.cli.con.int.SubscriptionState] (Thread-827) [Consumer clientId=consumer-Consumer-topic-5ea5c1c7_977f_4b3f_af45_468acb4d75a7-31, groupId=Consumer-topic-5ea5c1c7_977f_4b3f_af45_468acb4d75a7] Resetting offset for partition topic-5ea5c1c7_977f_4b3f_af45_468acb4d75a7-0 to position FetchPosition{offset=0, offsetEpoch=Optional.empty, currentLeader=LeaderAndEpoch{leader=Optional[localhost:32770 (id: 0 rack: null)], epoch=0}}.
2025-07-31 20:44:23,314 INFO  [io.api.tes.ser.api.KafkaSerdesTester] (Thread-827) topic-5ea5c1c7_977f_4b3f_af45_468acb4d75a7 0 0 header {
  time {
  }
}
d1: 1.753994662633E12
s1: "a"
i1: 123
bi1: 1
point {
  longitude: 22.0
  latitude: 22.0
  altitude: 1.0
}

2025-07-31 20:44:23,314 INFO  [io.api.tes.ser.api.KafkaSerdesTester] (Thread-827) topic-5ea5c1c7_977f_4b3f_af45_468acb4d75a7 0 1 header {
  time {
  }
}
d1: 1.75399466298E12
s1: "a"
i1: 123
bi1: 1
point {
  longitude: 22.0
  latitude: 22.0
  altitude: 1.0
}

2025-07-31 20:44:23,314 INFO  [io.api.tes.ser.api.KafkaSerdesTester] (Thread-827) topic-5ea5c1c7_977f_4b3f_af45_468acb4d75a7 0 2 header {
  time {
  }
}
d1: 1.753994662982E12
s1: "a"
i1: 123
bi1: 1
point {
  longitude: 22.0
  latitude: 22.0
  altitude: 1.0
}

2025-07-31 20:44:23,314 INFO  [io.api.tes.ser.api.KafkaSerdesTester] (Thread-827) topic-5ea5c1c7_977f_4b3f_af45_468acb4d75a7 0 3 header {
  time {
  }
}
d1: 1.753994662983E12
s1: "a"
i1: 123
bi1: 1
point {
  longitude: 22.0
  latitude: 22.0
  altitude: 1.0
}

2025-07-31 20:44:23,314 INFO  [io.api.tes.ser.api.KafkaSerdesTester] (Thread-827) topic-5ea5c1c7_977f_4b3f_af45_468acb4d75a7 0 4 header {
  time {
  }
}
d1: 1.753994662984E12
s1: "a"
i1: 123
bi1: 1
point {
  longitude: 22.0
  latitude: 22.0
  altitude: 1.0
}

2025-07-31 20:44:23,314 INFO  [io.api.tes.ser.api.KafkaSerdesTester] (Thread-827) topic-5ea5c1c7_977f_4b3f_af45_468acb4d75a7 0 5 header {
  time {
  }
}
d1: 1.753994662988E12
s1: "a"
i1: 123
bi1: 1
point {
  longitude: 22.0
  latitude: 22.0
  altitude: 1.0
}

2025-07-31 20:44:23,314 INFO  [io.api.tes.ser.api.KafkaSerdesTester] (Thread-827) topic-5ea5c1c7_977f_4b3f_af45_468acb4d75a7 0 6 header {
  time {
  }
}
d1: 1.753994662993E12
s1: "a"
i1: 123
bi1: 1
point {
  longitude: 22.0
  latitude: 22.0
  altitude: 1.0
}

2025-07-31 20:44:23,314 INFO  [io.api.tes.ser.api.KafkaSerdesTester] (Thread-827) topic-5ea5c1c7_977f_4b3f_af45_468acb4d75a7 0 7 header {
  time {
  }
}
d1: 1.753994662996E12
s1: "a"
i1: 123
bi1: 1
point {
  longitude: 22.0
  latitude: 22.0
  altitude: 1.0
}

2025-07-31 20:44:23,314 INFO  [io.api.tes.ser.api.KafkaSerdesTester] (Thread-827) topic-5ea5c1c7_977f_4b3f_af45_468acb4d75a7 0 8 header {
  time {
  }
}
d1: 1.753994662998E12
s1: "a"
i1: 123
bi1: 1
point {
  longitude: 22.0
  latitude: 22.0
  altitude: 1.0
}

2025-07-31 20:44:23,314 INFO  [io.api.tes.ser.api.KafkaSerdesTester] (Thread-827) topic-5ea5c1c7_977f_4b3f_af45_468acb4d75a7 0 9 header {
  time {
  }
}
d1: 1.753994662999E12
s1: "a"
i1: 123
bi1: 1
point {
  longitude: 22.0
  latitude: 22.0
  altitude: 1.0
}

2025-07-31 20:44:23,314 INFO  [io.api.tes.ser.api.KafkaSerdesTester] (Thread-827) Consumed 10 messages
2025-07-31 20:44:23,317 INFO  [org.apa.kaf.cli.con.int.ConsumerRebalanceListenerInvoker] (Thread-827) [Consumer clientId=consumer-Consumer-topic-5ea5c1c7_977f_4b3f_af45_468acb4d75a7-31, groupId=Consumer-topic-5ea5c1c7_977f_4b3f_af45_468acb4d75a7] Revoke previously assigned partitions topic-5ea5c1c7_977f_4b3f_af45_468acb4d75a7-0
2025-07-31 20:44:23,317 INFO  [org.apa.kaf.cli.con.int.ConsumerCoordinator] (Thread-827) [Consumer clientId=consumer-Consumer-topic-5ea5c1c7_977f_4b3f_af45_468acb4d75a7-31, groupId=Consumer-topic-5ea5c1c7_977f_4b3f_af45_468acb4d75a7] Member consumer-Consumer-topic-5ea5c1c7_977f_4b3f_af45_468acb4d75a7-31-d6ddbb5f-c7a3-4bc4-878c-b5f9f6736d0f sending LeaveGroup request to coordinator localhost:32770 (id: 2147483647 rack: null) due to the consumer is being closed
2025-07-31 20:44:23,319 INFO  [org.apa.kaf.cli.con.int.ConsumerCoordinator] (Thread-827) [Consumer clientId=consumer-Consumer-topic-5ea5c1c7_977f_4b3f_af45_468acb4d75a7-31, groupId=Consumer-topic-5ea5c1c7_977f_4b3f_af45_468acb4d75a7] Resetting generation and member id due to: consumer pro-actively leaving the group
2025-07-31 20:44:23,319 INFO  [org.apa.kaf.cli.con.int.ConsumerCoordinator] (Thread-827) [Consumer clientId=consumer-Consumer-topic-5ea5c1c7_977f_4b3f_af45_468acb4d75a7-31, groupId=Consumer-topic-5ea5c1c7_977f_4b3f_af45_468acb4d75a7] Request joining group due to: consumer pro-actively leaving the group
2025-07-31 20:44:23,816 INFO  [org.apa.kaf.com.met.Metrics] (Thread-827) Metrics scheduler closed
2025-07-31 20:44:23,816 INFO  [org.apa.kaf.com.met.Metrics] (Thread-827) Closing reporter org.apache.kafka.common.metrics.JmxReporter
2025-07-31 20:44:23,816 INFO  [org.apa.kaf.com.met.Metrics] (Thread-827) Closing reporter org.apache.kafka.common.telemetry.internals.ClientTelemetryReporter
2025-07-31 20:44:23,816 INFO  [org.apa.kaf.com.met.Metrics] (Thread-827) Metrics reporters closed
2025-07-31 20:44:23,818 INFO  [org.apa.kaf.com.uti.AppInfoParser] (Thread-827) App info kafka.consumer for consumer-Consumer-topic-5ea5c1c7_977f_4b3f_af45_468acb4d75a7-31 unregistered
2025-07-31 20:44:23,821 INFO  [io.api.tes.uti.TestSeparator] (main) io.apicurio.tests.serdes.apicurio.ProtobufSerdeIT.testFindLatestDynamicMessageProtobufType-FINISHED
2025-07-31 20:44:23,821 INFO  [io.api.tes.uti.TestSeparator] (main) ############################################################################
Test passed: testFindLatestDynamicMessageProtobufType
]]></system-out>
  </testcase>
  <testcase name="testFindLatestDeriveClassProtobufTypeSimpleTopicIdStrategy" classname="io.apicurio.tests.serdes.apicurio.ProtobufSerdeIT" time="1.179">
    <system-out><![CDATA[2025-07-31 20:44:23,822 INFO  [io.api.tes.uti.TestSeparator] (main) ############################################################################
2025-07-31 20:44:23,822 INFO  [io.api.tes.uti.TestSeparator] (main) io.apicurio.tests.serdes.apicurio.ProtobufSerdeIT.testFindLatestDeriveClassProtobufTypeSimpleTopicIdStrategy-STARTED
2025-07-31 20:44:25,001 INFO  [io.api.tes.uti.TestSeparator] (main) io.apicurio.tests.serdes.apicurio.ProtobufSerdeIT.testFindLatestDeriveClassProtobufTypeSimpleTopicIdStrategy-FINISHED
2025-07-31 20:44:25,001 INFO  [io.api.tes.uti.TestSeparator] (main) ############################################################################
Test passed: testFindLatestDeriveClassProtobufTypeSimpleTopicIdStrategy
]]></system-out>
  </testcase>
  <testcase name="testFindLatestAndUseBody" classname="io.apicurio.tests.serdes.apicurio.ProtobufSerdeIT" time="2.384">
    <system-out><![CDATA[2025-07-31 20:44:25,003 INFO  [io.api.tes.uti.TestSeparator] (main) ############################################################################
2025-07-31 20:44:25,003 INFO  [io.api.tes.uti.TestSeparator] (main) io.apicurio.tests.serdes.apicurio.ProtobufSerdeIT.testFindLatestAndUseBody-STARTED
**** Registry Base URL: http://registry-app-mysql.apps.ci419.apicurio-testing.org:80
2025-07-31 20:44:26,181 INFO  [org.apa.kaf.cli.pro.ProducerConfig] (main) ProducerConfig values: 
	acks = -1
	auto.include.jmx.reporter = true
	batch.size = 16384
	bootstrap.servers = [PLAINTEXT://localhost:32770]
	buffer.memory = 33554432
	client.dns.lookup = use_all_dns_ips
	client.id = Producer-topic-f8e330a4_c68d_4b28_a03f_8dcbd5a34a3b
	compression.gzip.level = -1
	compression.lz4.level = 9
	compression.type = none
	compression.zstd.level = 3
	connections.max.idle.ms = 10000
	delivery.timeout.ms = 120000
	enable.idempotence = true
	enable.metrics.push = true
	interceptor.classes = []
	key.serializer = class org.apache.kafka.common.serialization.StringSerializer
	linger.ms = 0
	max.block.ms = 60000
	max.in.flight.requests.per.connection = 5
	max.request.size = 1048576
	metadata.max.age.ms = 300000
	metadata.max.idle.ms = 300000
	metadata.recovery.strategy = none
	metric.reporters = []
	metrics.num.samples = 2
	metrics.recording.level = INFO
	metrics.sample.window.ms = 30000
	partitioner.adaptive.partitioning.enable = true
	partitioner.availability.timeout.ms = 0
	partitioner.class = null
	partitioner.ignore.keys = false
	receive.buffer.bytes = 32768
	reconnect.backoff.max.ms = 1000
	reconnect.backoff.ms = 50
	request.timeout.ms = 5000
	retries = 2147483647
	retry.backoff.max.ms = 1000
	retry.backoff.ms = 100
	sasl.client.callback.handler.class = null
	sasl.jaas.config = null
	sasl.kerberos.kinit.cmd = /usr/bin/kinit
	sasl.kerberos.min.time.before.relogin = 60000
	sasl.kerberos.service.name = null
	sasl.kerberos.ticket.renew.jitter = 0.05
	sasl.kerberos.ticket.renew.window.factor = 0.8
	sasl.login.callback.handler.class = null
	sasl.login.class = null
	sasl.login.connect.timeout.ms = null
	sasl.login.read.timeout.ms = null
	sasl.login.refresh.buffer.seconds = 300
	sasl.login.refresh.min.period.seconds = 60
	sasl.login.refresh.window.factor = 0.8
	sasl.login.refresh.window.jitter = 0.05
	sasl.login.retry.backoff.max.ms = 10000
	sasl.login.retry.backoff.ms = 100
	sasl.mechanism = GSSAPI
	sasl.oauthbearer.clock.skew.seconds = 30
	sasl.oauthbearer.expected.audience = null
	sasl.oauthbearer.expected.issuer = null
	sasl.oauthbearer.header.urlencode = false
	sasl.oauthbearer.jwks.endpoint.refresh.ms = 3600000
	sasl.oauthbearer.jwks.endpoint.retry.backoff.max.ms = 10000
	sasl.oauthbearer.jwks.endpoint.retry.backoff.ms = 100
	sasl.oauthbearer.jwks.endpoint.url = null
	sasl.oauthbearer.scope.claim.name = scope
	sasl.oauthbearer.sub.claim.name = sub
	sasl.oauthbearer.token.endpoint.url = null
	security.protocol = PLAINTEXT
	security.providers = null
	send.buffer.bytes = 131072
	socket.connection.setup.timeout.max.ms = 30000
	socket.connection.setup.timeout.ms = 10000
	ssl.cipher.suites = null
	ssl.enabled.protocols = [TLSv1.2, TLSv1.3]
	ssl.endpoint.identification.algorithm = https
	ssl.engine.factory.class = null
	ssl.key.password = null
	ssl.keymanager.algorithm = SunX509
	ssl.keystore.certificate.chain = null
	ssl.keystore.key = null
	ssl.keystore.location = null
	ssl.keystore.password = null
	ssl.keystore.type = JKS
	ssl.protocol = TLSv1.3
	ssl.provider = null
	ssl.secure.random.implementation = null
	ssl.trustmanager.algorithm = PKIX
	ssl.truststore.certificates = null
	ssl.truststore.location = null
	ssl.truststore.password = null
	ssl.truststore.type = JKS
	transaction.timeout.ms = 60000
	transactional.id = null
	value.serializer = class io.apicurio.registry.serde.protobuf.ProtobufKafkaSerializer

2025-07-31 20:44:26,182 INFO  [org.apa.kaf.com.tel.int.KafkaMetricsCollector] (main) initializing Kafka metrics collector
2025-07-31 20:44:26,184 INFO  [org.apa.kaf.cli.pro.KafkaProducer] (main) [Producer clientId=Producer-topic-f8e330a4_c68d_4b28_a03f_8dcbd5a34a3b] Instantiated an idempotent producer.
2025-07-31 20:44:26,186 INFO  [org.apa.kaf.cli.pro.ProducerConfig] (main) These configurations '[apicurio.registry.find-latest, apicurio.registry.url, apicurio.registry.artifact-resolver-strategy]' were supplied but are not used yet.
2025-07-31 20:44:26,186 INFO  [org.apa.kaf.com.uti.AppInfoParser] (main) Kafka version: 3.9.1
2025-07-31 20:44:26,186 INFO  [org.apa.kaf.com.uti.AppInfoParser] (main) Kafka commitId: f745dfdcee2b9851
2025-07-31 20:44:26,186 INFO  [org.apa.kaf.com.uti.AppInfoParser] (main) Kafka startTimeMs: 1753994666186
2025-07-31 20:44:26,186 INFO  [io.api.tes.ser.api.SimpleSerdesTesterBuilder$SimpleSerdesTester] (main) Using producer configuration: {apicurio.registry.find-latest=true, apicurio.registry.url=http://registry-app-mysql.apps.ci419.apicurio-testing.org:80/apis/registry/v3, apicurio.registry.artifact-resolver-strategy=io.apicurio.registry.serde.strategy.TopicIdStrategy, value.serializer=io.apicurio.registry.serde.protobuf.ProtobufKafkaSerializer, request.timeout.ms=5000, acks=all, bootstrap.servers=PLAINTEXT://localhost:32770, connections.max.idle.ms=10000, key.serializer=org.apache.kafka.common.serialization.StringSerializer, client.id=Producer-topic-f8e330a4_c68d_4b28_a03f_8dcbd5a34a3b}
2025-07-31 20:44:26,186 INFO  [io.api.tes.ser.api.SimpleSerdesTesterBuilder$SimpleSerdesTester] (main) Using consumer configuration: {}
2025-07-31 20:44:26,188 INFO  [io.api.tes.ser.api.KafkaSerdesTester] (Thread-830) Sending message header {
  time {
  }
}
d1: 1.753994666188E12
s1: "a"
i1: 123
bi1: 1
point {
  longitude: 22.0
  latitude: 22.0
  altitude: 1.0
}
 to topic topic-f8e330a4_c68d_4b28_a03f_8dcbd5a34a3b
2025-07-31 20:44:26,192 INFO  [org.apa.kaf.cli.Metadata] (kafka-producer-network-thread | Producer-topic-f8e330a4_c68d_4b28_a03f_8dcbd5a34a3b) [Producer clientId=Producer-topic-f8e330a4_c68d_4b28_a03f_8dcbd5a34a3b] Cluster ID: 6lKjf0w6TFCctmqQa8E77g
2025-07-31 20:44:26,192 INFO  [org.apa.kaf.cli.pro.int.TransactionManager] (kafka-producer-network-thread | Producer-topic-f8e330a4_c68d_4b28_a03f_8dcbd5a34a3b) [Producer clientId=Producer-topic-f8e330a4_c68d_4b28_a03f_8dcbd5a34a3b] ProducerId set to 42 with epoch 0
2025-07-31 20:44:26,527 INFO  [io.api.tes.ser.api.KafkaSerdesTester] (Thread-830) Sending message header {
  time {
  }
}
d1: 1.753994666527E12
s1: "a"
i1: 123
bi1: 1
point {
  longitude: 22.0
  latitude: 22.0
  altitude: 1.0
}
 to topic topic-f8e330a4_c68d_4b28_a03f_8dcbd5a34a3b
2025-07-31 20:44:26,532 INFO  [io.api.tes.ser.api.KafkaSerdesTester] (Thread-830) Sending message header {
  time {
  }
}
d1: 1.753994666531E12
s1: "a"
i1: 123
bi1: 1
point {
  longitude: 22.0
  latitude: 22.0
  altitude: 1.0
}
 to topic topic-f8e330a4_c68d_4b28_a03f_8dcbd5a34a3b
2025-07-31 20:44:26,534 INFO  [io.api.tes.ser.api.KafkaSerdesTester] (Thread-830) Sending message header {
  time {
  }
}
d1: 1.753994666534E12
s1: "a"
i1: 123
bi1: 1
point {
  longitude: 22.0
  latitude: 22.0
  altitude: 1.0
}
 to topic topic-f8e330a4_c68d_4b28_a03f_8dcbd5a34a3b
2025-07-31 20:44:26,541 INFO  [io.api.tes.ser.api.KafkaSerdesTester] (Thread-830) Sending message header {
  time {
  }
}
d1: 1.753994666541E12
s1: "a"
i1: 123
bi1: 1
point {
  longitude: 22.0
  latitude: 22.0
  altitude: 1.0
}
 to topic topic-f8e330a4_c68d_4b28_a03f_8dcbd5a34a3b
2025-07-31 20:44:26,544 INFO  [io.api.tes.ser.api.KafkaSerdesTester] (Thread-830) Sending message header {
  time {
  }
}
d1: 1.753994666544E12
s1: "a"
i1: 123
bi1: 1
point {
  longitude: 22.0
  latitude: 22.0
  altitude: 1.0
}
 to topic topic-f8e330a4_c68d_4b28_a03f_8dcbd5a34a3b
2025-07-31 20:44:26,549 INFO  [io.api.tes.ser.api.KafkaSerdesTester] (Thread-830) Sending message header {
  time {
  }
}
d1: 1.753994666549E12
s1: "a"
i1: 123
bi1: 1
point {
  longitude: 22.0
  latitude: 22.0
  altitude: 1.0
}
 to topic topic-f8e330a4_c68d_4b28_a03f_8dcbd5a34a3b
2025-07-31 20:44:26,550 INFO  [io.api.tes.ser.api.KafkaSerdesTester] (Thread-830) Sending message header {
  time {
  }
}
d1: 1.75399466655E12
s1: "a"
i1: 123
bi1: 1
point {
  longitude: 22.0
  latitude: 22.0
  altitude: 1.0
}
 to topic topic-f8e330a4_c68d_4b28_a03f_8dcbd5a34a3b
2025-07-31 20:44:26,551 INFO  [io.api.tes.ser.api.KafkaSerdesTester] (Thread-830) Sending message header {
  time {
  }
}
d1: 1.753994666551E12
s1: "a"
i1: 123
bi1: 1
point {
  longitude: 22.0
  latitude: 22.0
  altitude: 1.0
}
 to topic topic-f8e330a4_c68d_4b28_a03f_8dcbd5a34a3b
2025-07-31 20:44:26,552 INFO  [io.api.tes.ser.api.KafkaSerdesTester] (Thread-830) Sending message header {
  time {
  }
}
d1: 1.753994666552E12
s1: "a"
i1: 123
bi1: 1
point {
  longitude: 22.0
  latitude: 22.0
  altitude: 1.0
}
 to topic topic-f8e330a4_c68d_4b28_a03f_8dcbd5a34a3b
2025-07-31 20:44:26,554 INFO  [io.api.tes.ser.api.KafkaSerdesTester] (Thread-830) Produced 10 messages
2025-07-31 20:44:26,554 INFO  [org.apa.kaf.cli.pro.KafkaProducer] (Thread-830) [Producer clientId=Producer-topic-f8e330a4_c68d_4b28_a03f_8dcbd5a34a3b] Closing the Kafka producer with timeoutMillis = 9223372036854775807 ms.
2025-07-31 20:44:26,556 INFO  [org.apa.kaf.com.met.Metrics] (Thread-830) Metrics scheduler closed
2025-07-31 20:44:26,556 INFO  [org.apa.kaf.com.met.Metrics] (Thread-830) Closing reporter org.apache.kafka.common.metrics.JmxReporter
2025-07-31 20:44:26,556 INFO  [org.apa.kaf.com.met.Metrics] (Thread-830) Closing reporter org.apache.kafka.common.telemetry.internals.ClientTelemetryReporter
2025-07-31 20:44:26,556 INFO  [org.apa.kaf.com.met.Metrics] (Thread-830) Metrics reporters closed
2025-07-31 20:44:26,556 INFO  [org.apa.kaf.com.uti.AppInfoParser] (Thread-830) App info kafka.producer for Producer-topic-f8e330a4_c68d_4b28_a03f_8dcbd5a34a3b unregistered
**** Registry Base URL: http://registry-app-mysql.apps.ci419.apicurio-testing.org:80
2025-07-31 20:44:26,557 INFO  [org.apa.kaf.cli.con.ConsumerConfig] (main) ConsumerConfig values: 
	allow.auto.create.topics = true
	auto.commit.interval.ms = 500
	auto.include.jmx.reporter = true
	auto.offset.reset = earliest
	bootstrap.servers = [PLAINTEXT://localhost:32770]
	check.crcs = true
	client.dns.lookup = use_all_dns_ips
	client.id = consumer-Consumer-topic-f8e330a4_c68d_4b28_a03f_8dcbd5a34a3b-32
	client.rack = 
	connections.max.idle.ms = 10000
	default.api.timeout.ms = 60000
	enable.auto.commit = true
	enable.metrics.push = true
	exclude.internal.topics = true
	fetch.max.bytes = 52428800
	fetch.max.wait.ms = 500
	fetch.min.bytes = 1
	group.id = Consumer-topic-f8e330a4_c68d_4b28_a03f_8dcbd5a34a3b
	group.instance.id = null
	group.protocol = classic
	group.remote.assignor = null
	heartbeat.interval.ms = 3000
	interceptor.classes = []
	internal.leave.group.on.close = true
	internal.throw.on.fetch.stable.offset.unsupported = false
	isolation.level = read_uncommitted
	key.deserializer = class org.apache.kafka.common.serialization.StringDeserializer
	max.partition.fetch.bytes = 1048576
	max.poll.interval.ms = 300000
	max.poll.records = 500
	metadata.max.age.ms = 300000
	metadata.recovery.strategy = none
	metric.reporters = []
	metrics.num.samples = 2
	metrics.recording.level = INFO
	metrics.sample.window.ms = 30000
	partition.assignment.strategy = [class org.apache.kafka.clients.consumer.RangeAssignor, class org.apache.kafka.clients.consumer.CooperativeStickyAssignor]
	receive.buffer.bytes = 65536
	reconnect.backoff.max.ms = 1000
	reconnect.backoff.ms = 50
	request.timeout.ms = 5000
	retry.backoff.max.ms = 1000
	retry.backoff.ms = 100
	sasl.client.callback.handler.class = null
	sasl.jaas.config = null
	sasl.kerberos.kinit.cmd = /usr/bin/kinit
	sasl.kerberos.min.time.before.relogin = 60000
	sasl.kerberos.service.name = null
	sasl.kerberos.ticket.renew.jitter = 0.05
	sasl.kerberos.ticket.renew.window.factor = 0.8
	sasl.login.callback.handler.class = null
	sasl.login.class = null
	sasl.login.connect.timeout.ms = null
	sasl.login.read.timeout.ms = null
	sasl.login.refresh.buffer.seconds = 300
	sasl.login.refresh.min.period.seconds = 60
	sasl.login.refresh.window.factor = 0.8
	sasl.login.refresh.window.jitter = 0.05
	sasl.login.retry.backoff.max.ms = 10000
	sasl.login.retry.backoff.ms = 100
	sasl.mechanism = GSSAPI
	sasl.oauthbearer.clock.skew.seconds = 30
	sasl.oauthbearer.expected.audience = null
	sasl.oauthbearer.expected.issuer = null
	sasl.oauthbearer.header.urlencode = false
	sasl.oauthbearer.jwks.endpoint.refresh.ms = 3600000
	sasl.oauthbearer.jwks.endpoint.retry.backoff.max.ms = 10000
	sasl.oauthbearer.jwks.endpoint.retry.backoff.ms = 100
	sasl.oauthbearer.jwks.endpoint.url = null
	sasl.oauthbearer.scope.claim.name = scope
	sasl.oauthbearer.sub.claim.name = sub
	sasl.oauthbearer.token.endpoint.url = null
	security.protocol = PLAINTEXT
	security.providers = null
	send.buffer.bytes = 131072
	session.timeout.ms = 45000
	socket.connection.setup.timeout.max.ms = 30000
	socket.connection.setup.timeout.ms = 10000
	ssl.cipher.suites = null
	ssl.enabled.protocols = [TLSv1.2, TLSv1.3]
	ssl.endpoint.identification.algorithm = https
	ssl.engine.factory.class = null
	ssl.key.password = null
	ssl.keymanager.algorithm = SunX509
	ssl.keystore.certificate.chain = null
	ssl.keystore.key = null
	ssl.keystore.location = null
	ssl.keystore.password = null
	ssl.keystore.type = JKS
	ssl.protocol = TLSv1.3
	ssl.provider = null
	ssl.secure.random.implementation = null
	ssl.trustmanager.algorithm = PKIX
	ssl.truststore.certificates = null
	ssl.truststore.location = null
	ssl.truststore.password = null
	ssl.truststore.type = JKS
	value.deserializer = class io.apicurio.registry.serde.protobuf.ProtobufKafkaDeserializer

2025-07-31 20:44:26,560 INFO  [org.apa.kaf.com.tel.int.KafkaMetricsCollector] (main) initializing Kafka metrics collector
2025-07-31 20:44:26,573 INFO  [org.apa.kaf.cli.con.ConsumerConfig] (main) These configurations '[apicurio.registry.url]' were supplied but are not used yet.
2025-07-31 20:44:26,573 INFO  [org.apa.kaf.com.uti.AppInfoParser] (main) Kafka version: 3.9.1
2025-07-31 20:44:26,573 INFO  [org.apa.kaf.com.uti.AppInfoParser] (main) Kafka commitId: f745dfdcee2b9851
2025-07-31 20:44:26,573 INFO  [org.apa.kaf.com.uti.AppInfoParser] (main) Kafka startTimeMs: 1753994666573
2025-07-31 20:44:26,574 INFO  [org.apa.kaf.cli.con.int.ClassicKafkaConsumer] (Thread-833) [Consumer clientId=consumer-Consumer-topic-f8e330a4_c68d_4b28_a03f_8dcbd5a34a3b-32, groupId=Consumer-topic-f8e330a4_c68d_4b28_a03f_8dcbd5a34a3b] Subscribed to topic(s): topic-f8e330a4_c68d_4b28_a03f_8dcbd5a34a3b
2025-07-31 20:44:26,581 INFO  [org.apa.kaf.cli.Metadata] (Thread-833) [Consumer clientId=consumer-Consumer-topic-f8e330a4_c68d_4b28_a03f_8dcbd5a34a3b-32, groupId=Consumer-topic-f8e330a4_c68d_4b28_a03f_8dcbd5a34a3b] Cluster ID: 6lKjf0w6TFCctmqQa8E77g
2025-07-31 20:44:26,585 INFO  [org.apa.kaf.cli.con.int.ConsumerCoordinator] (Thread-833) [Consumer clientId=consumer-Consumer-topic-f8e330a4_c68d_4b28_a03f_8dcbd5a34a3b-32, groupId=Consumer-topic-f8e330a4_c68d_4b28_a03f_8dcbd5a34a3b] Discovered group coordinator localhost:32770 (id: 2147483647 rack: null)
2025-07-31 20:44:26,588 INFO  [org.apa.kaf.cli.con.int.ConsumerCoordinator] (Thread-833) [Consumer clientId=consumer-Consumer-topic-f8e330a4_c68d_4b28_a03f_8dcbd5a34a3b-32, groupId=Consumer-topic-f8e330a4_c68d_4b28_a03f_8dcbd5a34a3b] (Re-)joining group
2025-07-31 20:44:26,592 INFO  [org.apa.kaf.cli.con.int.ConsumerCoordinator] (Thread-833) [Consumer clientId=consumer-Consumer-topic-f8e330a4_c68d_4b28_a03f_8dcbd5a34a3b-32, groupId=Consumer-topic-f8e330a4_c68d_4b28_a03f_8dcbd5a34a3b] Request joining group due to: need to re-join with the given member-id: consumer-Consumer-topic-f8e330a4_c68d_4b28_a03f_8dcbd5a34a3b-32-7b8a49b1-6e43-473d-9a99-423a9858d46d
2025-07-31 20:44:26,592 INFO  [org.apa.kaf.cli.con.int.ConsumerCoordinator] (Thread-833) [Consumer clientId=consumer-Consumer-topic-f8e330a4_c68d_4b28_a03f_8dcbd5a34a3b-32, groupId=Consumer-topic-f8e330a4_c68d_4b28_a03f_8dcbd5a34a3b] (Re-)joining group
2025-07-31 20:44:26,597 INFO  [org.apa.kaf.cli.con.int.ConsumerCoordinator] (Thread-833) [Consumer clientId=consumer-Consumer-topic-f8e330a4_c68d_4b28_a03f_8dcbd5a34a3b-32, groupId=Consumer-topic-f8e330a4_c68d_4b28_a03f_8dcbd5a34a3b] Successfully joined group with generation Generation{generationId=1, memberId='consumer-Consumer-topic-f8e330a4_c68d_4b28_a03f_8dcbd5a34a3b-32-7b8a49b1-6e43-473d-9a99-423a9858d46d', protocol='range'}
2025-07-31 20:44:26,598 INFO  [org.apa.kaf.cli.con.int.ConsumerCoordinator] (Thread-833) [Consumer clientId=consumer-Consumer-topic-f8e330a4_c68d_4b28_a03f_8dcbd5a34a3b-32, groupId=Consumer-topic-f8e330a4_c68d_4b28_a03f_8dcbd5a34a3b] Finished assignment for group at generation 1: {consumer-Consumer-topic-f8e330a4_c68d_4b28_a03f_8dcbd5a34a3b-32-7b8a49b1-6e43-473d-9a99-423a9858d46d=Assignment(partitions=[topic-f8e330a4_c68d_4b28_a03f_8dcbd5a34a3b-0])}
2025-07-31 20:44:26,603 INFO  [org.apa.kaf.cli.con.int.ConsumerCoordinator] (Thread-833) [Consumer clientId=consumer-Consumer-topic-f8e330a4_c68d_4b28_a03f_8dcbd5a34a3b-32, groupId=Consumer-topic-f8e330a4_c68d_4b28_a03f_8dcbd5a34a3b] Successfully synced group in generation Generation{generationId=1, memberId='consumer-Consumer-topic-f8e330a4_c68d_4b28_a03f_8dcbd5a34a3b-32-7b8a49b1-6e43-473d-9a99-423a9858d46d', protocol='range'}
2025-07-31 20:44:26,604 INFO  [org.apa.kaf.cli.con.int.ConsumerCoordinator] (Thread-833) [Consumer clientId=consumer-Consumer-topic-f8e330a4_c68d_4b28_a03f_8dcbd5a34a3b-32, groupId=Consumer-topic-f8e330a4_c68d_4b28_a03f_8dcbd5a34a3b] Notifying assignor about the new Assignment(partitions=[topic-f8e330a4_c68d_4b28_a03f_8dcbd5a34a3b-0])
2025-07-31 20:44:26,604 INFO  [org.apa.kaf.cli.con.int.ConsumerRebalanceListenerInvoker] (Thread-833) [Consumer clientId=consumer-Consumer-topic-f8e330a4_c68d_4b28_a03f_8dcbd5a34a3b-32, groupId=Consumer-topic-f8e330a4_c68d_4b28_a03f_8dcbd5a34a3b] Adding newly assigned partitions: topic-f8e330a4_c68d_4b28_a03f_8dcbd5a34a3b-0
2025-07-31 20:44:26,609 INFO  [org.apa.kaf.cli.con.int.ConsumerCoordinator] (Thread-833) [Consumer clientId=consumer-Consumer-topic-f8e330a4_c68d_4b28_a03f_8dcbd5a34a3b-32, groupId=Consumer-topic-f8e330a4_c68d_4b28_a03f_8dcbd5a34a3b] Found no committed offset for partition topic-f8e330a4_c68d_4b28_a03f_8dcbd5a34a3b-0
2025-07-31 20:44:26,614 INFO  [org.apa.kaf.cli.con.int.SubscriptionState] (Thread-833) [Consumer clientId=consumer-Consumer-topic-f8e330a4_c68d_4b28_a03f_8dcbd5a34a3b-32, groupId=Consumer-topic-f8e330a4_c68d_4b28_a03f_8dcbd5a34a3b] Resetting offset for partition topic-f8e330a4_c68d_4b28_a03f_8dcbd5a34a3b-0 to position FetchPosition{offset=0, offsetEpoch=Optional.empty, currentLeader=LeaderAndEpoch{leader=Optional[localhost:32770 (id: 0 rack: null)], epoch=0}}.
2025-07-31 20:44:26,878 INFO  [io.api.tes.ser.api.KafkaSerdesTester] (Thread-833) topic-f8e330a4_c68d_4b28_a03f_8dcbd5a34a3b 0 0 header {
  time {
  }
}
d1: 1.753994666188E12
s1: "a"
i1: 123
bi1: 1
point {
  longitude: 22.0
  latitude: 22.0
  altitude: 1.0
}

2025-07-31 20:44:26,878 INFO  [io.api.tes.ser.api.KafkaSerdesTester] (Thread-833) topic-f8e330a4_c68d_4b28_a03f_8dcbd5a34a3b 0 1 header {
  time {
  }
}
d1: 1.753994666527E12
s1: "a"
i1: 123
bi1: 1
point {
  longitude: 22.0
  latitude: 22.0
  altitude: 1.0
}

2025-07-31 20:44:26,878 INFO  [io.api.tes.ser.api.KafkaSerdesTester] (Thread-833) topic-f8e330a4_c68d_4b28_a03f_8dcbd5a34a3b 0 2 header {
  time {
  }
}
d1: 1.753994666531E12
s1: "a"
i1: 123
bi1: 1
point {
  longitude: 22.0
  latitude: 22.0
  altitude: 1.0
}

2025-07-31 20:44:26,879 INFO  [io.api.tes.ser.api.KafkaSerdesTester] (Thread-833) topic-f8e330a4_c68d_4b28_a03f_8dcbd5a34a3b 0 3 header {
  time {
  }
}
d1: 1.753994666534E12
s1: "a"
i1: 123
bi1: 1
point {
  longitude: 22.0
  latitude: 22.0
  altitude: 1.0
}

2025-07-31 20:44:26,879 INFO  [io.api.tes.ser.api.KafkaSerdesTester] (Thread-833) topic-f8e330a4_c68d_4b28_a03f_8dcbd5a34a3b 0 4 header {
  time {
  }
}
d1: 1.753994666541E12
s1: "a"
i1: 123
bi1: 1
point {
  longitude: 22.0
  latitude: 22.0
  altitude: 1.0
}

2025-07-31 20:44:26,879 INFO  [io.api.tes.ser.api.KafkaSerdesTester] (Thread-833) topic-f8e330a4_c68d_4b28_a03f_8dcbd5a34a3b 0 5 header {
  time {
  }
}
d1: 1.753994666544E12
s1: "a"
i1: 123
bi1: 1
point {
  longitude: 22.0
  latitude: 22.0
  altitude: 1.0
}

2025-07-31 20:44:26,879 INFO  [io.api.tes.ser.api.KafkaSerdesTester] (Thread-833) topic-f8e330a4_c68d_4b28_a03f_8dcbd5a34a3b 0 6 header {
  time {
  }
}
d1: 1.753994666549E12
s1: "a"
i1: 123
bi1: 1
point {
  longitude: 22.0
  latitude: 22.0
  altitude: 1.0
}

2025-07-31 20:44:26,879 INFO  [io.api.tes.ser.api.KafkaSerdesTester] (Thread-833) topic-f8e330a4_c68d_4b28_a03f_8dcbd5a34a3b 0 7 header {
  time {
  }
}
d1: 1.75399466655E12
s1: "a"
i1: 123
bi1: 1
point {
  longitude: 22.0
  latitude: 22.0
  altitude: 1.0
}

2025-07-31 20:44:26,879 INFO  [io.api.tes.ser.api.KafkaSerdesTester] (Thread-833) topic-f8e330a4_c68d_4b28_a03f_8dcbd5a34a3b 0 8 header {
  time {
  }
}
d1: 1.753994666551E12
s1: "a"
i1: 123
bi1: 1
point {
  longitude: 22.0
  latitude: 22.0
  altitude: 1.0
}

2025-07-31 20:44:26,879 INFO  [io.api.tes.ser.api.KafkaSerdesTester] (Thread-833) topic-f8e330a4_c68d_4b28_a03f_8dcbd5a34a3b 0 9 header {
  time {
  }
}
d1: 1.753994666552E12
s1: "a"
i1: 123
bi1: 1
point {
  longitude: 22.0
  latitude: 22.0
  altitude: 1.0
}

2025-07-31 20:44:26,879 INFO  [io.api.tes.ser.api.KafkaSerdesTester] (Thread-833) Consumed 10 messages
2025-07-31 20:44:26,883 INFO  [org.apa.kaf.cli.con.int.ConsumerRebalanceListenerInvoker] (Thread-833) [Consumer clientId=consumer-Consumer-topic-f8e330a4_c68d_4b28_a03f_8dcbd5a34a3b-32, groupId=Consumer-topic-f8e330a4_c68d_4b28_a03f_8dcbd5a34a3b] Revoke previously assigned partitions topic-f8e330a4_c68d_4b28_a03f_8dcbd5a34a3b-0
2025-07-31 20:44:26,883 INFO  [org.apa.kaf.cli.con.int.ConsumerCoordinator] (Thread-833) [Consumer clientId=consumer-Consumer-topic-f8e330a4_c68d_4b28_a03f_8dcbd5a34a3b-32, groupId=Consumer-topic-f8e330a4_c68d_4b28_a03f_8dcbd5a34a3b] Member consumer-Consumer-topic-f8e330a4_c68d_4b28_a03f_8dcbd5a34a3b-32-7b8a49b1-6e43-473d-9a99-423a9858d46d sending LeaveGroup request to coordinator localhost:32770 (id: 2147483647 rack: null) due to the consumer is being closed
2025-07-31 20:44:26,884 INFO  [org.apa.kaf.cli.con.int.ConsumerCoordinator] (Thread-833) [Consumer clientId=consumer-Consumer-topic-f8e330a4_c68d_4b28_a03f_8dcbd5a34a3b-32, groupId=Consumer-topic-f8e330a4_c68d_4b28_a03f_8dcbd5a34a3b] Resetting generation and member id due to: consumer pro-actively leaving the group
2025-07-31 20:44:26,884 INFO  [org.apa.kaf.cli.con.int.ConsumerCoordinator] (Thread-833) [Consumer clientId=consumer-Consumer-topic-f8e330a4_c68d_4b28_a03f_8dcbd5a34a3b-32, groupId=Consumer-topic-f8e330a4_c68d_4b28_a03f_8dcbd5a34a3b] Request joining group due to: consumer pro-actively leaving the group
2025-07-31 20:44:27,383 INFO  [org.apa.kaf.com.met.Metrics] (Thread-833) Metrics scheduler closed
2025-07-31 20:44:27,383 INFO  [org.apa.kaf.com.met.Metrics] (Thread-833) Closing reporter org.apache.kafka.common.metrics.JmxReporter
2025-07-31 20:44:27,383 INFO  [org.apa.kaf.com.met.Metrics] (Thread-833) Closing reporter org.apache.kafka.common.telemetry.internals.ClientTelemetryReporter
2025-07-31 20:44:27,383 INFO  [org.apa.kaf.com.met.Metrics] (Thread-833) Metrics reporters closed
2025-07-31 20:44:27,384 INFO  [org.apa.kaf.com.uti.AppInfoParser] (Thread-833) App info kafka.consumer for consumer-Consumer-topic-f8e330a4_c68d_4b28_a03f_8dcbd5a34a3b-32 unregistered
2025-07-31 20:44:27,385 INFO  [io.api.tes.uti.TestSeparator] (main) io.apicurio.tests.serdes.apicurio.ProtobufSerdeIT.testFindLatestAndUseBody-FINISHED
2025-07-31 20:44:27,386 INFO  [io.api.tes.uti.TestSeparator] (main) ############################################################################
Test passed: testFindLatestAndUseBody
]]></system-out>
  </testcase>
  <testcase name="testConsumeDynamicMessage" classname="io.apicurio.tests.serdes.apicurio.ProtobufSerdeIT" time="1.177">
    <system-out><![CDATA[2025-07-31 20:44:27,387 INFO  [io.api.tes.uti.TestSeparator] (main) ############################################################################
2025-07-31 20:44:27,387 INFO  [io.api.tes.uti.TestSeparator] (main) io.apicurio.tests.serdes.apicurio.ProtobufSerdeIT.testConsumeDynamicMessage-STARTED
2025-07-31 20:44:28,562 INFO  [io.api.tes.uti.TestSeparator] (main) io.apicurio.tests.serdes.apicurio.ProtobufSerdeIT.testConsumeDynamicMessage-FINISHED
2025-07-31 20:44:28,562 INFO  [io.api.tes.uti.TestSeparator] (main) ############################################################################
Test passed: testConsumeDynamicMessage
]]></system-out>
  </testcase>
  <testcase name="testAutoRegisterDynamicMessageProtobufType" classname="io.apicurio.tests.serdes.apicurio.ProtobufSerdeIT" time="2.597">
    <system-out><![CDATA[2025-07-31 20:44:28,564 INFO  [io.api.tes.uti.TestSeparator] (main) ############################################################################
2025-07-31 20:44:28,564 INFO  [io.api.tes.uti.TestSeparator] (main) io.apicurio.tests.serdes.apicurio.ProtobufSerdeIT.testAutoRegisterDynamicMessageProtobufType-STARTED
**** Registry Base URL: http://registry-app-mysql.apps.ci419.apicurio-testing.org:80
2025-07-31 20:44:28,565 INFO  [org.apa.kaf.cli.pro.ProducerConfig] (main) ProducerConfig values: 
	acks = -1
	auto.include.jmx.reporter = true
	batch.size = 16384
	bootstrap.servers = [PLAINTEXT://localhost:32770]
	buffer.memory = 33554432
	client.dns.lookup = use_all_dns_ips
	client.id = Producer-topic-b12a993b_f013_4f7a_8dcc_667a02393bc6
	compression.gzip.level = -1
	compression.lz4.level = 9
	compression.type = none
	compression.zstd.level = 3
	connections.max.idle.ms = 10000
	delivery.timeout.ms = 120000
	enable.idempotence = true
	enable.metrics.push = true
	interceptor.classes = []
	key.serializer = class org.apache.kafka.common.serialization.StringSerializer
	linger.ms = 0
	max.block.ms = 60000
	max.in.flight.requests.per.connection = 5
	max.request.size = 1048576
	metadata.max.age.ms = 300000
	metadata.max.idle.ms = 300000
	metadata.recovery.strategy = none
	metric.reporters = []
	metrics.num.samples = 2
	metrics.recording.level = INFO
	metrics.sample.window.ms = 30000
	partitioner.adaptive.partitioning.enable = true
	partitioner.availability.timeout.ms = 0
	partitioner.class = null
	partitioner.ignore.keys = false
	receive.buffer.bytes = 32768
	reconnect.backoff.max.ms = 1000
	reconnect.backoff.ms = 50
	request.timeout.ms = 5000
	retries = 2147483647
	retry.backoff.max.ms = 1000
	retry.backoff.ms = 100
	sasl.client.callback.handler.class = null
	sasl.jaas.config = null
	sasl.kerberos.kinit.cmd = /usr/bin/kinit
	sasl.kerberos.min.time.before.relogin = 60000
	sasl.kerberos.service.name = null
	sasl.kerberos.ticket.renew.jitter = 0.05
	sasl.kerberos.ticket.renew.window.factor = 0.8
	sasl.login.callback.handler.class = null
	sasl.login.class = null
	sasl.login.connect.timeout.ms = null
	sasl.login.read.timeout.ms = null
	sasl.login.refresh.buffer.seconds = 300
	sasl.login.refresh.min.period.seconds = 60
	sasl.login.refresh.window.factor = 0.8
	sasl.login.refresh.window.jitter = 0.05
	sasl.login.retry.backoff.max.ms = 10000
	sasl.login.retry.backoff.ms = 100
	sasl.mechanism = GSSAPI
	sasl.oauthbearer.clock.skew.seconds = 30
	sasl.oauthbearer.expected.audience = null
	sasl.oauthbearer.expected.issuer = null
	sasl.oauthbearer.header.urlencode = false
	sasl.oauthbearer.jwks.endpoint.refresh.ms = 3600000
	sasl.oauthbearer.jwks.endpoint.retry.backoff.max.ms = 10000
	sasl.oauthbearer.jwks.endpoint.retry.backoff.ms = 100
	sasl.oauthbearer.jwks.endpoint.url = null
	sasl.oauthbearer.scope.claim.name = scope
	sasl.oauthbearer.sub.claim.name = sub
	sasl.oauthbearer.token.endpoint.url = null
	security.protocol = PLAINTEXT
	security.providers = null
	send.buffer.bytes = 131072
	socket.connection.setup.timeout.max.ms = 30000
	socket.connection.setup.timeout.ms = 10000
	ssl.cipher.suites = null
	ssl.enabled.protocols = [TLSv1.2, TLSv1.3]
	ssl.endpoint.identification.algorithm = https
	ssl.engine.factory.class = null
	ssl.key.password = null
	ssl.keymanager.algorithm = SunX509
	ssl.keystore.certificate.chain = null
	ssl.keystore.key = null
	ssl.keystore.location = null
	ssl.keystore.password = null
	ssl.keystore.type = JKS
	ssl.protocol = TLSv1.3
	ssl.provider = null
	ssl.secure.random.implementation = null
	ssl.trustmanager.algorithm = PKIX
	ssl.truststore.certificates = null
	ssl.truststore.location = null
	ssl.truststore.password = null
	ssl.truststore.type = JKS
	transaction.timeout.ms = 60000
	transactional.id = null
	value.serializer = class io.apicurio.registry.serde.protobuf.ProtobufKafkaSerializer

2025-07-31 20:44:28,565 INFO  [org.apa.kaf.com.tel.int.KafkaMetricsCollector] (main) initializing Kafka metrics collector
2025-07-31 20:44:28,572 INFO  [org.apa.kaf.cli.pro.KafkaProducer] (main) [Producer clientId=Producer-topic-b12a993b_f013_4f7a_8dcc_667a02393bc6] Instantiated an idempotent producer.
2025-07-31 20:44:28,575 INFO  [org.apa.kaf.cli.pro.ProducerConfig] (main) These configurations '[apicurio.registry.url, apicurio.registry.auto-register, apicurio.registry.artifact-resolver-strategy]' were supplied but are not used yet.
2025-07-31 20:44:28,575 INFO  [org.apa.kaf.com.uti.AppInfoParser] (main) Kafka version: 3.9.1
2025-07-31 20:44:28,575 INFO  [org.apa.kaf.com.uti.AppInfoParser] (main) Kafka commitId: f745dfdcee2b9851
2025-07-31 20:44:28,576 INFO  [org.apa.kaf.com.uti.AppInfoParser] (main) Kafka startTimeMs: 1753994668575
2025-07-31 20:44:28,576 INFO  [io.api.tes.ser.api.SimpleSerdesTesterBuilder$SimpleSerdesTester] (main) Using producer configuration: {apicurio.registry.url=http://registry-app-mysql.apps.ci419.apicurio-testing.org:80/apis/registry/v3, apicurio.registry.auto-register=true, apicurio.registry.artifact-resolver-strategy=io.apicurio.registry.serde.strategy.TopicIdStrategy, value.serializer=io.apicurio.registry.serde.protobuf.ProtobufKafkaSerializer, request.timeout.ms=5000, acks=all, bootstrap.servers=PLAINTEXT://localhost:32770, connections.max.idle.ms=10000, key.serializer=org.apache.kafka.common.serialization.StringSerializer, client.id=Producer-topic-b12a993b_f013_4f7a_8dcc_667a02393bc6}
2025-07-31 20:44:28,576 INFO  [io.api.tes.ser.api.SimpleSerdesTesterBuilder$SimpleSerdesTester] (main) Using consumer configuration: {apicurio.registry.deserializer.value.return-class=com.google.protobuf.DynamicMessage}
2025-07-31 20:44:28,577 INFO  [io.api.tes.ser.api.KafkaSerdesTester] (Thread-836) Sending message header {
  time {
  }
}
d1: 1.753994668577E12
s1: "a"
i1: 123
bi1: 1
point {
  longitude: 22.0
  latitude: 22.0
  altitude: 1.0
}
 to topic topic-b12a993b_f013_4f7a_8dcc_667a02393bc6
2025-07-31 20:44:28,600 WARN  [org.apa.kaf.cli.NetworkClient] (kafka-producer-network-thread | Producer-topic-b12a993b_f013_4f7a_8dcc_667a02393bc6) [Producer clientId=Producer-topic-b12a993b_f013_4f7a_8dcc_667a02393bc6] The metadata response from the cluster reported a recoverable issue with correlation id 2 : {topic-b12a993b_f013_4f7a_8dcc_667a02393bc6=LEADER_NOT_AVAILABLE}
2025-07-31 20:44:28,601 INFO  [org.apa.kaf.cli.Metadata] (kafka-producer-network-thread | Producer-topic-b12a993b_f013_4f7a_8dcc_667a02393bc6) [Producer clientId=Producer-topic-b12a993b_f013_4f7a_8dcc_667a02393bc6] Cluster ID: 6lKjf0w6TFCctmqQa8E77g
2025-07-31 20:44:28,602 INFO  [org.apa.kaf.cli.pro.int.TransactionManager] (kafka-producer-network-thread | Producer-topic-b12a993b_f013_4f7a_8dcc_667a02393bc6) [Producer clientId=Producer-topic-b12a993b_f013_4f7a_8dcc_667a02393bc6] ProducerId set to 43 with epoch 0
2025-07-31 20:44:29,008 INFO  [io.api.tes.ser.api.KafkaSerdesTester] (Thread-836) Sending message header {
  time {
  }
}
d1: 1.753994669008E12
s1: "a"
i1: 123
bi1: 1
point {
  longitude: 22.0
  latitude: 22.0
  altitude: 1.0
}
 to topic topic-b12a993b_f013_4f7a_8dcc_667a02393bc6
2025-07-31 20:44:29,118 INFO  [io.api.tes.ser.api.KafkaSerdesTester] (Thread-836) Sending message header {
  time {
  }
}
d1: 1.753994669118E12
s1: "a"
i1: 123
bi1: 1
point {
  longitude: 22.0
  latitude: 22.0
  altitude: 1.0
}
 to topic topic-b12a993b_f013_4f7a_8dcc_667a02393bc6
2025-07-31 20:44:29,225 INFO  [io.api.tes.ser.api.KafkaSerdesTester] (Thread-836) Sending message header {
  time {
  }
}
d1: 1.753994669224E12
s1: "a"
i1: 123
bi1: 1
point {
  longitude: 22.0
  latitude: 22.0
  altitude: 1.0
}
 to topic topic-b12a993b_f013_4f7a_8dcc_667a02393bc6
2025-07-31 20:44:29,329 INFO  [io.api.tes.ser.api.KafkaSerdesTester] (Thread-836) Sending message header {
  time {
  }
}
d1: 1.753994669329E12
s1: "a"
i1: 123
bi1: 1
point {
  longitude: 22.0
  latitude: 22.0
  altitude: 1.0
}
 to topic topic-b12a993b_f013_4f7a_8dcc_667a02393bc6
2025-07-31 20:44:29,441 INFO  [io.api.tes.ser.api.KafkaSerdesTester] (Thread-836) Sending message header {
  time {
  }
}
d1: 1.753994669441E12
s1: "a"
i1: 123
bi1: 1
point {
  longitude: 22.0
  latitude: 22.0
  altitude: 1.0
}
 to topic topic-b12a993b_f013_4f7a_8dcc_667a02393bc6
2025-07-31 20:44:29,556 INFO  [io.api.tes.ser.api.KafkaSerdesTester] (Thread-836) Sending message header {
  time {
  }
}
d1: 1.753994669555E12
s1: "a"
i1: 123
bi1: 1
point {
  longitude: 22.0
  latitude: 22.0
  altitude: 1.0
}
 to topic topic-b12a993b_f013_4f7a_8dcc_667a02393bc6
2025-07-31 20:44:29,666 INFO  [io.api.tes.ser.api.KafkaSerdesTester] (Thread-836) Sending message header {
  time {
  }
}
d1: 1.753994669666E12
s1: "a"
i1: 123
bi1: 1
point {
  longitude: 22.0
  latitude: 22.0
  altitude: 1.0
}
 to topic topic-b12a993b_f013_4f7a_8dcc_667a02393bc6
2025-07-31 20:44:29,777 INFO  [io.api.tes.ser.api.KafkaSerdesTester] (Thread-836) Sending message header {
  time {
  }
}
d1: 1.753994669777E12
s1: "a"
i1: 123
bi1: 1
point {
  longitude: 22.0
  latitude: 22.0
  altitude: 1.0
}
 to topic topic-b12a993b_f013_4f7a_8dcc_667a02393bc6
2025-07-31 20:44:29,894 INFO  [io.api.tes.ser.api.KafkaSerdesTester] (Thread-836) Sending message header {
  time {
  }
}
d1: 1.753994669894E12
s1: "a"
i1: 123
bi1: 1
point {
  longitude: 22.0
  latitude: 22.0
  altitude: 1.0
}
 to topic topic-b12a993b_f013_4f7a_8dcc_667a02393bc6
2025-07-31 20:44:29,999 INFO  [io.api.tes.ser.api.KafkaSerdesTester] (Thread-836) Produced 10 messages
2025-07-31 20:44:29,999 INFO  [org.apa.kaf.cli.pro.KafkaProducer] (Thread-836) [Producer clientId=Producer-topic-b12a993b_f013_4f7a_8dcc_667a02393bc6] Closing the Kafka producer with timeoutMillis = 9223372036854775807 ms.
2025-07-31 20:44:30,001 INFO  [org.apa.kaf.com.met.Metrics] (Thread-836) Metrics scheduler closed
2025-07-31 20:44:30,001 INFO  [org.apa.kaf.com.met.Metrics] (Thread-836) Closing reporter org.apache.kafka.common.metrics.JmxReporter
2025-07-31 20:44:30,001 INFO  [org.apa.kaf.com.met.Metrics] (Thread-836) Closing reporter org.apache.kafka.common.telemetry.internals.ClientTelemetryReporter
2025-07-31 20:44:30,001 INFO  [org.apa.kaf.com.met.Metrics] (Thread-836) Metrics reporters closed
2025-07-31 20:44:30,001 INFO  [org.apa.kaf.com.uti.AppInfoParser] (Thread-836) App info kafka.producer for Producer-topic-b12a993b_f013_4f7a_8dcc_667a02393bc6 unregistered
**** Registry Base URL: http://registry-app-mysql.apps.ci419.apicurio-testing.org:80
2025-07-31 20:44:30,158 INFO  [org.apa.kaf.cli.con.ConsumerConfig] (main) ConsumerConfig values: 
	allow.auto.create.topics = true
	auto.commit.interval.ms = 500
	auto.include.jmx.reporter = true
	auto.offset.reset = earliest
	bootstrap.servers = [PLAINTEXT://localhost:32770]
	check.crcs = true
	client.dns.lookup = use_all_dns_ips
	client.id = consumer-Consumer-topic-b12a993b_f013_4f7a_8dcc_667a02393bc6-33
	client.rack = 
	connections.max.idle.ms = 10000
	default.api.timeout.ms = 60000
	enable.auto.commit = true
	enable.metrics.push = true
	exclude.internal.topics = true
	fetch.max.bytes = 52428800
	fetch.max.wait.ms = 500
	fetch.min.bytes = 1
	group.id = Consumer-topic-b12a993b_f013_4f7a_8dcc_667a02393bc6
	group.instance.id = null
	group.protocol = classic
	group.remote.assignor = null
	heartbeat.interval.ms = 3000
	interceptor.classes = []
	internal.leave.group.on.close = true
	internal.throw.on.fetch.stable.offset.unsupported = false
	isolation.level = read_uncommitted
	key.deserializer = class org.apache.kafka.common.serialization.StringDeserializer
	max.partition.fetch.bytes = 1048576
	max.poll.interval.ms = 300000
	max.poll.records = 500
	metadata.max.age.ms = 300000
	metadata.recovery.strategy = none
	metric.reporters = []
	metrics.num.samples = 2
	metrics.recording.level = INFO
	metrics.sample.window.ms = 30000
	partition.assignment.strategy = [class org.apache.kafka.clients.consumer.RangeAssignor, class org.apache.kafka.clients.consumer.CooperativeStickyAssignor]
	receive.buffer.bytes = 65536
	reconnect.backoff.max.ms = 1000
	reconnect.backoff.ms = 50
	request.timeout.ms = 5000
	retry.backoff.max.ms = 1000
	retry.backoff.ms = 100
	sasl.client.callback.handler.class = null
	sasl.jaas.config = null
	sasl.kerberos.kinit.cmd = /usr/bin/kinit
	sasl.kerberos.min.time.before.relogin = 60000
	sasl.kerberos.service.name = null
	sasl.kerberos.ticket.renew.jitter = 0.05
	sasl.kerberos.ticket.renew.window.factor = 0.8
	sasl.login.callback.handler.class = null
	sasl.login.class = null
	sasl.login.connect.timeout.ms = null
	sasl.login.read.timeout.ms = null
	sasl.login.refresh.buffer.seconds = 300
	sasl.login.refresh.min.period.seconds = 60
	sasl.login.refresh.window.factor = 0.8
	sasl.login.refresh.window.jitter = 0.05
	sasl.login.retry.backoff.max.ms = 10000
	sasl.login.retry.backoff.ms = 100
	sasl.mechanism = GSSAPI
	sasl.oauthbearer.clock.skew.seconds = 30
	sasl.oauthbearer.expected.audience = null
	sasl.oauthbearer.expected.issuer = null
	sasl.oauthbearer.header.urlencode = false
	sasl.oauthbearer.jwks.endpoint.refresh.ms = 3600000
	sasl.oauthbearer.jwks.endpoint.retry.backoff.max.ms = 10000
	sasl.oauthbearer.jwks.endpoint.retry.backoff.ms = 100
	sasl.oauthbearer.jwks.endpoint.url = null
	sasl.oauthbearer.scope.claim.name = scope
	sasl.oauthbearer.sub.claim.name = sub
	sasl.oauthbearer.token.endpoint.url = null
	security.protocol = PLAINTEXT
	security.providers = null
	send.buffer.bytes = 131072
	session.timeout.ms = 45000
	socket.connection.setup.timeout.max.ms = 30000
	socket.connection.setup.timeout.ms = 10000
	ssl.cipher.suites = null
	ssl.enabled.protocols = [TLSv1.2, TLSv1.3]
	ssl.endpoint.identification.algorithm = https
	ssl.engine.factory.class = null
	ssl.key.password = null
	ssl.keymanager.algorithm = SunX509
	ssl.keystore.certificate.chain = null
	ssl.keystore.key = null
	ssl.keystore.location = null
	ssl.keystore.password = null
	ssl.keystore.type = JKS
	ssl.protocol = TLSv1.3
	ssl.provider = null
	ssl.secure.random.implementation = null
	ssl.trustmanager.algorithm = PKIX
	ssl.truststore.certificates = null
	ssl.truststore.location = null
	ssl.truststore.password = null
	ssl.truststore.type = JKS
	value.deserializer = class io.apicurio.registry.serde.protobuf.ProtobufKafkaDeserializer

2025-07-31 20:44:30,158 INFO  [org.apa.kaf.com.tel.int.KafkaMetricsCollector] (main) initializing Kafka metrics collector
2025-07-31 20:44:30,163 INFO  [org.apa.kaf.cli.con.ConsumerConfig] (main) These configurations '[apicurio.registry.deserializer.value.return-class, apicurio.registry.url]' were supplied but are not used yet.
2025-07-31 20:44:30,163 INFO  [org.apa.kaf.com.uti.AppInfoParser] (main) Kafka version: 3.9.1
2025-07-31 20:44:30,163 INFO  [org.apa.kaf.com.uti.AppInfoParser] (main) Kafka commitId: f745dfdcee2b9851
2025-07-31 20:44:30,163 INFO  [org.apa.kaf.com.uti.AppInfoParser] (main) Kafka startTimeMs: 1753994670163
2025-07-31 20:44:30,163 INFO  [org.apa.kaf.cli.con.int.ClassicKafkaConsumer] (Thread-839) [Consumer clientId=consumer-Consumer-topic-b12a993b_f013_4f7a_8dcc_667a02393bc6-33, groupId=Consumer-topic-b12a993b_f013_4f7a_8dcc_667a02393bc6] Subscribed to topic(s): topic-b12a993b_f013_4f7a_8dcc_667a02393bc6
2025-07-31 20:44:30,166 INFO  [org.apa.kaf.cli.Metadata] (Thread-839) [Consumer clientId=consumer-Consumer-topic-b12a993b_f013_4f7a_8dcc_667a02393bc6-33, groupId=Consumer-topic-b12a993b_f013_4f7a_8dcc_667a02393bc6] Cluster ID: 6lKjf0w6TFCctmqQa8E77g
2025-07-31 20:44:30,166 INFO  [org.apa.kaf.cli.con.int.ConsumerCoordinator] (Thread-839) [Consumer clientId=consumer-Consumer-topic-b12a993b_f013_4f7a_8dcc_667a02393bc6-33, groupId=Consumer-topic-b12a993b_f013_4f7a_8dcc_667a02393bc6] Discovered group coordinator localhost:32770 (id: 2147483647 rack: null)
2025-07-31 20:44:30,167 INFO  [org.apa.kaf.cli.con.int.ConsumerCoordinator] (Thread-839) [Consumer clientId=consumer-Consumer-topic-b12a993b_f013_4f7a_8dcc_667a02393bc6-33, groupId=Consumer-topic-b12a993b_f013_4f7a_8dcc_667a02393bc6] (Re-)joining group
2025-07-31 20:44:30,168 INFO  [org.apa.kaf.cli.con.int.ConsumerCoordinator] (Thread-839) [Consumer clientId=consumer-Consumer-topic-b12a993b_f013_4f7a_8dcc_667a02393bc6-33, groupId=Consumer-topic-b12a993b_f013_4f7a_8dcc_667a02393bc6] Request joining group due to: need to re-join with the given member-id: consumer-Consumer-topic-b12a993b_f013_4f7a_8dcc_667a02393bc6-33-8b718ec1-7c20-4e6c-85c1-e0d5dab93077
2025-07-31 20:44:30,169 INFO  [org.apa.kaf.cli.con.int.ConsumerCoordinator] (Thread-839) [Consumer clientId=consumer-Consumer-topic-b12a993b_f013_4f7a_8dcc_667a02393bc6-33, groupId=Consumer-topic-b12a993b_f013_4f7a_8dcc_667a02393bc6] (Re-)joining group
2025-07-31 20:44:30,170 INFO  [org.apa.kaf.cli.con.int.ConsumerCoordinator] (Thread-839) [Consumer clientId=consumer-Consumer-topic-b12a993b_f013_4f7a_8dcc_667a02393bc6-33, groupId=Consumer-topic-b12a993b_f013_4f7a_8dcc_667a02393bc6] Successfully joined group with generation Generation{generationId=1, memberId='consumer-Consumer-topic-b12a993b_f013_4f7a_8dcc_667a02393bc6-33-8b718ec1-7c20-4e6c-85c1-e0d5dab93077', protocol='range'}
2025-07-31 20:44:30,170 INFO  [org.apa.kaf.cli.con.int.ConsumerCoordinator] (Thread-839) [Consumer clientId=consumer-Consumer-topic-b12a993b_f013_4f7a_8dcc_667a02393bc6-33, groupId=Consumer-topic-b12a993b_f013_4f7a_8dcc_667a02393bc6] Finished assignment for group at generation 1: {consumer-Consumer-topic-b12a993b_f013_4f7a_8dcc_667a02393bc6-33-8b718ec1-7c20-4e6c-85c1-e0d5dab93077=Assignment(partitions=[topic-b12a993b_f013_4f7a_8dcc_667a02393bc6-0])}
2025-07-31 20:44:30,171 INFO  [org.apa.kaf.cli.con.int.ConsumerCoordinator] (Thread-839) [Consumer clientId=consumer-Consumer-topic-b12a993b_f013_4f7a_8dcc_667a02393bc6-33, groupId=Consumer-topic-b12a993b_f013_4f7a_8dcc_667a02393bc6] Successfully synced group in generation Generation{generationId=1, memberId='consumer-Consumer-topic-b12a993b_f013_4f7a_8dcc_667a02393bc6-33-8b718ec1-7c20-4e6c-85c1-e0d5dab93077', protocol='range'}
2025-07-31 20:44:30,172 INFO  [org.apa.kaf.cli.con.int.ConsumerCoordinator] (Thread-839) [Consumer clientId=consumer-Consumer-topic-b12a993b_f013_4f7a_8dcc_667a02393bc6-33, groupId=Consumer-topic-b12a993b_f013_4f7a_8dcc_667a02393bc6] Notifying assignor about the new Assignment(partitions=[topic-b12a993b_f013_4f7a_8dcc_667a02393bc6-0])
2025-07-31 20:44:30,172 INFO  [org.apa.kaf.cli.con.int.ConsumerRebalanceListenerInvoker] (Thread-839) [Consumer clientId=consumer-Consumer-topic-b12a993b_f013_4f7a_8dcc_667a02393bc6-33, groupId=Consumer-topic-b12a993b_f013_4f7a_8dcc_667a02393bc6] Adding newly assigned partitions: topic-b12a993b_f013_4f7a_8dcc_667a02393bc6-0
2025-07-31 20:44:30,172 INFO  [org.apa.kaf.cli.con.int.ConsumerCoordinator] (Thread-839) [Consumer clientId=consumer-Consumer-topic-b12a993b_f013_4f7a_8dcc_667a02393bc6-33, groupId=Consumer-topic-b12a993b_f013_4f7a_8dcc_667a02393bc6] Found no committed offset for partition topic-b12a993b_f013_4f7a_8dcc_667a02393bc6-0
2025-07-31 20:44:30,176 INFO  [org.apa.kaf.cli.con.int.SubscriptionState] (Thread-839) [Consumer clientId=consumer-Consumer-topic-b12a993b_f013_4f7a_8dcc_667a02393bc6-33, groupId=Consumer-topic-b12a993b_f013_4f7a_8dcc_667a02393bc6] Resetting offset for partition topic-b12a993b_f013_4f7a_8dcc_667a02393bc6-0 to position FetchPosition{offset=0, offsetEpoch=Optional.empty, currentLeader=LeaderAndEpoch{leader=Optional[localhost:32770 (id: 0 rack: null)], epoch=0}}.
2025-07-31 20:44:30,573 INFO  [io.api.tes.ser.api.KafkaSerdesTester] (Thread-839) topic-b12a993b_f013_4f7a_8dcc_667a02393bc6 0 0 header {
  time {
  }
}
d1: 1.753994668577E12
s1: "a"
i1: 123
bi1: 1
point {
  longitude: 22.0
  latitude: 22.0
  altitude: 1.0
}

2025-07-31 20:44:30,574 INFO  [io.api.tes.ser.api.KafkaSerdesTester] (Thread-839) topic-b12a993b_f013_4f7a_8dcc_667a02393bc6 0 1 header {
  time {
  }
}
d1: 1.753994669008E12
s1: "a"
i1: 123
bi1: 1
point {
  longitude: 22.0
  latitude: 22.0
  altitude: 1.0
}

2025-07-31 20:44:30,574 INFO  [io.api.tes.ser.api.KafkaSerdesTester] (Thread-839) topic-b12a993b_f013_4f7a_8dcc_667a02393bc6 0 2 header {
  time {
  }
}
d1: 1.753994669118E12
s1: "a"
i1: 123
bi1: 1
point {
  longitude: 22.0
  latitude: 22.0
  altitude: 1.0
}

2025-07-31 20:44:30,574 INFO  [io.api.tes.ser.api.KafkaSerdesTester] (Thread-839) topic-b12a993b_f013_4f7a_8dcc_667a02393bc6 0 3 header {
  time {
  }
}
d1: 1.753994669224E12
s1: "a"
i1: 123
bi1: 1
point {
  longitude: 22.0
  latitude: 22.0
  altitude: 1.0
}

2025-07-31 20:44:30,574 INFO  [io.api.tes.ser.api.KafkaSerdesTester] (Thread-839) topic-b12a993b_f013_4f7a_8dcc_667a02393bc6 0 4 header {
  time {
  }
}
d1: 1.753994669329E12
s1: "a"
i1: 123
bi1: 1
point {
  longitude: 22.0
  latitude: 22.0
  altitude: 1.0
}

2025-07-31 20:44:30,574 INFO  [io.api.tes.ser.api.KafkaSerdesTester] (Thread-839) topic-b12a993b_f013_4f7a_8dcc_667a02393bc6 0 5 header {
  time {
  }
}
d1: 1.753994669441E12
s1: "a"
i1: 123
bi1: 1
point {
  longitude: 22.0
  latitude: 22.0
  altitude: 1.0
}

2025-07-31 20:44:30,574 INFO  [io.api.tes.ser.api.KafkaSerdesTester] (Thread-839) topic-b12a993b_f013_4f7a_8dcc_667a02393bc6 0 6 header {
  time {
  }
}
d1: 1.753994669555E12
s1: "a"
i1: 123
bi1: 1
point {
  longitude: 22.0
  latitude: 22.0
  altitude: 1.0
}

2025-07-31 20:44:30,574 INFO  [io.api.tes.ser.api.KafkaSerdesTester] (Thread-839) topic-b12a993b_f013_4f7a_8dcc_667a02393bc6 0 7 header {
  time {
  }
}
d1: 1.753994669666E12
s1: "a"
i1: 123
bi1: 1
point {
  longitude: 22.0
  latitude: 22.0
  altitude: 1.0
}

2025-07-31 20:44:30,574 INFO  [io.api.tes.ser.api.KafkaSerdesTester] (Thread-839) topic-b12a993b_f013_4f7a_8dcc_667a02393bc6 0 8 header {
  time {
  }
}
d1: 1.753994669777E12
s1: "a"
i1: 123
bi1: 1
point {
  longitude: 22.0
  latitude: 22.0
  altitude: 1.0
}

2025-07-31 20:44:30,574 INFO  [io.api.tes.ser.api.KafkaSerdesTester] (Thread-839) topic-b12a993b_f013_4f7a_8dcc_667a02393bc6 0 9 header {
  time {
  }
}
d1: 1.753994669894E12
s1: "a"
i1: 123
bi1: 1
point {
  longitude: 22.0
  latitude: 22.0
  altitude: 1.0
}

2025-07-31 20:44:30,574 INFO  [io.api.tes.ser.api.KafkaSerdesTester] (Thread-839) Consumed 10 messages
2025-07-31 20:44:30,578 INFO  [org.apa.kaf.cli.con.int.ConsumerRebalanceListenerInvoker] (Thread-839) [Consumer clientId=consumer-Consumer-topic-b12a993b_f013_4f7a_8dcc_667a02393bc6-33, groupId=Consumer-topic-b12a993b_f013_4f7a_8dcc_667a02393bc6] Revoke previously assigned partitions topic-b12a993b_f013_4f7a_8dcc_667a02393bc6-0
2025-07-31 20:44:30,578 INFO  [org.apa.kaf.cli.con.int.ConsumerCoordinator] (Thread-839) [Consumer clientId=consumer-Consumer-topic-b12a993b_f013_4f7a_8dcc_667a02393bc6-33, groupId=Consumer-topic-b12a993b_f013_4f7a_8dcc_667a02393bc6] Member consumer-Consumer-topic-b12a993b_f013_4f7a_8dcc_667a02393bc6-33-8b718ec1-7c20-4e6c-85c1-e0d5dab93077 sending LeaveGroup request to coordinator localhost:32770 (id: 2147483647 rack: null) due to the consumer is being closed
2025-07-31 20:44:30,578 INFO  [org.apa.kaf.cli.con.int.ConsumerCoordinator] (Thread-839) [Consumer clientId=consumer-Consumer-topic-b12a993b_f013_4f7a_8dcc_667a02393bc6-33, groupId=Consumer-topic-b12a993b_f013_4f7a_8dcc_667a02393bc6] Resetting generation and member id due to: consumer pro-actively leaving the group
2025-07-31 20:44:30,578 INFO  [org.apa.kaf.cli.con.int.ConsumerCoordinator] (Thread-839) [Consumer clientId=consumer-Consumer-topic-b12a993b_f013_4f7a_8dcc_667a02393bc6-33, groupId=Consumer-topic-b12a993b_f013_4f7a_8dcc_667a02393bc6] Request joining group due to: consumer pro-actively leaving the group
2025-07-31 20:44:31,079 INFO  [org.apa.kaf.com.met.Metrics] (Thread-839) Metrics scheduler closed
2025-07-31 20:44:31,079 INFO  [org.apa.kaf.com.met.Metrics] (Thread-839) Closing reporter org.apache.kafka.common.metrics.JmxReporter
2025-07-31 20:44:31,079 INFO  [org.apa.kaf.com.met.Metrics] (Thread-839) Closing reporter org.apache.kafka.common.telemetry.internals.ClientTelemetryReporter
2025-07-31 20:44:31,079 INFO  [org.apa.kaf.com.met.Metrics] (Thread-839) Metrics reporters closed
2025-07-31 20:44:31,080 INFO  [org.apa.kaf.com.uti.AppInfoParser] (Thread-839) App info kafka.consumer for consumer-Consumer-topic-b12a993b_f013_4f7a_8dcc_667a02393bc6-33 unregistered
2025-07-31 20:44:31,160 INFO  [io.api.tes.uti.TestSeparator] (main) io.apicurio.tests.serdes.apicurio.ProtobufSerdeIT.testAutoRegisterDynamicMessageProtobufType-FINISHED
2025-07-31 20:44:31,160 INFO  [io.api.tes.uti.TestSeparator] (main) ############################################################################
Test passed: testAutoRegisterDynamicMessageProtobufType
]]></system-out>
  </testcase>
</testsuite>