<?xml version="1.0" encoding="UTF-8"?>
<testsuite xmlns:xsi="http://www.w3.org/2001/XMLSchema-instance" xsi:noNamespaceSchemaLocation="https://maven.apache.org/surefire/maven-failsafe-plugin/xsd/failsafe-test-report.xsd" version="3.0.2" name="io.apicurio.tests.serdes.apicurio.AvroSerdeIT" time="64.68" tests="21" errors="0" skipped="2" failures="0">
  <properties>
    <property name="java.specification.version" value="17"/>
    <property name="sun.jnu.encoding" value="UTF-8"/>
    <property name="java.class.path" value="/home/runner/work/apicurio-testing/apicurio-testing/clusters/ci419/namespaces/mysql/tests/integration/apicurio-registry/integration-tests/target/test-classes:/home/runner/work/apicurio-testing/apicurio-testing/clusters/ci419/namespaces/mysql/tests/integration/apicurio-registry/integration-tests/target/apicurio-registry-integration-tests-3.0.11-SNAPSHOT.jar:/home/runner/.m2/repository/io/quarkus/quarkus-junit5/3.20.1/quarkus-junit5-3.20.1.jar:/home/runner/.m2/repository/io/quarkus/quarkus-bootstrap-core/3.20.1/quarkus-bootstrap-core-3.20.1.jar:/home/runner/.m2/repository/io/quarkus/quarkus-classloader-commons/3.20.1/quarkus-classloader-commons-3.20.1.jar:/home/runner/.m2/repository/io/quarkus/quarkus-bootstrap-app-model/3.20.1/quarkus-bootstrap-app-model-3.20.1.jar:/home/runner/.m2/repository/io/smallrye/common/smallrye-common-io/2.12.0/smallrye-common-io-2.12.0.jar:/home/runner/.m2/repository/org/eclipse/sisu/org.eclipse.sisu.inject/0.9.0.M3/org.eclipse.sisu.inject-0.9.0.M3.jar:/home/runner/.m2/repository/io/quarkus/quarkus-test-common/3.20.1/quarkus-test-common-3.20.1.jar:/home/runner/.m2/repository/io/quarkus/quarkus-core-deployment/3.20.1/quarkus-core-deployment-3.20.1.jar:/home/runner/.m2/repository/org/aesh/readline/2.6/readline-2.6.jar:/home/runner/.m2/repository/org/fusesource/jansi/jansi/2.4.0/jansi-2.4.0.jar:/home/runner/.m2/repository/org/aesh/aesh/2.8.2/aesh-2.8.2.jar:/home/runner/.m2/repository/io/quarkus/gizmo/gizmo/1.8.0/gizmo-1.8.0.jar:/home/runner/.m2/repository/org/ow2/asm/asm-util/9.7.1/asm-util-9.7.1.jar:/home/runner/.m2/repository/org/ow2/asm/asm-analysis/9.7.1/asm-analysis-9.7.1.jar:/home/runner/.m2/repository/org/ow2/asm/asm-commons/9.7.1/asm-commons-9.7.1.jar:/home/runner/.m2/repository/org/ow2/asm/asm-tree/9.7.1/asm-tree-9.7.1.jar:/home/runner/.m2/repository/io/quarkus/quarkus-hibernate-validator-spi/3.20.1/quarkus-hibernate-validator-spi-3.20.1.jar:/home/runner/.m2/repository/io/quarkus/quarkus-class-change-agent/3.20.1/quarkus-class-change-agent-3.20.1.jar:/home/runner/.m2/repository/io/quarkus/quarkus-devtools-utilities/3.20.1/quarkus-devtools-utilities-3.20.1.jar:/home/runner/.m2/repository/io/quarkus/quarkus-builder/3.20.1/quarkus-builder-3.20.1.jar:/home/runner/.m2/repository/org/graalvm/sdk/nativeimage/23.1.2/nativeimage-23.1.2.jar:/home/runner/.m2/repository/org/graalvm/sdk/word/23.1.2/word-23.1.2.jar:/home/runner/.m2/repository/io/quarkus/quarkus-bootstrap-maven-resolver/3.20.1/quarkus-bootstrap-maven-resolver-3.20.1.jar:/home/runner/.m2/repository/io/smallrye/beanbag/smallrye-beanbag-maven/1.5.2/smallrye-beanbag-maven-1.5.2.jar:/home/runner/.m2/repository/io/smallrye/beanbag/smallrye-beanbag-sisu/1.5.2/smallrye-beanbag-sisu-1.5.2.jar:/home/runner/.m2/repository/io/smallrye/beanbag/smallrye-beanbag/1.5.2/smallrye-beanbag-1.5.2.jar:/home/runner/.m2/repository/javax/inject/javax.inject/1/javax.inject-1.jar:/home/runner/.m2/repository/org/apache/maven/maven-artifact/3.9.9/maven-artifact-3.9.9.jar:/home/runner/.m2/repository/org/apache/maven/maven-builder-support/3.9.9/maven-builder-support-3.9.9.jar:/home/runner/.m2/repository/org/apache/maven/maven-model/3.9.9/maven-model-3.9.9.jar:/home/runner/.m2/repository/org/apache/maven/maven-model-builder/3.9.9/maven-model-builder-3.9.9.jar:/home/runner/.m2/repository/org/apache/maven/maven-repository-metadata/3.9.9/maven-repository-metadata-3.9.9.jar:/home/runner/.m2/repository/org/apache/maven/maven-settings/3.9.9/maven-settings-3.9.9.jar:/home/runner/.m2/repository/org/apache/maven/resolver/maven-resolver-api/1.9.22/maven-resolver-api-1.9.22.jar:/home/runner/.m2/repository/org/apache/maven/resolver/maven-resolver-impl/1.9.22/maven-resolver-impl-1.9.22.jar:/home/runner/.m2/repository/org/apache/maven/resolver/maven-resolver-named-locks/1.9.22/maven-resolver-named-locks-1.9.22.jar:/home/runner/.m2/repository/org/apache/maven/resolver/maven-resolver-spi/1.9.22/maven-resolver-spi-1.9.22.jar:/home/runner/.m2/repository/org/apache/maven/resolver/maven-resolver-util/1.9.22/maven-resolver-util-1.9.22.jar:/home/runner/.m2/repository/org/apache/maven/resolver/maven-resolver-transport-http/1.9.20/maven-resolver-transport-http-1.9.20.jar:/home/runner/.m2/repository/org/apache/maven/wagon/wagon-provider-api/3.5.3/wagon-provider-api-3.5.3.jar:/home/runner/.m2/repository/org/apache/maven/wagon/wagon-http-shared/3.5.3/wagon-http-shared-3.5.3.jar:/home/runner/.m2/repository/org/codehaus/plexus/plexus-interpolation/1.26/plexus-interpolation-1.26.jar:/home/runner/.m2/repository/org/codehaus/plexus/plexus-utils/3.5.1/plexus-utils-3.5.1.jar:/home/runner/.m2/repository/org/codehaus/plexus/plexus-xml/4.0.1/plexus-xml-4.0.1.jar:/home/runner/.m2/repository/org/apache/maven/maven-xml-impl/4.0.0-alpha-5/maven-xml-impl-4.0.0-alpha-5.jar:/home/runner/.m2/repository/org/apache/maven/maven-api-xml/4.0.0-alpha-5/maven-api-xml-4.0.0-alpha-5.jar:/home/runner/.m2/repository/org/apache/maven/maven-api-meta/4.0.0-alpha-5/maven-api-meta-4.0.0-alpha-5.jar:/home/runner/.m2/repository/org/codehaus/plexus/plexus-cipher/2.0/plexus-cipher-2.0.jar:/home/runner/.m2/repository/org/codehaus/plexus/plexus-sec-dispatcher/2.0/plexus-sec-dispatcher-2.0.jar:/home/runner/.m2/repository/org/apache/maven/maven-embedder/3.9.9/maven-embedder-3.9.9.jar:/home/runner/.m2/repository/org/apache/maven/maven-core/3.9.9/maven-core-3.9.9.jar:/home/runner/.m2/repository/org/codehaus/plexus/plexus-component-annotations/2.1.0/plexus-component-annotations-2.1.0.jar:/home/runner/.m2/repository/org/apache/maven/maven-plugin-api/3.9.9/maven-plugin-api-3.9.9.jar:/home/runner/.m2/repository/org/apache/maven/shared/maven-shared-utils/3.4.2/maven-shared-utils-3.4.2.jar:/home/runner/.m2/repository/com/google/inject/guice/5.1.0/guice-5.1.0.jar:/home/runner/.m2/repository/aopalliance/aopalliance/1.0/aopalliance-1.0.jar:/home/runner/.m2/repository/org/codehaus/plexus/plexus-classworlds/2.6.0/plexus-classworlds-2.6.0.jar:/home/runner/.m2/repository/commons-cli/commons-cli/1.8.0/commons-cli-1.8.0.jar:/home/runner/.m2/repository/org/eclipse/sisu/org.eclipse.sisu.plexus/0.9.0.M3/org.eclipse.sisu.plexus-0.9.0.M3.jar:/home/runner/.m2/repository/org/apache/maven/maven-settings-builder/3.9.9/maven-settings-builder-3.9.9.jar:/home/runner/.m2/repository/org/apache/maven/maven-resolver-provider/3.9.9/maven-resolver-provider-3.9.9.jar:/home/runner/.m2/repository/org/apache/maven/resolver/maven-resolver-connector-basic/1.9.22/maven-resolver-connector-basic-1.9.22.jar:/home/runner/.m2/repository/org/apache/maven/resolver/maven-resolver-transport-wagon/1.9.22/maven-resolver-transport-wagon-1.9.22.jar:/home/runner/.m2/repository/org/apache/maven/wagon/wagon-http/3.5.3/wagon-http-3.5.3.jar:/home/runner/.m2/repository/org/apache/maven/wagon/wagon-file/3.5.3/wagon-file-3.5.3.jar:/home/runner/.m2/repository/io/quarkus/quarkus-bootstrap-gradle-resolver/3.20.1/quarkus-bootstrap-gradle-resolver-3.20.1.jar:/home/runner/.m2/repository/io/smallrye/jandex/3.3.0/jandex-3.3.0.jar:/home/runner/.m2/repository/org/jboss/logging/commons-logging-jboss-logging/1.0.0.Final/commons-logging-jboss-logging-1.0.0.Final.jar:/home/runner/.m2/repository/io/quarkus/quarkus-junit5-config/3.20.1/quarkus-junit5-config-3.20.1.jar:/home/runner/.m2/repository/org/junit/jupiter/junit-jupiter-api/5.12.1/junit-jupiter-api-5.12.1.jar:/home/runner/.m2/repository/io/smallrye/config/smallrye-config/3.11.4/smallrye-config-3.11.4.jar:/home/runner/.m2/repository/io/smallrye/config/smallrye-config-core/3.11.4/smallrye-config-core-3.11.4.jar:/home/runner/.m2/repository/io/smallrye/common/smallrye-common-classloader/2.12.0/smallrye-common-classloader-2.12.0.jar:/home/runner/.m2/repository/io/smallrye/config/smallrye-config-common/3.11.4/smallrye-config-common-3.11.4.jar:/home/runner/.m2/repository/org/junit/jupiter/junit-jupiter/5.12.1/junit-jupiter-5.12.1.jar:/home/runner/.m2/repository/org/junit/jupiter/junit-jupiter-params/5.12.1/junit-jupiter-params-5.12.1.jar:/home/runner/.m2/repository/org/junit/jupiter/junit-jupiter-engine/5.12.1/junit-jupiter-engine-5.12.1.jar:/home/runner/.m2/repository/io/quarkus/quarkus-core/3.20.1/quarkus-core-3.20.1.jar:/home/runner/.m2/repository/jakarta/enterprise/jakarta.enterprise.cdi-api/4.1.0/jakarta.enterprise.cdi-api-4.1.0.jar:/home/runner/.m2/repository/jakarta/enterprise/jakarta.enterprise.lang-model/4.1.0/jakarta.enterprise.lang-model-4.1.0.jar:/home/runner/.m2/repository/jakarta/el/jakarta.el-api/5.0.1/jakarta.el-api-5.0.1.jar:/home/runner/.m2/repository/jakarta/interceptor/jakarta.interceptor-api/2.2.0/jakarta.interceptor-api-2.2.0.jar:/home/runner/.m2/repository/jakarta/inject/jakarta.inject-api/2.0.1/jakarta.inject-api-2.0.1.jar:/home/runner/.m2/repository/io/smallrye/common/smallrye-common-os/2.12.0/smallrye-common-os-2.12.0.jar:/home/runner/.m2/repository/io/quarkus/quarkus-ide-launcher/3.20.1/quarkus-ide-launcher-3.20.1.jar:/home/runner/.m2/repository/io/quarkus/quarkus-development-mode-spi/3.20.1/quarkus-development-mode-spi-3.20.1.jar:/home/runner/.m2/repository/org/jboss/logging/jboss-logging/3.6.1.Final/jboss-logging-3.6.1.Final.jar:/home/runner/.m2/repository/org/jboss/logmanager/jboss-logmanager/3.1.2.Final/jboss-logmanager-3.1.2.Final.jar:/home/runner/.m2/repository/io/smallrye/common/smallrye-common-constraint/2.12.0/smallrye-common-constraint-2.12.0.jar:/home/runner/.m2/repository/io/smallrye/common/smallrye-common-cpu/2.12.0/smallrye-common-cpu-2.12.0.jar:/home/runner/.m2/repository/io/smallrye/common/smallrye-common-expression/2.12.0/smallrye-common-expression-2.12.0.jar:/home/runner/.m2/repository/io/smallrye/common/smallrye-common-net/2.12.0/smallrye-common-net-2.12.0.jar:/home/runner/.m2/repository/io/smallrye/common/smallrye-common-ref/2.12.0/smallrye-common-ref-2.12.0.jar:/home/runner/.m2/repository/jakarta/json/jakarta.json-api/2.1.3/jakarta.json-api-2.1.3.jar:/home/runner/.m2/repository/org/eclipse/parsson/parsson/1.1.7/parsson-1.1.7.jar:/home/runner/.m2/repository/org/jboss/logging/jboss-logging-annotations/3.0.4.Final/jboss-logging-annotations-3.0.4.Final.jar:/home/runner/.m2/repository/org/jboss/threads/jboss-threads/3.8.0.Final/jboss-threads-3.8.0.Final.jar:/home/runner/.m2/repository/io/smallrye/common/smallrye-common-annotation/2.12.0/smallrye-common-annotation-2.12.0.jar:/home/runner/.m2/repository/io/smallrye/common/smallrye-common-function/2.12.0/smallrye-common-function-2.12.0.jar:/home/runner/.m2/repository/org/jboss/slf4j/slf4j-jboss-logmanager/2.0.0.Final/slf4j-jboss-logmanager-2.0.0.Final.jar:/home/runner/.m2/repository/org/wildfly/common/wildfly-common/2.0.1/wildfly-common-2.0.1.jar:/home/runner/.m2/repository/io/quarkus/quarkus-bootstrap-runner/3.20.1/quarkus-bootstrap-runner-3.20.1.jar:/home/runner/.m2/repository/io/github/crac/org-crac/0.1.3/org-crac-0.1.3.jar:/home/runner/.m2/repository/io/quarkus/quarkus-fs-util/0.0.10/quarkus-fs-util-0.0.10.jar:/home/runner/.m2/repository/org/jboss/marshalling/jboss-marshalling/2.2.2.Final/jboss-marshalling-2.2.2.Final.jar:/home/runner/.m2/repository/io/fabric8/kubernetes-client/7.1.0/kubernetes-client-7.1.0.jar:/home/runner/.m2/repository/io/fabric8/kubernetes-client-api/7.1.0/kubernetes-client-api-7.1.0.jar:/home/runner/.m2/repository/io/fabric8/kubernetes-model-core/7.1.0/kubernetes-model-core-7.1.0.jar:/home/runner/.m2/repository/io/fabric8/kubernetes-model-common/7.1.0/kubernetes-model-common-7.1.0.jar:/home/runner/.m2/repository/javax/annotation/javax.annotation-api/1.3.2/javax.annotation-api-1.3.2.jar:/home/runner/.m2/repository/io/fabric8/kubernetes-model-gatewayapi/7.1.0/kubernetes-model-gatewayapi-7.1.0.jar:/home/runner/.m2/repository/io/fabric8/kubernetes-model-resource/7.1.0/kubernetes-model-resource-7.1.0.jar:/home/runner/.m2/repository/io/fabric8/kubernetes-model-rbac/7.1.0/kubernetes-model-rbac-7.1.0.jar:/home/runner/.m2/repository/io/fabric8/kubernetes-model-admissionregistration/7.1.0/kubernetes-model-admissionregistration-7.1.0.jar:/home/runner/.m2/repository/io/fabric8/kubernetes-model-apps/7.1.0/kubernetes-model-apps-7.1.0.jar:/home/runner/.m2/repository/io/fabric8/kubernetes-model-autoscaling/7.1.0/kubernetes-model-autoscaling-7.1.0.jar:/home/runner/.m2/repository/io/fabric8/kubernetes-model-apiextensions/7.1.0/kubernetes-model-apiextensions-7.1.0.jar:/home/runner/.m2/repository/io/fabric8/kubernetes-model-batch/7.1.0/kubernetes-model-batch-7.1.0.jar:/home/runner/.m2/repository/io/fabric8/kubernetes-model-certificates/7.1.0/kubernetes-model-certificates-7.1.0.jar:/home/runner/.m2/repository/io/fabric8/kubernetes-model-coordination/7.1.0/kubernetes-model-coordination-7.1.0.jar:/home/runner/.m2/repository/io/fabric8/kubernetes-model-discovery/7.1.0/kubernetes-model-discovery-7.1.0.jar:/home/runner/.m2/repository/io/fabric8/kubernetes-model-events/7.1.0/kubernetes-model-events-7.1.0.jar:/home/runner/.m2/repository/io/fabric8/kubernetes-model-extensions/7.1.0/kubernetes-model-extensions-7.1.0.jar:/home/runner/.m2/repository/io/fabric8/kubernetes-model-flowcontrol/7.1.0/kubernetes-model-flowcontrol-7.1.0.jar:/home/runner/.m2/repository/io/fabric8/kubernetes-model-networking/7.1.0/kubernetes-model-networking-7.1.0.jar:/home/runner/.m2/repository/io/fabric8/kubernetes-model-metrics/7.1.0/kubernetes-model-metrics-7.1.0.jar:/home/runner/.m2/repository/io/fabric8/kubernetes-model-policy/7.1.0/kubernetes-model-policy-7.1.0.jar:/home/runner/.m2/repository/io/fabric8/kubernetes-model-scheduling/7.1.0/kubernetes-model-scheduling-7.1.0.jar:/home/runner/.m2/repository/io/fabric8/kubernetes-model-storageclass/7.1.0/kubernetes-model-storageclass-7.1.0.jar:/home/runner/.m2/repository/io/fabric8/kubernetes-model-node/7.1.0/kubernetes-model-node-7.1.0.jar:/home/runner/.m2/repository/org/snakeyaml/snakeyaml-engine/2.9/snakeyaml-engine-2.9.jar:/home/runner/.m2/repository/com/fasterxml/jackson/dataformat/jackson-dataformat-yaml/2.15.2/jackson-dataformat-yaml-2.15.2.jar:/home/runner/.m2/repository/com/fasterxml/jackson/datatype/jackson-datatype-jsr310/2.18.2/jackson-datatype-jsr310-2.18.2.jar:/home/runner/.m2/repository/io/fabric8/zjsonpatch/7.1.0/zjsonpatch-7.1.0.jar:/home/runner/.m2/repository/io/fabric8/kubernetes-httpclient-vertx/7.1.0/kubernetes-httpclient-vertx-7.1.0.jar:/home/runner/.m2/repository/io/vertx/vertx-web-client/4.5.14/vertx-web-client-4.5.14.jar:/home/runner/.m2/repository/io/vertx/vertx-web-common/4.5.14/vertx-web-common-4.5.14.jar:/home/runner/.m2/repository/io/vertx/vertx-auth-common/4.5.14/vertx-auth-common-4.5.14.jar:/home/runner/.m2/repository/io/vertx/vertx-uri-template/4.5.14/vertx-uri-template-4.5.14.jar:/home/runner/.m2/repository/io/fabric8/openshift-client/7.1.0/openshift-client-7.1.0.jar:/home/runner/.m2/repository/io/fabric8/openshift-client-api/7.1.0/openshift-client-api-7.1.0.jar:/home/runner/.m2/repository/io/fabric8/openshift-model/7.1.0/openshift-model-7.1.0.jar:/home/runner/.m2/repository/io/fabric8/openshift-model-autoscaling/7.1.0/openshift-model-autoscaling-7.1.0.jar:/home/runner/.m2/repository/io/fabric8/openshift-model-operator/7.1.0/openshift-model-operator-7.1.0.jar:/home/runner/.m2/repository/io/fabric8/openshift-model-operatorhub/7.1.0/openshift-model-operatorhub-7.1.0.jar:/home/runner/.m2/repository/io/fabric8/openshift-model-machine/7.1.0/openshift-model-machine-7.1.0.jar:/home/runner/.m2/repository/io/fabric8/openshift-model-whereabouts/7.1.0/openshift-model-whereabouts-7.1.0.jar:/home/runner/.m2/repository/io/fabric8/openshift-model-monitoring/7.1.0/openshift-model-monitoring-7.1.0.jar:/home/runner/.m2/repository/io/fabric8/openshift-model-storageversionmigrator/7.1.0/openshift-model-storageversionmigrator-7.1.0.jar:/home/runner/.m2/repository/io/fabric8/openshift-model-tuned/7.1.0/openshift-model-tuned-7.1.0.jar:/home/runner/.m2/repository/io/fabric8/openshift-model-console/7.1.0/openshift-model-console-7.1.0.jar:/home/runner/.m2/repository/io/fabric8/openshift-model-config/7.1.0/openshift-model-config-7.1.0.jar:/home/runner/.m2/repository/io/fabric8/openshift-model-machineconfiguration/7.1.0/openshift-model-machineconfiguration-7.1.0.jar:/home/runner/.m2/repository/io/fabric8/openshift-model-miscellaneous/7.1.0/openshift-model-miscellaneous-7.1.0.jar:/home/runner/.m2/repository/io/fabric8/openshift-model-hive/7.1.0/openshift-model-hive-7.1.0.jar:/home/runner/.m2/repository/io/fabric8/openshift-model-installer/7.1.0/openshift-model-installer-7.1.0.jar:/home/runner/.m2/repository/org/junit/platform/junit-platform-launcher/1.12.1/junit-platform-launcher-1.12.1.jar:/home/runner/.m2/repository/org/junit/platform/junit-platform-engine/1.12.1/junit-platform-engine-1.12.1.jar:/home/runner/.m2/repository/org/opentest4j/opentest4j/1.3.0/opentest4j-1.3.0.jar:/home/runner/.m2/repository/org/junit/platform/junit-platform-commons/1.12.1/junit-platform-commons-1.12.1.jar:/home/runner/.m2/repository/org/apiguardian/apiguardian-api/1.1.2/apiguardian-api-1.1.2.jar:/home/runner/.m2/repository/jakarta/ws/rs/jakarta.ws.rs-api/3.1.0/jakarta.ws.rs-api-3.1.0.jar:/home/runner/work/apicurio-testing/apicurio-testing/clusters/ci419/namespaces/mysql/tests/integration/apicurio-registry/java-sdk/target/apicurio-registry-java-sdk-3.0.11-SNAPSHOT.jar:/home/runner/.m2/repository/com/microsoft/kiota/microsoft-kiota-abstractions/1.8.8/microsoft-kiota-abstractions-1.8.8.jar:/home/runner/.m2/repository/io/github/std-uritemplate/std-uritemplate/2.0.0/std-uritemplate-2.0.0.jar:/home/runner/.m2/repository/io/kiota/kiota-http-jdk/0.0.21/kiota-http-jdk-0.0.21.jar:/home/runner/.m2/repository/io/kiota/kiota-http-vertx/0.0.21/kiota-http-vertx-0.0.21.jar:/home/runner/.m2/repository/io/kiota/kiota-serialization-jackson/0.0.21/kiota-serialization-jackson-0.0.21.jar:/home/runner/.m2/repository/com/microsoft/kiota/microsoft-kiota-serialization-text/1.8.8/microsoft-kiota-serialization-text-1.8.8.jar:/home/runner/.m2/repository/com/microsoft/kiota/microsoft-kiota-serialization-form/1.8.8/microsoft-kiota-serialization-form-1.8.8.jar:/home/runner/.m2/repository/com/microsoft/kiota/microsoft-kiota-serialization-multipart/1.8.8/microsoft-kiota-serialization-multipart-1.8.8.jar:/home/runner/.m2/repository/jakarta/annotation/jakarta.annotation-api/3.0.0/jakarta.annotation-api-3.0.0.jar:/home/runner/.m2/repository/io/vertx/vertx-auth-oauth2/4.5.14/vertx-auth-oauth2-4.5.14.jar:/home/runner/work/apicurio-testing/apicurio-testing/clusters/ci419/namespaces/mysql/tests/integration/apicurio-registry/java-sdk-v2/target/apicurio-registry-v2-java-sdk-3.0.11-SNAPSHOT.jar:/home/runner/work/apicurio-testing/apicurio-testing/clusters/ci419/namespaces/mysql/tests/integration/apicurio-registry/utils/kafka/target/apicurio-registry-utils-kafka-3.0.11-SNAPSHOT-tests.jar:/home/runner/.m2/repository/org/eclipse/microprofile/config/microprofile-config-api/3.1/microprofile-config-api-3.1.jar:/home/runner/.m2/repository/org/apache/kafka/kafka-clients/3.9.1/kafka-clients-3.9.1.jar:/home/runner/.m2/repository/com/github/luben/zstd-jni/1.5.6-4/zstd-jni-1.5.6-4.jar:/home/runner/.m2/repository/org/lz4/lz4-java/1.8.0/lz4-java-1.8.0.jar:/home/runner/.m2/repository/org/xerial/snappy/snappy-java/1.1.10.5/snappy-java-1.1.10.5.jar:/home/runner/.m2/repository/org/slf4j/slf4j-api/2.0.6/slf4j-api-2.0.6.jar:/home/runner/work/apicurio-testing/apicurio-testing/clusters/ci419/namespaces/mysql/tests/integration/apicurio-registry/utils/tests/target/apicurio-registry-utils-tests-3.0.11-SNAPSHOT.jar:/home/runner/work/apicurio-testing/apicurio-testing/clusters/ci419/namespaces/mysql/tests/integration/apicurio-registry/common/target/apicurio-registry-common-3.0.11-SNAPSHOT.jar:/home/runner/.m2/repository/jakarta/validation/jakarta.validation-api/3.0.2/jakarta.validation-api-3.0.2.jar:/home/runner/.m2/repository/com/github/dasniko/testcontainers-keycloak/3.6.0/testcontainers-keycloak-3.6.0.jar:/home/runner/.m2/repository/org/testcontainers/testcontainers/1.20.6/testcontainers-1.20.6.jar:/home/runner/.m2/repository/org/rnorth/duct-tape/duct-tape/1.0.8/duct-tape-1.0.8.jar:/home/runner/.m2/repository/org/jetbrains/annotations/26.0.2/annotations-26.0.2.jar:/home/runner/.m2/repository/com/github/docker-java/docker-java-transport-zerodep/3.4.1/docker-java-transport-zerodep-3.4.1.jar:/home/runner/.m2/repository/com/github/docker-java/docker-java-transport/3.4.1/docker-java-transport-3.4.1.jar:/home/runner/.m2/repository/net/java/dev/jna/jna/5.8.0/jna-5.8.0.jar:/home/runner/.m2/repository/io/quarkus/quarkus-junit4-mock/3.20.1/quarkus-junit4-mock-3.20.1.jar:/home/runner/.m2/repository/org/jboss/shrinkwrap/shrinkwrap-api/2.0.0-beta-2/shrinkwrap-api-2.0.0-beta-2.jar:/home/runner/.m2/repository/org/jboss/shrinkwrap/shrinkwrap-impl-base/2.0.0-beta-2/shrinkwrap-impl-base-2.0.0-beta-2.jar:/home/runner/.m2/repository/org/jboss/shrinkwrap/shrinkwrap-spi/2.0.0-beta-2/shrinkwrap-spi-2.0.0-beta-2.jar:/home/runner/.m2/repository/org/keycloak/keycloak-admin-client/26.0.4/keycloak-admin-client-26.0.4.jar:/home/runner/.m2/repository/org/keycloak/keycloak-client-common-synced/26.0.4/keycloak-client-common-synced-26.0.4.jar:/home/runner/.m2/repository/jakarta/activation/jakarta.activation-api/2.1.3/jakarta.activation-api-2.1.3.jar:/home/runner/.m2/repository/org/eclipse/microprofile/openapi/microprofile-openapi-api/4.0.2/microprofile-openapi-api-4.0.2.jar:/home/runner/.m2/repository/org/jboss/resteasy/resteasy-client/6.2.12.Final/resteasy-client-6.2.12.Final.jar:/home/runner/.m2/repository/org/jboss/resteasy/resteasy-client-api/6.2.12.Final/resteasy-client-api-6.2.12.Final.jar:/home/runner/.m2/repository/org/jboss/resteasy/resteasy-core-spi/6.2.12.Final/resteasy-core-spi-6.2.12.Final.jar:/home/runner/.m2/repository/org/jboss/resteasy/resteasy-core/6.2.12.Final/resteasy-core-6.2.12.Final.jar:/home/runner/.m2/repository/org/eclipse/angus/angus-activation/2.0.2/angus-activation-2.0.2.jar:/home/runner/.m2/repository/com/ibm/async/asyncutil/0.1.0/asyncutil-0.1.0.jar:/home/runner/.m2/repository/org/reactivestreams/reactive-streams/1.0.4/reactive-streams-1.0.4.jar:/home/runner/.m2/repository/org/jboss/resteasy/resteasy-multipart-provider/6.2.12.Final/resteasy-multipart-provider-6.2.12.Final.jar:/home/runner/.m2/repository/jakarta/mail/jakarta.mail-api/2.1.3/jakarta.mail-api-2.1.3.jar:/home/runner/.m2/repository/org/eclipse/angus/angus-mail/2.0.3/angus-mail-2.0.3.jar:/home/runner/.m2/repository/org/apache/james/apache-mime4j-dom/0.8.12/apache-mime4j-dom-0.8.12.jar:/home/runner/.m2/repository/org/apache/james/apache-mime4j-core/0.8.12/apache-mime4j-core-0.8.12.jar:/home/runner/.m2/repository/org/apache/james/apache-mime4j-storage/0.8.12/apache-mime4j-storage-0.8.12.jar:/home/runner/.m2/repository/org/jboss/resteasy/resteasy-jackson2-provider/6.2.12.Final/resteasy-jackson2-provider-6.2.12.Final.jar:/home/runner/.m2/repository/com/fasterxml/jackson/jakarta/rs/jackson-jakarta-rs-base/2.18.2/jackson-jakarta-rs-base-2.18.2.jar:/home/runner/.m2/repository/com/fasterxml/jackson/jakarta/rs/jackson-jakarta-rs-json-provider/2.18.2/jackson-jakarta-rs-json-provider-2.18.2.jar:/home/runner/.m2/repository/com/fasterxml/jackson/module/jackson-module-jakarta-xmlbind-annotations/2.18.2/jackson-module-jakarta-xmlbind-annotations-2.18.2.jar:/home/runner/.m2/repository/com/github/java-json-tools/json-patch/1.13/json-patch-1.13.jar:/home/runner/.m2/repository/com/github/java-json-tools/msg-simple/1.2/msg-simple-1.2.jar:/home/runner/.m2/repository/com/github/java-json-tools/btf/1.3/btf-1.3.jar:/home/runner/.m2/repository/com/github/java-json-tools/jackson-coreutils/2.0/jackson-coreutils-2.0.jar:/home/runner/.m2/repository/org/jboss/resteasy/resteasy-jaxb-provider/6.2.12.Final/resteasy-jaxb-provider-6.2.12.Final.jar:/home/runner/.m2/repository/org/glassfish/jaxb/codemodel/4.0.5/codemodel-4.0.5.jar:/home/runner/.m2/repository/org/glassfish/jaxb/jaxb-core/4.0.5/jaxb-core-4.0.5.jar:/home/runner/.m2/repository/org/glassfish/jaxb/jaxb-jxc/4.0.5/jaxb-jxc-4.0.5.jar:/home/runner/.m2/repository/org/glassfish/jaxb/jaxb-runtime/4.0.5/jaxb-runtime-4.0.5.jar:/home/runner/.m2/repository/org/glassfish/jaxb/txw2/4.0.5/txw2-4.0.5.jar:/home/runner/.m2/repository/org/glassfish/jaxb/jaxb-xjc/4.0.5/jaxb-xjc-4.0.5.jar:/home/runner/.m2/repository/org/glassfish/jaxb/xsom/4.0.5/xsom-4.0.5.jar:/home/runner/.m2/repository/com/sun/istack/istack-commons-runtime/4.1.2/istack-commons-runtime-4.1.2.jar:/home/runner/.m2/repository/com/sun/istack/istack-commons-tools/4.1.2/istack-commons-tools-4.1.2.jar:/home/runner/.m2/repository/com/sun/xml/bind/external/relaxng-datatype/4.0.5/relaxng-datatype-4.0.5.jar:/home/runner/.m2/repository/com/sun/xml/bind/external/rngom/4.0.5/rngom-4.0.5.jar:/home/runner/.m2/repository/org/testcontainers/mssqlserver/1.20.6/mssqlserver-1.20.6.jar:/home/runner/.m2/repository/org/testcontainers/jdbc/1.20.6/jdbc-1.20.6.jar:/home/runner/.m2/repository/org/testcontainers/database-commons/1.20.6/database-commons-1.20.6.jar:/home/runner/.m2/repository/org/testcontainers/mysql/1.20.6/mysql-1.20.6.jar:/home/runner/.m2/repository/io/strimzi/strimzi-test-container/0.107.0/strimzi-test-container-0.107.0.jar:/home/runner/.m2/repository/org/testcontainers/toxiproxy/1.20.6/toxiproxy-1.20.6.jar:/home/runner/.m2/repository/com/github/docker-java/docker-java-api/3.4.1/docker-java-api-3.4.1.jar:/home/runner/.m2/repository/eu/rekawek/toxiproxy/toxiproxy-java/2.1.7/toxiproxy-java-2.1.7.jar:/home/runner/.m2/repository/junit/junit/4.13.2/junit-4.13.2.jar:/home/runner/.m2/repository/org/hamcrest/hamcrest-core/1.3/hamcrest-core-1.3.jar:/home/runner/.m2/repository/org/testcontainers/pulsar/1.20.4/pulsar-1.20.4.jar:/home/runner/.m2/repository/io/debezium/debezium-testing-testcontainers/2.6.2.Final/debezium-testing-testcontainers-2.6.2.Final.jar:/home/runner/.m2/repository/org/testcontainers/kafka/1.20.6/kafka-1.20.6.jar:/home/runner/.m2/repository/com/squareup/okhttp3/okhttp/4.8.1/okhttp-4.8.1.jar:/home/runner/.m2/repository/com/squareup/okio/okio/3.10.2/okio-3.10.2.jar:/home/runner/.m2/repository/com/squareup/okio/okio-jvm/3.10.2/okio-jvm-3.10.2.jar:/home/runner/.m2/repository/org/jetbrains/kotlin/kotlin-stdlib/2.0.21/kotlin-stdlib-2.0.21.jar:/home/runner/.m2/repository/org/awaitility/awaitility/4.2.2/awaitility-4.2.2.jar:/home/runner/.m2/repository/org/testcontainers/mongodb/1.20.6/mongodb-1.20.6.jar:/home/runner/.m2/repository/org/testcontainers/oracle-xe/1.20.6/oracle-xe-1.20.6.jar:/home/runner/.m2/repository/org/testcontainers/postgresql/1.20.6/postgresql-1.20.6.jar:/home/runner/.m2/repository/org/wiremock/wiremock/3.0.1/wiremock-3.0.1.jar:/home/runner/.m2/repository/org/eclipse/jetty/jetty-server/11.0.15/jetty-server-11.0.15.jar:/home/runner/.m2/repository/org/eclipse/jetty/toolchain/jetty-jakarta-servlet-api/5.0.2/jetty-jakarta-servlet-api-5.0.2.jar:/home/runner/.m2/repository/org/eclipse/jetty/jetty-http/11.0.15/jetty-http-11.0.15.jar:/home/runner/.m2/repository/org/eclipse/jetty/jetty-io/11.0.15/jetty-io-11.0.15.jar:/home/runner/.m2/repository/org/eclipse/jetty/jetty-servlet/11.0.15/jetty-servlet-11.0.15.jar:/home/runner/.m2/repository/org/eclipse/jetty/jetty-security/11.0.15/jetty-security-11.0.15.jar:/home/runner/.m2/repository/org/eclipse/jetty/jetty-servlets/11.0.15/jetty-servlets-11.0.15.jar:/home/runner/.m2/repository/org/eclipse/jetty/jetty-util/11.0.15/jetty-util-11.0.15.jar:/home/runner/.m2/repository/org/eclipse/jetty/jetty-webapp/11.0.15/jetty-webapp-11.0.15.jar:/home/runner/.m2/repository/org/eclipse/jetty/jetty-xml/11.0.15/jetty-xml-11.0.15.jar:/home/runner/.m2/repository/org/eclipse/jetty/jetty-proxy/11.0.15/jetty-proxy-11.0.15.jar:/home/runner/.m2/repository/org/eclipse/jetty/jetty-client/11.0.15/jetty-client-11.0.15.jar:/home/runner/.m2/repository/org/eclipse/jetty/http2/http2-server/11.0.15/http2-server-11.0.15.jar:/home/runner/.m2/repository/org/eclipse/jetty/http2/http2-common/11.0.15/http2-common-11.0.15.jar:/home/runner/.m2/repository/org/eclipse/jetty/http2/http2-hpack/11.0.15/http2-hpack-11.0.15.jar:/home/runner/.m2/repository/org/eclipse/jetty/jetty-alpn-server/11.0.15/jetty-alpn-server-11.0.15.jar:/home/runner/.m2/repository/org/eclipse/jetty/jetty-alpn-java-server/11.0.15/jetty-alpn-java-server-11.0.15.jar:/home/runner/.m2/repository/org/eclipse/jetty/jetty-alpn-java-client/11.0.15/jetty-alpn-java-client-11.0.15.jar:/home/runner/.m2/repository/org/eclipse/jetty/jetty-alpn-client/11.0.15/jetty-alpn-client-11.0.15.jar:/home/runner/.m2/repository/org/apache/httpcomponents/client5/httpclient5/5.2.1/httpclient5-5.2.1.jar:/home/runner/.m2/repository/org/apache/httpcomponents/core5/httpcore5/5.2/httpcore5-5.2.jar:/home/runner/.m2/repository/org/apache/httpcomponents/core5/httpcore5-h2/5.2/httpcore5-h2-5.2.jar:/home/runner/.m2/repository/org/xmlunit/xmlunit-core/2.9.1/xmlunit-core-2.9.1.jar:/home/runner/.m2/repository/jakarta/xml/bind/jakarta.xml.bind-api/4.0.2/jakarta.xml.bind-api-4.0.2.jar:/home/runner/.m2/repository/org/xmlunit/xmlunit-legacy/2.9.1/xmlunit-legacy-2.9.1.jar:/home/runner/.m2/repository/org/xmlunit/xmlunit-placeholders/2.9.1/xmlunit-placeholders-2.9.1.jar:/home/runner/.m2/repository/net/javacrumbs/json-unit/json-unit-core/2.38.0/json-unit-core-2.38.0.jar:/home/runner/.m2/repository/com/jayway/jsonpath/json-path/2.8.0/json-path-2.8.0.jar:/home/runner/.m2/repository/net/minidev/json-smart/2.4.10/json-smart-2.4.10.jar:/home/runner/.m2/repository/net/minidev/accessors-smart/2.4.9/accessors-smart-2.4.9.jar:/home/runner/.m2/repository/org/ow2/asm/asm/9.7.1/asm-9.7.1.jar:/home/runner/.m2/repository/net/sf/jopt-simple/jopt-simple/5.0.4/jopt-simple-5.0.4.jar:/home/runner/.m2/repository/com/github/jknack/handlebars/4.3.1/handlebars-4.3.1.jar:/home/runner/.m2/repository/com/github/jknack/handlebars-helpers/4.3.1/handlebars-helpers-4.3.1.jar:/home/runner/.m2/repository/commons-fileupload/commons-fileupload/1.5/commons-fileupload-1.5.jar:/home/runner/.m2/repository/com/networknt/json-schema-validator/1.5.5/json-schema-validator-1.5.5.jar:/home/runner/.m2/repository/com/ethlo/time/itu/1.10.3/itu-1.10.3.jar:/home/runner/.m2/repository/io/quarkus/quarkus-smallrye-jwt-build/3.20.1/quarkus-smallrye-jwt-build-3.20.1.jar:/home/runner/.m2/repository/io/smallrye/smallrye-jwt-build/4.6.1/smallrye-jwt-build-4.6.1.jar:/home/runner/.m2/repository/org/eclipse/microprofile/jwt/microprofile-jwt-auth-api/2.1/microprofile-jwt-auth-api-2.1.jar:/home/runner/.m2/repository/org/bitbucket/b_c/jose4j/0.9.6/jose4j-0.9.6.jar:/home/runner/.m2/repository/io/smallrye/smallrye-jwt-common/4.6.1/smallrye-jwt-common-4.6.1.jar:/home/runner/.m2/repository/io/quarkus/quarkus-jsonp/3.20.1/quarkus-jsonp-3.20.1.jar:/home/runner/.m2/repository/io/quarkus/quarkus-arc/3.20.1/quarkus-arc-3.20.1.jar:/home/runner/.m2/repository/io/quarkus/arc/arc/3.20.1/arc-3.20.1.jar:/home/runner/.m2/repository/jakarta/transaction/jakarta.transaction-api/2.0.1/jakarta.transaction-api-2.0.1.jar:/home/runner/.m2/repository/io/smallrye/reactive/mutiny/2.8.0/mutiny-2.8.0.jar:/home/runner/.m2/repository/org/jctools/jctools-core/4.0.5/jctools-core-4.0.5.jar:/home/runner/.m2/repository/org/eclipse/microprofile/context-propagation/microprofile-context-propagation-api/1.3/microprofile-context-propagation-api-1.3.jar:/home/runner/.m2/repository/io/apicurio/apicurio-common-rest-client-common/0.1.18.Final/apicurio-common-rest-client-common-0.1.18.Final.jar:/home/runner/work/apicurio-testing/apicurio-testing/clusters/ci419/namespaces/mysql/tests/integration/apicurio-registry/utils/maven-plugin/target/apicurio-registry-maven-plugin-3.0.11-SNAPSHOT.jar:/home/runner/.m2/repository/com/fasterxml/jackson/core/jackson-databind/2.18.2/jackson-databind-2.18.2.jar:/home/runner/.m2/repository/org/apache/avro/avro/1.12.0/avro-1.12.0.jar:/home/runner/.m2/repository/com/google/protobuf/protobuf-java/4.31.1/protobuf-java-4.31.1.jar:/home/runner/.m2/repository/com/google/protobuf/protobuf-java-util/4.31.1/protobuf-java-util-4.31.1.jar:/home/runner/.m2/repository/com/google/code/findbugs/jsr305/3.0.2/jsr305-3.0.2.jar:/home/runner/.m2/repository/com/google/code/gson/gson/2.12.1/gson-2.12.1.jar:/home/runner/.m2/repository/com/google/errorprone/error_prone_annotations/2.36.0/error_prone_annotations-2.36.0.jar:/home/runner/.m2/repository/com/google/j2objc/j2objc-annotations/2.8/j2objc-annotations-2.8.jar:/home/runner/work/apicurio-testing/apicurio-testing/clusters/ci419/namespaces/mysql/tests/integration/apicurio-registry/schema-util/util-provider/target/apicurio-registry-schema-util-provider-3.0.11-SNAPSHOT.jar:/home/runner/work/apicurio-testing/apicurio-testing/clusters/ci419/namespaces/mysql/tests/integration/apicurio-registry/schema-util/common/target/apicurio-registry-schema-util-common-3.0.11-SNAPSHOT.jar:/home/runner/.m2/repository/com/fasterxml/jackson/module/jackson-module-parameter-names/2.18.2/jackson-module-parameter-names-2.18.2.jar:/home/runner/.m2/repository/com/fasterxml/jackson/datatype/jackson-datatype-json-org/2.18.2/jackson-datatype-json-org-2.18.2.jar:/home/runner/work/apicurio-testing/apicurio-testing/clusters/ci419/namespaces/mysql/tests/integration/apicurio-registry/schema-util/json/target/apicurio-registry-schema-util-json-3.0.11-SNAPSHOT.jar:/home/runner/.m2/repository/com/github/erosb/everit-json-schema/1.14.5/everit-json-schema-1.14.5.jar:/home/runner/.m2/repository/commons-validator/commons-validator/1.9.0/commons-validator-1.9.0.jar:/home/runner/.m2/repository/commons-digester/commons-digester/2.1/commons-digester-2.1.jar:/home/runner/.m2/repository/commons-collections/commons-collections/3.2.2/commons-collections-3.2.2.jar:/home/runner/.m2/repository/com/damnhandy/handy-uri-templates/2.1.8/handy-uri-templates-2.1.8.jar:/home/runner/.m2/repository/joda-time/joda-time/2.10.2/joda-time-2.10.2.jar:/home/runner/.m2/repository/com/github/erosb/json-sKema/0.20.0/json-sKema-0.20.0.jar:/home/runner/.m2/repository/io/vertx/vertx-json-schema/4.5.14/vertx-json-schema-4.5.14.jar:/home/runner/work/apicurio-testing/apicurio-testing/clusters/ci419/namespaces/mysql/tests/integration/apicurio-registry/schema-util/protobuf/target/apicurio-registry-schema-util-protobuf-3.0.11-SNAPSHOT.jar:/home/runner/work/apicurio-testing/apicurio-testing/clusters/ci419/namespaces/mysql/tests/integration/apicurio-registry/utils/protobuf-schema-utilities/target/apicurio-registry-protobuf-schema-utilities-3.0.11-SNAPSHOT.jar:/home/runner/.m2/repository/com/google/api/grpc/proto-google-common-protos/2.52.0/proto-google-common-protos-2.52.0.jar:/home/runner/.m2/repository/com/squareup/wire/wire-schema-jvm/5.3.3/wire-schema-jvm-5.3.3.jar:/home/runner/.m2/repository/com/palantir/javapoet/javapoet/0.6.0/javapoet-0.6.0.jar:/home/runner/.m2/repository/com/squareup/kotlinpoet-jvm/2.0.0/kotlinpoet-jvm-2.0.0.jar:/home/runner/.m2/repository/org/jetbrains/kotlin/kotlin-reflect/2.0.21/kotlin-reflect-2.0.21.jar:/home/runner/.m2/repository/com/squareup/wire/wire-runtime-jvm/5.3.3/wire-runtime-jvm-5.3.3.jar:/home/runner/.m2/repository/com/ibm/icu/icu4j/76.1/icu4j-76.1.jar:/home/runner/.m2/repository/com/squareup/okio/okio-fakefilesystem/3.10.2/okio-fakefilesystem-3.10.2.jar:/home/runner/.m2/repository/com/squareup/okio/okio-fakefilesystem-jvm/3.10.2/okio-fakefilesystem-jvm-3.10.2.jar:/home/runner/.m2/repository/org/jetbrains/kotlinx/kotlinx-datetime-jvm/0.6.1/kotlinx-datetime-jvm-0.6.1.jar:/home/runner/work/apicurio-testing/apicurio-testing/clusters/ci419/namespaces/mysql/tests/integration/apicurio-registry/schema-util/asyncapi/target/apicurio-registry-schema-util-asyncapi-3.0.11-SNAPSHOT.jar:/home/runner/work/apicurio-testing/apicurio-testing/clusters/ci419/namespaces/mysql/tests/integration/apicurio-registry/schema-util/avro/target/apicurio-registry-schema-util-avro-3.0.11-SNAPSHOT.jar:/home/runner/work/apicurio-testing/apicurio-testing/clusters/ci419/namespaces/mysql/tests/integration/apicurio-registry/schema-util/graphql/target/apicurio-registry-schema-util-graphql-3.0.11-SNAPSHOT.jar:/home/runner/.m2/repository/com/graphql-java/graphql-java/22.3/graphql-java-22.3.jar:/home/runner/.m2/repository/com/graphql-java/java-dataloader/3.3.0/java-dataloader-3.3.0.jar:/home/runner/work/apicurio-testing/apicurio-testing/clusters/ci419/namespaces/mysql/tests/integration/apicurio-registry/schema-util/kconnect/target/apicurio-registry-schema-util-kconnect-3.0.11-SNAPSHOT.jar:/home/runner/work/apicurio-testing/apicurio-testing/clusters/ci419/namespaces/mysql/tests/integration/apicurio-registry/schema-util/openapi/target/apicurio-registry-schema-util-openapi-3.0.11-SNAPSHOT.jar:/home/runner/.m2/repository/io/apicurio/apicurio-data-models/2.2.1/apicurio-data-models-2.2.1.jar:/home/runner/.m2/repository/org/openapitools/openapidiff/openapi-diff-core/2.1.2/openapi-diff-core-2.1.2.jar:/home/runner/.m2/repository/io/swagger/parser/v3/swagger-parser/2.1.28/swagger-parser-2.1.28.jar:/home/runner/.m2/repository/io/swagger/parser/v3/swagger-parser-v2-converter/2.1.28/swagger-parser-v2-converter-2.1.28.jar:/home/runner/.m2/repository/io/swagger/swagger-core/1.6.16/swagger-core-1.6.16.jar:/home/runner/.m2/repository/io/swagger/swagger-models/1.6.16/swagger-models-1.6.16.jar:/home/runner/.m2/repository/io/swagger/swagger-annotations/1.6.16/swagger-annotations-1.6.16.jar:/home/runner/.m2/repository/io/swagger/swagger-parser/1.0.75/swagger-parser-1.0.75.jar:/home/runner/.m2/repository/io/swagger/swagger-parser-safe-url-resolver/1.0.75/swagger-parser-safe-url-resolver-1.0.75.jar:/home/runner/.m2/repository/io/swagger/swagger-compat-spec-parser/1.0.75/swagger-compat-spec-parser-1.0.75.jar:/home/runner/.m2/repository/com/github/java-json-tools/json-schema-validator/2.2.14/json-schema-validator-2.2.14.jar:/home/runner/.m2/repository/com/github/java-json-tools/jackson-coreutils-equivalence/1.0/jackson-coreutils-equivalence-1.0.jar:/home/runner/.m2/repository/com/github/java-json-tools/json-schema-core/1.2.14/json-schema-core-1.2.14.jar:/home/runner/.m2/repository/com/github/java-json-tools/uri-template/0.10/uri-template-0.10.jar:/home/runner/.m2/repository/com/googlecode/libphonenumber/libphonenumber/8.11.1/libphonenumber-8.11.1.jar:/home/runner/.m2/repository/com/j2html/j2html/1.6.0/j2html-1.6.0.jar:/home/runner/.m2/repository/org/apache/commons/commons-collections4/4.5.0/commons-collections4-4.5.0.jar:/home/runner/.m2/repository/org/apache/commons/commons-configuration2/2.12.0/commons-configuration2-2.12.0.jar:/home/runner/.m2/repository/org/apache/commons/commons-text/1.13.0/commons-text-1.13.0.jar:/home/runner/.m2/repository/org/slf4j/jcl-over-slf4j/2.0.17/jcl-over-slf4j-2.0.17.jar:/home/runner/.m2/repository/io/swagger/parser/v3/swagger-parser-v3/2.1.30/swagger-parser-v3-2.1.30.jar:/home/runner/.m2/repository/io/swagger/core/v3/swagger-models/2.2.34/swagger-models-2.2.34.jar:/home/runner/.m2/repository/io/swagger/core/v3/swagger-core/2.2.34/swagger-core-2.2.34.jar:/home/runner/.m2/repository/io/swagger/parser/v3/swagger-parser-core/2.1.30/swagger-parser-core-2.1.30.jar:/home/runner/.m2/repository/io/swagger/parser/v3/swagger-parser-safe-url-resolver/2.1.30/swagger-parser-safe-url-resolver-2.1.30.jar:/home/runner/work/apicurio-testing/apicurio-testing/clusters/ci419/namespaces/mysql/tests/integration/apicurio-registry/schema-util/wsdl/target/apicurio-registry-schema-util-wsdl-3.0.11-SNAPSHOT.jar:/home/runner/.m2/repository/wsdl4j/wsdl4j/1.6.3/wsdl4j-1.6.3.jar:/home/runner/work/apicurio-testing/apicurio-testing/clusters/ci419/namespaces/mysql/tests/integration/apicurio-registry/schema-util/xml/target/apicurio-registry-schema-util-xml-3.0.11-SNAPSHOT.jar:/home/runner/.m2/repository/org/apache/santuario/xmlsec/4.0.3/xmlsec-4.0.3.jar:/home/runner/.m2/repository/com/fasterxml/woodstox/woodstox-core/7.1.0/woodstox-core-7.1.0.jar:/home/runner/.m2/repository/org/codehaus/woodstox/stax2-api/4.2.2/stax2-api-4.2.2.jar:/home/runner/work/apicurio-testing/apicurio-testing/clusters/ci419/namespaces/mysql/tests/integration/apicurio-registry/schema-util/xsd/target/apicurio-registry-schema-util-xsd-3.0.11-SNAPSHOT.jar:/home/runner/work/apicurio-testing/apicurio-testing/clusters/ci419/namespaces/mysql/tests/integration/apicurio-registry/serdes/kafka/jsonschema-serde/target/apicurio-registry-jsonschema-serde-kafka-3.0.11-SNAPSHOT.jar:/home/runner/work/apicurio-testing/apicurio-testing/clusters/ci419/namespaces/mysql/tests/integration/apicurio-registry/serdes/kafka/serde-kafka-common/target/apicurio-registry-serde-kafka-common-3.0.11-SNAPSHOT.jar:/home/runner/work/apicurio-testing/apicurio-testing/clusters/ci419/namespaces/mysql/tests/integration/apicurio-registry/serdes/generic/serde-common/target/apicurio-registry-serde-common-3.0.11-SNAPSHOT.jar:/home/runner/work/apicurio-testing/apicurio-testing/clusters/ci419/namespaces/mysql/tests/integration/apicurio-registry/serdes/generic/serde-common-jsonschema/target/apicurio-registry-serde-common-jsonschema-3.0.11-SNAPSHOT.jar:/home/runner/.m2/repository/org/json/json/20250107/json-20250107.jar:/home/runner/work/apicurio-testing/apicurio-testing/clusters/ci419/namespaces/mysql/tests/integration/apicurio-registry/serdes/kafka/avro-serde/target/apicurio-registry-avro-serde-kafka-3.0.11-SNAPSHOT.jar:/home/runner/work/apicurio-testing/apicurio-testing/clusters/ci419/namespaces/mysql/tests/integration/apicurio-registry/serdes/generic/serde-common-avro/target/apicurio-registry-serde-common-avro-3.0.11-SNAPSHOT.jar:/home/runner/work/apicurio-testing/apicurio-testing/clusters/ci419/namespaces/mysql/tests/integration/apicurio-registry/serdes/kafka/protobuf-serde/target/apicurio-registry-protobuf-serde-kafka-3.0.11-SNAPSHOT.jar:/home/runner/work/apicurio-testing/apicurio-testing/clusters/ci419/namespaces/mysql/tests/integration/apicurio-registry/serdes/generic/serde-common-protobuf/target/apicurio-registry-serde-common-protobuf-3.0.11-SNAPSHOT.jar:/home/runner/.m2/repository/com/squareup/wire/wire-schema/5.3.3/wire-schema-5.3.3.jar:/home/runner/.m2/repository/com/squareup/wire/wire-runtime/5.3.3/wire-runtime-5.3.3.jar:/home/runner/work/apicurio-testing/apicurio-testing/clusters/ci419/namespaces/mysql/tests/integration/apicurio-registry/serdes/pulsar/avro-serde/target/apicurio-registry-avro-serde-pulsar-3.0.11-SNAPSHOT.jar:/home/runner/.m2/repository/org/apache/pulsar/pulsar-functions-api/3.3.4/pulsar-functions-api-3.3.4.jar:/home/runner/work/apicurio-testing/apicurio-testing/clusters/ci419/namespaces/mysql/tests/integration/apicurio-registry/serdes/nats/avro-serde/target/apicurio-registry-avro-serde-nats-3.0.11-SNAPSHOT.jar:/home/runner/.m2/repository/io/nats/jnats/2.20.5/jnats-2.20.5.jar:/home/runner/.m2/repository/net/i2p/crypto/eddsa/0.3.0/eddsa-0.3.0.jar:/home/runner/work/apicurio-testing/apicurio-testing/clusters/ci419/namespaces/mysql/tests/integration/apicurio-registry/utils/converter/target/apicurio-registry-utils-converter-3.0.11-SNAPSHOT.jar:/home/runner/work/apicurio-testing/apicurio-testing/clusters/ci419/namespaces/mysql/tests/integration/apicurio-registry/schema-resolver/target/apicurio-registry-schema-resolver-3.0.11-SNAPSHOT.jar:/home/runner/.m2/repository/org/apache/kafka/connect-api/3.9.1/connect-api-3.9.1.jar:/home/runner/.m2/repository/javax/ws/rs/javax.ws.rs-api/2.1.1/javax.ws.rs-api-2.1.1.jar:/home/runner/.m2/repository/org/apache/kafka/connect-json/3.9.1/connect-json-3.9.1.jar:/home/runner/.m2/repository/com/fasterxml/jackson/datatype/jackson-datatype-jdk8/2.18.2/jackson-datatype-jdk8-2.18.2.jar:/home/runner/.m2/repository/com/fasterxml/jackson/module/jackson-module-afterburner/2.18.2/jackson-module-afterburner-2.18.2.jar:/home/runner/work/apicurio-testing/apicurio-testing/clusters/ci419/namespaces/mysql/tests/integration/apicurio-registry/utils/kafka/target/apicurio-registry-utils-kafka-3.0.11-SNAPSHOT.jar:/home/runner/.m2/repository/org/apache/pulsar/pulsar-client/3.3.4/pulsar-client-3.3.4.jar:/home/runner/.m2/repository/org/apache/pulsar/pulsar-client-api/3.3.4/pulsar-client-api-3.3.4.jar:/home/runner/.m2/repository/org/apache/pulsar/pulsar-client-admin-api/3.3.4/pulsar-client-admin-api-3.3.4.jar:/home/runner/.m2/repository/org/apache/pulsar/bouncy-castle-bc/3.3.4/bouncy-castle-bc-3.3.4-pkg.jar:/home/runner/.m2/repository/org/bouncycastle/bcpkix-jdk18on/1.80/bcpkix-jdk18on-1.80.jar:/home/runner/.m2/repository/org/bouncycastle/bcutil-jdk18on/1.80/bcutil-jdk18on-1.80.jar:/home/runner/.m2/repository/org/bouncycastle/bcprov-jdk18on/1.80/bcprov-jdk18on-1.80.jar:/home/runner/.m2/repository/io/opentelemetry/opentelemetry-api/1.44.1/opentelemetry-api-1.44.1.jar:/home/runner/.m2/repository/io/opentelemetry/opentelemetry-context/1.44.1/opentelemetry-context-1.44.1.jar:/home/runner/.m2/repository/io/opentelemetry/opentelemetry-api-incubator/1.44.1-alpha/opentelemetry-api-incubator-1.44.1-alpha.jar:/home/runner/.m2/repository/com/fasterxml/jackson/core/jackson-annotations/2.18.2/jackson-annotations-2.18.2.jar:/home/runner/.m2/repository/javax/validation/validation-api/1.1.0.Final/validation-api-1.1.0.Final.jar:/home/runner/.m2/repository/io/confluent/kafka-avro-serializer/8.0.0/kafka-avro-serializer-8.0.0.jar:/home/runner/.m2/repository/org/apache/commons/commons-compress/1.27.1/commons-compress-1.27.1.jar:/home/runner/.m2/repository/io/confluent/kafka-schema-serializer/8.0.0/kafka-schema-serializer-8.0.0.jar:/home/runner/.m2/repository/com/fasterxml/jackson/dataformat/jackson-dataformat-csv/2.18.2/jackson-dataformat-csv-2.18.2.jar:/home/runner/.m2/repository/io/confluent/kafka-schema-registry-client/8.0.0/kafka-schema-registry-client-8.0.0.jar:/home/runner/.m2/repository/org/yaml/snakeyaml/2.3/snakeyaml-2.3.jar:/home/runner/.m2/repository/io/swagger/core/v3/swagger-annotations/2.2.29/swagger-annotations-2.2.29.jar:/home/runner/.m2/repository/com/google/guava/guava/33.4.0-jre/guava-33.4.0-jre.jar:/home/runner/.m2/repository/com/google/guava/failureaccess/1.0.1/failureaccess-1.0.1.jar:/home/runner/.m2/repository/org/checkerframework/checker-qual/3.49.0/checker-qual-3.49.0.jar:/home/runner/.m2/repository/io/confluent/logredactor/1.0.13/logredactor-1.0.13.jar:/home/runner/.m2/repository/com/google/re2j/re2j/1.6/re2j-1.6.jar:/home/runner/.m2/repository/io/confluent/logredactor-metrics/1.0.13/logredactor-metrics-1.0.13.jar:/home/runner/.m2/repository/com/eclipsesource/minimal-json/minimal-json/0.9.5/minimal-json-0.9.5.jar:/home/runner/.m2/repository/io/confluent/common-utils/8.0.0/common-utils-8.0.0.jar:/home/runner/.m2/repository/io/confluent/kafka-connect-avro-converter/8.0.0/kafka-connect-avro-converter-8.0.0.jar:/home/runner/.m2/repository/io/confluent/kafka-connect-avro-data/8.0.0/kafka-connect-avro-data-8.0.0.jar:/home/runner/.m2/repository/io/confluent/kafka-schema-converter/8.0.0/kafka-schema-converter-8.0.0.jar:/home/runner/.m2/repository/io/rest-assured/rest-assured/5.5.1/rest-assured-5.5.1.jar:/home/runner/.m2/repository/org/apache/groovy/groovy/4.0.22/groovy-4.0.22.jar:/home/runner/.m2/repository/org/apache/groovy/groovy-xml/4.0.22/groovy-xml-4.0.22.jar:/home/runner/.m2/repository/org/apache/httpcomponents/httpclient/4.5.14/httpclient-4.5.14.jar:/home/runner/.m2/repository/org/apache/httpcomponents/httpcore/4.4.16/httpcore-4.4.16.jar:/home/runner/.m2/repository/org/apache/httpcomponents/httpmime/4.5.14/httpmime-4.5.14.jar:/home/runner/.m2/repository/org/hamcrest/hamcrest/2.2/hamcrest-2.2.jar:/home/runner/.m2/repository/org/ccil/cowan/tagsoup/tagsoup/1.2.1/tagsoup-1.2.1.jar:/home/runner/.m2/repository/io/rest-assured/json-path/5.5.1/json-path-5.5.1.jar:/home/runner/.m2/repository/org/apache/groovy/groovy-json/4.0.22/groovy-json-4.0.22.jar:/home/runner/.m2/repository/io/rest-assured/rest-assured-common/5.5.1/rest-assured-common-5.5.1.jar:/home/runner/.m2/repository/io/rest-assured/xml-path/5.5.1/xml-path-5.5.1.jar:/home/runner/.m2/repository/io/zonky/test/embedded-postgres/2.1.0/embedded-postgres-2.1.0.jar:/home/runner/.m2/repository/io/zonky/test/postgres/embedded-postgres-binaries-windows-amd64/14.15.0/embedded-postgres-binaries-windows-amd64-14.15.0.jar:/home/runner/.m2/repository/io/zonky/test/postgres/embedded-postgres-binaries-darwin-amd64/14.15.0/embedded-postgres-binaries-darwin-amd64-14.15.0.jar:/home/runner/.m2/repository/io/zonky/test/postgres/embedded-postgres-binaries-linux-amd64/14.15.0/embedded-postgres-binaries-linux-amd64-14.15.0.jar:/home/runner/.m2/repository/io/zonky/test/postgres/embedded-postgres-binaries-linux-amd64-alpine/14.15.0/embedded-postgres-binaries-linux-amd64-alpine-14.15.0.jar:/home/runner/.m2/repository/org/apache/commons/commons-lang3/3.17.0/commons-lang3-3.17.0.jar:/home/runner/.m2/repository/org/tukaani/xz/1.10/xz-1.10.jar:/home/runner/.m2/repository/commons-codec/commons-codec/1.18.0/commons-codec-1.18.0.jar:/home/runner/.m2/repository/org/postgresql/postgresql/42.7.5/postgresql-42.7.5.jar:/home/runner/.m2/repository/commons-io/commons-io/2.18.0/commons-io-2.18.0.jar:/home/runner/work/apicurio-testing/apicurio-testing/clusters/ci419/namespaces/mysql/tests/integration/apicurio-registry/utils/importexport/target/apicurio-registry-utils-import-export-3.0.11-SNAPSHOT.jar:/home/runner/.m2/repository/io/vertx/vertx-core/4.5.14/vertx-core-4.5.14.jar:/home/runner/.m2/repository/io/netty/netty-common/4.1.119.Final/netty-common-4.1.119.Final.jar:/home/runner/.m2/repository/io/netty/netty-buffer/4.1.119.Final/netty-buffer-4.1.119.Final.jar:/home/runner/.m2/repository/io/netty/netty-transport/4.1.119.Final/netty-transport-4.1.119.Final.jar:/home/runner/.m2/repository/io/netty/netty-handler/4.1.119.Final/netty-handler-4.1.119.Final.jar:/home/runner/.m2/repository/io/netty/netty-transport-native-unix-common/4.1.119.Final/netty-transport-native-unix-common-4.1.119.Final.jar:/home/runner/.m2/repository/io/netty/netty-codec/4.1.119.Final/netty-codec-4.1.119.Final.jar:/home/runner/.m2/repository/io/netty/netty-handler-proxy/4.1.119.Final/netty-handler-proxy-4.1.119.Final.jar:/home/runner/.m2/repository/io/netty/netty-codec-socks/4.1.119.Final/netty-codec-socks-4.1.119.Final.jar:/home/runner/.m2/repository/io/netty/netty-codec-http/4.1.119.Final/netty-codec-http-4.1.119.Final.jar:/home/runner/.m2/repository/io/netty/netty-codec-http2/4.1.119.Final/netty-codec-http2-4.1.119.Final.jar:/home/runner/.m2/repository/io/netty/netty-resolver/4.1.119.Final/netty-resolver-4.1.119.Final.jar:/home/runner/.m2/repository/io/netty/netty-resolver-dns/4.1.119.Final/netty-resolver-dns-4.1.119.Final.jar:/home/runner/.m2/repository/io/netty/netty-codec-dns/4.1.119.Final/netty-codec-dns-4.1.119.Final.jar:/home/runner/.m2/repository/com/fasterxml/jackson/core/jackson-core/2.18.2/jackson-core-2.18.2.jar:"/>
    <property name="java.vm.vendor" value="Eclipse Adoptium"/>
    <property name="maven.javadoc.skip" value="true"/>
    <property name="sun.arch.data.model" value="64"/>
    <property name="java.vendor.url" value="https://adoptium.net/"/>
    <property name="user.timezone" value="Etc/UTC"/>
    <property name="os.name" value="Linux"/>
    <property name="java.vm.specification.version" value="17"/>
    <property name="sun.java.launcher" value="SUN_STANDARD"/>
    <property name="quarkus.http.test-port" value="80"/>
    <property name="sun.boot.library.path" value="/usr/lib/jvm/temurin-17-jdk-amd64/lib"/>
    <property name="sun.java.command" value="/home/runner/work/apicurio-testing/apicurio-testing/clusters/ci419/namespaces/mysql/tests/integration/apicurio-registry/integration-tests/target/surefire/surefirebooter-20250731204226176_3.jar /home/runner/work/apicurio-testing/apicurio-testing/clusters/ci419/namespaces/mysql/tests/integration/apicurio-registry/integration-tests/target/surefire 2025-07-31T20-42-26_076-jvmRun1 surefire-20250731204226176_1tmp surefire_0-20250731204226176_2tmp"/>
    <property name="maven.home" value="/home/runner/.m2/wrapper/dists/apache-maven-3.9.8-bin/4fnp1ql35bgk2a0p7m31ovbgb0/apache-maven-3.9.8"/>
    <property name="jdk.debug" value="release"/>
    <property name="surefire.test.class.path" value="/home/runner/work/apicurio-testing/apicurio-testing/clusters/ci419/namespaces/mysql/tests/integration/apicurio-registry/integration-tests/target/test-classes:/home/runner/work/apicurio-testing/apicurio-testing/clusters/ci419/namespaces/mysql/tests/integration/apicurio-registry/integration-tests/target/apicurio-registry-integration-tests-3.0.11-SNAPSHOT.jar:/home/runner/.m2/repository/io/quarkus/quarkus-junit5/3.20.1/quarkus-junit5-3.20.1.jar:/home/runner/.m2/repository/io/quarkus/quarkus-bootstrap-core/3.20.1/quarkus-bootstrap-core-3.20.1.jar:/home/runner/.m2/repository/io/quarkus/quarkus-classloader-commons/3.20.1/quarkus-classloader-commons-3.20.1.jar:/home/runner/.m2/repository/io/quarkus/quarkus-bootstrap-app-model/3.20.1/quarkus-bootstrap-app-model-3.20.1.jar:/home/runner/.m2/repository/io/smallrye/common/smallrye-common-io/2.12.0/smallrye-common-io-2.12.0.jar:/home/runner/.m2/repository/org/eclipse/sisu/org.eclipse.sisu.inject/0.9.0.M3/org.eclipse.sisu.inject-0.9.0.M3.jar:/home/runner/.m2/repository/io/quarkus/quarkus-test-common/3.20.1/quarkus-test-common-3.20.1.jar:/home/runner/.m2/repository/io/quarkus/quarkus-core-deployment/3.20.1/quarkus-core-deployment-3.20.1.jar:/home/runner/.m2/repository/org/aesh/readline/2.6/readline-2.6.jar:/home/runner/.m2/repository/org/fusesource/jansi/jansi/2.4.0/jansi-2.4.0.jar:/home/runner/.m2/repository/org/aesh/aesh/2.8.2/aesh-2.8.2.jar:/home/runner/.m2/repository/io/quarkus/gizmo/gizmo/1.8.0/gizmo-1.8.0.jar:/home/runner/.m2/repository/org/ow2/asm/asm-util/9.7.1/asm-util-9.7.1.jar:/home/runner/.m2/repository/org/ow2/asm/asm-analysis/9.7.1/asm-analysis-9.7.1.jar:/home/runner/.m2/repository/org/ow2/asm/asm-commons/9.7.1/asm-commons-9.7.1.jar:/home/runner/.m2/repository/org/ow2/asm/asm-tree/9.7.1/asm-tree-9.7.1.jar:/home/runner/.m2/repository/io/quarkus/quarkus-hibernate-validator-spi/3.20.1/quarkus-hibernate-validator-spi-3.20.1.jar:/home/runner/.m2/repository/io/quarkus/quarkus-class-change-agent/3.20.1/quarkus-class-change-agent-3.20.1.jar:/home/runner/.m2/repository/io/quarkus/quarkus-devtools-utilities/3.20.1/quarkus-devtools-utilities-3.20.1.jar:/home/runner/.m2/repository/io/quarkus/quarkus-builder/3.20.1/quarkus-builder-3.20.1.jar:/home/runner/.m2/repository/org/graalvm/sdk/nativeimage/23.1.2/nativeimage-23.1.2.jar:/home/runner/.m2/repository/org/graalvm/sdk/word/23.1.2/word-23.1.2.jar:/home/runner/.m2/repository/io/quarkus/quarkus-bootstrap-maven-resolver/3.20.1/quarkus-bootstrap-maven-resolver-3.20.1.jar:/home/runner/.m2/repository/io/smallrye/beanbag/smallrye-beanbag-maven/1.5.2/smallrye-beanbag-maven-1.5.2.jar:/home/runner/.m2/repository/io/smallrye/beanbag/smallrye-beanbag-sisu/1.5.2/smallrye-beanbag-sisu-1.5.2.jar:/home/runner/.m2/repository/io/smallrye/beanbag/smallrye-beanbag/1.5.2/smallrye-beanbag-1.5.2.jar:/home/runner/.m2/repository/javax/inject/javax.inject/1/javax.inject-1.jar:/home/runner/.m2/repository/org/apache/maven/maven-artifact/3.9.9/maven-artifact-3.9.9.jar:/home/runner/.m2/repository/org/apache/maven/maven-builder-support/3.9.9/maven-builder-support-3.9.9.jar:/home/runner/.m2/repository/org/apache/maven/maven-model/3.9.9/maven-model-3.9.9.jar:/home/runner/.m2/repository/org/apache/maven/maven-model-builder/3.9.9/maven-model-builder-3.9.9.jar:/home/runner/.m2/repository/org/apache/maven/maven-repository-metadata/3.9.9/maven-repository-metadata-3.9.9.jar:/home/runner/.m2/repository/org/apache/maven/maven-settings/3.9.9/maven-settings-3.9.9.jar:/home/runner/.m2/repository/org/apache/maven/resolver/maven-resolver-api/1.9.22/maven-resolver-api-1.9.22.jar:/home/runner/.m2/repository/org/apache/maven/resolver/maven-resolver-impl/1.9.22/maven-resolver-impl-1.9.22.jar:/home/runner/.m2/repository/org/apache/maven/resolver/maven-resolver-named-locks/1.9.22/maven-resolver-named-locks-1.9.22.jar:/home/runner/.m2/repository/org/apache/maven/resolver/maven-resolver-spi/1.9.22/maven-resolver-spi-1.9.22.jar:/home/runner/.m2/repository/org/apache/maven/resolver/maven-resolver-util/1.9.22/maven-resolver-util-1.9.22.jar:/home/runner/.m2/repository/org/apache/maven/resolver/maven-resolver-transport-http/1.9.20/maven-resolver-transport-http-1.9.20.jar:/home/runner/.m2/repository/org/apache/maven/wagon/wagon-provider-api/3.5.3/wagon-provider-api-3.5.3.jar:/home/runner/.m2/repository/org/apache/maven/wagon/wagon-http-shared/3.5.3/wagon-http-shared-3.5.3.jar:/home/runner/.m2/repository/org/codehaus/plexus/plexus-interpolation/1.26/plexus-interpolation-1.26.jar:/home/runner/.m2/repository/org/codehaus/plexus/plexus-utils/3.5.1/plexus-utils-3.5.1.jar:/home/runner/.m2/repository/org/codehaus/plexus/plexus-xml/4.0.1/plexus-xml-4.0.1.jar:/home/runner/.m2/repository/org/apache/maven/maven-xml-impl/4.0.0-alpha-5/maven-xml-impl-4.0.0-alpha-5.jar:/home/runner/.m2/repository/org/apache/maven/maven-api-xml/4.0.0-alpha-5/maven-api-xml-4.0.0-alpha-5.jar:/home/runner/.m2/repository/org/apache/maven/maven-api-meta/4.0.0-alpha-5/maven-api-meta-4.0.0-alpha-5.jar:/home/runner/.m2/repository/org/codehaus/plexus/plexus-cipher/2.0/plexus-cipher-2.0.jar:/home/runner/.m2/repository/org/codehaus/plexus/plexus-sec-dispatcher/2.0/plexus-sec-dispatcher-2.0.jar:/home/runner/.m2/repository/org/apache/maven/maven-embedder/3.9.9/maven-embedder-3.9.9.jar:/home/runner/.m2/repository/org/apache/maven/maven-core/3.9.9/maven-core-3.9.9.jar:/home/runner/.m2/repository/org/codehaus/plexus/plexus-component-annotations/2.1.0/plexus-component-annotations-2.1.0.jar:/home/runner/.m2/repository/org/apache/maven/maven-plugin-api/3.9.9/maven-plugin-api-3.9.9.jar:/home/runner/.m2/repository/org/apache/maven/shared/maven-shared-utils/3.4.2/maven-shared-utils-3.4.2.jar:/home/runner/.m2/repository/com/google/inject/guice/5.1.0/guice-5.1.0.jar:/home/runner/.m2/repository/aopalliance/aopalliance/1.0/aopalliance-1.0.jar:/home/runner/.m2/repository/org/codehaus/plexus/plexus-classworlds/2.6.0/plexus-classworlds-2.6.0.jar:/home/runner/.m2/repository/commons-cli/commons-cli/1.8.0/commons-cli-1.8.0.jar:/home/runner/.m2/repository/org/eclipse/sisu/org.eclipse.sisu.plexus/0.9.0.M3/org.eclipse.sisu.plexus-0.9.0.M3.jar:/home/runner/.m2/repository/org/apache/maven/maven-settings-builder/3.9.9/maven-settings-builder-3.9.9.jar:/home/runner/.m2/repository/org/apache/maven/maven-resolver-provider/3.9.9/maven-resolver-provider-3.9.9.jar:/home/runner/.m2/repository/org/apache/maven/resolver/maven-resolver-connector-basic/1.9.22/maven-resolver-connector-basic-1.9.22.jar:/home/runner/.m2/repository/org/apache/maven/resolver/maven-resolver-transport-wagon/1.9.22/maven-resolver-transport-wagon-1.9.22.jar:/home/runner/.m2/repository/org/apache/maven/wagon/wagon-http/3.5.3/wagon-http-3.5.3.jar:/home/runner/.m2/repository/org/apache/maven/wagon/wagon-file/3.5.3/wagon-file-3.5.3.jar:/home/runner/.m2/repository/io/quarkus/quarkus-bootstrap-gradle-resolver/3.20.1/quarkus-bootstrap-gradle-resolver-3.20.1.jar:/home/runner/.m2/repository/io/smallrye/jandex/3.3.0/jandex-3.3.0.jar:/home/runner/.m2/repository/org/jboss/logging/commons-logging-jboss-logging/1.0.0.Final/commons-logging-jboss-logging-1.0.0.Final.jar:/home/runner/.m2/repository/io/quarkus/quarkus-junit5-config/3.20.1/quarkus-junit5-config-3.20.1.jar:/home/runner/.m2/repository/org/junit/jupiter/junit-jupiter-api/5.12.1/junit-jupiter-api-5.12.1.jar:/home/runner/.m2/repository/io/smallrye/config/smallrye-config/3.11.4/smallrye-config-3.11.4.jar:/home/runner/.m2/repository/io/smallrye/config/smallrye-config-core/3.11.4/smallrye-config-core-3.11.4.jar:/home/runner/.m2/repository/io/smallrye/common/smallrye-common-classloader/2.12.0/smallrye-common-classloader-2.12.0.jar:/home/runner/.m2/repository/io/smallrye/config/smallrye-config-common/3.11.4/smallrye-config-common-3.11.4.jar:/home/runner/.m2/repository/org/junit/jupiter/junit-jupiter/5.12.1/junit-jupiter-5.12.1.jar:/home/runner/.m2/repository/org/junit/jupiter/junit-jupiter-params/5.12.1/junit-jupiter-params-5.12.1.jar:/home/runner/.m2/repository/org/junit/jupiter/junit-jupiter-engine/5.12.1/junit-jupiter-engine-5.12.1.jar:/home/runner/.m2/repository/io/quarkus/quarkus-core/3.20.1/quarkus-core-3.20.1.jar:/home/runner/.m2/repository/jakarta/enterprise/jakarta.enterprise.cdi-api/4.1.0/jakarta.enterprise.cdi-api-4.1.0.jar:/home/runner/.m2/repository/jakarta/enterprise/jakarta.enterprise.lang-model/4.1.0/jakarta.enterprise.lang-model-4.1.0.jar:/home/runner/.m2/repository/jakarta/el/jakarta.el-api/5.0.1/jakarta.el-api-5.0.1.jar:/home/runner/.m2/repository/jakarta/interceptor/jakarta.interceptor-api/2.2.0/jakarta.interceptor-api-2.2.0.jar:/home/runner/.m2/repository/jakarta/inject/jakarta.inject-api/2.0.1/jakarta.inject-api-2.0.1.jar:/home/runner/.m2/repository/io/smallrye/common/smallrye-common-os/2.12.0/smallrye-common-os-2.12.0.jar:/home/runner/.m2/repository/io/quarkus/quarkus-ide-launcher/3.20.1/quarkus-ide-launcher-3.20.1.jar:/home/runner/.m2/repository/io/quarkus/quarkus-development-mode-spi/3.20.1/quarkus-development-mode-spi-3.20.1.jar:/home/runner/.m2/repository/org/jboss/logging/jboss-logging/3.6.1.Final/jboss-logging-3.6.1.Final.jar:/home/runner/.m2/repository/org/jboss/logmanager/jboss-logmanager/3.1.2.Final/jboss-logmanager-3.1.2.Final.jar:/home/runner/.m2/repository/io/smallrye/common/smallrye-common-constraint/2.12.0/smallrye-common-constraint-2.12.0.jar:/home/runner/.m2/repository/io/smallrye/common/smallrye-common-cpu/2.12.0/smallrye-common-cpu-2.12.0.jar:/home/runner/.m2/repository/io/smallrye/common/smallrye-common-expression/2.12.0/smallrye-common-expression-2.12.0.jar:/home/runner/.m2/repository/io/smallrye/common/smallrye-common-net/2.12.0/smallrye-common-net-2.12.0.jar:/home/runner/.m2/repository/io/smallrye/common/smallrye-common-ref/2.12.0/smallrye-common-ref-2.12.0.jar:/home/runner/.m2/repository/jakarta/json/jakarta.json-api/2.1.3/jakarta.json-api-2.1.3.jar:/home/runner/.m2/repository/org/eclipse/parsson/parsson/1.1.7/parsson-1.1.7.jar:/home/runner/.m2/repository/org/jboss/logging/jboss-logging-annotations/3.0.4.Final/jboss-logging-annotations-3.0.4.Final.jar:/home/runner/.m2/repository/org/jboss/threads/jboss-threads/3.8.0.Final/jboss-threads-3.8.0.Final.jar:/home/runner/.m2/repository/io/smallrye/common/smallrye-common-annotation/2.12.0/smallrye-common-annotation-2.12.0.jar:/home/runner/.m2/repository/io/smallrye/common/smallrye-common-function/2.12.0/smallrye-common-function-2.12.0.jar:/home/runner/.m2/repository/org/jboss/slf4j/slf4j-jboss-logmanager/2.0.0.Final/slf4j-jboss-logmanager-2.0.0.Final.jar:/home/runner/.m2/repository/org/wildfly/common/wildfly-common/2.0.1/wildfly-common-2.0.1.jar:/home/runner/.m2/repository/io/quarkus/quarkus-bootstrap-runner/3.20.1/quarkus-bootstrap-runner-3.20.1.jar:/home/runner/.m2/repository/io/github/crac/org-crac/0.1.3/org-crac-0.1.3.jar:/home/runner/.m2/repository/io/quarkus/quarkus-fs-util/0.0.10/quarkus-fs-util-0.0.10.jar:/home/runner/.m2/repository/org/jboss/marshalling/jboss-marshalling/2.2.2.Final/jboss-marshalling-2.2.2.Final.jar:/home/runner/.m2/repository/io/fabric8/kubernetes-client/7.1.0/kubernetes-client-7.1.0.jar:/home/runner/.m2/repository/io/fabric8/kubernetes-client-api/7.1.0/kubernetes-client-api-7.1.0.jar:/home/runner/.m2/repository/io/fabric8/kubernetes-model-core/7.1.0/kubernetes-model-core-7.1.0.jar:/home/runner/.m2/repository/io/fabric8/kubernetes-model-common/7.1.0/kubernetes-model-common-7.1.0.jar:/home/runner/.m2/repository/javax/annotation/javax.annotation-api/1.3.2/javax.annotation-api-1.3.2.jar:/home/runner/.m2/repository/io/fabric8/kubernetes-model-gatewayapi/7.1.0/kubernetes-model-gatewayapi-7.1.0.jar:/home/runner/.m2/repository/io/fabric8/kubernetes-model-resource/7.1.0/kubernetes-model-resource-7.1.0.jar:/home/runner/.m2/repository/io/fabric8/kubernetes-model-rbac/7.1.0/kubernetes-model-rbac-7.1.0.jar:/home/runner/.m2/repository/io/fabric8/kubernetes-model-admissionregistration/7.1.0/kubernetes-model-admissionregistration-7.1.0.jar:/home/runner/.m2/repository/io/fabric8/kubernetes-model-apps/7.1.0/kubernetes-model-apps-7.1.0.jar:/home/runner/.m2/repository/io/fabric8/kubernetes-model-autoscaling/7.1.0/kubernetes-model-autoscaling-7.1.0.jar:/home/runner/.m2/repository/io/fabric8/kubernetes-model-apiextensions/7.1.0/kubernetes-model-apiextensions-7.1.0.jar:/home/runner/.m2/repository/io/fabric8/kubernetes-model-batch/7.1.0/kubernetes-model-batch-7.1.0.jar:/home/runner/.m2/repository/io/fabric8/kubernetes-model-certificates/7.1.0/kubernetes-model-certificates-7.1.0.jar:/home/runner/.m2/repository/io/fabric8/kubernetes-model-coordination/7.1.0/kubernetes-model-coordination-7.1.0.jar:/home/runner/.m2/repository/io/fabric8/kubernetes-model-discovery/7.1.0/kubernetes-model-discovery-7.1.0.jar:/home/runner/.m2/repository/io/fabric8/kubernetes-model-events/7.1.0/kubernetes-model-events-7.1.0.jar:/home/runner/.m2/repository/io/fabric8/kubernetes-model-extensions/7.1.0/kubernetes-model-extensions-7.1.0.jar:/home/runner/.m2/repository/io/fabric8/kubernetes-model-flowcontrol/7.1.0/kubernetes-model-flowcontrol-7.1.0.jar:/home/runner/.m2/repository/io/fabric8/kubernetes-model-networking/7.1.0/kubernetes-model-networking-7.1.0.jar:/home/runner/.m2/repository/io/fabric8/kubernetes-model-metrics/7.1.0/kubernetes-model-metrics-7.1.0.jar:/home/runner/.m2/repository/io/fabric8/kubernetes-model-policy/7.1.0/kubernetes-model-policy-7.1.0.jar:/home/runner/.m2/repository/io/fabric8/kubernetes-model-scheduling/7.1.0/kubernetes-model-scheduling-7.1.0.jar:/home/runner/.m2/repository/io/fabric8/kubernetes-model-storageclass/7.1.0/kubernetes-model-storageclass-7.1.0.jar:/home/runner/.m2/repository/io/fabric8/kubernetes-model-node/7.1.0/kubernetes-model-node-7.1.0.jar:/home/runner/.m2/repository/org/snakeyaml/snakeyaml-engine/2.9/snakeyaml-engine-2.9.jar:/home/runner/.m2/repository/com/fasterxml/jackson/dataformat/jackson-dataformat-yaml/2.15.2/jackson-dataformat-yaml-2.15.2.jar:/home/runner/.m2/repository/com/fasterxml/jackson/datatype/jackson-datatype-jsr310/2.18.2/jackson-datatype-jsr310-2.18.2.jar:/home/runner/.m2/repository/io/fabric8/zjsonpatch/7.1.0/zjsonpatch-7.1.0.jar:/home/runner/.m2/repository/io/fabric8/kubernetes-httpclient-vertx/7.1.0/kubernetes-httpclient-vertx-7.1.0.jar:/home/runner/.m2/repository/io/vertx/vertx-web-client/4.5.14/vertx-web-client-4.5.14.jar:/home/runner/.m2/repository/io/vertx/vertx-web-common/4.5.14/vertx-web-common-4.5.14.jar:/home/runner/.m2/repository/io/vertx/vertx-auth-common/4.5.14/vertx-auth-common-4.5.14.jar:/home/runner/.m2/repository/io/vertx/vertx-uri-template/4.5.14/vertx-uri-template-4.5.14.jar:/home/runner/.m2/repository/io/fabric8/openshift-client/7.1.0/openshift-client-7.1.0.jar:/home/runner/.m2/repository/io/fabric8/openshift-client-api/7.1.0/openshift-client-api-7.1.0.jar:/home/runner/.m2/repository/io/fabric8/openshift-model/7.1.0/openshift-model-7.1.0.jar:/home/runner/.m2/repository/io/fabric8/openshift-model-autoscaling/7.1.0/openshift-model-autoscaling-7.1.0.jar:/home/runner/.m2/repository/io/fabric8/openshift-model-operator/7.1.0/openshift-model-operator-7.1.0.jar:/home/runner/.m2/repository/io/fabric8/openshift-model-operatorhub/7.1.0/openshift-model-operatorhub-7.1.0.jar:/home/runner/.m2/repository/io/fabric8/openshift-model-machine/7.1.0/openshift-model-machine-7.1.0.jar:/home/runner/.m2/repository/io/fabric8/openshift-model-whereabouts/7.1.0/openshift-model-whereabouts-7.1.0.jar:/home/runner/.m2/repository/io/fabric8/openshift-model-monitoring/7.1.0/openshift-model-monitoring-7.1.0.jar:/home/runner/.m2/repository/io/fabric8/openshift-model-storageversionmigrator/7.1.0/openshift-model-storageversionmigrator-7.1.0.jar:/home/runner/.m2/repository/io/fabric8/openshift-model-tuned/7.1.0/openshift-model-tuned-7.1.0.jar:/home/runner/.m2/repository/io/fabric8/openshift-model-console/7.1.0/openshift-model-console-7.1.0.jar:/home/runner/.m2/repository/io/fabric8/openshift-model-config/7.1.0/openshift-model-config-7.1.0.jar:/home/runner/.m2/repository/io/fabric8/openshift-model-machineconfiguration/7.1.0/openshift-model-machineconfiguration-7.1.0.jar:/home/runner/.m2/repository/io/fabric8/openshift-model-miscellaneous/7.1.0/openshift-model-miscellaneous-7.1.0.jar:/home/runner/.m2/repository/io/fabric8/openshift-model-hive/7.1.0/openshift-model-hive-7.1.0.jar:/home/runner/.m2/repository/io/fabric8/openshift-model-installer/7.1.0/openshift-model-installer-7.1.0.jar:/home/runner/.m2/repository/org/junit/platform/junit-platform-launcher/1.12.1/junit-platform-launcher-1.12.1.jar:/home/runner/.m2/repository/org/junit/platform/junit-platform-engine/1.12.1/junit-platform-engine-1.12.1.jar:/home/runner/.m2/repository/org/opentest4j/opentest4j/1.3.0/opentest4j-1.3.0.jar:/home/runner/.m2/repository/org/junit/platform/junit-platform-commons/1.12.1/junit-platform-commons-1.12.1.jar:/home/runner/.m2/repository/org/apiguardian/apiguardian-api/1.1.2/apiguardian-api-1.1.2.jar:/home/runner/.m2/repository/jakarta/ws/rs/jakarta.ws.rs-api/3.1.0/jakarta.ws.rs-api-3.1.0.jar:/home/runner/work/apicurio-testing/apicurio-testing/clusters/ci419/namespaces/mysql/tests/integration/apicurio-registry/java-sdk/target/apicurio-registry-java-sdk-3.0.11-SNAPSHOT.jar:/home/runner/.m2/repository/com/microsoft/kiota/microsoft-kiota-abstractions/1.8.8/microsoft-kiota-abstractions-1.8.8.jar:/home/runner/.m2/repository/io/github/std-uritemplate/std-uritemplate/2.0.0/std-uritemplate-2.0.0.jar:/home/runner/.m2/repository/io/kiota/kiota-http-jdk/0.0.21/kiota-http-jdk-0.0.21.jar:/home/runner/.m2/repository/io/kiota/kiota-http-vertx/0.0.21/kiota-http-vertx-0.0.21.jar:/home/runner/.m2/repository/io/kiota/kiota-serialization-jackson/0.0.21/kiota-serialization-jackson-0.0.21.jar:/home/runner/.m2/repository/com/microsoft/kiota/microsoft-kiota-serialization-text/1.8.8/microsoft-kiota-serialization-text-1.8.8.jar:/home/runner/.m2/repository/com/microsoft/kiota/microsoft-kiota-serialization-form/1.8.8/microsoft-kiota-serialization-form-1.8.8.jar:/home/runner/.m2/repository/com/microsoft/kiota/microsoft-kiota-serialization-multipart/1.8.8/microsoft-kiota-serialization-multipart-1.8.8.jar:/home/runner/.m2/repository/jakarta/annotation/jakarta.annotation-api/3.0.0/jakarta.annotation-api-3.0.0.jar:/home/runner/.m2/repository/io/vertx/vertx-auth-oauth2/4.5.14/vertx-auth-oauth2-4.5.14.jar:/home/runner/work/apicurio-testing/apicurio-testing/clusters/ci419/namespaces/mysql/tests/integration/apicurio-registry/java-sdk-v2/target/apicurio-registry-v2-java-sdk-3.0.11-SNAPSHOT.jar:/home/runner/work/apicurio-testing/apicurio-testing/clusters/ci419/namespaces/mysql/tests/integration/apicurio-registry/utils/kafka/target/apicurio-registry-utils-kafka-3.0.11-SNAPSHOT-tests.jar:/home/runner/.m2/repository/org/eclipse/microprofile/config/microprofile-config-api/3.1/microprofile-config-api-3.1.jar:/home/runner/.m2/repository/org/apache/kafka/kafka-clients/3.9.1/kafka-clients-3.9.1.jar:/home/runner/.m2/repository/com/github/luben/zstd-jni/1.5.6-4/zstd-jni-1.5.6-4.jar:/home/runner/.m2/repository/org/lz4/lz4-java/1.8.0/lz4-java-1.8.0.jar:/home/runner/.m2/repository/org/xerial/snappy/snappy-java/1.1.10.5/snappy-java-1.1.10.5.jar:/home/runner/.m2/repository/org/slf4j/slf4j-api/2.0.6/slf4j-api-2.0.6.jar:/home/runner/work/apicurio-testing/apicurio-testing/clusters/ci419/namespaces/mysql/tests/integration/apicurio-registry/utils/tests/target/apicurio-registry-utils-tests-3.0.11-SNAPSHOT.jar:/home/runner/work/apicurio-testing/apicurio-testing/clusters/ci419/namespaces/mysql/tests/integration/apicurio-registry/common/target/apicurio-registry-common-3.0.11-SNAPSHOT.jar:/home/runner/.m2/repository/jakarta/validation/jakarta.validation-api/3.0.2/jakarta.validation-api-3.0.2.jar:/home/runner/.m2/repository/com/github/dasniko/testcontainers-keycloak/3.6.0/testcontainers-keycloak-3.6.0.jar:/home/runner/.m2/repository/org/testcontainers/testcontainers/1.20.6/testcontainers-1.20.6.jar:/home/runner/.m2/repository/org/rnorth/duct-tape/duct-tape/1.0.8/duct-tape-1.0.8.jar:/home/runner/.m2/repository/org/jetbrains/annotations/26.0.2/annotations-26.0.2.jar:/home/runner/.m2/repository/com/github/docker-java/docker-java-transport-zerodep/3.4.1/docker-java-transport-zerodep-3.4.1.jar:/home/runner/.m2/repository/com/github/docker-java/docker-java-transport/3.4.1/docker-java-transport-3.4.1.jar:/home/runner/.m2/repository/net/java/dev/jna/jna/5.8.0/jna-5.8.0.jar:/home/runner/.m2/repository/io/quarkus/quarkus-junit4-mock/3.20.1/quarkus-junit4-mock-3.20.1.jar:/home/runner/.m2/repository/org/jboss/shrinkwrap/shrinkwrap-api/2.0.0-beta-2/shrinkwrap-api-2.0.0-beta-2.jar:/home/runner/.m2/repository/org/jboss/shrinkwrap/shrinkwrap-impl-base/2.0.0-beta-2/shrinkwrap-impl-base-2.0.0-beta-2.jar:/home/runner/.m2/repository/org/jboss/shrinkwrap/shrinkwrap-spi/2.0.0-beta-2/shrinkwrap-spi-2.0.0-beta-2.jar:/home/runner/.m2/repository/org/keycloak/keycloak-admin-client/26.0.4/keycloak-admin-client-26.0.4.jar:/home/runner/.m2/repository/org/keycloak/keycloak-client-common-synced/26.0.4/keycloak-client-common-synced-26.0.4.jar:/home/runner/.m2/repository/jakarta/activation/jakarta.activation-api/2.1.3/jakarta.activation-api-2.1.3.jar:/home/runner/.m2/repository/org/eclipse/microprofile/openapi/microprofile-openapi-api/4.0.2/microprofile-openapi-api-4.0.2.jar:/home/runner/.m2/repository/org/jboss/resteasy/resteasy-client/6.2.12.Final/resteasy-client-6.2.12.Final.jar:/home/runner/.m2/repository/org/jboss/resteasy/resteasy-client-api/6.2.12.Final/resteasy-client-api-6.2.12.Final.jar:/home/runner/.m2/repository/org/jboss/resteasy/resteasy-core-spi/6.2.12.Final/resteasy-core-spi-6.2.12.Final.jar:/home/runner/.m2/repository/org/jboss/resteasy/resteasy-core/6.2.12.Final/resteasy-core-6.2.12.Final.jar:/home/runner/.m2/repository/org/eclipse/angus/angus-activation/2.0.2/angus-activation-2.0.2.jar:/home/runner/.m2/repository/com/ibm/async/asyncutil/0.1.0/asyncutil-0.1.0.jar:/home/runner/.m2/repository/org/reactivestreams/reactive-streams/1.0.4/reactive-streams-1.0.4.jar:/home/runner/.m2/repository/org/jboss/resteasy/resteasy-multipart-provider/6.2.12.Final/resteasy-multipart-provider-6.2.12.Final.jar:/home/runner/.m2/repository/jakarta/mail/jakarta.mail-api/2.1.3/jakarta.mail-api-2.1.3.jar:/home/runner/.m2/repository/org/eclipse/angus/angus-mail/2.0.3/angus-mail-2.0.3.jar:/home/runner/.m2/repository/org/apache/james/apache-mime4j-dom/0.8.12/apache-mime4j-dom-0.8.12.jar:/home/runner/.m2/repository/org/apache/james/apache-mime4j-core/0.8.12/apache-mime4j-core-0.8.12.jar:/home/runner/.m2/repository/org/apache/james/apache-mime4j-storage/0.8.12/apache-mime4j-storage-0.8.12.jar:/home/runner/.m2/repository/org/jboss/resteasy/resteasy-jackson2-provider/6.2.12.Final/resteasy-jackson2-provider-6.2.12.Final.jar:/home/runner/.m2/repository/com/fasterxml/jackson/jakarta/rs/jackson-jakarta-rs-base/2.18.2/jackson-jakarta-rs-base-2.18.2.jar:/home/runner/.m2/repository/com/fasterxml/jackson/jakarta/rs/jackson-jakarta-rs-json-provider/2.18.2/jackson-jakarta-rs-json-provider-2.18.2.jar:/home/runner/.m2/repository/com/fasterxml/jackson/module/jackson-module-jakarta-xmlbind-annotations/2.18.2/jackson-module-jakarta-xmlbind-annotations-2.18.2.jar:/home/runner/.m2/repository/com/github/java-json-tools/json-patch/1.13/json-patch-1.13.jar:/home/runner/.m2/repository/com/github/java-json-tools/msg-simple/1.2/msg-simple-1.2.jar:/home/runner/.m2/repository/com/github/java-json-tools/btf/1.3/btf-1.3.jar:/home/runner/.m2/repository/com/github/java-json-tools/jackson-coreutils/2.0/jackson-coreutils-2.0.jar:/home/runner/.m2/repository/org/jboss/resteasy/resteasy-jaxb-provider/6.2.12.Final/resteasy-jaxb-provider-6.2.12.Final.jar:/home/runner/.m2/repository/org/glassfish/jaxb/codemodel/4.0.5/codemodel-4.0.5.jar:/home/runner/.m2/repository/org/glassfish/jaxb/jaxb-core/4.0.5/jaxb-core-4.0.5.jar:/home/runner/.m2/repository/org/glassfish/jaxb/jaxb-jxc/4.0.5/jaxb-jxc-4.0.5.jar:/home/runner/.m2/repository/org/glassfish/jaxb/jaxb-runtime/4.0.5/jaxb-runtime-4.0.5.jar:/home/runner/.m2/repository/org/glassfish/jaxb/txw2/4.0.5/txw2-4.0.5.jar:/home/runner/.m2/repository/org/glassfish/jaxb/jaxb-xjc/4.0.5/jaxb-xjc-4.0.5.jar:/home/runner/.m2/repository/org/glassfish/jaxb/xsom/4.0.5/xsom-4.0.5.jar:/home/runner/.m2/repository/com/sun/istack/istack-commons-runtime/4.1.2/istack-commons-runtime-4.1.2.jar:/home/runner/.m2/repository/com/sun/istack/istack-commons-tools/4.1.2/istack-commons-tools-4.1.2.jar:/home/runner/.m2/repository/com/sun/xml/bind/external/relaxng-datatype/4.0.5/relaxng-datatype-4.0.5.jar:/home/runner/.m2/repository/com/sun/xml/bind/external/rngom/4.0.5/rngom-4.0.5.jar:/home/runner/.m2/repository/org/testcontainers/mssqlserver/1.20.6/mssqlserver-1.20.6.jar:/home/runner/.m2/repository/org/testcontainers/jdbc/1.20.6/jdbc-1.20.6.jar:/home/runner/.m2/repository/org/testcontainers/database-commons/1.20.6/database-commons-1.20.6.jar:/home/runner/.m2/repository/org/testcontainers/mysql/1.20.6/mysql-1.20.6.jar:/home/runner/.m2/repository/io/strimzi/strimzi-test-container/0.107.0/strimzi-test-container-0.107.0.jar:/home/runner/.m2/repository/org/testcontainers/toxiproxy/1.20.6/toxiproxy-1.20.6.jar:/home/runner/.m2/repository/com/github/docker-java/docker-java-api/3.4.1/docker-java-api-3.4.1.jar:/home/runner/.m2/repository/eu/rekawek/toxiproxy/toxiproxy-java/2.1.7/toxiproxy-java-2.1.7.jar:/home/runner/.m2/repository/junit/junit/4.13.2/junit-4.13.2.jar:/home/runner/.m2/repository/org/hamcrest/hamcrest-core/1.3/hamcrest-core-1.3.jar:/home/runner/.m2/repository/org/testcontainers/pulsar/1.20.4/pulsar-1.20.4.jar:/home/runner/.m2/repository/io/debezium/debezium-testing-testcontainers/2.6.2.Final/debezium-testing-testcontainers-2.6.2.Final.jar:/home/runner/.m2/repository/org/testcontainers/kafka/1.20.6/kafka-1.20.6.jar:/home/runner/.m2/repository/com/squareup/okhttp3/okhttp/4.8.1/okhttp-4.8.1.jar:/home/runner/.m2/repository/com/squareup/okio/okio/3.10.2/okio-3.10.2.jar:/home/runner/.m2/repository/com/squareup/okio/okio-jvm/3.10.2/okio-jvm-3.10.2.jar:/home/runner/.m2/repository/org/jetbrains/kotlin/kotlin-stdlib/2.0.21/kotlin-stdlib-2.0.21.jar:/home/runner/.m2/repository/org/awaitility/awaitility/4.2.2/awaitility-4.2.2.jar:/home/runner/.m2/repository/org/testcontainers/mongodb/1.20.6/mongodb-1.20.6.jar:/home/runner/.m2/repository/org/testcontainers/oracle-xe/1.20.6/oracle-xe-1.20.6.jar:/home/runner/.m2/repository/org/testcontainers/postgresql/1.20.6/postgresql-1.20.6.jar:/home/runner/.m2/repository/org/wiremock/wiremock/3.0.1/wiremock-3.0.1.jar:/home/runner/.m2/repository/org/eclipse/jetty/jetty-server/11.0.15/jetty-server-11.0.15.jar:/home/runner/.m2/repository/org/eclipse/jetty/toolchain/jetty-jakarta-servlet-api/5.0.2/jetty-jakarta-servlet-api-5.0.2.jar:/home/runner/.m2/repository/org/eclipse/jetty/jetty-http/11.0.15/jetty-http-11.0.15.jar:/home/runner/.m2/repository/org/eclipse/jetty/jetty-io/11.0.15/jetty-io-11.0.15.jar:/home/runner/.m2/repository/org/eclipse/jetty/jetty-servlet/11.0.15/jetty-servlet-11.0.15.jar:/home/runner/.m2/repository/org/eclipse/jetty/jetty-security/11.0.15/jetty-security-11.0.15.jar:/home/runner/.m2/repository/org/eclipse/jetty/jetty-servlets/11.0.15/jetty-servlets-11.0.15.jar:/home/runner/.m2/repository/org/eclipse/jetty/jetty-util/11.0.15/jetty-util-11.0.15.jar:/home/runner/.m2/repository/org/eclipse/jetty/jetty-webapp/11.0.15/jetty-webapp-11.0.15.jar:/home/runner/.m2/repository/org/eclipse/jetty/jetty-xml/11.0.15/jetty-xml-11.0.15.jar:/home/runner/.m2/repository/org/eclipse/jetty/jetty-proxy/11.0.15/jetty-proxy-11.0.15.jar:/home/runner/.m2/repository/org/eclipse/jetty/jetty-client/11.0.15/jetty-client-11.0.15.jar:/home/runner/.m2/repository/org/eclipse/jetty/http2/http2-server/11.0.15/http2-server-11.0.15.jar:/home/runner/.m2/repository/org/eclipse/jetty/http2/http2-common/11.0.15/http2-common-11.0.15.jar:/home/runner/.m2/repository/org/eclipse/jetty/http2/http2-hpack/11.0.15/http2-hpack-11.0.15.jar:/home/runner/.m2/repository/org/eclipse/jetty/jetty-alpn-server/11.0.15/jetty-alpn-server-11.0.15.jar:/home/runner/.m2/repository/org/eclipse/jetty/jetty-alpn-java-server/11.0.15/jetty-alpn-java-server-11.0.15.jar:/home/runner/.m2/repository/org/eclipse/jetty/jetty-alpn-java-client/11.0.15/jetty-alpn-java-client-11.0.15.jar:/home/runner/.m2/repository/org/eclipse/jetty/jetty-alpn-client/11.0.15/jetty-alpn-client-11.0.15.jar:/home/runner/.m2/repository/org/apache/httpcomponents/client5/httpclient5/5.2.1/httpclient5-5.2.1.jar:/home/runner/.m2/repository/org/apache/httpcomponents/core5/httpcore5/5.2/httpcore5-5.2.jar:/home/runner/.m2/repository/org/apache/httpcomponents/core5/httpcore5-h2/5.2/httpcore5-h2-5.2.jar:/home/runner/.m2/repository/org/xmlunit/xmlunit-core/2.9.1/xmlunit-core-2.9.1.jar:/home/runner/.m2/repository/jakarta/xml/bind/jakarta.xml.bind-api/4.0.2/jakarta.xml.bind-api-4.0.2.jar:/home/runner/.m2/repository/org/xmlunit/xmlunit-legacy/2.9.1/xmlunit-legacy-2.9.1.jar:/home/runner/.m2/repository/org/xmlunit/xmlunit-placeholders/2.9.1/xmlunit-placeholders-2.9.1.jar:/home/runner/.m2/repository/net/javacrumbs/json-unit/json-unit-core/2.38.0/json-unit-core-2.38.0.jar:/home/runner/.m2/repository/com/jayway/jsonpath/json-path/2.8.0/json-path-2.8.0.jar:/home/runner/.m2/repository/net/minidev/json-smart/2.4.10/json-smart-2.4.10.jar:/home/runner/.m2/repository/net/minidev/accessors-smart/2.4.9/accessors-smart-2.4.9.jar:/home/runner/.m2/repository/org/ow2/asm/asm/9.7.1/asm-9.7.1.jar:/home/runner/.m2/repository/net/sf/jopt-simple/jopt-simple/5.0.4/jopt-simple-5.0.4.jar:/home/runner/.m2/repository/com/github/jknack/handlebars/4.3.1/handlebars-4.3.1.jar:/home/runner/.m2/repository/com/github/jknack/handlebars-helpers/4.3.1/handlebars-helpers-4.3.1.jar:/home/runner/.m2/repository/commons-fileupload/commons-fileupload/1.5/commons-fileupload-1.5.jar:/home/runner/.m2/repository/com/networknt/json-schema-validator/1.5.5/json-schema-validator-1.5.5.jar:/home/runner/.m2/repository/com/ethlo/time/itu/1.10.3/itu-1.10.3.jar:/home/runner/.m2/repository/io/quarkus/quarkus-smallrye-jwt-build/3.20.1/quarkus-smallrye-jwt-build-3.20.1.jar:/home/runner/.m2/repository/io/smallrye/smallrye-jwt-build/4.6.1/smallrye-jwt-build-4.6.1.jar:/home/runner/.m2/repository/org/eclipse/microprofile/jwt/microprofile-jwt-auth-api/2.1/microprofile-jwt-auth-api-2.1.jar:/home/runner/.m2/repository/org/bitbucket/b_c/jose4j/0.9.6/jose4j-0.9.6.jar:/home/runner/.m2/repository/io/smallrye/smallrye-jwt-common/4.6.1/smallrye-jwt-common-4.6.1.jar:/home/runner/.m2/repository/io/quarkus/quarkus-jsonp/3.20.1/quarkus-jsonp-3.20.1.jar:/home/runner/.m2/repository/io/quarkus/quarkus-arc/3.20.1/quarkus-arc-3.20.1.jar:/home/runner/.m2/repository/io/quarkus/arc/arc/3.20.1/arc-3.20.1.jar:/home/runner/.m2/repository/jakarta/transaction/jakarta.transaction-api/2.0.1/jakarta.transaction-api-2.0.1.jar:/home/runner/.m2/repository/io/smallrye/reactive/mutiny/2.8.0/mutiny-2.8.0.jar:/home/runner/.m2/repository/org/jctools/jctools-core/4.0.5/jctools-core-4.0.5.jar:/home/runner/.m2/repository/org/eclipse/microprofile/context-propagation/microprofile-context-propagation-api/1.3/microprofile-context-propagation-api-1.3.jar:/home/runner/.m2/repository/io/apicurio/apicurio-common-rest-client-common/0.1.18.Final/apicurio-common-rest-client-common-0.1.18.Final.jar:/home/runner/work/apicurio-testing/apicurio-testing/clusters/ci419/namespaces/mysql/tests/integration/apicurio-registry/utils/maven-plugin/target/apicurio-registry-maven-plugin-3.0.11-SNAPSHOT.jar:/home/runner/.m2/repository/com/fasterxml/jackson/core/jackson-databind/2.18.2/jackson-databind-2.18.2.jar:/home/runner/.m2/repository/org/apache/avro/avro/1.12.0/avro-1.12.0.jar:/home/runner/.m2/repository/com/google/protobuf/protobuf-java/4.31.1/protobuf-java-4.31.1.jar:/home/runner/.m2/repository/com/google/protobuf/protobuf-java-util/4.31.1/protobuf-java-util-4.31.1.jar:/home/runner/.m2/repository/com/google/code/findbugs/jsr305/3.0.2/jsr305-3.0.2.jar:/home/runner/.m2/repository/com/google/code/gson/gson/2.12.1/gson-2.12.1.jar:/home/runner/.m2/repository/com/google/errorprone/error_prone_annotations/2.36.0/error_prone_annotations-2.36.0.jar:/home/runner/.m2/repository/com/google/j2objc/j2objc-annotations/2.8/j2objc-annotations-2.8.jar:/home/runner/work/apicurio-testing/apicurio-testing/clusters/ci419/namespaces/mysql/tests/integration/apicurio-registry/schema-util/util-provider/target/apicurio-registry-schema-util-provider-3.0.11-SNAPSHOT.jar:/home/runner/work/apicurio-testing/apicurio-testing/clusters/ci419/namespaces/mysql/tests/integration/apicurio-registry/schema-util/common/target/apicurio-registry-schema-util-common-3.0.11-SNAPSHOT.jar:/home/runner/.m2/repository/com/fasterxml/jackson/module/jackson-module-parameter-names/2.18.2/jackson-module-parameter-names-2.18.2.jar:/home/runner/.m2/repository/com/fasterxml/jackson/datatype/jackson-datatype-json-org/2.18.2/jackson-datatype-json-org-2.18.2.jar:/home/runner/work/apicurio-testing/apicurio-testing/clusters/ci419/namespaces/mysql/tests/integration/apicurio-registry/schema-util/json/target/apicurio-registry-schema-util-json-3.0.11-SNAPSHOT.jar:/home/runner/.m2/repository/com/github/erosb/everit-json-schema/1.14.5/everit-json-schema-1.14.5.jar:/home/runner/.m2/repository/commons-validator/commons-validator/1.9.0/commons-validator-1.9.0.jar:/home/runner/.m2/repository/commons-digester/commons-digester/2.1/commons-digester-2.1.jar:/home/runner/.m2/repository/commons-collections/commons-collections/3.2.2/commons-collections-3.2.2.jar:/home/runner/.m2/repository/com/damnhandy/handy-uri-templates/2.1.8/handy-uri-templates-2.1.8.jar:/home/runner/.m2/repository/joda-time/joda-time/2.10.2/joda-time-2.10.2.jar:/home/runner/.m2/repository/com/github/erosb/json-sKema/0.20.0/json-sKema-0.20.0.jar:/home/runner/.m2/repository/io/vertx/vertx-json-schema/4.5.14/vertx-json-schema-4.5.14.jar:/home/runner/work/apicurio-testing/apicurio-testing/clusters/ci419/namespaces/mysql/tests/integration/apicurio-registry/schema-util/protobuf/target/apicurio-registry-schema-util-protobuf-3.0.11-SNAPSHOT.jar:/home/runner/work/apicurio-testing/apicurio-testing/clusters/ci419/namespaces/mysql/tests/integration/apicurio-registry/utils/protobuf-schema-utilities/target/apicurio-registry-protobuf-schema-utilities-3.0.11-SNAPSHOT.jar:/home/runner/.m2/repository/com/google/api/grpc/proto-google-common-protos/2.52.0/proto-google-common-protos-2.52.0.jar:/home/runner/.m2/repository/com/squareup/wire/wire-schema-jvm/5.3.3/wire-schema-jvm-5.3.3.jar:/home/runner/.m2/repository/com/palantir/javapoet/javapoet/0.6.0/javapoet-0.6.0.jar:/home/runner/.m2/repository/com/squareup/kotlinpoet-jvm/2.0.0/kotlinpoet-jvm-2.0.0.jar:/home/runner/.m2/repository/org/jetbrains/kotlin/kotlin-reflect/2.0.21/kotlin-reflect-2.0.21.jar:/home/runner/.m2/repository/com/squareup/wire/wire-runtime-jvm/5.3.3/wire-runtime-jvm-5.3.3.jar:/home/runner/.m2/repository/com/ibm/icu/icu4j/76.1/icu4j-76.1.jar:/home/runner/.m2/repository/com/squareup/okio/okio-fakefilesystem/3.10.2/okio-fakefilesystem-3.10.2.jar:/home/runner/.m2/repository/com/squareup/okio/okio-fakefilesystem-jvm/3.10.2/okio-fakefilesystem-jvm-3.10.2.jar:/home/runner/.m2/repository/org/jetbrains/kotlinx/kotlinx-datetime-jvm/0.6.1/kotlinx-datetime-jvm-0.6.1.jar:/home/runner/work/apicurio-testing/apicurio-testing/clusters/ci419/namespaces/mysql/tests/integration/apicurio-registry/schema-util/asyncapi/target/apicurio-registry-schema-util-asyncapi-3.0.11-SNAPSHOT.jar:/home/runner/work/apicurio-testing/apicurio-testing/clusters/ci419/namespaces/mysql/tests/integration/apicurio-registry/schema-util/avro/target/apicurio-registry-schema-util-avro-3.0.11-SNAPSHOT.jar:/home/runner/work/apicurio-testing/apicurio-testing/clusters/ci419/namespaces/mysql/tests/integration/apicurio-registry/schema-util/graphql/target/apicurio-registry-schema-util-graphql-3.0.11-SNAPSHOT.jar:/home/runner/.m2/repository/com/graphql-java/graphql-java/22.3/graphql-java-22.3.jar:/home/runner/.m2/repository/com/graphql-java/java-dataloader/3.3.0/java-dataloader-3.3.0.jar:/home/runner/work/apicurio-testing/apicurio-testing/clusters/ci419/namespaces/mysql/tests/integration/apicurio-registry/schema-util/kconnect/target/apicurio-registry-schema-util-kconnect-3.0.11-SNAPSHOT.jar:/home/runner/work/apicurio-testing/apicurio-testing/clusters/ci419/namespaces/mysql/tests/integration/apicurio-registry/schema-util/openapi/target/apicurio-registry-schema-util-openapi-3.0.11-SNAPSHOT.jar:/home/runner/.m2/repository/io/apicurio/apicurio-data-models/2.2.1/apicurio-data-models-2.2.1.jar:/home/runner/.m2/repository/org/openapitools/openapidiff/openapi-diff-core/2.1.2/openapi-diff-core-2.1.2.jar:/home/runner/.m2/repository/io/swagger/parser/v3/swagger-parser/2.1.28/swagger-parser-2.1.28.jar:/home/runner/.m2/repository/io/swagger/parser/v3/swagger-parser-v2-converter/2.1.28/swagger-parser-v2-converter-2.1.28.jar:/home/runner/.m2/repository/io/swagger/swagger-core/1.6.16/swagger-core-1.6.16.jar:/home/runner/.m2/repository/io/swagger/swagger-models/1.6.16/swagger-models-1.6.16.jar:/home/runner/.m2/repository/io/swagger/swagger-annotations/1.6.16/swagger-annotations-1.6.16.jar:/home/runner/.m2/repository/io/swagger/swagger-parser/1.0.75/swagger-parser-1.0.75.jar:/home/runner/.m2/repository/io/swagger/swagger-parser-safe-url-resolver/1.0.75/swagger-parser-safe-url-resolver-1.0.75.jar:/home/runner/.m2/repository/io/swagger/swagger-compat-spec-parser/1.0.75/swagger-compat-spec-parser-1.0.75.jar:/home/runner/.m2/repository/com/github/java-json-tools/json-schema-validator/2.2.14/json-schema-validator-2.2.14.jar:/home/runner/.m2/repository/com/github/java-json-tools/jackson-coreutils-equivalence/1.0/jackson-coreutils-equivalence-1.0.jar:/home/runner/.m2/repository/com/github/java-json-tools/json-schema-core/1.2.14/json-schema-core-1.2.14.jar:/home/runner/.m2/repository/com/github/java-json-tools/uri-template/0.10/uri-template-0.10.jar:/home/runner/.m2/repository/com/googlecode/libphonenumber/libphonenumber/8.11.1/libphonenumber-8.11.1.jar:/home/runner/.m2/repository/com/j2html/j2html/1.6.0/j2html-1.6.0.jar:/home/runner/.m2/repository/org/apache/commons/commons-collections4/4.5.0/commons-collections4-4.5.0.jar:/home/runner/.m2/repository/org/apache/commons/commons-configuration2/2.12.0/commons-configuration2-2.12.0.jar:/home/runner/.m2/repository/org/apache/commons/commons-text/1.13.0/commons-text-1.13.0.jar:/home/runner/.m2/repository/org/slf4j/jcl-over-slf4j/2.0.17/jcl-over-slf4j-2.0.17.jar:/home/runner/.m2/repository/io/swagger/parser/v3/swagger-parser-v3/2.1.30/swagger-parser-v3-2.1.30.jar:/home/runner/.m2/repository/io/swagger/core/v3/swagger-models/2.2.34/swagger-models-2.2.34.jar:/home/runner/.m2/repository/io/swagger/core/v3/swagger-core/2.2.34/swagger-core-2.2.34.jar:/home/runner/.m2/repository/io/swagger/parser/v3/swagger-parser-core/2.1.30/swagger-parser-core-2.1.30.jar:/home/runner/.m2/repository/io/swagger/parser/v3/swagger-parser-safe-url-resolver/2.1.30/swagger-parser-safe-url-resolver-2.1.30.jar:/home/runner/work/apicurio-testing/apicurio-testing/clusters/ci419/namespaces/mysql/tests/integration/apicurio-registry/schema-util/wsdl/target/apicurio-registry-schema-util-wsdl-3.0.11-SNAPSHOT.jar:/home/runner/.m2/repository/wsdl4j/wsdl4j/1.6.3/wsdl4j-1.6.3.jar:/home/runner/work/apicurio-testing/apicurio-testing/clusters/ci419/namespaces/mysql/tests/integration/apicurio-registry/schema-util/xml/target/apicurio-registry-schema-util-xml-3.0.11-SNAPSHOT.jar:/home/runner/.m2/repository/org/apache/santuario/xmlsec/4.0.3/xmlsec-4.0.3.jar:/home/runner/.m2/repository/com/fasterxml/woodstox/woodstox-core/7.1.0/woodstox-core-7.1.0.jar:/home/runner/.m2/repository/org/codehaus/woodstox/stax2-api/4.2.2/stax2-api-4.2.2.jar:/home/runner/work/apicurio-testing/apicurio-testing/clusters/ci419/namespaces/mysql/tests/integration/apicurio-registry/schema-util/xsd/target/apicurio-registry-schema-util-xsd-3.0.11-SNAPSHOT.jar:/home/runner/work/apicurio-testing/apicurio-testing/clusters/ci419/namespaces/mysql/tests/integration/apicurio-registry/serdes/kafka/jsonschema-serde/target/apicurio-registry-jsonschema-serde-kafka-3.0.11-SNAPSHOT.jar:/home/runner/work/apicurio-testing/apicurio-testing/clusters/ci419/namespaces/mysql/tests/integration/apicurio-registry/serdes/kafka/serde-kafka-common/target/apicurio-registry-serde-kafka-common-3.0.11-SNAPSHOT.jar:/home/runner/work/apicurio-testing/apicurio-testing/clusters/ci419/namespaces/mysql/tests/integration/apicurio-registry/serdes/generic/serde-common/target/apicurio-registry-serde-common-3.0.11-SNAPSHOT.jar:/home/runner/work/apicurio-testing/apicurio-testing/clusters/ci419/namespaces/mysql/tests/integration/apicurio-registry/serdes/generic/serde-common-jsonschema/target/apicurio-registry-serde-common-jsonschema-3.0.11-SNAPSHOT.jar:/home/runner/.m2/repository/org/json/json/20250107/json-20250107.jar:/home/runner/work/apicurio-testing/apicurio-testing/clusters/ci419/namespaces/mysql/tests/integration/apicurio-registry/serdes/kafka/avro-serde/target/apicurio-registry-avro-serde-kafka-3.0.11-SNAPSHOT.jar:/home/runner/work/apicurio-testing/apicurio-testing/clusters/ci419/namespaces/mysql/tests/integration/apicurio-registry/serdes/generic/serde-common-avro/target/apicurio-registry-serde-common-avro-3.0.11-SNAPSHOT.jar:/home/runner/work/apicurio-testing/apicurio-testing/clusters/ci419/namespaces/mysql/tests/integration/apicurio-registry/serdes/kafka/protobuf-serde/target/apicurio-registry-protobuf-serde-kafka-3.0.11-SNAPSHOT.jar:/home/runner/work/apicurio-testing/apicurio-testing/clusters/ci419/namespaces/mysql/tests/integration/apicurio-registry/serdes/generic/serde-common-protobuf/target/apicurio-registry-serde-common-protobuf-3.0.11-SNAPSHOT.jar:/home/runner/.m2/repository/com/squareup/wire/wire-schema/5.3.3/wire-schema-5.3.3.jar:/home/runner/.m2/repository/com/squareup/wire/wire-runtime/5.3.3/wire-runtime-5.3.3.jar:/home/runner/work/apicurio-testing/apicurio-testing/clusters/ci419/namespaces/mysql/tests/integration/apicurio-registry/serdes/pulsar/avro-serde/target/apicurio-registry-avro-serde-pulsar-3.0.11-SNAPSHOT.jar:/home/runner/.m2/repository/org/apache/pulsar/pulsar-functions-api/3.3.4/pulsar-functions-api-3.3.4.jar:/home/runner/work/apicurio-testing/apicurio-testing/clusters/ci419/namespaces/mysql/tests/integration/apicurio-registry/serdes/nats/avro-serde/target/apicurio-registry-avro-serde-nats-3.0.11-SNAPSHOT.jar:/home/runner/.m2/repository/io/nats/jnats/2.20.5/jnats-2.20.5.jar:/home/runner/.m2/repository/net/i2p/crypto/eddsa/0.3.0/eddsa-0.3.0.jar:/home/runner/work/apicurio-testing/apicurio-testing/clusters/ci419/namespaces/mysql/tests/integration/apicurio-registry/utils/converter/target/apicurio-registry-utils-converter-3.0.11-SNAPSHOT.jar:/home/runner/work/apicurio-testing/apicurio-testing/clusters/ci419/namespaces/mysql/tests/integration/apicurio-registry/schema-resolver/target/apicurio-registry-schema-resolver-3.0.11-SNAPSHOT.jar:/home/runner/.m2/repository/org/apache/kafka/connect-api/3.9.1/connect-api-3.9.1.jar:/home/runner/.m2/repository/javax/ws/rs/javax.ws.rs-api/2.1.1/javax.ws.rs-api-2.1.1.jar:/home/runner/.m2/repository/org/apache/kafka/connect-json/3.9.1/connect-json-3.9.1.jar:/home/runner/.m2/repository/com/fasterxml/jackson/datatype/jackson-datatype-jdk8/2.18.2/jackson-datatype-jdk8-2.18.2.jar:/home/runner/.m2/repository/com/fasterxml/jackson/module/jackson-module-afterburner/2.18.2/jackson-module-afterburner-2.18.2.jar:/home/runner/work/apicurio-testing/apicurio-testing/clusters/ci419/namespaces/mysql/tests/integration/apicurio-registry/utils/kafka/target/apicurio-registry-utils-kafka-3.0.11-SNAPSHOT.jar:/home/runner/.m2/repository/org/apache/pulsar/pulsar-client/3.3.4/pulsar-client-3.3.4.jar:/home/runner/.m2/repository/org/apache/pulsar/pulsar-client-api/3.3.4/pulsar-client-api-3.3.4.jar:/home/runner/.m2/repository/org/apache/pulsar/pulsar-client-admin-api/3.3.4/pulsar-client-admin-api-3.3.4.jar:/home/runner/.m2/repository/org/apache/pulsar/bouncy-castle-bc/3.3.4/bouncy-castle-bc-3.3.4-pkg.jar:/home/runner/.m2/repository/org/bouncycastle/bcpkix-jdk18on/1.80/bcpkix-jdk18on-1.80.jar:/home/runner/.m2/repository/org/bouncycastle/bcutil-jdk18on/1.80/bcutil-jdk18on-1.80.jar:/home/runner/.m2/repository/org/bouncycastle/bcprov-jdk18on/1.80/bcprov-jdk18on-1.80.jar:/home/runner/.m2/repository/io/opentelemetry/opentelemetry-api/1.44.1/opentelemetry-api-1.44.1.jar:/home/runner/.m2/repository/io/opentelemetry/opentelemetry-context/1.44.1/opentelemetry-context-1.44.1.jar:/home/runner/.m2/repository/io/opentelemetry/opentelemetry-api-incubator/1.44.1-alpha/opentelemetry-api-incubator-1.44.1-alpha.jar:/home/runner/.m2/repository/com/fasterxml/jackson/core/jackson-annotations/2.18.2/jackson-annotations-2.18.2.jar:/home/runner/.m2/repository/javax/validation/validation-api/1.1.0.Final/validation-api-1.1.0.Final.jar:/home/runner/.m2/repository/io/confluent/kafka-avro-serializer/8.0.0/kafka-avro-serializer-8.0.0.jar:/home/runner/.m2/repository/org/apache/commons/commons-compress/1.27.1/commons-compress-1.27.1.jar:/home/runner/.m2/repository/io/confluent/kafka-schema-serializer/8.0.0/kafka-schema-serializer-8.0.0.jar:/home/runner/.m2/repository/com/fasterxml/jackson/dataformat/jackson-dataformat-csv/2.18.2/jackson-dataformat-csv-2.18.2.jar:/home/runner/.m2/repository/io/confluent/kafka-schema-registry-client/8.0.0/kafka-schema-registry-client-8.0.0.jar:/home/runner/.m2/repository/org/yaml/snakeyaml/2.3/snakeyaml-2.3.jar:/home/runner/.m2/repository/io/swagger/core/v3/swagger-annotations/2.2.29/swagger-annotations-2.2.29.jar:/home/runner/.m2/repository/com/google/guava/guava/33.4.0-jre/guava-33.4.0-jre.jar:/home/runner/.m2/repository/com/google/guava/failureaccess/1.0.1/failureaccess-1.0.1.jar:/home/runner/.m2/repository/org/checkerframework/checker-qual/3.49.0/checker-qual-3.49.0.jar:/home/runner/.m2/repository/io/confluent/logredactor/1.0.13/logredactor-1.0.13.jar:/home/runner/.m2/repository/com/google/re2j/re2j/1.6/re2j-1.6.jar:/home/runner/.m2/repository/io/confluent/logredactor-metrics/1.0.13/logredactor-metrics-1.0.13.jar:/home/runner/.m2/repository/com/eclipsesource/minimal-json/minimal-json/0.9.5/minimal-json-0.9.5.jar:/home/runner/.m2/repository/io/confluent/common-utils/8.0.0/common-utils-8.0.0.jar:/home/runner/.m2/repository/io/confluent/kafka-connect-avro-converter/8.0.0/kafka-connect-avro-converter-8.0.0.jar:/home/runner/.m2/repository/io/confluent/kafka-connect-avro-data/8.0.0/kafka-connect-avro-data-8.0.0.jar:/home/runner/.m2/repository/io/confluent/kafka-schema-converter/8.0.0/kafka-schema-converter-8.0.0.jar:/home/runner/.m2/repository/io/rest-assured/rest-assured/5.5.1/rest-assured-5.5.1.jar:/home/runner/.m2/repository/org/apache/groovy/groovy/4.0.22/groovy-4.0.22.jar:/home/runner/.m2/repository/org/apache/groovy/groovy-xml/4.0.22/groovy-xml-4.0.22.jar:/home/runner/.m2/repository/org/apache/httpcomponents/httpclient/4.5.14/httpclient-4.5.14.jar:/home/runner/.m2/repository/org/apache/httpcomponents/httpcore/4.4.16/httpcore-4.4.16.jar:/home/runner/.m2/repository/org/apache/httpcomponents/httpmime/4.5.14/httpmime-4.5.14.jar:/home/runner/.m2/repository/org/hamcrest/hamcrest/2.2/hamcrest-2.2.jar:/home/runner/.m2/repository/org/ccil/cowan/tagsoup/tagsoup/1.2.1/tagsoup-1.2.1.jar:/home/runner/.m2/repository/io/rest-assured/json-path/5.5.1/json-path-5.5.1.jar:/home/runner/.m2/repository/org/apache/groovy/groovy-json/4.0.22/groovy-json-4.0.22.jar:/home/runner/.m2/repository/io/rest-assured/rest-assured-common/5.5.1/rest-assured-common-5.5.1.jar:/home/runner/.m2/repository/io/rest-assured/xml-path/5.5.1/xml-path-5.5.1.jar:/home/runner/.m2/repository/io/zonky/test/embedded-postgres/2.1.0/embedded-postgres-2.1.0.jar:/home/runner/.m2/repository/io/zonky/test/postgres/embedded-postgres-binaries-windows-amd64/14.15.0/embedded-postgres-binaries-windows-amd64-14.15.0.jar:/home/runner/.m2/repository/io/zonky/test/postgres/embedded-postgres-binaries-darwin-amd64/14.15.0/embedded-postgres-binaries-darwin-amd64-14.15.0.jar:/home/runner/.m2/repository/io/zonky/test/postgres/embedded-postgres-binaries-linux-amd64/14.15.0/embedded-postgres-binaries-linux-amd64-14.15.0.jar:/home/runner/.m2/repository/io/zonky/test/postgres/embedded-postgres-binaries-linux-amd64-alpine/14.15.0/embedded-postgres-binaries-linux-amd64-alpine-14.15.0.jar:/home/runner/.m2/repository/org/apache/commons/commons-lang3/3.17.0/commons-lang3-3.17.0.jar:/home/runner/.m2/repository/org/tukaani/xz/1.10/xz-1.10.jar:/home/runner/.m2/repository/commons-codec/commons-codec/1.18.0/commons-codec-1.18.0.jar:/home/runner/.m2/repository/org/postgresql/postgresql/42.7.5/postgresql-42.7.5.jar:/home/runner/.m2/repository/commons-io/commons-io/2.18.0/commons-io-2.18.0.jar:/home/runner/work/apicurio-testing/apicurio-testing/clusters/ci419/namespaces/mysql/tests/integration/apicurio-registry/utils/importexport/target/apicurio-registry-utils-import-export-3.0.11-SNAPSHOT.jar:/home/runner/.m2/repository/io/vertx/vertx-core/4.5.14/vertx-core-4.5.14.jar:/home/runner/.m2/repository/io/netty/netty-common/4.1.119.Final/netty-common-4.1.119.Final.jar:/home/runner/.m2/repository/io/netty/netty-buffer/4.1.119.Final/netty-buffer-4.1.119.Final.jar:/home/runner/.m2/repository/io/netty/netty-transport/4.1.119.Final/netty-transport-4.1.119.Final.jar:/home/runner/.m2/repository/io/netty/netty-handler/4.1.119.Final/netty-handler-4.1.119.Final.jar:/home/runner/.m2/repository/io/netty/netty-transport-native-unix-common/4.1.119.Final/netty-transport-native-unix-common-4.1.119.Final.jar:/home/runner/.m2/repository/io/netty/netty-codec/4.1.119.Final/netty-codec-4.1.119.Final.jar:/home/runner/.m2/repository/io/netty/netty-handler-proxy/4.1.119.Final/netty-handler-proxy-4.1.119.Final.jar:/home/runner/.m2/repository/io/netty/netty-codec-socks/4.1.119.Final/netty-codec-socks-4.1.119.Final.jar:/home/runner/.m2/repository/io/netty/netty-codec-http/4.1.119.Final/netty-codec-http-4.1.119.Final.jar:/home/runner/.m2/repository/io/netty/netty-codec-http2/4.1.119.Final/netty-codec-http2-4.1.119.Final.jar:/home/runner/.m2/repository/io/netty/netty-resolver/4.1.119.Final/netty-resolver-4.1.119.Final.jar:/home/runner/.m2/repository/io/netty/netty-resolver-dns/4.1.119.Final/netty-resolver-dns-4.1.119.Final.jar:/home/runner/.m2/repository/io/netty/netty-codec-dns/4.1.119.Final/netty-codec-dns-4.1.119.Final.jar:/home/runner/.m2/repository/com/fasterxml/jackson/core/jackson-core/2.18.2/jackson-core-2.18.2.jar:"/>
    <property name="sun.cpu.endian" value="little"/>
    <property name="user.home" value="/home/runner"/>
    <property name="user.language" value="en"/>
    <property name="jboss.log-version" value="false"/>
    <property name="java.specification.vendor" value="Oracle Corporation"/>
    <property name="java.version.date" value="2025-07-15"/>
    <property name="java.home" value="/usr/lib/jvm/temurin-17-jdk-amd64"/>
    <property name="file.separator" value="/"/>
    <property name="basedir" value="/home/runner/work/apicurio-testing/apicurio-testing/clusters/ci419/namespaces/mysql/tests/integration/apicurio-registry/integration-tests"/>
    <property name="java.vm.compressedOopsMode" value="32-bit"/>
    <property name="line.separator" value="&#10;"/>
    <property name="java.specification.name" value="Java Platform API Specification"/>
    <property name="java.vm.specification.vendor" value="Oracle Corporation"/>
    <property name="quarkus.http.test-host" value="registry-app-mysql.apps.ci419.apicurio-testing.org"/>
    <property name="surefire.real.class.path" value="/home/runner/work/apicurio-testing/apicurio-testing/clusters/ci419/namespaces/mysql/tests/integration/apicurio-registry/integration-tests/target/surefire/surefirebooter-20250731204226176_3.jar"/>
    <property name="sun.management.compiler" value="HotSpot 64-Bit Tiered Compilers"/>
    <property name="org.eclipse.jetty.http.HttpGenerator.STRICT" value="true"/>
    <property name="java.runtime.version" value="17.0.16+8"/>
    <property name="user.name" value="runner"/>
    <property name="path.separator" value=":"/>
    <property name="os.version" value="6.8.0-1031-azure"/>
    <property name="java.runtime.name" value="OpenJDK Runtime Environment"/>
    <property name="file.encoding" value="UTF-8"/>
    <property name="jnidispatch.path" value="/home/runner/.cache/JNA/temp/jna7356872145749466291.tmp"/>
    <property name="java.vm.name" value="OpenJDK 64-Bit Server VM"/>
    <property name="jna.platform.library.path" value="/usr/lib/x86_64-linux-gnu:/lib/x86_64-linux-gnu:/usr/lib64:/lib64:/usr/lib:/lib:/lib32:/usr/local/lib:/usr/lib/x86_64-linux-gnu/libfakeroot"/>
    <property name="java.vendor.version" value="Temurin-17.0.16+8"/>
    <property name="quarkus.oidc.token-path" value="https://keycloak-mysql.apps.ci419.apicurio-testing.org/realms/registry/protocol/openid-connect/token"/>
    <property name="quarkus.http.host" value="registry-app-mysql.apps.ci419.apicurio-testing.org"/>
    <property name="localRepository" value="/home/runner/.m2/repository"/>
    <property name="javax.xml.xpath.XPathFactory:http://java.sun.com/jaxp/xpath/dom" value="com.sun.org.apache.xpath.internal.jaxp.XPathFactoryImpl"/>
    <property name="jna.loaded" value="true"/>
    <property name="java.vendor.url.bug" value="https://github.com/adoptium/adoptium-support/issues"/>
    <property name="jetty.git.hash" value="5bc5e562c8d05c5862505aebe5cf83a61bdbcb96"/>
    <property name="java.io.tmpdir" value="/tmp"/>
    <property name="quarkus.http.test-protocol" value="http"/>
    <property name="java.version" value="17.0.16"/>
    <property name="user.dir" value="/home/runner/work/apicurio-testing/apicurio-testing/clusters/ci419/namespaces/mysql/tests/integration/apicurio-registry/integration-tests"/>
    <property name="os.arch" value="amd64"/>
    <property name="groups" value="( smoke | serdes | acceptance | ui)"/>
    <property name="java.vm.specification.name" value="Java Virtual Machine Specification"/>
    <property name="native.encoding" value="UTF-8"/>
    <property name="java.util.logging.manager" value="org.jboss.logmanager.LogManager"/>
    <property name="java.library.path" value="/usr/java/packages/lib:/usr/lib64:/lib64:/lib:/usr/lib"/>
    <property name="jdk.console" value="java.base"/>
    <property name="java.vm.info" value="mixed mode, sharing"/>
    <property name="java.vendor" value="Eclipse Adoptium"/>
    <property name="java.vm.version" value="17.0.16+8"/>
    <property name="java.specification.maintenance.version" value="1"/>
    <property name="sun.io.unicode.encoding" value="UnicodeLittle"/>
    <property name="javax.xml.transform.TransformerFactory" value="com.sun.org.apache.xalan.internal.xsltc.trax.TransformerFactoryImpl"/>
    <property name="java.class.version" value="61.0"/>
  </properties>
  <testcase name="testGlobalIdInHeaders" classname="io.apicurio.tests.serdes.apicurio.AvroSerdeIT" time="4.086">
    <system-out><![CDATA[**** Registry Base URL: http://registry-app-mysql.apps.ci419.apicurio-testing.org:80
**** Registry Base URL: http://registry-app-mysql.apps.ci419.apicurio-testing.org:80
2025-07-31 20:42:40,066 INFO  [io.api.tes.ser.api.AvroSerdeIT] (main) RestAssured configured with http://registry-app-mysql.apps.ci419.apicurio-testing.org:80/apis/registry/v3
2025-07-31 20:42:40,066 INFO  [io.api.tes.uti.KafkaFacade] (main) Starting kafka container
2025-07-31 20:42:40,107 INFO  [org.tes.ima.PullPolicy] (main) Image pull policy will be performed by: DefaultPullPolicy()
2025-07-31 20:42:40,110 INFO  [org.tes.uti.ImageNameSubstitutor] (main) Image name substitution will be performed by: DefaultImageNameSubstitutor (composite of 'ConfigurationFileImageNameSubstitutor' and 'PrefixingImageNameSubstitutor')
2025-07-31 20:42:40,119 INFO  [org.tes.DockerClientFactory] (main) Testcontainers version: 1.20.6
2025-07-31 20:42:40,634 INFO  [org.tes.doc.DockerClientProviderStrategy] (main) Found Docker environment with local Unix socket (unix:///var/run/docker.sock)
2025-07-31 20:42:40,643 INFO  [org.tes.DockerClientFactory] (main) Docker host IP address is localhost
2025-07-31 20:42:40,663 INFO  [org.tes.DockerClientFactory] (main) Connected to docker: 
  Server Version: 28.0.4
  API Version: 1.48
  Operating System: Ubuntu 22.04.5 LTS
  Total Memory: 7944 MB
2025-07-31 20:42:40,716 INFO  [tc.tes.11.0] (main) Pulling docker image: testcontainers/ryuk:0.11.0. Please be patient; this may take some time but only needs to be done once.
2025-07-31 20:42:41,833 INFO  [tc.tes.11.0] (docker-java-stream--1295187651) Starting to pull image
2025-07-31 20:42:41,851 INFO  [tc.tes.11.0] (docker-java-stream--1295187651) Pulling image layers:  0 pending,  0 downloaded,  0 extracted, (0 bytes/0 bytes)
2025-07-31 20:42:42,383 INFO  [tc.tes.11.0] (docker-java-stream--1295187651) Pulling image layers:  2 pending,  1 downloaded,  0 extracted, (44 KB/? MB)
2025-07-31 20:42:42,387 INFO  [tc.tes.11.0] (docker-java-stream--1295187651) Pulling image layers:  1 pending,  2 downloaded,  0 extracted, (116 KB/? MB)
2025-07-31 20:42:42,433 INFO  [tc.tes.11.0] (docker-java-stream--1295187651) Pulling image layers:  0 pending,  3 downloaded,  0 extracted, (145 KB/10 MB)
2025-07-31 20:42:42,601 INFO  [tc.tes.11.0] (docker-java-stream--1295187651) Pulling image layers:  0 pending,  3 downloaded,  1 extracted, (3 MB/10 MB)
2025-07-31 20:42:43,354 INFO  [tc.tes.11.0] (docker-java-stream--1295187651) Pulling image layers:  0 pending,  3 downloaded,  2 extracted, (4 MB/10 MB)
2025-07-31 20:42:43,399 INFO  [tc.tes.11.0] (docker-java-stream--1295187651) Pulling image layers:  0 pending,  3 downloaded,  3 extracted, (10 MB/10 MB)
2025-07-31 20:42:43,408 INFO  [tc.tes.11.0] (main) Image testcontainers/ryuk:0.11.0 pull took PT2.691797672S
2025-07-31 20:42:43,408 INFO  [tc.tes.11.0] (docker-java-stream--1295187651) Pull complete. 3 layers, pulled in 1s (downloaded 10 MB at 10 MB/s)
2025-07-31 20:42:43,432 INFO  [tc.tes.11.0] (main) Creating container for image: testcontainers/ryuk:0.11.0
2025-07-31 20:42:43,518 INFO  [tc.tes.11.0] (main) Container testcontainers/ryuk:0.11.0 is starting: a60952bab5b188a083db65e873cd4cd6e1875d2b82b98307b3ad0627ee17cdce
2025-07-31 20:42:43,849 INFO  [tc.tes.11.0] (main) Container testcontainers/ryuk:0.11.0 started in PT0.417154889S
2025-07-31 20:42:43,855 INFO  [org.tes.uti.RyukResourceReaper] (main) Ryuk started - will monitor and terminate Testcontainers containers on JVM exit
2025-07-31 20:42:43,855 INFO  [org.tes.DockerClientFactory] (main) Checking the system...
2025-07-31 20:42:43,856 INFO  [org.tes.DockerClientFactory] (main) ✔︎ Docker server version should be at least 1.6.0
2025-07-31 20:42:43,859 INFO  [io.str.tes.con.KafkaVersionService] (main) Latest release of Kafka is:LogicalKafkaVersionEntity{version='3.7.1', image='quay.io/strimzi-test-container/test-container:0.107.0-kafka-3.7.1'}
2025-07-31 20:42:43,859 INFO  [io.str.tes.con.KafkaVersionService] (main) Latest release of Kafka is:LogicalKafkaVersionEntity{version='3.7.1', image='quay.io/strimzi-test-container/test-container:0.107.0-kafka-3.7.1'}
2025-07-31 20:42:43,859 INFO  [io.str.tes.con.KafkaVersionService] (main) No Kafka version specified. Using latest release: quay.io/strimzi-test-container/test-container:0.107.0-kafka-3.7.1
2025-07-31 20:42:43,862 INFO  [tc.qua.io/.107.0-k.7.1] (main) Pulling docker image: quay.io/strimzi-test-container/test-container:0.107.0-kafka-3.7.1. Please be patient; this may take some time but only needs to be done once.
2025-07-31 20:42:44,993 INFO  [tc.qua.io/.107.0-k.7.1] (docker-java-stream--720530420) Starting to pull image
2025-07-31 20:42:44,994 INFO  [tc.qua.io/.107.0-k.7.1] (docker-java-stream--720530420) Pulling image layers:  0 pending,  0 downloaded,  0 extracted, (0 bytes/0 bytes)
2025-07-31 20:42:45,674 INFO  [tc.qua.io/.107.0-k.7.1] (docker-java-stream--720530420) Pulling image layers:  4 pending,  1 downloaded,  0 extracted, (997 bytes/? MB)
2025-07-31 20:42:46,145 INFO  [tc.qua.io/.107.0-k.7.1] (docker-java-stream--720530420) Pulling image layers:  3 pending,  2 downloaded,  0 extracted, (38 MB/? MB)
2025-07-31 20:42:46,453 INFO  [tc.qua.io/.107.0-k.7.1] (docker-java-stream--720530420) Pulling image layers:  2 pending,  3 downloaded,  0 extracted, (50 MB/? MB)
2025-07-31 20:42:47,113 INFO  [tc.qua.io/.107.0-k.7.1] (docker-java-stream--720530420) Pulling image layers:  2 pending,  3 downloaded,  1 extracted, (85 MB/? MB)
2025-07-31 20:42:49,803 INFO  [tc.qua.io/.107.0-k.7.1] (docker-java-stream--720530420) Pulling image layers:  1 pending,  4 downloaded,  1 extracted, (227 MB/? MB)
2025-07-31 20:42:49,836 INFO  [tc.qua.io/.107.0-k.7.1] (docker-java-stream--720530420) Pulling image layers:  0 pending,  5 downloaded,  1 extracted, (227 MB/231 MB)
2025-07-31 20:42:53,844 INFO  [tc.qua.io/.107.0-k.7.1] (docker-java-stream--720530420) Pulling image layers:  0 pending,  5 downloaded,  2 extracted, (231 MB/231 MB)
2025-07-31 20:42:53,862 INFO  [tc.qua.io/.107.0-k.7.1] (docker-java-stream--720530420) Pulling image layers:  0 pending,  5 downloaded,  3 extracted, (231 MB/231 MB)
2025-07-31 20:42:54,908 INFO  [tc.qua.io/.107.0-k.7.1] (docker-java-stream--720530420) Pulling image layers:  0 pending,  5 downloaded,  4 extracted, (231 MB/231 MB)
2025-07-31 20:42:54,928 INFO  [tc.qua.io/.107.0-k.7.1] (docker-java-stream--720530420) Pulling image layers:  0 pending,  5 downloaded,  5 extracted, (231 MB/231 MB)
2025-07-31 20:42:54,938 INFO  [tc.qua.io/.107.0-k.7.1] (docker-java-stream--720530420) Pull complete. 5 layers, pulled in 9s (downloaded 231 MB at 25 MB/s)
2025-07-31 20:42:54,938 INFO  [tc.qua.io/.107.0-k.7.1] (main) Image quay.io/strimzi-test-container/test-container:0.107.0-kafka-3.7.1 pull took PT11.076166923S
2025-07-31 20:42:54,942 INFO  [tc.qua.io/.107.0-k.7.1] (main) Creating container for image: quay.io/strimzi-test-container/test-container:0.107.0-kafka-3.7.1
2025-07-31 20:42:55,024 INFO  [tc.qua.io/.107.0-k.7.1] (main) Container quay.io/strimzi-test-container/test-container:0.107.0-kafka-3.7.1 is starting: d498a805faf047e3d450b9932466d9745987f354491219af6a3d12b7df945e7c
2025-07-31 20:42:55,229 INFO  [io.str.tes.con.StrimziKafkaContainer] (main) Mapped port: 32770
2025-07-31 20:42:55,232 INFO  [io.str.tes.con.StrimziKafkaContainer] (main) This is all advertised listeners for Kafka PLAINTEXT://localhost:32770,BROKER1://172.18.0.2:9093
2025-07-31 20:42:55,232 INFO  [io.str.tes.con.StrimziKafkaContainer] (main) Using internal ZooKeeper 'zookeeper.connect=localhost:2181.'
2025-07-31 20:42:55,233 INFO  [io.str.tes.con.StrimziKafkaContainer] (main) Copying command to 'STARTER_SCRIPT' script.
2025-07-31 20:42:59,350 INFO  [tc.qua.io/.107.0-k.7.1] (main) Container quay.io/strimzi-test-container/test-container:0.107.0-kafka-3.7.1 started in PT4.407629102S
2025-07-31 20:42:59,351 INFO  [io.api.tes.uti.TestSeparator] (main) ############################################################################
2025-07-31 20:42:59,354 INFO  [io.api.tes.uti.TestSeparator] (main) io.apicurio.tests.serdes.apicurio.AvroSerdeIT.testGlobalIdInHeaders-STARTED
2025-07-31 20:42:59,382 INFO  [org.apa.kaf.cli.adm.AdminClientConfig] (main) AdminClientConfig values: 
	auto.include.jmx.reporter = true
	bootstrap.controllers = []
	bootstrap.servers = [PLAINTEXT://localhost:32770]
	client.dns.lookup = use_all_dns_ips
	client.id = 
	connections.max.idle.ms = 10000
	default.api.timeout.ms = 60000
	enable.metrics.push = true
	metadata.max.age.ms = 300000
	metadata.recovery.strategy = none
	metric.reporters = []
	metrics.num.samples = 2
	metrics.recording.level = INFO
	metrics.sample.window.ms = 30000
	receive.buffer.bytes = 65536
	reconnect.backoff.max.ms = 1000
	reconnect.backoff.ms = 50
	request.timeout.ms = 5000
	retries = 2147483647
	retry.backoff.max.ms = 1000
	retry.backoff.ms = 100
	sasl.client.callback.handler.class = null
	sasl.jaas.config = null
	sasl.kerberos.kinit.cmd = /usr/bin/kinit
	sasl.kerberos.min.time.before.relogin = 60000
	sasl.kerberos.service.name = null
	sasl.kerberos.ticket.renew.jitter = 0.05
	sasl.kerberos.ticket.renew.window.factor = 0.8
	sasl.login.callback.handler.class = null
	sasl.login.class = null
	sasl.login.connect.timeout.ms = null
	sasl.login.read.timeout.ms = null
	sasl.login.refresh.buffer.seconds = 300
	sasl.login.refresh.min.period.seconds = 60
	sasl.login.refresh.window.factor = 0.8
	sasl.login.refresh.window.jitter = 0.05
	sasl.login.retry.backoff.max.ms = 10000
	sasl.login.retry.backoff.ms = 100
	sasl.mechanism = GSSAPI
	sasl.oauthbearer.clock.skew.seconds = 30
	sasl.oauthbearer.expected.audience = null
	sasl.oauthbearer.expected.issuer = null
	sasl.oauthbearer.header.urlencode = false
	sasl.oauthbearer.jwks.endpoint.refresh.ms = 3600000
	sasl.oauthbearer.jwks.endpoint.retry.backoff.max.ms = 10000
	sasl.oauthbearer.jwks.endpoint.retry.backoff.ms = 100
	sasl.oauthbearer.jwks.endpoint.url = null
	sasl.oauthbearer.scope.claim.name = scope
	sasl.oauthbearer.sub.claim.name = sub
	sasl.oauthbearer.token.endpoint.url = null
	security.protocol = PLAINTEXT
	security.providers = null
	send.buffer.bytes = 131072
	socket.connection.setup.timeout.max.ms = 30000
	socket.connection.setup.timeout.ms = 10000
	ssl.cipher.suites = null
	ssl.enabled.protocols = [TLSv1.2, TLSv1.3]
	ssl.endpoint.identification.algorithm = https
	ssl.engine.factory.class = null
	ssl.key.password = null
	ssl.keymanager.algorithm = SunX509
	ssl.keystore.certificate.chain = null
	ssl.keystore.key = null
	ssl.keystore.location = null
	ssl.keystore.password = null
	ssl.keystore.type = JKS
	ssl.protocol = TLSv1.3
	ssl.provider = null
	ssl.secure.random.implementation = null
	ssl.trustmanager.algorithm = PKIX
	ssl.truststore.certificates = null
	ssl.truststore.location = null
	ssl.truststore.password = null
	ssl.truststore.type = JKS

2025-07-31 20:42:59,769 INFO  [org.apa.kaf.com.uti.AppInfoParser] (main) Kafka version: 3.9.1
2025-07-31 20:42:59,770 INFO  [org.apa.kaf.com.uti.AppInfoParser] (main) Kafka commitId: f745dfdcee2b9851
2025-07-31 20:42:59,770 INFO  [org.apa.kaf.com.uti.AppInfoParser] (main) Kafka startTimeMs: 1753994579768
**** Registry Base URL: http://registry-app-mysql.apps.ci419.apicurio-testing.org:80
2025-07-31 20:42:59,830 INFO  [org.apa.kaf.cli.pro.ProducerConfig] (main) ProducerConfig values: 
	acks = -1
	auto.include.jmx.reporter = true
	batch.size = 16384
	bootstrap.servers = [PLAINTEXT://localhost:32770]
	buffer.memory = 33554432
	client.dns.lookup = use_all_dns_ips
	client.id = Producer-topic-d88729d1_4179_484d_a57e_73b9f8823970
	compression.gzip.level = -1
	compression.lz4.level = 9
	compression.type = none
	compression.zstd.level = 3
	connections.max.idle.ms = 10000
	delivery.timeout.ms = 120000
	enable.idempotence = true
	enable.metrics.push = true
	interceptor.classes = []
	key.serializer = class org.apache.kafka.common.serialization.StringSerializer
	linger.ms = 0
	max.block.ms = 60000
	max.in.flight.requests.per.connection = 5
	max.request.size = 1048576
	metadata.max.age.ms = 300000
	metadata.max.idle.ms = 300000
	metadata.recovery.strategy = none
	metric.reporters = []
	metrics.num.samples = 2
	metrics.recording.level = INFO
	metrics.sample.window.ms = 30000
	partitioner.adaptive.partitioning.enable = true
	partitioner.availability.timeout.ms = 0
	partitioner.class = null
	partitioner.ignore.keys = false
	receive.buffer.bytes = 32768
	reconnect.backoff.max.ms = 1000
	reconnect.backoff.ms = 50
	request.timeout.ms = 5000
	retries = 2147483647
	retry.backoff.max.ms = 1000
	retry.backoff.ms = 100
	sasl.client.callback.handler.class = null
	sasl.jaas.config = null
	sasl.kerberos.kinit.cmd = /usr/bin/kinit
	sasl.kerberos.min.time.before.relogin = 60000
	sasl.kerberos.service.name = null
	sasl.kerberos.ticket.renew.jitter = 0.05
	sasl.kerberos.ticket.renew.window.factor = 0.8
	sasl.login.callback.handler.class = null
	sasl.login.class = null
	sasl.login.connect.timeout.ms = null
	sasl.login.read.timeout.ms = null
	sasl.login.refresh.buffer.seconds = 300
	sasl.login.refresh.min.period.seconds = 60
	sasl.login.refresh.window.factor = 0.8
	sasl.login.refresh.window.jitter = 0.05
	sasl.login.retry.backoff.max.ms = 10000
	sasl.login.retry.backoff.ms = 100
	sasl.mechanism = GSSAPI
	sasl.oauthbearer.clock.skew.seconds = 30
	sasl.oauthbearer.expected.audience = null
	sasl.oauthbearer.expected.issuer = null
	sasl.oauthbearer.header.urlencode = false
	sasl.oauthbearer.jwks.endpoint.refresh.ms = 3600000
	sasl.oauthbearer.jwks.endpoint.retry.backoff.max.ms = 10000
	sasl.oauthbearer.jwks.endpoint.retry.backoff.ms = 100
	sasl.oauthbearer.jwks.endpoint.url = null
	sasl.oauthbearer.scope.claim.name = scope
	sasl.oauthbearer.sub.claim.name = sub
	sasl.oauthbearer.token.endpoint.url = null
	security.protocol = PLAINTEXT
	security.providers = null
	send.buffer.bytes = 131072
	socket.connection.setup.timeout.max.ms = 30000
	socket.connection.setup.timeout.ms = 10000
	ssl.cipher.suites = null
	ssl.enabled.protocols = [TLSv1.2, TLSv1.3]
	ssl.endpoint.identification.algorithm = https
	ssl.engine.factory.class = null
	ssl.key.password = null
	ssl.keymanager.algorithm = SunX509
	ssl.keystore.certificate.chain = null
	ssl.keystore.key = null
	ssl.keystore.location = null
	ssl.keystore.password = null
	ssl.keystore.type = JKS
	ssl.protocol = TLSv1.3
	ssl.provider = null
	ssl.secure.random.implementation = null
	ssl.trustmanager.algorithm = PKIX
	ssl.truststore.certificates = null
	ssl.truststore.location = null
	ssl.truststore.password = null
	ssl.truststore.type = JKS
	transaction.timeout.ms = 60000
	transactional.id = null
	value.serializer = class io.apicurio.registry.serde.avro.AvroKafkaSerializer

2025-07-31 20:42:59,885 INFO  [org.apa.kaf.com.tel.int.KafkaMetricsCollector] (main) initializing Kafka metrics collector
2025-07-31 20:42:59,905 INFO  [org.apa.kaf.cli.pro.KafkaProducer] (main) [Producer clientId=Producer-topic-d88729d1_4179_484d_a57e_73b9f8823970] Instantiated an idempotent producer.
2025-07-31 20:42:59,982 INFO  [org.apa.kaf.cli.pro.ProducerConfig] (main) These configurations '[apicurio.registry.url, apicurio.registry.auto-register, apicurio.registry.use-id, apicurio.registry.artifact-resolver-strategy]' were supplied but are not used yet.
2025-07-31 20:42:59,983 INFO  [org.apa.kaf.com.uti.AppInfoParser] (main) Kafka version: 3.9.1
2025-07-31 20:42:59,983 INFO  [org.apa.kaf.com.uti.AppInfoParser] (main) Kafka commitId: f745dfdcee2b9851
2025-07-31 20:42:59,983 INFO  [org.apa.kaf.com.uti.AppInfoParser] (main) Kafka startTimeMs: 1753994579983
2025-07-31 20:42:59,984 INFO  [io.api.tes.ser.api.SimpleSerdesTesterBuilder$SimpleSerdesTester] (main) Using producer configuration: {apicurio.registry.url=http://registry-app-mysql.apps.ci419.apicurio-testing.org:80/apis/registry/v3, apicurio.registry.auto-register=true, apicurio.registry.use-id=globalId, apicurio.registry.artifact-resolver-strategy=io.apicurio.registry.serde.strategy.TopicIdStrategy, value.serializer=io.apicurio.registry.serde.avro.AvroKafkaSerializer, request.timeout.ms=5000, acks=all, bootstrap.servers=PLAINTEXT://localhost:32770, connections.max.idle.ms=10000, key.serializer=org.apache.kafka.common.serialization.StringSerializer, client.id=Producer-topic-d88729d1_4179_484d_a57e_73b9f8823970}
2025-07-31 20:42:59,984 INFO  [io.api.tes.ser.api.SimpleSerdesTesterBuilder$SimpleSerdesTester] (main) Using consumer configuration: {apicurio.registry.use-id=globalId}
2025-07-31 20:42:59,992 INFO  [io.api.tes.ser.api.KafkaSerdesTester] (Thread-594) Sending message {"key11753994579801": "value-0"} to topic topic-d88729d1_4179_484d_a57e_73b9f8823970
2025-07-31 20:43:00,527 WARN  [org.apa.kaf.cli.NetworkClient] (kafka-producer-network-thread | Producer-topic-d88729d1_4179_484d_a57e_73b9f8823970) [Producer clientId=Producer-topic-d88729d1_4179_484d_a57e_73b9f8823970] The metadata response from the cluster reported a recoverable issue with correlation id 2 : {topic-d88729d1_4179_484d_a57e_73b9f8823970=LEADER_NOT_AVAILABLE}
2025-07-31 20:43:00,530 INFO  [org.apa.kaf.cli.Metadata] (kafka-producer-network-thread | Producer-topic-d88729d1_4179_484d_a57e_73b9f8823970) [Producer clientId=Producer-topic-d88729d1_4179_484d_a57e_73b9f8823970] Cluster ID: 6lKjf0w6TFCctmqQa8E77g
2025-07-31 20:43:00,681 INFO  [org.apa.kaf.cli.pro.int.TransactionManager] (kafka-producer-network-thread | Producer-topic-d88729d1_4179_484d_a57e_73b9f8823970) [Producer clientId=Producer-topic-d88729d1_4179_484d_a57e_73b9f8823970] ProducerId set to 0 with epoch 0
2025-07-31 20:43:00,689 WARN  [org.apa.kaf.cli.NetworkClient] (kafka-producer-network-thread | Producer-topic-d88729d1_4179_484d_a57e_73b9f8823970) [Producer clientId=Producer-topic-d88729d1_4179_484d_a57e_73b9f8823970] The metadata response from the cluster reported a recoverable issue with correlation id 8 : {topic-d88729d1_4179_484d_a57e_73b9f8823970=LEADER_NOT_AVAILABLE}
2025-07-31 20:43:01,220 INFO  [io.api.tes.ser.api.KafkaSerdesTester] (Thread-594) Sending message {"key11753994579801": "value-1"} to topic topic-d88729d1_4179_484d_a57e_73b9f8823970
2025-07-31 20:43:01,226 INFO  [io.api.tes.ser.api.KafkaSerdesTester] (Thread-594) Sending message {"key11753994579801": "value-2"} to topic topic-d88729d1_4179_484d_a57e_73b9f8823970
2025-07-31 20:43:01,235 INFO  [io.api.tes.ser.api.KafkaSerdesTester] (Thread-594) Sending message {"key11753994579801": "value-3"} to topic topic-d88729d1_4179_484d_a57e_73b9f8823970
2025-07-31 20:43:01,249 INFO  [io.api.tes.ser.api.KafkaSerdesTester] (Thread-594) Sending message {"key11753994579801": "value-4"} to topic topic-d88729d1_4179_484d_a57e_73b9f8823970
2025-07-31 20:43:01,255 INFO  [io.api.tes.ser.api.KafkaSerdesTester] (Thread-594) Sending message {"key11753994579801": "value-5"} to topic topic-d88729d1_4179_484d_a57e_73b9f8823970
2025-07-31 20:43:01,262 INFO  [io.api.tes.ser.api.KafkaSerdesTester] (Thread-594) Sending message {"key11753994579801": "value-6"} to topic topic-d88729d1_4179_484d_a57e_73b9f8823970
2025-07-31 20:43:01,267 INFO  [io.api.tes.ser.api.KafkaSerdesTester] (Thread-594) Sending message {"key11753994579801": "value-7"} to topic topic-d88729d1_4179_484d_a57e_73b9f8823970
2025-07-31 20:43:01,272 INFO  [io.api.tes.ser.api.KafkaSerdesTester] (Thread-594) Sending message {"key11753994579801": "value-8"} to topic topic-d88729d1_4179_484d_a57e_73b9f8823970
2025-07-31 20:43:01,277 INFO  [io.api.tes.ser.api.KafkaSerdesTester] (Thread-594) Sending message {"key11753994579801": "value-9"} to topic topic-d88729d1_4179_484d_a57e_73b9f8823970
2025-07-31 20:43:01,282 INFO  [io.api.tes.ser.api.KafkaSerdesTester] (Thread-594) Produced 10 messages
2025-07-31 20:43:01,283 INFO  [org.apa.kaf.cli.pro.KafkaProducer] (Thread-594) [Producer clientId=Producer-topic-d88729d1_4179_484d_a57e_73b9f8823970] Closing the Kafka producer with timeoutMillis = 9223372036854775807 ms.
2025-07-31 20:43:01,298 INFO  [org.apa.kaf.com.met.Metrics] (Thread-594) Metrics scheduler closed
2025-07-31 20:43:01,298 INFO  [org.apa.kaf.com.met.Metrics] (Thread-594) Closing reporter org.apache.kafka.common.metrics.JmxReporter
2025-07-31 20:43:01,300 INFO  [org.apa.kaf.com.met.Metrics] (Thread-594) Closing reporter org.apache.kafka.common.telemetry.internals.ClientTelemetryReporter
2025-07-31 20:43:01,300 INFO  [org.apa.kaf.com.met.Metrics] (Thread-594) Metrics reporters closed
2025-07-31 20:43:01,301 INFO  [org.apa.kaf.com.uti.AppInfoParser] (Thread-594) App info kafka.producer for Producer-topic-d88729d1_4179_484d_a57e_73b9f8823970 unregistered
**** Registry Base URL: http://registry-app-mysql.apps.ci419.apicurio-testing.org:80
2025-07-31 20:43:01,543 INFO  [org.apa.kaf.cli.con.ConsumerConfig] (main) ConsumerConfig values: 
	allow.auto.create.topics = true
	auto.commit.interval.ms = 500
	auto.include.jmx.reporter = true
	auto.offset.reset = earliest
	bootstrap.servers = [PLAINTEXT://localhost:32770]
	check.crcs = true
	client.dns.lookup = use_all_dns_ips
	client.id = consumer-Consumer-topic-d88729d1_4179_484d_a57e_73b9f8823970-1
	client.rack = 
	connections.max.idle.ms = 10000
	default.api.timeout.ms = 60000
	enable.auto.commit = true
	enable.metrics.push = true
	exclude.internal.topics = true
	fetch.max.bytes = 52428800
	fetch.max.wait.ms = 500
	fetch.min.bytes = 1
	group.id = Consumer-topic-d88729d1_4179_484d_a57e_73b9f8823970
	group.instance.id = null
	group.protocol = classic
	group.remote.assignor = null
	heartbeat.interval.ms = 3000
	interceptor.classes = []
	internal.leave.group.on.close = true
	internal.throw.on.fetch.stable.offset.unsupported = false
	isolation.level = read_uncommitted
	key.deserializer = class org.apache.kafka.common.serialization.StringDeserializer
	max.partition.fetch.bytes = 1048576
	max.poll.interval.ms = 300000
	max.poll.records = 500
	metadata.max.age.ms = 300000
	metadata.recovery.strategy = none
	metric.reporters = []
	metrics.num.samples = 2
	metrics.recording.level = INFO
	metrics.sample.window.ms = 30000
	partition.assignment.strategy = [class org.apache.kafka.clients.consumer.RangeAssignor, class org.apache.kafka.clients.consumer.CooperativeStickyAssignor]
	receive.buffer.bytes = 65536
	reconnect.backoff.max.ms = 1000
	reconnect.backoff.ms = 50
	request.timeout.ms = 5000
	retry.backoff.max.ms = 1000
	retry.backoff.ms = 100
	sasl.client.callback.handler.class = null
	sasl.jaas.config = null
	sasl.kerberos.kinit.cmd = /usr/bin/kinit
	sasl.kerberos.min.time.before.relogin = 60000
	sasl.kerberos.service.name = null
	sasl.kerberos.ticket.renew.jitter = 0.05
	sasl.kerberos.ticket.renew.window.factor = 0.8
	sasl.login.callback.handler.class = null
	sasl.login.class = null
	sasl.login.connect.timeout.ms = null
	sasl.login.read.timeout.ms = null
	sasl.login.refresh.buffer.seconds = 300
	sasl.login.refresh.min.period.seconds = 60
	sasl.login.refresh.window.factor = 0.8
	sasl.login.refresh.window.jitter = 0.05
	sasl.login.retry.backoff.max.ms = 10000
	sasl.login.retry.backoff.ms = 100
	sasl.mechanism = GSSAPI
	sasl.oauthbearer.clock.skew.seconds = 30
	sasl.oauthbearer.expected.audience = null
	sasl.oauthbearer.expected.issuer = null
	sasl.oauthbearer.header.urlencode = false
	sasl.oauthbearer.jwks.endpoint.refresh.ms = 3600000
	sasl.oauthbearer.jwks.endpoint.retry.backoff.max.ms = 10000
	sasl.oauthbearer.jwks.endpoint.retry.backoff.ms = 100
	sasl.oauthbearer.jwks.endpoint.url = null
	sasl.oauthbearer.scope.claim.name = scope
	sasl.oauthbearer.sub.claim.name = sub
	sasl.oauthbearer.token.endpoint.url = null
	security.protocol = PLAINTEXT
	security.providers = null
	send.buffer.bytes = 131072
	session.timeout.ms = 45000
	socket.connection.setup.timeout.max.ms = 30000
	socket.connection.setup.timeout.ms = 10000
	ssl.cipher.suites = null
	ssl.enabled.protocols = [TLSv1.2, TLSv1.3]
	ssl.endpoint.identification.algorithm = https
	ssl.engine.factory.class = null
	ssl.key.password = null
	ssl.keymanager.algorithm = SunX509
	ssl.keystore.certificate.chain = null
	ssl.keystore.key = null
	ssl.keystore.location = null
	ssl.keystore.password = null
	ssl.keystore.type = JKS
	ssl.protocol = TLSv1.3
	ssl.provider = null
	ssl.secure.random.implementation = null
	ssl.trustmanager.algorithm = PKIX
	ssl.truststore.certificates = null
	ssl.truststore.location = null
	ssl.truststore.password = null
	ssl.truststore.type = JKS
	value.deserializer = class io.apicurio.registry.serde.avro.AvroKafkaDeserializer

2025-07-31 20:43:01,553 INFO  [org.apa.kaf.com.tel.int.KafkaMetricsCollector] (main) initializing Kafka metrics collector
2025-07-31 20:43:01,601 INFO  [org.apa.kaf.cli.con.ConsumerConfig] (main) These configurations '[apicurio.registry.url, apicurio.registry.use-id]' were supplied but are not used yet.
2025-07-31 20:43:01,601 INFO  [org.apa.kaf.com.uti.AppInfoParser] (main) Kafka version: 3.9.1
2025-07-31 20:43:01,601 INFO  [org.apa.kaf.com.uti.AppInfoParser] (main) Kafka commitId: f745dfdcee2b9851
2025-07-31 20:43:01,601 INFO  [org.apa.kaf.com.uti.AppInfoParser] (main) Kafka startTimeMs: 1753994581601
2025-07-31 20:43:01,603 INFO  [org.apa.kaf.cli.con.int.ClassicKafkaConsumer] (Thread-597) [Consumer clientId=consumer-Consumer-topic-d88729d1_4179_484d_a57e_73b9f8823970-1, groupId=Consumer-topic-d88729d1_4179_484d_a57e_73b9f8823970] Subscribed to topic(s): topic-d88729d1_4179_484d_a57e_73b9f8823970
2025-07-31 20:43:01,621 INFO  [org.apa.kaf.cli.Metadata] (Thread-597) [Consumer clientId=consumer-Consumer-topic-d88729d1_4179_484d_a57e_73b9f8823970-1, groupId=Consumer-topic-d88729d1_4179_484d_a57e_73b9f8823970] Cluster ID: 6lKjf0w6TFCctmqQa8E77g
2025-07-31 20:43:02,430 INFO  [org.apa.kaf.cli.con.int.ConsumerCoordinator] (Thread-597) [Consumer clientId=consumer-Consumer-topic-d88729d1_4179_484d_a57e_73b9f8823970-1, groupId=Consumer-topic-d88729d1_4179_484d_a57e_73b9f8823970] Discovered group coordinator localhost:32770 (id: 2147483647 rack: null)
2025-07-31 20:43:02,438 INFO  [org.apa.kaf.cli.con.int.ConsumerCoordinator] (Thread-597) [Consumer clientId=consumer-Consumer-topic-d88729d1_4179_484d_a57e_73b9f8823970-1, groupId=Consumer-topic-d88729d1_4179_484d_a57e_73b9f8823970] (Re-)joining group
2025-07-31 20:43:02,468 INFO  [org.apa.kaf.cli.con.int.ConsumerCoordinator] (Thread-597) [Consumer clientId=consumer-Consumer-topic-d88729d1_4179_484d_a57e_73b9f8823970-1, groupId=Consumer-topic-d88729d1_4179_484d_a57e_73b9f8823970] Request joining group due to: need to re-join with the given member-id: consumer-Consumer-topic-d88729d1_4179_484d_a57e_73b9f8823970-1-b7050b0b-d5f2-41e4-9f0f-13e154744247
2025-07-31 20:43:02,468 INFO  [org.apa.kaf.cli.con.int.ConsumerCoordinator] (Thread-597) [Consumer clientId=consumer-Consumer-topic-d88729d1_4179_484d_a57e_73b9f8823970-1, groupId=Consumer-topic-d88729d1_4179_484d_a57e_73b9f8823970] (Re-)joining group
2025-07-31 20:43:02,490 INFO  [org.apa.kaf.cli.con.int.ConsumerCoordinator] (Thread-597) [Consumer clientId=consumer-Consumer-topic-d88729d1_4179_484d_a57e_73b9f8823970-1, groupId=Consumer-topic-d88729d1_4179_484d_a57e_73b9f8823970] Successfully joined group with generation Generation{generationId=1, memberId='consumer-Consumer-topic-d88729d1_4179_484d_a57e_73b9f8823970-1-b7050b0b-d5f2-41e4-9f0f-13e154744247', protocol='range'}
2025-07-31 20:43:02,499 INFO  [org.apa.kaf.cli.con.int.ConsumerCoordinator] (Thread-597) [Consumer clientId=consumer-Consumer-topic-d88729d1_4179_484d_a57e_73b9f8823970-1, groupId=Consumer-topic-d88729d1_4179_484d_a57e_73b9f8823970] Finished assignment for group at generation 1: {consumer-Consumer-topic-d88729d1_4179_484d_a57e_73b9f8823970-1-b7050b0b-d5f2-41e4-9f0f-13e154744247=Assignment(partitions=[topic-d88729d1_4179_484d_a57e_73b9f8823970-0])}
2025-07-31 20:43:02,553 INFO  [org.apa.kaf.cli.con.int.ConsumerCoordinator] (kafka-coordinator-heartbeat-thread | Consumer-topic-d88729d1_4179_484d_a57e_73b9f8823970) [Consumer clientId=consumer-Consumer-topic-d88729d1_4179_484d_a57e_73b9f8823970-1, groupId=Consumer-topic-d88729d1_4179_484d_a57e_73b9f8823970] Successfully synced group in generation Generation{generationId=1, memberId='consumer-Consumer-topic-d88729d1_4179_484d_a57e_73b9f8823970-1-b7050b0b-d5f2-41e4-9f0f-13e154744247', protocol='range'}
2025-07-31 20:43:02,554 INFO  [org.apa.kaf.cli.con.int.ConsumerCoordinator] (Thread-597) [Consumer clientId=consumer-Consumer-topic-d88729d1_4179_484d_a57e_73b9f8823970-1, groupId=Consumer-topic-d88729d1_4179_484d_a57e_73b9f8823970] Notifying assignor about the new Assignment(partitions=[topic-d88729d1_4179_484d_a57e_73b9f8823970-0])
2025-07-31 20:43:02,557 INFO  [org.apa.kaf.cli.con.int.ConsumerRebalanceListenerInvoker] (Thread-597) [Consumer clientId=consumer-Consumer-topic-d88729d1_4179_484d_a57e_73b9f8823970-1, groupId=Consumer-topic-d88729d1_4179_484d_a57e_73b9f8823970] Adding newly assigned partitions: topic-d88729d1_4179_484d_a57e_73b9f8823970-0
2025-07-31 20:43:02,573 INFO  [org.apa.kaf.cli.con.int.ConsumerCoordinator] (Thread-597) [Consumer clientId=consumer-Consumer-topic-d88729d1_4179_484d_a57e_73b9f8823970-1, groupId=Consumer-topic-d88729d1_4179_484d_a57e_73b9f8823970] Found no committed offset for partition topic-d88729d1_4179_484d_a57e_73b9f8823970-0
2025-07-31 20:43:02,593 INFO  [org.apa.kaf.cli.con.int.SubscriptionState] (Thread-597) [Consumer clientId=consumer-Consumer-topic-d88729d1_4179_484d_a57e_73b9f8823970-1, groupId=Consumer-topic-d88729d1_4179_484d_a57e_73b9f8823970] Resetting offset for partition topic-d88729d1_4179_484d_a57e_73b9f8823970-0 to position FetchPosition{offset=0, offsetEpoch=Optional.empty, currentLeader=LeaderAndEpoch{leader=Optional[localhost:32770 (id: 0 rack: null)], epoch=0}}.
2025-07-31 20:43:02,603 INFO  [io.api.tes.ser.api.KafkaSerdesTester] (Thread-597) None found
2025-07-31 20:43:02,906 INFO  [io.api.tes.ser.api.KafkaSerdesTester] (Thread-597) topic-d88729d1_4179_484d_a57e_73b9f8823970 0 0 {"key11753994579801": "value-0"}
2025-07-31 20:43:02,909 INFO  [io.api.tes.ser.api.KafkaSerdesTester] (Thread-597) topic-d88729d1_4179_484d_a57e_73b9f8823970 0 1 {"key11753994579801": "value-1"}
2025-07-31 20:43:02,909 INFO  [io.api.tes.ser.api.KafkaSerdesTester] (Thread-597) topic-d88729d1_4179_484d_a57e_73b9f8823970 0 2 {"key11753994579801": "value-2"}
2025-07-31 20:43:02,909 INFO  [io.api.tes.ser.api.KafkaSerdesTester] (Thread-597) topic-d88729d1_4179_484d_a57e_73b9f8823970 0 3 {"key11753994579801": "value-3"}
2025-07-31 20:43:02,909 INFO  [io.api.tes.ser.api.KafkaSerdesTester] (Thread-597) topic-d88729d1_4179_484d_a57e_73b9f8823970 0 4 {"key11753994579801": "value-4"}
2025-07-31 20:43:02,909 INFO  [io.api.tes.ser.api.KafkaSerdesTester] (Thread-597) topic-d88729d1_4179_484d_a57e_73b9f8823970 0 5 {"key11753994579801": "value-5"}
2025-07-31 20:43:02,909 INFO  [io.api.tes.ser.api.KafkaSerdesTester] (Thread-597) topic-d88729d1_4179_484d_a57e_73b9f8823970 0 6 {"key11753994579801": "value-6"}
2025-07-31 20:43:02,910 INFO  [io.api.tes.ser.api.KafkaSerdesTester] (Thread-597) topic-d88729d1_4179_484d_a57e_73b9f8823970 0 7 {"key11753994579801": "value-7"}
2025-07-31 20:43:02,913 INFO  [io.api.tes.ser.api.KafkaSerdesTester] (Thread-597) topic-d88729d1_4179_484d_a57e_73b9f8823970 0 8 {"key11753994579801": "value-8"}
2025-07-31 20:43:02,913 INFO  [io.api.tes.ser.api.KafkaSerdesTester] (Thread-597) topic-d88729d1_4179_484d_a57e_73b9f8823970 0 9 {"key11753994579801": "value-9"}
2025-07-31 20:43:02,913 INFO  [io.api.tes.ser.api.KafkaSerdesTester] (Thread-597) Consumed 10 messages
2025-07-31 20:43:02,953 INFO  [org.apa.kaf.cli.con.int.ConsumerRebalanceListenerInvoker] (Thread-597) [Consumer clientId=consumer-Consumer-topic-d88729d1_4179_484d_a57e_73b9f8823970-1, groupId=Consumer-topic-d88729d1_4179_484d_a57e_73b9f8823970] Revoke previously assigned partitions topic-d88729d1_4179_484d_a57e_73b9f8823970-0
2025-07-31 20:43:02,956 INFO  [org.apa.kaf.cli.con.int.ConsumerCoordinator] (Thread-597) [Consumer clientId=consumer-Consumer-topic-d88729d1_4179_484d_a57e_73b9f8823970-1, groupId=Consumer-topic-d88729d1_4179_484d_a57e_73b9f8823970] Member consumer-Consumer-topic-d88729d1_4179_484d_a57e_73b9f8823970-1-b7050b0b-d5f2-41e4-9f0f-13e154744247 sending LeaveGroup request to coordinator localhost:32770 (id: 2147483647 rack: null) due to the consumer is being closed
2025-07-31 20:43:02,957 INFO  [org.apa.kaf.cli.con.int.ConsumerCoordinator] (Thread-597) [Consumer clientId=consumer-Consumer-topic-d88729d1_4179_484d_a57e_73b9f8823970-1, groupId=Consumer-topic-d88729d1_4179_484d_a57e_73b9f8823970] Resetting generation and member id due to: consumer pro-actively leaving the group
2025-07-31 20:43:02,957 INFO  [org.apa.kaf.cli.con.int.ConsumerCoordinator] (Thread-597) [Consumer clientId=consumer-Consumer-topic-d88729d1_4179_484d_a57e_73b9f8823970-1, groupId=Consumer-topic-d88729d1_4179_484d_a57e_73b9f8823970] Request joining group due to: consumer pro-actively leaving the group
2025-07-31 20:43:03,426 INFO  [org.apa.kaf.com.met.Metrics] (Thread-597) Metrics scheduler closed
2025-07-31 20:43:03,426 INFO  [org.apa.kaf.com.met.Metrics] (Thread-597) Closing reporter org.apache.kafka.common.metrics.JmxReporter
2025-07-31 20:43:03,427 INFO  [org.apa.kaf.com.met.Metrics] (Thread-597) Closing reporter org.apache.kafka.common.telemetry.internals.ClientTelemetryReporter
2025-07-31 20:43:03,427 INFO  [org.apa.kaf.com.met.Metrics] (Thread-597) Metrics reporters closed
2025-07-31 20:43:03,434 INFO  [org.apa.kaf.com.uti.AppInfoParser] (Thread-597) App info kafka.consumer for consumer-Consumer-topic-d88729d1_4179_484d_a57e_73b9f8823970-1 unregistered
2025-07-31 20:43:03,435 INFO  [io.api.tes.uti.TestSeparator] (main) io.apicurio.tests.serdes.apicurio.AvroSerdeIT.testGlobalIdInHeaders-FINISHED
2025-07-31 20:43:03,435 INFO  [io.api.tes.uti.TestSeparator] (main) ############################################################################
Test passed: testGlobalIdInHeaders
]]></system-out>
  </testcase>
  <testcase name="testSimpleTopicIdStrategyFindLatest" classname="io.apicurio.tests.serdes.apicurio.AvroSerdeIT" time="2.413">
    <system-out><![CDATA[2025-07-31 20:43:03,437 INFO  [io.api.tes.uti.TestSeparator] (main) ############################################################################
2025-07-31 20:43:03,438 INFO  [io.api.tes.uti.TestSeparator] (main) io.apicurio.tests.serdes.apicurio.AvroSerdeIT.testSimpleTopicIdStrategyFindLatest-STARTED
2025-07-31 20:43:03,438 INFO  [io.api.tes.ser.api.AvroSerdeIT] (main) Registering Avro Schema: {"type":"record","name":"myrecordapicurio1","fields":[{"name":"key11753994583438","type":"string"}]}
**** Registry Base URL: http://registry-app-mysql.apps.ci419.apicurio-testing.org:80
2025-07-31 20:43:04,627 INFO  [org.apa.kaf.cli.pro.ProducerConfig] (main) ProducerConfig values: 
	acks = -1
	auto.include.jmx.reporter = true
	batch.size = 16384
	bootstrap.servers = [PLAINTEXT://localhost:32770]
	buffer.memory = 33554432
	client.dns.lookup = use_all_dns_ips
	client.id = Producer-topic-4e16783d_40c7_4541_a1e6_8782ddf172dc
	compression.gzip.level = -1
	compression.lz4.level = 9
	compression.type = none
	compression.zstd.level = 3
	connections.max.idle.ms = 10000
	delivery.timeout.ms = 120000
	enable.idempotence = true
	enable.metrics.push = true
	interceptor.classes = []
	key.serializer = class org.apache.kafka.common.serialization.StringSerializer
	linger.ms = 0
	max.block.ms = 60000
	max.in.flight.requests.per.connection = 5
	max.request.size = 1048576
	metadata.max.age.ms = 300000
	metadata.max.idle.ms = 300000
	metadata.recovery.strategy = none
	metric.reporters = []
	metrics.num.samples = 2
	metrics.recording.level = INFO
	metrics.sample.window.ms = 30000
	partitioner.adaptive.partitioning.enable = true
	partitioner.availability.timeout.ms = 0
	partitioner.class = null
	partitioner.ignore.keys = false
	receive.buffer.bytes = 32768
	reconnect.backoff.max.ms = 1000
	reconnect.backoff.ms = 50
	request.timeout.ms = 5000
	retries = 2147483647
	retry.backoff.max.ms = 1000
	retry.backoff.ms = 100
	sasl.client.callback.handler.class = null
	sasl.jaas.config = null
	sasl.kerberos.kinit.cmd = /usr/bin/kinit
	sasl.kerberos.min.time.before.relogin = 60000
	sasl.kerberos.service.name = null
	sasl.kerberos.ticket.renew.jitter = 0.05
	sasl.kerberos.ticket.renew.window.factor = 0.8
	sasl.login.callback.handler.class = null
	sasl.login.class = null
	sasl.login.connect.timeout.ms = null
	sasl.login.read.timeout.ms = null
	sasl.login.refresh.buffer.seconds = 300
	sasl.login.refresh.min.period.seconds = 60
	sasl.login.refresh.window.factor = 0.8
	sasl.login.refresh.window.jitter = 0.05
	sasl.login.retry.backoff.max.ms = 10000
	sasl.login.retry.backoff.ms = 100
	sasl.mechanism = GSSAPI
	sasl.oauthbearer.clock.skew.seconds = 30
	sasl.oauthbearer.expected.audience = null
	sasl.oauthbearer.expected.issuer = null
	sasl.oauthbearer.header.urlencode = false
	sasl.oauthbearer.jwks.endpoint.refresh.ms = 3600000
	sasl.oauthbearer.jwks.endpoint.retry.backoff.max.ms = 10000
	sasl.oauthbearer.jwks.endpoint.retry.backoff.ms = 100
	sasl.oauthbearer.jwks.endpoint.url = null
	sasl.oauthbearer.scope.claim.name = scope
	sasl.oauthbearer.sub.claim.name = sub
	sasl.oauthbearer.token.endpoint.url = null
	security.protocol = PLAINTEXT
	security.providers = null
	send.buffer.bytes = 131072
	socket.connection.setup.timeout.max.ms = 30000
	socket.connection.setup.timeout.ms = 10000
	ssl.cipher.suites = null
	ssl.enabled.protocols = [TLSv1.2, TLSv1.3]
	ssl.endpoint.identification.algorithm = https
	ssl.engine.factory.class = null
	ssl.key.password = null
	ssl.keymanager.algorithm = SunX509
	ssl.keystore.certificate.chain = null
	ssl.keystore.key = null
	ssl.keystore.location = null
	ssl.keystore.password = null
	ssl.keystore.type = JKS
	ssl.protocol = TLSv1.3
	ssl.provider = null
	ssl.secure.random.implementation = null
	ssl.trustmanager.algorithm = PKIX
	ssl.truststore.certificates = null
	ssl.truststore.location = null
	ssl.truststore.password = null
	ssl.truststore.type = JKS
	transaction.timeout.ms = 60000
	transactional.id = null
	value.serializer = class io.apicurio.registry.serde.avro.AvroKafkaSerializer

2025-07-31 20:43:04,627 INFO  [org.apa.kaf.com.tel.int.KafkaMetricsCollector] (main) initializing Kafka metrics collector
2025-07-31 20:43:04,631 INFO  [org.apa.kaf.cli.pro.KafkaProducer] (main) [Producer clientId=Producer-topic-4e16783d_40c7_4541_a1e6_8782ddf172dc] Instantiated an idempotent producer.
2025-07-31 20:43:04,636 INFO  [org.apa.kaf.cli.pro.ProducerConfig] (main) These configurations '[apicurio.registry.find-latest, apicurio.registry.artifact.group-id, apicurio.registry.url, apicurio.registry.artifact-resolver-strategy]' were supplied but are not used yet.
2025-07-31 20:43:04,636 INFO  [org.apa.kaf.com.uti.AppInfoParser] (main) Kafka version: 3.9.1
2025-07-31 20:43:04,636 INFO  [org.apa.kaf.com.uti.AppInfoParser] (main) Kafka commitId: f745dfdcee2b9851
2025-07-31 20:43:04,636 INFO  [org.apa.kaf.com.uti.AppInfoParser] (main) Kafka startTimeMs: 1753994584636
2025-07-31 20:43:04,636 INFO  [io.api.tes.ser.api.SimpleSerdesTesterBuilder$SimpleSerdesTester] (main) Using producer configuration: {apicurio.registry.find-latest=true, apicurio.registry.artifact.group-id=topic-4e16783d_40c7_4541_a1e6_8782ddf172dc, apicurio.registry.url=http://registry-app-mysql.apps.ci419.apicurio-testing.org:80/apis/registry/v3, apicurio.registry.artifact-resolver-strategy=io.apicurio.registry.serde.strategy.SimpleTopicIdStrategy, value.serializer=io.apicurio.registry.serde.avro.AvroKafkaSerializer, request.timeout.ms=5000, acks=all, bootstrap.servers=PLAINTEXT://localhost:32770, connections.max.idle.ms=10000, key.serializer=org.apache.kafka.common.serialization.StringSerializer, client.id=Producer-topic-4e16783d_40c7_4541_a1e6_8782ddf172dc}
2025-07-31 20:43:04,636 INFO  [io.api.tes.ser.api.SimpleSerdesTesterBuilder$SimpleSerdesTester] (main) Using consumer configuration: {}
2025-07-31 20:43:04,638 INFO  [io.api.tes.ser.api.KafkaSerdesTester] (Thread-600) Sending message {"key11753994583438": "value-0"} to topic topic-4e16783d_40c7_4541_a1e6_8782ddf172dc
2025-07-31 20:43:04,646 INFO  [org.apa.kaf.cli.Metadata] (kafka-producer-network-thread | Producer-topic-4e16783d_40c7_4541_a1e6_8782ddf172dc) [Producer clientId=Producer-topic-4e16783d_40c7_4541_a1e6_8782ddf172dc] Cluster ID: 6lKjf0w6TFCctmqQa8E77g
2025-07-31 20:43:04,647 INFO  [org.apa.kaf.cli.pro.int.TransactionManager] (kafka-producer-network-thread | Producer-topic-4e16783d_40c7_4541_a1e6_8782ddf172dc) [Producer clientId=Producer-topic-4e16783d_40c7_4541_a1e6_8782ddf172dc] ProducerId set to 1 with epoch 0
2025-07-31 20:43:04,980 INFO  [io.api.tes.ser.api.KafkaSerdesTester] (Thread-600) Sending message {"key11753994583438": "value-1"} to topic topic-4e16783d_40c7_4541_a1e6_8782ddf172dc
2025-07-31 20:43:04,986 INFO  [io.api.tes.ser.api.KafkaSerdesTester] (Thread-600) Sending message {"key11753994583438": "value-2"} to topic topic-4e16783d_40c7_4541_a1e6_8782ddf172dc
2025-07-31 20:43:04,989 INFO  [io.api.tes.ser.api.KafkaSerdesTester] (Thread-600) Sending message {"key11753994583438": "value-3"} to topic topic-4e16783d_40c7_4541_a1e6_8782ddf172dc
2025-07-31 20:43:04,991 INFO  [io.api.tes.ser.api.KafkaSerdesTester] (Thread-600) Sending message {"key11753994583438": "value-4"} to topic topic-4e16783d_40c7_4541_a1e6_8782ddf172dc
2025-07-31 20:43:04,993 INFO  [io.api.tes.ser.api.KafkaSerdesTester] (Thread-600) Sending message {"key11753994583438": "value-5"} to topic topic-4e16783d_40c7_4541_a1e6_8782ddf172dc
2025-07-31 20:43:04,996 INFO  [io.api.tes.ser.api.KafkaSerdesTester] (Thread-600) Sending message {"key11753994583438": "value-6"} to topic topic-4e16783d_40c7_4541_a1e6_8782ddf172dc
2025-07-31 20:43:04,998 INFO  [io.api.tes.ser.api.KafkaSerdesTester] (Thread-600) Sending message {"key11753994583438": "value-7"} to topic topic-4e16783d_40c7_4541_a1e6_8782ddf172dc
2025-07-31 20:43:05,002 INFO  [io.api.tes.ser.api.KafkaSerdesTester] (Thread-600) Sending message {"key11753994583438": "value-8"} to topic topic-4e16783d_40c7_4541_a1e6_8782ddf172dc
2025-07-31 20:43:05,004 INFO  [io.api.tes.ser.api.KafkaSerdesTester] (Thread-600) Sending message {"key11753994583438": "value-9"} to topic topic-4e16783d_40c7_4541_a1e6_8782ddf172dc
2025-07-31 20:43:05,006 INFO  [io.api.tes.ser.api.KafkaSerdesTester] (Thread-600) Produced 10 messages
2025-07-31 20:43:05,006 INFO  [org.apa.kaf.cli.pro.KafkaProducer] (Thread-600) [Producer clientId=Producer-topic-4e16783d_40c7_4541_a1e6_8782ddf172dc] Closing the Kafka producer with timeoutMillis = 9223372036854775807 ms.
2025-07-31 20:43:05,012 INFO  [org.apa.kaf.com.met.Metrics] (Thread-600) Metrics scheduler closed
2025-07-31 20:43:05,012 INFO  [org.apa.kaf.com.met.Metrics] (Thread-600) Closing reporter org.apache.kafka.common.metrics.JmxReporter
2025-07-31 20:43:05,012 INFO  [org.apa.kaf.com.met.Metrics] (Thread-600) Closing reporter org.apache.kafka.common.telemetry.internals.ClientTelemetryReporter
2025-07-31 20:43:05,012 INFO  [org.apa.kaf.com.met.Metrics] (Thread-600) Metrics reporters closed
2025-07-31 20:43:05,013 INFO  [org.apa.kaf.com.uti.AppInfoParser] (Thread-600) App info kafka.producer for Producer-topic-4e16783d_40c7_4541_a1e6_8782ddf172dc unregistered
**** Registry Base URL: http://registry-app-mysql.apps.ci419.apicurio-testing.org:80
2025-07-31 20:43:05,014 INFO  [org.apa.kaf.cli.con.ConsumerConfig] (main) ConsumerConfig values: 
	allow.auto.create.topics = true
	auto.commit.interval.ms = 500
	auto.include.jmx.reporter = true
	auto.offset.reset = earliest
	bootstrap.servers = [PLAINTEXT://localhost:32770]
	check.crcs = true
	client.dns.lookup = use_all_dns_ips
	client.id = consumer-Consumer-topic-4e16783d_40c7_4541_a1e6_8782ddf172dc-2
	client.rack = 
	connections.max.idle.ms = 10000
	default.api.timeout.ms = 60000
	enable.auto.commit = true
	enable.metrics.push = true
	exclude.internal.topics = true
	fetch.max.bytes = 52428800
	fetch.max.wait.ms = 500
	fetch.min.bytes = 1
	group.id = Consumer-topic-4e16783d_40c7_4541_a1e6_8782ddf172dc
	group.instance.id = null
	group.protocol = classic
	group.remote.assignor = null
	heartbeat.interval.ms = 3000
	interceptor.classes = []
	internal.leave.group.on.close = true
	internal.throw.on.fetch.stable.offset.unsupported = false
	isolation.level = read_uncommitted
	key.deserializer = class org.apache.kafka.common.serialization.StringDeserializer
	max.partition.fetch.bytes = 1048576
	max.poll.interval.ms = 300000
	max.poll.records = 500
	metadata.max.age.ms = 300000
	metadata.recovery.strategy = none
	metric.reporters = []
	metrics.num.samples = 2
	metrics.recording.level = INFO
	metrics.sample.window.ms = 30000
	partition.assignment.strategy = [class org.apache.kafka.clients.consumer.RangeAssignor, class org.apache.kafka.clients.consumer.CooperativeStickyAssignor]
	receive.buffer.bytes = 65536
	reconnect.backoff.max.ms = 1000
	reconnect.backoff.ms = 50
	request.timeout.ms = 5000
	retry.backoff.max.ms = 1000
	retry.backoff.ms = 100
	sasl.client.callback.handler.class = null
	sasl.jaas.config = null
	sasl.kerberos.kinit.cmd = /usr/bin/kinit
	sasl.kerberos.min.time.before.relogin = 60000
	sasl.kerberos.service.name = null
	sasl.kerberos.ticket.renew.jitter = 0.05
	sasl.kerberos.ticket.renew.window.factor = 0.8
	sasl.login.callback.handler.class = null
	sasl.login.class = null
	sasl.login.connect.timeout.ms = null
	sasl.login.read.timeout.ms = null
	sasl.login.refresh.buffer.seconds = 300
	sasl.login.refresh.min.period.seconds = 60
	sasl.login.refresh.window.factor = 0.8
	sasl.login.refresh.window.jitter = 0.05
	sasl.login.retry.backoff.max.ms = 10000
	sasl.login.retry.backoff.ms = 100
	sasl.mechanism = GSSAPI
	sasl.oauthbearer.clock.skew.seconds = 30
	sasl.oauthbearer.expected.audience = null
	sasl.oauthbearer.expected.issuer = null
	sasl.oauthbearer.header.urlencode = false
	sasl.oauthbearer.jwks.endpoint.refresh.ms = 3600000
	sasl.oauthbearer.jwks.endpoint.retry.backoff.max.ms = 10000
	sasl.oauthbearer.jwks.endpoint.retry.backoff.ms = 100
	sasl.oauthbearer.jwks.endpoint.url = null
	sasl.oauthbearer.scope.claim.name = scope
	sasl.oauthbearer.sub.claim.name = sub
	sasl.oauthbearer.token.endpoint.url = null
	security.protocol = PLAINTEXT
	security.providers = null
	send.buffer.bytes = 131072
	session.timeout.ms = 45000
	socket.connection.setup.timeout.max.ms = 30000
	socket.connection.setup.timeout.ms = 10000
	ssl.cipher.suites = null
	ssl.enabled.protocols = [TLSv1.2, TLSv1.3]
	ssl.endpoint.identification.algorithm = https
	ssl.engine.factory.class = null
	ssl.key.password = null
	ssl.keymanager.algorithm = SunX509
	ssl.keystore.certificate.chain = null
	ssl.keystore.key = null
	ssl.keystore.location = null
	ssl.keystore.password = null
	ssl.keystore.type = JKS
	ssl.protocol = TLSv1.3
	ssl.provider = null
	ssl.secure.random.implementation = null
	ssl.trustmanager.algorithm = PKIX
	ssl.truststore.certificates = null
	ssl.truststore.location = null
	ssl.truststore.password = null
	ssl.truststore.type = JKS
	value.deserializer = class io.apicurio.registry.serde.avro.AvroKafkaDeserializer

2025-07-31 20:43:05,015 INFO  [org.apa.kaf.com.tel.int.KafkaMetricsCollector] (main) initializing Kafka metrics collector
2025-07-31 20:43:05,031 INFO  [org.apa.kaf.cli.con.ConsumerConfig] (main) These configurations '[apicurio.registry.url]' were supplied but are not used yet.
2025-07-31 20:43:05,032 INFO  [org.apa.kaf.com.uti.AppInfoParser] (main) Kafka version: 3.9.1
2025-07-31 20:43:05,032 INFO  [org.apa.kaf.com.uti.AppInfoParser] (main) Kafka commitId: f745dfdcee2b9851
2025-07-31 20:43:05,032 INFO  [org.apa.kaf.com.uti.AppInfoParser] (main) Kafka startTimeMs: 1753994585031
2025-07-31 20:43:05,034 INFO  [org.apa.kaf.cli.con.int.ClassicKafkaConsumer] (Thread-603) [Consumer clientId=consumer-Consumer-topic-4e16783d_40c7_4541_a1e6_8782ddf172dc-2, groupId=Consumer-topic-4e16783d_40c7_4541_a1e6_8782ddf172dc] Subscribed to topic(s): topic-4e16783d_40c7_4541_a1e6_8782ddf172dc
2025-07-31 20:43:05,048 INFO  [org.apa.kaf.cli.Metadata] (Thread-603) [Consumer clientId=consumer-Consumer-topic-4e16783d_40c7_4541_a1e6_8782ddf172dc-2, groupId=Consumer-topic-4e16783d_40c7_4541_a1e6_8782ddf172dc] Cluster ID: 6lKjf0w6TFCctmqQa8E77g
2025-07-31 20:43:05,052 INFO  [org.apa.kaf.cli.con.int.ConsumerCoordinator] (Thread-603) [Consumer clientId=consumer-Consumer-topic-4e16783d_40c7_4541_a1e6_8782ddf172dc-2, groupId=Consumer-topic-4e16783d_40c7_4541_a1e6_8782ddf172dc] Discovered group coordinator localhost:32770 (id: 2147483647 rack: null)
2025-07-31 20:43:05,056 INFO  [org.apa.kaf.cli.con.int.ConsumerCoordinator] (Thread-603) [Consumer clientId=consumer-Consumer-topic-4e16783d_40c7_4541_a1e6_8782ddf172dc-2, groupId=Consumer-topic-4e16783d_40c7_4541_a1e6_8782ddf172dc] (Re-)joining group
2025-07-31 20:43:05,072 INFO  [org.apa.kaf.cli.con.int.ConsumerCoordinator] (Thread-603) [Consumer clientId=consumer-Consumer-topic-4e16783d_40c7_4541_a1e6_8782ddf172dc-2, groupId=Consumer-topic-4e16783d_40c7_4541_a1e6_8782ddf172dc] Request joining group due to: need to re-join with the given member-id: consumer-Consumer-topic-4e16783d_40c7_4541_a1e6_8782ddf172dc-2-85babe14-0916-4bf8-916e-2e9b822d70b9
2025-07-31 20:43:05,072 INFO  [org.apa.kaf.cli.con.int.ConsumerCoordinator] (Thread-603) [Consumer clientId=consumer-Consumer-topic-4e16783d_40c7_4541_a1e6_8782ddf172dc-2, groupId=Consumer-topic-4e16783d_40c7_4541_a1e6_8782ddf172dc] (Re-)joining group
2025-07-31 20:43:05,077 INFO  [org.apa.kaf.cli.con.int.ConsumerCoordinator] (Thread-603) [Consumer clientId=consumer-Consumer-topic-4e16783d_40c7_4541_a1e6_8782ddf172dc-2, groupId=Consumer-topic-4e16783d_40c7_4541_a1e6_8782ddf172dc] Successfully joined group with generation Generation{generationId=1, memberId='consumer-Consumer-topic-4e16783d_40c7_4541_a1e6_8782ddf172dc-2-85babe14-0916-4bf8-916e-2e9b822d70b9', protocol='range'}
2025-07-31 20:43:05,077 INFO  [org.apa.kaf.cli.con.int.ConsumerCoordinator] (Thread-603) [Consumer clientId=consumer-Consumer-topic-4e16783d_40c7_4541_a1e6_8782ddf172dc-2, groupId=Consumer-topic-4e16783d_40c7_4541_a1e6_8782ddf172dc] Finished assignment for group at generation 1: {consumer-Consumer-topic-4e16783d_40c7_4541_a1e6_8782ddf172dc-2-85babe14-0916-4bf8-916e-2e9b822d70b9=Assignment(partitions=[topic-4e16783d_40c7_4541_a1e6_8782ddf172dc-0])}
2025-07-31 20:43:05,082 INFO  [org.apa.kaf.cli.con.int.ConsumerCoordinator] (Thread-603) [Consumer clientId=consumer-Consumer-topic-4e16783d_40c7_4541_a1e6_8782ddf172dc-2, groupId=Consumer-topic-4e16783d_40c7_4541_a1e6_8782ddf172dc] Successfully synced group in generation Generation{generationId=1, memberId='consumer-Consumer-topic-4e16783d_40c7_4541_a1e6_8782ddf172dc-2-85babe14-0916-4bf8-916e-2e9b822d70b9', protocol='range'}
2025-07-31 20:43:05,082 INFO  [org.apa.kaf.cli.con.int.ConsumerCoordinator] (Thread-603) [Consumer clientId=consumer-Consumer-topic-4e16783d_40c7_4541_a1e6_8782ddf172dc-2, groupId=Consumer-topic-4e16783d_40c7_4541_a1e6_8782ddf172dc] Notifying assignor about the new Assignment(partitions=[topic-4e16783d_40c7_4541_a1e6_8782ddf172dc-0])
2025-07-31 20:43:05,083 INFO  [org.apa.kaf.cli.con.int.ConsumerRebalanceListenerInvoker] (Thread-603) [Consumer clientId=consumer-Consumer-topic-4e16783d_40c7_4541_a1e6_8782ddf172dc-2, groupId=Consumer-topic-4e16783d_40c7_4541_a1e6_8782ddf172dc] Adding newly assigned partitions: topic-4e16783d_40c7_4541_a1e6_8782ddf172dc-0
2025-07-31 20:43:05,085 INFO  [org.apa.kaf.cli.con.int.ConsumerCoordinator] (Thread-603) [Consumer clientId=consumer-Consumer-topic-4e16783d_40c7_4541_a1e6_8782ddf172dc-2, groupId=Consumer-topic-4e16783d_40c7_4541_a1e6_8782ddf172dc] Found no committed offset for partition topic-4e16783d_40c7_4541_a1e6_8782ddf172dc-0
2025-07-31 20:43:05,093 INFO  [org.apa.kaf.cli.con.int.SubscriptionState] (Thread-603) [Consumer clientId=consumer-Consumer-topic-4e16783d_40c7_4541_a1e6_8782ddf172dc-2, groupId=Consumer-topic-4e16783d_40c7_4541_a1e6_8782ddf172dc] Resetting offset for partition topic-4e16783d_40c7_4541_a1e6_8782ddf172dc-0 to position FetchPosition{offset=0, offsetEpoch=Optional.empty, currentLeader=LeaderAndEpoch{leader=Optional[localhost:32770 (id: 0 rack: null)], epoch=0}}.
2025-07-31 20:43:05,337 INFO  [io.api.tes.ser.api.KafkaSerdesTester] (Thread-603) topic-4e16783d_40c7_4541_a1e6_8782ddf172dc 0 0 {"key11753994583438": "value-0"}
2025-07-31 20:43:05,337 INFO  [io.api.tes.ser.api.KafkaSerdesTester] (Thread-603) topic-4e16783d_40c7_4541_a1e6_8782ddf172dc 0 1 {"key11753994583438": "value-1"}
2025-07-31 20:43:05,337 INFO  [io.api.tes.ser.api.KafkaSerdesTester] (Thread-603) topic-4e16783d_40c7_4541_a1e6_8782ddf172dc 0 2 {"key11753994583438": "value-2"}
2025-07-31 20:43:05,337 INFO  [io.api.tes.ser.api.KafkaSerdesTester] (Thread-603) topic-4e16783d_40c7_4541_a1e6_8782ddf172dc 0 3 {"key11753994583438": "value-3"}
2025-07-31 20:43:05,337 INFO  [io.api.tes.ser.api.KafkaSerdesTester] (Thread-603) topic-4e16783d_40c7_4541_a1e6_8782ddf172dc 0 4 {"key11753994583438": "value-4"}
2025-07-31 20:43:05,337 INFO  [io.api.tes.ser.api.KafkaSerdesTester] (Thread-603) topic-4e16783d_40c7_4541_a1e6_8782ddf172dc 0 5 {"key11753994583438": "value-5"}
2025-07-31 20:43:05,337 INFO  [io.api.tes.ser.api.KafkaSerdesTester] (Thread-603) topic-4e16783d_40c7_4541_a1e6_8782ddf172dc 0 6 {"key11753994583438": "value-6"}
2025-07-31 20:43:05,338 INFO  [io.api.tes.ser.api.KafkaSerdesTester] (Thread-603) topic-4e16783d_40c7_4541_a1e6_8782ddf172dc 0 7 {"key11753994583438": "value-7"}
2025-07-31 20:43:05,338 INFO  [io.api.tes.ser.api.KafkaSerdesTester] (Thread-603) topic-4e16783d_40c7_4541_a1e6_8782ddf172dc 0 8 {"key11753994583438": "value-8"}
2025-07-31 20:43:05,338 INFO  [io.api.tes.ser.api.KafkaSerdesTester] (Thread-603) topic-4e16783d_40c7_4541_a1e6_8782ddf172dc 0 9 {"key11753994583438": "value-9"}
2025-07-31 20:43:05,338 INFO  [io.api.tes.ser.api.KafkaSerdesTester] (Thread-603) Consumed 10 messages
2025-07-31 20:43:05,342 INFO  [org.apa.kaf.cli.con.int.ConsumerRebalanceListenerInvoker] (Thread-603) [Consumer clientId=consumer-Consumer-topic-4e16783d_40c7_4541_a1e6_8782ddf172dc-2, groupId=Consumer-topic-4e16783d_40c7_4541_a1e6_8782ddf172dc] Revoke previously assigned partitions topic-4e16783d_40c7_4541_a1e6_8782ddf172dc-0
2025-07-31 20:43:05,342 INFO  [org.apa.kaf.cli.con.int.ConsumerCoordinator] (Thread-603) [Consumer clientId=consumer-Consumer-topic-4e16783d_40c7_4541_a1e6_8782ddf172dc-2, groupId=Consumer-topic-4e16783d_40c7_4541_a1e6_8782ddf172dc] Member consumer-Consumer-topic-4e16783d_40c7_4541_a1e6_8782ddf172dc-2-85babe14-0916-4bf8-916e-2e9b822d70b9 sending LeaveGroup request to coordinator localhost:32770 (id: 2147483647 rack: null) due to the consumer is being closed
2025-07-31 20:43:05,343 INFO  [org.apa.kaf.cli.con.int.ConsumerCoordinator] (Thread-603) [Consumer clientId=consumer-Consumer-topic-4e16783d_40c7_4541_a1e6_8782ddf172dc-2, groupId=Consumer-topic-4e16783d_40c7_4541_a1e6_8782ddf172dc] Resetting generation and member id due to: consumer pro-actively leaving the group
2025-07-31 20:43:05,343 INFO  [org.apa.kaf.cli.con.int.ConsumerCoordinator] (Thread-603) [Consumer clientId=consumer-Consumer-topic-4e16783d_40c7_4541_a1e6_8782ddf172dc-2, groupId=Consumer-topic-4e16783d_40c7_4541_a1e6_8782ddf172dc] Request joining group due to: consumer pro-actively leaving the group
2025-07-31 20:43:05,841 INFO  [org.apa.kaf.com.met.Metrics] (Thread-603) Metrics scheduler closed
2025-07-31 20:43:05,842 INFO  [org.apa.kaf.com.met.Metrics] (Thread-603) Closing reporter org.apache.kafka.common.metrics.JmxReporter
2025-07-31 20:43:05,842 INFO  [org.apa.kaf.com.met.Metrics] (Thread-603) Closing reporter org.apache.kafka.common.telemetry.internals.ClientTelemetryReporter
2025-07-31 20:43:05,842 INFO  [org.apa.kaf.com.met.Metrics] (Thread-603) Metrics reporters closed
2025-07-31 20:43:05,848 INFO  [org.apa.kaf.com.uti.AppInfoParser] (Thread-603) App info kafka.consumer for consumer-Consumer-topic-4e16783d_40c7_4541_a1e6_8782ddf172dc-2 unregistered
2025-07-31 20:43:05,849 INFO  [io.api.tes.uti.TestSeparator] (main) io.apicurio.tests.serdes.apicurio.AvroSerdeIT.testSimpleTopicIdStrategyFindLatest-FINISHED
2025-07-31 20:43:05,849 INFO  [io.api.tes.uti.TestSeparator] (main) ############################################################################
Test passed: testSimpleTopicIdStrategyFindLatest
]]></system-out>
  </testcase>
  <testcase name="testWrongSchema" classname="io.apicurio.tests.serdes.apicurio.AvroSerdeIT" time="1.397">
    <system-out><![CDATA[2025-07-31 20:43:05,854 INFO  [io.api.tes.uti.TestSeparator] (main) ############################################################################
2025-07-31 20:43:05,854 INFO  [io.api.tes.uti.TestSeparator] (main) io.apicurio.tests.serdes.apicurio.AvroSerdeIT.testWrongSchema-STARTED
**** Registry Base URL: http://registry-app-mysql.apps.ci419.apicurio-testing.org:80
2025-07-31 20:43:07,052 INFO  [org.apa.kaf.cli.pro.ProducerConfig] (main) ProducerConfig values: 
	acks = -1
	auto.include.jmx.reporter = true
	batch.size = 16384
	bootstrap.servers = [PLAINTEXT://localhost:32770]
	buffer.memory = 33554432
	client.dns.lookup = use_all_dns_ips
	client.id = Producer-sd7d817e4x0bc1x44bexb7e2x72edce87d937
	compression.gzip.level = -1
	compression.lz4.level = 9
	compression.type = none
	compression.zstd.level = 3
	connections.max.idle.ms = 10000
	delivery.timeout.ms = 120000
	enable.idempotence = true
	enable.metrics.push = true
	interceptor.classes = []
	key.serializer = class org.apache.kafka.common.serialization.StringSerializer
	linger.ms = 0
	max.block.ms = 60000
	max.in.flight.requests.per.connection = 5
	max.request.size = 1048576
	metadata.max.age.ms = 300000
	metadata.max.idle.ms = 300000
	metadata.recovery.strategy = none
	metric.reporters = []
	metrics.num.samples = 2
	metrics.recording.level = INFO
	metrics.sample.window.ms = 30000
	partitioner.adaptive.partitioning.enable = true
	partitioner.availability.timeout.ms = 0
	partitioner.class = null
	partitioner.ignore.keys = false
	receive.buffer.bytes = 32768
	reconnect.backoff.max.ms = 1000
	reconnect.backoff.ms = 50
	request.timeout.ms = 5000
	retries = 2147483647
	retry.backoff.max.ms = 1000
	retry.backoff.ms = 100
	sasl.client.callback.handler.class = null
	sasl.jaas.config = null
	sasl.kerberos.kinit.cmd = /usr/bin/kinit
	sasl.kerberos.min.time.before.relogin = 60000
	sasl.kerberos.service.name = null
	sasl.kerberos.ticket.renew.jitter = 0.05
	sasl.kerberos.ticket.renew.window.factor = 0.8
	sasl.login.callback.handler.class = null
	sasl.login.class = null
	sasl.login.connect.timeout.ms = null
	sasl.login.read.timeout.ms = null
	sasl.login.refresh.buffer.seconds = 300
	sasl.login.refresh.min.period.seconds = 60
	sasl.login.refresh.window.factor = 0.8
	sasl.login.refresh.window.jitter = 0.05
	sasl.login.retry.backoff.max.ms = 10000
	sasl.login.retry.backoff.ms = 100
	sasl.mechanism = GSSAPI
	sasl.oauthbearer.clock.skew.seconds = 30
	sasl.oauthbearer.expected.audience = null
	sasl.oauthbearer.expected.issuer = null
	sasl.oauthbearer.header.urlencode = false
	sasl.oauthbearer.jwks.endpoint.refresh.ms = 3600000
	sasl.oauthbearer.jwks.endpoint.retry.backoff.max.ms = 10000
	sasl.oauthbearer.jwks.endpoint.retry.backoff.ms = 100
	sasl.oauthbearer.jwks.endpoint.url = null
	sasl.oauthbearer.scope.claim.name = scope
	sasl.oauthbearer.sub.claim.name = sub
	sasl.oauthbearer.token.endpoint.url = null
	security.protocol = PLAINTEXT
	security.providers = null
	send.buffer.bytes = 131072
	socket.connection.setup.timeout.max.ms = 30000
	socket.connection.setup.timeout.ms = 10000
	ssl.cipher.suites = null
	ssl.enabled.protocols = [TLSv1.2, TLSv1.3]
	ssl.endpoint.identification.algorithm = https
	ssl.engine.factory.class = null
	ssl.key.password = null
	ssl.keymanager.algorithm = SunX509
	ssl.keystore.certificate.chain = null
	ssl.keystore.key = null
	ssl.keystore.location = null
	ssl.keystore.password = null
	ssl.keystore.type = JKS
	ssl.protocol = TLSv1.3
	ssl.provider = null
	ssl.secure.random.implementation = null
	ssl.trustmanager.algorithm = PKIX
	ssl.truststore.certificates = null
	ssl.truststore.location = null
	ssl.truststore.password = null
	ssl.truststore.type = JKS
	transaction.timeout.ms = 60000
	transactional.id = null
	value.serializer = class io.apicurio.registry.serde.avro.AvroKafkaSerializer

2025-07-31 20:43:07,053 INFO  [org.apa.kaf.com.tel.int.KafkaMetricsCollector] (main) initializing Kafka metrics collector
2025-07-31 20:43:07,057 INFO  [org.apa.kaf.cli.pro.KafkaProducer] (main) [Producer clientId=Producer-sd7d817e4x0bc1x44bexb7e2x72edce87d937] Instantiated an idempotent producer.
2025-07-31 20:43:07,060 INFO  [org.apa.kaf.cli.pro.ProducerConfig] (main) These configurations '[apicurio.registry.find-latest, apicurio.registry.url, apicurio.registry.artifact-resolver-strategy]' were supplied but are not used yet.
2025-07-31 20:43:07,060 INFO  [org.apa.kaf.com.uti.AppInfoParser] (main) Kafka version: 3.9.1
2025-07-31 20:43:07,060 INFO  [org.apa.kaf.com.uti.AppInfoParser] (main) Kafka commitId: f745dfdcee2b9851
2025-07-31 20:43:07,061 INFO  [org.apa.kaf.com.uti.AppInfoParser] (main) Kafka startTimeMs: 1753994587060
2025-07-31 20:43:07,064 INFO  [io.api.tes.ser.api.KafkaSerdesTester] (Thread-606) Sending message {"keyB": "value-0"} to topic sd7d817e4x0bc1x44bexb7e2x72edce87d937
2025-07-31 20:43:07,068 INFO  [org.apa.kaf.cli.Metadata] (kafka-producer-network-thread | Producer-sd7d817e4x0bc1x44bexb7e2x72edce87d937) [Producer clientId=Producer-sd7d817e4x0bc1x44bexb7e2x72edce87d937] Cluster ID: 6lKjf0w6TFCctmqQa8E77g
2025-07-31 20:43:07,069 INFO  [org.apa.kaf.cli.pro.int.TransactionManager] (kafka-producer-network-thread | Producer-sd7d817e4x0bc1x44bexb7e2x72edce87d937) [Producer clientId=Producer-sd7d817e4x0bc1x44bexb7e2x72edce87d937] ProducerId set to 2 with epoch 0
2025-07-31 20:43:07,244 INFO  [org.apa.kaf.cli.pro.KafkaProducer] (Thread-606) [Producer clientId=Producer-sd7d817e4x0bc1x44bexb7e2x72edce87d937] Closing the Kafka producer with timeoutMillis = 9223372036854775807 ms.
2025-07-31 20:43:07,247 INFO  [org.apa.kaf.com.met.Metrics] (Thread-606) Metrics scheduler closed
2025-07-31 20:43:07,247 INFO  [org.apa.kaf.com.met.Metrics] (Thread-606) Closing reporter org.apache.kafka.common.metrics.JmxReporter
2025-07-31 20:43:07,247 INFO  [org.apa.kaf.com.met.Metrics] (Thread-606) Closing reporter org.apache.kafka.common.telemetry.internals.ClientTelemetryReporter
2025-07-31 20:43:07,247 INFO  [org.apa.kaf.com.met.Metrics] (Thread-606) Metrics reporters closed
2025-07-31 20:43:07,248 INFO  [org.apa.kaf.com.uti.AppInfoParser] (Thread-606) App info kafka.producer for Producer-sd7d817e4x0bc1x44bexb7e2x72edce87d937 unregistered
2025-07-31 20:43:07,248 INFO  [io.api.tes.uti.TestSeparator] (main) io.apicurio.tests.serdes.apicurio.AvroSerdeIT.testWrongSchema-FINISHED
2025-07-31 20:43:07,248 INFO  [io.api.tes.uti.TestSeparator] (main) ############################################################################
Test passed: testWrongSchema
]]></system-out>
    <system-err><![CDATA[io.apicurio.registry.rest.client.models.ProblemDetails
	at io.apicurio.registry.rest.client.models.ProblemDetails.createFromDiscriminatorValue(ProblemDetails.java:58)
	at io.kiota.serialization.json.JsonParseNode.getObjectValue(JsonParseNode.java:247)
	at io.kiota.http.vertx.VertXRequestAdapter.lambda$throwIfFailedResponse$0(VertXRequestAdapter.java:400)
	at com.microsoft.kiota.ApiExceptionBuilder.<init>(ApiExceptionBuilder.java:26)
	at io.kiota.http.vertx.VertXRequestAdapter.throwIfFailedResponse(VertXRequestAdapter.java:399)
	at io.kiota.http.vertx.VertXRequestAdapter.send(VertXRequestAdapter.java:170)
	at io.apicurio.registry.rest.client.groups.item.artifacts.item.versions.item.WithVersionExpressionItemRequestBuilder.get(WithVersionExpressionItemRequestBuilder.java:128)
	at io.apicurio.registry.rest.client.groups.item.artifacts.item.versions.item.WithVersionExpressionItemRequestBuilder.get(WithVersionExpressionItemRequestBuilder.java:111)
	at io.apicurio.registry.resolver.client.RegistryClientFacadeImpl.getVersionCoordinatesByGAV(RegistryClientFacadeImpl.java:153)
	at io.apicurio.registry.resolver.DefaultSchemaResolver.resolveByCoordinates(DefaultSchemaResolver.java:352)
	at io.apicurio.registry.resolver.DefaultSchemaResolver.lambda$resolveSchemaByArtifactReferenceCached$6(DefaultSchemaResolver.java:340)
	at io.apicurio.registry.resolver.cache.ERCache.lambda$getValue$0(ERCache.java:174)
	at io.apicurio.registry.resolver.cache.ERCache.retry(ERCache.java:227)
	at io.apicurio.registry.resolver.cache.ERCache.getValue(ERCache.java:173)
	at io.apicurio.registry.resolver.cache.ERCache.getByArtifactCoordinates(ERCache.java:158)
	at io.apicurio.registry.resolver.DefaultSchemaResolver.resolveSchemaByArtifactReferenceCached(DefaultSchemaResolver.java:338)
	at io.apicurio.registry.resolver.DefaultSchemaResolver.resolveSchemaByCoordinates(DefaultSchemaResolver.java:193)
	at io.apicurio.registry.resolver.DefaultSchemaResolver.getSchemaFromRegistry(DefaultSchemaResolver.java:130)
	at io.apicurio.registry.resolver.DefaultSchemaResolver.lambda$resolveSchema$0(DefaultSchemaResolver.java:84)
	at java.base/java.util.Optional.orElseGet(Optional.java:364)
	at io.apicurio.registry.resolver.DefaultSchemaResolver.resolveSchema(DefaultSchemaResolver.java:84)
	at io.apicurio.registry.serde.AbstractSerializer.serializeData(AbstractSerializer.java:62)
	at io.apicurio.registry.serde.KafkaSerializer.serialize(KafkaSerializer.java:77)
	at org.apache.kafka.clients.producer.KafkaProducer.doSend(KafkaProducer.java:1046)
	at org.apache.kafka.clients.producer.KafkaProducer.send(KafkaProducer.java:993)
	at org.apache.kafka.clients.producer.KafkaProducer.send(KafkaProducer.java:875)
	at io.apicurio.tests.serdes.apicurio.KafkaSerdesTester.lambda$produceMessages$3(KafkaSerdesTester.java:138)
	at java.base/java.util.concurrent.CompletableFuture$AsyncSupply.run(CompletableFuture.java:1768)
	at java.base/java.lang.Thread.run(Thread.java:840)
]]></system-err>
  </testcase>
  <testcase name="testAvroJSON" classname="io.apicurio.tests.serdes.apicurio.AvroSerdeIT" time="1.344">
    <system-out><![CDATA[2025-07-31 20:43:07,250 INFO  [io.api.tes.uti.TestSeparator] (main) ############################################################################
2025-07-31 20:43:07,251 INFO  [io.api.tes.uti.TestSeparator] (main) io.apicurio.tests.serdes.apicurio.AvroSerdeIT.testAvroJSON-STARTED
**** Registry Base URL: http://registry-app-mysql.apps.ci419.apicurio-testing.org:80
2025-07-31 20:43:07,255 INFO  [org.apa.kaf.cli.pro.ProducerConfig] (main) ProducerConfig values: 
	acks = -1
	auto.include.jmx.reporter = true
	batch.size = 16384
	bootstrap.servers = [PLAINTEXT://localhost:32770]
	buffer.memory = 33554432
	client.dns.lookup = use_all_dns_ips
	client.id = Producer-topic-44d80df7_a02c_4e37_83c0_198c517b33f2
	compression.gzip.level = -1
	compression.lz4.level = 9
	compression.type = none
	compression.zstd.level = 3
	connections.max.idle.ms = 10000
	delivery.timeout.ms = 120000
	enable.idempotence = true
	enable.metrics.push = true
	interceptor.classes = []
	key.serializer = class org.apache.kafka.common.serialization.StringSerializer
	linger.ms = 0
	max.block.ms = 60000
	max.in.flight.requests.per.connection = 5
	max.request.size = 1048576
	metadata.max.age.ms = 300000
	metadata.max.idle.ms = 300000
	metadata.recovery.strategy = none
	metric.reporters = []
	metrics.num.samples = 2
	metrics.recording.level = INFO
	metrics.sample.window.ms = 30000
	partitioner.adaptive.partitioning.enable = true
	partitioner.availability.timeout.ms = 0
	partitioner.class = null
	partitioner.ignore.keys = false
	receive.buffer.bytes = 32768
	reconnect.backoff.max.ms = 1000
	reconnect.backoff.ms = 50
	request.timeout.ms = 5000
	retries = 2147483647
	retry.backoff.max.ms = 1000
	retry.backoff.ms = 100
	sasl.client.callback.handler.class = null
	sasl.jaas.config = null
	sasl.kerberos.kinit.cmd = /usr/bin/kinit
	sasl.kerberos.min.time.before.relogin = 60000
	sasl.kerberos.service.name = null
	sasl.kerberos.ticket.renew.jitter = 0.05
	sasl.kerberos.ticket.renew.window.factor = 0.8
	sasl.login.callback.handler.class = null
	sasl.login.class = null
	sasl.login.connect.timeout.ms = null
	sasl.login.read.timeout.ms = null
	sasl.login.refresh.buffer.seconds = 300
	sasl.login.refresh.min.period.seconds = 60
	sasl.login.refresh.window.factor = 0.8
	sasl.login.refresh.window.jitter = 0.05
	sasl.login.retry.backoff.max.ms = 10000
	sasl.login.retry.backoff.ms = 100
	sasl.mechanism = GSSAPI
	sasl.oauthbearer.clock.skew.seconds = 30
	sasl.oauthbearer.expected.audience = null
	sasl.oauthbearer.expected.issuer = null
	sasl.oauthbearer.header.urlencode = false
	sasl.oauthbearer.jwks.endpoint.refresh.ms = 3600000
	sasl.oauthbearer.jwks.endpoint.retry.backoff.max.ms = 10000
	sasl.oauthbearer.jwks.endpoint.retry.backoff.ms = 100
	sasl.oauthbearer.jwks.endpoint.url = null
	sasl.oauthbearer.scope.claim.name = scope
	sasl.oauthbearer.sub.claim.name = sub
	sasl.oauthbearer.token.endpoint.url = null
	security.protocol = PLAINTEXT
	security.providers = null
	send.buffer.bytes = 131072
	socket.connection.setup.timeout.max.ms = 30000
	socket.connection.setup.timeout.ms = 10000
	ssl.cipher.suites = null
	ssl.enabled.protocols = [TLSv1.2, TLSv1.3]
	ssl.endpoint.identification.algorithm = https
	ssl.engine.factory.class = null
	ssl.key.password = null
	ssl.keymanager.algorithm = SunX509
	ssl.keystore.certificate.chain = null
	ssl.keystore.key = null
	ssl.keystore.location = null
	ssl.keystore.password = null
	ssl.keystore.type = JKS
	ssl.protocol = TLSv1.3
	ssl.provider = null
	ssl.secure.random.implementation = null
	ssl.trustmanager.algorithm = PKIX
	ssl.truststore.certificates = null
	ssl.truststore.location = null
	ssl.truststore.password = null
	ssl.truststore.type = JKS
	transaction.timeout.ms = 60000
	transactional.id = null
	value.serializer = class io.apicurio.registry.serde.avro.AvroKafkaSerializer

2025-07-31 20:43:07,255 INFO  [org.apa.kaf.com.tel.int.KafkaMetricsCollector] (main) initializing Kafka metrics collector
2025-07-31 20:43:07,273 INFO  [org.apa.kaf.cli.pro.KafkaProducer] (main) [Producer clientId=Producer-topic-44d80df7_a02c_4e37_83c0_198c517b33f2] Instantiated an idempotent producer.
2025-07-31 20:43:07,281 INFO  [org.apa.kaf.cli.pro.ProducerConfig] (main) These configurations '[apicurio.registry.avro.encoding, apicurio.registry.url, apicurio.registry.auto-register, apicurio.registry.artifact-resolver-strategy]' were supplied but are not used yet.
2025-07-31 20:43:07,281 INFO  [org.apa.kaf.com.uti.AppInfoParser] (main) Kafka version: 3.9.1
2025-07-31 20:43:07,281 INFO  [org.apa.kaf.com.uti.AppInfoParser] (main) Kafka commitId: f745dfdcee2b9851
2025-07-31 20:43:07,283 INFO  [org.apa.kaf.com.uti.AppInfoParser] (main) Kafka startTimeMs: 1753994587281
2025-07-31 20:43:07,283 INFO  [io.api.tes.ser.api.SimpleSerdesTesterBuilder$SimpleSerdesTester] (main) Using producer configuration: {apicurio.registry.avro.encoding=JSON, apicurio.registry.url=http://registry-app-mysql.apps.ci419.apicurio-testing.org:80/apis/registry/v3, apicurio.registry.auto-register=true, apicurio.registry.artifact-resolver-strategy=io.apicurio.registry.serde.strategy.TopicIdStrategy, value.serializer=io.apicurio.registry.serde.avro.AvroKafkaSerializer, request.timeout.ms=5000, acks=all, bootstrap.servers=PLAINTEXT://localhost:32770, connections.max.idle.ms=10000, key.serializer=org.apache.kafka.common.serialization.StringSerializer, client.id=Producer-topic-44d80df7_a02c_4e37_83c0_198c517b33f2}
2025-07-31 20:43:07,283 INFO  [io.api.tes.ser.api.SimpleSerdesTesterBuilder$SimpleSerdesTester] (main) Using consumer configuration: {apicurio.registry.avro.encoding=JSON}
2025-07-31 20:43:07,283 INFO  [io.api.tes.ser.api.KafkaSerdesTester] (Thread-609) Sending message {"bar": "value-0"} to topic topic-44d80df7_a02c_4e37_83c0_198c517b33f2
2025-07-31 20:43:07,302 WARN  [org.apa.kaf.cli.NetworkClient] (kafka-producer-network-thread | Producer-topic-44d80df7_a02c_4e37_83c0_198c517b33f2) [Producer clientId=Producer-topic-44d80df7_a02c_4e37_83c0_198c517b33f2] The metadata response from the cluster reported a recoverable issue with correlation id 2 : {topic-44d80df7_a02c_4e37_83c0_198c517b33f2=LEADER_NOT_AVAILABLE}
2025-07-31 20:43:07,302 INFO  [org.apa.kaf.cli.Metadata] (kafka-producer-network-thread | Producer-topic-44d80df7_a02c_4e37_83c0_198c517b33f2) [Producer clientId=Producer-topic-44d80df7_a02c_4e37_83c0_198c517b33f2] Cluster ID: 6lKjf0w6TFCctmqQa8E77g
2025-07-31 20:43:07,303 INFO  [org.apa.kaf.cli.pro.int.TransactionManager] (kafka-producer-network-thread | Producer-topic-44d80df7_a02c_4e37_83c0_198c517b33f2) [Producer clientId=Producer-topic-44d80df7_a02c_4e37_83c0_198c517b33f2] ProducerId set to 3 with epoch 0
2025-07-31 20:43:07,612 INFO  [io.api.tes.ser.api.KafkaSerdesTester] (Thread-609) Sending message {"bar": "value-1"} to topic topic-44d80df7_a02c_4e37_83c0_198c517b33f2
2025-07-31 20:43:07,615 INFO  [io.api.tes.ser.api.KafkaSerdesTester] (Thread-609) Sending message {"bar": "value-2"} to topic topic-44d80df7_a02c_4e37_83c0_198c517b33f2
2025-07-31 20:43:07,618 INFO  [io.api.tes.ser.api.KafkaSerdesTester] (Thread-609) Sending message {"bar": "value-3"} to topic topic-44d80df7_a02c_4e37_83c0_198c517b33f2
2025-07-31 20:43:07,620 INFO  [io.api.tes.ser.api.KafkaSerdesTester] (Thread-609) Sending message {"bar": "value-4"} to topic topic-44d80df7_a02c_4e37_83c0_198c517b33f2
2025-07-31 20:43:07,623 INFO  [io.api.tes.ser.api.KafkaSerdesTester] (Thread-609) Sending message {"bar": "value-5"} to topic topic-44d80df7_a02c_4e37_83c0_198c517b33f2
2025-07-31 20:43:07,625 INFO  [io.api.tes.ser.api.KafkaSerdesTester] (Thread-609) Sending message {"bar": "value-6"} to topic topic-44d80df7_a02c_4e37_83c0_198c517b33f2
2025-07-31 20:43:07,627 INFO  [io.api.tes.ser.api.KafkaSerdesTester] (Thread-609) Sending message {"bar": "value-7"} to topic topic-44d80df7_a02c_4e37_83c0_198c517b33f2
2025-07-31 20:43:07,630 INFO  [io.api.tes.ser.api.KafkaSerdesTester] (Thread-609) Sending message {"bar": "value-8"} to topic topic-44d80df7_a02c_4e37_83c0_198c517b33f2
2025-07-31 20:43:07,634 INFO  [io.api.tes.ser.api.KafkaSerdesTester] (Thread-609) Sending message {"bar": "value-9"} to topic topic-44d80df7_a02c_4e37_83c0_198c517b33f2
2025-07-31 20:43:07,638 INFO  [io.api.tes.ser.api.KafkaSerdesTester] (Thread-609) Produced 10 messages
2025-07-31 20:43:07,638 INFO  [org.apa.kaf.cli.pro.KafkaProducer] (Thread-609) [Producer clientId=Producer-topic-44d80df7_a02c_4e37_83c0_198c517b33f2] Closing the Kafka producer with timeoutMillis = 9223372036854775807 ms.
2025-07-31 20:43:07,646 INFO  [org.apa.kaf.com.met.Metrics] (Thread-609) Metrics scheduler closed
2025-07-31 20:43:07,646 INFO  [org.apa.kaf.com.met.Metrics] (Thread-609) Closing reporter org.apache.kafka.common.metrics.JmxReporter
2025-07-31 20:43:07,646 INFO  [org.apa.kaf.com.met.Metrics] (Thread-609) Closing reporter org.apache.kafka.common.telemetry.internals.ClientTelemetryReporter
2025-07-31 20:43:07,647 INFO  [org.apa.kaf.com.met.Metrics] (Thread-609) Metrics reporters closed
2025-07-31 20:43:07,647 INFO  [org.apa.kaf.com.uti.AppInfoParser] (Thread-609) App info kafka.producer for Producer-topic-44d80df7_a02c_4e37_83c0_198c517b33f2 unregistered
**** Registry Base URL: http://registry-app-mysql.apps.ci419.apicurio-testing.org:80
2025-07-31 20:43:07,804 INFO  [org.apa.kaf.cli.con.ConsumerConfig] (main) ConsumerConfig values: 
	allow.auto.create.topics = true
	auto.commit.interval.ms = 500
	auto.include.jmx.reporter = true
	auto.offset.reset = earliest
	bootstrap.servers = [PLAINTEXT://localhost:32770]
	check.crcs = true
	client.dns.lookup = use_all_dns_ips
	client.id = consumer-Consumer-topic-44d80df7_a02c_4e37_83c0_198c517b33f2-3
	client.rack = 
	connections.max.idle.ms = 10000
	default.api.timeout.ms = 60000
	enable.auto.commit = true
	enable.metrics.push = true
	exclude.internal.topics = true
	fetch.max.bytes = 52428800
	fetch.max.wait.ms = 500
	fetch.min.bytes = 1
	group.id = Consumer-topic-44d80df7_a02c_4e37_83c0_198c517b33f2
	group.instance.id = null
	group.protocol = classic
	group.remote.assignor = null
	heartbeat.interval.ms = 3000
	interceptor.classes = []
	internal.leave.group.on.close = true
	internal.throw.on.fetch.stable.offset.unsupported = false
	isolation.level = read_uncommitted
	key.deserializer = class org.apache.kafka.common.serialization.StringDeserializer
	max.partition.fetch.bytes = 1048576
	max.poll.interval.ms = 300000
	max.poll.records = 500
	metadata.max.age.ms = 300000
	metadata.recovery.strategy = none
	metric.reporters = []
	metrics.num.samples = 2
	metrics.recording.level = INFO
	metrics.sample.window.ms = 30000
	partition.assignment.strategy = [class org.apache.kafka.clients.consumer.RangeAssignor, class org.apache.kafka.clients.consumer.CooperativeStickyAssignor]
	receive.buffer.bytes = 65536
	reconnect.backoff.max.ms = 1000
	reconnect.backoff.ms = 50
	request.timeout.ms = 5000
	retry.backoff.max.ms = 1000
	retry.backoff.ms = 100
	sasl.client.callback.handler.class = null
	sasl.jaas.config = null
	sasl.kerberos.kinit.cmd = /usr/bin/kinit
	sasl.kerberos.min.time.before.relogin = 60000
	sasl.kerberos.service.name = null
	sasl.kerberos.ticket.renew.jitter = 0.05
	sasl.kerberos.ticket.renew.window.factor = 0.8
	sasl.login.callback.handler.class = null
	sasl.login.class = null
	sasl.login.connect.timeout.ms = null
	sasl.login.read.timeout.ms = null
	sasl.login.refresh.buffer.seconds = 300
	sasl.login.refresh.min.period.seconds = 60
	sasl.login.refresh.window.factor = 0.8
	sasl.login.refresh.window.jitter = 0.05
	sasl.login.retry.backoff.max.ms = 10000
	sasl.login.retry.backoff.ms = 100
	sasl.mechanism = GSSAPI
	sasl.oauthbearer.clock.skew.seconds = 30
	sasl.oauthbearer.expected.audience = null
	sasl.oauthbearer.expected.issuer = null
	sasl.oauthbearer.header.urlencode = false
	sasl.oauthbearer.jwks.endpoint.refresh.ms = 3600000
	sasl.oauthbearer.jwks.endpoint.retry.backoff.max.ms = 10000
	sasl.oauthbearer.jwks.endpoint.retry.backoff.ms = 100
	sasl.oauthbearer.jwks.endpoint.url = null
	sasl.oauthbearer.scope.claim.name = scope
	sasl.oauthbearer.sub.claim.name = sub
	sasl.oauthbearer.token.endpoint.url = null
	security.protocol = PLAINTEXT
	security.providers = null
	send.buffer.bytes = 131072
	session.timeout.ms = 45000
	socket.connection.setup.timeout.max.ms = 30000
	socket.connection.setup.timeout.ms = 10000
	ssl.cipher.suites = null
	ssl.enabled.protocols = [TLSv1.2, TLSv1.3]
	ssl.endpoint.identification.algorithm = https
	ssl.engine.factory.class = null
	ssl.key.password = null
	ssl.keymanager.algorithm = SunX509
	ssl.keystore.certificate.chain = null
	ssl.keystore.key = null
	ssl.keystore.location = null
	ssl.keystore.password = null
	ssl.keystore.type = JKS
	ssl.protocol = TLSv1.3
	ssl.provider = null
	ssl.secure.random.implementation = null
	ssl.trustmanager.algorithm = PKIX
	ssl.truststore.certificates = null
	ssl.truststore.location = null
	ssl.truststore.password = null
	ssl.truststore.type = JKS
	value.deserializer = class io.apicurio.registry.serde.avro.AvroKafkaDeserializer

2025-07-31 20:43:07,805 INFO  [org.apa.kaf.com.tel.int.KafkaMetricsCollector] (main) initializing Kafka metrics collector
2025-07-31 20:43:07,814 INFO  [org.apa.kaf.cli.con.ConsumerConfig] (main) These configurations '[apicurio.registry.avro.encoding, apicurio.registry.url]' were supplied but are not used yet.
2025-07-31 20:43:07,814 INFO  [org.apa.kaf.com.uti.AppInfoParser] (main) Kafka version: 3.9.1
2025-07-31 20:43:07,814 INFO  [org.apa.kaf.com.uti.AppInfoParser] (main) Kafka commitId: f745dfdcee2b9851
2025-07-31 20:43:07,814 INFO  [org.apa.kaf.com.uti.AppInfoParser] (main) Kafka startTimeMs: 1753994587814
2025-07-31 20:43:07,815 INFO  [org.apa.kaf.cli.con.int.ClassicKafkaConsumer] (Thread-612) [Consumer clientId=consumer-Consumer-topic-44d80df7_a02c_4e37_83c0_198c517b33f2-3, groupId=Consumer-topic-44d80df7_a02c_4e37_83c0_198c517b33f2] Subscribed to topic(s): topic-44d80df7_a02c_4e37_83c0_198c517b33f2
2025-07-31 20:43:07,823 INFO  [org.apa.kaf.cli.Metadata] (Thread-612) [Consumer clientId=consumer-Consumer-topic-44d80df7_a02c_4e37_83c0_198c517b33f2-3, groupId=Consumer-topic-44d80df7_a02c_4e37_83c0_198c517b33f2] Cluster ID: 6lKjf0w6TFCctmqQa8E77g
2025-07-31 20:43:07,825 INFO  [org.apa.kaf.cli.con.int.ConsumerCoordinator] (Thread-612) [Consumer clientId=consumer-Consumer-topic-44d80df7_a02c_4e37_83c0_198c517b33f2-3, groupId=Consumer-topic-44d80df7_a02c_4e37_83c0_198c517b33f2] Discovered group coordinator localhost:32770 (id: 2147483647 rack: null)
2025-07-31 20:43:07,827 INFO  [org.apa.kaf.cli.con.int.ConsumerCoordinator] (Thread-612) [Consumer clientId=consumer-Consumer-topic-44d80df7_a02c_4e37_83c0_198c517b33f2-3, groupId=Consumer-topic-44d80df7_a02c_4e37_83c0_198c517b33f2] (Re-)joining group
2025-07-31 20:43:07,830 INFO  [org.apa.kaf.cli.con.int.ConsumerCoordinator] (Thread-612) [Consumer clientId=consumer-Consumer-topic-44d80df7_a02c_4e37_83c0_198c517b33f2-3, groupId=Consumer-topic-44d80df7_a02c_4e37_83c0_198c517b33f2] Request joining group due to: need to re-join with the given member-id: consumer-Consumer-topic-44d80df7_a02c_4e37_83c0_198c517b33f2-3-694e86c4-5a85-448d-bf50-44619e5312a6
2025-07-31 20:43:07,830 INFO  [org.apa.kaf.cli.con.int.ConsumerCoordinator] (Thread-612) [Consumer clientId=consumer-Consumer-topic-44d80df7_a02c_4e37_83c0_198c517b33f2-3, groupId=Consumer-topic-44d80df7_a02c_4e37_83c0_198c517b33f2] (Re-)joining group
2025-07-31 20:43:07,838 INFO  [org.apa.kaf.cli.con.int.ConsumerCoordinator] (Thread-612) [Consumer clientId=consumer-Consumer-topic-44d80df7_a02c_4e37_83c0_198c517b33f2-3, groupId=Consumer-topic-44d80df7_a02c_4e37_83c0_198c517b33f2] Successfully joined group with generation Generation{generationId=1, memberId='consumer-Consumer-topic-44d80df7_a02c_4e37_83c0_198c517b33f2-3-694e86c4-5a85-448d-bf50-44619e5312a6', protocol='range'}
2025-07-31 20:43:07,838 INFO  [org.apa.kaf.cli.con.int.ConsumerCoordinator] (Thread-612) [Consumer clientId=consumer-Consumer-topic-44d80df7_a02c_4e37_83c0_198c517b33f2-3, groupId=Consumer-topic-44d80df7_a02c_4e37_83c0_198c517b33f2] Finished assignment for group at generation 1: {consumer-Consumer-topic-44d80df7_a02c_4e37_83c0_198c517b33f2-3-694e86c4-5a85-448d-bf50-44619e5312a6=Assignment(partitions=[topic-44d80df7_a02c_4e37_83c0_198c517b33f2-0])}
2025-07-31 20:43:07,847 INFO  [org.apa.kaf.cli.con.int.ConsumerCoordinator] (Thread-612) [Consumer clientId=consumer-Consumer-topic-44d80df7_a02c_4e37_83c0_198c517b33f2-3, groupId=Consumer-topic-44d80df7_a02c_4e37_83c0_198c517b33f2] Successfully synced group in generation Generation{generationId=1, memberId='consumer-Consumer-topic-44d80df7_a02c_4e37_83c0_198c517b33f2-3-694e86c4-5a85-448d-bf50-44619e5312a6', protocol='range'}
2025-07-31 20:43:07,847 INFO  [org.apa.kaf.cli.con.int.ConsumerCoordinator] (Thread-612) [Consumer clientId=consumer-Consumer-topic-44d80df7_a02c_4e37_83c0_198c517b33f2-3, groupId=Consumer-topic-44d80df7_a02c_4e37_83c0_198c517b33f2] Notifying assignor about the new Assignment(partitions=[topic-44d80df7_a02c_4e37_83c0_198c517b33f2-0])
2025-07-31 20:43:07,848 INFO  [org.apa.kaf.cli.con.int.ConsumerRebalanceListenerInvoker] (Thread-612) [Consumer clientId=consumer-Consumer-topic-44d80df7_a02c_4e37_83c0_198c517b33f2-3, groupId=Consumer-topic-44d80df7_a02c_4e37_83c0_198c517b33f2] Adding newly assigned partitions: topic-44d80df7_a02c_4e37_83c0_198c517b33f2-0
2025-07-31 20:43:07,849 INFO  [org.apa.kaf.cli.con.int.ConsumerCoordinator] (Thread-612) [Consumer clientId=consumer-Consumer-topic-44d80df7_a02c_4e37_83c0_198c517b33f2-3, groupId=Consumer-topic-44d80df7_a02c_4e37_83c0_198c517b33f2] Found no committed offset for partition topic-44d80df7_a02c_4e37_83c0_198c517b33f2-0
2025-07-31 20:43:07,856 INFO  [org.apa.kaf.cli.con.int.SubscriptionState] (Thread-612) [Consumer clientId=consumer-Consumer-topic-44d80df7_a02c_4e37_83c0_198c517b33f2-3, groupId=Consumer-topic-44d80df7_a02c_4e37_83c0_198c517b33f2] Resetting offset for partition topic-44d80df7_a02c_4e37_83c0_198c517b33f2-0 to position FetchPosition{offset=0, offsetEpoch=Optional.empty, currentLeader=LeaderAndEpoch{leader=Optional[localhost:32770 (id: 0 rack: null)], epoch=0}}.
2025-07-31 20:43:08,085 INFO  [io.api.tes.ser.api.KafkaSerdesTester] (Thread-612) topic-44d80df7_a02c_4e37_83c0_198c517b33f2 0 0 {"bar": "value-0"}
2025-07-31 20:43:08,085 INFO  [io.api.tes.ser.api.KafkaSerdesTester] (Thread-612) topic-44d80df7_a02c_4e37_83c0_198c517b33f2 0 1 {"bar": "value-1"}
2025-07-31 20:43:08,085 INFO  [io.api.tes.ser.api.KafkaSerdesTester] (Thread-612) topic-44d80df7_a02c_4e37_83c0_198c517b33f2 0 2 {"bar": "value-2"}
2025-07-31 20:43:08,086 INFO  [io.api.tes.ser.api.KafkaSerdesTester] (Thread-612) topic-44d80df7_a02c_4e37_83c0_198c517b33f2 0 3 {"bar": "value-3"}
2025-07-31 20:43:08,086 INFO  [io.api.tes.ser.api.KafkaSerdesTester] (Thread-612) topic-44d80df7_a02c_4e37_83c0_198c517b33f2 0 4 {"bar": "value-4"}
2025-07-31 20:43:08,086 INFO  [io.api.tes.ser.api.KafkaSerdesTester] (Thread-612) topic-44d80df7_a02c_4e37_83c0_198c517b33f2 0 5 {"bar": "value-5"}
2025-07-31 20:43:08,086 INFO  [io.api.tes.ser.api.KafkaSerdesTester] (Thread-612) topic-44d80df7_a02c_4e37_83c0_198c517b33f2 0 6 {"bar": "value-6"}
2025-07-31 20:43:08,087 INFO  [io.api.tes.ser.api.KafkaSerdesTester] (Thread-612) topic-44d80df7_a02c_4e37_83c0_198c517b33f2 0 7 {"bar": "value-7"}
2025-07-31 20:43:08,087 INFO  [io.api.tes.ser.api.KafkaSerdesTester] (Thread-612) topic-44d80df7_a02c_4e37_83c0_198c517b33f2 0 8 {"bar": "value-8"}
2025-07-31 20:43:08,088 INFO  [io.api.tes.ser.api.KafkaSerdesTester] (Thread-612) topic-44d80df7_a02c_4e37_83c0_198c517b33f2 0 9 {"bar": "value-9"}
2025-07-31 20:43:08,088 INFO  [io.api.tes.ser.api.KafkaSerdesTester] (Thread-612) Consumed 10 messages
2025-07-31 20:43:08,094 INFO  [org.apa.kaf.cli.con.int.ConsumerRebalanceListenerInvoker] (Thread-612) [Consumer clientId=consumer-Consumer-topic-44d80df7_a02c_4e37_83c0_198c517b33f2-3, groupId=Consumer-topic-44d80df7_a02c_4e37_83c0_198c517b33f2] Revoke previously assigned partitions topic-44d80df7_a02c_4e37_83c0_198c517b33f2-0
2025-07-31 20:43:08,094 INFO  [org.apa.kaf.cli.con.int.ConsumerCoordinator] (Thread-612) [Consumer clientId=consumer-Consumer-topic-44d80df7_a02c_4e37_83c0_198c517b33f2-3, groupId=Consumer-topic-44d80df7_a02c_4e37_83c0_198c517b33f2] Member consumer-Consumer-topic-44d80df7_a02c_4e37_83c0_198c517b33f2-3-694e86c4-5a85-448d-bf50-44619e5312a6 sending LeaveGroup request to coordinator localhost:32770 (id: 2147483647 rack: null) due to the consumer is being closed
2025-07-31 20:43:08,095 INFO  [org.apa.kaf.cli.con.int.ConsumerCoordinator] (Thread-612) [Consumer clientId=consumer-Consumer-topic-44d80df7_a02c_4e37_83c0_198c517b33f2-3, groupId=Consumer-topic-44d80df7_a02c_4e37_83c0_198c517b33f2] Resetting generation and member id due to: consumer pro-actively leaving the group
2025-07-31 20:43:08,095 INFO  [org.apa.kaf.cli.con.int.ConsumerCoordinator] (Thread-612) [Consumer clientId=consumer-Consumer-topic-44d80df7_a02c_4e37_83c0_198c517b33f2-3, groupId=Consumer-topic-44d80df7_a02c_4e37_83c0_198c517b33f2] Request joining group due to: consumer pro-actively leaving the group
2025-07-31 20:43:08,589 INFO  [org.apa.kaf.com.met.Metrics] (Thread-612) Metrics scheduler closed
2025-07-31 20:43:08,589 INFO  [org.apa.kaf.com.met.Metrics] (Thread-612) Closing reporter org.apache.kafka.common.metrics.JmxReporter
2025-07-31 20:43:08,589 INFO  [org.apa.kaf.com.met.Metrics] (Thread-612) Closing reporter org.apache.kafka.common.telemetry.internals.ClientTelemetryReporter
2025-07-31 20:43:08,589 INFO  [org.apa.kaf.com.met.Metrics] (Thread-612) Metrics reporters closed
2025-07-31 20:43:08,593 INFO  [org.apa.kaf.com.uti.AppInfoParser] (Thread-612) App info kafka.consumer for consumer-Consumer-topic-44d80df7_a02c_4e37_83c0_198c517b33f2-3 unregistered
2025-07-31 20:43:08,594 INFO  [io.api.tes.uti.TestSeparator] (main) io.apicurio.tests.serdes.apicurio.AvroSerdeIT.testAvroJSON-FINISHED
2025-07-31 20:43:08,594 INFO  [io.api.tes.uti.TestSeparator] (main) ############################################################################
Test passed: testAvroJSON
]]></system-out>
  </testcase>
  <testcase name="testTopicIdStrategyAutoRegister" classname="io.apicurio.tests.serdes.apicurio.AvroSerdeIT" time="1.567">
    <system-out><![CDATA[2025-07-31 20:43:08,595 INFO  [io.api.tes.uti.TestSeparator] (main) ############################################################################
2025-07-31 20:43:08,595 INFO  [io.api.tes.uti.TestSeparator] (main) io.apicurio.tests.serdes.apicurio.AvroSerdeIT.testTopicIdStrategyAutoRegister-STARTED
**** Registry Base URL: http://registry-app-mysql.apps.ci419.apicurio-testing.org:80
2025-07-31 20:43:08,603 INFO  [org.apa.kaf.cli.pro.ProducerConfig] (main) ProducerConfig values: 
	acks = -1
	auto.include.jmx.reporter = true
	batch.size = 16384
	bootstrap.servers = [PLAINTEXT://localhost:32770]
	buffer.memory = 33554432
	client.dns.lookup = use_all_dns_ips
	client.id = Producer-topic-711e03e9_779f_423e_97f9_fa9c319f6ad2
	compression.gzip.level = -1
	compression.lz4.level = 9
	compression.type = none
	compression.zstd.level = 3
	connections.max.idle.ms = 10000
	delivery.timeout.ms = 120000
	enable.idempotence = true
	enable.metrics.push = true
	interceptor.classes = []
	key.serializer = class org.apache.kafka.common.serialization.StringSerializer
	linger.ms = 0
	max.block.ms = 60000
	max.in.flight.requests.per.connection = 5
	max.request.size = 1048576
	metadata.max.age.ms = 300000
	metadata.max.idle.ms = 300000
	metadata.recovery.strategy = none
	metric.reporters = []
	metrics.num.samples = 2
	metrics.recording.level = INFO
	metrics.sample.window.ms = 30000
	partitioner.adaptive.partitioning.enable = true
	partitioner.availability.timeout.ms = 0
	partitioner.class = null
	partitioner.ignore.keys = false
	receive.buffer.bytes = 32768
	reconnect.backoff.max.ms = 1000
	reconnect.backoff.ms = 50
	request.timeout.ms = 5000
	retries = 2147483647
	retry.backoff.max.ms = 1000
	retry.backoff.ms = 100
	sasl.client.callback.handler.class = null
	sasl.jaas.config = null
	sasl.kerberos.kinit.cmd = /usr/bin/kinit
	sasl.kerberos.min.time.before.relogin = 60000
	sasl.kerberos.service.name = null
	sasl.kerberos.ticket.renew.jitter = 0.05
	sasl.kerberos.ticket.renew.window.factor = 0.8
	sasl.login.callback.handler.class = null
	sasl.login.class = null
	sasl.login.connect.timeout.ms = null
	sasl.login.read.timeout.ms = null
	sasl.login.refresh.buffer.seconds = 300
	sasl.login.refresh.min.period.seconds = 60
	sasl.login.refresh.window.factor = 0.8
	sasl.login.refresh.window.jitter = 0.05
	sasl.login.retry.backoff.max.ms = 10000
	sasl.login.retry.backoff.ms = 100
	sasl.mechanism = GSSAPI
	sasl.oauthbearer.clock.skew.seconds = 30
	sasl.oauthbearer.expected.audience = null
	sasl.oauthbearer.expected.issuer = null
	sasl.oauthbearer.header.urlencode = false
	sasl.oauthbearer.jwks.endpoint.refresh.ms = 3600000
	sasl.oauthbearer.jwks.endpoint.retry.backoff.max.ms = 10000
	sasl.oauthbearer.jwks.endpoint.retry.backoff.ms = 100
	sasl.oauthbearer.jwks.endpoint.url = null
	sasl.oauthbearer.scope.claim.name = scope
	sasl.oauthbearer.sub.claim.name = sub
	sasl.oauthbearer.token.endpoint.url = null
	security.protocol = PLAINTEXT
	security.providers = null
	send.buffer.bytes = 131072
	socket.connection.setup.timeout.max.ms = 30000
	socket.connection.setup.timeout.ms = 10000
	ssl.cipher.suites = null
	ssl.enabled.protocols = [TLSv1.2, TLSv1.3]
	ssl.endpoint.identification.algorithm = https
	ssl.engine.factory.class = null
	ssl.key.password = null
	ssl.keymanager.algorithm = SunX509
	ssl.keystore.certificate.chain = null
	ssl.keystore.key = null
	ssl.keystore.location = null
	ssl.keystore.password = null
	ssl.keystore.type = JKS
	ssl.protocol = TLSv1.3
	ssl.provider = null
	ssl.secure.random.implementation = null
	ssl.trustmanager.algorithm = PKIX
	ssl.truststore.certificates = null
	ssl.truststore.location = null
	ssl.truststore.password = null
	ssl.truststore.type = JKS
	transaction.timeout.ms = 60000
	transactional.id = null
	value.serializer = class io.apicurio.registry.serde.avro.AvroKafkaSerializer

2025-07-31 20:43:08,604 INFO  [org.apa.kaf.com.tel.int.KafkaMetricsCollector] (main) initializing Kafka metrics collector
2025-07-31 20:43:08,618 INFO  [org.apa.kaf.cli.pro.KafkaProducer] (main) [Producer clientId=Producer-topic-711e03e9_779f_423e_97f9_fa9c319f6ad2] Instantiated an idempotent producer.
2025-07-31 20:43:08,629 INFO  [org.apa.kaf.cli.pro.ProducerConfig] (main) These configurations '[apicurio.registry.url, apicurio.registry.auto-register, apicurio.registry.artifact-resolver-strategy]' were supplied but are not used yet.
2025-07-31 20:43:08,629 INFO  [org.apa.kaf.com.uti.AppInfoParser] (main) Kafka version: 3.9.1
2025-07-31 20:43:08,629 INFO  [org.apa.kaf.com.uti.AppInfoParser] (main) Kafka commitId: f745dfdcee2b9851
2025-07-31 20:43:08,629 INFO  [org.apa.kaf.com.uti.AppInfoParser] (main) Kafka startTimeMs: 1753994588629
2025-07-31 20:43:08,632 INFO  [io.api.tes.ser.api.SimpleSerdesTesterBuilder$SimpleSerdesTester] (main) Using producer configuration: {apicurio.registry.url=http://registry-app-mysql.apps.ci419.apicurio-testing.org:80/apis/registry/v3, apicurio.registry.auto-register=true, apicurio.registry.artifact-resolver-strategy=io.apicurio.registry.serde.strategy.TopicIdStrategy, value.serializer=io.apicurio.registry.serde.avro.AvroKafkaSerializer, request.timeout.ms=5000, acks=all, bootstrap.servers=PLAINTEXT://localhost:32770, connections.max.idle.ms=10000, key.serializer=org.apache.kafka.common.serialization.StringSerializer, client.id=Producer-topic-711e03e9_779f_423e_97f9_fa9c319f6ad2}
2025-07-31 20:43:08,632 INFO  [io.api.tes.ser.api.SimpleSerdesTesterBuilder$SimpleSerdesTester] (main) Using consumer configuration: {}
2025-07-31 20:43:08,635 INFO  [io.api.tes.ser.api.KafkaSerdesTester] (Thread-615) Sending message {"key11753994588598": "value-0"} to topic topic-711e03e9_779f_423e_97f9_fa9c319f6ad2
2025-07-31 20:43:08,659 WARN  [org.apa.kaf.cli.NetworkClient] (kafka-producer-network-thread | Producer-topic-711e03e9_779f_423e_97f9_fa9c319f6ad2) [Producer clientId=Producer-topic-711e03e9_779f_423e_97f9_fa9c319f6ad2] The metadata response from the cluster reported a recoverable issue with correlation id 2 : {topic-711e03e9_779f_423e_97f9_fa9c319f6ad2=LEADER_NOT_AVAILABLE}
2025-07-31 20:43:08,659 INFO  [org.apa.kaf.cli.Metadata] (kafka-producer-network-thread | Producer-topic-711e03e9_779f_423e_97f9_fa9c319f6ad2) [Producer clientId=Producer-topic-711e03e9_779f_423e_97f9_fa9c319f6ad2] Cluster ID: 6lKjf0w6TFCctmqQa8E77g
2025-07-31 20:43:08,664 INFO  [org.apa.kaf.cli.pro.int.TransactionManager] (kafka-producer-network-thread | Producer-topic-711e03e9_779f_423e_97f9_fa9c319f6ad2) [Producer clientId=Producer-topic-711e03e9_779f_423e_97f9_fa9c319f6ad2] ProducerId set to 4 with epoch 0
2025-07-31 20:43:08,961 INFO  [io.api.tes.ser.api.KafkaSerdesTester] (Thread-615) Sending message {"key11753994588598": "value-1"} to topic topic-711e03e9_779f_423e_97f9_fa9c319f6ad2
2025-07-31 20:43:08,965 INFO  [io.api.tes.ser.api.KafkaSerdesTester] (Thread-615) Sending message {"key11753994588598": "value-2"} to topic topic-711e03e9_779f_423e_97f9_fa9c319f6ad2
2025-07-31 20:43:08,970 INFO  [io.api.tes.ser.api.KafkaSerdesTester] (Thread-615) Sending message {"key11753994588598": "value-3"} to topic topic-711e03e9_779f_423e_97f9_fa9c319f6ad2
2025-07-31 20:43:08,975 INFO  [io.api.tes.ser.api.KafkaSerdesTester] (Thread-615) Sending message {"key11753994588598": "value-4"} to topic topic-711e03e9_779f_423e_97f9_fa9c319f6ad2
2025-07-31 20:43:08,979 INFO  [io.api.tes.ser.api.KafkaSerdesTester] (Thread-615) Sending message {"key11753994588598": "value-5"} to topic topic-711e03e9_779f_423e_97f9_fa9c319f6ad2
2025-07-31 20:43:08,981 INFO  [io.api.tes.ser.api.KafkaSerdesTester] (Thread-615) Sending message {"key11753994588598": "value-6"} to topic topic-711e03e9_779f_423e_97f9_fa9c319f6ad2
2025-07-31 20:43:08,984 INFO  [io.api.tes.ser.api.KafkaSerdesTester] (Thread-615) Sending message {"key11753994588598": "value-7"} to topic topic-711e03e9_779f_423e_97f9_fa9c319f6ad2
2025-07-31 20:43:08,987 INFO  [io.api.tes.ser.api.KafkaSerdesTester] (Thread-615) Sending message {"key11753994588598": "value-8"} to topic topic-711e03e9_779f_423e_97f9_fa9c319f6ad2
2025-07-31 20:43:08,991 INFO  [io.api.tes.ser.api.KafkaSerdesTester] (Thread-615) Sending message {"key11753994588598": "value-9"} to topic topic-711e03e9_779f_423e_97f9_fa9c319f6ad2
2025-07-31 20:43:08,998 INFO  [io.api.tes.ser.api.KafkaSerdesTester] (Thread-615) Produced 10 messages
2025-07-31 20:43:08,999 INFO  [org.apa.kaf.cli.pro.KafkaProducer] (Thread-615) [Producer clientId=Producer-topic-711e03e9_779f_423e_97f9_fa9c319f6ad2] Closing the Kafka producer with timeoutMillis = 9223372036854775807 ms.
2025-07-31 20:43:09,006 INFO  [org.apa.kaf.com.met.Metrics] (Thread-615) Metrics scheduler closed
2025-07-31 20:43:09,006 INFO  [org.apa.kaf.com.met.Metrics] (Thread-615) Closing reporter org.apache.kafka.common.metrics.JmxReporter
2025-07-31 20:43:09,006 INFO  [org.apa.kaf.com.met.Metrics] (Thread-615) Closing reporter org.apache.kafka.common.telemetry.internals.ClientTelemetryReporter
2025-07-31 20:43:09,006 INFO  [org.apa.kaf.com.met.Metrics] (Thread-615) Metrics reporters closed
2025-07-31 20:43:09,007 INFO  [org.apa.kaf.com.uti.AppInfoParser] (Thread-615) App info kafka.producer for Producer-topic-711e03e9_779f_423e_97f9_fa9c319f6ad2 unregistered
**** Registry Base URL: http://registry-app-mysql.apps.ci419.apicurio-testing.org:80
2025-07-31 20:43:09,171 INFO  [org.apa.kaf.cli.con.ConsumerConfig] (main) ConsumerConfig values: 
	allow.auto.create.topics = true
	auto.commit.interval.ms = 500
	auto.include.jmx.reporter = true
	auto.offset.reset = earliest
	bootstrap.servers = [PLAINTEXT://localhost:32770]
	check.crcs = true
	client.dns.lookup = use_all_dns_ips
	client.id = consumer-Consumer-topic-711e03e9_779f_423e_97f9_fa9c319f6ad2-4
	client.rack = 
	connections.max.idle.ms = 10000
	default.api.timeout.ms = 60000
	enable.auto.commit = true
	enable.metrics.push = true
	exclude.internal.topics = true
	fetch.max.bytes = 52428800
	fetch.max.wait.ms = 500
	fetch.min.bytes = 1
	group.id = Consumer-topic-711e03e9_779f_423e_97f9_fa9c319f6ad2
	group.instance.id = null
	group.protocol = classic
	group.remote.assignor = null
	heartbeat.interval.ms = 3000
	interceptor.classes = []
	internal.leave.group.on.close = true
	internal.throw.on.fetch.stable.offset.unsupported = false
	isolation.level = read_uncommitted
	key.deserializer = class org.apache.kafka.common.serialization.StringDeserializer
	max.partition.fetch.bytes = 1048576
	max.poll.interval.ms = 300000
	max.poll.records = 500
	metadata.max.age.ms = 300000
	metadata.recovery.strategy = none
	metric.reporters = []
	metrics.num.samples = 2
	metrics.recording.level = INFO
	metrics.sample.window.ms = 30000
	partition.assignment.strategy = [class org.apache.kafka.clients.consumer.RangeAssignor, class org.apache.kafka.clients.consumer.CooperativeStickyAssignor]
	receive.buffer.bytes = 65536
	reconnect.backoff.max.ms = 1000
	reconnect.backoff.ms = 50
	request.timeout.ms = 5000
	retry.backoff.max.ms = 1000
	retry.backoff.ms = 100
	sasl.client.callback.handler.class = null
	sasl.jaas.config = null
	sasl.kerberos.kinit.cmd = /usr/bin/kinit
	sasl.kerberos.min.time.before.relogin = 60000
	sasl.kerberos.service.name = null
	sasl.kerberos.ticket.renew.jitter = 0.05
	sasl.kerberos.ticket.renew.window.factor = 0.8
	sasl.login.callback.handler.class = null
	sasl.login.class = null
	sasl.login.connect.timeout.ms = null
	sasl.login.read.timeout.ms = null
	sasl.login.refresh.buffer.seconds = 300
	sasl.login.refresh.min.period.seconds = 60
	sasl.login.refresh.window.factor = 0.8
	sasl.login.refresh.window.jitter = 0.05
	sasl.login.retry.backoff.max.ms = 10000
	sasl.login.retry.backoff.ms = 100
	sasl.mechanism = GSSAPI
	sasl.oauthbearer.clock.skew.seconds = 30
	sasl.oauthbearer.expected.audience = null
	sasl.oauthbearer.expected.issuer = null
	sasl.oauthbearer.header.urlencode = false
	sasl.oauthbearer.jwks.endpoint.refresh.ms = 3600000
	sasl.oauthbearer.jwks.endpoint.retry.backoff.max.ms = 10000
	sasl.oauthbearer.jwks.endpoint.retry.backoff.ms = 100
	sasl.oauthbearer.jwks.endpoint.url = null
	sasl.oauthbearer.scope.claim.name = scope
	sasl.oauthbearer.sub.claim.name = sub
	sasl.oauthbearer.token.endpoint.url = null
	security.protocol = PLAINTEXT
	security.providers = null
	send.buffer.bytes = 131072
	session.timeout.ms = 45000
	socket.connection.setup.timeout.max.ms = 30000
	socket.connection.setup.timeout.ms = 10000
	ssl.cipher.suites = null
	ssl.enabled.protocols = [TLSv1.2, TLSv1.3]
	ssl.endpoint.identification.algorithm = https
	ssl.engine.factory.class = null
	ssl.key.password = null
	ssl.keymanager.algorithm = SunX509
	ssl.keystore.certificate.chain = null
	ssl.keystore.key = null
	ssl.keystore.location = null
	ssl.keystore.password = null
	ssl.keystore.type = JKS
	ssl.protocol = TLSv1.3
	ssl.provider = null
	ssl.secure.random.implementation = null
	ssl.trustmanager.algorithm = PKIX
	ssl.truststore.certificates = null
	ssl.truststore.location = null
	ssl.truststore.password = null
	ssl.truststore.type = JKS
	value.deserializer = class io.apicurio.registry.serde.avro.AvroKafkaDeserializer

2025-07-31 20:43:09,171 INFO  [org.apa.kaf.com.tel.int.KafkaMetricsCollector] (main) initializing Kafka metrics collector
2025-07-31 20:43:09,189 INFO  [org.apa.kaf.cli.con.ConsumerConfig] (main) These configurations '[apicurio.registry.url]' were supplied but are not used yet.
2025-07-31 20:43:09,189 INFO  [org.apa.kaf.com.uti.AppInfoParser] (main) Kafka version: 3.9.1
2025-07-31 20:43:09,189 INFO  [org.apa.kaf.com.uti.AppInfoParser] (main) Kafka commitId: f745dfdcee2b9851
2025-07-31 20:43:09,189 INFO  [org.apa.kaf.com.uti.AppInfoParser] (main) Kafka startTimeMs: 1753994589189
2025-07-31 20:43:09,191 INFO  [org.apa.kaf.cli.con.int.ClassicKafkaConsumer] (Thread-618) [Consumer clientId=consumer-Consumer-topic-711e03e9_779f_423e_97f9_fa9c319f6ad2-4, groupId=Consumer-topic-711e03e9_779f_423e_97f9_fa9c319f6ad2] Subscribed to topic(s): topic-711e03e9_779f_423e_97f9_fa9c319f6ad2
2025-07-31 20:43:09,214 INFO  [org.apa.kaf.cli.Metadata] (Thread-618) [Consumer clientId=consumer-Consumer-topic-711e03e9_779f_423e_97f9_fa9c319f6ad2-4, groupId=Consumer-topic-711e03e9_779f_423e_97f9_fa9c319f6ad2] Cluster ID: 6lKjf0w6TFCctmqQa8E77g
2025-07-31 20:43:09,216 INFO  [org.apa.kaf.cli.con.int.ConsumerCoordinator] (Thread-618) [Consumer clientId=consumer-Consumer-topic-711e03e9_779f_423e_97f9_fa9c319f6ad2-4, groupId=Consumer-topic-711e03e9_779f_423e_97f9_fa9c319f6ad2] Discovered group coordinator localhost:32770 (id: 2147483647 rack: null)
2025-07-31 20:43:09,221 INFO  [org.apa.kaf.cli.con.int.ConsumerCoordinator] (Thread-618) [Consumer clientId=consumer-Consumer-topic-711e03e9_779f_423e_97f9_fa9c319f6ad2-4, groupId=Consumer-topic-711e03e9_779f_423e_97f9_fa9c319f6ad2] (Re-)joining group
2025-07-31 20:43:09,230 INFO  [org.apa.kaf.cli.con.int.ConsumerCoordinator] (Thread-618) [Consumer clientId=consumer-Consumer-topic-711e03e9_779f_423e_97f9_fa9c319f6ad2-4, groupId=Consumer-topic-711e03e9_779f_423e_97f9_fa9c319f6ad2] Request joining group due to: need to re-join with the given member-id: consumer-Consumer-topic-711e03e9_779f_423e_97f9_fa9c319f6ad2-4-5594a3ee-e9b0-416d-a854-90bef68c1abe
2025-07-31 20:43:09,230 INFO  [org.apa.kaf.cli.con.int.ConsumerCoordinator] (Thread-618) [Consumer clientId=consumer-Consumer-topic-711e03e9_779f_423e_97f9_fa9c319f6ad2-4, groupId=Consumer-topic-711e03e9_779f_423e_97f9_fa9c319f6ad2] (Re-)joining group
2025-07-31 20:43:09,235 INFO  [org.apa.kaf.cli.con.int.ConsumerCoordinator] (Thread-618) [Consumer clientId=consumer-Consumer-topic-711e03e9_779f_423e_97f9_fa9c319f6ad2-4, groupId=Consumer-topic-711e03e9_779f_423e_97f9_fa9c319f6ad2] Successfully joined group with generation Generation{generationId=1, memberId='consumer-Consumer-topic-711e03e9_779f_423e_97f9_fa9c319f6ad2-4-5594a3ee-e9b0-416d-a854-90bef68c1abe', protocol='range'}
2025-07-31 20:43:09,235 INFO  [org.apa.kaf.cli.con.int.ConsumerCoordinator] (Thread-618) [Consumer clientId=consumer-Consumer-topic-711e03e9_779f_423e_97f9_fa9c319f6ad2-4, groupId=Consumer-topic-711e03e9_779f_423e_97f9_fa9c319f6ad2] Finished assignment for group at generation 1: {consumer-Consumer-topic-711e03e9_779f_423e_97f9_fa9c319f6ad2-4-5594a3ee-e9b0-416d-a854-90bef68c1abe=Assignment(partitions=[topic-711e03e9_779f_423e_97f9_fa9c319f6ad2-0])}
2025-07-31 20:43:09,240 INFO  [org.apa.kaf.cli.con.int.ConsumerCoordinator] (Thread-618) [Consumer clientId=consumer-Consumer-topic-711e03e9_779f_423e_97f9_fa9c319f6ad2-4, groupId=Consumer-topic-711e03e9_779f_423e_97f9_fa9c319f6ad2] Successfully synced group in generation Generation{generationId=1, memberId='consumer-Consumer-topic-711e03e9_779f_423e_97f9_fa9c319f6ad2-4-5594a3ee-e9b0-416d-a854-90bef68c1abe', protocol='range'}
2025-07-31 20:43:09,241 INFO  [org.apa.kaf.cli.con.int.ConsumerCoordinator] (Thread-618) [Consumer clientId=consumer-Consumer-topic-711e03e9_779f_423e_97f9_fa9c319f6ad2-4, groupId=Consumer-topic-711e03e9_779f_423e_97f9_fa9c319f6ad2] Notifying assignor about the new Assignment(partitions=[topic-711e03e9_779f_423e_97f9_fa9c319f6ad2-0])
2025-07-31 20:43:09,241 INFO  [org.apa.kaf.cli.con.int.ConsumerRebalanceListenerInvoker] (Thread-618) [Consumer clientId=consumer-Consumer-topic-711e03e9_779f_423e_97f9_fa9c319f6ad2-4, groupId=Consumer-topic-711e03e9_779f_423e_97f9_fa9c319f6ad2] Adding newly assigned partitions: topic-711e03e9_779f_423e_97f9_fa9c319f6ad2-0
2025-07-31 20:43:09,242 INFO  [org.apa.kaf.cli.con.int.ConsumerCoordinator] (Thread-618) [Consumer clientId=consumer-Consumer-topic-711e03e9_779f_423e_97f9_fa9c319f6ad2-4, groupId=Consumer-topic-711e03e9_779f_423e_97f9_fa9c319f6ad2] Found no committed offset for partition topic-711e03e9_779f_423e_97f9_fa9c319f6ad2-0
2025-07-31 20:43:09,251 INFO  [org.apa.kaf.cli.con.int.SubscriptionState] (Thread-618) [Consumer clientId=consumer-Consumer-topic-711e03e9_779f_423e_97f9_fa9c319f6ad2-4, groupId=Consumer-topic-711e03e9_779f_423e_97f9_fa9c319f6ad2] Resetting offset for partition topic-711e03e9_779f_423e_97f9_fa9c319f6ad2-0 to position FetchPosition{offset=0, offsetEpoch=Optional.empty, currentLeader=LeaderAndEpoch{leader=Optional[localhost:32770 (id: 0 rack: null)], epoch=0}}.
2025-07-31 20:43:09,498 INFO  [io.api.tes.ser.api.KafkaSerdesTester] (Thread-618) topic-711e03e9_779f_423e_97f9_fa9c319f6ad2 0 0 {"key11753994588598": "value-0"}
2025-07-31 20:43:09,499 INFO  [io.api.tes.ser.api.KafkaSerdesTester] (Thread-618) topic-711e03e9_779f_423e_97f9_fa9c319f6ad2 0 1 {"key11753994588598": "value-1"}
2025-07-31 20:43:09,499 INFO  [io.api.tes.ser.api.KafkaSerdesTester] (Thread-618) topic-711e03e9_779f_423e_97f9_fa9c319f6ad2 0 2 {"key11753994588598": "value-2"}
2025-07-31 20:43:09,499 INFO  [io.api.tes.ser.api.KafkaSerdesTester] (Thread-618) topic-711e03e9_779f_423e_97f9_fa9c319f6ad2 0 3 {"key11753994588598": "value-3"}
2025-07-31 20:43:09,499 INFO  [io.api.tes.ser.api.KafkaSerdesTester] (Thread-618) topic-711e03e9_779f_423e_97f9_fa9c319f6ad2 0 4 {"key11753994588598": "value-4"}
2025-07-31 20:43:09,499 INFO  [io.api.tes.ser.api.KafkaSerdesTester] (Thread-618) topic-711e03e9_779f_423e_97f9_fa9c319f6ad2 0 5 {"key11753994588598": "value-5"}
2025-07-31 20:43:09,499 INFO  [io.api.tes.ser.api.KafkaSerdesTester] (Thread-618) topic-711e03e9_779f_423e_97f9_fa9c319f6ad2 0 6 {"key11753994588598": "value-6"}
2025-07-31 20:43:09,499 INFO  [io.api.tes.ser.api.KafkaSerdesTester] (Thread-618) topic-711e03e9_779f_423e_97f9_fa9c319f6ad2 0 7 {"key11753994588598": "value-7"}
2025-07-31 20:43:09,499 INFO  [io.api.tes.ser.api.KafkaSerdesTester] (Thread-618) topic-711e03e9_779f_423e_97f9_fa9c319f6ad2 0 8 {"key11753994588598": "value-8"}
2025-07-31 20:43:09,499 INFO  [io.api.tes.ser.api.KafkaSerdesTester] (Thread-618) topic-711e03e9_779f_423e_97f9_fa9c319f6ad2 0 9 {"key11753994588598": "value-9"}
2025-07-31 20:43:09,500 INFO  [io.api.tes.ser.api.KafkaSerdesTester] (Thread-618) Consumed 10 messages
2025-07-31 20:43:09,503 INFO  [org.apa.kaf.cli.con.int.ConsumerRebalanceListenerInvoker] (Thread-618) [Consumer clientId=consumer-Consumer-topic-711e03e9_779f_423e_97f9_fa9c319f6ad2-4, groupId=Consumer-topic-711e03e9_779f_423e_97f9_fa9c319f6ad2] Revoke previously assigned partitions topic-711e03e9_779f_423e_97f9_fa9c319f6ad2-0
2025-07-31 20:43:09,503 INFO  [org.apa.kaf.cli.con.int.ConsumerCoordinator] (Thread-618) [Consumer clientId=consumer-Consumer-topic-711e03e9_779f_423e_97f9_fa9c319f6ad2-4, groupId=Consumer-topic-711e03e9_779f_423e_97f9_fa9c319f6ad2] Member consumer-Consumer-topic-711e03e9_779f_423e_97f9_fa9c319f6ad2-4-5594a3ee-e9b0-416d-a854-90bef68c1abe sending LeaveGroup request to coordinator localhost:32770 (id: 2147483647 rack: null) due to the consumer is being closed
2025-07-31 20:43:09,503 INFO  [org.apa.kaf.cli.con.int.ConsumerCoordinator] (Thread-618) [Consumer clientId=consumer-Consumer-topic-711e03e9_779f_423e_97f9_fa9c319f6ad2-4, groupId=Consumer-topic-711e03e9_779f_423e_97f9_fa9c319f6ad2] Resetting generation and member id due to: consumer pro-actively leaving the group
2025-07-31 20:43:09,503 INFO  [org.apa.kaf.cli.con.int.ConsumerCoordinator] (Thread-618) [Consumer clientId=consumer-Consumer-topic-711e03e9_779f_423e_97f9_fa9c319f6ad2-4, groupId=Consumer-topic-711e03e9_779f_423e_97f9_fa9c319f6ad2] Request joining group due to: consumer pro-actively leaving the group
2025-07-31 20:43:10,002 INFO  [org.apa.kaf.com.met.Metrics] (Thread-618) Metrics scheduler closed
2025-07-31 20:43:10,002 INFO  [org.apa.kaf.com.met.Metrics] (Thread-618) Closing reporter org.apache.kafka.common.metrics.JmxReporter
2025-07-31 20:43:10,002 INFO  [org.apa.kaf.com.met.Metrics] (Thread-618) Closing reporter org.apache.kafka.common.telemetry.internals.ClientTelemetryReporter
2025-07-31 20:43:10,002 INFO  [org.apa.kaf.com.met.Metrics] (Thread-618) Metrics reporters closed
2025-07-31 20:43:10,005 INFO  [org.apa.kaf.com.uti.AppInfoParser] (Thread-618) App info kafka.consumer for consumer-Consumer-topic-711e03e9_779f_423e_97f9_fa9c319f6ad2-4 unregistered
2025-07-31 20:43:10,161 INFO  [io.api.tes.uti.TestSeparator] (main) io.apicurio.tests.serdes.apicurio.AvroSerdeIT.testTopicIdStrategyAutoRegister-FINISHED
2025-07-31 20:43:10,162 INFO  [io.api.tes.uti.TestSeparator] (main) ############################################################################
Test passed: testTopicIdStrategyAutoRegister
]]></system-out>
  </testcase>
  <testcase name="testRecordIdStrategydFindLatest" classname="io.apicurio.tests.serdes.apicurio.AvroSerdeIT" time="2.381">
    <system-out><![CDATA[2025-07-31 20:43:10,165 INFO  [io.api.tes.uti.TestSeparator] (main) ############################################################################
2025-07-31 20:43:10,165 INFO  [io.api.tes.uti.TestSeparator] (main) io.apicurio.tests.serdes.apicurio.AvroSerdeIT.testRecordIdStrategydFindLatest-STARTED
2025-07-31 20:43:10,166 INFO  [io.api.tes.ser.api.AvroSerdeIT] (main) Registering Avro Schema: {"type":"record","name":"s900550f9x6cabx4b62xa74bx709ab96174e0","namespace":"s7c88d7e2x5c15x4b39x9289xa82339155e21","fields":[{"name":"key11753994590165","type":"string"}]}
**** Registry Base URL: http://registry-app-mysql.apps.ci419.apicurio-testing.org:80
2025-07-31 20:43:11,355 INFO  [org.apa.kaf.cli.pro.ProducerConfig] (main) ProducerConfig values: 
	acks = -1
	auto.include.jmx.reporter = true
	batch.size = 16384
	bootstrap.servers = [PLAINTEXT://localhost:32770]
	buffer.memory = 33554432
	client.dns.lookup = use_all_dns_ips
	client.id = Producer-topic-4dbb9628_7b40_4749_961f_cffd589a035a
	compression.gzip.level = -1
	compression.lz4.level = 9
	compression.type = none
	compression.zstd.level = 3
	connections.max.idle.ms = 10000
	delivery.timeout.ms = 120000
	enable.idempotence = true
	enable.metrics.push = true
	interceptor.classes = []
	key.serializer = class org.apache.kafka.common.serialization.StringSerializer
	linger.ms = 0
	max.block.ms = 60000
	max.in.flight.requests.per.connection = 5
	max.request.size = 1048576
	metadata.max.age.ms = 300000
	metadata.max.idle.ms = 300000
	metadata.recovery.strategy = none
	metric.reporters = []
	metrics.num.samples = 2
	metrics.recording.level = INFO
	metrics.sample.window.ms = 30000
	partitioner.adaptive.partitioning.enable = true
	partitioner.availability.timeout.ms = 0
	partitioner.class = null
	partitioner.ignore.keys = false
	receive.buffer.bytes = 32768
	reconnect.backoff.max.ms = 1000
	reconnect.backoff.ms = 50
	request.timeout.ms = 5000
	retries = 2147483647
	retry.backoff.max.ms = 1000
	retry.backoff.ms = 100
	sasl.client.callback.handler.class = null
	sasl.jaas.config = null
	sasl.kerberos.kinit.cmd = /usr/bin/kinit
	sasl.kerberos.min.time.before.relogin = 60000
	sasl.kerberos.service.name = null
	sasl.kerberos.ticket.renew.jitter = 0.05
	sasl.kerberos.ticket.renew.window.factor = 0.8
	sasl.login.callback.handler.class = null
	sasl.login.class = null
	sasl.login.connect.timeout.ms = null
	sasl.login.read.timeout.ms = null
	sasl.login.refresh.buffer.seconds = 300
	sasl.login.refresh.min.period.seconds = 60
	sasl.login.refresh.window.factor = 0.8
	sasl.login.refresh.window.jitter = 0.05
	sasl.login.retry.backoff.max.ms = 10000
	sasl.login.retry.backoff.ms = 100
	sasl.mechanism = GSSAPI
	sasl.oauthbearer.clock.skew.seconds = 30
	sasl.oauthbearer.expected.audience = null
	sasl.oauthbearer.expected.issuer = null
	sasl.oauthbearer.header.urlencode = false
	sasl.oauthbearer.jwks.endpoint.refresh.ms = 3600000
	sasl.oauthbearer.jwks.endpoint.retry.backoff.max.ms = 10000
	sasl.oauthbearer.jwks.endpoint.retry.backoff.ms = 100
	sasl.oauthbearer.jwks.endpoint.url = null
	sasl.oauthbearer.scope.claim.name = scope
	sasl.oauthbearer.sub.claim.name = sub
	sasl.oauthbearer.token.endpoint.url = null
	security.protocol = PLAINTEXT
	security.providers = null
	send.buffer.bytes = 131072
	socket.connection.setup.timeout.max.ms = 30000
	socket.connection.setup.timeout.ms = 10000
	ssl.cipher.suites = null
	ssl.enabled.protocols = [TLSv1.2, TLSv1.3]
	ssl.endpoint.identification.algorithm = https
	ssl.engine.factory.class = null
	ssl.key.password = null
	ssl.keymanager.algorithm = SunX509
	ssl.keystore.certificate.chain = null
	ssl.keystore.key = null
	ssl.keystore.location = null
	ssl.keystore.password = null
	ssl.keystore.type = JKS
	ssl.protocol = TLSv1.3
	ssl.provider = null
	ssl.secure.random.implementation = null
	ssl.trustmanager.algorithm = PKIX
	ssl.truststore.certificates = null
	ssl.truststore.location = null
	ssl.truststore.password = null
	ssl.truststore.type = JKS
	transaction.timeout.ms = 60000
	transactional.id = null
	value.serializer = class io.apicurio.registry.serde.avro.AvroKafkaSerializer

2025-07-31 20:43:11,355 INFO  [org.apa.kaf.com.tel.int.KafkaMetricsCollector] (main) initializing Kafka metrics collector
2025-07-31 20:43:11,359 INFO  [org.apa.kaf.cli.pro.KafkaProducer] (main) [Producer clientId=Producer-topic-4dbb9628_7b40_4749_961f_cffd589a035a] Instantiated an idempotent producer.
2025-07-31 20:43:11,365 INFO  [org.apa.kaf.cli.pro.ProducerConfig] (main) These configurations '[apicurio.registry.find-latest, apicurio.registry.url, apicurio.registry.artifact-resolver-strategy]' were supplied but are not used yet.
2025-07-31 20:43:11,365 INFO  [org.apa.kaf.com.uti.AppInfoParser] (main) Kafka version: 3.9.1
2025-07-31 20:43:11,365 INFO  [org.apa.kaf.com.uti.AppInfoParser] (main) Kafka commitId: f745dfdcee2b9851
2025-07-31 20:43:11,365 INFO  [org.apa.kaf.com.uti.AppInfoParser] (main) Kafka startTimeMs: 1753994591365
2025-07-31 20:43:11,366 INFO  [io.api.tes.ser.api.SimpleSerdesTesterBuilder$SimpleSerdesTester] (main) Using producer configuration: {apicurio.registry.find-latest=true, apicurio.registry.url=http://registry-app-mysql.apps.ci419.apicurio-testing.org:80/apis/registry/v3, apicurio.registry.artifact-resolver-strategy=io.apicurio.registry.serde.avro.strategy.RecordIdStrategy, value.serializer=io.apicurio.registry.serde.avro.AvroKafkaSerializer, request.timeout.ms=5000, acks=all, bootstrap.servers=PLAINTEXT://localhost:32770, connections.max.idle.ms=10000, key.serializer=org.apache.kafka.common.serialization.StringSerializer, client.id=Producer-topic-4dbb9628_7b40_4749_961f_cffd589a035a}
2025-07-31 20:43:11,369 INFO  [io.api.tes.ser.api.SimpleSerdesTesterBuilder$SimpleSerdesTester] (main) Using consumer configuration: {}
2025-07-31 20:43:11,370 INFO  [io.api.tes.ser.api.KafkaSerdesTester] (Thread-621) Sending message {"key11753994590165": "value-0"} to topic topic-4dbb9628_7b40_4749_961f_cffd589a035a
2025-07-31 20:43:11,372 INFO  [org.apa.kaf.cli.Metadata] (kafka-producer-network-thread | Producer-topic-4dbb9628_7b40_4749_961f_cffd589a035a) [Producer clientId=Producer-topic-4dbb9628_7b40_4749_961f_cffd589a035a] Cluster ID: 6lKjf0w6TFCctmqQa8E77g
2025-07-31 20:43:11,373 INFO  [org.apa.kaf.cli.pro.int.TransactionManager] (kafka-producer-network-thread | Producer-topic-4dbb9628_7b40_4749_961f_cffd589a035a) [Producer clientId=Producer-topic-4dbb9628_7b40_4749_961f_cffd589a035a] ProducerId set to 5 with epoch 0
2025-07-31 20:43:11,717 INFO  [io.api.tes.ser.api.KafkaSerdesTester] (Thread-621) Sending message {"key11753994590165": "value-1"} to topic topic-4dbb9628_7b40_4749_961f_cffd589a035a
2025-07-31 20:43:11,720 INFO  [io.api.tes.ser.api.KafkaSerdesTester] (Thread-621) Sending message {"key11753994590165": "value-2"} to topic topic-4dbb9628_7b40_4749_961f_cffd589a035a
2025-07-31 20:43:11,723 INFO  [io.api.tes.ser.api.KafkaSerdesTester] (Thread-621) Sending message {"key11753994590165": "value-3"} to topic topic-4dbb9628_7b40_4749_961f_cffd589a035a
2025-07-31 20:43:11,725 INFO  [io.api.tes.ser.api.KafkaSerdesTester] (Thread-621) Sending message {"key11753994590165": "value-4"} to topic topic-4dbb9628_7b40_4749_961f_cffd589a035a
2025-07-31 20:43:11,729 INFO  [io.api.tes.ser.api.KafkaSerdesTester] (Thread-621) Sending message {"key11753994590165": "value-5"} to topic topic-4dbb9628_7b40_4749_961f_cffd589a035a
2025-07-31 20:43:11,731 INFO  [io.api.tes.ser.api.KafkaSerdesTester] (Thread-621) Sending message {"key11753994590165": "value-6"} to topic topic-4dbb9628_7b40_4749_961f_cffd589a035a
2025-07-31 20:43:11,734 INFO  [io.api.tes.ser.api.KafkaSerdesTester] (Thread-621) Sending message {"key11753994590165": "value-7"} to topic topic-4dbb9628_7b40_4749_961f_cffd589a035a
2025-07-31 20:43:11,738 INFO  [io.api.tes.ser.api.KafkaSerdesTester] (Thread-621) Sending message {"key11753994590165": "value-8"} to topic topic-4dbb9628_7b40_4749_961f_cffd589a035a
2025-07-31 20:43:11,743 INFO  [io.api.tes.ser.api.KafkaSerdesTester] (Thread-621) Sending message {"key11753994590165": "value-9"} to topic topic-4dbb9628_7b40_4749_961f_cffd589a035a
2025-07-31 20:43:11,746 INFO  [io.api.tes.ser.api.KafkaSerdesTester] (Thread-621) Produced 10 messages
2025-07-31 20:43:11,747 INFO  [org.apa.kaf.cli.pro.KafkaProducer] (Thread-621) [Producer clientId=Producer-topic-4dbb9628_7b40_4749_961f_cffd589a035a] Closing the Kafka producer with timeoutMillis = 9223372036854775807 ms.
2025-07-31 20:43:11,749 INFO  [org.apa.kaf.com.met.Metrics] (Thread-621) Metrics scheduler closed
2025-07-31 20:43:11,749 INFO  [org.apa.kaf.com.met.Metrics] (Thread-621) Closing reporter org.apache.kafka.common.metrics.JmxReporter
2025-07-31 20:43:11,750 INFO  [org.apa.kaf.com.met.Metrics] (Thread-621) Closing reporter org.apache.kafka.common.telemetry.internals.ClientTelemetryReporter
2025-07-31 20:43:11,750 INFO  [org.apa.kaf.com.met.Metrics] (Thread-621) Metrics reporters closed
2025-07-31 20:43:11,750 INFO  [org.apa.kaf.com.uti.AppInfoParser] (Thread-621) App info kafka.producer for Producer-topic-4dbb9628_7b40_4749_961f_cffd589a035a unregistered
**** Registry Base URL: http://registry-app-mysql.apps.ci419.apicurio-testing.org:80
2025-07-31 20:43:11,753 INFO  [org.apa.kaf.cli.con.ConsumerConfig] (main) ConsumerConfig values: 
	allow.auto.create.topics = true
	auto.commit.interval.ms = 500
	auto.include.jmx.reporter = true
	auto.offset.reset = earliest
	bootstrap.servers = [PLAINTEXT://localhost:32770]
	check.crcs = true
	client.dns.lookup = use_all_dns_ips
	client.id = consumer-Consumer-topic-4dbb9628_7b40_4749_961f_cffd589a035a-5
	client.rack = 
	connections.max.idle.ms = 10000
	default.api.timeout.ms = 60000
	enable.auto.commit = true
	enable.metrics.push = true
	exclude.internal.topics = true
	fetch.max.bytes = 52428800
	fetch.max.wait.ms = 500
	fetch.min.bytes = 1
	group.id = Consumer-topic-4dbb9628_7b40_4749_961f_cffd589a035a
	group.instance.id = null
	group.protocol = classic
	group.remote.assignor = null
	heartbeat.interval.ms = 3000
	interceptor.classes = []
	internal.leave.group.on.close = true
	internal.throw.on.fetch.stable.offset.unsupported = false
	isolation.level = read_uncommitted
	key.deserializer = class org.apache.kafka.common.serialization.StringDeserializer
	max.partition.fetch.bytes = 1048576
	max.poll.interval.ms = 300000
	max.poll.records = 500
	metadata.max.age.ms = 300000
	metadata.recovery.strategy = none
	metric.reporters = []
	metrics.num.samples = 2
	metrics.recording.level = INFO
	metrics.sample.window.ms = 30000
	partition.assignment.strategy = [class org.apache.kafka.clients.consumer.RangeAssignor, class org.apache.kafka.clients.consumer.CooperativeStickyAssignor]
	receive.buffer.bytes = 65536
	reconnect.backoff.max.ms = 1000
	reconnect.backoff.ms = 50
	request.timeout.ms = 5000
	retry.backoff.max.ms = 1000
	retry.backoff.ms = 100
	sasl.client.callback.handler.class = null
	sasl.jaas.config = null
	sasl.kerberos.kinit.cmd = /usr/bin/kinit
	sasl.kerberos.min.time.before.relogin = 60000
	sasl.kerberos.service.name = null
	sasl.kerberos.ticket.renew.jitter = 0.05
	sasl.kerberos.ticket.renew.window.factor = 0.8
	sasl.login.callback.handler.class = null
	sasl.login.class = null
	sasl.login.connect.timeout.ms = null
	sasl.login.read.timeout.ms = null
	sasl.login.refresh.buffer.seconds = 300
	sasl.login.refresh.min.period.seconds = 60
	sasl.login.refresh.window.factor = 0.8
	sasl.login.refresh.window.jitter = 0.05
	sasl.login.retry.backoff.max.ms = 10000
	sasl.login.retry.backoff.ms = 100
	sasl.mechanism = GSSAPI
	sasl.oauthbearer.clock.skew.seconds = 30
	sasl.oauthbearer.expected.audience = null
	sasl.oauthbearer.expected.issuer = null
	sasl.oauthbearer.header.urlencode = false
	sasl.oauthbearer.jwks.endpoint.refresh.ms = 3600000
	sasl.oauthbearer.jwks.endpoint.retry.backoff.max.ms = 10000
	sasl.oauthbearer.jwks.endpoint.retry.backoff.ms = 100
	sasl.oauthbearer.jwks.endpoint.url = null
	sasl.oauthbearer.scope.claim.name = scope
	sasl.oauthbearer.sub.claim.name = sub
	sasl.oauthbearer.token.endpoint.url = null
	security.protocol = PLAINTEXT
	security.providers = null
	send.buffer.bytes = 131072
	session.timeout.ms = 45000
	socket.connection.setup.timeout.max.ms = 30000
	socket.connection.setup.timeout.ms = 10000
	ssl.cipher.suites = null
	ssl.enabled.protocols = [TLSv1.2, TLSv1.3]
	ssl.endpoint.identification.algorithm = https
	ssl.engine.factory.class = null
	ssl.key.password = null
	ssl.keymanager.algorithm = SunX509
	ssl.keystore.certificate.chain = null
	ssl.keystore.key = null
	ssl.keystore.location = null
	ssl.keystore.password = null
	ssl.keystore.type = JKS
	ssl.protocol = TLSv1.3
	ssl.provider = null
	ssl.secure.random.implementation = null
	ssl.trustmanager.algorithm = PKIX
	ssl.truststore.certificates = null
	ssl.truststore.location = null
	ssl.truststore.password = null
	ssl.truststore.type = JKS
	value.deserializer = class io.apicurio.registry.serde.avro.AvroKafkaDeserializer

2025-07-31 20:43:11,754 INFO  [org.apa.kaf.com.tel.int.KafkaMetricsCollector] (main) initializing Kafka metrics collector
2025-07-31 20:43:11,764 INFO  [org.apa.kaf.cli.con.ConsumerConfig] (main) These configurations '[apicurio.registry.url]' were supplied but are not used yet.
2025-07-31 20:43:11,764 INFO  [org.apa.kaf.com.uti.AppInfoParser] (main) Kafka version: 3.9.1
2025-07-31 20:43:11,764 INFO  [org.apa.kaf.com.uti.AppInfoParser] (main) Kafka commitId: f745dfdcee2b9851
2025-07-31 20:43:11,765 INFO  [org.apa.kaf.com.uti.AppInfoParser] (main) Kafka startTimeMs: 1753994591764
2025-07-31 20:43:11,765 INFO  [org.apa.kaf.cli.con.int.ClassicKafkaConsumer] (Thread-624) [Consumer clientId=consumer-Consumer-topic-4dbb9628_7b40_4749_961f_cffd589a035a-5, groupId=Consumer-topic-4dbb9628_7b40_4749_961f_cffd589a035a] Subscribed to topic(s): topic-4dbb9628_7b40_4749_961f_cffd589a035a
2025-07-31 20:43:11,771 INFO  [org.apa.kaf.cli.Metadata] (Thread-624) [Consumer clientId=consumer-Consumer-topic-4dbb9628_7b40_4749_961f_cffd589a035a-5, groupId=Consumer-topic-4dbb9628_7b40_4749_961f_cffd589a035a] Cluster ID: 6lKjf0w6TFCctmqQa8E77g
2025-07-31 20:43:11,772 INFO  [org.apa.kaf.cli.con.int.ConsumerCoordinator] (Thread-624) [Consumer clientId=consumer-Consumer-topic-4dbb9628_7b40_4749_961f_cffd589a035a-5, groupId=Consumer-topic-4dbb9628_7b40_4749_961f_cffd589a035a] Discovered group coordinator localhost:32770 (id: 2147483647 rack: null)
2025-07-31 20:43:11,775 INFO  [org.apa.kaf.cli.con.int.ConsumerCoordinator] (Thread-624) [Consumer clientId=consumer-Consumer-topic-4dbb9628_7b40_4749_961f_cffd589a035a-5, groupId=Consumer-topic-4dbb9628_7b40_4749_961f_cffd589a035a] (Re-)joining group
2025-07-31 20:43:11,780 INFO  [org.apa.kaf.cli.con.int.ConsumerCoordinator] (Thread-624) [Consumer clientId=consumer-Consumer-topic-4dbb9628_7b40_4749_961f_cffd589a035a-5, groupId=Consumer-topic-4dbb9628_7b40_4749_961f_cffd589a035a] Request joining group due to: need to re-join with the given member-id: consumer-Consumer-topic-4dbb9628_7b40_4749_961f_cffd589a035a-5-8a2a0b7d-1c8b-4a91-bd9c-4f6555162505
2025-07-31 20:43:11,781 INFO  [org.apa.kaf.cli.con.int.ConsumerCoordinator] (Thread-624) [Consumer clientId=consumer-Consumer-topic-4dbb9628_7b40_4749_961f_cffd589a035a-5, groupId=Consumer-topic-4dbb9628_7b40_4749_961f_cffd589a035a] (Re-)joining group
2025-07-31 20:43:11,784 INFO  [org.apa.kaf.cli.con.int.ConsumerCoordinator] (Thread-624) [Consumer clientId=consumer-Consumer-topic-4dbb9628_7b40_4749_961f_cffd589a035a-5, groupId=Consumer-topic-4dbb9628_7b40_4749_961f_cffd589a035a] Successfully joined group with generation Generation{generationId=1, memberId='consumer-Consumer-topic-4dbb9628_7b40_4749_961f_cffd589a035a-5-8a2a0b7d-1c8b-4a91-bd9c-4f6555162505', protocol='range'}
2025-07-31 20:43:11,785 INFO  [org.apa.kaf.cli.con.int.ConsumerCoordinator] (Thread-624) [Consumer clientId=consumer-Consumer-topic-4dbb9628_7b40_4749_961f_cffd589a035a-5, groupId=Consumer-topic-4dbb9628_7b40_4749_961f_cffd589a035a] Finished assignment for group at generation 1: {consumer-Consumer-topic-4dbb9628_7b40_4749_961f_cffd589a035a-5-8a2a0b7d-1c8b-4a91-bd9c-4f6555162505=Assignment(partitions=[topic-4dbb9628_7b40_4749_961f_cffd589a035a-0])}
2025-07-31 20:43:11,787 INFO  [org.apa.kaf.cli.con.int.ConsumerCoordinator] (Thread-624) [Consumer clientId=consumer-Consumer-topic-4dbb9628_7b40_4749_961f_cffd589a035a-5, groupId=Consumer-topic-4dbb9628_7b40_4749_961f_cffd589a035a] Successfully synced group in generation Generation{generationId=1, memberId='consumer-Consumer-topic-4dbb9628_7b40_4749_961f_cffd589a035a-5-8a2a0b7d-1c8b-4a91-bd9c-4f6555162505', protocol='range'}
2025-07-31 20:43:11,788 INFO  [org.apa.kaf.cli.con.int.ConsumerCoordinator] (Thread-624) [Consumer clientId=consumer-Consumer-topic-4dbb9628_7b40_4749_961f_cffd589a035a-5, groupId=Consumer-topic-4dbb9628_7b40_4749_961f_cffd589a035a] Notifying assignor about the new Assignment(partitions=[topic-4dbb9628_7b40_4749_961f_cffd589a035a-0])
2025-07-31 20:43:11,788 INFO  [org.apa.kaf.cli.con.int.ConsumerRebalanceListenerInvoker] (Thread-624) [Consumer clientId=consumer-Consumer-topic-4dbb9628_7b40_4749_961f_cffd589a035a-5, groupId=Consumer-topic-4dbb9628_7b40_4749_961f_cffd589a035a] Adding newly assigned partitions: topic-4dbb9628_7b40_4749_961f_cffd589a035a-0
2025-07-31 20:43:11,790 INFO  [org.apa.kaf.cli.con.int.ConsumerCoordinator] (Thread-624) [Consumer clientId=consumer-Consumer-topic-4dbb9628_7b40_4749_961f_cffd589a035a-5, groupId=Consumer-topic-4dbb9628_7b40_4749_961f_cffd589a035a] Found no committed offset for partition topic-4dbb9628_7b40_4749_961f_cffd589a035a-0
2025-07-31 20:43:11,796 INFO  [org.apa.kaf.cli.con.int.SubscriptionState] (Thread-624) [Consumer clientId=consumer-Consumer-topic-4dbb9628_7b40_4749_961f_cffd589a035a-5, groupId=Consumer-topic-4dbb9628_7b40_4749_961f_cffd589a035a] Resetting offset for partition topic-4dbb9628_7b40_4749_961f_cffd589a035a-0 to position FetchPosition{offset=0, offsetEpoch=Optional.empty, currentLeader=LeaderAndEpoch{leader=Optional[localhost:32770 (id: 0 rack: null)], epoch=0}}.
2025-07-31 20:43:12,032 INFO  [io.api.tes.ser.api.KafkaSerdesTester] (Thread-624) topic-4dbb9628_7b40_4749_961f_cffd589a035a 0 0 {"key11753994590165": "value-0"}
2025-07-31 20:43:12,033 INFO  [io.api.tes.ser.api.KafkaSerdesTester] (Thread-624) topic-4dbb9628_7b40_4749_961f_cffd589a035a 0 1 {"key11753994590165": "value-1"}
2025-07-31 20:43:12,033 INFO  [io.api.tes.ser.api.KafkaSerdesTester] (Thread-624) topic-4dbb9628_7b40_4749_961f_cffd589a035a 0 2 {"key11753994590165": "value-2"}
2025-07-31 20:43:12,033 INFO  [io.api.tes.ser.api.KafkaSerdesTester] (Thread-624) topic-4dbb9628_7b40_4749_961f_cffd589a035a 0 3 {"key11753994590165": "value-3"}
2025-07-31 20:43:12,033 INFO  [io.api.tes.ser.api.KafkaSerdesTester] (Thread-624) topic-4dbb9628_7b40_4749_961f_cffd589a035a 0 4 {"key11753994590165": "value-4"}
2025-07-31 20:43:12,033 INFO  [io.api.tes.ser.api.KafkaSerdesTester] (Thread-624) topic-4dbb9628_7b40_4749_961f_cffd589a035a 0 5 {"key11753994590165": "value-5"}
2025-07-31 20:43:12,033 INFO  [io.api.tes.ser.api.KafkaSerdesTester] (Thread-624) topic-4dbb9628_7b40_4749_961f_cffd589a035a 0 6 {"key11753994590165": "value-6"}
2025-07-31 20:43:12,033 INFO  [io.api.tes.ser.api.KafkaSerdesTester] (Thread-624) topic-4dbb9628_7b40_4749_961f_cffd589a035a 0 7 {"key11753994590165": "value-7"}
2025-07-31 20:43:12,033 INFO  [io.api.tes.ser.api.KafkaSerdesTester] (Thread-624) topic-4dbb9628_7b40_4749_961f_cffd589a035a 0 8 {"key11753994590165": "value-8"}
2025-07-31 20:43:12,033 INFO  [io.api.tes.ser.api.KafkaSerdesTester] (Thread-624) topic-4dbb9628_7b40_4749_961f_cffd589a035a 0 9 {"key11753994590165": "value-9"}
2025-07-31 20:43:12,033 INFO  [io.api.tes.ser.api.KafkaSerdesTester] (Thread-624) Consumed 10 messages
2025-07-31 20:43:12,037 INFO  [org.apa.kaf.cli.con.int.ConsumerRebalanceListenerInvoker] (Thread-624) [Consumer clientId=consumer-Consumer-topic-4dbb9628_7b40_4749_961f_cffd589a035a-5, groupId=Consumer-topic-4dbb9628_7b40_4749_961f_cffd589a035a] Revoke previously assigned partitions topic-4dbb9628_7b40_4749_961f_cffd589a035a-0
2025-07-31 20:43:12,037 INFO  [org.apa.kaf.cli.con.int.ConsumerCoordinator] (Thread-624) [Consumer clientId=consumer-Consumer-topic-4dbb9628_7b40_4749_961f_cffd589a035a-5, groupId=Consumer-topic-4dbb9628_7b40_4749_961f_cffd589a035a] Member consumer-Consumer-topic-4dbb9628_7b40_4749_961f_cffd589a035a-5-8a2a0b7d-1c8b-4a91-bd9c-4f6555162505 sending LeaveGroup request to coordinator localhost:32770 (id: 2147483647 rack: null) due to the consumer is being closed
2025-07-31 20:43:12,038 INFO  [org.apa.kaf.cli.con.int.ConsumerCoordinator] (Thread-624) [Consumer clientId=consumer-Consumer-topic-4dbb9628_7b40_4749_961f_cffd589a035a-5, groupId=Consumer-topic-4dbb9628_7b40_4749_961f_cffd589a035a] Resetting generation and member id due to: consumer pro-actively leaving the group
2025-07-31 20:43:12,038 INFO  [org.apa.kaf.cli.con.int.ConsumerCoordinator] (Thread-624) [Consumer clientId=consumer-Consumer-topic-4dbb9628_7b40_4749_961f_cffd589a035a-5, groupId=Consumer-topic-4dbb9628_7b40_4749_961f_cffd589a035a] Request joining group due to: consumer pro-actively leaving the group
2025-07-31 20:43:12,537 INFO  [org.apa.kaf.com.met.Metrics] (Thread-624) Metrics scheduler closed
2025-07-31 20:43:12,537 INFO  [org.apa.kaf.com.met.Metrics] (Thread-624) Closing reporter org.apache.kafka.common.metrics.JmxReporter
2025-07-31 20:43:12,537 INFO  [org.apa.kaf.com.met.Metrics] (Thread-624) Closing reporter org.apache.kafka.common.telemetry.internals.ClientTelemetryReporter
2025-07-31 20:43:12,537 INFO  [org.apa.kaf.com.met.Metrics] (Thread-624) Metrics reporters closed
2025-07-31 20:43:12,542 INFO  [org.apa.kaf.com.uti.AppInfoParser] (Thread-624) App info kafka.consumer for consumer-Consumer-topic-4dbb9628_7b40_4749_961f_cffd589a035a-5 unregistered
2025-07-31 20:43:12,543 INFO  [io.api.tes.uti.TestSeparator] (main) io.apicurio.tests.serdes.apicurio.AvroSerdeIT.testRecordIdStrategydFindLatest-FINISHED
2025-07-31 20:43:12,543 INFO  [io.api.tes.uti.TestSeparator] (main) ############################################################################
Test passed: testRecordIdStrategydFindLatest
]]></system-out>
  </testcase>
  <testcase name="testReflectAutoRegister" classname="io.apicurio.tests.serdes.apicurio.AvroSerdeIT" time="1.355">
    <system-out><![CDATA[2025-07-31 20:43:12,547 INFO  [io.api.tes.uti.TestSeparator] (main) ############################################################################
2025-07-31 20:43:12,547 INFO  [io.api.tes.uti.TestSeparator] (main) io.apicurio.tests.serdes.apicurio.AvroSerdeIT.testReflectAutoRegister-STARTED
**** Registry Base URL: http://registry-app-mysql.apps.ci419.apicurio-testing.org:80
2025-07-31 20:43:12,554 INFO  [org.apa.kaf.cli.pro.ProducerConfig] (main) ProducerConfig values: 
	acks = -1
	auto.include.jmx.reporter = true
	batch.size = 16384
	bootstrap.servers = [PLAINTEXT://localhost:32770]
	buffer.memory = 33554432
	client.dns.lookup = use_all_dns_ips
	client.id = Producer-topic-90fd2d0e_1ae3_477a_9829_48b1283d48a2
	compression.gzip.level = -1
	compression.lz4.level = 9
	compression.type = none
	compression.zstd.level = 3
	connections.max.idle.ms = 10000
	delivery.timeout.ms = 120000
	enable.idempotence = true
	enable.metrics.push = true
	interceptor.classes = []
	key.serializer = class org.apache.kafka.common.serialization.StringSerializer
	linger.ms = 0
	max.block.ms = 60000
	max.in.flight.requests.per.connection = 5
	max.request.size = 1048576
	metadata.max.age.ms = 300000
	metadata.max.idle.ms = 300000
	metadata.recovery.strategy = none
	metric.reporters = []
	metrics.num.samples = 2
	metrics.recording.level = INFO
	metrics.sample.window.ms = 30000
	partitioner.adaptive.partitioning.enable = true
	partitioner.availability.timeout.ms = 0
	partitioner.class = null
	partitioner.ignore.keys = false
	receive.buffer.bytes = 32768
	reconnect.backoff.max.ms = 1000
	reconnect.backoff.ms = 50
	request.timeout.ms = 5000
	retries = 2147483647
	retry.backoff.max.ms = 1000
	retry.backoff.ms = 100
	sasl.client.callback.handler.class = null
	sasl.jaas.config = null
	sasl.kerberos.kinit.cmd = /usr/bin/kinit
	sasl.kerberos.min.time.before.relogin = 60000
	sasl.kerberos.service.name = null
	sasl.kerberos.ticket.renew.jitter = 0.05
	sasl.kerberos.ticket.renew.window.factor = 0.8
	sasl.login.callback.handler.class = null
	sasl.login.class = null
	sasl.login.connect.timeout.ms = null
	sasl.login.read.timeout.ms = null
	sasl.login.refresh.buffer.seconds = 300
	sasl.login.refresh.min.period.seconds = 60
	sasl.login.refresh.window.factor = 0.8
	sasl.login.refresh.window.jitter = 0.05
	sasl.login.retry.backoff.max.ms = 10000
	sasl.login.retry.backoff.ms = 100
	sasl.mechanism = GSSAPI
	sasl.oauthbearer.clock.skew.seconds = 30
	sasl.oauthbearer.expected.audience = null
	sasl.oauthbearer.expected.issuer = null
	sasl.oauthbearer.header.urlencode = false
	sasl.oauthbearer.jwks.endpoint.refresh.ms = 3600000
	sasl.oauthbearer.jwks.endpoint.retry.backoff.max.ms = 10000
	sasl.oauthbearer.jwks.endpoint.retry.backoff.ms = 100
	sasl.oauthbearer.jwks.endpoint.url = null
	sasl.oauthbearer.scope.claim.name = scope
	sasl.oauthbearer.sub.claim.name = sub
	sasl.oauthbearer.token.endpoint.url = null
	security.protocol = PLAINTEXT
	security.providers = null
	send.buffer.bytes = 131072
	socket.connection.setup.timeout.max.ms = 30000
	socket.connection.setup.timeout.ms = 10000
	ssl.cipher.suites = null
	ssl.enabled.protocols = [TLSv1.2, TLSv1.3]
	ssl.endpoint.identification.algorithm = https
	ssl.engine.factory.class = null
	ssl.key.password = null
	ssl.keymanager.algorithm = SunX509
	ssl.keystore.certificate.chain = null
	ssl.keystore.key = null
	ssl.keystore.location = null
	ssl.keystore.password = null
	ssl.keystore.type = JKS
	ssl.protocol = TLSv1.3
	ssl.provider = null
	ssl.secure.random.implementation = null
	ssl.trustmanager.algorithm = PKIX
	ssl.truststore.certificates = null
	ssl.truststore.location = null
	ssl.truststore.password = null
	ssl.truststore.type = JKS
	transaction.timeout.ms = 60000
	transactional.id = null
	value.serializer = class io.apicurio.registry.serde.avro.AvroKafkaSerializer

2025-07-31 20:43:12,555 INFO  [org.apa.kaf.com.tel.int.KafkaMetricsCollector] (main) initializing Kafka metrics collector
2025-07-31 20:43:12,574 INFO  [org.apa.kaf.cli.pro.KafkaProducer] (main) [Producer clientId=Producer-topic-90fd2d0e_1ae3_477a_9829_48b1283d48a2] Instantiated an idempotent producer.
2025-07-31 20:43:12,577 INFO  [org.apa.kaf.cli.pro.ProducerConfig] (main) These configurations '[apicurio.registry.url, apicurio.registry.auto-register, apicurio.registry.artifact-resolver-strategy, apicurio.registry.avro-datum-provider]' were supplied but are not used yet.
2025-07-31 20:43:12,578 INFO  [org.apa.kaf.com.uti.AppInfoParser] (main) Kafka version: 3.9.1
2025-07-31 20:43:12,578 INFO  [org.apa.kaf.com.uti.AppInfoParser] (main) Kafka commitId: f745dfdcee2b9851
2025-07-31 20:43:12,578 INFO  [org.apa.kaf.com.uti.AppInfoParser] (main) Kafka startTimeMs: 1753994592578
2025-07-31 20:43:12,578 INFO  [io.api.tes.ser.api.SimpleSerdesTesterBuilder$SimpleSerdesTester] (main) Using producer configuration: {apicurio.registry.url=http://registry-app-mysql.apps.ci419.apicurio-testing.org:80/apis/registry/v3, apicurio.registry.auto-register=true, apicurio.registry.artifact-resolver-strategy=io.apicurio.registry.serde.strategy.TopicIdStrategy, value.serializer=io.apicurio.registry.serde.avro.AvroKafkaSerializer, request.timeout.ms=5000, acks=all, bootstrap.servers=PLAINTEXT://localhost:32770, connections.max.idle.ms=10000, key.serializer=org.apache.kafka.common.serialization.StringSerializer, apicurio.registry.avro-datum-provider=io.apicurio.registry.serde.avro.ReflectAvroDatumProvider, client.id=Producer-topic-90fd2d0e_1ae3_477a_9829_48b1283d48a2}
2025-07-31 20:43:12,578 INFO  [io.api.tes.ser.api.SimpleSerdesTesterBuilder$SimpleSerdesTester] (main) Using consumer configuration: {apicurio.registry.avro-datum-provider=io.apicurio.registry.serde.avro.ReflectAvroDatumProvider}
2025-07-31 20:43:12,578 INFO  [io.api.tes.ser.api.KafkaSerdesTester] (Thread-627) Sending message io.apicurio.tests.common.serdes.TestObject@3dbd29cb to topic topic-90fd2d0e_1ae3_477a_9829_48b1283d48a2
2025-07-31 20:43:12,592 WARN  [org.apa.kaf.cli.NetworkClient] (kafka-producer-network-thread | Producer-topic-90fd2d0e_1ae3_477a_9829_48b1283d48a2) [Producer clientId=Producer-topic-90fd2d0e_1ae3_477a_9829_48b1283d48a2] The metadata response from the cluster reported a recoverable issue with correlation id 2 : {topic-90fd2d0e_1ae3_477a_9829_48b1283d48a2=LEADER_NOT_AVAILABLE}
2025-07-31 20:43:12,592 INFO  [org.apa.kaf.cli.Metadata] (kafka-producer-network-thread | Producer-topic-90fd2d0e_1ae3_477a_9829_48b1283d48a2) [Producer clientId=Producer-topic-90fd2d0e_1ae3_477a_9829_48b1283d48a2] Cluster ID: 6lKjf0w6TFCctmqQa8E77g
2025-07-31 20:43:12,593 INFO  [org.apa.kaf.cli.pro.int.TransactionManager] (kafka-producer-network-thread | Producer-topic-90fd2d0e_1ae3_477a_9829_48b1283d48a2) [Producer clientId=Producer-topic-90fd2d0e_1ae3_477a_9829_48b1283d48a2] ProducerId set to 6 with epoch 0
2025-07-31 20:43:12,919 INFO  [io.api.tes.ser.api.KafkaSerdesTester] (Thread-627) Sending message io.apicurio.tests.common.serdes.TestObject@3dbd29cb to topic topic-90fd2d0e_1ae3_477a_9829_48b1283d48a2
2025-07-31 20:43:12,921 INFO  [io.api.tes.ser.api.KafkaSerdesTester] (Thread-627) Sending message io.apicurio.tests.common.serdes.TestObject@3dbd29cb to topic topic-90fd2d0e_1ae3_477a_9829_48b1283d48a2
2025-07-31 20:43:12,924 INFO  [io.api.tes.ser.api.KafkaSerdesTester] (Thread-627) Sending message io.apicurio.tests.common.serdes.TestObject@3dbd29cb to topic topic-90fd2d0e_1ae3_477a_9829_48b1283d48a2
2025-07-31 20:43:12,927 INFO  [io.api.tes.ser.api.KafkaSerdesTester] (Thread-627) Sending message io.apicurio.tests.common.serdes.TestObject@3dbd29cb to topic topic-90fd2d0e_1ae3_477a_9829_48b1283d48a2
2025-07-31 20:43:12,929 INFO  [io.api.tes.ser.api.KafkaSerdesTester] (Thread-627) Sending message io.apicurio.tests.common.serdes.TestObject@3dbd29cb to topic topic-90fd2d0e_1ae3_477a_9829_48b1283d48a2
2025-07-31 20:43:12,931 INFO  [io.api.tes.ser.api.KafkaSerdesTester] (Thread-627) Sending message io.apicurio.tests.common.serdes.TestObject@3dbd29cb to topic topic-90fd2d0e_1ae3_477a_9829_48b1283d48a2
2025-07-31 20:43:12,934 INFO  [io.api.tes.ser.api.KafkaSerdesTester] (Thread-627) Sending message io.apicurio.tests.common.serdes.TestObject@3dbd29cb to topic topic-90fd2d0e_1ae3_477a_9829_48b1283d48a2
2025-07-31 20:43:12,939 INFO  [io.api.tes.ser.api.KafkaSerdesTester] (Thread-627) Sending message io.apicurio.tests.common.serdes.TestObject@3dbd29cb to topic topic-90fd2d0e_1ae3_477a_9829_48b1283d48a2
2025-07-31 20:43:12,942 INFO  [io.api.tes.ser.api.KafkaSerdesTester] (Thread-627) Sending message io.apicurio.tests.common.serdes.TestObject@3dbd29cb to topic topic-90fd2d0e_1ae3_477a_9829_48b1283d48a2
2025-07-31 20:43:12,946 INFO  [io.api.tes.ser.api.KafkaSerdesTester] (Thread-627) Produced 10 messages
2025-07-31 20:43:12,946 INFO  [org.apa.kaf.cli.pro.KafkaProducer] (Thread-627) [Producer clientId=Producer-topic-90fd2d0e_1ae3_477a_9829_48b1283d48a2] Closing the Kafka producer with timeoutMillis = 9223372036854775807 ms.
2025-07-31 20:43:12,949 INFO  [org.apa.kaf.com.met.Metrics] (Thread-627) Metrics scheduler closed
2025-07-31 20:43:12,949 INFO  [org.apa.kaf.com.met.Metrics] (Thread-627) Closing reporter org.apache.kafka.common.metrics.JmxReporter
2025-07-31 20:43:12,949 INFO  [org.apa.kaf.com.met.Metrics] (Thread-627) Closing reporter org.apache.kafka.common.telemetry.internals.ClientTelemetryReporter
2025-07-31 20:43:12,949 INFO  [org.apa.kaf.com.met.Metrics] (Thread-627) Metrics reporters closed
2025-07-31 20:43:12,949 INFO  [org.apa.kaf.com.uti.AppInfoParser] (Thread-627) App info kafka.producer for Producer-topic-90fd2d0e_1ae3_477a_9829_48b1283d48a2 unregistered
**** Registry Base URL: http://registry-app-mysql.apps.ci419.apicurio-testing.org:80
2025-07-31 20:43:13,103 INFO  [org.apa.kaf.cli.con.ConsumerConfig] (main) ConsumerConfig values: 
	allow.auto.create.topics = true
	auto.commit.interval.ms = 500
	auto.include.jmx.reporter = true
	auto.offset.reset = earliest
	bootstrap.servers = [PLAINTEXT://localhost:32770]
	check.crcs = true
	client.dns.lookup = use_all_dns_ips
	client.id = consumer-Consumer-topic-90fd2d0e_1ae3_477a_9829_48b1283d48a2-6
	client.rack = 
	connections.max.idle.ms = 10000
	default.api.timeout.ms = 60000
	enable.auto.commit = true
	enable.metrics.push = true
	exclude.internal.topics = true
	fetch.max.bytes = 52428800
	fetch.max.wait.ms = 500
	fetch.min.bytes = 1
	group.id = Consumer-topic-90fd2d0e_1ae3_477a_9829_48b1283d48a2
	group.instance.id = null
	group.protocol = classic
	group.remote.assignor = null
	heartbeat.interval.ms = 3000
	interceptor.classes = []
	internal.leave.group.on.close = true
	internal.throw.on.fetch.stable.offset.unsupported = false
	isolation.level = read_uncommitted
	key.deserializer = class org.apache.kafka.common.serialization.StringDeserializer
	max.partition.fetch.bytes = 1048576
	max.poll.interval.ms = 300000
	max.poll.records = 500
	metadata.max.age.ms = 300000
	metadata.recovery.strategy = none
	metric.reporters = []
	metrics.num.samples = 2
	metrics.recording.level = INFO
	metrics.sample.window.ms = 30000
	partition.assignment.strategy = [class org.apache.kafka.clients.consumer.RangeAssignor, class org.apache.kafka.clients.consumer.CooperativeStickyAssignor]
	receive.buffer.bytes = 65536
	reconnect.backoff.max.ms = 1000
	reconnect.backoff.ms = 50
	request.timeout.ms = 5000
	retry.backoff.max.ms = 1000
	retry.backoff.ms = 100
	sasl.client.callback.handler.class = null
	sasl.jaas.config = null
	sasl.kerberos.kinit.cmd = /usr/bin/kinit
	sasl.kerberos.min.time.before.relogin = 60000
	sasl.kerberos.service.name = null
	sasl.kerberos.ticket.renew.jitter = 0.05
	sasl.kerberos.ticket.renew.window.factor = 0.8
	sasl.login.callback.handler.class = null
	sasl.login.class = null
	sasl.login.connect.timeout.ms = null
	sasl.login.read.timeout.ms = null
	sasl.login.refresh.buffer.seconds = 300
	sasl.login.refresh.min.period.seconds = 60
	sasl.login.refresh.window.factor = 0.8
	sasl.login.refresh.window.jitter = 0.05
	sasl.login.retry.backoff.max.ms = 10000
	sasl.login.retry.backoff.ms = 100
	sasl.mechanism = GSSAPI
	sasl.oauthbearer.clock.skew.seconds = 30
	sasl.oauthbearer.expected.audience = null
	sasl.oauthbearer.expected.issuer = null
	sasl.oauthbearer.header.urlencode = false
	sasl.oauthbearer.jwks.endpoint.refresh.ms = 3600000
	sasl.oauthbearer.jwks.endpoint.retry.backoff.max.ms = 10000
	sasl.oauthbearer.jwks.endpoint.retry.backoff.ms = 100
	sasl.oauthbearer.jwks.endpoint.url = null
	sasl.oauthbearer.scope.claim.name = scope
	sasl.oauthbearer.sub.claim.name = sub
	sasl.oauthbearer.token.endpoint.url = null
	security.protocol = PLAINTEXT
	security.providers = null
	send.buffer.bytes = 131072
	session.timeout.ms = 45000
	socket.connection.setup.timeout.max.ms = 30000
	socket.connection.setup.timeout.ms = 10000
	ssl.cipher.suites = null
	ssl.enabled.protocols = [TLSv1.2, TLSv1.3]
	ssl.endpoint.identification.algorithm = https
	ssl.engine.factory.class = null
	ssl.key.password = null
	ssl.keymanager.algorithm = SunX509
	ssl.keystore.certificate.chain = null
	ssl.keystore.key = null
	ssl.keystore.location = null
	ssl.keystore.password = null
	ssl.keystore.type = JKS
	ssl.protocol = TLSv1.3
	ssl.provider = null
	ssl.secure.random.implementation = null
	ssl.trustmanager.algorithm = PKIX
	ssl.truststore.certificates = null
	ssl.truststore.location = null
	ssl.truststore.password = null
	ssl.truststore.type = JKS
	value.deserializer = class io.apicurio.registry.serde.avro.AvroKafkaDeserializer

2025-07-31 20:43:13,103 INFO  [org.apa.kaf.com.tel.int.KafkaMetricsCollector] (main) initializing Kafka metrics collector
2025-07-31 20:43:13,109 INFO  [org.apa.kaf.cli.con.ConsumerConfig] (main) These configurations '[apicurio.registry.url, apicurio.registry.avro-datum-provider]' were supplied but are not used yet.
2025-07-31 20:43:13,109 INFO  [org.apa.kaf.com.uti.AppInfoParser] (main) Kafka version: 3.9.1
2025-07-31 20:43:13,109 INFO  [org.apa.kaf.com.uti.AppInfoParser] (main) Kafka commitId: f745dfdcee2b9851
2025-07-31 20:43:13,109 INFO  [org.apa.kaf.com.uti.AppInfoParser] (main) Kafka startTimeMs: 1753994593109
2025-07-31 20:43:13,109 INFO  [org.apa.kaf.cli.con.int.ClassicKafkaConsumer] (Thread-630) [Consumer clientId=consumer-Consumer-topic-90fd2d0e_1ae3_477a_9829_48b1283d48a2-6, groupId=Consumer-topic-90fd2d0e_1ae3_477a_9829_48b1283d48a2] Subscribed to topic(s): topic-90fd2d0e_1ae3_477a_9829_48b1283d48a2
2025-07-31 20:43:13,118 INFO  [org.apa.kaf.cli.Metadata] (Thread-630) [Consumer clientId=consumer-Consumer-topic-90fd2d0e_1ae3_477a_9829_48b1283d48a2-6, groupId=Consumer-topic-90fd2d0e_1ae3_477a_9829_48b1283d48a2] Cluster ID: 6lKjf0w6TFCctmqQa8E77g
2025-07-31 20:43:13,118 INFO  [org.apa.kaf.cli.con.int.ConsumerCoordinator] (Thread-630) [Consumer clientId=consumer-Consumer-topic-90fd2d0e_1ae3_477a_9829_48b1283d48a2-6, groupId=Consumer-topic-90fd2d0e_1ae3_477a_9829_48b1283d48a2] Discovered group coordinator localhost:32770 (id: 2147483647 rack: null)
2025-07-31 20:43:13,120 INFO  [org.apa.kaf.cli.con.int.ConsumerCoordinator] (Thread-630) [Consumer clientId=consumer-Consumer-topic-90fd2d0e_1ae3_477a_9829_48b1283d48a2-6, groupId=Consumer-topic-90fd2d0e_1ae3_477a_9829_48b1283d48a2] (Re-)joining group
2025-07-31 20:43:13,125 INFO  [org.apa.kaf.cli.con.int.ConsumerCoordinator] (Thread-630) [Consumer clientId=consumer-Consumer-topic-90fd2d0e_1ae3_477a_9829_48b1283d48a2-6, groupId=Consumer-topic-90fd2d0e_1ae3_477a_9829_48b1283d48a2] Request joining group due to: need to re-join with the given member-id: consumer-Consumer-topic-90fd2d0e_1ae3_477a_9829_48b1283d48a2-6-87dedb8d-0d19-4c8a-9844-4afb6fb367c3
2025-07-31 20:43:13,125 INFO  [org.apa.kaf.cli.con.int.ConsumerCoordinator] (Thread-630) [Consumer clientId=consumer-Consumer-topic-90fd2d0e_1ae3_477a_9829_48b1283d48a2-6, groupId=Consumer-topic-90fd2d0e_1ae3_477a_9829_48b1283d48a2] (Re-)joining group
2025-07-31 20:43:13,128 INFO  [org.apa.kaf.cli.con.int.ConsumerCoordinator] (Thread-630) [Consumer clientId=consumer-Consumer-topic-90fd2d0e_1ae3_477a_9829_48b1283d48a2-6, groupId=Consumer-topic-90fd2d0e_1ae3_477a_9829_48b1283d48a2] Successfully joined group with generation Generation{generationId=1, memberId='consumer-Consumer-topic-90fd2d0e_1ae3_477a_9829_48b1283d48a2-6-87dedb8d-0d19-4c8a-9844-4afb6fb367c3', protocol='range'}
2025-07-31 20:43:13,129 INFO  [org.apa.kaf.cli.con.int.ConsumerCoordinator] (Thread-630) [Consumer clientId=consumer-Consumer-topic-90fd2d0e_1ae3_477a_9829_48b1283d48a2-6, groupId=Consumer-topic-90fd2d0e_1ae3_477a_9829_48b1283d48a2] Finished assignment for group at generation 1: {consumer-Consumer-topic-90fd2d0e_1ae3_477a_9829_48b1283d48a2-6-87dedb8d-0d19-4c8a-9844-4afb6fb367c3=Assignment(partitions=[topic-90fd2d0e_1ae3_477a_9829_48b1283d48a2-0])}
2025-07-31 20:43:13,134 INFO  [org.apa.kaf.cli.con.int.ConsumerCoordinator] (Thread-630) [Consumer clientId=consumer-Consumer-topic-90fd2d0e_1ae3_477a_9829_48b1283d48a2-6, groupId=Consumer-topic-90fd2d0e_1ae3_477a_9829_48b1283d48a2] Successfully synced group in generation Generation{generationId=1, memberId='consumer-Consumer-topic-90fd2d0e_1ae3_477a_9829_48b1283d48a2-6-87dedb8d-0d19-4c8a-9844-4afb6fb367c3', protocol='range'}
2025-07-31 20:43:13,134 INFO  [org.apa.kaf.cli.con.int.ConsumerCoordinator] (Thread-630) [Consumer clientId=consumer-Consumer-topic-90fd2d0e_1ae3_477a_9829_48b1283d48a2-6, groupId=Consumer-topic-90fd2d0e_1ae3_477a_9829_48b1283d48a2] Notifying assignor about the new Assignment(partitions=[topic-90fd2d0e_1ae3_477a_9829_48b1283d48a2-0])
2025-07-31 20:43:13,134 INFO  [org.apa.kaf.cli.con.int.ConsumerRebalanceListenerInvoker] (Thread-630) [Consumer clientId=consumer-Consumer-topic-90fd2d0e_1ae3_477a_9829_48b1283d48a2-6, groupId=Consumer-topic-90fd2d0e_1ae3_477a_9829_48b1283d48a2] Adding newly assigned partitions: topic-90fd2d0e_1ae3_477a_9829_48b1283d48a2-0
2025-07-31 20:43:13,136 INFO  [org.apa.kaf.cli.con.int.ConsumerCoordinator] (Thread-630) [Consumer clientId=consumer-Consumer-topic-90fd2d0e_1ae3_477a_9829_48b1283d48a2-6, groupId=Consumer-topic-90fd2d0e_1ae3_477a_9829_48b1283d48a2] Found no committed offset for partition topic-90fd2d0e_1ae3_477a_9829_48b1283d48a2-0
2025-07-31 20:43:13,142 INFO  [org.apa.kaf.cli.con.int.SubscriptionState] (Thread-630) [Consumer clientId=consumer-Consumer-topic-90fd2d0e_1ae3_477a_9829_48b1283d48a2-6, groupId=Consumer-topic-90fd2d0e_1ae3_477a_9829_48b1283d48a2] Resetting offset for partition topic-90fd2d0e_1ae3_477a_9829_48b1283d48a2-0 to position FetchPosition{offset=0, offsetEpoch=Optional.empty, currentLeader=LeaderAndEpoch{leader=Optional[localhost:32770 (id: 0 rack: null)], epoch=0}}.
2025-07-31 20:43:13,390 INFO  [io.api.tes.ser.api.KafkaSerdesTester] (Thread-630) topic-90fd2d0e_1ae3_477a_9829_48b1283d48a2 0 0 io.apicurio.tests.common.serdes.TestObject@3dbd29cb
2025-07-31 20:43:13,390 INFO  [io.api.tes.ser.api.KafkaSerdesTester] (Thread-630) topic-90fd2d0e_1ae3_477a_9829_48b1283d48a2 0 1 io.apicurio.tests.common.serdes.TestObject@3dbd29cb
2025-07-31 20:43:13,390 INFO  [io.api.tes.ser.api.KafkaSerdesTester] (Thread-630) topic-90fd2d0e_1ae3_477a_9829_48b1283d48a2 0 2 io.apicurio.tests.common.serdes.TestObject@3dbd29cb
2025-07-31 20:43:13,390 INFO  [io.api.tes.ser.api.KafkaSerdesTester] (Thread-630) topic-90fd2d0e_1ae3_477a_9829_48b1283d48a2 0 3 io.apicurio.tests.common.serdes.TestObject@3dbd29cb
2025-07-31 20:43:13,390 INFO  [io.api.tes.ser.api.KafkaSerdesTester] (Thread-630) topic-90fd2d0e_1ae3_477a_9829_48b1283d48a2 0 4 io.apicurio.tests.common.serdes.TestObject@3dbd29cb
2025-07-31 20:43:13,390 INFO  [io.api.tes.ser.api.KafkaSerdesTester] (Thread-630) topic-90fd2d0e_1ae3_477a_9829_48b1283d48a2 0 5 io.apicurio.tests.common.serdes.TestObject@3dbd29cb
2025-07-31 20:43:13,390 INFO  [io.api.tes.ser.api.KafkaSerdesTester] (Thread-630) topic-90fd2d0e_1ae3_477a_9829_48b1283d48a2 0 6 io.apicurio.tests.common.serdes.TestObject@3dbd29cb
2025-07-31 20:43:13,390 INFO  [io.api.tes.ser.api.KafkaSerdesTester] (Thread-630) topic-90fd2d0e_1ae3_477a_9829_48b1283d48a2 0 7 io.apicurio.tests.common.serdes.TestObject@3dbd29cb
2025-07-31 20:43:13,390 INFO  [io.api.tes.ser.api.KafkaSerdesTester] (Thread-630) topic-90fd2d0e_1ae3_477a_9829_48b1283d48a2 0 8 io.apicurio.tests.common.serdes.TestObject@3dbd29cb
2025-07-31 20:43:13,390 INFO  [io.api.tes.ser.api.KafkaSerdesTester] (Thread-630) topic-90fd2d0e_1ae3_477a_9829_48b1283d48a2 0 9 io.apicurio.tests.common.serdes.TestObject@3dbd29cb
2025-07-31 20:43:13,390 INFO  [io.api.tes.ser.api.KafkaSerdesTester] (Thread-630) Consumed 10 messages
2025-07-31 20:43:13,393 INFO  [org.apa.kaf.cli.con.int.ConsumerRebalanceListenerInvoker] (Thread-630) [Consumer clientId=consumer-Consumer-topic-90fd2d0e_1ae3_477a_9829_48b1283d48a2-6, groupId=Consumer-topic-90fd2d0e_1ae3_477a_9829_48b1283d48a2] Revoke previously assigned partitions topic-90fd2d0e_1ae3_477a_9829_48b1283d48a2-0
2025-07-31 20:43:13,393 INFO  [org.apa.kaf.cli.con.int.ConsumerCoordinator] (Thread-630) [Consumer clientId=consumer-Consumer-topic-90fd2d0e_1ae3_477a_9829_48b1283d48a2-6, groupId=Consumer-topic-90fd2d0e_1ae3_477a_9829_48b1283d48a2] Member consumer-Consumer-topic-90fd2d0e_1ae3_477a_9829_48b1283d48a2-6-87dedb8d-0d19-4c8a-9844-4afb6fb367c3 sending LeaveGroup request to coordinator localhost:32770 (id: 2147483647 rack: null) due to the consumer is being closed
2025-07-31 20:43:13,393 INFO  [org.apa.kaf.cli.con.int.ConsumerCoordinator] (Thread-630) [Consumer clientId=consumer-Consumer-topic-90fd2d0e_1ae3_477a_9829_48b1283d48a2-6, groupId=Consumer-topic-90fd2d0e_1ae3_477a_9829_48b1283d48a2] Resetting generation and member id due to: consumer pro-actively leaving the group
2025-07-31 20:43:13,393 INFO  [org.apa.kaf.cli.con.int.ConsumerCoordinator] (Thread-630) [Consumer clientId=consumer-Consumer-topic-90fd2d0e_1ae3_477a_9829_48b1283d48a2-6, groupId=Consumer-topic-90fd2d0e_1ae3_477a_9829_48b1283d48a2] Request joining group due to: consumer pro-actively leaving the group
2025-07-31 20:43:13,895 INFO  [org.apa.kaf.com.met.Metrics] (Thread-630) Metrics scheduler closed
2025-07-31 20:43:13,895 INFO  [org.apa.kaf.com.met.Metrics] (Thread-630) Closing reporter org.apache.kafka.common.metrics.JmxReporter
2025-07-31 20:43:13,895 INFO  [org.apa.kaf.com.met.Metrics] (Thread-630) Closing reporter org.apache.kafka.common.telemetry.internals.ClientTelemetryReporter
2025-07-31 20:43:13,895 INFO  [org.apa.kaf.com.met.Metrics] (Thread-630) Metrics reporters closed
2025-07-31 20:43:13,897 INFO  [org.apa.kaf.com.uti.AppInfoParser] (Thread-630) App info kafka.consumer for consumer-Consumer-topic-90fd2d0e_1ae3_477a_9829_48b1283d48a2-6 unregistered
2025-07-31 20:43:13,898 INFO  [io.api.tes.uti.TestSeparator] (main) io.apicurio.tests.serdes.apicurio.AvroSerdeIT.testReflectAutoRegister-FINISHED
2025-07-31 20:43:13,899 INFO  [io.api.tes.uti.TestSeparator] (main) ############################################################################
Test passed: testReflectAutoRegister
]]></system-out>
  </testcase>
  <testcase name="testArtifactNotFound" classname="io.apicurio.tests.serdes.apicurio.AvroSerdeIT" time="0.4">
    <system-out><![CDATA[2025-07-31 20:43:13,900 INFO  [io.api.tes.uti.TestSeparator] (main) ############################################################################
2025-07-31 20:43:13,900 INFO  [io.api.tes.uti.TestSeparator] (main) io.apicurio.tests.serdes.apicurio.AvroSerdeIT.testArtifactNotFound-STARTED
**** Registry Base URL: http://registry-app-mysql.apps.ci419.apicurio-testing.org:80
2025-07-31 20:43:13,903 INFO  [org.apa.kaf.cli.pro.ProducerConfig] (main) ProducerConfig values: 
	acks = -1
	auto.include.jmx.reporter = true
	batch.size = 16384
	bootstrap.servers = [PLAINTEXT://localhost:32770]
	buffer.memory = 33554432
	client.dns.lookup = use_all_dns_ips
	client.id = Producer-s6ce23a5bx28e3x4c6fx8967x613a61579fd4
	compression.gzip.level = -1
	compression.lz4.level = 9
	compression.type = none
	compression.zstd.level = 3
	connections.max.idle.ms = 10000
	delivery.timeout.ms = 120000
	enable.idempotence = true
	enable.metrics.push = true
	interceptor.classes = []
	key.serializer = class org.apache.kafka.common.serialization.StringSerializer
	linger.ms = 0
	max.block.ms = 60000
	max.in.flight.requests.per.connection = 5
	max.request.size = 1048576
	metadata.max.age.ms = 300000
	metadata.max.idle.ms = 300000
	metadata.recovery.strategy = none
	metric.reporters = []
	metrics.num.samples = 2
	metrics.recording.level = INFO
	metrics.sample.window.ms = 30000
	partitioner.adaptive.partitioning.enable = true
	partitioner.availability.timeout.ms = 0
	partitioner.class = null
	partitioner.ignore.keys = false
	receive.buffer.bytes = 32768
	reconnect.backoff.max.ms = 1000
	reconnect.backoff.ms = 50
	request.timeout.ms = 5000
	retries = 2147483647
	retry.backoff.max.ms = 1000
	retry.backoff.ms = 100
	sasl.client.callback.handler.class = null
	sasl.jaas.config = null
	sasl.kerberos.kinit.cmd = /usr/bin/kinit
	sasl.kerberos.min.time.before.relogin = 60000
	sasl.kerberos.service.name = null
	sasl.kerberos.ticket.renew.jitter = 0.05
	sasl.kerberos.ticket.renew.window.factor = 0.8
	sasl.login.callback.handler.class = null
	sasl.login.class = null
	sasl.login.connect.timeout.ms = null
	sasl.login.read.timeout.ms = null
	sasl.login.refresh.buffer.seconds = 300
	sasl.login.refresh.min.period.seconds = 60
	sasl.login.refresh.window.factor = 0.8
	sasl.login.refresh.window.jitter = 0.05
	sasl.login.retry.backoff.max.ms = 10000
	sasl.login.retry.backoff.ms = 100
	sasl.mechanism = GSSAPI
	sasl.oauthbearer.clock.skew.seconds = 30
	sasl.oauthbearer.expected.audience = null
	sasl.oauthbearer.expected.issuer = null
	sasl.oauthbearer.header.urlencode = false
	sasl.oauthbearer.jwks.endpoint.refresh.ms = 3600000
	sasl.oauthbearer.jwks.endpoint.retry.backoff.max.ms = 10000
	sasl.oauthbearer.jwks.endpoint.retry.backoff.ms = 100
	sasl.oauthbearer.jwks.endpoint.url = null
	sasl.oauthbearer.scope.claim.name = scope
	sasl.oauthbearer.sub.claim.name = sub
	sasl.oauthbearer.token.endpoint.url = null
	security.protocol = PLAINTEXT
	security.providers = null
	send.buffer.bytes = 131072
	socket.connection.setup.timeout.max.ms = 30000
	socket.connection.setup.timeout.ms = 10000
	ssl.cipher.suites = null
	ssl.enabled.protocols = [TLSv1.2, TLSv1.3]
	ssl.endpoint.identification.algorithm = https
	ssl.engine.factory.class = null
	ssl.key.password = null
	ssl.keymanager.algorithm = SunX509
	ssl.keystore.certificate.chain = null
	ssl.keystore.key = null
	ssl.keystore.location = null
	ssl.keystore.password = null
	ssl.keystore.type = JKS
	ssl.protocol = TLSv1.3
	ssl.provider = null
	ssl.secure.random.implementation = null
	ssl.trustmanager.algorithm = PKIX
	ssl.truststore.certificates = null
	ssl.truststore.location = null
	ssl.truststore.password = null
	ssl.truststore.type = JKS
	transaction.timeout.ms = 60000
	transactional.id = null
	value.serializer = class io.apicurio.registry.serde.avro.AvroKafkaSerializer

2025-07-31 20:43:13,904 INFO  [org.apa.kaf.com.tel.int.KafkaMetricsCollector] (main) initializing Kafka metrics collector
2025-07-31 20:43:13,909 INFO  [org.apa.kaf.cli.pro.KafkaProducer] (main) [Producer clientId=Producer-s6ce23a5bx28e3x4c6fx8967x613a61579fd4] Instantiated an idempotent producer.
2025-07-31 20:43:13,911 INFO  [org.apa.kaf.cli.pro.ProducerConfig] (main) These configurations '[apicurio.registry.url, apicurio.registry.artifact-resolver-strategy]' were supplied but are not used yet.
2025-07-31 20:43:13,911 INFO  [org.apa.kaf.com.uti.AppInfoParser] (main) Kafka version: 3.9.1
2025-07-31 20:43:13,911 INFO  [org.apa.kaf.com.uti.AppInfoParser] (main) Kafka commitId: f745dfdcee2b9851
2025-07-31 20:43:13,911 INFO  [org.apa.kaf.com.uti.AppInfoParser] (main) Kafka startTimeMs: 1753994593911
2025-07-31 20:43:13,917 INFO  [org.apa.kaf.cli.Metadata] (kafka-producer-network-thread | Producer-s6ce23a5bx28e3x4c6fx8967x613a61579fd4) [Producer clientId=Producer-s6ce23a5bx28e3x4c6fx8967x613a61579fd4] Cluster ID: 6lKjf0w6TFCctmqQa8E77g
2025-07-31 20:43:13,917 INFO  [io.api.tes.ser.api.KafkaSerdesTester] (Thread-633) Sending message {"keyB": "value-0"} to topic s6ce23a5bx28e3x4c6fx8967x613a61579fd4
2025-07-31 20:43:13,918 INFO  [org.apa.kaf.cli.pro.int.TransactionManager] (kafka-producer-network-thread | Producer-s6ce23a5bx28e3x4c6fx8967x613a61579fd4) [Producer clientId=Producer-s6ce23a5bx28e3x4c6fx8967x613a61579fd4] ProducerId set to 7 with epoch 0
2025-07-31 20:43:13,942 WARN  [org.apa.kaf.cli.NetworkClient] (kafka-producer-network-thread | Producer-s6ce23a5bx28e3x4c6fx8967x613a61579fd4) [Producer clientId=Producer-s6ce23a5bx28e3x4c6fx8967x613a61579fd4] The metadata response from the cluster reported a recoverable issue with correlation id 7 : {s6ce23a5bx28e3x4c6fx8967x613a61579fd4=LEADER_NOT_AVAILABLE}
2025-07-31 20:43:14,046 INFO  [DefaultSchemaResolver] (Thread-633) Retrieving schema content using string: {"type":"record","name":"myrecord","namespace":"mygroup","fields":[{"name":"keyB","type":"string"}]}
2025-07-31 20:43:14,296 INFO  [org.apa.kaf.cli.pro.KafkaProducer] (Thread-633) [Producer clientId=Producer-s6ce23a5bx28e3x4c6fx8967x613a61579fd4] Closing the Kafka producer with timeoutMillis = 9223372036854775807 ms.
2025-07-31 20:43:14,298 INFO  [org.apa.kaf.com.met.Metrics] (Thread-633) Metrics scheduler closed
2025-07-31 20:43:14,298 INFO  [org.apa.kaf.com.met.Metrics] (Thread-633) Closing reporter org.apache.kafka.common.metrics.JmxReporter
2025-07-31 20:43:14,298 INFO  [org.apa.kaf.com.met.Metrics] (Thread-633) Closing reporter org.apache.kafka.common.telemetry.internals.ClientTelemetryReporter
2025-07-31 20:43:14,299 INFO  [org.apa.kaf.com.met.Metrics] (Thread-633) Metrics reporters closed
2025-07-31 20:43:14,299 INFO  [org.apa.kaf.com.uti.AppInfoParser] (Thread-633) App info kafka.producer for Producer-s6ce23a5bx28e3x4c6fx8967x613a61579fd4 unregistered
2025-07-31 20:43:14,299 INFO  [io.api.tes.uti.TestSeparator] (main) io.apicurio.tests.serdes.apicurio.AvroSerdeIT.testArtifactNotFound-FINISHED
2025-07-31 20:43:14,299 INFO  [io.api.tes.uti.TestSeparator] (main) ############################################################################
Test passed: testArtifactNotFound
]]></system-out>
    <system-err><![CDATA[java.lang.RuntimeException: Could not resolve artifact reference by content: {"type":"record","name":"myrecord","namespace":"mygroup","fields":[{"name":"keyB","type":"string"}]}&ArtifactReference [groupId=default, artifactId=s6ce23a5bx28e3x4c6fx8967x613a61579fd4-value, version=null, globalId=null, contentId=null, contentHash=null]
	at io.apicurio.registry.resolver.DefaultSchemaResolver.lambda$handleResolveSchemaByContent$3(DefaultSchemaResolver.java:265)
	at io.apicurio.registry.resolver.cache.ERCache.lambda$getValue$0(ERCache.java:174)
	at io.apicurio.registry.resolver.cache.ERCache.retry(ERCache.java:227)
	at io.apicurio.registry.resolver.cache.ERCache.getValue(ERCache.java:173)
	at io.apicurio.registry.resolver.cache.ERCache.getByContent(ERCache.java:147)
	at io.apicurio.registry.resolver.DefaultSchemaResolver.handleResolveSchemaByContent(DefaultSchemaResolver.java:253)
	at io.apicurio.registry.resolver.DefaultSchemaResolver.getSchemaFromRegistry(DefaultSchemaResolver.java:138)
	at io.apicurio.registry.resolver.DefaultSchemaResolver.lambda$resolveSchema$0(DefaultSchemaResolver.java:84)
	at java.base/java.util.Optional.orElseGet(Optional.java:364)
	at io.apicurio.registry.resolver.DefaultSchemaResolver.resolveSchema(DefaultSchemaResolver.java:84)
	at io.apicurio.registry.serde.AbstractSerializer.serializeData(AbstractSerializer.java:62)
	at io.apicurio.registry.serde.KafkaSerializer.serialize(KafkaSerializer.java:77)
	at org.apache.kafka.clients.producer.KafkaProducer.doSend(KafkaProducer.java:1046)
	at org.apache.kafka.clients.producer.KafkaProducer.send(KafkaProducer.java:993)
	at org.apache.kafka.clients.producer.KafkaProducer.send(KafkaProducer.java:875)
	at io.apicurio.tests.serdes.apicurio.KafkaSerdesTester.lambda$produceMessages$3(KafkaSerdesTester.java:138)
	at java.base/java.util.concurrent.CompletableFuture$AsyncSupply.run(CompletableFuture.java:1768)
	at java.base/java.lang.Thread.run(Thread.java:840)
]]></system-err>
  </testcase>
  <testcase name="testAvroSerDesFailDifferentSchemaByRecordName" classname="io.apicurio.tests.serdes.apicurio.AvroSerdeIT" time="1.375">
    <system-out><![CDATA[2025-07-31 20:43:14,304 INFO  [io.api.tes.uti.TestSeparator] (main) ############################################################################
2025-07-31 20:43:14,304 INFO  [io.api.tes.uti.TestSeparator] (main) io.apicurio.tests.serdes.apicurio.AvroSerdeIT.testAvroSerDesFailDifferentSchemaByRecordName-STARTED
**** Registry Base URL: http://registry-app-mysql.apps.ci419.apicurio-testing.org:80
2025-07-31 20:43:15,500 INFO  [org.apa.kaf.cli.pro.ProducerConfig] (main) ProducerConfig values: 
	acks = -1
	auto.include.jmx.reporter = true
	batch.size = 16384
	bootstrap.servers = [PLAINTEXT://localhost:32770]
	buffer.memory = 33554432
	client.dns.lookup = use_all_dns_ips
	client.id = Producer-topic-458dd295_5701_4a9f_8006_cb390706d9e1
	compression.gzip.level = -1
	compression.lz4.level = 9
	compression.type = none
	compression.zstd.level = 3
	connections.max.idle.ms = 10000
	delivery.timeout.ms = 120000
	enable.idempotence = true
	enable.metrics.push = true
	interceptor.classes = []
	key.serializer = class org.apache.kafka.common.serialization.StringSerializer
	linger.ms = 0
	max.block.ms = 60000
	max.in.flight.requests.per.connection = 5
	max.request.size = 1048576
	metadata.max.age.ms = 300000
	metadata.max.idle.ms = 300000
	metadata.recovery.strategy = none
	metric.reporters = []
	metrics.num.samples = 2
	metrics.recording.level = INFO
	metrics.sample.window.ms = 30000
	partitioner.adaptive.partitioning.enable = true
	partitioner.availability.timeout.ms = 0
	partitioner.class = null
	partitioner.ignore.keys = false
	receive.buffer.bytes = 32768
	reconnect.backoff.max.ms = 1000
	reconnect.backoff.ms = 50
	request.timeout.ms = 5000
	retries = 2147483647
	retry.backoff.max.ms = 1000
	retry.backoff.ms = 100
	sasl.client.callback.handler.class = null
	sasl.jaas.config = null
	sasl.kerberos.kinit.cmd = /usr/bin/kinit
	sasl.kerberos.min.time.before.relogin = 60000
	sasl.kerberos.service.name = null
	sasl.kerberos.ticket.renew.jitter = 0.05
	sasl.kerberos.ticket.renew.window.factor = 0.8
	sasl.login.callback.handler.class = null
	sasl.login.class = null
	sasl.login.connect.timeout.ms = null
	sasl.login.read.timeout.ms = null
	sasl.login.refresh.buffer.seconds = 300
	sasl.login.refresh.min.period.seconds = 60
	sasl.login.refresh.window.factor = 0.8
	sasl.login.refresh.window.jitter = 0.05
	sasl.login.retry.backoff.max.ms = 10000
	sasl.login.retry.backoff.ms = 100
	sasl.mechanism = GSSAPI
	sasl.oauthbearer.clock.skew.seconds = 30
	sasl.oauthbearer.expected.audience = null
	sasl.oauthbearer.expected.issuer = null
	sasl.oauthbearer.header.urlencode = false
	sasl.oauthbearer.jwks.endpoint.refresh.ms = 3600000
	sasl.oauthbearer.jwks.endpoint.retry.backoff.max.ms = 10000
	sasl.oauthbearer.jwks.endpoint.retry.backoff.ms = 100
	sasl.oauthbearer.jwks.endpoint.url = null
	sasl.oauthbearer.scope.claim.name = scope
	sasl.oauthbearer.sub.claim.name = sub
	sasl.oauthbearer.token.endpoint.url = null
	security.protocol = PLAINTEXT
	security.providers = null
	send.buffer.bytes = 131072
	socket.connection.setup.timeout.max.ms = 30000
	socket.connection.setup.timeout.ms = 10000
	ssl.cipher.suites = null
	ssl.enabled.protocols = [TLSv1.2, TLSv1.3]
	ssl.endpoint.identification.algorithm = https
	ssl.engine.factory.class = null
	ssl.key.password = null
	ssl.keymanager.algorithm = SunX509
	ssl.keystore.certificate.chain = null
	ssl.keystore.key = null
	ssl.keystore.location = null
	ssl.keystore.password = null
	ssl.keystore.type = JKS
	ssl.protocol = TLSv1.3
	ssl.provider = null
	ssl.secure.random.implementation = null
	ssl.trustmanager.algorithm = PKIX
	ssl.truststore.certificates = null
	ssl.truststore.location = null
	ssl.truststore.password = null
	ssl.truststore.type = JKS
	transaction.timeout.ms = 60000
	transactional.id = null
	value.serializer = class io.apicurio.registry.serde.avro.AvroKafkaSerializer

2025-07-31 20:43:15,500 INFO  [org.apa.kaf.com.tel.int.KafkaMetricsCollector] (main) initializing Kafka metrics collector
2025-07-31 20:43:15,504 INFO  [org.apa.kaf.cli.pro.KafkaProducer] (main) [Producer clientId=Producer-topic-458dd295_5701_4a9f_8006_cb390706d9e1] Instantiated an idempotent producer.
2025-07-31 20:43:15,507 INFO  [org.apa.kaf.cli.pro.ProducerConfig] (main) These configurations '[apicurio.registry.find-latest, apicurio.registry.url, apicurio.registry.artifact-resolver-strategy]' were supplied but are not used yet.
2025-07-31 20:43:15,507 INFO  [org.apa.kaf.com.uti.AppInfoParser] (main) Kafka version: 3.9.1
2025-07-31 20:43:15,507 INFO  [org.apa.kaf.com.uti.AppInfoParser] (main) Kafka commitId: f745dfdcee2b9851
2025-07-31 20:43:15,507 INFO  [org.apa.kaf.com.uti.AppInfoParser] (main) Kafka startTimeMs: 1753994595507
2025-07-31 20:43:15,509 INFO  [io.api.tes.ser.api.KafkaSerdesTester] (Thread-636) Sending message {"keyB": "value-0"} to topic topic-458dd295_5701_4a9f_8006_cb390706d9e1
2025-07-31 20:43:15,517 INFO  [org.apa.kaf.cli.Metadata] (kafka-producer-network-thread | Producer-topic-458dd295_5701_4a9f_8006_cb390706d9e1) [Producer clientId=Producer-topic-458dd295_5701_4a9f_8006_cb390706d9e1] Cluster ID: 6lKjf0w6TFCctmqQa8E77g
2025-07-31 20:43:15,519 INFO  [org.apa.kaf.cli.pro.int.TransactionManager] (kafka-producer-network-thread | Producer-topic-458dd295_5701_4a9f_8006_cb390706d9e1) [Producer clientId=Producer-topic-458dd295_5701_4a9f_8006_cb390706d9e1] ProducerId set to 8 with epoch 0
2025-07-31 20:43:15,671 INFO  [org.apa.kaf.cli.pro.KafkaProducer] (Thread-636) [Producer clientId=Producer-topic-458dd295_5701_4a9f_8006_cb390706d9e1] Closing the Kafka producer with timeoutMillis = 9223372036854775807 ms.
2025-07-31 20:43:15,674 INFO  [org.apa.kaf.com.met.Metrics] (Thread-636) Metrics scheduler closed
2025-07-31 20:43:15,674 INFO  [org.apa.kaf.com.met.Metrics] (Thread-636) Closing reporter org.apache.kafka.common.metrics.JmxReporter
2025-07-31 20:43:15,674 INFO  [org.apa.kaf.com.met.Metrics] (Thread-636) Closing reporter org.apache.kafka.common.telemetry.internals.ClientTelemetryReporter
2025-07-31 20:43:15,674 INFO  [org.apa.kaf.com.met.Metrics] (Thread-636) Metrics reporters closed
2025-07-31 20:43:15,674 INFO  [org.apa.kaf.com.uti.AppInfoParser] (Thread-636) App info kafka.producer for Producer-topic-458dd295_5701_4a9f_8006_cb390706d9e1 unregistered
2025-07-31 20:43:15,675 INFO  [io.api.tes.uti.TestSeparator] (main) io.apicurio.tests.serdes.apicurio.AvroSerdeIT.testAvroSerDesFailDifferentSchemaByRecordName-FINISHED
2025-07-31 20:43:15,675 INFO  [io.api.tes.uti.TestSeparator] (main) ############################################################################
Test passed: testAvroSerDesFailDifferentSchemaByRecordName
]]></system-out>
    <system-err><![CDATA[io.apicurio.registry.rest.client.models.ProblemDetails
	at io.apicurio.registry.rest.client.models.ProblemDetails.createFromDiscriminatorValue(ProblemDetails.java:58)
	at io.kiota.serialization.json.JsonParseNode.getObjectValue(JsonParseNode.java:247)
	at io.kiota.http.vertx.VertXRequestAdapter.lambda$throwIfFailedResponse$0(VertXRequestAdapter.java:400)
	at com.microsoft.kiota.ApiExceptionBuilder.<init>(ApiExceptionBuilder.java:26)
	at io.kiota.http.vertx.VertXRequestAdapter.throwIfFailedResponse(VertXRequestAdapter.java:399)
	at io.kiota.http.vertx.VertXRequestAdapter.send(VertXRequestAdapter.java:170)
	at io.apicurio.registry.rest.client.groups.item.artifacts.item.versions.item.WithVersionExpressionItemRequestBuilder.get(WithVersionExpressionItemRequestBuilder.java:128)
	at io.apicurio.registry.rest.client.groups.item.artifacts.item.versions.item.WithVersionExpressionItemRequestBuilder.get(WithVersionExpressionItemRequestBuilder.java:111)
	at io.apicurio.registry.resolver.client.RegistryClientFacadeImpl.getVersionCoordinatesByGAV(RegistryClientFacadeImpl.java:153)
	at io.apicurio.registry.resolver.DefaultSchemaResolver.resolveByCoordinates(DefaultSchemaResolver.java:352)
	at io.apicurio.registry.resolver.DefaultSchemaResolver.lambda$resolveSchemaByArtifactReferenceCached$6(DefaultSchemaResolver.java:340)
	at io.apicurio.registry.resolver.cache.ERCache.lambda$getValue$0(ERCache.java:174)
	at io.apicurio.registry.resolver.cache.ERCache.retry(ERCache.java:227)
	at io.apicurio.registry.resolver.cache.ERCache.getValue(ERCache.java:173)
	at io.apicurio.registry.resolver.cache.ERCache.getByArtifactCoordinates(ERCache.java:158)
	at io.apicurio.registry.resolver.DefaultSchemaResolver.resolveSchemaByArtifactReferenceCached(DefaultSchemaResolver.java:338)
	at io.apicurio.registry.resolver.DefaultSchemaResolver.resolveSchemaByCoordinates(DefaultSchemaResolver.java:193)
	at io.apicurio.registry.resolver.DefaultSchemaResolver.getSchemaFromRegistry(DefaultSchemaResolver.java:130)
	at io.apicurio.registry.resolver.DefaultSchemaResolver.lambda$resolveSchema$0(DefaultSchemaResolver.java:84)
	at java.base/java.util.Optional.orElseGet(Optional.java:364)
	at io.apicurio.registry.resolver.DefaultSchemaResolver.resolveSchema(DefaultSchemaResolver.java:84)
	at io.apicurio.registry.serde.AbstractSerializer.serializeData(AbstractSerializer.java:62)
	at io.apicurio.registry.serde.KafkaSerializer.serialize(KafkaSerializer.java:77)
	at org.apache.kafka.clients.producer.KafkaProducer.doSend(KafkaProducer.java:1046)
	at org.apache.kafka.clients.producer.KafkaProducer.send(KafkaProducer.java:993)
	at org.apache.kafka.clients.producer.KafkaProducer.send(KafkaProducer.java:875)
	at io.apicurio.tests.serdes.apicurio.KafkaSerdesTester.lambda$produceMessages$3(KafkaSerdesTester.java:138)
	at java.base/java.util.concurrent.CompletableFuture$AsyncSupply.run(CompletableFuture.java:1768)
	at java.base/java.lang.Thread.run(Thread.java:840)
]]></system-err>
  </testcase>
  <testcase name="testTopicIdStrategyFindLatest" classname="io.apicurio.tests.serdes.apicurio.AvroSerdeIT" time="2.396">
    <system-out><![CDATA[2025-07-31 20:43:15,677 INFO  [io.api.tes.uti.TestSeparator] (main) ############################################################################
2025-07-31 20:43:15,677 INFO  [io.api.tes.uti.TestSeparator] (main) io.apicurio.tests.serdes.apicurio.AvroSerdeIT.testTopicIdStrategyFindLatest-STARTED
2025-07-31 20:43:15,682 INFO  [io.api.tes.ser.api.AvroSerdeIT] (main) Registering Avro Schema: {"type":"record","name":"myrecordapicurio1","fields":[{"name":"key11753994595682","type":"string"}]}
**** Registry Base URL: http://registry-app-mysql.apps.ci419.apicurio-testing.org:80
2025-07-31 20:43:16,858 INFO  [org.apa.kaf.cli.pro.ProducerConfig] (main) ProducerConfig values: 
	acks = -1
	auto.include.jmx.reporter = true
	batch.size = 16384
	bootstrap.servers = [PLAINTEXT://localhost:32770]
	buffer.memory = 33554432
	client.dns.lookup = use_all_dns_ips
	client.id = Producer-topic-07c0f579_584a_4bd5_bc68_afe286dab3ea
	compression.gzip.level = -1
	compression.lz4.level = 9
	compression.type = none
	compression.zstd.level = 3
	connections.max.idle.ms = 10000
	delivery.timeout.ms = 120000
	enable.idempotence = true
	enable.metrics.push = true
	interceptor.classes = []
	key.serializer = class org.apache.kafka.common.serialization.StringSerializer
	linger.ms = 0
	max.block.ms = 60000
	max.in.flight.requests.per.connection = 5
	max.request.size = 1048576
	metadata.max.age.ms = 300000
	metadata.max.idle.ms = 300000
	metadata.recovery.strategy = none
	metric.reporters = []
	metrics.num.samples = 2
	metrics.recording.level = INFO
	metrics.sample.window.ms = 30000
	partitioner.adaptive.partitioning.enable = true
	partitioner.availability.timeout.ms = 0
	partitioner.class = null
	partitioner.ignore.keys = false
	receive.buffer.bytes = 32768
	reconnect.backoff.max.ms = 1000
	reconnect.backoff.ms = 50
	request.timeout.ms = 5000
	retries = 2147483647
	retry.backoff.max.ms = 1000
	retry.backoff.ms = 100
	sasl.client.callback.handler.class = null
	sasl.jaas.config = null
	sasl.kerberos.kinit.cmd = /usr/bin/kinit
	sasl.kerberos.min.time.before.relogin = 60000
	sasl.kerberos.service.name = null
	sasl.kerberos.ticket.renew.jitter = 0.05
	sasl.kerberos.ticket.renew.window.factor = 0.8
	sasl.login.callback.handler.class = null
	sasl.login.class = null
	sasl.login.connect.timeout.ms = null
	sasl.login.read.timeout.ms = null
	sasl.login.refresh.buffer.seconds = 300
	sasl.login.refresh.min.period.seconds = 60
	sasl.login.refresh.window.factor = 0.8
	sasl.login.refresh.window.jitter = 0.05
	sasl.login.retry.backoff.max.ms = 10000
	sasl.login.retry.backoff.ms = 100
	sasl.mechanism = GSSAPI
	sasl.oauthbearer.clock.skew.seconds = 30
	sasl.oauthbearer.expected.audience = null
	sasl.oauthbearer.expected.issuer = null
	sasl.oauthbearer.header.urlencode = false
	sasl.oauthbearer.jwks.endpoint.refresh.ms = 3600000
	sasl.oauthbearer.jwks.endpoint.retry.backoff.max.ms = 10000
	sasl.oauthbearer.jwks.endpoint.retry.backoff.ms = 100
	sasl.oauthbearer.jwks.endpoint.url = null
	sasl.oauthbearer.scope.claim.name = scope
	sasl.oauthbearer.sub.claim.name = sub
	sasl.oauthbearer.token.endpoint.url = null
	security.protocol = PLAINTEXT
	security.providers = null
	send.buffer.bytes = 131072
	socket.connection.setup.timeout.max.ms = 30000
	socket.connection.setup.timeout.ms = 10000
	ssl.cipher.suites = null
	ssl.enabled.protocols = [TLSv1.2, TLSv1.3]
	ssl.endpoint.identification.algorithm = https
	ssl.engine.factory.class = null
	ssl.key.password = null
	ssl.keymanager.algorithm = SunX509
	ssl.keystore.certificate.chain = null
	ssl.keystore.key = null
	ssl.keystore.location = null
	ssl.keystore.password = null
	ssl.keystore.type = JKS
	ssl.protocol = TLSv1.3
	ssl.provider = null
	ssl.secure.random.implementation = null
	ssl.trustmanager.algorithm = PKIX
	ssl.truststore.certificates = null
	ssl.truststore.location = null
	ssl.truststore.password = null
	ssl.truststore.type = JKS
	transaction.timeout.ms = 60000
	transactional.id = null
	value.serializer = class io.apicurio.registry.serde.avro.AvroKafkaSerializer

2025-07-31 20:43:16,858 INFO  [org.apa.kaf.com.tel.int.KafkaMetricsCollector] (main) initializing Kafka metrics collector
2025-07-31 20:43:16,861 INFO  [org.apa.kaf.cli.pro.KafkaProducer] (main) [Producer clientId=Producer-topic-07c0f579_584a_4bd5_bc68_afe286dab3ea] Instantiated an idempotent producer.
2025-07-31 20:43:16,864 INFO  [org.apa.kaf.cli.pro.ProducerConfig] (main) These configurations '[apicurio.registry.find-latest, apicurio.registry.url, apicurio.registry.artifact-resolver-strategy]' were supplied but are not used yet.
2025-07-31 20:43:16,864 INFO  [org.apa.kaf.com.uti.AppInfoParser] (main) Kafka version: 3.9.1
2025-07-31 20:43:16,864 INFO  [org.apa.kaf.com.uti.AppInfoParser] (main) Kafka commitId: f745dfdcee2b9851
2025-07-31 20:43:16,864 INFO  [org.apa.kaf.com.uti.AppInfoParser] (main) Kafka startTimeMs: 1753994596864
2025-07-31 20:43:16,864 INFO  [io.api.tes.ser.api.SimpleSerdesTesterBuilder$SimpleSerdesTester] (main) Using producer configuration: {apicurio.registry.find-latest=true, apicurio.registry.url=http://registry-app-mysql.apps.ci419.apicurio-testing.org:80/apis/registry/v3, apicurio.registry.artifact-resolver-strategy=io.apicurio.registry.serde.strategy.TopicIdStrategy, value.serializer=io.apicurio.registry.serde.avro.AvroKafkaSerializer, request.timeout.ms=5000, acks=all, bootstrap.servers=PLAINTEXT://localhost:32770, connections.max.idle.ms=10000, key.serializer=org.apache.kafka.common.serialization.StringSerializer, client.id=Producer-topic-07c0f579_584a_4bd5_bc68_afe286dab3ea}
2025-07-31 20:43:16,864 INFO  [io.api.tes.ser.api.SimpleSerdesTesterBuilder$SimpleSerdesTester] (main) Using consumer configuration: {}
2025-07-31 20:43:16,867 INFO  [io.api.tes.ser.api.KafkaSerdesTester] (Thread-639) Sending message {"key11753994595682": "value-0"} to topic topic-07c0f579_584a_4bd5_bc68_afe286dab3ea
2025-07-31 20:43:16,876 INFO  [org.apa.kaf.cli.Metadata] (kafka-producer-network-thread | Producer-topic-07c0f579_584a_4bd5_bc68_afe286dab3ea) [Producer clientId=Producer-topic-07c0f579_584a_4bd5_bc68_afe286dab3ea] Cluster ID: 6lKjf0w6TFCctmqQa8E77g
2025-07-31 20:43:16,876 INFO  [org.apa.kaf.cli.pro.int.TransactionManager] (kafka-producer-network-thread | Producer-topic-07c0f579_584a_4bd5_bc68_afe286dab3ea) [Producer clientId=Producer-topic-07c0f579_584a_4bd5_bc68_afe286dab3ea] ProducerId set to 9 with epoch 0
2025-07-31 20:43:17,207 INFO  [io.api.tes.ser.api.KafkaSerdesTester] (Thread-639) Sending message {"key11753994595682": "value-1"} to topic topic-07c0f579_584a_4bd5_bc68_afe286dab3ea
2025-07-31 20:43:17,209 INFO  [io.api.tes.ser.api.KafkaSerdesTester] (Thread-639) Sending message {"key11753994595682": "value-2"} to topic topic-07c0f579_584a_4bd5_bc68_afe286dab3ea
2025-07-31 20:43:17,211 INFO  [io.api.tes.ser.api.KafkaSerdesTester] (Thread-639) Sending message {"key11753994595682": "value-3"} to topic topic-07c0f579_584a_4bd5_bc68_afe286dab3ea
2025-07-31 20:43:17,213 INFO  [io.api.tes.ser.api.KafkaSerdesTester] (Thread-639) Sending message {"key11753994595682": "value-4"} to topic topic-07c0f579_584a_4bd5_bc68_afe286dab3ea
2025-07-31 20:43:17,216 INFO  [io.api.tes.ser.api.KafkaSerdesTester] (Thread-639) Sending message {"key11753994595682": "value-5"} to topic topic-07c0f579_584a_4bd5_bc68_afe286dab3ea
2025-07-31 20:43:17,218 INFO  [io.api.tes.ser.api.KafkaSerdesTester] (Thread-639) Sending message {"key11753994595682": "value-6"} to topic topic-07c0f579_584a_4bd5_bc68_afe286dab3ea
2025-07-31 20:43:17,220 INFO  [io.api.tes.ser.api.KafkaSerdesTester] (Thread-639) Sending message {"key11753994595682": "value-7"} to topic topic-07c0f579_584a_4bd5_bc68_afe286dab3ea
2025-07-31 20:43:17,223 INFO  [io.api.tes.ser.api.KafkaSerdesTester] (Thread-639) Sending message {"key11753994595682": "value-8"} to topic topic-07c0f579_584a_4bd5_bc68_afe286dab3ea
2025-07-31 20:43:17,227 INFO  [io.api.tes.ser.api.KafkaSerdesTester] (Thread-639) Sending message {"key11753994595682": "value-9"} to topic topic-07c0f579_584a_4bd5_bc68_afe286dab3ea
2025-07-31 20:43:17,229 INFO  [io.api.tes.ser.api.KafkaSerdesTester] (Thread-639) Produced 10 messages
2025-07-31 20:43:17,229 INFO  [org.apa.kaf.cli.pro.KafkaProducer] (Thread-639) [Producer clientId=Producer-topic-07c0f579_584a_4bd5_bc68_afe286dab3ea] Closing the Kafka producer with timeoutMillis = 9223372036854775807 ms.
2025-07-31 20:43:17,233 INFO  [org.apa.kaf.com.met.Metrics] (Thread-639) Metrics scheduler closed
2025-07-31 20:43:17,233 INFO  [org.apa.kaf.com.met.Metrics] (Thread-639) Closing reporter org.apache.kafka.common.metrics.JmxReporter
2025-07-31 20:43:17,233 INFO  [org.apa.kaf.com.met.Metrics] (Thread-639) Closing reporter org.apache.kafka.common.telemetry.internals.ClientTelemetryReporter
2025-07-31 20:43:17,233 INFO  [org.apa.kaf.com.met.Metrics] (Thread-639) Metrics reporters closed
2025-07-31 20:43:17,234 INFO  [org.apa.kaf.com.uti.AppInfoParser] (Thread-639) App info kafka.producer for Producer-topic-07c0f579_584a_4bd5_bc68_afe286dab3ea unregistered
**** Registry Base URL: http://registry-app-mysql.apps.ci419.apicurio-testing.org:80
2025-07-31 20:43:17,236 INFO  [org.apa.kaf.cli.con.ConsumerConfig] (main) ConsumerConfig values: 
	allow.auto.create.topics = true
	auto.commit.interval.ms = 500
	auto.include.jmx.reporter = true
	auto.offset.reset = earliest
	bootstrap.servers = [PLAINTEXT://localhost:32770]
	check.crcs = true
	client.dns.lookup = use_all_dns_ips
	client.id = consumer-Consumer-topic-07c0f579_584a_4bd5_bc68_afe286dab3ea-7
	client.rack = 
	connections.max.idle.ms = 10000
	default.api.timeout.ms = 60000
	enable.auto.commit = true
	enable.metrics.push = true
	exclude.internal.topics = true
	fetch.max.bytes = 52428800
	fetch.max.wait.ms = 500
	fetch.min.bytes = 1
	group.id = Consumer-topic-07c0f579_584a_4bd5_bc68_afe286dab3ea
	group.instance.id = null
	group.protocol = classic
	group.remote.assignor = null
	heartbeat.interval.ms = 3000
	interceptor.classes = []
	internal.leave.group.on.close = true
	internal.throw.on.fetch.stable.offset.unsupported = false
	isolation.level = read_uncommitted
	key.deserializer = class org.apache.kafka.common.serialization.StringDeserializer
	max.partition.fetch.bytes = 1048576
	max.poll.interval.ms = 300000
	max.poll.records = 500
	metadata.max.age.ms = 300000
	metadata.recovery.strategy = none
	metric.reporters = []
	metrics.num.samples = 2
	metrics.recording.level = INFO
	metrics.sample.window.ms = 30000
	partition.assignment.strategy = [class org.apache.kafka.clients.consumer.RangeAssignor, class org.apache.kafka.clients.consumer.CooperativeStickyAssignor]
	receive.buffer.bytes = 65536
	reconnect.backoff.max.ms = 1000
	reconnect.backoff.ms = 50
	request.timeout.ms = 5000
	retry.backoff.max.ms = 1000
	retry.backoff.ms = 100
	sasl.client.callback.handler.class = null
	sasl.jaas.config = null
	sasl.kerberos.kinit.cmd = /usr/bin/kinit
	sasl.kerberos.min.time.before.relogin = 60000
	sasl.kerberos.service.name = null
	sasl.kerberos.ticket.renew.jitter = 0.05
	sasl.kerberos.ticket.renew.window.factor = 0.8
	sasl.login.callback.handler.class = null
	sasl.login.class = null
	sasl.login.connect.timeout.ms = null
	sasl.login.read.timeout.ms = null
	sasl.login.refresh.buffer.seconds = 300
	sasl.login.refresh.min.period.seconds = 60
	sasl.login.refresh.window.factor = 0.8
	sasl.login.refresh.window.jitter = 0.05
	sasl.login.retry.backoff.max.ms = 10000
	sasl.login.retry.backoff.ms = 100
	sasl.mechanism = GSSAPI
	sasl.oauthbearer.clock.skew.seconds = 30
	sasl.oauthbearer.expected.audience = null
	sasl.oauthbearer.expected.issuer = null
	sasl.oauthbearer.header.urlencode = false
	sasl.oauthbearer.jwks.endpoint.refresh.ms = 3600000
	sasl.oauthbearer.jwks.endpoint.retry.backoff.max.ms = 10000
	sasl.oauthbearer.jwks.endpoint.retry.backoff.ms = 100
	sasl.oauthbearer.jwks.endpoint.url = null
	sasl.oauthbearer.scope.claim.name = scope
	sasl.oauthbearer.sub.claim.name = sub
	sasl.oauthbearer.token.endpoint.url = null
	security.protocol = PLAINTEXT
	security.providers = null
	send.buffer.bytes = 131072
	session.timeout.ms = 45000
	socket.connection.setup.timeout.max.ms = 30000
	socket.connection.setup.timeout.ms = 10000
	ssl.cipher.suites = null
	ssl.enabled.protocols = [TLSv1.2, TLSv1.3]
	ssl.endpoint.identification.algorithm = https
	ssl.engine.factory.class = null
	ssl.key.password = null
	ssl.keymanager.algorithm = SunX509
	ssl.keystore.certificate.chain = null
	ssl.keystore.key = null
	ssl.keystore.location = null
	ssl.keystore.password = null
	ssl.keystore.type = JKS
	ssl.protocol = TLSv1.3
	ssl.provider = null
	ssl.secure.random.implementation = null
	ssl.trustmanager.algorithm = PKIX
	ssl.truststore.certificates = null
	ssl.truststore.location = null
	ssl.truststore.password = null
	ssl.truststore.type = JKS
	value.deserializer = class io.apicurio.registry.serde.avro.AvroKafkaDeserializer

2025-07-31 20:43:17,236 INFO  [org.apa.kaf.com.tel.int.KafkaMetricsCollector] (main) initializing Kafka metrics collector
2025-07-31 20:43:17,247 INFO  [org.apa.kaf.cli.con.ConsumerConfig] (main) These configurations '[apicurio.registry.url]' were supplied but are not used yet.
2025-07-31 20:43:17,247 INFO  [org.apa.kaf.com.uti.AppInfoParser] (main) Kafka version: 3.9.1
2025-07-31 20:43:17,247 INFO  [org.apa.kaf.com.uti.AppInfoParser] (main) Kafka commitId: f745dfdcee2b9851
2025-07-31 20:43:17,247 INFO  [org.apa.kaf.com.uti.AppInfoParser] (main) Kafka startTimeMs: 1753994597247
2025-07-31 20:43:17,250 INFO  [org.apa.kaf.cli.con.int.ClassicKafkaConsumer] (Thread-642) [Consumer clientId=consumer-Consumer-topic-07c0f579_584a_4bd5_bc68_afe286dab3ea-7, groupId=Consumer-topic-07c0f579_584a_4bd5_bc68_afe286dab3ea] Subscribed to topic(s): topic-07c0f579_584a_4bd5_bc68_afe286dab3ea
2025-07-31 20:43:17,261 INFO  [org.apa.kaf.cli.Metadata] (Thread-642) [Consumer clientId=consumer-Consumer-topic-07c0f579_584a_4bd5_bc68_afe286dab3ea-7, groupId=Consumer-topic-07c0f579_584a_4bd5_bc68_afe286dab3ea] Cluster ID: 6lKjf0w6TFCctmqQa8E77g
2025-07-31 20:43:17,265 INFO  [org.apa.kaf.cli.con.int.ConsumerCoordinator] (Thread-642) [Consumer clientId=consumer-Consumer-topic-07c0f579_584a_4bd5_bc68_afe286dab3ea-7, groupId=Consumer-topic-07c0f579_584a_4bd5_bc68_afe286dab3ea] Discovered group coordinator localhost:32770 (id: 2147483647 rack: null)
2025-07-31 20:43:17,277 INFO  [org.apa.kaf.cli.con.int.ConsumerCoordinator] (Thread-642) [Consumer clientId=consumer-Consumer-topic-07c0f579_584a_4bd5_bc68_afe286dab3ea-7, groupId=Consumer-topic-07c0f579_584a_4bd5_bc68_afe286dab3ea] (Re-)joining group
2025-07-31 20:43:17,283 INFO  [org.apa.kaf.cli.con.int.ConsumerCoordinator] (Thread-642) [Consumer clientId=consumer-Consumer-topic-07c0f579_584a_4bd5_bc68_afe286dab3ea-7, groupId=Consumer-topic-07c0f579_584a_4bd5_bc68_afe286dab3ea] Request joining group due to: need to re-join with the given member-id: consumer-Consumer-topic-07c0f579_584a_4bd5_bc68_afe286dab3ea-7-27933af7-ec98-4d7a-a392-b4d4ff112147
2025-07-31 20:43:17,283 INFO  [org.apa.kaf.cli.con.int.ConsumerCoordinator] (Thread-642) [Consumer clientId=consumer-Consumer-topic-07c0f579_584a_4bd5_bc68_afe286dab3ea-7, groupId=Consumer-topic-07c0f579_584a_4bd5_bc68_afe286dab3ea] (Re-)joining group
2025-07-31 20:43:17,296 INFO  [org.apa.kaf.cli.con.int.ConsumerCoordinator] (Thread-642) [Consumer clientId=consumer-Consumer-topic-07c0f579_584a_4bd5_bc68_afe286dab3ea-7, groupId=Consumer-topic-07c0f579_584a_4bd5_bc68_afe286dab3ea] Successfully joined group with generation Generation{generationId=1, memberId='consumer-Consumer-topic-07c0f579_584a_4bd5_bc68_afe286dab3ea-7-27933af7-ec98-4d7a-a392-b4d4ff112147', protocol='range'}
2025-07-31 20:43:17,296 INFO  [org.apa.kaf.cli.con.int.ConsumerCoordinator] (Thread-642) [Consumer clientId=consumer-Consumer-topic-07c0f579_584a_4bd5_bc68_afe286dab3ea-7, groupId=Consumer-topic-07c0f579_584a_4bd5_bc68_afe286dab3ea] Finished assignment for group at generation 1: {consumer-Consumer-topic-07c0f579_584a_4bd5_bc68_afe286dab3ea-7-27933af7-ec98-4d7a-a392-b4d4ff112147=Assignment(partitions=[topic-07c0f579_584a_4bd5_bc68_afe286dab3ea-0])}
2025-07-31 20:43:17,300 INFO  [org.apa.kaf.cli.con.int.ConsumerCoordinator] (Thread-642) [Consumer clientId=consumer-Consumer-topic-07c0f579_584a_4bd5_bc68_afe286dab3ea-7, groupId=Consumer-topic-07c0f579_584a_4bd5_bc68_afe286dab3ea] Successfully synced group in generation Generation{generationId=1, memberId='consumer-Consumer-topic-07c0f579_584a_4bd5_bc68_afe286dab3ea-7-27933af7-ec98-4d7a-a392-b4d4ff112147', protocol='range'}
2025-07-31 20:43:17,300 INFO  [org.apa.kaf.cli.con.int.ConsumerCoordinator] (Thread-642) [Consumer clientId=consumer-Consumer-topic-07c0f579_584a_4bd5_bc68_afe286dab3ea-7, groupId=Consumer-topic-07c0f579_584a_4bd5_bc68_afe286dab3ea] Notifying assignor about the new Assignment(partitions=[topic-07c0f579_584a_4bd5_bc68_afe286dab3ea-0])
2025-07-31 20:43:17,300 INFO  [org.apa.kaf.cli.con.int.ConsumerRebalanceListenerInvoker] (Thread-642) [Consumer clientId=consumer-Consumer-topic-07c0f579_584a_4bd5_bc68_afe286dab3ea-7, groupId=Consumer-topic-07c0f579_584a_4bd5_bc68_afe286dab3ea] Adding newly assigned partitions: topic-07c0f579_584a_4bd5_bc68_afe286dab3ea-0
2025-07-31 20:43:17,303 INFO  [org.apa.kaf.cli.con.int.ConsumerCoordinator] (Thread-642) [Consumer clientId=consumer-Consumer-topic-07c0f579_584a_4bd5_bc68_afe286dab3ea-7, groupId=Consumer-topic-07c0f579_584a_4bd5_bc68_afe286dab3ea] Found no committed offset for partition topic-07c0f579_584a_4bd5_bc68_afe286dab3ea-0
2025-07-31 20:43:17,313 INFO  [org.apa.kaf.cli.con.int.SubscriptionState] (Thread-642) [Consumer clientId=consumer-Consumer-topic-07c0f579_584a_4bd5_bc68_afe286dab3ea-7, groupId=Consumer-topic-07c0f579_584a_4bd5_bc68_afe286dab3ea] Resetting offset for partition topic-07c0f579_584a_4bd5_bc68_afe286dab3ea-0 to position FetchPosition{offset=0, offsetEpoch=Optional.empty, currentLeader=LeaderAndEpoch{leader=Optional[localhost:32770 (id: 0 rack: null)], epoch=0}}.
2025-07-31 20:43:17,566 INFO  [io.api.tes.ser.api.KafkaSerdesTester] (Thread-642) topic-07c0f579_584a_4bd5_bc68_afe286dab3ea 0 0 {"key11753994595682": "value-0"}
2025-07-31 20:43:17,566 INFO  [io.api.tes.ser.api.KafkaSerdesTester] (Thread-642) topic-07c0f579_584a_4bd5_bc68_afe286dab3ea 0 1 {"key11753994595682": "value-1"}
2025-07-31 20:43:17,566 INFO  [io.api.tes.ser.api.KafkaSerdesTester] (Thread-642) topic-07c0f579_584a_4bd5_bc68_afe286dab3ea 0 2 {"key11753994595682": "value-2"}
2025-07-31 20:43:17,566 INFO  [io.api.tes.ser.api.KafkaSerdesTester] (Thread-642) topic-07c0f579_584a_4bd5_bc68_afe286dab3ea 0 3 {"key11753994595682": "value-3"}
2025-07-31 20:43:17,566 INFO  [io.api.tes.ser.api.KafkaSerdesTester] (Thread-642) topic-07c0f579_584a_4bd5_bc68_afe286dab3ea 0 4 {"key11753994595682": "value-4"}
2025-07-31 20:43:17,566 INFO  [io.api.tes.ser.api.KafkaSerdesTester] (Thread-642) topic-07c0f579_584a_4bd5_bc68_afe286dab3ea 0 5 {"key11753994595682": "value-5"}
2025-07-31 20:43:17,566 INFO  [io.api.tes.ser.api.KafkaSerdesTester] (Thread-642) topic-07c0f579_584a_4bd5_bc68_afe286dab3ea 0 6 {"key11753994595682": "value-6"}
2025-07-31 20:43:17,566 INFO  [io.api.tes.ser.api.KafkaSerdesTester] (Thread-642) topic-07c0f579_584a_4bd5_bc68_afe286dab3ea 0 7 {"key11753994595682": "value-7"}
2025-07-31 20:43:17,566 INFO  [io.api.tes.ser.api.KafkaSerdesTester] (Thread-642) topic-07c0f579_584a_4bd5_bc68_afe286dab3ea 0 8 {"key11753994595682": "value-8"}
2025-07-31 20:43:17,566 INFO  [io.api.tes.ser.api.KafkaSerdesTester] (Thread-642) topic-07c0f579_584a_4bd5_bc68_afe286dab3ea 0 9 {"key11753994595682": "value-9"}
2025-07-31 20:43:17,566 INFO  [io.api.tes.ser.api.KafkaSerdesTester] (Thread-642) Consumed 10 messages
2025-07-31 20:43:17,569 INFO  [org.apa.kaf.cli.con.int.ConsumerRebalanceListenerInvoker] (Thread-642) [Consumer clientId=consumer-Consumer-topic-07c0f579_584a_4bd5_bc68_afe286dab3ea-7, groupId=Consumer-topic-07c0f579_584a_4bd5_bc68_afe286dab3ea] Revoke previously assigned partitions topic-07c0f579_584a_4bd5_bc68_afe286dab3ea-0
2025-07-31 20:43:17,569 INFO  [org.apa.kaf.cli.con.int.ConsumerCoordinator] (Thread-642) [Consumer clientId=consumer-Consumer-topic-07c0f579_584a_4bd5_bc68_afe286dab3ea-7, groupId=Consumer-topic-07c0f579_584a_4bd5_bc68_afe286dab3ea] Member consumer-Consumer-topic-07c0f579_584a_4bd5_bc68_afe286dab3ea-7-27933af7-ec98-4d7a-a392-b4d4ff112147 sending LeaveGroup request to coordinator localhost:32770 (id: 2147483647 rack: null) due to the consumer is being closed
2025-07-31 20:43:17,569 INFO  [org.apa.kaf.cli.con.int.ConsumerCoordinator] (Thread-642) [Consumer clientId=consumer-Consumer-topic-07c0f579_584a_4bd5_bc68_afe286dab3ea-7, groupId=Consumer-topic-07c0f579_584a_4bd5_bc68_afe286dab3ea] Resetting generation and member id due to: consumer pro-actively leaving the group
2025-07-31 20:43:17,569 INFO  [org.apa.kaf.cli.con.int.ConsumerCoordinator] (Thread-642) [Consumer clientId=consumer-Consumer-topic-07c0f579_584a_4bd5_bc68_afe286dab3ea-7, groupId=Consumer-topic-07c0f579_584a_4bd5_bc68_afe286dab3ea] Request joining group due to: consumer pro-actively leaving the group
2025-07-31 20:43:18,069 INFO  [org.apa.kaf.com.met.Metrics] (Thread-642) Metrics scheduler closed
2025-07-31 20:43:18,069 INFO  [org.apa.kaf.com.met.Metrics] (Thread-642) Closing reporter org.apache.kafka.common.metrics.JmxReporter
2025-07-31 20:43:18,070 INFO  [org.apa.kaf.com.met.Metrics] (Thread-642) Closing reporter org.apache.kafka.common.telemetry.internals.ClientTelemetryReporter
2025-07-31 20:43:18,070 INFO  [org.apa.kaf.com.met.Metrics] (Thread-642) Metrics reporters closed
2025-07-31 20:43:18,072 INFO  [org.apa.kaf.com.uti.AppInfoParser] (Thread-642) App info kafka.consumer for consumer-Consumer-topic-07c0f579_584a_4bd5_bc68_afe286dab3ea-7 unregistered
2025-07-31 20:43:18,073 INFO  [io.api.tes.uti.TestSeparator] (main) io.apicurio.tests.serdes.apicurio.AvroSerdeIT.testTopicIdStrategyFindLatest-FINISHED
2025-07-31 20:43:18,073 INFO  [io.api.tes.uti.TestSeparator] (main) ############################################################################
Test passed: testTopicIdStrategyFindLatest
]]></system-out>
  </testcase>
  <testcase name="testAvroUnionWithSpecificReader" classname="io.apicurio.tests.serdes.apicurio.AvroSerdeIT" time="1.976">
    <system-out><![CDATA[2025-07-31 20:43:18,074 INFO  [io.api.tes.uti.TestSeparator] (main) ############################################################################
2025-07-31 20:43:18,074 INFO  [io.api.tes.uti.TestSeparator] (main) io.apicurio.tests.serdes.apicurio.AvroSerdeIT.testAvroUnionWithSpecificReader-STARTED
**** Registry Base URL: http://registry-app-mysql.apps.ci419.apicurio-testing.org:80
2025-07-31 20:43:18,080 INFO  [org.apa.kaf.cli.pro.ProducerConfig] (main) ProducerConfig values: 
	acks = -1
	auto.include.jmx.reporter = true
	batch.size = 16384
	bootstrap.servers = [PLAINTEXT://localhost:32770]
	buffer.memory = 33554432
	client.dns.lookup = use_all_dns_ips
	client.id = Producer-topic-a93a8f9f_88d2_429c_86a7_753e6b552bdf
	compression.gzip.level = -1
	compression.lz4.level = 9
	compression.type = none
	compression.zstd.level = 3
	connections.max.idle.ms = 10000
	delivery.timeout.ms = 120000
	enable.idempotence = true
	enable.metrics.push = true
	interceptor.classes = []
	key.serializer = class org.apache.kafka.common.serialization.StringSerializer
	linger.ms = 0
	max.block.ms = 60000
	max.in.flight.requests.per.connection = 5
	max.request.size = 1048576
	metadata.max.age.ms = 300000
	metadata.max.idle.ms = 300000
	metadata.recovery.strategy = none
	metric.reporters = []
	metrics.num.samples = 2
	metrics.recording.level = INFO
	metrics.sample.window.ms = 30000
	partitioner.adaptive.partitioning.enable = true
	partitioner.availability.timeout.ms = 0
	partitioner.class = null
	partitioner.ignore.keys = false
	receive.buffer.bytes = 32768
	reconnect.backoff.max.ms = 1000
	reconnect.backoff.ms = 50
	request.timeout.ms = 5000
	retries = 2147483647
	retry.backoff.max.ms = 1000
	retry.backoff.ms = 100
	sasl.client.callback.handler.class = null
	sasl.jaas.config = null
	sasl.kerberos.kinit.cmd = /usr/bin/kinit
	sasl.kerberos.min.time.before.relogin = 60000
	sasl.kerberos.service.name = null
	sasl.kerberos.ticket.renew.jitter = 0.05
	sasl.kerberos.ticket.renew.window.factor = 0.8
	sasl.login.callback.handler.class = null
	sasl.login.class = null
	sasl.login.connect.timeout.ms = null
	sasl.login.read.timeout.ms = null
	sasl.login.refresh.buffer.seconds = 300
	sasl.login.refresh.min.period.seconds = 60
	sasl.login.refresh.window.factor = 0.8
	sasl.login.refresh.window.jitter = 0.05
	sasl.login.retry.backoff.max.ms = 10000
	sasl.login.retry.backoff.ms = 100
	sasl.mechanism = GSSAPI
	sasl.oauthbearer.clock.skew.seconds = 30
	sasl.oauthbearer.expected.audience = null
	sasl.oauthbearer.expected.issuer = null
	sasl.oauthbearer.header.urlencode = false
	sasl.oauthbearer.jwks.endpoint.refresh.ms = 3600000
	sasl.oauthbearer.jwks.endpoint.retry.backoff.max.ms = 10000
	sasl.oauthbearer.jwks.endpoint.retry.backoff.ms = 100
	sasl.oauthbearer.jwks.endpoint.url = null
	sasl.oauthbearer.scope.claim.name = scope
	sasl.oauthbearer.sub.claim.name = sub
	sasl.oauthbearer.token.endpoint.url = null
	security.protocol = PLAINTEXT
	security.providers = null
	send.buffer.bytes = 131072
	socket.connection.setup.timeout.max.ms = 30000
	socket.connection.setup.timeout.ms = 10000
	ssl.cipher.suites = null
	ssl.enabled.protocols = [TLSv1.2, TLSv1.3]
	ssl.endpoint.identification.algorithm = https
	ssl.engine.factory.class = null
	ssl.key.password = null
	ssl.keymanager.algorithm = SunX509
	ssl.keystore.certificate.chain = null
	ssl.keystore.key = null
	ssl.keystore.location = null
	ssl.keystore.password = null
	ssl.keystore.type = JKS
	ssl.protocol = TLSv1.3
	ssl.provider = null
	ssl.secure.random.implementation = null
	ssl.trustmanager.algorithm = PKIX
	ssl.truststore.certificates = null
	ssl.truststore.location = null
	ssl.truststore.password = null
	ssl.truststore.type = JKS
	transaction.timeout.ms = 60000
	transactional.id = null
	value.serializer = class io.apicurio.registry.serde.avro.AvroKafkaSerializer

2025-07-31 20:43:18,083 INFO  [org.apa.kaf.com.tel.int.KafkaMetricsCollector] (main) initializing Kafka metrics collector
2025-07-31 20:43:18,088 INFO  [org.apa.kaf.cli.pro.KafkaProducer] (main) [Producer clientId=Producer-topic-a93a8f9f_88d2_429c_86a7_753e6b552bdf] Instantiated an idempotent producer.
2025-07-31 20:43:18,091 INFO  [org.apa.kaf.cli.pro.ProducerConfig] (main) These configurations '[apicurio.registry.url, apicurio.registry.auto-register, apicurio.registry.artifact-resolver-strategy]' were supplied but are not used yet.
2025-07-31 20:43:18,093 INFO  [org.apa.kaf.com.uti.AppInfoParser] (main) Kafka version: 3.9.1
2025-07-31 20:43:18,093 INFO  [org.apa.kaf.com.uti.AppInfoParser] (main) Kafka commitId: f745dfdcee2b9851
2025-07-31 20:43:18,093 INFO  [org.apa.kaf.com.uti.AppInfoParser] (main) Kafka startTimeMs: 1753994598091
2025-07-31 20:43:18,094 INFO  [io.api.tes.ser.api.SimpleSerdesTesterBuilder$SimpleSerdesTester] (main) Using producer configuration: {apicurio.registry.url=http://registry-app-mysql.apps.ci419.apicurio-testing.org:80/apis/registry/v3, apicurio.registry.auto-register=true, apicurio.registry.artifact-resolver-strategy=io.apicurio.registry.serde.strategy.TopicIdStrategy, value.serializer=io.apicurio.registry.serde.avro.AvroKafkaSerializer, request.timeout.ms=5000, acks=all, bootstrap.servers=PLAINTEXT://localhost:32770, connections.max.idle.ms=10000, key.serializer=org.apache.kafka.common.serialization.StringSerializer, client.id=Producer-topic-a93a8f9f_88d2_429c_86a7_753e6b552bdf}
2025-07-31 20:43:18,094 INFO  [io.api.tes.ser.api.SimpleSerdesTesterBuilder$SimpleSerdesTester] (main) Using consumer configuration: {}
2025-07-31 20:43:18,098 INFO  [io.api.tes.ser.api.KafkaSerdesTester] (Thread-645) Sending message {"id": "record-0"} to topic topic-a93a8f9f_88d2_429c_86a7_753e6b552bdf
2025-07-31 20:43:18,113 WARN  [org.apa.kaf.cli.NetworkClient] (kafka-producer-network-thread | Producer-topic-a93a8f9f_88d2_429c_86a7_753e6b552bdf) [Producer clientId=Producer-topic-a93a8f9f_88d2_429c_86a7_753e6b552bdf] The metadata response from the cluster reported a recoverable issue with correlation id 2 : {topic-a93a8f9f_88d2_429c_86a7_753e6b552bdf=LEADER_NOT_AVAILABLE}
2025-07-31 20:43:18,113 INFO  [org.apa.kaf.cli.Metadata] (kafka-producer-network-thread | Producer-topic-a93a8f9f_88d2_429c_86a7_753e6b552bdf) [Producer clientId=Producer-topic-a93a8f9f_88d2_429c_86a7_753e6b552bdf] Cluster ID: 6lKjf0w6TFCctmqQa8E77g
2025-07-31 20:43:18,113 INFO  [org.apa.kaf.cli.pro.int.TransactionManager] (kafka-producer-network-thread | Producer-topic-a93a8f9f_88d2_429c_86a7_753e6b552bdf) [Producer clientId=Producer-topic-a93a8f9f_88d2_429c_86a7_753e6b552bdf] ProducerId set to 10 with epoch 0
2025-07-31 20:43:18,418 INFO  [io.api.tes.ser.api.KafkaSerdesTester] (Thread-645) Sending message {"value": 1} to topic topic-a93a8f9f_88d2_429c_86a7_753e6b552bdf
2025-07-31 20:43:18,718 INFO  [io.api.tes.ser.api.KafkaSerdesTester] (Thread-645) Sending message {"active": true} to topic topic-a93a8f9f_88d2_429c_86a7_753e6b552bdf
2025-07-31 20:43:18,855 INFO  [io.api.tes.ser.api.KafkaSerdesTester] (Thread-645) Sending message {"id": "record-3"} to topic topic-a93a8f9f_88d2_429c_86a7_753e6b552bdf
2025-07-31 20:43:18,856 INFO  [io.api.tes.ser.api.KafkaSerdesTester] (Thread-645) Sending message {"value": 4} to topic topic-a93a8f9f_88d2_429c_86a7_753e6b552bdf
2025-07-31 20:43:18,858 INFO  [io.api.tes.ser.api.KafkaSerdesTester] (Thread-645) Sending message {"active": false} to topic topic-a93a8f9f_88d2_429c_86a7_753e6b552bdf
2025-07-31 20:43:18,861 INFO  [io.api.tes.ser.api.KafkaSerdesTester] (Thread-645) Sending message {"id": "record-6"} to topic topic-a93a8f9f_88d2_429c_86a7_753e6b552bdf
2025-07-31 20:43:18,863 INFO  [io.api.tes.ser.api.KafkaSerdesTester] (Thread-645) Sending message {"value": 7} to topic topic-a93a8f9f_88d2_429c_86a7_753e6b552bdf
2025-07-31 20:43:18,865 INFO  [io.api.tes.ser.api.KafkaSerdesTester] (Thread-645) Sending message {"active": true} to topic topic-a93a8f9f_88d2_429c_86a7_753e6b552bdf
2025-07-31 20:43:18,866 INFO  [io.api.tes.ser.api.KafkaSerdesTester] (Thread-645) Sending message {"id": "record-9"} to topic topic-a93a8f9f_88d2_429c_86a7_753e6b552bdf
2025-07-31 20:43:18,867 INFO  [io.api.tes.ser.api.KafkaSerdesTester] (Thread-645) Produced 10 messages
2025-07-31 20:43:18,868 INFO  [org.apa.kaf.cli.pro.KafkaProducer] (Thread-645) [Producer clientId=Producer-topic-a93a8f9f_88d2_429c_86a7_753e6b552bdf] Closing the Kafka producer with timeoutMillis = 9223372036854775807 ms.
2025-07-31 20:43:18,869 INFO  [org.apa.kaf.com.met.Metrics] (Thread-645) Metrics scheduler closed
2025-07-31 20:43:18,869 INFO  [org.apa.kaf.com.met.Metrics] (Thread-645) Closing reporter org.apache.kafka.common.metrics.JmxReporter
2025-07-31 20:43:18,869 INFO  [org.apa.kaf.com.met.Metrics] (Thread-645) Closing reporter org.apache.kafka.common.telemetry.internals.ClientTelemetryReporter
2025-07-31 20:43:18,869 INFO  [org.apa.kaf.com.met.Metrics] (Thread-645) Metrics reporters closed
2025-07-31 20:43:18,870 INFO  [org.apa.kaf.com.uti.AppInfoParser] (Thread-645) App info kafka.producer for Producer-topic-a93a8f9f_88d2_429c_86a7_753e6b552bdf unregistered
2025-07-31 20:43:18,946 INFO  [io.api.tes.ser.api.AvroSerdeIT] (main) Artifact topic-a93a8f9f_88d2_429c_86a7_753e6b552bdf-value found in registry with globalId 25
**** Registry Base URL: http://registry-app-mysql.apps.ci419.apicurio-testing.org:80
2025-07-31 20:43:18,947 INFO  [org.apa.kaf.cli.con.ConsumerConfig] (main) ConsumerConfig values: 
	allow.auto.create.topics = true
	auto.commit.interval.ms = 500
	auto.include.jmx.reporter = true
	auto.offset.reset = earliest
	bootstrap.servers = [PLAINTEXT://localhost:32770]
	check.crcs = true
	client.dns.lookup = use_all_dns_ips
	client.id = consumer-Consumer-topic-a93a8f9f_88d2_429c_86a7_753e6b552bdf-8
	client.rack = 
	connections.max.idle.ms = 10000
	default.api.timeout.ms = 60000
	enable.auto.commit = true
	enable.metrics.push = true
	exclude.internal.topics = true
	fetch.max.bytes = 52428800
	fetch.max.wait.ms = 500
	fetch.min.bytes = 1
	group.id = Consumer-topic-a93a8f9f_88d2_429c_86a7_753e6b552bdf
	group.instance.id = null
	group.protocol = classic
	group.remote.assignor = null
	heartbeat.interval.ms = 3000
	interceptor.classes = []
	internal.leave.group.on.close = true
	internal.throw.on.fetch.stable.offset.unsupported = false
	isolation.level = read_uncommitted
	key.deserializer = class org.apache.kafka.common.serialization.StringDeserializer
	max.partition.fetch.bytes = 1048576
	max.poll.interval.ms = 300000
	max.poll.records = 500
	metadata.max.age.ms = 300000
	metadata.recovery.strategy = none
	metric.reporters = []
	metrics.num.samples = 2
	metrics.recording.level = INFO
	metrics.sample.window.ms = 30000
	partition.assignment.strategy = [class org.apache.kafka.clients.consumer.RangeAssignor, class org.apache.kafka.clients.consumer.CooperativeStickyAssignor]
	receive.buffer.bytes = 65536
	reconnect.backoff.max.ms = 1000
	reconnect.backoff.ms = 50
	request.timeout.ms = 5000
	retry.backoff.max.ms = 1000
	retry.backoff.ms = 100
	sasl.client.callback.handler.class = null
	sasl.jaas.config = null
	sasl.kerberos.kinit.cmd = /usr/bin/kinit
	sasl.kerberos.min.time.before.relogin = 60000
	sasl.kerberos.service.name = null
	sasl.kerberos.ticket.renew.jitter = 0.05
	sasl.kerberos.ticket.renew.window.factor = 0.8
	sasl.login.callback.handler.class = null
	sasl.login.class = null
	sasl.login.connect.timeout.ms = null
	sasl.login.read.timeout.ms = null
	sasl.login.refresh.buffer.seconds = 300
	sasl.login.refresh.min.period.seconds = 60
	sasl.login.refresh.window.factor = 0.8
	sasl.login.refresh.window.jitter = 0.05
	sasl.login.retry.backoff.max.ms = 10000
	sasl.login.retry.backoff.ms = 100
	sasl.mechanism = GSSAPI
	sasl.oauthbearer.clock.skew.seconds = 30
	sasl.oauthbearer.expected.audience = null
	sasl.oauthbearer.expected.issuer = null
	sasl.oauthbearer.header.urlencode = false
	sasl.oauthbearer.jwks.endpoint.refresh.ms = 3600000
	sasl.oauthbearer.jwks.endpoint.retry.backoff.max.ms = 10000
	sasl.oauthbearer.jwks.endpoint.retry.backoff.ms = 100
	sasl.oauthbearer.jwks.endpoint.url = null
	sasl.oauthbearer.scope.claim.name = scope
	sasl.oauthbearer.sub.claim.name = sub
	sasl.oauthbearer.token.endpoint.url = null
	security.protocol = PLAINTEXT
	security.providers = null
	send.buffer.bytes = 131072
	session.timeout.ms = 45000
	socket.connection.setup.timeout.max.ms = 30000
	socket.connection.setup.timeout.ms = 10000
	ssl.cipher.suites = null
	ssl.enabled.protocols = [TLSv1.2, TLSv1.3]
	ssl.endpoint.identification.algorithm = https
	ssl.engine.factory.class = null
	ssl.key.password = null
	ssl.keymanager.algorithm = SunX509
	ssl.keystore.certificate.chain = null
	ssl.keystore.key = null
	ssl.keystore.location = null
	ssl.keystore.password = null
	ssl.keystore.type = JKS
	ssl.protocol = TLSv1.3
	ssl.provider = null
	ssl.secure.random.implementation = null
	ssl.trustmanager.algorithm = PKIX
	ssl.truststore.certificates = null
	ssl.truststore.location = null
	ssl.truststore.password = null
	ssl.truststore.type = JKS
	value.deserializer = class io.apicurio.registry.serde.avro.AvroKafkaDeserializer

2025-07-31 20:43:18,947 INFO  [org.apa.kaf.com.tel.int.KafkaMetricsCollector] (main) initializing Kafka metrics collector
2025-07-31 20:43:18,952 INFO  [org.apa.kaf.cli.con.ConsumerConfig] (main) These configurations '[apicurio.registry.url]' were supplied but are not used yet.
2025-07-31 20:43:18,953 INFO  [org.apa.kaf.com.uti.AppInfoParser] (main) Kafka version: 3.9.1
2025-07-31 20:43:18,953 INFO  [org.apa.kaf.com.uti.AppInfoParser] (main) Kafka commitId: f745dfdcee2b9851
2025-07-31 20:43:18,953 INFO  [org.apa.kaf.com.uti.AppInfoParser] (main) Kafka startTimeMs: 1753994598953
2025-07-31 20:43:18,953 INFO  [org.apa.kaf.cli.con.int.ClassicKafkaConsumer] (Thread-648) [Consumer clientId=consumer-Consumer-topic-a93a8f9f_88d2_429c_86a7_753e6b552bdf-8, groupId=Consumer-topic-a93a8f9f_88d2_429c_86a7_753e6b552bdf] Subscribed to topic(s): topic-a93a8f9f_88d2_429c_86a7_753e6b552bdf
2025-07-31 20:43:18,958 INFO  [org.apa.kaf.cli.Metadata] (Thread-648) [Consumer clientId=consumer-Consumer-topic-a93a8f9f_88d2_429c_86a7_753e6b552bdf-8, groupId=Consumer-topic-a93a8f9f_88d2_429c_86a7_753e6b552bdf] Cluster ID: 6lKjf0w6TFCctmqQa8E77g
2025-07-31 20:43:18,959 INFO  [org.apa.kaf.cli.con.int.ConsumerCoordinator] (Thread-648) [Consumer clientId=consumer-Consumer-topic-a93a8f9f_88d2_429c_86a7_753e6b552bdf-8, groupId=Consumer-topic-a93a8f9f_88d2_429c_86a7_753e6b552bdf] Discovered group coordinator localhost:32770 (id: 2147483647 rack: null)
2025-07-31 20:43:18,961 INFO  [org.apa.kaf.cli.con.int.ConsumerCoordinator] (Thread-648) [Consumer clientId=consumer-Consumer-topic-a93a8f9f_88d2_429c_86a7_753e6b552bdf-8, groupId=Consumer-topic-a93a8f9f_88d2_429c_86a7_753e6b552bdf] (Re-)joining group
2025-07-31 20:43:18,964 INFO  [org.apa.kaf.cli.con.int.ConsumerCoordinator] (Thread-648) [Consumer clientId=consumer-Consumer-topic-a93a8f9f_88d2_429c_86a7_753e6b552bdf-8, groupId=Consumer-topic-a93a8f9f_88d2_429c_86a7_753e6b552bdf] Request joining group due to: need to re-join with the given member-id: consumer-Consumer-topic-a93a8f9f_88d2_429c_86a7_753e6b552bdf-8-286444fb-7be2-49b4-ab8e-9934b7a2c748
2025-07-31 20:43:18,964 INFO  [org.apa.kaf.cli.con.int.ConsumerCoordinator] (Thread-648) [Consumer clientId=consumer-Consumer-topic-a93a8f9f_88d2_429c_86a7_753e6b552bdf-8, groupId=Consumer-topic-a93a8f9f_88d2_429c_86a7_753e6b552bdf] (Re-)joining group
2025-07-31 20:43:18,971 INFO  [org.apa.kaf.cli.con.int.ConsumerCoordinator] (Thread-648) [Consumer clientId=consumer-Consumer-topic-a93a8f9f_88d2_429c_86a7_753e6b552bdf-8, groupId=Consumer-topic-a93a8f9f_88d2_429c_86a7_753e6b552bdf] Successfully joined group with generation Generation{generationId=1, memberId='consumer-Consumer-topic-a93a8f9f_88d2_429c_86a7_753e6b552bdf-8-286444fb-7be2-49b4-ab8e-9934b7a2c748', protocol='range'}
2025-07-31 20:43:18,973 INFO  [org.apa.kaf.cli.con.int.ConsumerCoordinator] (Thread-648) [Consumer clientId=consumer-Consumer-topic-a93a8f9f_88d2_429c_86a7_753e6b552bdf-8, groupId=Consumer-topic-a93a8f9f_88d2_429c_86a7_753e6b552bdf] Finished assignment for group at generation 1: {consumer-Consumer-topic-a93a8f9f_88d2_429c_86a7_753e6b552bdf-8-286444fb-7be2-49b4-ab8e-9934b7a2c748=Assignment(partitions=[topic-a93a8f9f_88d2_429c_86a7_753e6b552bdf-0])}
2025-07-31 20:43:18,979 INFO  [org.apa.kaf.cli.con.int.ConsumerCoordinator] (Thread-648) [Consumer clientId=consumer-Consumer-topic-a93a8f9f_88d2_429c_86a7_753e6b552bdf-8, groupId=Consumer-topic-a93a8f9f_88d2_429c_86a7_753e6b552bdf] Successfully synced group in generation Generation{generationId=1, memberId='consumer-Consumer-topic-a93a8f9f_88d2_429c_86a7_753e6b552bdf-8-286444fb-7be2-49b4-ab8e-9934b7a2c748', protocol='range'}
2025-07-31 20:43:18,979 INFO  [org.apa.kaf.cli.con.int.ConsumerCoordinator] (Thread-648) [Consumer clientId=consumer-Consumer-topic-a93a8f9f_88d2_429c_86a7_753e6b552bdf-8, groupId=Consumer-topic-a93a8f9f_88d2_429c_86a7_753e6b552bdf] Notifying assignor about the new Assignment(partitions=[topic-a93a8f9f_88d2_429c_86a7_753e6b552bdf-0])
2025-07-31 20:43:18,979 INFO  [org.apa.kaf.cli.con.int.ConsumerRebalanceListenerInvoker] (Thread-648) [Consumer clientId=consumer-Consumer-topic-a93a8f9f_88d2_429c_86a7_753e6b552bdf-8, groupId=Consumer-topic-a93a8f9f_88d2_429c_86a7_753e6b552bdf] Adding newly assigned partitions: topic-a93a8f9f_88d2_429c_86a7_753e6b552bdf-0
2025-07-31 20:43:18,980 INFO  [org.apa.kaf.cli.con.int.ConsumerCoordinator] (Thread-648) [Consumer clientId=consumer-Consumer-topic-a93a8f9f_88d2_429c_86a7_753e6b552bdf-8, groupId=Consumer-topic-a93a8f9f_88d2_429c_86a7_753e6b552bdf] Found no committed offset for partition topic-a93a8f9f_88d2_429c_86a7_753e6b552bdf-0
2025-07-31 20:43:18,986 INFO  [org.apa.kaf.cli.con.int.SubscriptionState] (Thread-648) [Consumer clientId=consumer-Consumer-topic-a93a8f9f_88d2_429c_86a7_753e6b552bdf-8, groupId=Consumer-topic-a93a8f9f_88d2_429c_86a7_753e6b552bdf] Resetting offset for partition topic-a93a8f9f_88d2_429c_86a7_753e6b552bdf-0 to position FetchPosition{offset=0, offsetEpoch=Optional.empty, currentLeader=LeaderAndEpoch{leader=Optional[localhost:32770 (id: 0 rack: null)], epoch=0}}.
2025-07-31 20:43:19,539 INFO  [io.api.tes.ser.api.KafkaSerdesTester] (Thread-648) topic-a93a8f9f_88d2_429c_86a7_753e6b552bdf 0 0 {"id": "record-0"}
2025-07-31 20:43:19,540 INFO  [io.api.tes.ser.api.KafkaSerdesTester] (Thread-648) topic-a93a8f9f_88d2_429c_86a7_753e6b552bdf 0 1 {"value": 1}
2025-07-31 20:43:19,540 INFO  [io.api.tes.ser.api.KafkaSerdesTester] (Thread-648) topic-a93a8f9f_88d2_429c_86a7_753e6b552bdf 0 2 {"active": true}
2025-07-31 20:43:19,540 INFO  [io.api.tes.ser.api.KafkaSerdesTester] (Thread-648) topic-a93a8f9f_88d2_429c_86a7_753e6b552bdf 0 3 {"id": "record-3"}
2025-07-31 20:43:19,540 INFO  [io.api.tes.ser.api.KafkaSerdesTester] (Thread-648) topic-a93a8f9f_88d2_429c_86a7_753e6b552bdf 0 4 {"value": 4}
2025-07-31 20:43:19,540 INFO  [io.api.tes.ser.api.KafkaSerdesTester] (Thread-648) topic-a93a8f9f_88d2_429c_86a7_753e6b552bdf 0 5 {"active": false}
2025-07-31 20:43:19,540 INFO  [io.api.tes.ser.api.KafkaSerdesTester] (Thread-648) topic-a93a8f9f_88d2_429c_86a7_753e6b552bdf 0 6 {"id": "record-6"}
2025-07-31 20:43:19,540 INFO  [io.api.tes.ser.api.KafkaSerdesTester] (Thread-648) topic-a93a8f9f_88d2_429c_86a7_753e6b552bdf 0 7 {"value": 7}
2025-07-31 20:43:19,540 INFO  [io.api.tes.ser.api.KafkaSerdesTester] (Thread-648) topic-a93a8f9f_88d2_429c_86a7_753e6b552bdf 0 8 {"active": true}
2025-07-31 20:43:19,540 INFO  [io.api.tes.ser.api.KafkaSerdesTester] (Thread-648) topic-a93a8f9f_88d2_429c_86a7_753e6b552bdf 0 9 {"id": "record-9"}
2025-07-31 20:43:19,540 INFO  [io.api.tes.ser.api.KafkaSerdesTester] (Thread-648) Consumed 10 messages
2025-07-31 20:43:19,542 INFO  [org.apa.kaf.cli.con.int.ConsumerRebalanceListenerInvoker] (Thread-648) [Consumer clientId=consumer-Consumer-topic-a93a8f9f_88d2_429c_86a7_753e6b552bdf-8, groupId=Consumer-topic-a93a8f9f_88d2_429c_86a7_753e6b552bdf] Revoke previously assigned partitions topic-a93a8f9f_88d2_429c_86a7_753e6b552bdf-0
2025-07-31 20:43:19,542 INFO  [org.apa.kaf.cli.con.int.ConsumerCoordinator] (Thread-648) [Consumer clientId=consumer-Consumer-topic-a93a8f9f_88d2_429c_86a7_753e6b552bdf-8, groupId=Consumer-topic-a93a8f9f_88d2_429c_86a7_753e6b552bdf] Member consumer-Consumer-topic-a93a8f9f_88d2_429c_86a7_753e6b552bdf-8-286444fb-7be2-49b4-ab8e-9934b7a2c748 sending LeaveGroup request to coordinator localhost:32770 (id: 2147483647 rack: null) due to the consumer is being closed
2025-07-31 20:43:19,543 INFO  [org.apa.kaf.cli.con.int.ConsumerCoordinator] (Thread-648) [Consumer clientId=consumer-Consumer-topic-a93a8f9f_88d2_429c_86a7_753e6b552bdf-8, groupId=Consumer-topic-a93a8f9f_88d2_429c_86a7_753e6b552bdf] Resetting generation and member id due to: consumer pro-actively leaving the group
2025-07-31 20:43:19,543 INFO  [org.apa.kaf.cli.con.int.ConsumerCoordinator] (Thread-648) [Consumer clientId=consumer-Consumer-topic-a93a8f9f_88d2_429c_86a7_753e6b552bdf-8, groupId=Consumer-topic-a93a8f9f_88d2_429c_86a7_753e6b552bdf] Request joining group due to: consumer pro-actively leaving the group
2025-07-31 20:43:20,044 INFO  [org.apa.kaf.com.met.Metrics] (Thread-648) Metrics scheduler closed
2025-07-31 20:43:20,044 INFO  [org.apa.kaf.com.met.Metrics] (Thread-648) Closing reporter org.apache.kafka.common.metrics.JmxReporter
2025-07-31 20:43:20,044 INFO  [org.apa.kaf.com.met.Metrics] (Thread-648) Closing reporter org.apache.kafka.common.telemetry.internals.ClientTelemetryReporter
2025-07-31 20:43:20,045 INFO  [org.apa.kaf.com.met.Metrics] (Thread-648) Metrics reporters closed
2025-07-31 20:43:20,047 INFO  [org.apa.kaf.com.uti.AppInfoParser] (Thread-648) App info kafka.consumer for consumer-Consumer-topic-a93a8f9f_88d2_429c_86a7_753e6b552bdf-8 unregistered
2025-07-31 20:43:20,048 INFO  [io.api.tes.uti.TestSeparator] (main) io.apicurio.tests.serdes.apicurio.AvroSerdeIT.testAvroUnionWithSpecificReader-FINISHED
2025-07-31 20:43:20,048 INFO  [io.api.tes.uti.TestSeparator] (main) ############################################################################
Test passed: testAvroUnionWithSpecificReader
]]></system-out>
  </testcase>
  <testcase name="testEvolveAvroApicurioReusingClient" classname="io.apicurio.tests.serdes.apicurio.AvroSerdeIT" time="5.192">
    <system-out><![CDATA[2025-07-31 20:43:20,051 INFO  [io.api.tes.uti.TestSeparator] (main) ############################################################################
2025-07-31 20:43:20,051 INFO  [io.api.tes.uti.TestSeparator] (main) io.apicurio.tests.serdes.apicurio.AvroSerdeIT.testEvolveAvroApicurioReusingClient-STARTED
2025-07-31 20:43:20,053 INFO  [io.api.tes.ser.api.AvroSerdeIT] (main) Registering Avro Schema: {"type":"record","name":"sf111bfc0xf82bx4248x8eebx74431479ba42","namespace":"ns_9e80c884_393b_497d_a77f_e516a03916de","fields":[{"name":"key11753994600051","type":"string"}]}
**** Registry Base URL: http://registry-app-mysql.apps.ci419.apicurio-testing.org:80
2025-07-31 20:43:21,242 INFO  [org.apa.kaf.cli.pro.ProducerConfig] (main) ProducerConfig values: 
	acks = -1
	auto.include.jmx.reporter = true
	batch.size = 16384
	bootstrap.servers = [PLAINTEXT://localhost:32770]
	buffer.memory = 33554432
	client.dns.lookup = use_all_dns_ips
	client.id = Producer-topic-e1e2a342_3836_4bc1_92c7_2f8b52efbb3e
	compression.gzip.level = -1
	compression.lz4.level = 9
	compression.type = none
	compression.zstd.level = 3
	connections.max.idle.ms = 10000
	delivery.timeout.ms = 120000
	enable.idempotence = true
	enable.metrics.push = true
	interceptor.classes = []
	key.serializer = class org.apache.kafka.common.serialization.StringSerializer
	linger.ms = 0
	max.block.ms = 60000
	max.in.flight.requests.per.connection = 5
	max.request.size = 1048576
	metadata.max.age.ms = 300000
	metadata.max.idle.ms = 300000
	metadata.recovery.strategy = none
	metric.reporters = []
	metrics.num.samples = 2
	metrics.recording.level = INFO
	metrics.sample.window.ms = 30000
	partitioner.adaptive.partitioning.enable = true
	partitioner.availability.timeout.ms = 0
	partitioner.class = null
	partitioner.ignore.keys = false
	receive.buffer.bytes = 32768
	reconnect.backoff.max.ms = 1000
	reconnect.backoff.ms = 50
	request.timeout.ms = 5000
	retries = 2147483647
	retry.backoff.max.ms = 1000
	retry.backoff.ms = 100
	sasl.client.callback.handler.class = null
	sasl.jaas.config = null
	sasl.kerberos.kinit.cmd = /usr/bin/kinit
	sasl.kerberos.min.time.before.relogin = 60000
	sasl.kerberos.service.name = null
	sasl.kerberos.ticket.renew.jitter = 0.05
	sasl.kerberos.ticket.renew.window.factor = 0.8
	sasl.login.callback.handler.class = null
	sasl.login.class = null
	sasl.login.connect.timeout.ms = null
	sasl.login.read.timeout.ms = null
	sasl.login.refresh.buffer.seconds = 300
	sasl.login.refresh.min.period.seconds = 60
	sasl.login.refresh.window.factor = 0.8
	sasl.login.refresh.window.jitter = 0.05
	sasl.login.retry.backoff.max.ms = 10000
	sasl.login.retry.backoff.ms = 100
	sasl.mechanism = GSSAPI
	sasl.oauthbearer.clock.skew.seconds = 30
	sasl.oauthbearer.expected.audience = null
	sasl.oauthbearer.expected.issuer = null
	sasl.oauthbearer.header.urlencode = false
	sasl.oauthbearer.jwks.endpoint.refresh.ms = 3600000
	sasl.oauthbearer.jwks.endpoint.retry.backoff.max.ms = 10000
	sasl.oauthbearer.jwks.endpoint.retry.backoff.ms = 100
	sasl.oauthbearer.jwks.endpoint.url = null
	sasl.oauthbearer.scope.claim.name = scope
	sasl.oauthbearer.sub.claim.name = sub
	sasl.oauthbearer.token.endpoint.url = null
	security.protocol = PLAINTEXT
	security.providers = null
	send.buffer.bytes = 131072
	socket.connection.setup.timeout.max.ms = 30000
	socket.connection.setup.timeout.ms = 10000
	ssl.cipher.suites = null
	ssl.enabled.protocols = [TLSv1.2, TLSv1.3]
	ssl.endpoint.identification.algorithm = https
	ssl.engine.factory.class = null
	ssl.key.password = null
	ssl.keymanager.algorithm = SunX509
	ssl.keystore.certificate.chain = null
	ssl.keystore.key = null
	ssl.keystore.location = null
	ssl.keystore.password = null
	ssl.keystore.type = JKS
	ssl.protocol = TLSv1.3
	ssl.provider = null
	ssl.secure.random.implementation = null
	ssl.trustmanager.algorithm = PKIX
	ssl.truststore.certificates = null
	ssl.truststore.location = null
	ssl.truststore.password = null
	ssl.truststore.type = JKS
	transaction.timeout.ms = 60000
	transactional.id = null
	value.serializer = class io.apicurio.registry.serde.avro.AvroKafkaSerializer

2025-07-31 20:43:21,243 INFO  [org.apa.kaf.com.tel.int.KafkaMetricsCollector] (main) initializing Kafka metrics collector
2025-07-31 20:43:21,245 INFO  [org.apa.kaf.cli.pro.KafkaProducer] (main) [Producer clientId=Producer-topic-e1e2a342_3836_4bc1_92c7_2f8b52efbb3e] Instantiated an idempotent producer.
2025-07-31 20:43:21,247 INFO  [org.apa.kaf.cli.pro.ProducerConfig] (main) These configurations '[apicurio.registry.url, apicurio.registry.artifact-resolver-strategy]' were supplied but are not used yet.
2025-07-31 20:43:21,247 INFO  [org.apa.kaf.com.uti.AppInfoParser] (main) Kafka version: 3.9.1
2025-07-31 20:43:21,247 INFO  [org.apa.kaf.com.uti.AppInfoParser] (main) Kafka commitId: f745dfdcee2b9851
2025-07-31 20:43:21,247 INFO  [org.apa.kaf.com.uti.AppInfoParser] (main) Kafka startTimeMs: 1753994601247
**** Registry Base URL: http://registry-app-mysql.apps.ci419.apicurio-testing.org:80
2025-07-31 20:43:21,248 INFO  [org.apa.kaf.cli.con.ConsumerConfig] (main) ConsumerConfig values: 
	allow.auto.create.topics = true
	auto.commit.interval.ms = 500
	auto.include.jmx.reporter = true
	auto.offset.reset = earliest
	bootstrap.servers = [PLAINTEXT://localhost:32770]
	check.crcs = true
	client.dns.lookup = use_all_dns_ips
	client.id = consumer-Consumer-topic-e1e2a342_3836_4bc1_92c7_2f8b52efbb3e-9
	client.rack = 
	connections.max.idle.ms = 10000
	default.api.timeout.ms = 60000
	enable.auto.commit = true
	enable.metrics.push = true
	exclude.internal.topics = true
	fetch.max.bytes = 52428800
	fetch.max.wait.ms = 500
	fetch.min.bytes = 1
	group.id = Consumer-topic-e1e2a342_3836_4bc1_92c7_2f8b52efbb3e
	group.instance.id = null
	group.protocol = classic
	group.remote.assignor = null
	heartbeat.interval.ms = 3000
	interceptor.classes = []
	internal.leave.group.on.close = true
	internal.throw.on.fetch.stable.offset.unsupported = false
	isolation.level = read_uncommitted
	key.deserializer = class org.apache.kafka.common.serialization.StringDeserializer
	max.partition.fetch.bytes = 1048576
	max.poll.interval.ms = 300000
	max.poll.records = 500
	metadata.max.age.ms = 300000
	metadata.recovery.strategy = none
	metric.reporters = []
	metrics.num.samples = 2
	metrics.recording.level = INFO
	metrics.sample.window.ms = 30000
	partition.assignment.strategy = [class org.apache.kafka.clients.consumer.RangeAssignor, class org.apache.kafka.clients.consumer.CooperativeStickyAssignor]
	receive.buffer.bytes = 65536
	reconnect.backoff.max.ms = 1000
	reconnect.backoff.ms = 50
	request.timeout.ms = 5000
	retry.backoff.max.ms = 1000
	retry.backoff.ms = 100
	sasl.client.callback.handler.class = null
	sasl.jaas.config = null
	sasl.kerberos.kinit.cmd = /usr/bin/kinit
	sasl.kerberos.min.time.before.relogin = 60000
	sasl.kerberos.service.name = null
	sasl.kerberos.ticket.renew.jitter = 0.05
	sasl.kerberos.ticket.renew.window.factor = 0.8
	sasl.login.callback.handler.class = null
	sasl.login.class = null
	sasl.login.connect.timeout.ms = null
	sasl.login.read.timeout.ms = null
	sasl.login.refresh.buffer.seconds = 300
	sasl.login.refresh.min.period.seconds = 60
	sasl.login.refresh.window.factor = 0.8
	sasl.login.refresh.window.jitter = 0.05
	sasl.login.retry.backoff.max.ms = 10000
	sasl.login.retry.backoff.ms = 100
	sasl.mechanism = GSSAPI
	sasl.oauthbearer.clock.skew.seconds = 30
	sasl.oauthbearer.expected.audience = null
	sasl.oauthbearer.expected.issuer = null
	sasl.oauthbearer.header.urlencode = false
	sasl.oauthbearer.jwks.endpoint.refresh.ms = 3600000
	sasl.oauthbearer.jwks.endpoint.retry.backoff.max.ms = 10000
	sasl.oauthbearer.jwks.endpoint.retry.backoff.ms = 100
	sasl.oauthbearer.jwks.endpoint.url = null
	sasl.oauthbearer.scope.claim.name = scope
	sasl.oauthbearer.sub.claim.name = sub
	sasl.oauthbearer.token.endpoint.url = null
	security.protocol = PLAINTEXT
	security.providers = null
	send.buffer.bytes = 131072
	session.timeout.ms = 45000
	socket.connection.setup.timeout.max.ms = 30000
	socket.connection.setup.timeout.ms = 10000
	ssl.cipher.suites = null
	ssl.enabled.protocols = [TLSv1.2, TLSv1.3]
	ssl.endpoint.identification.algorithm = https
	ssl.engine.factory.class = null
	ssl.key.password = null
	ssl.keymanager.algorithm = SunX509
	ssl.keystore.certificate.chain = null
	ssl.keystore.key = null
	ssl.keystore.location = null
	ssl.keystore.password = null
	ssl.keystore.type = JKS
	ssl.protocol = TLSv1.3
	ssl.provider = null
	ssl.secure.random.implementation = null
	ssl.trustmanager.algorithm = PKIX
	ssl.truststore.certificates = null
	ssl.truststore.location = null
	ssl.truststore.password = null
	ssl.truststore.type = JKS
	value.deserializer = class io.apicurio.registry.serde.avro.AvroKafkaDeserializer

2025-07-31 20:43:21,248 INFO  [org.apa.kaf.com.tel.int.KafkaMetricsCollector] (main) initializing Kafka metrics collector
2025-07-31 20:43:21,253 INFO  [org.apa.kaf.cli.Metadata] (kafka-producer-network-thread | Producer-topic-e1e2a342_3836_4bc1_92c7_2f8b52efbb3e) [Producer clientId=Producer-topic-e1e2a342_3836_4bc1_92c7_2f8b52efbb3e] Cluster ID: 6lKjf0w6TFCctmqQa8E77g
2025-07-31 20:43:21,255 INFO  [org.apa.kaf.cli.con.ConsumerConfig] (main) These configurations '[apicurio.registry.url]' were supplied but are not used yet.
2025-07-31 20:43:21,255 INFO  [org.apa.kaf.com.uti.AppInfoParser] (main) Kafka version: 3.9.1
2025-07-31 20:43:21,255 INFO  [org.apa.kaf.com.uti.AppInfoParser] (main) Kafka commitId: f745dfdcee2b9851
2025-07-31 20:43:21,255 INFO  [org.apa.kaf.com.uti.AppInfoParser] (main) Kafka startTimeMs: 1753994601255
2025-07-31 20:43:21,256 INFO  [org.apa.kaf.cli.pro.int.TransactionManager] (kafka-producer-network-thread | Producer-topic-e1e2a342_3836_4bc1_92c7_2f8b52efbb3e) [Producer clientId=Producer-topic-e1e2a342_3836_4bc1_92c7_2f8b52efbb3e] ProducerId set to 11 with epoch 0
2025-07-31 20:43:21,257 INFO  [io.api.tes.ser.api.KafkaSerdesTester] (Thread-653) Sending message {"key11753994600051": "value-0"} to topic topic-e1e2a342_3836_4bc1_92c7_2f8b52efbb3e
2025-07-31 20:43:21,265 INFO  [DefaultSchemaResolver] (Thread-653) Retrieving schema content using string: {"type":"record","name":"sf111bfc0xf82bx4248x8eebx74431479ba42","namespace":"ns_9e80c884_393b_497d_a77f_e516a03916de","fields":[{"name":"key11753994600051","type":"string"}]}
2025-07-31 20:43:21,419 INFO  [io.api.tes.ser.api.KafkaSerdesTester] (Thread-653) Sending message {"key11753994600051": "value-1"} to topic topic-e1e2a342_3836_4bc1_92c7_2f8b52efbb3e
2025-07-31 20:43:21,422 INFO  [io.api.tes.ser.api.KafkaSerdesTester] (Thread-653) Sending message {"key11753994600051": "value-2"} to topic topic-e1e2a342_3836_4bc1_92c7_2f8b52efbb3e
2025-07-31 20:43:21,425 INFO  [io.api.tes.ser.api.KafkaSerdesTester] (Thread-653) Sending message {"key11753994600051": "value-3"} to topic topic-e1e2a342_3836_4bc1_92c7_2f8b52efbb3e
2025-07-31 20:43:21,430 INFO  [io.api.tes.ser.api.KafkaSerdesTester] (Thread-653) Sending message {"key11753994600051": "value-4"} to topic topic-e1e2a342_3836_4bc1_92c7_2f8b52efbb3e
2025-07-31 20:43:21,435 INFO  [io.api.tes.ser.api.KafkaSerdesTester] (Thread-653) Sending message {"key11753994600051": "value-5"} to topic topic-e1e2a342_3836_4bc1_92c7_2f8b52efbb3e
2025-07-31 20:43:21,440 INFO  [io.api.tes.ser.api.KafkaSerdesTester] (Thread-653) Sending message {"key11753994600051": "value-6"} to topic topic-e1e2a342_3836_4bc1_92c7_2f8b52efbb3e
2025-07-31 20:43:21,445 INFO  [io.api.tes.ser.api.KafkaSerdesTester] (Thread-653) Sending message {"key11753994600051": "value-7"} to topic topic-e1e2a342_3836_4bc1_92c7_2f8b52efbb3e
2025-07-31 20:43:21,453 INFO  [io.api.tes.ser.api.KafkaSerdesTester] (Thread-653) Sending message {"key11753994600051": "value-8"} to topic topic-e1e2a342_3836_4bc1_92c7_2f8b52efbb3e
2025-07-31 20:43:21,455 INFO  [io.api.tes.ser.api.KafkaSerdesTester] (Thread-653) Sending message {"key11753994600051": "value-9"} to topic topic-e1e2a342_3836_4bc1_92c7_2f8b52efbb3e
2025-07-31 20:43:21,460 INFO  [io.api.tes.ser.api.KafkaSerdesTester] (Thread-653) Produced 10 messages
2025-07-31 20:43:21,461 INFO  [org.apa.kaf.cli.con.int.ClassicKafkaConsumer] (Thread-654) [Consumer clientId=consumer-Consumer-topic-e1e2a342_3836_4bc1_92c7_2f8b52efbb3e-9, groupId=Consumer-topic-e1e2a342_3836_4bc1_92c7_2f8b52efbb3e] Subscribed to topic(s): topic-e1e2a342_3836_4bc1_92c7_2f8b52efbb3e
2025-07-31 20:43:21,474 INFO  [org.apa.kaf.cli.Metadata] (Thread-654) [Consumer clientId=consumer-Consumer-topic-e1e2a342_3836_4bc1_92c7_2f8b52efbb3e-9, groupId=Consumer-topic-e1e2a342_3836_4bc1_92c7_2f8b52efbb3e] Cluster ID: 6lKjf0w6TFCctmqQa8E77g
2025-07-31 20:43:21,475 INFO  [org.apa.kaf.cli.con.int.ConsumerCoordinator] (Thread-654) [Consumer clientId=consumer-Consumer-topic-e1e2a342_3836_4bc1_92c7_2f8b52efbb3e-9, groupId=Consumer-topic-e1e2a342_3836_4bc1_92c7_2f8b52efbb3e] Discovered group coordinator localhost:32770 (id: 2147483647 rack: null)
2025-07-31 20:43:21,477 INFO  [org.apa.kaf.cli.con.int.ConsumerCoordinator] (Thread-654) [Consumer clientId=consumer-Consumer-topic-e1e2a342_3836_4bc1_92c7_2f8b52efbb3e-9, groupId=Consumer-topic-e1e2a342_3836_4bc1_92c7_2f8b52efbb3e] (Re-)joining group
2025-07-31 20:43:21,482 INFO  [org.apa.kaf.cli.con.int.ConsumerCoordinator] (Thread-654) [Consumer clientId=consumer-Consumer-topic-e1e2a342_3836_4bc1_92c7_2f8b52efbb3e-9, groupId=Consumer-topic-e1e2a342_3836_4bc1_92c7_2f8b52efbb3e] Request joining group due to: need to re-join with the given member-id: consumer-Consumer-topic-e1e2a342_3836_4bc1_92c7_2f8b52efbb3e-9-a55d47bc-5076-47fb-a69e-5fd11ce993f1
2025-07-31 20:43:21,482 INFO  [org.apa.kaf.cli.con.int.ConsumerCoordinator] (Thread-654) [Consumer clientId=consumer-Consumer-topic-e1e2a342_3836_4bc1_92c7_2f8b52efbb3e-9, groupId=Consumer-topic-e1e2a342_3836_4bc1_92c7_2f8b52efbb3e] (Re-)joining group
2025-07-31 20:43:21,485 INFO  [org.apa.kaf.cli.con.int.ConsumerCoordinator] (Thread-654) [Consumer clientId=consumer-Consumer-topic-e1e2a342_3836_4bc1_92c7_2f8b52efbb3e-9, groupId=Consumer-topic-e1e2a342_3836_4bc1_92c7_2f8b52efbb3e] Successfully joined group with generation Generation{generationId=1, memberId='consumer-Consumer-topic-e1e2a342_3836_4bc1_92c7_2f8b52efbb3e-9-a55d47bc-5076-47fb-a69e-5fd11ce993f1', protocol='range'}
2025-07-31 20:43:21,485 INFO  [org.apa.kaf.cli.con.int.ConsumerCoordinator] (Thread-654) [Consumer clientId=consumer-Consumer-topic-e1e2a342_3836_4bc1_92c7_2f8b52efbb3e-9, groupId=Consumer-topic-e1e2a342_3836_4bc1_92c7_2f8b52efbb3e] Finished assignment for group at generation 1: {consumer-Consumer-topic-e1e2a342_3836_4bc1_92c7_2f8b52efbb3e-9-a55d47bc-5076-47fb-a69e-5fd11ce993f1=Assignment(partitions=[topic-e1e2a342_3836_4bc1_92c7_2f8b52efbb3e-0])}
2025-07-31 20:43:21,488 INFO  [org.apa.kaf.cli.con.int.ConsumerCoordinator] (Thread-654) [Consumer clientId=consumer-Consumer-topic-e1e2a342_3836_4bc1_92c7_2f8b52efbb3e-9, groupId=Consumer-topic-e1e2a342_3836_4bc1_92c7_2f8b52efbb3e] Successfully synced group in generation Generation{generationId=1, memberId='consumer-Consumer-topic-e1e2a342_3836_4bc1_92c7_2f8b52efbb3e-9-a55d47bc-5076-47fb-a69e-5fd11ce993f1', protocol='range'}
2025-07-31 20:43:21,489 INFO  [org.apa.kaf.cli.con.int.ConsumerCoordinator] (Thread-654) [Consumer clientId=consumer-Consumer-topic-e1e2a342_3836_4bc1_92c7_2f8b52efbb3e-9, groupId=Consumer-topic-e1e2a342_3836_4bc1_92c7_2f8b52efbb3e] Notifying assignor about the new Assignment(partitions=[topic-e1e2a342_3836_4bc1_92c7_2f8b52efbb3e-0])
2025-07-31 20:43:21,489 INFO  [org.apa.kaf.cli.con.int.ConsumerRebalanceListenerInvoker] (Thread-654) [Consumer clientId=consumer-Consumer-topic-e1e2a342_3836_4bc1_92c7_2f8b52efbb3e-9, groupId=Consumer-topic-e1e2a342_3836_4bc1_92c7_2f8b52efbb3e] Adding newly assigned partitions: topic-e1e2a342_3836_4bc1_92c7_2f8b52efbb3e-0
2025-07-31 20:43:21,491 INFO  [org.apa.kaf.cli.con.int.ConsumerCoordinator] (Thread-654) [Consumer clientId=consumer-Consumer-topic-e1e2a342_3836_4bc1_92c7_2f8b52efbb3e-9, groupId=Consumer-topic-e1e2a342_3836_4bc1_92c7_2f8b52efbb3e] Found no committed offset for partition topic-e1e2a342_3836_4bc1_92c7_2f8b52efbb3e-0
2025-07-31 20:43:21,497 INFO  [org.apa.kaf.cli.con.int.SubscriptionState] (Thread-654) [Consumer clientId=consumer-Consumer-topic-e1e2a342_3836_4bc1_92c7_2f8b52efbb3e-9, groupId=Consumer-topic-e1e2a342_3836_4bc1_92c7_2f8b52efbb3e] Resetting offset for partition topic-e1e2a342_3836_4bc1_92c7_2f8b52efbb3e-0 to position FetchPosition{offset=0, offsetEpoch=Optional.empty, currentLeader=LeaderAndEpoch{leader=Optional[localhost:32770 (id: 0 rack: null)], epoch=0}}.
2025-07-31 20:43:21,739 INFO  [io.api.tes.ser.api.KafkaSerdesTester] (Thread-654) topic-e1e2a342_3836_4bc1_92c7_2f8b52efbb3e 0 0 {"key11753994600051": "value-0"}
2025-07-31 20:43:21,739 INFO  [io.api.tes.ser.api.KafkaSerdesTester] (Thread-654) topic-e1e2a342_3836_4bc1_92c7_2f8b52efbb3e 0 1 {"key11753994600051": "value-1"}
2025-07-31 20:43:21,739 INFO  [io.api.tes.ser.api.KafkaSerdesTester] (Thread-654) topic-e1e2a342_3836_4bc1_92c7_2f8b52efbb3e 0 2 {"key11753994600051": "value-2"}
2025-07-31 20:43:21,739 INFO  [io.api.tes.ser.api.KafkaSerdesTester] (Thread-654) topic-e1e2a342_3836_4bc1_92c7_2f8b52efbb3e 0 3 {"key11753994600051": "value-3"}
2025-07-31 20:43:21,739 INFO  [io.api.tes.ser.api.KafkaSerdesTester] (Thread-654) topic-e1e2a342_3836_4bc1_92c7_2f8b52efbb3e 0 4 {"key11753994600051": "value-4"}
2025-07-31 20:43:21,739 INFO  [io.api.tes.ser.api.KafkaSerdesTester] (Thread-654) topic-e1e2a342_3836_4bc1_92c7_2f8b52efbb3e 0 5 {"key11753994600051": "value-5"}
2025-07-31 20:43:21,739 INFO  [io.api.tes.ser.api.KafkaSerdesTester] (Thread-654) topic-e1e2a342_3836_4bc1_92c7_2f8b52efbb3e 0 6 {"key11753994600051": "value-6"}
2025-07-31 20:43:21,739 INFO  [io.api.tes.ser.api.KafkaSerdesTester] (Thread-654) topic-e1e2a342_3836_4bc1_92c7_2f8b52efbb3e 0 7 {"key11753994600051": "value-7"}
2025-07-31 20:43:21,739 INFO  [io.api.tes.ser.api.KafkaSerdesTester] (Thread-654) topic-e1e2a342_3836_4bc1_92c7_2f8b52efbb3e 0 8 {"key11753994600051": "value-8"}
2025-07-31 20:43:21,739 INFO  [io.api.tes.ser.api.KafkaSerdesTester] (Thread-654) topic-e1e2a342_3836_4bc1_92c7_2f8b52efbb3e 0 9 {"key11753994600051": "value-9"}
2025-07-31 20:43:21,739 INFO  [io.api.tes.ser.api.KafkaSerdesTester] (Thread-654) Consumed 10 messages
2025-07-31 20:43:21,740 INFO  [io.api.tes.ser.api.AvroSerdeIT] (main) Registering Avro Schema 2: {"type":"record","name":"sf111bfc0xf82bx4248x8eebx74431479ba42","namespace":"ns_9e80c884_393b_497d_a77f_e516a03916de","fields":[{"name":"key11753994600051","type":"string"},{"name":"key21753994601739","type":"string"}]}
2025-07-31 20:43:22,946 INFO  [io.api.tes.ser.api.KafkaSerdesTester] (Thread-655) Sending message {"key11753994600051": "value-0", "key21753994601739": "value-0"} to topic topic-e1e2a342_3836_4bc1_92c7_2f8b52efbb3e
2025-07-31 20:43:22,947 INFO  [DefaultSchemaResolver] (Thread-655) Retrieving schema content using string: {"type":"record","name":"sf111bfc0xf82bx4248x8eebx74431479ba42","namespace":"ns_9e80c884_393b_497d_a77f_e516a03916de","fields":[{"name":"key11753994600051","type":"string"},{"name":"key21753994601739","type":"string"}]}
2025-07-31 20:43:23,030 INFO  [io.api.tes.ser.api.KafkaSerdesTester] (Thread-655) Sending message {"key11753994600051": "value-1", "key21753994601739": "value-1"} to topic topic-e1e2a342_3836_4bc1_92c7_2f8b52efbb3e
2025-07-31 20:43:23,033 INFO  [io.api.tes.ser.api.KafkaSerdesTester] (Thread-655) Sending message {"key11753994600051": "value-2", "key21753994601739": "value-2"} to topic topic-e1e2a342_3836_4bc1_92c7_2f8b52efbb3e
2025-07-31 20:43:23,034 INFO  [io.api.tes.ser.api.KafkaSerdesTester] (Thread-655) Sending message {"key11753994600051": "value-3", "key21753994601739": "value-3"} to topic topic-e1e2a342_3836_4bc1_92c7_2f8b52efbb3e
2025-07-31 20:43:23,037 INFO  [io.api.tes.ser.api.KafkaSerdesTester] (Thread-655) Sending message {"key11753994600051": "value-4", "key21753994601739": "value-4"} to topic topic-e1e2a342_3836_4bc1_92c7_2f8b52efbb3e
2025-07-31 20:43:23,038 INFO  [io.api.tes.ser.api.KafkaSerdesTester] (Thread-655) Sending message {"key11753994600051": "value-5", "key21753994601739": "value-5"} to topic topic-e1e2a342_3836_4bc1_92c7_2f8b52efbb3e
2025-07-31 20:43:23,041 INFO  [io.api.tes.ser.api.KafkaSerdesTester] (Thread-655) Sending message {"key11753994600051": "value-6", "key21753994601739": "value-6"} to topic topic-e1e2a342_3836_4bc1_92c7_2f8b52efbb3e
2025-07-31 20:43:23,044 INFO  [io.api.tes.ser.api.KafkaSerdesTester] (Thread-655) Sending message {"key11753994600051": "value-7", "key21753994601739": "value-7"} to topic topic-e1e2a342_3836_4bc1_92c7_2f8b52efbb3e
2025-07-31 20:43:23,045 INFO  [io.api.tes.ser.api.KafkaSerdesTester] (Thread-655) Sending message {"key11753994600051": "value-8", "key21753994601739": "value-8"} to topic topic-e1e2a342_3836_4bc1_92c7_2f8b52efbb3e
2025-07-31 20:43:23,047 INFO  [io.api.tes.ser.api.KafkaSerdesTester] (Thread-655) Sending message {"key11753994600051": "value-9", "key21753994601739": "value-9"} to topic topic-e1e2a342_3836_4bc1_92c7_2f8b52efbb3e
2025-07-31 20:43:23,050 INFO  [io.api.tes.ser.api.KafkaSerdesTester] (Thread-655) Produced 10 messages
2025-07-31 20:43:23,050 INFO  [io.api.tes.ser.api.KafkaSerdesTester] (Thread-656) Sending message {"key11753994600051": "value-0"} to topic topic-e1e2a342_3836_4bc1_92c7_2f8b52efbb3e
2025-07-31 20:43:23,052 INFO  [io.api.tes.ser.api.KafkaSerdesTester] (Thread-656) Sending message {"key11753994600051": "value-1"} to topic topic-e1e2a342_3836_4bc1_92c7_2f8b52efbb3e
2025-07-31 20:43:23,053 INFO  [io.api.tes.ser.api.KafkaSerdesTester] (Thread-656) Sending message {"key11753994600051": "value-2"} to topic topic-e1e2a342_3836_4bc1_92c7_2f8b52efbb3e
2025-07-31 20:43:23,056 INFO  [io.api.tes.ser.api.KafkaSerdesTester] (Thread-656) Sending message {"key11753994600051": "value-3"} to topic topic-e1e2a342_3836_4bc1_92c7_2f8b52efbb3e
2025-07-31 20:43:23,057 INFO  [io.api.tes.ser.api.KafkaSerdesTester] (Thread-656) Sending message {"key11753994600051": "value-4"} to topic topic-e1e2a342_3836_4bc1_92c7_2f8b52efbb3e
2025-07-31 20:43:23,059 INFO  [io.api.tes.ser.api.KafkaSerdesTester] (Thread-656) Sending message {"key11753994600051": "value-5"} to topic topic-e1e2a342_3836_4bc1_92c7_2f8b52efbb3e
2025-07-31 20:43:23,061 INFO  [io.api.tes.ser.api.KafkaSerdesTester] (Thread-656) Sending message {"key11753994600051": "value-6"} to topic topic-e1e2a342_3836_4bc1_92c7_2f8b52efbb3e
2025-07-31 20:43:23,063 INFO  [io.api.tes.ser.api.KafkaSerdesTester] (Thread-656) Sending message {"key11753994600051": "value-7"} to topic topic-e1e2a342_3836_4bc1_92c7_2f8b52efbb3e
2025-07-31 20:43:23,065 INFO  [io.api.tes.ser.api.KafkaSerdesTester] (Thread-656) Sending message {"key11753994600051": "value-8"} to topic topic-e1e2a342_3836_4bc1_92c7_2f8b52efbb3e
2025-07-31 20:43:23,066 INFO  [io.api.tes.ser.api.KafkaSerdesTester] (Thread-656) Sending message {"key11753994600051": "value-9"} to topic topic-e1e2a342_3836_4bc1_92c7_2f8b52efbb3e
2025-07-31 20:43:23,068 INFO  [io.api.tes.ser.api.KafkaSerdesTester] (Thread-656) Produced 10 messages
2025-07-31 20:43:23,071 INFO  [org.apa.kaf.cli.con.int.ClassicKafkaConsumer] (Thread-657) [Consumer clientId=consumer-Consumer-topic-e1e2a342_3836_4bc1_92c7_2f8b52efbb3e-9, groupId=Consumer-topic-e1e2a342_3836_4bc1_92c7_2f8b52efbb3e] Subscribed to topic(s): topic-e1e2a342_3836_4bc1_92c7_2f8b52efbb3e
2025-07-31 20:43:23,241 INFO  [io.api.tes.ser.api.KafkaSerdesTester] (Thread-657) topic-e1e2a342_3836_4bc1_92c7_2f8b52efbb3e 0 10 {"key11753994600051": "value-0", "key21753994601739": "value-0"}
2025-07-31 20:43:23,241 INFO  [io.api.tes.ser.api.KafkaSerdesTester] (Thread-657) topic-e1e2a342_3836_4bc1_92c7_2f8b52efbb3e 0 11 {"key11753994600051": "value-1", "key21753994601739": "value-1"}
2025-07-31 20:43:23,241 INFO  [io.api.tes.ser.api.KafkaSerdesTester] (Thread-657) topic-e1e2a342_3836_4bc1_92c7_2f8b52efbb3e 0 12 {"key11753994600051": "value-2", "key21753994601739": "value-2"}
2025-07-31 20:43:23,241 INFO  [io.api.tes.ser.api.KafkaSerdesTester] (Thread-657) topic-e1e2a342_3836_4bc1_92c7_2f8b52efbb3e 0 13 {"key11753994600051": "value-3", "key21753994601739": "value-3"}
2025-07-31 20:43:23,241 INFO  [io.api.tes.ser.api.KafkaSerdesTester] (Thread-657) topic-e1e2a342_3836_4bc1_92c7_2f8b52efbb3e 0 14 {"key11753994600051": "value-4", "key21753994601739": "value-4"}
2025-07-31 20:43:23,241 INFO  [io.api.tes.ser.api.KafkaSerdesTester] (Thread-657) topic-e1e2a342_3836_4bc1_92c7_2f8b52efbb3e 0 15 {"key11753994600051": "value-5", "key21753994601739": "value-5"}
2025-07-31 20:43:23,241 INFO  [io.api.tes.ser.api.KafkaSerdesTester] (Thread-657) topic-e1e2a342_3836_4bc1_92c7_2f8b52efbb3e 0 16 {"key11753994600051": "value-6", "key21753994601739": "value-6"}
2025-07-31 20:43:23,241 INFO  [io.api.tes.ser.api.KafkaSerdesTester] (Thread-657) topic-e1e2a342_3836_4bc1_92c7_2f8b52efbb3e 0 17 {"key11753994600051": "value-7", "key21753994601739": "value-7"}
2025-07-31 20:43:23,241 INFO  [io.api.tes.ser.api.KafkaSerdesTester] (Thread-657) topic-e1e2a342_3836_4bc1_92c7_2f8b52efbb3e 0 18 {"key11753994600051": "value-8", "key21753994601739": "value-8"}
2025-07-31 20:43:23,241 INFO  [io.api.tes.ser.api.KafkaSerdesTester] (Thread-657) topic-e1e2a342_3836_4bc1_92c7_2f8b52efbb3e 0 19 {"key11753994600051": "value-9", "key21753994601739": "value-9"}
2025-07-31 20:43:23,242 INFO  [io.api.tes.ser.api.KafkaSerdesTester] (Thread-657) topic-e1e2a342_3836_4bc1_92c7_2f8b52efbb3e 0 20 {"key11753994600051": "value-0"}
2025-07-31 20:43:23,242 INFO  [io.api.tes.ser.api.KafkaSerdesTester] (Thread-657) topic-e1e2a342_3836_4bc1_92c7_2f8b52efbb3e 0 21 {"key11753994600051": "value-1"}
2025-07-31 20:43:23,242 INFO  [io.api.tes.ser.api.KafkaSerdesTester] (Thread-657) topic-e1e2a342_3836_4bc1_92c7_2f8b52efbb3e 0 22 {"key11753994600051": "value-2"}
2025-07-31 20:43:23,243 INFO  [io.api.tes.ser.api.KafkaSerdesTester] (Thread-657) topic-e1e2a342_3836_4bc1_92c7_2f8b52efbb3e 0 23 {"key11753994600051": "value-3"}
2025-07-31 20:43:23,243 INFO  [io.api.tes.ser.api.KafkaSerdesTester] (Thread-657) topic-e1e2a342_3836_4bc1_92c7_2f8b52efbb3e 0 24 {"key11753994600051": "value-4"}
2025-07-31 20:43:23,243 INFO  [io.api.tes.ser.api.KafkaSerdesTester] (Thread-657) topic-e1e2a342_3836_4bc1_92c7_2f8b52efbb3e 0 25 {"key11753994600051": "value-5"}
2025-07-31 20:43:23,243 INFO  [io.api.tes.ser.api.KafkaSerdesTester] (Thread-657) topic-e1e2a342_3836_4bc1_92c7_2f8b52efbb3e 0 26 {"key11753994600051": "value-6"}
2025-07-31 20:43:23,243 INFO  [io.api.tes.ser.api.KafkaSerdesTester] (Thread-657) topic-e1e2a342_3836_4bc1_92c7_2f8b52efbb3e 0 27 {"key11753994600051": "value-7"}
2025-07-31 20:43:23,243 INFO  [io.api.tes.ser.api.KafkaSerdesTester] (Thread-657) topic-e1e2a342_3836_4bc1_92c7_2f8b52efbb3e 0 28 {"key11753994600051": "value-8"}
2025-07-31 20:43:23,243 INFO  [io.api.tes.ser.api.KafkaSerdesTester] (Thread-657) topic-e1e2a342_3836_4bc1_92c7_2f8b52efbb3e 0 29 {"key11753994600051": "value-9"}
2025-07-31 20:43:23,243 INFO  [io.api.tes.ser.api.KafkaSerdesTester] (Thread-657) Consumed 20 messages
2025-07-31 20:43:23,244 INFO  [io.api.tes.ser.api.AvroSerdeIT] (main) Registering Avro Schema 3: {"type":"record","name":"sf111bfc0xf82bx4248x8eebx74431479ba42","namespace":"ns_9e80c884_393b_497d_a77f_e516a03916de","fields":[{"name":"key11753994600051","type":"string"},{"name":"key21753994601739","type":"string"},{"name":"key31753994603243","type":"string"}]}
2025-07-31 20:43:24,430 INFO  [io.api.tes.ser.api.KafkaSerdesTester] (Thread-658) Sending message {"key11753994600051": "value-0", "key21753994601739": "value-0", "key31753994603243": "value-0"} to topic topic-e1e2a342_3836_4bc1_92c7_2f8b52efbb3e
2025-07-31 20:43:24,430 INFO  [DefaultSchemaResolver] (Thread-658) Retrieving schema content using string: {"type":"record","name":"sf111bfc0xf82bx4248x8eebx74431479ba42","namespace":"ns_9e80c884_393b_497d_a77f_e516a03916de","fields":[{"name":"key11753994600051","type":"string"},{"name":"key21753994601739","type":"string"},{"name":"key31753994603243","type":"string"}]}
2025-07-31 20:43:24,511 INFO  [io.api.tes.ser.api.KafkaSerdesTester] (Thread-658) Sending message {"key11753994600051": "value-1", "key21753994601739": "value-1", "key31753994603243": "value-1"} to topic topic-e1e2a342_3836_4bc1_92c7_2f8b52efbb3e
2025-07-31 20:43:24,513 INFO  [io.api.tes.ser.api.KafkaSerdesTester] (Thread-658) Sending message {"key11753994600051": "value-2", "key21753994601739": "value-2", "key31753994603243": "value-2"} to topic topic-e1e2a342_3836_4bc1_92c7_2f8b52efbb3e
2025-07-31 20:43:24,514 INFO  [io.api.tes.ser.api.KafkaSerdesTester] (Thread-658) Sending message {"key11753994600051": "value-3", "key21753994601739": "value-3", "key31753994603243": "value-3"} to topic topic-e1e2a342_3836_4bc1_92c7_2f8b52efbb3e
2025-07-31 20:43:24,516 INFO  [io.api.tes.ser.api.KafkaSerdesTester] (Thread-658) Sending message {"key11753994600051": "value-4", "key21753994601739": "value-4", "key31753994603243": "value-4"} to topic topic-e1e2a342_3836_4bc1_92c7_2f8b52efbb3e
2025-07-31 20:43:24,518 INFO  [io.api.tes.ser.api.KafkaSerdesTester] (Thread-658) Sending message {"key11753994600051": "value-5", "key21753994601739": "value-5", "key31753994603243": "value-5"} to topic topic-e1e2a342_3836_4bc1_92c7_2f8b52efbb3e
2025-07-31 20:43:24,519 INFO  [io.api.tes.ser.api.KafkaSerdesTester] (Thread-658) Sending message {"key11753994600051": "value-6", "key21753994601739": "value-6", "key31753994603243": "value-6"} to topic topic-e1e2a342_3836_4bc1_92c7_2f8b52efbb3e
2025-07-31 20:43:24,520 INFO  [io.api.tes.ser.api.KafkaSerdesTester] (Thread-658) Sending message {"key11753994600051": "value-7", "key21753994601739": "value-7", "key31753994603243": "value-7"} to topic topic-e1e2a342_3836_4bc1_92c7_2f8b52efbb3e
2025-07-31 20:43:24,523 INFO  [io.api.tes.ser.api.KafkaSerdesTester] (Thread-658) Sending message {"key11753994600051": "value-8", "key21753994601739": "value-8", "key31753994603243": "value-8"} to topic topic-e1e2a342_3836_4bc1_92c7_2f8b52efbb3e
2025-07-31 20:43:24,525 INFO  [io.api.tes.ser.api.KafkaSerdesTester] (Thread-658) Sending message {"key11753994600051": "value-9", "key21753994601739": "value-9", "key31753994603243": "value-9"} to topic topic-e1e2a342_3836_4bc1_92c7_2f8b52efbb3e
2025-07-31 20:43:24,526 INFO  [io.api.tes.ser.api.KafkaSerdesTester] (Thread-658) Produced 10 messages
2025-07-31 20:43:24,527 INFO  [io.api.tes.ser.api.KafkaSerdesTester] (Thread-659) Sending message {"key11753994600051": "value-0", "key21753994601739": "value-0"} to topic topic-e1e2a342_3836_4bc1_92c7_2f8b52efbb3e
2025-07-31 20:43:24,529 INFO  [io.api.tes.ser.api.KafkaSerdesTester] (Thread-659) Sending message {"key11753994600051": "value-1", "key21753994601739": "value-1"} to topic topic-e1e2a342_3836_4bc1_92c7_2f8b52efbb3e
2025-07-31 20:43:24,530 INFO  [io.api.tes.ser.api.KafkaSerdesTester] (Thread-659) Sending message {"key11753994600051": "value-2", "key21753994601739": "value-2"} to topic topic-e1e2a342_3836_4bc1_92c7_2f8b52efbb3e
2025-07-31 20:43:24,532 INFO  [io.api.tes.ser.api.KafkaSerdesTester] (Thread-659) Sending message {"key11753994600051": "value-3", "key21753994601739": "value-3"} to topic topic-e1e2a342_3836_4bc1_92c7_2f8b52efbb3e
2025-07-31 20:43:24,533 INFO  [io.api.tes.ser.api.KafkaSerdesTester] (Thread-659) Sending message {"key11753994600051": "value-4", "key21753994601739": "value-4"} to topic topic-e1e2a342_3836_4bc1_92c7_2f8b52efbb3e
2025-07-31 20:43:24,534 INFO  [io.api.tes.ser.api.KafkaSerdesTester] (Thread-659) Sending message {"key11753994600051": "value-5", "key21753994601739": "value-5"} to topic topic-e1e2a342_3836_4bc1_92c7_2f8b52efbb3e
2025-07-31 20:43:24,536 INFO  [io.api.tes.ser.api.KafkaSerdesTester] (Thread-659) Sending message {"key11753994600051": "value-6", "key21753994601739": "value-6"} to topic topic-e1e2a342_3836_4bc1_92c7_2f8b52efbb3e
2025-07-31 20:43:24,537 INFO  [io.api.tes.ser.api.KafkaSerdesTester] (Thread-659) Sending message {"key11753994600051": "value-7", "key21753994601739": "value-7"} to topic topic-e1e2a342_3836_4bc1_92c7_2f8b52efbb3e
2025-07-31 20:43:24,540 INFO  [io.api.tes.ser.api.KafkaSerdesTester] (Thread-659) Sending message {"key11753994600051": "value-8", "key21753994601739": "value-8"} to topic topic-e1e2a342_3836_4bc1_92c7_2f8b52efbb3e
2025-07-31 20:43:24,543 INFO  [io.api.tes.ser.api.KafkaSerdesTester] (Thread-659) Sending message {"key11753994600051": "value-9", "key21753994601739": "value-9"} to topic topic-e1e2a342_3836_4bc1_92c7_2f8b52efbb3e
2025-07-31 20:43:24,544 INFO  [io.api.tes.ser.api.KafkaSerdesTester] (Thread-659) Produced 10 messages
2025-07-31 20:43:24,545 INFO  [io.api.tes.ser.api.KafkaSerdesTester] (Thread-660) Sending message {"key11753994600051": "value-0"} to topic topic-e1e2a342_3836_4bc1_92c7_2f8b52efbb3e
2025-07-31 20:43:24,546 INFO  [io.api.tes.ser.api.KafkaSerdesTester] (Thread-660) Sending message {"key11753994600051": "value-1"} to topic topic-e1e2a342_3836_4bc1_92c7_2f8b52efbb3e
2025-07-31 20:43:24,548 INFO  [io.api.tes.ser.api.KafkaSerdesTester] (Thread-660) Sending message {"key11753994600051": "value-2"} to topic topic-e1e2a342_3836_4bc1_92c7_2f8b52efbb3e
2025-07-31 20:43:24,550 INFO  [io.api.tes.ser.api.KafkaSerdesTester] (Thread-660) Sending message {"key11753994600051": "value-3"} to topic topic-e1e2a342_3836_4bc1_92c7_2f8b52efbb3e
2025-07-31 20:43:24,552 INFO  [io.api.tes.ser.api.KafkaSerdesTester] (Thread-660) Sending message {"key11753994600051": "value-4"} to topic topic-e1e2a342_3836_4bc1_92c7_2f8b52efbb3e
2025-07-31 20:43:24,553 INFO  [io.api.tes.ser.api.KafkaSerdesTester] (Thread-660) Sending message {"key11753994600051": "value-5"} to topic topic-e1e2a342_3836_4bc1_92c7_2f8b52efbb3e
2025-07-31 20:43:24,555 INFO  [io.api.tes.ser.api.KafkaSerdesTester] (Thread-660) Sending message {"key11753994600051": "value-6"} to topic topic-e1e2a342_3836_4bc1_92c7_2f8b52efbb3e
2025-07-31 20:43:24,557 INFO  [io.api.tes.ser.api.KafkaSerdesTester] (Thread-660) Sending message {"key11753994600051": "value-7"} to topic topic-e1e2a342_3836_4bc1_92c7_2f8b52efbb3e
2025-07-31 20:43:24,559 INFO  [io.api.tes.ser.api.KafkaSerdesTester] (Thread-660) Sending message {"key11753994600051": "value-8"} to topic topic-e1e2a342_3836_4bc1_92c7_2f8b52efbb3e
2025-07-31 20:43:24,562 INFO  [io.api.tes.ser.api.KafkaSerdesTester] (Thread-660) Sending message {"key11753994600051": "value-9"} to topic topic-e1e2a342_3836_4bc1_92c7_2f8b52efbb3e
2025-07-31 20:43:24,565 INFO  [io.api.tes.ser.api.KafkaSerdesTester] (Thread-660) Produced 10 messages
2025-07-31 20:43:24,567 INFO  [org.apa.kaf.cli.con.int.ClassicKafkaConsumer] (Thread-661) [Consumer clientId=consumer-Consumer-topic-e1e2a342_3836_4bc1_92c7_2f8b52efbb3e-9, groupId=Consumer-topic-e1e2a342_3836_4bc1_92c7_2f8b52efbb3e] Subscribed to topic(s): topic-e1e2a342_3836_4bc1_92c7_2f8b52efbb3e
2025-07-31 20:43:24,734 INFO  [io.api.tes.ser.api.KafkaSerdesTester] (Thread-661) topic-e1e2a342_3836_4bc1_92c7_2f8b52efbb3e 0 30 {"key11753994600051": "value-0", "key21753994601739": "value-0", "key31753994603243": "value-0"}
2025-07-31 20:43:24,734 INFO  [io.api.tes.ser.api.KafkaSerdesTester] (Thread-661) topic-e1e2a342_3836_4bc1_92c7_2f8b52efbb3e 0 31 {"key11753994600051": "value-1", "key21753994601739": "value-1", "key31753994603243": "value-1"}
2025-07-31 20:43:24,734 INFO  [io.api.tes.ser.api.KafkaSerdesTester] (Thread-661) topic-e1e2a342_3836_4bc1_92c7_2f8b52efbb3e 0 32 {"key11753994600051": "value-2", "key21753994601739": "value-2", "key31753994603243": "value-2"}
2025-07-31 20:43:24,734 INFO  [io.api.tes.ser.api.KafkaSerdesTester] (Thread-661) topic-e1e2a342_3836_4bc1_92c7_2f8b52efbb3e 0 33 {"key11753994600051": "value-3", "key21753994601739": "value-3", "key31753994603243": "value-3"}
2025-07-31 20:43:24,734 INFO  [io.api.tes.ser.api.KafkaSerdesTester] (Thread-661) topic-e1e2a342_3836_4bc1_92c7_2f8b52efbb3e 0 34 {"key11753994600051": "value-4", "key21753994601739": "value-4", "key31753994603243": "value-4"}
2025-07-31 20:43:24,734 INFO  [io.api.tes.ser.api.KafkaSerdesTester] (Thread-661) topic-e1e2a342_3836_4bc1_92c7_2f8b52efbb3e 0 35 {"key11753994600051": "value-5", "key21753994601739": "value-5", "key31753994603243": "value-5"}
2025-07-31 20:43:24,734 INFO  [io.api.tes.ser.api.KafkaSerdesTester] (Thread-661) topic-e1e2a342_3836_4bc1_92c7_2f8b52efbb3e 0 36 {"key11753994600051": "value-6", "key21753994601739": "value-6", "key31753994603243": "value-6"}
2025-07-31 20:43:24,734 INFO  [io.api.tes.ser.api.KafkaSerdesTester] (Thread-661) topic-e1e2a342_3836_4bc1_92c7_2f8b52efbb3e 0 37 {"key11753994600051": "value-7", "key21753994601739": "value-7", "key31753994603243": "value-7"}
2025-07-31 20:43:24,734 INFO  [io.api.tes.ser.api.KafkaSerdesTester] (Thread-661) topic-e1e2a342_3836_4bc1_92c7_2f8b52efbb3e 0 38 {"key11753994600051": "value-8", "key21753994601739": "value-8", "key31753994603243": "value-8"}
2025-07-31 20:43:24,735 INFO  [io.api.tes.ser.api.KafkaSerdesTester] (Thread-661) topic-e1e2a342_3836_4bc1_92c7_2f8b52efbb3e 0 39 {"key11753994600051": "value-9", "key21753994601739": "value-9", "key31753994603243": "value-9"}
2025-07-31 20:43:24,735 INFO  [io.api.tes.ser.api.KafkaSerdesTester] (Thread-661) topic-e1e2a342_3836_4bc1_92c7_2f8b52efbb3e 0 40 {"key11753994600051": "value-0", "key21753994601739": "value-0"}
2025-07-31 20:43:24,735 INFO  [io.api.tes.ser.api.KafkaSerdesTester] (Thread-661) topic-e1e2a342_3836_4bc1_92c7_2f8b52efbb3e 0 41 {"key11753994600051": "value-1", "key21753994601739": "value-1"}
2025-07-31 20:43:24,735 INFO  [io.api.tes.ser.api.KafkaSerdesTester] (Thread-661) topic-e1e2a342_3836_4bc1_92c7_2f8b52efbb3e 0 42 {"key11753994600051": "value-2", "key21753994601739": "value-2"}
2025-07-31 20:43:24,735 INFO  [io.api.tes.ser.api.KafkaSerdesTester] (Thread-661) topic-e1e2a342_3836_4bc1_92c7_2f8b52efbb3e 0 43 {"key11753994600051": "value-3", "key21753994601739": "value-3"}
2025-07-31 20:43:24,735 INFO  [io.api.tes.ser.api.KafkaSerdesTester] (Thread-661) topic-e1e2a342_3836_4bc1_92c7_2f8b52efbb3e 0 44 {"key11753994600051": "value-4", "key21753994601739": "value-4"}
2025-07-31 20:43:24,735 INFO  [io.api.tes.ser.api.KafkaSerdesTester] (Thread-661) topic-e1e2a342_3836_4bc1_92c7_2f8b52efbb3e 0 45 {"key11753994600051": "value-5", "key21753994601739": "value-5"}
2025-07-31 20:43:24,735 INFO  [io.api.tes.ser.api.KafkaSerdesTester] (Thread-661) topic-e1e2a342_3836_4bc1_92c7_2f8b52efbb3e 0 46 {"key11753994600051": "value-6", "key21753994601739": "value-6"}
2025-07-31 20:43:24,735 INFO  [io.api.tes.ser.api.KafkaSerdesTester] (Thread-661) topic-e1e2a342_3836_4bc1_92c7_2f8b52efbb3e 0 47 {"key11753994600051": "value-7", "key21753994601739": "value-7"}
2025-07-31 20:43:24,735 INFO  [io.api.tes.ser.api.KafkaSerdesTester] (Thread-661) topic-e1e2a342_3836_4bc1_92c7_2f8b52efbb3e 0 48 {"key11753994600051": "value-8", "key21753994601739": "value-8"}
2025-07-31 20:43:24,735 INFO  [io.api.tes.ser.api.KafkaSerdesTester] (Thread-661) topic-e1e2a342_3836_4bc1_92c7_2f8b52efbb3e 0 49 {"key11753994600051": "value-9", "key21753994601739": "value-9"}
2025-07-31 20:43:24,735 INFO  [io.api.tes.ser.api.KafkaSerdesTester] (Thread-661) topic-e1e2a342_3836_4bc1_92c7_2f8b52efbb3e 0 50 {"key11753994600051": "value-0"}
2025-07-31 20:43:24,735 INFO  [io.api.tes.ser.api.KafkaSerdesTester] (Thread-661) topic-e1e2a342_3836_4bc1_92c7_2f8b52efbb3e 0 51 {"key11753994600051": "value-1"}
2025-07-31 20:43:24,735 INFO  [io.api.tes.ser.api.KafkaSerdesTester] (Thread-661) topic-e1e2a342_3836_4bc1_92c7_2f8b52efbb3e 0 52 {"key11753994600051": "value-2"}
2025-07-31 20:43:24,735 INFO  [io.api.tes.ser.api.KafkaSerdesTester] (Thread-661) topic-e1e2a342_3836_4bc1_92c7_2f8b52efbb3e 0 53 {"key11753994600051": "value-3"}
2025-07-31 20:43:24,735 INFO  [io.api.tes.ser.api.KafkaSerdesTester] (Thread-661) topic-e1e2a342_3836_4bc1_92c7_2f8b52efbb3e 0 54 {"key11753994600051": "value-4"}
2025-07-31 20:43:24,735 INFO  [io.api.tes.ser.api.KafkaSerdesTester] (Thread-661) topic-e1e2a342_3836_4bc1_92c7_2f8b52efbb3e 0 55 {"key11753994600051": "value-5"}
2025-07-31 20:43:24,735 INFO  [io.api.tes.ser.api.KafkaSerdesTester] (Thread-661) topic-e1e2a342_3836_4bc1_92c7_2f8b52efbb3e 0 56 {"key11753994600051": "value-6"}
2025-07-31 20:43:24,735 INFO  [io.api.tes.ser.api.KafkaSerdesTester] (Thread-661) topic-e1e2a342_3836_4bc1_92c7_2f8b52efbb3e 0 57 {"key11753994600051": "value-7"}
2025-07-31 20:43:24,736 INFO  [io.api.tes.ser.api.KafkaSerdesTester] (Thread-661) topic-e1e2a342_3836_4bc1_92c7_2f8b52efbb3e 0 58 {"key11753994600051": "value-8"}
2025-07-31 20:43:24,736 INFO  [io.api.tes.ser.api.KafkaSerdesTester] (Thread-661) topic-e1e2a342_3836_4bc1_92c7_2f8b52efbb3e 0 59 {"key11753994600051": "value-9"}
2025-07-31 20:43:24,736 INFO  [io.api.tes.ser.api.KafkaSerdesTester] (Thread-661) Consumed 30 messages
2025-07-31 20:43:24,736 INFO  [org.apa.kaf.cli.pro.KafkaProducer] (main) [Producer clientId=Producer-topic-e1e2a342_3836_4bc1_92c7_2f8b52efbb3e] Closing the Kafka producer with timeoutMillis = 9223372036854775807 ms.
2025-07-31 20:43:24,739 INFO  [org.apa.kaf.com.met.Metrics] (main) Metrics scheduler closed
2025-07-31 20:43:24,739 INFO  [org.apa.kaf.com.met.Metrics] (main) Closing reporter org.apache.kafka.common.metrics.JmxReporter
2025-07-31 20:43:24,739 INFO  [org.apa.kaf.com.met.Metrics] (main) Closing reporter org.apache.kafka.common.telemetry.internals.ClientTelemetryReporter
2025-07-31 20:43:24,739 INFO  [org.apa.kaf.com.met.Metrics] (main) Metrics reporters closed
2025-07-31 20:43:24,739 INFO  [org.apa.kaf.com.uti.AppInfoParser] (main) App info kafka.producer for Producer-topic-e1e2a342_3836_4bc1_92c7_2f8b52efbb3e unregistered
2025-07-31 20:43:24,744 INFO  [org.apa.kaf.cli.con.int.ConsumerRebalanceListenerInvoker] (main) [Consumer clientId=consumer-Consumer-topic-e1e2a342_3836_4bc1_92c7_2f8b52efbb3e-9, groupId=Consumer-topic-e1e2a342_3836_4bc1_92c7_2f8b52efbb3e] Revoke previously assigned partitions topic-e1e2a342_3836_4bc1_92c7_2f8b52efbb3e-0
2025-07-31 20:43:24,744 INFO  [org.apa.kaf.cli.con.int.ConsumerCoordinator] (main) [Consumer clientId=consumer-Consumer-topic-e1e2a342_3836_4bc1_92c7_2f8b52efbb3e-9, groupId=Consumer-topic-e1e2a342_3836_4bc1_92c7_2f8b52efbb3e] Member consumer-Consumer-topic-e1e2a342_3836_4bc1_92c7_2f8b52efbb3e-9-a55d47bc-5076-47fb-a69e-5fd11ce993f1 sending LeaveGroup request to coordinator localhost:32770 (id: 2147483647 rack: null) due to the consumer is being closed
2025-07-31 20:43:24,745 INFO  [org.apa.kaf.cli.con.int.ConsumerCoordinator] (main) [Consumer clientId=consumer-Consumer-topic-e1e2a342_3836_4bc1_92c7_2f8b52efbb3e-9, groupId=Consumer-topic-e1e2a342_3836_4bc1_92c7_2f8b52efbb3e] Resetting generation and member id due to: consumer pro-actively leaving the group
2025-07-31 20:43:24,745 INFO  [org.apa.kaf.cli.con.int.ConsumerCoordinator] (main) [Consumer clientId=consumer-Consumer-topic-e1e2a342_3836_4bc1_92c7_2f8b52efbb3e-9, groupId=Consumer-topic-e1e2a342_3836_4bc1_92c7_2f8b52efbb3e] Request joining group due to: consumer pro-actively leaving the group
2025-07-31 20:43:25,237 INFO  [org.apa.kaf.com.met.Metrics] (main) Metrics scheduler closed
2025-07-31 20:43:25,237 INFO  [org.apa.kaf.com.met.Metrics] (main) Closing reporter org.apache.kafka.common.metrics.JmxReporter
2025-07-31 20:43:25,237 INFO  [org.apa.kaf.com.met.Metrics] (main) Closing reporter org.apache.kafka.common.telemetry.internals.ClientTelemetryReporter
2025-07-31 20:43:25,237 INFO  [org.apa.kaf.com.met.Metrics] (main) Metrics reporters closed
2025-07-31 20:43:25,240 INFO  [org.apa.kaf.com.uti.AppInfoParser] (main) App info kafka.consumer for consumer-Consumer-topic-e1e2a342_3836_4bc1_92c7_2f8b52efbb3e-9 unregistered
2025-07-31 20:43:25,240 INFO  [io.api.tes.uti.TestSeparator] (main) io.apicurio.tests.serdes.apicurio.AvroSerdeIT.testEvolveAvroApicurioReusingClient-FINISHED
2025-07-31 20:43:25,241 INFO  [io.api.tes.uti.TestSeparator] (main) ############################################################################
Test passed: testEvolveAvroApicurioReusingClient
]]></system-out>
  </testcase>
  <testcase name="testProducerUsesDefaultConsumerUsesGlobalId" classname="io.apicurio.tests.serdes.apicurio.AvroSerdeIT" time="0.0">
    <skipped message="void io.apicurio.tests.serdes.apicurio.AvroSerdeIT.testProducerUsesDefaultConsumerUsesGlobalId() throws java.lang.Exception is @Disabled"/>
  </testcase>
  <testcase name="testEvolveAvroApicurio" classname="io.apicurio.tests.serdes.apicurio.AvroSerdeIT" time="7.607">
    <system-out><![CDATA[2025-07-31 20:43:25,246 INFO  [io.api.tes.uti.TestSeparator] (main) ############################################################################
2025-07-31 20:43:25,246 INFO  [io.api.tes.uti.TestSeparator] (main) io.apicurio.tests.serdes.apicurio.AvroSerdeIT.testEvolveAvroApicurio-STARTED
2025-07-31 20:43:25,249 INFO  [io.api.tes.ser.api.AvroSerdeIT] (main) Registering Avro Schema: {"type":"record","name":"sd4b51744xdc65x4eacxbdfax095d3b32301f","namespace":"ns_e9d8ce5d_5878_4320_b316_43c5a1d21579","fields":[{"name":"key11753994605246","type":"string"}]}
**** Registry Base URL: http://registry-app-mysql.apps.ci419.apicurio-testing.org:80
2025-07-31 20:43:26,434 INFO  [org.apa.kaf.cli.pro.ProducerConfig] (main) ProducerConfig values: 
	acks = -1
	auto.include.jmx.reporter = true
	batch.size = 16384
	bootstrap.servers = [PLAINTEXT://localhost:32770]
	buffer.memory = 33554432
	client.dns.lookup = use_all_dns_ips
	client.id = Producer-topic-26efb405_f7d3_45e3_ace6_e3476aa94831
	compression.gzip.level = -1
	compression.lz4.level = 9
	compression.type = none
	compression.zstd.level = 3
	connections.max.idle.ms = 10000
	delivery.timeout.ms = 120000
	enable.idempotence = true
	enable.metrics.push = true
	interceptor.classes = []
	key.serializer = class org.apache.kafka.common.serialization.StringSerializer
	linger.ms = 0
	max.block.ms = 60000
	max.in.flight.requests.per.connection = 5
	max.request.size = 1048576
	metadata.max.age.ms = 300000
	metadata.max.idle.ms = 300000
	metadata.recovery.strategy = none
	metric.reporters = []
	metrics.num.samples = 2
	metrics.recording.level = INFO
	metrics.sample.window.ms = 30000
	partitioner.adaptive.partitioning.enable = true
	partitioner.availability.timeout.ms = 0
	partitioner.class = null
	partitioner.ignore.keys = false
	receive.buffer.bytes = 32768
	reconnect.backoff.max.ms = 1000
	reconnect.backoff.ms = 50
	request.timeout.ms = 5000
	retries = 2147483647
	retry.backoff.max.ms = 1000
	retry.backoff.ms = 100
	sasl.client.callback.handler.class = null
	sasl.jaas.config = null
	sasl.kerberos.kinit.cmd = /usr/bin/kinit
	sasl.kerberos.min.time.before.relogin = 60000
	sasl.kerberos.service.name = null
	sasl.kerberos.ticket.renew.jitter = 0.05
	sasl.kerberos.ticket.renew.window.factor = 0.8
	sasl.login.callback.handler.class = null
	sasl.login.class = null
	sasl.login.connect.timeout.ms = null
	sasl.login.read.timeout.ms = null
	sasl.login.refresh.buffer.seconds = 300
	sasl.login.refresh.min.period.seconds = 60
	sasl.login.refresh.window.factor = 0.8
	sasl.login.refresh.window.jitter = 0.05
	sasl.login.retry.backoff.max.ms = 10000
	sasl.login.retry.backoff.ms = 100
	sasl.mechanism = GSSAPI
	sasl.oauthbearer.clock.skew.seconds = 30
	sasl.oauthbearer.expected.audience = null
	sasl.oauthbearer.expected.issuer = null
	sasl.oauthbearer.header.urlencode = false
	sasl.oauthbearer.jwks.endpoint.refresh.ms = 3600000
	sasl.oauthbearer.jwks.endpoint.retry.backoff.max.ms = 10000
	sasl.oauthbearer.jwks.endpoint.retry.backoff.ms = 100
	sasl.oauthbearer.jwks.endpoint.url = null
	sasl.oauthbearer.scope.claim.name = scope
	sasl.oauthbearer.sub.claim.name = sub
	sasl.oauthbearer.token.endpoint.url = null
	security.protocol = PLAINTEXT
	security.providers = null
	send.buffer.bytes = 131072
	socket.connection.setup.timeout.max.ms = 30000
	socket.connection.setup.timeout.ms = 10000
	ssl.cipher.suites = null
	ssl.enabled.protocols = [TLSv1.2, TLSv1.3]
	ssl.endpoint.identification.algorithm = https
	ssl.engine.factory.class = null
	ssl.key.password = null
	ssl.keymanager.algorithm = SunX509
	ssl.keystore.certificate.chain = null
	ssl.keystore.key = null
	ssl.keystore.location = null
	ssl.keystore.password = null
	ssl.keystore.type = JKS
	ssl.protocol = TLSv1.3
	ssl.provider = null
	ssl.secure.random.implementation = null
	ssl.trustmanager.algorithm = PKIX
	ssl.truststore.certificates = null
	ssl.truststore.location = null
	ssl.truststore.password = null
	ssl.truststore.type = JKS
	transaction.timeout.ms = 60000
	transactional.id = null
	value.serializer = class io.apicurio.registry.serde.avro.AvroKafkaSerializer

2025-07-31 20:43:26,440 INFO  [org.apa.kaf.com.tel.int.KafkaMetricsCollector] (main) initializing Kafka metrics collector
2025-07-31 20:43:26,444 INFO  [org.apa.kaf.cli.pro.KafkaProducer] (main) [Producer clientId=Producer-topic-26efb405_f7d3_45e3_ace6_e3476aa94831] Instantiated an idempotent producer.
2025-07-31 20:43:26,446 INFO  [org.apa.kaf.cli.pro.ProducerConfig] (main) These configurations '[apicurio.registry.url, apicurio.registry.artifact-resolver-strategy]' were supplied but are not used yet.
2025-07-31 20:43:26,446 INFO  [org.apa.kaf.com.uti.AppInfoParser] (main) Kafka version: 3.9.1
2025-07-31 20:43:26,446 INFO  [org.apa.kaf.com.uti.AppInfoParser] (main) Kafka commitId: f745dfdcee2b9851
2025-07-31 20:43:26,446 INFO  [org.apa.kaf.com.uti.AppInfoParser] (main) Kafka startTimeMs: 1753994606446
**** Registry Base URL: http://registry-app-mysql.apps.ci419.apicurio-testing.org:80
2025-07-31 20:43:26,447 INFO  [org.apa.kaf.cli.con.ConsumerConfig] (main) ConsumerConfig values: 
	allow.auto.create.topics = true
	auto.commit.interval.ms = 500
	auto.include.jmx.reporter = true
	auto.offset.reset = earliest
	bootstrap.servers = [PLAINTEXT://localhost:32770]
	check.crcs = true
	client.dns.lookup = use_all_dns_ips
	client.id = consumer-Consumer-topic-26efb405_f7d3_45e3_ace6_e3476aa94831-10
	client.rack = 
	connections.max.idle.ms = 10000
	default.api.timeout.ms = 60000
	enable.auto.commit = true
	enable.metrics.push = true
	exclude.internal.topics = true
	fetch.max.bytes = 52428800
	fetch.max.wait.ms = 500
	fetch.min.bytes = 1
	group.id = Consumer-topic-26efb405_f7d3_45e3_ace6_e3476aa94831
	group.instance.id = null
	group.protocol = classic
	group.remote.assignor = null
	heartbeat.interval.ms = 3000
	interceptor.classes = []
	internal.leave.group.on.close = true
	internal.throw.on.fetch.stable.offset.unsupported = false
	isolation.level = read_uncommitted
	key.deserializer = class org.apache.kafka.common.serialization.StringDeserializer
	max.partition.fetch.bytes = 1048576
	max.poll.interval.ms = 300000
	max.poll.records = 500
	metadata.max.age.ms = 300000
	metadata.recovery.strategy = none
	metric.reporters = []
	metrics.num.samples = 2
	metrics.recording.level = INFO
	metrics.sample.window.ms = 30000
	partition.assignment.strategy = [class org.apache.kafka.clients.consumer.RangeAssignor, class org.apache.kafka.clients.consumer.CooperativeStickyAssignor]
	receive.buffer.bytes = 65536
	reconnect.backoff.max.ms = 1000
	reconnect.backoff.ms = 50
	request.timeout.ms = 5000
	retry.backoff.max.ms = 1000
	retry.backoff.ms = 100
	sasl.client.callback.handler.class = null
	sasl.jaas.config = null
	sasl.kerberos.kinit.cmd = /usr/bin/kinit
	sasl.kerberos.min.time.before.relogin = 60000
	sasl.kerberos.service.name = null
	sasl.kerberos.ticket.renew.jitter = 0.05
	sasl.kerberos.ticket.renew.window.factor = 0.8
	sasl.login.callback.handler.class = null
	sasl.login.class = null
	sasl.login.connect.timeout.ms = null
	sasl.login.read.timeout.ms = null
	sasl.login.refresh.buffer.seconds = 300
	sasl.login.refresh.min.period.seconds = 60
	sasl.login.refresh.window.factor = 0.8
	sasl.login.refresh.window.jitter = 0.05
	sasl.login.retry.backoff.max.ms = 10000
	sasl.login.retry.backoff.ms = 100
	sasl.mechanism = GSSAPI
	sasl.oauthbearer.clock.skew.seconds = 30
	sasl.oauthbearer.expected.audience = null
	sasl.oauthbearer.expected.issuer = null
	sasl.oauthbearer.header.urlencode = false
	sasl.oauthbearer.jwks.endpoint.refresh.ms = 3600000
	sasl.oauthbearer.jwks.endpoint.retry.backoff.max.ms = 10000
	sasl.oauthbearer.jwks.endpoint.retry.backoff.ms = 100
	sasl.oauthbearer.jwks.endpoint.url = null
	sasl.oauthbearer.scope.claim.name = scope
	sasl.oauthbearer.sub.claim.name = sub
	sasl.oauthbearer.token.endpoint.url = null
	security.protocol = PLAINTEXT
	security.providers = null
	send.buffer.bytes = 131072
	session.timeout.ms = 45000
	socket.connection.setup.timeout.max.ms = 30000
	socket.connection.setup.timeout.ms = 10000
	ssl.cipher.suites = null
	ssl.enabled.protocols = [TLSv1.2, TLSv1.3]
	ssl.endpoint.identification.algorithm = https
	ssl.engine.factory.class = null
	ssl.key.password = null
	ssl.keymanager.algorithm = SunX509
	ssl.keystore.certificate.chain = null
	ssl.keystore.key = null
	ssl.keystore.location = null
	ssl.keystore.password = null
	ssl.keystore.type = JKS
	ssl.protocol = TLSv1.3
	ssl.provider = null
	ssl.secure.random.implementation = null
	ssl.trustmanager.algorithm = PKIX
	ssl.truststore.certificates = null
	ssl.truststore.location = null
	ssl.truststore.password = null
	ssl.truststore.type = JKS
	value.deserializer = class io.apicurio.registry.serde.avro.AvroKafkaDeserializer

2025-07-31 20:43:26,447 INFO  [org.apa.kaf.com.tel.int.KafkaMetricsCollector] (main) initializing Kafka metrics collector
2025-07-31 20:43:26,452 INFO  [org.apa.kaf.cli.Metadata] (kafka-producer-network-thread | Producer-topic-26efb405_f7d3_45e3_ace6_e3476aa94831) [Producer clientId=Producer-topic-26efb405_f7d3_45e3_ace6_e3476aa94831] Cluster ID: 6lKjf0w6TFCctmqQa8E77g
2025-07-31 20:43:26,454 INFO  [org.apa.kaf.cli.pro.int.TransactionManager] (kafka-producer-network-thread | Producer-topic-26efb405_f7d3_45e3_ace6_e3476aa94831) [Producer clientId=Producer-topic-26efb405_f7d3_45e3_ace6_e3476aa94831] ProducerId set to 12 with epoch 0
2025-07-31 20:43:26,454 INFO  [org.apa.kaf.cli.con.ConsumerConfig] (main) These configurations '[apicurio.registry.url]' were supplied but are not used yet.
2025-07-31 20:43:26,454 INFO  [org.apa.kaf.com.uti.AppInfoParser] (main) Kafka version: 3.9.1
2025-07-31 20:43:26,454 INFO  [org.apa.kaf.com.uti.AppInfoParser] (main) Kafka commitId: f745dfdcee2b9851
2025-07-31 20:43:26,454 INFO  [org.apa.kaf.com.uti.AppInfoParser] (main) Kafka startTimeMs: 1753994606454
2025-07-31 20:43:26,455 INFO  [io.api.tes.ser.api.KafkaSerdesTester] (Thread-666) Sending message {"key11753994605246": "value-0"} to topic topic-26efb405_f7d3_45e3_ace6_e3476aa94831
2025-07-31 20:43:26,456 INFO  [DefaultSchemaResolver] (Thread-666) Retrieving schema content using string: {"type":"record","name":"sd4b51744xdc65x4eacxbdfax095d3b32301f","namespace":"ns_e9d8ce5d_5878_4320_b316_43c5a1d21579","fields":[{"name":"key11753994605246","type":"string"}]}
2025-07-31 20:43:26,619 INFO  [io.api.tes.ser.api.KafkaSerdesTester] (Thread-666) Sending message {"key11753994605246": "value-1"} to topic topic-26efb405_f7d3_45e3_ace6_e3476aa94831
2025-07-31 20:43:26,621 INFO  [io.api.tes.ser.api.KafkaSerdesTester] (Thread-666) Sending message {"key11753994605246": "value-2"} to topic topic-26efb405_f7d3_45e3_ace6_e3476aa94831
2025-07-31 20:43:26,622 INFO  [io.api.tes.ser.api.KafkaSerdesTester] (Thread-666) Sending message {"key11753994605246": "value-3"} to topic topic-26efb405_f7d3_45e3_ace6_e3476aa94831
2025-07-31 20:43:26,624 INFO  [io.api.tes.ser.api.KafkaSerdesTester] (Thread-666) Sending message {"key11753994605246": "value-4"} to topic topic-26efb405_f7d3_45e3_ace6_e3476aa94831
2025-07-31 20:43:26,626 INFO  [io.api.tes.ser.api.KafkaSerdesTester] (Thread-666) Sending message {"key11753994605246": "value-5"} to topic topic-26efb405_f7d3_45e3_ace6_e3476aa94831
2025-07-31 20:43:26,627 INFO  [io.api.tes.ser.api.KafkaSerdesTester] (Thread-666) Sending message {"key11753994605246": "value-6"} to topic topic-26efb405_f7d3_45e3_ace6_e3476aa94831
2025-07-31 20:43:26,628 INFO  [io.api.tes.ser.api.KafkaSerdesTester] (Thread-666) Sending message {"key11753994605246": "value-7"} to topic topic-26efb405_f7d3_45e3_ace6_e3476aa94831
2025-07-31 20:43:26,629 INFO  [io.api.tes.ser.api.KafkaSerdesTester] (Thread-666) Sending message {"key11753994605246": "value-8"} to topic topic-26efb405_f7d3_45e3_ace6_e3476aa94831
2025-07-31 20:43:26,630 INFO  [io.api.tes.ser.api.KafkaSerdesTester] (Thread-666) Sending message {"key11753994605246": "value-9"} to topic topic-26efb405_f7d3_45e3_ace6_e3476aa94831
2025-07-31 20:43:26,632 INFO  [io.api.tes.ser.api.KafkaSerdesTester] (Thread-666) Produced 10 messages
2025-07-31 20:43:26,632 INFO  [org.apa.kaf.cli.pro.KafkaProducer] (Thread-666) [Producer clientId=Producer-topic-26efb405_f7d3_45e3_ace6_e3476aa94831] Closing the Kafka producer with timeoutMillis = 9223372036854775807 ms.
2025-07-31 20:43:26,633 INFO  [org.apa.kaf.com.met.Metrics] (Thread-666) Metrics scheduler closed
2025-07-31 20:43:26,634 INFO  [org.apa.kaf.com.met.Metrics] (Thread-666) Closing reporter org.apache.kafka.common.metrics.JmxReporter
2025-07-31 20:43:26,634 INFO  [org.apa.kaf.com.met.Metrics] (Thread-666) Closing reporter org.apache.kafka.common.telemetry.internals.ClientTelemetryReporter
2025-07-31 20:43:26,634 INFO  [org.apa.kaf.com.met.Metrics] (Thread-666) Metrics reporters closed
2025-07-31 20:43:26,634 INFO  [org.apa.kaf.com.uti.AppInfoParser] (Thread-666) App info kafka.producer for Producer-topic-26efb405_f7d3_45e3_ace6_e3476aa94831 unregistered
2025-07-31 20:43:26,635 INFO  [org.apa.kaf.cli.con.int.ClassicKafkaConsumer] (Thread-667) [Consumer clientId=consumer-Consumer-topic-26efb405_f7d3_45e3_ace6_e3476aa94831-10, groupId=Consumer-topic-26efb405_f7d3_45e3_ace6_e3476aa94831] Subscribed to topic(s): topic-26efb405_f7d3_45e3_ace6_e3476aa94831
2025-07-31 20:43:26,639 INFO  [org.apa.kaf.cli.Metadata] (Thread-667) [Consumer clientId=consumer-Consumer-topic-26efb405_f7d3_45e3_ace6_e3476aa94831-10, groupId=Consumer-topic-26efb405_f7d3_45e3_ace6_e3476aa94831] Cluster ID: 6lKjf0w6TFCctmqQa8E77g
2025-07-31 20:43:26,640 INFO  [org.apa.kaf.cli.con.int.ConsumerCoordinator] (Thread-667) [Consumer clientId=consumer-Consumer-topic-26efb405_f7d3_45e3_ace6_e3476aa94831-10, groupId=Consumer-topic-26efb405_f7d3_45e3_ace6_e3476aa94831] Discovered group coordinator localhost:32770 (id: 2147483647 rack: null)
2025-07-31 20:43:26,641 INFO  [org.apa.kaf.cli.con.int.ConsumerCoordinator] (Thread-667) [Consumer clientId=consumer-Consumer-topic-26efb405_f7d3_45e3_ace6_e3476aa94831-10, groupId=Consumer-topic-26efb405_f7d3_45e3_ace6_e3476aa94831] (Re-)joining group
2025-07-31 20:43:26,644 INFO  [org.apa.kaf.cli.con.int.ConsumerCoordinator] (Thread-667) [Consumer clientId=consumer-Consumer-topic-26efb405_f7d3_45e3_ace6_e3476aa94831-10, groupId=Consumer-topic-26efb405_f7d3_45e3_ace6_e3476aa94831] Request joining group due to: need to re-join with the given member-id: consumer-Consumer-topic-26efb405_f7d3_45e3_ace6_e3476aa94831-10-1b956292-c9e8-40b6-9988-9f0a37968c6f
2025-07-31 20:43:26,644 INFO  [org.apa.kaf.cli.con.int.ConsumerCoordinator] (Thread-667) [Consumer clientId=consumer-Consumer-topic-26efb405_f7d3_45e3_ace6_e3476aa94831-10, groupId=Consumer-topic-26efb405_f7d3_45e3_ace6_e3476aa94831] (Re-)joining group
2025-07-31 20:43:26,645 INFO  [org.apa.kaf.cli.con.int.ConsumerCoordinator] (Thread-667) [Consumer clientId=consumer-Consumer-topic-26efb405_f7d3_45e3_ace6_e3476aa94831-10, groupId=Consumer-topic-26efb405_f7d3_45e3_ace6_e3476aa94831] Successfully joined group with generation Generation{generationId=1, memberId='consumer-Consumer-topic-26efb405_f7d3_45e3_ace6_e3476aa94831-10-1b956292-c9e8-40b6-9988-9f0a37968c6f', protocol='range'}
2025-07-31 20:43:26,646 INFO  [org.apa.kaf.cli.con.int.ConsumerCoordinator] (Thread-667) [Consumer clientId=consumer-Consumer-topic-26efb405_f7d3_45e3_ace6_e3476aa94831-10, groupId=Consumer-topic-26efb405_f7d3_45e3_ace6_e3476aa94831] Finished assignment for group at generation 1: {consumer-Consumer-topic-26efb405_f7d3_45e3_ace6_e3476aa94831-10-1b956292-c9e8-40b6-9988-9f0a37968c6f=Assignment(partitions=[topic-26efb405_f7d3_45e3_ace6_e3476aa94831-0])}
2025-07-31 20:43:26,649 INFO  [org.apa.kaf.cli.con.int.ConsumerCoordinator] (Thread-667) [Consumer clientId=consumer-Consumer-topic-26efb405_f7d3_45e3_ace6_e3476aa94831-10, groupId=Consumer-topic-26efb405_f7d3_45e3_ace6_e3476aa94831] Successfully synced group in generation Generation{generationId=1, memberId='consumer-Consumer-topic-26efb405_f7d3_45e3_ace6_e3476aa94831-10-1b956292-c9e8-40b6-9988-9f0a37968c6f', protocol='range'}
2025-07-31 20:43:26,649 INFO  [org.apa.kaf.cli.con.int.ConsumerCoordinator] (Thread-667) [Consumer clientId=consumer-Consumer-topic-26efb405_f7d3_45e3_ace6_e3476aa94831-10, groupId=Consumer-topic-26efb405_f7d3_45e3_ace6_e3476aa94831] Notifying assignor about the new Assignment(partitions=[topic-26efb405_f7d3_45e3_ace6_e3476aa94831-0])
2025-07-31 20:43:26,649 INFO  [org.apa.kaf.cli.con.int.ConsumerRebalanceListenerInvoker] (Thread-667) [Consumer clientId=consumer-Consumer-topic-26efb405_f7d3_45e3_ace6_e3476aa94831-10, groupId=Consumer-topic-26efb405_f7d3_45e3_ace6_e3476aa94831] Adding newly assigned partitions: topic-26efb405_f7d3_45e3_ace6_e3476aa94831-0
2025-07-31 20:43:26,650 INFO  [org.apa.kaf.cli.con.int.ConsumerCoordinator] (Thread-667) [Consumer clientId=consumer-Consumer-topic-26efb405_f7d3_45e3_ace6_e3476aa94831-10, groupId=Consumer-topic-26efb405_f7d3_45e3_ace6_e3476aa94831] Found no committed offset for partition topic-26efb405_f7d3_45e3_ace6_e3476aa94831-0
2025-07-31 20:43:26,656 INFO  [org.apa.kaf.cli.con.int.SubscriptionState] (Thread-667) [Consumer clientId=consumer-Consumer-topic-26efb405_f7d3_45e3_ace6_e3476aa94831-10, groupId=Consumer-topic-26efb405_f7d3_45e3_ace6_e3476aa94831] Resetting offset for partition topic-26efb405_f7d3_45e3_ace6_e3476aa94831-0 to position FetchPosition{offset=0, offsetEpoch=Optional.empty, currentLeader=LeaderAndEpoch{leader=Optional[localhost:32770 (id: 0 rack: null)], epoch=0}}.
2025-07-31 20:43:26,891 INFO  [io.api.tes.ser.api.KafkaSerdesTester] (Thread-667) topic-26efb405_f7d3_45e3_ace6_e3476aa94831 0 0 {"key11753994605246": "value-0"}
2025-07-31 20:43:26,891 INFO  [io.api.tes.ser.api.KafkaSerdesTester] (Thread-667) topic-26efb405_f7d3_45e3_ace6_e3476aa94831 0 1 {"key11753994605246": "value-1"}
2025-07-31 20:43:26,891 INFO  [io.api.tes.ser.api.KafkaSerdesTester] (Thread-667) topic-26efb405_f7d3_45e3_ace6_e3476aa94831 0 2 {"key11753994605246": "value-2"}
2025-07-31 20:43:26,891 INFO  [io.api.tes.ser.api.KafkaSerdesTester] (Thread-667) topic-26efb405_f7d3_45e3_ace6_e3476aa94831 0 3 {"key11753994605246": "value-3"}
2025-07-31 20:43:26,891 INFO  [io.api.tes.ser.api.KafkaSerdesTester] (Thread-667) topic-26efb405_f7d3_45e3_ace6_e3476aa94831 0 4 {"key11753994605246": "value-4"}
2025-07-31 20:43:26,892 INFO  [io.api.tes.ser.api.KafkaSerdesTester] (Thread-667) topic-26efb405_f7d3_45e3_ace6_e3476aa94831 0 5 {"key11753994605246": "value-5"}
2025-07-31 20:43:26,892 INFO  [io.api.tes.ser.api.KafkaSerdesTester] (Thread-667) topic-26efb405_f7d3_45e3_ace6_e3476aa94831 0 6 {"key11753994605246": "value-6"}
2025-07-31 20:43:26,892 INFO  [io.api.tes.ser.api.KafkaSerdesTester] (Thread-667) topic-26efb405_f7d3_45e3_ace6_e3476aa94831 0 7 {"key11753994605246": "value-7"}
2025-07-31 20:43:26,892 INFO  [io.api.tes.ser.api.KafkaSerdesTester] (Thread-667) topic-26efb405_f7d3_45e3_ace6_e3476aa94831 0 8 {"key11753994605246": "value-8"}
2025-07-31 20:43:26,892 INFO  [io.api.tes.ser.api.KafkaSerdesTester] (Thread-667) topic-26efb405_f7d3_45e3_ace6_e3476aa94831 0 9 {"key11753994605246": "value-9"}
2025-07-31 20:43:26,892 INFO  [io.api.tes.ser.api.KafkaSerdesTester] (Thread-667) Consumed 10 messages
2025-07-31 20:43:26,894 INFO  [org.apa.kaf.cli.con.int.ConsumerRebalanceListenerInvoker] (Thread-667) [Consumer clientId=consumer-Consumer-topic-26efb405_f7d3_45e3_ace6_e3476aa94831-10, groupId=Consumer-topic-26efb405_f7d3_45e3_ace6_e3476aa94831] Revoke previously assigned partitions topic-26efb405_f7d3_45e3_ace6_e3476aa94831-0
2025-07-31 20:43:26,894 INFO  [org.apa.kaf.cli.con.int.ConsumerCoordinator] (Thread-667) [Consumer clientId=consumer-Consumer-topic-26efb405_f7d3_45e3_ace6_e3476aa94831-10, groupId=Consumer-topic-26efb405_f7d3_45e3_ace6_e3476aa94831] Member consumer-Consumer-topic-26efb405_f7d3_45e3_ace6_e3476aa94831-10-1b956292-c9e8-40b6-9988-9f0a37968c6f sending LeaveGroup request to coordinator localhost:32770 (id: 2147483647 rack: null) due to the consumer is being closed
2025-07-31 20:43:26,894 INFO  [org.apa.kaf.cli.con.int.ConsumerCoordinator] (Thread-667) [Consumer clientId=consumer-Consumer-topic-26efb405_f7d3_45e3_ace6_e3476aa94831-10, groupId=Consumer-topic-26efb405_f7d3_45e3_ace6_e3476aa94831] Resetting generation and member id due to: consumer pro-actively leaving the group
2025-07-31 20:43:26,894 INFO  [org.apa.kaf.cli.con.int.ConsumerCoordinator] (Thread-667) [Consumer clientId=consumer-Consumer-topic-26efb405_f7d3_45e3_ace6_e3476aa94831-10, groupId=Consumer-topic-26efb405_f7d3_45e3_ace6_e3476aa94831] Request joining group due to: consumer pro-actively leaving the group
2025-07-31 20:43:27,394 INFO  [org.apa.kaf.com.met.Metrics] (Thread-667) Metrics scheduler closed
2025-07-31 20:43:27,394 INFO  [org.apa.kaf.com.met.Metrics] (Thread-667) Closing reporter org.apache.kafka.common.metrics.JmxReporter
2025-07-31 20:43:27,394 INFO  [org.apa.kaf.com.met.Metrics] (Thread-667) Closing reporter org.apache.kafka.common.telemetry.internals.ClientTelemetryReporter
2025-07-31 20:43:27,394 INFO  [org.apa.kaf.com.met.Metrics] (Thread-667) Metrics reporters closed
2025-07-31 20:43:27,397 INFO  [org.apa.kaf.com.uti.AppInfoParser] (Thread-667) App info kafka.consumer for consumer-Consumer-topic-26efb405_f7d3_45e3_ace6_e3476aa94831-10 unregistered
2025-07-31 20:43:27,397 INFO  [io.api.tes.ser.api.AvroSerdeIT] (main) Registering Avro Schema 2: {"type":"record","name":"sd4b51744xdc65x4eacxbdfax095d3b32301f","namespace":"ns_e9d8ce5d_5878_4320_b316_43c5a1d21579","fields":[{"name":"key11753994605246","type":"string"},{"name":"key21753994607397","type":"string"}]}
**** Registry Base URL: http://registry-app-mysql.apps.ci419.apicurio-testing.org:80
2025-07-31 20:43:28,590 INFO  [org.apa.kaf.cli.pro.ProducerConfig] (main) ProducerConfig values: 
	acks = -1
	auto.include.jmx.reporter = true
	batch.size = 16384
	bootstrap.servers = [PLAINTEXT://localhost:32770]
	buffer.memory = 33554432
	client.dns.lookup = use_all_dns_ips
	client.id = Producer-topic-26efb405_f7d3_45e3_ace6_e3476aa94831
	compression.gzip.level = -1
	compression.lz4.level = 9
	compression.type = none
	compression.zstd.level = 3
	connections.max.idle.ms = 10000
	delivery.timeout.ms = 120000
	enable.idempotence = true
	enable.metrics.push = true
	interceptor.classes = []
	key.serializer = class org.apache.kafka.common.serialization.StringSerializer
	linger.ms = 0
	max.block.ms = 60000
	max.in.flight.requests.per.connection = 5
	max.request.size = 1048576
	metadata.max.age.ms = 300000
	metadata.max.idle.ms = 300000
	metadata.recovery.strategy = none
	metric.reporters = []
	metrics.num.samples = 2
	metrics.recording.level = INFO
	metrics.sample.window.ms = 30000
	partitioner.adaptive.partitioning.enable = true
	partitioner.availability.timeout.ms = 0
	partitioner.class = null
	partitioner.ignore.keys = false
	receive.buffer.bytes = 32768
	reconnect.backoff.max.ms = 1000
	reconnect.backoff.ms = 50
	request.timeout.ms = 5000
	retries = 2147483647
	retry.backoff.max.ms = 1000
	retry.backoff.ms = 100
	sasl.client.callback.handler.class = null
	sasl.jaas.config = null
	sasl.kerberos.kinit.cmd = /usr/bin/kinit
	sasl.kerberos.min.time.before.relogin = 60000
	sasl.kerberos.service.name = null
	sasl.kerberos.ticket.renew.jitter = 0.05
	sasl.kerberos.ticket.renew.window.factor = 0.8
	sasl.login.callback.handler.class = null
	sasl.login.class = null
	sasl.login.connect.timeout.ms = null
	sasl.login.read.timeout.ms = null
	sasl.login.refresh.buffer.seconds = 300
	sasl.login.refresh.min.period.seconds = 60
	sasl.login.refresh.window.factor = 0.8
	sasl.login.refresh.window.jitter = 0.05
	sasl.login.retry.backoff.max.ms = 10000
	sasl.login.retry.backoff.ms = 100
	sasl.mechanism = GSSAPI
	sasl.oauthbearer.clock.skew.seconds = 30
	sasl.oauthbearer.expected.audience = null
	sasl.oauthbearer.expected.issuer = null
	sasl.oauthbearer.header.urlencode = false
	sasl.oauthbearer.jwks.endpoint.refresh.ms = 3600000
	sasl.oauthbearer.jwks.endpoint.retry.backoff.max.ms = 10000
	sasl.oauthbearer.jwks.endpoint.retry.backoff.ms = 100
	sasl.oauthbearer.jwks.endpoint.url = null
	sasl.oauthbearer.scope.claim.name = scope
	sasl.oauthbearer.sub.claim.name = sub
	sasl.oauthbearer.token.endpoint.url = null
	security.protocol = PLAINTEXT
	security.providers = null
	send.buffer.bytes = 131072
	socket.connection.setup.timeout.max.ms = 30000
	socket.connection.setup.timeout.ms = 10000
	ssl.cipher.suites = null
	ssl.enabled.protocols = [TLSv1.2, TLSv1.3]
	ssl.endpoint.identification.algorithm = https
	ssl.engine.factory.class = null
	ssl.key.password = null
	ssl.keymanager.algorithm = SunX509
	ssl.keystore.certificate.chain = null
	ssl.keystore.key = null
	ssl.keystore.location = null
	ssl.keystore.password = null
	ssl.keystore.type = JKS
	ssl.protocol = TLSv1.3
	ssl.provider = null
	ssl.secure.random.implementation = null
	ssl.trustmanager.algorithm = PKIX
	ssl.truststore.certificates = null
	ssl.truststore.location = null
	ssl.truststore.password = null
	ssl.truststore.type = JKS
	transaction.timeout.ms = 60000
	transactional.id = null
	value.serializer = class io.apicurio.registry.serde.avro.AvroKafkaSerializer

2025-07-31 20:43:28,590 INFO  [org.apa.kaf.com.tel.int.KafkaMetricsCollector] (main) initializing Kafka metrics collector
2025-07-31 20:43:28,593 INFO  [org.apa.kaf.cli.pro.KafkaProducer] (main) [Producer clientId=Producer-topic-26efb405_f7d3_45e3_ace6_e3476aa94831] Instantiated an idempotent producer.
2025-07-31 20:43:28,596 INFO  [org.apa.kaf.cli.pro.ProducerConfig] (main) These configurations '[apicurio.registry.url, apicurio.registry.artifact-resolver-strategy]' were supplied but are not used yet.
2025-07-31 20:43:28,596 INFO  [org.apa.kaf.com.uti.AppInfoParser] (main) Kafka version: 3.9.1
2025-07-31 20:43:28,596 INFO  [org.apa.kaf.com.uti.AppInfoParser] (main) Kafka commitId: f745dfdcee2b9851
2025-07-31 20:43:28,596 INFO  [org.apa.kaf.com.uti.AppInfoParser] (main) Kafka startTimeMs: 1753994608596
2025-07-31 20:43:28,597 INFO  [io.api.tes.ser.api.KafkaSerdesTester] (Thread-670) Sending message {"key11753994605246": "value-0", "key21753994607397": "value-0"} to topic topic-26efb405_f7d3_45e3_ace6_e3476aa94831
2025-07-31 20:43:28,601 INFO  [org.apa.kaf.cli.Metadata] (kafka-producer-network-thread | Producer-topic-26efb405_f7d3_45e3_ace6_e3476aa94831) [Producer clientId=Producer-topic-26efb405_f7d3_45e3_ace6_e3476aa94831] Cluster ID: 6lKjf0w6TFCctmqQa8E77g
2025-07-31 20:43:28,602 INFO  [DefaultSchemaResolver] (Thread-670) Retrieving schema content using string: {"type":"record","name":"sd4b51744xdc65x4eacxbdfax095d3b32301f","namespace":"ns_e9d8ce5d_5878_4320_b316_43c5a1d21579","fields":[{"name":"key11753994605246","type":"string"},{"name":"key21753994607397","type":"string"}]}
2025-07-31 20:43:28,605 INFO  [org.apa.kaf.cli.pro.int.TransactionManager] (kafka-producer-network-thread | Producer-topic-26efb405_f7d3_45e3_ace6_e3476aa94831) [Producer clientId=Producer-topic-26efb405_f7d3_45e3_ace6_e3476aa94831] ProducerId set to 13 with epoch 0
2025-07-31 20:43:28,768 INFO  [io.api.tes.ser.api.KafkaSerdesTester] (Thread-670) Sending message {"key11753994605246": "value-1", "key21753994607397": "value-1"} to topic topic-26efb405_f7d3_45e3_ace6_e3476aa94831
2025-07-31 20:43:28,770 INFO  [io.api.tes.ser.api.KafkaSerdesTester] (Thread-670) Sending message {"key11753994605246": "value-2", "key21753994607397": "value-2"} to topic topic-26efb405_f7d3_45e3_ace6_e3476aa94831
2025-07-31 20:43:28,771 INFO  [io.api.tes.ser.api.KafkaSerdesTester] (Thread-670) Sending message {"key11753994605246": "value-3", "key21753994607397": "value-3"} to topic topic-26efb405_f7d3_45e3_ace6_e3476aa94831
2025-07-31 20:43:28,773 INFO  [io.api.tes.ser.api.KafkaSerdesTester] (Thread-670) Sending message {"key11753994605246": "value-4", "key21753994607397": "value-4"} to topic topic-26efb405_f7d3_45e3_ace6_e3476aa94831
2025-07-31 20:43:28,774 INFO  [io.api.tes.ser.api.KafkaSerdesTester] (Thread-670) Sending message {"key11753994605246": "value-5", "key21753994607397": "value-5"} to topic topic-26efb405_f7d3_45e3_ace6_e3476aa94831
2025-07-31 20:43:28,777 INFO  [io.api.tes.ser.api.KafkaSerdesTester] (Thread-670) Sending message {"key11753994605246": "value-6", "key21753994607397": "value-6"} to topic topic-26efb405_f7d3_45e3_ace6_e3476aa94831
2025-07-31 20:43:28,780 INFO  [io.api.tes.ser.api.KafkaSerdesTester] (Thread-670) Sending message {"key11753994605246": "value-7", "key21753994607397": "value-7"} to topic topic-26efb405_f7d3_45e3_ace6_e3476aa94831
2025-07-31 20:43:28,781 INFO  [io.api.tes.ser.api.KafkaSerdesTester] (Thread-670) Sending message {"key11753994605246": "value-8", "key21753994607397": "value-8"} to topic topic-26efb405_f7d3_45e3_ace6_e3476aa94831
2025-07-31 20:43:28,783 INFO  [io.api.tes.ser.api.KafkaSerdesTester] (Thread-670) Sending message {"key11753994605246": "value-9", "key21753994607397": "value-9"} to topic topic-26efb405_f7d3_45e3_ace6_e3476aa94831
2025-07-31 20:43:28,785 INFO  [io.api.tes.ser.api.KafkaSerdesTester] (Thread-670) Produced 10 messages
2025-07-31 20:43:28,785 INFO  [org.apa.kaf.cli.pro.KafkaProducer] (Thread-670) [Producer clientId=Producer-topic-26efb405_f7d3_45e3_ace6_e3476aa94831] Closing the Kafka producer with timeoutMillis = 9223372036854775807 ms.
2025-07-31 20:43:28,789 INFO  [org.apa.kaf.com.met.Metrics] (Thread-670) Metrics scheduler closed
2025-07-31 20:43:28,789 INFO  [org.apa.kaf.com.met.Metrics] (Thread-670) Closing reporter org.apache.kafka.common.metrics.JmxReporter
2025-07-31 20:43:28,789 INFO  [org.apa.kaf.com.met.Metrics] (Thread-670) Closing reporter org.apache.kafka.common.telemetry.internals.ClientTelemetryReporter
2025-07-31 20:43:28,789 INFO  [org.apa.kaf.com.met.Metrics] (Thread-670) Metrics reporters closed
2025-07-31 20:43:28,790 INFO  [org.apa.kaf.com.uti.AppInfoParser] (Thread-670) App info kafka.producer for Producer-topic-26efb405_f7d3_45e3_ace6_e3476aa94831 unregistered
**** Registry Base URL: http://registry-app-mysql.apps.ci419.apicurio-testing.org:80
2025-07-31 20:43:28,790 INFO  [org.apa.kaf.cli.pro.ProducerConfig] (main) ProducerConfig values: 
	acks = -1
	auto.include.jmx.reporter = true
	batch.size = 16384
	bootstrap.servers = [PLAINTEXT://localhost:32770]
	buffer.memory = 33554432
	client.dns.lookup = use_all_dns_ips
	client.id = Producer-topic-26efb405_f7d3_45e3_ace6_e3476aa94831
	compression.gzip.level = -1
	compression.lz4.level = 9
	compression.type = none
	compression.zstd.level = 3
	connections.max.idle.ms = 10000
	delivery.timeout.ms = 120000
	enable.idempotence = true
	enable.metrics.push = true
	interceptor.classes = []
	key.serializer = class org.apache.kafka.common.serialization.StringSerializer
	linger.ms = 0
	max.block.ms = 60000
	max.in.flight.requests.per.connection = 5
	max.request.size = 1048576
	metadata.max.age.ms = 300000
	metadata.max.idle.ms = 300000
	metadata.recovery.strategy = none
	metric.reporters = []
	metrics.num.samples = 2
	metrics.recording.level = INFO
	metrics.sample.window.ms = 30000
	partitioner.adaptive.partitioning.enable = true
	partitioner.availability.timeout.ms = 0
	partitioner.class = null
	partitioner.ignore.keys = false
	receive.buffer.bytes = 32768
	reconnect.backoff.max.ms = 1000
	reconnect.backoff.ms = 50
	request.timeout.ms = 5000
	retries = 2147483647
	retry.backoff.max.ms = 1000
	retry.backoff.ms = 100
	sasl.client.callback.handler.class = null
	sasl.jaas.config = null
	sasl.kerberos.kinit.cmd = /usr/bin/kinit
	sasl.kerberos.min.time.before.relogin = 60000
	sasl.kerberos.service.name = null
	sasl.kerberos.ticket.renew.jitter = 0.05
	sasl.kerberos.ticket.renew.window.factor = 0.8
	sasl.login.callback.handler.class = null
	sasl.login.class = null
	sasl.login.connect.timeout.ms = null
	sasl.login.read.timeout.ms = null
	sasl.login.refresh.buffer.seconds = 300
	sasl.login.refresh.min.period.seconds = 60
	sasl.login.refresh.window.factor = 0.8
	sasl.login.refresh.window.jitter = 0.05
	sasl.login.retry.backoff.max.ms = 10000
	sasl.login.retry.backoff.ms = 100
	sasl.mechanism = GSSAPI
	sasl.oauthbearer.clock.skew.seconds = 30
	sasl.oauthbearer.expected.audience = null
	sasl.oauthbearer.expected.issuer = null
	sasl.oauthbearer.header.urlencode = false
	sasl.oauthbearer.jwks.endpoint.refresh.ms = 3600000
	sasl.oauthbearer.jwks.endpoint.retry.backoff.max.ms = 10000
	sasl.oauthbearer.jwks.endpoint.retry.backoff.ms = 100
	sasl.oauthbearer.jwks.endpoint.url = null
	sasl.oauthbearer.scope.claim.name = scope
	sasl.oauthbearer.sub.claim.name = sub
	sasl.oauthbearer.token.endpoint.url = null
	security.protocol = PLAINTEXT
	security.providers = null
	send.buffer.bytes = 131072
	socket.connection.setup.timeout.max.ms = 30000
	socket.connection.setup.timeout.ms = 10000
	ssl.cipher.suites = null
	ssl.enabled.protocols = [TLSv1.2, TLSv1.3]
	ssl.endpoint.identification.algorithm = https
	ssl.engine.factory.class = null
	ssl.key.password = null
	ssl.keymanager.algorithm = SunX509
	ssl.keystore.certificate.chain = null
	ssl.keystore.key = null
	ssl.keystore.location = null
	ssl.keystore.password = null
	ssl.keystore.type = JKS
	ssl.protocol = TLSv1.3
	ssl.provider = null
	ssl.secure.random.implementation = null
	ssl.trustmanager.algorithm = PKIX
	ssl.truststore.certificates = null
	ssl.truststore.location = null
	ssl.truststore.password = null
	ssl.truststore.type = JKS
	transaction.timeout.ms = 60000
	transactional.id = null
	value.serializer = class io.apicurio.registry.serde.avro.AvroKafkaSerializer

2025-07-31 20:43:28,791 INFO  [org.apa.kaf.com.tel.int.KafkaMetricsCollector] (main) initializing Kafka metrics collector
2025-07-31 20:43:28,796 INFO  [org.apa.kaf.cli.pro.KafkaProducer] (main) [Producer clientId=Producer-topic-26efb405_f7d3_45e3_ace6_e3476aa94831] Instantiated an idempotent producer.
2025-07-31 20:43:28,800 INFO  [org.apa.kaf.cli.pro.ProducerConfig] (main) These configurations '[apicurio.registry.url, apicurio.registry.artifact-resolver-strategy]' were supplied but are not used yet.
2025-07-31 20:43:28,800 INFO  [org.apa.kaf.com.uti.AppInfoParser] (main) Kafka version: 3.9.1
2025-07-31 20:43:28,800 INFO  [org.apa.kaf.com.uti.AppInfoParser] (main) Kafka commitId: f745dfdcee2b9851
2025-07-31 20:43:28,800 INFO  [org.apa.kaf.com.uti.AppInfoParser] (main) Kafka startTimeMs: 1753994608800
2025-07-31 20:43:28,805 INFO  [io.api.tes.ser.api.KafkaSerdesTester] (Thread-673) Sending message {"key11753994605246": "value-0"} to topic topic-26efb405_f7d3_45e3_ace6_e3476aa94831
2025-07-31 20:43:28,806 INFO  [org.apa.kaf.cli.Metadata] (kafka-producer-network-thread | Producer-topic-26efb405_f7d3_45e3_ace6_e3476aa94831) [Producer clientId=Producer-topic-26efb405_f7d3_45e3_ace6_e3476aa94831] Cluster ID: 6lKjf0w6TFCctmqQa8E77g
2025-07-31 20:43:28,808 INFO  [org.apa.kaf.cli.pro.int.TransactionManager] (kafka-producer-network-thread | Producer-topic-26efb405_f7d3_45e3_ace6_e3476aa94831) [Producer clientId=Producer-topic-26efb405_f7d3_45e3_ace6_e3476aa94831] ProducerId set to 14 with epoch 0
2025-07-31 20:43:28,812 INFO  [DefaultSchemaResolver] (Thread-673) Retrieving schema content using string: {"type":"record","name":"sd4b51744xdc65x4eacxbdfax095d3b32301f","namespace":"ns_e9d8ce5d_5878_4320_b316_43c5a1d21579","fields":[{"name":"key11753994605246","type":"string"}]}
2025-07-31 20:43:28,973 INFO  [io.api.tes.ser.api.KafkaSerdesTester] (Thread-673) Sending message {"key11753994605246": "value-1"} to topic topic-26efb405_f7d3_45e3_ace6_e3476aa94831
2025-07-31 20:43:28,975 INFO  [io.api.tes.ser.api.KafkaSerdesTester] (Thread-673) Sending message {"key11753994605246": "value-2"} to topic topic-26efb405_f7d3_45e3_ace6_e3476aa94831
2025-07-31 20:43:28,977 INFO  [io.api.tes.ser.api.KafkaSerdesTester] (Thread-673) Sending message {"key11753994605246": "value-3"} to topic topic-26efb405_f7d3_45e3_ace6_e3476aa94831
2025-07-31 20:43:28,978 INFO  [io.api.tes.ser.api.KafkaSerdesTester] (Thread-673) Sending message {"key11753994605246": "value-4"} to topic topic-26efb405_f7d3_45e3_ace6_e3476aa94831
2025-07-31 20:43:28,981 INFO  [io.api.tes.ser.api.KafkaSerdesTester] (Thread-673) Sending message {"key11753994605246": "value-5"} to topic topic-26efb405_f7d3_45e3_ace6_e3476aa94831
2025-07-31 20:43:28,982 INFO  [io.api.tes.ser.api.KafkaSerdesTester] (Thread-673) Sending message {"key11753994605246": "value-6"} to topic topic-26efb405_f7d3_45e3_ace6_e3476aa94831
2025-07-31 20:43:28,984 INFO  [io.api.tes.ser.api.KafkaSerdesTester] (Thread-673) Sending message {"key11753994605246": "value-7"} to topic topic-26efb405_f7d3_45e3_ace6_e3476aa94831
2025-07-31 20:43:28,985 INFO  [io.api.tes.ser.api.KafkaSerdesTester] (Thread-673) Sending message {"key11753994605246": "value-8"} to topic topic-26efb405_f7d3_45e3_ace6_e3476aa94831
2025-07-31 20:43:28,987 INFO  [io.api.tes.ser.api.KafkaSerdesTester] (Thread-673) Sending message {"key11753994605246": "value-9"} to topic topic-26efb405_f7d3_45e3_ace6_e3476aa94831
2025-07-31 20:43:28,990 INFO  [io.api.tes.ser.api.KafkaSerdesTester] (Thread-673) Produced 10 messages
2025-07-31 20:43:28,990 INFO  [org.apa.kaf.cli.pro.KafkaProducer] (Thread-673) [Producer clientId=Producer-topic-26efb405_f7d3_45e3_ace6_e3476aa94831] Closing the Kafka producer with timeoutMillis = 9223372036854775807 ms.
2025-07-31 20:43:28,993 INFO  [org.apa.kaf.com.met.Metrics] (Thread-673) Metrics scheduler closed
2025-07-31 20:43:28,993 INFO  [org.apa.kaf.com.met.Metrics] (Thread-673) Closing reporter org.apache.kafka.common.metrics.JmxReporter
2025-07-31 20:43:28,993 INFO  [org.apa.kaf.com.met.Metrics] (Thread-673) Closing reporter org.apache.kafka.common.telemetry.internals.ClientTelemetryReporter
2025-07-31 20:43:28,993 INFO  [org.apa.kaf.com.met.Metrics] (Thread-673) Metrics reporters closed
2025-07-31 20:43:28,993 INFO  [org.apa.kaf.com.uti.AppInfoParser] (Thread-673) App info kafka.producer for Producer-topic-26efb405_f7d3_45e3_ace6_e3476aa94831 unregistered
**** Registry Base URL: http://registry-app-mysql.apps.ci419.apicurio-testing.org:80
2025-07-31 20:43:28,994 INFO  [org.apa.kaf.cli.con.ConsumerConfig] (main) ConsumerConfig values: 
	allow.auto.create.topics = true
	auto.commit.interval.ms = 500
	auto.include.jmx.reporter = true
	auto.offset.reset = earliest
	bootstrap.servers = [PLAINTEXT://localhost:32770]
	check.crcs = true
	client.dns.lookup = use_all_dns_ips
	client.id = consumer-Consumer-topic-26efb405_f7d3_45e3_ace6_e3476aa94831-11
	client.rack = 
	connections.max.idle.ms = 10000
	default.api.timeout.ms = 60000
	enable.auto.commit = true
	enable.metrics.push = true
	exclude.internal.topics = true
	fetch.max.bytes = 52428800
	fetch.max.wait.ms = 500
	fetch.min.bytes = 1
	group.id = Consumer-topic-26efb405_f7d3_45e3_ace6_e3476aa94831
	group.instance.id = null
	group.protocol = classic
	group.remote.assignor = null
	heartbeat.interval.ms = 3000
	interceptor.classes = []
	internal.leave.group.on.close = true
	internal.throw.on.fetch.stable.offset.unsupported = false
	isolation.level = read_uncommitted
	key.deserializer = class org.apache.kafka.common.serialization.StringDeserializer
	max.partition.fetch.bytes = 1048576
	max.poll.interval.ms = 300000
	max.poll.records = 500
	metadata.max.age.ms = 300000
	metadata.recovery.strategy = none
	metric.reporters = []
	metrics.num.samples = 2
	metrics.recording.level = INFO
	metrics.sample.window.ms = 30000
	partition.assignment.strategy = [class org.apache.kafka.clients.consumer.RangeAssignor, class org.apache.kafka.clients.consumer.CooperativeStickyAssignor]
	receive.buffer.bytes = 65536
	reconnect.backoff.max.ms = 1000
	reconnect.backoff.ms = 50
	request.timeout.ms = 5000
	retry.backoff.max.ms = 1000
	retry.backoff.ms = 100
	sasl.client.callback.handler.class = null
	sasl.jaas.config = null
	sasl.kerberos.kinit.cmd = /usr/bin/kinit
	sasl.kerberos.min.time.before.relogin = 60000
	sasl.kerberos.service.name = null
	sasl.kerberos.ticket.renew.jitter = 0.05
	sasl.kerberos.ticket.renew.window.factor = 0.8
	sasl.login.callback.handler.class = null
	sasl.login.class = null
	sasl.login.connect.timeout.ms = null
	sasl.login.read.timeout.ms = null
	sasl.login.refresh.buffer.seconds = 300
	sasl.login.refresh.min.period.seconds = 60
	sasl.login.refresh.window.factor = 0.8
	sasl.login.refresh.window.jitter = 0.05
	sasl.login.retry.backoff.max.ms = 10000
	sasl.login.retry.backoff.ms = 100
	sasl.mechanism = GSSAPI
	sasl.oauthbearer.clock.skew.seconds = 30
	sasl.oauthbearer.expected.audience = null
	sasl.oauthbearer.expected.issuer = null
	sasl.oauthbearer.header.urlencode = false
	sasl.oauthbearer.jwks.endpoint.refresh.ms = 3600000
	sasl.oauthbearer.jwks.endpoint.retry.backoff.max.ms = 10000
	sasl.oauthbearer.jwks.endpoint.retry.backoff.ms = 100
	sasl.oauthbearer.jwks.endpoint.url = null
	sasl.oauthbearer.scope.claim.name = scope
	sasl.oauthbearer.sub.claim.name = sub
	sasl.oauthbearer.token.endpoint.url = null
	security.protocol = PLAINTEXT
	security.providers = null
	send.buffer.bytes = 131072
	session.timeout.ms = 45000
	socket.connection.setup.timeout.max.ms = 30000
	socket.connection.setup.timeout.ms = 10000
	ssl.cipher.suites = null
	ssl.enabled.protocols = [TLSv1.2, TLSv1.3]
	ssl.endpoint.identification.algorithm = https
	ssl.engine.factory.class = null
	ssl.key.password = null
	ssl.keymanager.algorithm = SunX509
	ssl.keystore.certificate.chain = null
	ssl.keystore.key = null
	ssl.keystore.location = null
	ssl.keystore.password = null
	ssl.keystore.type = JKS
	ssl.protocol = TLSv1.3
	ssl.provider = null
	ssl.secure.random.implementation = null
	ssl.trustmanager.algorithm = PKIX
	ssl.truststore.certificates = null
	ssl.truststore.location = null
	ssl.truststore.password = null
	ssl.truststore.type = JKS
	value.deserializer = class io.apicurio.registry.serde.avro.AvroKafkaDeserializer

2025-07-31 20:43:28,994 INFO  [org.apa.kaf.com.tel.int.KafkaMetricsCollector] (main) initializing Kafka metrics collector
2025-07-31 20:43:29,009 INFO  [org.apa.kaf.cli.con.ConsumerConfig] (main) These configurations '[apicurio.registry.url]' were supplied but are not used yet.
2025-07-31 20:43:29,009 INFO  [org.apa.kaf.com.uti.AppInfoParser] (main) Kafka version: 3.9.1
2025-07-31 20:43:29,009 INFO  [org.apa.kaf.com.uti.AppInfoParser] (main) Kafka commitId: f745dfdcee2b9851
2025-07-31 20:43:29,009 INFO  [org.apa.kaf.com.uti.AppInfoParser] (main) Kafka startTimeMs: 1753994609009
2025-07-31 20:43:29,009 INFO  [org.apa.kaf.cli.con.int.ClassicKafkaConsumer] (Thread-676) [Consumer clientId=consumer-Consumer-topic-26efb405_f7d3_45e3_ace6_e3476aa94831-11, groupId=Consumer-topic-26efb405_f7d3_45e3_ace6_e3476aa94831] Subscribed to topic(s): topic-26efb405_f7d3_45e3_ace6_e3476aa94831
2025-07-31 20:43:29,016 INFO  [org.apa.kaf.cli.Metadata] (Thread-676) [Consumer clientId=consumer-Consumer-topic-26efb405_f7d3_45e3_ace6_e3476aa94831-11, groupId=Consumer-topic-26efb405_f7d3_45e3_ace6_e3476aa94831] Cluster ID: 6lKjf0w6TFCctmqQa8E77g
2025-07-31 20:43:29,016 INFO  [org.apa.kaf.cli.con.int.ConsumerCoordinator] (Thread-676) [Consumer clientId=consumer-Consumer-topic-26efb405_f7d3_45e3_ace6_e3476aa94831-11, groupId=Consumer-topic-26efb405_f7d3_45e3_ace6_e3476aa94831] Discovered group coordinator localhost:32770 (id: 2147483647 rack: null)
2025-07-31 20:43:29,019 INFO  [org.apa.kaf.cli.con.int.ConsumerCoordinator] (Thread-676) [Consumer clientId=consumer-Consumer-topic-26efb405_f7d3_45e3_ace6_e3476aa94831-11, groupId=Consumer-topic-26efb405_f7d3_45e3_ace6_e3476aa94831] (Re-)joining group
2025-07-31 20:43:29,023 INFO  [org.apa.kaf.cli.con.int.ConsumerCoordinator] (Thread-676) [Consumer clientId=consumer-Consumer-topic-26efb405_f7d3_45e3_ace6_e3476aa94831-11, groupId=Consumer-topic-26efb405_f7d3_45e3_ace6_e3476aa94831] Request joining group due to: need to re-join with the given member-id: consumer-Consumer-topic-26efb405_f7d3_45e3_ace6_e3476aa94831-11-2aeaa18b-c491-40e0-9975-79f6f034de80
2025-07-31 20:43:29,023 INFO  [org.apa.kaf.cli.con.int.ConsumerCoordinator] (Thread-676) [Consumer clientId=consumer-Consumer-topic-26efb405_f7d3_45e3_ace6_e3476aa94831-11, groupId=Consumer-topic-26efb405_f7d3_45e3_ace6_e3476aa94831] (Re-)joining group
2025-07-31 20:43:29,025 INFO  [org.apa.kaf.cli.con.int.ConsumerCoordinator] (Thread-676) [Consumer clientId=consumer-Consumer-topic-26efb405_f7d3_45e3_ace6_e3476aa94831-11, groupId=Consumer-topic-26efb405_f7d3_45e3_ace6_e3476aa94831] Successfully joined group with generation Generation{generationId=3, memberId='consumer-Consumer-topic-26efb405_f7d3_45e3_ace6_e3476aa94831-11-2aeaa18b-c491-40e0-9975-79f6f034de80', protocol='range'}
2025-07-31 20:43:29,025 INFO  [org.apa.kaf.cli.con.int.ConsumerCoordinator] (Thread-676) [Consumer clientId=consumer-Consumer-topic-26efb405_f7d3_45e3_ace6_e3476aa94831-11, groupId=Consumer-topic-26efb405_f7d3_45e3_ace6_e3476aa94831] Finished assignment for group at generation 3: {consumer-Consumer-topic-26efb405_f7d3_45e3_ace6_e3476aa94831-11-2aeaa18b-c491-40e0-9975-79f6f034de80=Assignment(partitions=[topic-26efb405_f7d3_45e3_ace6_e3476aa94831-0])}
2025-07-31 20:43:29,027 INFO  [org.apa.kaf.cli.con.int.ConsumerCoordinator] (Thread-676) [Consumer clientId=consumer-Consumer-topic-26efb405_f7d3_45e3_ace6_e3476aa94831-11, groupId=Consumer-topic-26efb405_f7d3_45e3_ace6_e3476aa94831] Successfully synced group in generation Generation{generationId=3, memberId='consumer-Consumer-topic-26efb405_f7d3_45e3_ace6_e3476aa94831-11-2aeaa18b-c491-40e0-9975-79f6f034de80', protocol='range'}
2025-07-31 20:43:29,027 INFO  [org.apa.kaf.cli.con.int.ConsumerCoordinator] (Thread-676) [Consumer clientId=consumer-Consumer-topic-26efb405_f7d3_45e3_ace6_e3476aa94831-11, groupId=Consumer-topic-26efb405_f7d3_45e3_ace6_e3476aa94831] Notifying assignor about the new Assignment(partitions=[topic-26efb405_f7d3_45e3_ace6_e3476aa94831-0])
2025-07-31 20:43:29,028 INFO  [org.apa.kaf.cli.con.int.ConsumerRebalanceListenerInvoker] (Thread-676) [Consumer clientId=consumer-Consumer-topic-26efb405_f7d3_45e3_ace6_e3476aa94831-11, groupId=Consumer-topic-26efb405_f7d3_45e3_ace6_e3476aa94831] Adding newly assigned partitions: topic-26efb405_f7d3_45e3_ace6_e3476aa94831-0
2025-07-31 20:43:29,029 INFO  [org.apa.kaf.cli.con.int.ConsumerUtils] (Thread-676) Setting offset for partition topic-26efb405_f7d3_45e3_ace6_e3476aa94831-0 to the committed offset FetchPosition{offset=10, offsetEpoch=Optional[0], currentLeader=LeaderAndEpoch{leader=Optional[localhost:32770 (id: 0 rack: null)], epoch=0}}
2025-07-31 20:43:29,446 INFO  [io.api.tes.ser.api.KafkaSerdesTester] (Thread-676) topic-26efb405_f7d3_45e3_ace6_e3476aa94831 0 10 {"key11753994605246": "value-0", "key21753994607397": "value-0"}
2025-07-31 20:43:29,446 INFO  [io.api.tes.ser.api.KafkaSerdesTester] (Thread-676) topic-26efb405_f7d3_45e3_ace6_e3476aa94831 0 11 {"key11753994605246": "value-1", "key21753994607397": "value-1"}
2025-07-31 20:43:29,446 INFO  [io.api.tes.ser.api.KafkaSerdesTester] (Thread-676) topic-26efb405_f7d3_45e3_ace6_e3476aa94831 0 12 {"key11753994605246": "value-2", "key21753994607397": "value-2"}
2025-07-31 20:43:29,446 INFO  [io.api.tes.ser.api.KafkaSerdesTester] (Thread-676) topic-26efb405_f7d3_45e3_ace6_e3476aa94831 0 13 {"key11753994605246": "value-3", "key21753994607397": "value-3"}
2025-07-31 20:43:29,446 INFO  [io.api.tes.ser.api.KafkaSerdesTester] (Thread-676) topic-26efb405_f7d3_45e3_ace6_e3476aa94831 0 14 {"key11753994605246": "value-4", "key21753994607397": "value-4"}
2025-07-31 20:43:29,446 INFO  [io.api.tes.ser.api.KafkaSerdesTester] (Thread-676) topic-26efb405_f7d3_45e3_ace6_e3476aa94831 0 15 {"key11753994605246": "value-5", "key21753994607397": "value-5"}
2025-07-31 20:43:29,446 INFO  [io.api.tes.ser.api.KafkaSerdesTester] (Thread-676) topic-26efb405_f7d3_45e3_ace6_e3476aa94831 0 16 {"key11753994605246": "value-6", "key21753994607397": "value-6"}
2025-07-31 20:43:29,446 INFO  [io.api.tes.ser.api.KafkaSerdesTester] (Thread-676) topic-26efb405_f7d3_45e3_ace6_e3476aa94831 0 17 {"key11753994605246": "value-7", "key21753994607397": "value-7"}
2025-07-31 20:43:29,446 INFO  [io.api.tes.ser.api.KafkaSerdesTester] (Thread-676) topic-26efb405_f7d3_45e3_ace6_e3476aa94831 0 18 {"key11753994605246": "value-8", "key21753994607397": "value-8"}
2025-07-31 20:43:29,446 INFO  [io.api.tes.ser.api.KafkaSerdesTester] (Thread-676) topic-26efb405_f7d3_45e3_ace6_e3476aa94831 0 19 {"key11753994605246": "value-9", "key21753994607397": "value-9"}
2025-07-31 20:43:29,446 INFO  [io.api.tes.ser.api.KafkaSerdesTester] (Thread-676) topic-26efb405_f7d3_45e3_ace6_e3476aa94831 0 20 {"key11753994605246": "value-0"}
2025-07-31 20:43:29,446 INFO  [io.api.tes.ser.api.KafkaSerdesTester] (Thread-676) topic-26efb405_f7d3_45e3_ace6_e3476aa94831 0 21 {"key11753994605246": "value-1"}
2025-07-31 20:43:29,446 INFO  [io.api.tes.ser.api.KafkaSerdesTester] (Thread-676) topic-26efb405_f7d3_45e3_ace6_e3476aa94831 0 22 {"key11753994605246": "value-2"}
2025-07-31 20:43:29,446 INFO  [io.api.tes.ser.api.KafkaSerdesTester] (Thread-676) topic-26efb405_f7d3_45e3_ace6_e3476aa94831 0 23 {"key11753994605246": "value-3"}
2025-07-31 20:43:29,446 INFO  [io.api.tes.ser.api.KafkaSerdesTester] (Thread-676) topic-26efb405_f7d3_45e3_ace6_e3476aa94831 0 24 {"key11753994605246": "value-4"}
2025-07-31 20:43:29,446 INFO  [io.api.tes.ser.api.KafkaSerdesTester] (Thread-676) topic-26efb405_f7d3_45e3_ace6_e3476aa94831 0 25 {"key11753994605246": "value-5"}
2025-07-31 20:43:29,446 INFO  [io.api.tes.ser.api.KafkaSerdesTester] (Thread-676) topic-26efb405_f7d3_45e3_ace6_e3476aa94831 0 26 {"key11753994605246": "value-6"}
2025-07-31 20:43:29,447 INFO  [io.api.tes.ser.api.KafkaSerdesTester] (Thread-676) topic-26efb405_f7d3_45e3_ace6_e3476aa94831 0 27 {"key11753994605246": "value-7"}
2025-07-31 20:43:29,447 INFO  [io.api.tes.ser.api.KafkaSerdesTester] (Thread-676) topic-26efb405_f7d3_45e3_ace6_e3476aa94831 0 28 {"key11753994605246": "value-8"}
2025-07-31 20:43:29,447 INFO  [io.api.tes.ser.api.KafkaSerdesTester] (Thread-676) topic-26efb405_f7d3_45e3_ace6_e3476aa94831 0 29 {"key11753994605246": "value-9"}
2025-07-31 20:43:29,447 INFO  [io.api.tes.ser.api.KafkaSerdesTester] (Thread-676) Consumed 20 messages
2025-07-31 20:43:29,451 INFO  [org.apa.kaf.cli.con.int.ConsumerRebalanceListenerInvoker] (Thread-676) [Consumer clientId=consumer-Consumer-topic-26efb405_f7d3_45e3_ace6_e3476aa94831-11, groupId=Consumer-topic-26efb405_f7d3_45e3_ace6_e3476aa94831] Revoke previously assigned partitions topic-26efb405_f7d3_45e3_ace6_e3476aa94831-0
2025-07-31 20:43:29,451 INFO  [org.apa.kaf.cli.con.int.ConsumerCoordinator] (Thread-676) [Consumer clientId=consumer-Consumer-topic-26efb405_f7d3_45e3_ace6_e3476aa94831-11, groupId=Consumer-topic-26efb405_f7d3_45e3_ace6_e3476aa94831] Member consumer-Consumer-topic-26efb405_f7d3_45e3_ace6_e3476aa94831-11-2aeaa18b-c491-40e0-9975-79f6f034de80 sending LeaveGroup request to coordinator localhost:32770 (id: 2147483647 rack: null) due to the consumer is being closed
2025-07-31 20:43:29,451 INFO  [org.apa.kaf.cli.con.int.ConsumerCoordinator] (Thread-676) [Consumer clientId=consumer-Consumer-topic-26efb405_f7d3_45e3_ace6_e3476aa94831-11, groupId=Consumer-topic-26efb405_f7d3_45e3_ace6_e3476aa94831] Resetting generation and member id due to: consumer pro-actively leaving the group
2025-07-31 20:43:29,451 INFO  [org.apa.kaf.cli.con.int.ConsumerCoordinator] (Thread-676) [Consumer clientId=consumer-Consumer-topic-26efb405_f7d3_45e3_ace6_e3476aa94831-11, groupId=Consumer-topic-26efb405_f7d3_45e3_ace6_e3476aa94831] Request joining group due to: consumer pro-actively leaving the group
2025-07-31 20:43:29,949 INFO  [org.apa.kaf.com.met.Metrics] (Thread-676) Metrics scheduler closed
2025-07-31 20:43:29,949 INFO  [org.apa.kaf.com.met.Metrics] (Thread-676) Closing reporter org.apache.kafka.common.metrics.JmxReporter
2025-07-31 20:43:29,949 INFO  [org.apa.kaf.com.met.Metrics] (Thread-676) Closing reporter org.apache.kafka.common.telemetry.internals.ClientTelemetryReporter
2025-07-31 20:43:29,950 INFO  [org.apa.kaf.com.met.Metrics] (Thread-676) Metrics reporters closed
2025-07-31 20:43:29,952 INFO  [org.apa.kaf.com.uti.AppInfoParser] (Thread-676) App info kafka.consumer for consumer-Consumer-topic-26efb405_f7d3_45e3_ace6_e3476aa94831-11 unregistered
2025-07-31 20:43:29,955 INFO  [io.api.tes.ser.api.AvroSerdeIT] (main) Registering Avro Schema 3: {"type":"record","name":"sd4b51744xdc65x4eacxbdfax095d3b32301f","namespace":"ns_e9d8ce5d_5878_4320_b316_43c5a1d21579","fields":[{"name":"key11753994605246","type":"string"},{"name":"key21753994607397","type":"string"},{"name":"key31753994609953","type":"string"}]}
**** Registry Base URL: http://registry-app-mysql.apps.ci419.apicurio-testing.org:80
2025-07-31 20:43:31,141 INFO  [org.apa.kaf.cli.pro.ProducerConfig] (main) ProducerConfig values: 
	acks = -1
	auto.include.jmx.reporter = true
	batch.size = 16384
	bootstrap.servers = [PLAINTEXT://localhost:32770]
	buffer.memory = 33554432
	client.dns.lookup = use_all_dns_ips
	client.id = Producer-topic-26efb405_f7d3_45e3_ace6_e3476aa94831
	compression.gzip.level = -1
	compression.lz4.level = 9
	compression.type = none
	compression.zstd.level = 3
	connections.max.idle.ms = 10000
	delivery.timeout.ms = 120000
	enable.idempotence = true
	enable.metrics.push = true
	interceptor.classes = []
	key.serializer = class org.apache.kafka.common.serialization.StringSerializer
	linger.ms = 0
	max.block.ms = 60000
	max.in.flight.requests.per.connection = 5
	max.request.size = 1048576
	metadata.max.age.ms = 300000
	metadata.max.idle.ms = 300000
	metadata.recovery.strategy = none
	metric.reporters = []
	metrics.num.samples = 2
	metrics.recording.level = INFO
	metrics.sample.window.ms = 30000
	partitioner.adaptive.partitioning.enable = true
	partitioner.availability.timeout.ms = 0
	partitioner.class = null
	partitioner.ignore.keys = false
	receive.buffer.bytes = 32768
	reconnect.backoff.max.ms = 1000
	reconnect.backoff.ms = 50
	request.timeout.ms = 5000
	retries = 2147483647
	retry.backoff.max.ms = 1000
	retry.backoff.ms = 100
	sasl.client.callback.handler.class = null
	sasl.jaas.config = null
	sasl.kerberos.kinit.cmd = /usr/bin/kinit
	sasl.kerberos.min.time.before.relogin = 60000
	sasl.kerberos.service.name = null
	sasl.kerberos.ticket.renew.jitter = 0.05
	sasl.kerberos.ticket.renew.window.factor = 0.8
	sasl.login.callback.handler.class = null
	sasl.login.class = null
	sasl.login.connect.timeout.ms = null
	sasl.login.read.timeout.ms = null
	sasl.login.refresh.buffer.seconds = 300
	sasl.login.refresh.min.period.seconds = 60
	sasl.login.refresh.window.factor = 0.8
	sasl.login.refresh.window.jitter = 0.05
	sasl.login.retry.backoff.max.ms = 10000
	sasl.login.retry.backoff.ms = 100
	sasl.mechanism = GSSAPI
	sasl.oauthbearer.clock.skew.seconds = 30
	sasl.oauthbearer.expected.audience = null
	sasl.oauthbearer.expected.issuer = null
	sasl.oauthbearer.header.urlencode = false
	sasl.oauthbearer.jwks.endpoint.refresh.ms = 3600000
	sasl.oauthbearer.jwks.endpoint.retry.backoff.max.ms = 10000
	sasl.oauthbearer.jwks.endpoint.retry.backoff.ms = 100
	sasl.oauthbearer.jwks.endpoint.url = null
	sasl.oauthbearer.scope.claim.name = scope
	sasl.oauthbearer.sub.claim.name = sub
	sasl.oauthbearer.token.endpoint.url = null
	security.protocol = PLAINTEXT
	security.providers = null
	send.buffer.bytes = 131072
	socket.connection.setup.timeout.max.ms = 30000
	socket.connection.setup.timeout.ms = 10000
	ssl.cipher.suites = null
	ssl.enabled.protocols = [TLSv1.2, TLSv1.3]
	ssl.endpoint.identification.algorithm = https
	ssl.engine.factory.class = null
	ssl.key.password = null
	ssl.keymanager.algorithm = SunX509
	ssl.keystore.certificate.chain = null
	ssl.keystore.key = null
	ssl.keystore.location = null
	ssl.keystore.password = null
	ssl.keystore.type = JKS
	ssl.protocol = TLSv1.3
	ssl.provider = null
	ssl.secure.random.implementation = null
	ssl.trustmanager.algorithm = PKIX
	ssl.truststore.certificates = null
	ssl.truststore.location = null
	ssl.truststore.password = null
	ssl.truststore.type = JKS
	transaction.timeout.ms = 60000
	transactional.id = null
	value.serializer = class io.apicurio.registry.serde.avro.AvroKafkaSerializer

2025-07-31 20:43:31,141 INFO  [org.apa.kaf.com.tel.int.KafkaMetricsCollector] (main) initializing Kafka metrics collector
2025-07-31 20:43:31,145 INFO  [org.apa.kaf.cli.pro.KafkaProducer] (main) [Producer clientId=Producer-topic-26efb405_f7d3_45e3_ace6_e3476aa94831] Instantiated an idempotent producer.
2025-07-31 20:43:31,147 INFO  [org.apa.kaf.cli.pro.ProducerConfig] (main) These configurations '[apicurio.registry.url, apicurio.registry.artifact-resolver-strategy]' were supplied but are not used yet.
2025-07-31 20:43:31,147 INFO  [org.apa.kaf.com.uti.AppInfoParser] (main) Kafka version: 3.9.1
2025-07-31 20:43:31,147 INFO  [org.apa.kaf.com.uti.AppInfoParser] (main) Kafka commitId: f745dfdcee2b9851
2025-07-31 20:43:31,147 INFO  [org.apa.kaf.com.uti.AppInfoParser] (main) Kafka startTimeMs: 1753994611147
2025-07-31 20:43:31,150 INFO  [io.api.tes.ser.api.KafkaSerdesTester] (Thread-679) Sending message {"key11753994605246": "value-0", "key21753994607397": "value-0", "key31753994609953": "value-0"} to topic topic-26efb405_f7d3_45e3_ace6_e3476aa94831
2025-07-31 20:43:31,155 INFO  [org.apa.kaf.cli.Metadata] (kafka-producer-network-thread | Producer-topic-26efb405_f7d3_45e3_ace6_e3476aa94831) [Producer clientId=Producer-topic-26efb405_f7d3_45e3_ace6_e3476aa94831] Cluster ID: 6lKjf0w6TFCctmqQa8E77g
2025-07-31 20:43:31,156 INFO  [DefaultSchemaResolver] (Thread-679) Retrieving schema content using string: {"type":"record","name":"sd4b51744xdc65x4eacxbdfax095d3b32301f","namespace":"ns_e9d8ce5d_5878_4320_b316_43c5a1d21579","fields":[{"name":"key11753994605246","type":"string"},{"name":"key21753994607397","type":"string"},{"name":"key31753994609953","type":"string"}]}
2025-07-31 20:43:31,157 INFO  [org.apa.kaf.cli.pro.int.TransactionManager] (kafka-producer-network-thread | Producer-topic-26efb405_f7d3_45e3_ace6_e3476aa94831) [Producer clientId=Producer-topic-26efb405_f7d3_45e3_ace6_e3476aa94831] ProducerId set to 15 with epoch 0
2025-07-31 20:43:31,327 INFO  [io.api.tes.ser.api.KafkaSerdesTester] (Thread-679) Sending message {"key11753994605246": "value-1", "key21753994607397": "value-1", "key31753994609953": "value-1"} to topic topic-26efb405_f7d3_45e3_ace6_e3476aa94831
2025-07-31 20:43:31,329 INFO  [io.api.tes.ser.api.KafkaSerdesTester] (Thread-679) Sending message {"key11753994605246": "value-2", "key21753994607397": "value-2", "key31753994609953": "value-2"} to topic topic-26efb405_f7d3_45e3_ace6_e3476aa94831
2025-07-31 20:43:31,330 INFO  [io.api.tes.ser.api.KafkaSerdesTester] (Thread-679) Sending message {"key11753994605246": "value-3", "key21753994607397": "value-3", "key31753994609953": "value-3"} to topic topic-26efb405_f7d3_45e3_ace6_e3476aa94831
2025-07-31 20:43:31,331 INFO  [io.api.tes.ser.api.KafkaSerdesTester] (Thread-679) Sending message {"key11753994605246": "value-4", "key21753994607397": "value-4", "key31753994609953": "value-4"} to topic topic-26efb405_f7d3_45e3_ace6_e3476aa94831
2025-07-31 20:43:31,332 INFO  [io.api.tes.ser.api.KafkaSerdesTester] (Thread-679) Sending message {"key11753994605246": "value-5", "key21753994607397": "value-5", "key31753994609953": "value-5"} to topic topic-26efb405_f7d3_45e3_ace6_e3476aa94831
2025-07-31 20:43:31,335 INFO  [io.api.tes.ser.api.KafkaSerdesTester] (Thread-679) Sending message {"key11753994605246": "value-6", "key21753994607397": "value-6", "key31753994609953": "value-6"} to topic topic-26efb405_f7d3_45e3_ace6_e3476aa94831
2025-07-31 20:43:31,339 INFO  [io.api.tes.ser.api.KafkaSerdesTester] (Thread-679) Sending message {"key11753994605246": "value-7", "key21753994607397": "value-7", "key31753994609953": "value-7"} to topic topic-26efb405_f7d3_45e3_ace6_e3476aa94831
2025-07-31 20:43:31,341 INFO  [io.api.tes.ser.api.KafkaSerdesTester] (Thread-679) Sending message {"key11753994605246": "value-8", "key21753994607397": "value-8", "key31753994609953": "value-8"} to topic topic-26efb405_f7d3_45e3_ace6_e3476aa94831
2025-07-31 20:43:31,343 INFO  [io.api.tes.ser.api.KafkaSerdesTester] (Thread-679) Sending message {"key11753994605246": "value-9", "key21753994607397": "value-9", "key31753994609953": "value-9"} to topic topic-26efb405_f7d3_45e3_ace6_e3476aa94831
2025-07-31 20:43:31,347 INFO  [io.api.tes.ser.api.KafkaSerdesTester] (Thread-679) Produced 10 messages
2025-07-31 20:43:31,347 INFO  [org.apa.kaf.cli.pro.KafkaProducer] (Thread-679) [Producer clientId=Producer-topic-26efb405_f7d3_45e3_ace6_e3476aa94831] Closing the Kafka producer with timeoutMillis = 9223372036854775807 ms.
2025-07-31 20:43:31,352 INFO  [org.apa.kaf.com.met.Metrics] (Thread-679) Metrics scheduler closed
2025-07-31 20:43:31,352 INFO  [org.apa.kaf.com.met.Metrics] (Thread-679) Closing reporter org.apache.kafka.common.metrics.JmxReporter
2025-07-31 20:43:31,352 INFO  [org.apa.kaf.com.met.Metrics] (Thread-679) Closing reporter org.apache.kafka.common.telemetry.internals.ClientTelemetryReporter
2025-07-31 20:43:31,352 INFO  [org.apa.kaf.com.met.Metrics] (Thread-679) Metrics reporters closed
2025-07-31 20:43:31,354 INFO  [org.apa.kaf.com.uti.AppInfoParser] (Thread-679) App info kafka.producer for Producer-topic-26efb405_f7d3_45e3_ace6_e3476aa94831 unregistered
**** Registry Base URL: http://registry-app-mysql.apps.ci419.apicurio-testing.org:80
2025-07-31 20:43:31,355 INFO  [org.apa.kaf.cli.pro.ProducerConfig] (main) ProducerConfig values: 
	acks = -1
	auto.include.jmx.reporter = true
	batch.size = 16384
	bootstrap.servers = [PLAINTEXT://localhost:32770]
	buffer.memory = 33554432
	client.dns.lookup = use_all_dns_ips
	client.id = Producer-topic-26efb405_f7d3_45e3_ace6_e3476aa94831
	compression.gzip.level = -1
	compression.lz4.level = 9
	compression.type = none
	compression.zstd.level = 3
	connections.max.idle.ms = 10000
	delivery.timeout.ms = 120000
	enable.idempotence = true
	enable.metrics.push = true
	interceptor.classes = []
	key.serializer = class org.apache.kafka.common.serialization.StringSerializer
	linger.ms = 0
	max.block.ms = 60000
	max.in.flight.requests.per.connection = 5
	max.request.size = 1048576
	metadata.max.age.ms = 300000
	metadata.max.idle.ms = 300000
	metadata.recovery.strategy = none
	metric.reporters = []
	metrics.num.samples = 2
	metrics.recording.level = INFO
	metrics.sample.window.ms = 30000
	partitioner.adaptive.partitioning.enable = true
	partitioner.availability.timeout.ms = 0
	partitioner.class = null
	partitioner.ignore.keys = false
	receive.buffer.bytes = 32768
	reconnect.backoff.max.ms = 1000
	reconnect.backoff.ms = 50
	request.timeout.ms = 5000
	retries = 2147483647
	retry.backoff.max.ms = 1000
	retry.backoff.ms = 100
	sasl.client.callback.handler.class = null
	sasl.jaas.config = null
	sasl.kerberos.kinit.cmd = /usr/bin/kinit
	sasl.kerberos.min.time.before.relogin = 60000
	sasl.kerberos.service.name = null
	sasl.kerberos.ticket.renew.jitter = 0.05
	sasl.kerberos.ticket.renew.window.factor = 0.8
	sasl.login.callback.handler.class = null
	sasl.login.class = null
	sasl.login.connect.timeout.ms = null
	sasl.login.read.timeout.ms = null
	sasl.login.refresh.buffer.seconds = 300
	sasl.login.refresh.min.period.seconds = 60
	sasl.login.refresh.window.factor = 0.8
	sasl.login.refresh.window.jitter = 0.05
	sasl.login.retry.backoff.max.ms = 10000
	sasl.login.retry.backoff.ms = 100
	sasl.mechanism = GSSAPI
	sasl.oauthbearer.clock.skew.seconds = 30
	sasl.oauthbearer.expected.audience = null
	sasl.oauthbearer.expected.issuer = null
	sasl.oauthbearer.header.urlencode = false
	sasl.oauthbearer.jwks.endpoint.refresh.ms = 3600000
	sasl.oauthbearer.jwks.endpoint.retry.backoff.max.ms = 10000
	sasl.oauthbearer.jwks.endpoint.retry.backoff.ms = 100
	sasl.oauthbearer.jwks.endpoint.url = null
	sasl.oauthbearer.scope.claim.name = scope
	sasl.oauthbearer.sub.claim.name = sub
	sasl.oauthbearer.token.endpoint.url = null
	security.protocol = PLAINTEXT
	security.providers = null
	send.buffer.bytes = 131072
	socket.connection.setup.timeout.max.ms = 30000
	socket.connection.setup.timeout.ms = 10000
	ssl.cipher.suites = null
	ssl.enabled.protocols = [TLSv1.2, TLSv1.3]
	ssl.endpoint.identification.algorithm = https
	ssl.engine.factory.class = null
	ssl.key.password = null
	ssl.keymanager.algorithm = SunX509
	ssl.keystore.certificate.chain = null
	ssl.keystore.key = null
	ssl.keystore.location = null
	ssl.keystore.password = null
	ssl.keystore.type = JKS
	ssl.protocol = TLSv1.3
	ssl.provider = null
	ssl.secure.random.implementation = null
	ssl.trustmanager.algorithm = PKIX
	ssl.truststore.certificates = null
	ssl.truststore.location = null
	ssl.truststore.password = null
	ssl.truststore.type = JKS
	transaction.timeout.ms = 60000
	transactional.id = null
	value.serializer = class io.apicurio.registry.serde.avro.AvroKafkaSerializer

2025-07-31 20:43:31,355 INFO  [org.apa.kaf.com.tel.int.KafkaMetricsCollector] (main) initializing Kafka metrics collector
2025-07-31 20:43:31,366 INFO  [org.apa.kaf.cli.pro.KafkaProducer] (main) [Producer clientId=Producer-topic-26efb405_f7d3_45e3_ace6_e3476aa94831] Instantiated an idempotent producer.
2025-07-31 20:43:31,370 INFO  [org.apa.kaf.cli.pro.ProducerConfig] (main) These configurations '[apicurio.registry.url, apicurio.registry.artifact-resolver-strategy]' were supplied but are not used yet.
2025-07-31 20:43:31,370 INFO  [org.apa.kaf.com.uti.AppInfoParser] (main) Kafka version: 3.9.1
2025-07-31 20:43:31,370 INFO  [org.apa.kaf.com.uti.AppInfoParser] (main) Kafka commitId: f745dfdcee2b9851
2025-07-31 20:43:31,370 INFO  [org.apa.kaf.com.uti.AppInfoParser] (main) Kafka startTimeMs: 1753994611370
2025-07-31 20:43:31,371 INFO  [io.api.tes.ser.api.KafkaSerdesTester] (Thread-682) Sending message {"key11753994605246": "value-0", "key21753994607397": "value-0"} to topic topic-26efb405_f7d3_45e3_ace6_e3476aa94831
2025-07-31 20:43:31,377 INFO  [org.apa.kaf.cli.Metadata] (kafka-producer-network-thread | Producer-topic-26efb405_f7d3_45e3_ace6_e3476aa94831) [Producer clientId=Producer-topic-26efb405_f7d3_45e3_ace6_e3476aa94831] Cluster ID: 6lKjf0w6TFCctmqQa8E77g
2025-07-31 20:43:31,378 INFO  [DefaultSchemaResolver] (Thread-682) Retrieving schema content using string: {"type":"record","name":"sd4b51744xdc65x4eacxbdfax095d3b32301f","namespace":"ns_e9d8ce5d_5878_4320_b316_43c5a1d21579","fields":[{"name":"key11753994605246","type":"string"},{"name":"key21753994607397","type":"string"}]}
2025-07-31 20:43:31,379 INFO  [org.apa.kaf.cli.pro.int.TransactionManager] (kafka-producer-network-thread | Producer-topic-26efb405_f7d3_45e3_ace6_e3476aa94831) [Producer clientId=Producer-topic-26efb405_f7d3_45e3_ace6_e3476aa94831] ProducerId set to 16 with epoch 0
2025-07-31 20:43:31,549 INFO  [io.api.tes.ser.api.KafkaSerdesTester] (Thread-682) Sending message {"key11753994605246": "value-1", "key21753994607397": "value-1"} to topic topic-26efb405_f7d3_45e3_ace6_e3476aa94831
2025-07-31 20:43:31,550 INFO  [io.api.tes.ser.api.KafkaSerdesTester] (Thread-682) Sending message {"key11753994605246": "value-2", "key21753994607397": "value-2"} to topic topic-26efb405_f7d3_45e3_ace6_e3476aa94831
2025-07-31 20:43:31,552 INFO  [io.api.tes.ser.api.KafkaSerdesTester] (Thread-682) Sending message {"key11753994605246": "value-3", "key21753994607397": "value-3"} to topic topic-26efb405_f7d3_45e3_ace6_e3476aa94831
2025-07-31 20:43:31,553 INFO  [io.api.tes.ser.api.KafkaSerdesTester] (Thread-682) Sending message {"key11753994605246": "value-4", "key21753994607397": "value-4"} to topic topic-26efb405_f7d3_45e3_ace6_e3476aa94831
2025-07-31 20:43:31,555 INFO  [io.api.tes.ser.api.KafkaSerdesTester] (Thread-682) Sending message {"key11753994605246": "value-5", "key21753994607397": "value-5"} to topic topic-26efb405_f7d3_45e3_ace6_e3476aa94831
2025-07-31 20:43:31,559 INFO  [io.api.tes.ser.api.KafkaSerdesTester] (Thread-682) Sending message {"key11753994605246": "value-6", "key21753994607397": "value-6"} to topic topic-26efb405_f7d3_45e3_ace6_e3476aa94831
2025-07-31 20:43:31,562 INFO  [io.api.tes.ser.api.KafkaSerdesTester] (Thread-682) Sending message {"key11753994605246": "value-7", "key21753994607397": "value-7"} to topic topic-26efb405_f7d3_45e3_ace6_e3476aa94831
2025-07-31 20:43:31,563 INFO  [io.api.tes.ser.api.KafkaSerdesTester] (Thread-682) Sending message {"key11753994605246": "value-8", "key21753994607397": "value-8"} to topic topic-26efb405_f7d3_45e3_ace6_e3476aa94831
2025-07-31 20:43:31,565 INFO  [io.api.tes.ser.api.KafkaSerdesTester] (Thread-682) Sending message {"key11753994605246": "value-9", "key21753994607397": "value-9"} to topic topic-26efb405_f7d3_45e3_ace6_e3476aa94831
2025-07-31 20:43:31,567 INFO  [io.api.tes.ser.api.KafkaSerdesTester] (Thread-682) Produced 10 messages
2025-07-31 20:43:31,567 INFO  [org.apa.kaf.cli.pro.KafkaProducer] (Thread-682) [Producer clientId=Producer-topic-26efb405_f7d3_45e3_ace6_e3476aa94831] Closing the Kafka producer with timeoutMillis = 9223372036854775807 ms.
2025-07-31 20:43:31,569 INFO  [org.apa.kaf.com.met.Metrics] (Thread-682) Metrics scheduler closed
2025-07-31 20:43:31,569 INFO  [org.apa.kaf.com.met.Metrics] (Thread-682) Closing reporter org.apache.kafka.common.metrics.JmxReporter
2025-07-31 20:43:31,569 INFO  [org.apa.kaf.com.met.Metrics] (Thread-682) Closing reporter org.apache.kafka.common.telemetry.internals.ClientTelemetryReporter
2025-07-31 20:43:31,569 INFO  [org.apa.kaf.com.met.Metrics] (Thread-682) Metrics reporters closed
2025-07-31 20:43:31,570 INFO  [org.apa.kaf.com.uti.AppInfoParser] (Thread-682) App info kafka.producer for Producer-topic-26efb405_f7d3_45e3_ace6_e3476aa94831 unregistered
**** Registry Base URL: http://registry-app-mysql.apps.ci419.apicurio-testing.org:80
2025-07-31 20:43:31,570 INFO  [org.apa.kaf.cli.pro.ProducerConfig] (main) ProducerConfig values: 
	acks = -1
	auto.include.jmx.reporter = true
	batch.size = 16384
	bootstrap.servers = [PLAINTEXT://localhost:32770]
	buffer.memory = 33554432
	client.dns.lookup = use_all_dns_ips
	client.id = Producer-topic-26efb405_f7d3_45e3_ace6_e3476aa94831
	compression.gzip.level = -1
	compression.lz4.level = 9
	compression.type = none
	compression.zstd.level = 3
	connections.max.idle.ms = 10000
	delivery.timeout.ms = 120000
	enable.idempotence = true
	enable.metrics.push = true
	interceptor.classes = []
	key.serializer = class org.apache.kafka.common.serialization.StringSerializer
	linger.ms = 0
	max.block.ms = 60000
	max.in.flight.requests.per.connection = 5
	max.request.size = 1048576
	metadata.max.age.ms = 300000
	metadata.max.idle.ms = 300000
	metadata.recovery.strategy = none
	metric.reporters = []
	metrics.num.samples = 2
	metrics.recording.level = INFO
	metrics.sample.window.ms = 30000
	partitioner.adaptive.partitioning.enable = true
	partitioner.availability.timeout.ms = 0
	partitioner.class = null
	partitioner.ignore.keys = false
	receive.buffer.bytes = 32768
	reconnect.backoff.max.ms = 1000
	reconnect.backoff.ms = 50
	request.timeout.ms = 5000
	retries = 2147483647
	retry.backoff.max.ms = 1000
	retry.backoff.ms = 100
	sasl.client.callback.handler.class = null
	sasl.jaas.config = null
	sasl.kerberos.kinit.cmd = /usr/bin/kinit
	sasl.kerberos.min.time.before.relogin = 60000
	sasl.kerberos.service.name = null
	sasl.kerberos.ticket.renew.jitter = 0.05
	sasl.kerberos.ticket.renew.window.factor = 0.8
	sasl.login.callback.handler.class = null
	sasl.login.class = null
	sasl.login.connect.timeout.ms = null
	sasl.login.read.timeout.ms = null
	sasl.login.refresh.buffer.seconds = 300
	sasl.login.refresh.min.period.seconds = 60
	sasl.login.refresh.window.factor = 0.8
	sasl.login.refresh.window.jitter = 0.05
	sasl.login.retry.backoff.max.ms = 10000
	sasl.login.retry.backoff.ms = 100
	sasl.mechanism = GSSAPI
	sasl.oauthbearer.clock.skew.seconds = 30
	sasl.oauthbearer.expected.audience = null
	sasl.oauthbearer.expected.issuer = null
	sasl.oauthbearer.header.urlencode = false
	sasl.oauthbearer.jwks.endpoint.refresh.ms = 3600000
	sasl.oauthbearer.jwks.endpoint.retry.backoff.max.ms = 10000
	sasl.oauthbearer.jwks.endpoint.retry.backoff.ms = 100
	sasl.oauthbearer.jwks.endpoint.url = null
	sasl.oauthbearer.scope.claim.name = scope
	sasl.oauthbearer.sub.claim.name = sub
	sasl.oauthbearer.token.endpoint.url = null
	security.protocol = PLAINTEXT
	security.providers = null
	send.buffer.bytes = 131072
	socket.connection.setup.timeout.max.ms = 30000
	socket.connection.setup.timeout.ms = 10000
	ssl.cipher.suites = null
	ssl.enabled.protocols = [TLSv1.2, TLSv1.3]
	ssl.endpoint.identification.algorithm = https
	ssl.engine.factory.class = null
	ssl.key.password = null
	ssl.keymanager.algorithm = SunX509
	ssl.keystore.certificate.chain = null
	ssl.keystore.key = null
	ssl.keystore.location = null
	ssl.keystore.password = null
	ssl.keystore.type = JKS
	ssl.protocol = TLSv1.3
	ssl.provider = null
	ssl.secure.random.implementation = null
	ssl.trustmanager.algorithm = PKIX
	ssl.truststore.certificates = null
	ssl.truststore.location = null
	ssl.truststore.password = null
	ssl.truststore.type = JKS
	transaction.timeout.ms = 60000
	transactional.id = null
	value.serializer = class io.apicurio.registry.serde.avro.AvroKafkaSerializer

2025-07-31 20:43:31,570 INFO  [org.apa.kaf.com.tel.int.KafkaMetricsCollector] (main) initializing Kafka metrics collector
2025-07-31 20:43:31,578 INFO  [org.apa.kaf.cli.pro.KafkaProducer] (main) [Producer clientId=Producer-topic-26efb405_f7d3_45e3_ace6_e3476aa94831] Instantiated an idempotent producer.
2025-07-31 20:43:31,580 INFO  [org.apa.kaf.cli.pro.ProducerConfig] (main) These configurations '[apicurio.registry.url, apicurio.registry.artifact-resolver-strategy]' were supplied but are not used yet.
2025-07-31 20:43:31,580 INFO  [org.apa.kaf.com.uti.AppInfoParser] (main) Kafka version: 3.9.1
2025-07-31 20:43:31,580 INFO  [org.apa.kaf.com.uti.AppInfoParser] (main) Kafka commitId: f745dfdcee2b9851
2025-07-31 20:43:31,580 INFO  [org.apa.kaf.com.uti.AppInfoParser] (main) Kafka startTimeMs: 1753994611580
2025-07-31 20:43:31,582 INFO  [io.api.tes.ser.api.KafkaSerdesTester] (Thread-685) Sending message {"key11753994605246": "value-0"} to topic topic-26efb405_f7d3_45e3_ace6_e3476aa94831
2025-07-31 20:43:31,587 INFO  [org.apa.kaf.cli.Metadata] (kafka-producer-network-thread | Producer-topic-26efb405_f7d3_45e3_ace6_e3476aa94831) [Producer clientId=Producer-topic-26efb405_f7d3_45e3_ace6_e3476aa94831] Cluster ID: 6lKjf0w6TFCctmqQa8E77g
2025-07-31 20:43:31,588 INFO  [org.apa.kaf.cli.pro.int.TransactionManager] (kafka-producer-network-thread | Producer-topic-26efb405_f7d3_45e3_ace6_e3476aa94831) [Producer clientId=Producer-topic-26efb405_f7d3_45e3_ace6_e3476aa94831] ProducerId set to 17 with epoch 0
2025-07-31 20:43:31,589 INFO  [DefaultSchemaResolver] (Thread-685) Retrieving schema content using string: {"type":"record","name":"sd4b51744xdc65x4eacxbdfax095d3b32301f","namespace":"ns_e9d8ce5d_5878_4320_b316_43c5a1d21579","fields":[{"name":"key11753994605246","type":"string"}]}
2025-07-31 20:43:31,747 INFO  [io.api.tes.ser.api.KafkaSerdesTester] (Thread-685) Sending message {"key11753994605246": "value-1"} to topic topic-26efb405_f7d3_45e3_ace6_e3476aa94831
2025-07-31 20:43:31,751 INFO  [io.api.tes.ser.api.KafkaSerdesTester] (Thread-685) Sending message {"key11753994605246": "value-2"} to topic topic-26efb405_f7d3_45e3_ace6_e3476aa94831
2025-07-31 20:43:31,754 INFO  [io.api.tes.ser.api.KafkaSerdesTester] (Thread-685) Sending message {"key11753994605246": "value-3"} to topic topic-26efb405_f7d3_45e3_ace6_e3476aa94831
2025-07-31 20:43:31,756 INFO  [io.api.tes.ser.api.KafkaSerdesTester] (Thread-685) Sending message {"key11753994605246": "value-4"} to topic topic-26efb405_f7d3_45e3_ace6_e3476aa94831
2025-07-31 20:43:31,757 INFO  [io.api.tes.ser.api.KafkaSerdesTester] (Thread-685) Sending message {"key11753994605246": "value-5"} to topic topic-26efb405_f7d3_45e3_ace6_e3476aa94831
2025-07-31 20:43:31,758 INFO  [io.api.tes.ser.api.KafkaSerdesTester] (Thread-685) Sending message {"key11753994605246": "value-6"} to topic topic-26efb405_f7d3_45e3_ace6_e3476aa94831
2025-07-31 20:43:31,759 INFO  [io.api.tes.ser.api.KafkaSerdesTester] (Thread-685) Sending message {"key11753994605246": "value-7"} to topic topic-26efb405_f7d3_45e3_ace6_e3476aa94831
2025-07-31 20:43:31,760 INFO  [io.api.tes.ser.api.KafkaSerdesTester] (Thread-685) Sending message {"key11753994605246": "value-8"} to topic topic-26efb405_f7d3_45e3_ace6_e3476aa94831
2025-07-31 20:43:31,761 INFO  [io.api.tes.ser.api.KafkaSerdesTester] (Thread-685) Sending message {"key11753994605246": "value-9"} to topic topic-26efb405_f7d3_45e3_ace6_e3476aa94831
2025-07-31 20:43:31,762 INFO  [io.api.tes.ser.api.KafkaSerdesTester] (Thread-685) Produced 10 messages
2025-07-31 20:43:31,763 INFO  [org.apa.kaf.cli.pro.KafkaProducer] (Thread-685) [Producer clientId=Producer-topic-26efb405_f7d3_45e3_ace6_e3476aa94831] Closing the Kafka producer with timeoutMillis = 9223372036854775807 ms.
2025-07-31 20:43:31,764 INFO  [org.apa.kaf.com.met.Metrics] (Thread-685) Metrics scheduler closed
2025-07-31 20:43:31,764 INFO  [org.apa.kaf.com.met.Metrics] (Thread-685) Closing reporter org.apache.kafka.common.metrics.JmxReporter
2025-07-31 20:43:31,764 INFO  [org.apa.kaf.com.met.Metrics] (Thread-685) Closing reporter org.apache.kafka.common.telemetry.internals.ClientTelemetryReporter
2025-07-31 20:43:31,764 INFO  [org.apa.kaf.com.met.Metrics] (Thread-685) Metrics reporters closed
2025-07-31 20:43:31,764 INFO  [org.apa.kaf.com.uti.AppInfoParser] (Thread-685) App info kafka.producer for Producer-topic-26efb405_f7d3_45e3_ace6_e3476aa94831 unregistered
**** Registry Base URL: http://registry-app-mysql.apps.ci419.apicurio-testing.org:80
2025-07-31 20:43:31,765 INFO  [org.apa.kaf.cli.con.ConsumerConfig] (main) ConsumerConfig values: 
	allow.auto.create.topics = true
	auto.commit.interval.ms = 500
	auto.include.jmx.reporter = true
	auto.offset.reset = earliest
	bootstrap.servers = [PLAINTEXT://localhost:32770]
	check.crcs = true
	client.dns.lookup = use_all_dns_ips
	client.id = consumer-Consumer-topic-26efb405_f7d3_45e3_ace6_e3476aa94831-12
	client.rack = 
	connections.max.idle.ms = 10000
	default.api.timeout.ms = 60000
	enable.auto.commit = true
	enable.metrics.push = true
	exclude.internal.topics = true
	fetch.max.bytes = 52428800
	fetch.max.wait.ms = 500
	fetch.min.bytes = 1
	group.id = Consumer-topic-26efb405_f7d3_45e3_ace6_e3476aa94831
	group.instance.id = null
	group.protocol = classic
	group.remote.assignor = null
	heartbeat.interval.ms = 3000
	interceptor.classes = []
	internal.leave.group.on.close = true
	internal.throw.on.fetch.stable.offset.unsupported = false
	isolation.level = read_uncommitted
	key.deserializer = class org.apache.kafka.common.serialization.StringDeserializer
	max.partition.fetch.bytes = 1048576
	max.poll.interval.ms = 300000
	max.poll.records = 500
	metadata.max.age.ms = 300000
	metadata.recovery.strategy = none
	metric.reporters = []
	metrics.num.samples = 2
	metrics.recording.level = INFO
	metrics.sample.window.ms = 30000
	partition.assignment.strategy = [class org.apache.kafka.clients.consumer.RangeAssignor, class org.apache.kafka.clients.consumer.CooperativeStickyAssignor]
	receive.buffer.bytes = 65536
	reconnect.backoff.max.ms = 1000
	reconnect.backoff.ms = 50
	request.timeout.ms = 5000
	retry.backoff.max.ms = 1000
	retry.backoff.ms = 100
	sasl.client.callback.handler.class = null
	sasl.jaas.config = null
	sasl.kerberos.kinit.cmd = /usr/bin/kinit
	sasl.kerberos.min.time.before.relogin = 60000
	sasl.kerberos.service.name = null
	sasl.kerberos.ticket.renew.jitter = 0.05
	sasl.kerberos.ticket.renew.window.factor = 0.8
	sasl.login.callback.handler.class = null
	sasl.login.class = null
	sasl.login.connect.timeout.ms = null
	sasl.login.read.timeout.ms = null
	sasl.login.refresh.buffer.seconds = 300
	sasl.login.refresh.min.period.seconds = 60
	sasl.login.refresh.window.factor = 0.8
	sasl.login.refresh.window.jitter = 0.05
	sasl.login.retry.backoff.max.ms = 10000
	sasl.login.retry.backoff.ms = 100
	sasl.mechanism = GSSAPI
	sasl.oauthbearer.clock.skew.seconds = 30
	sasl.oauthbearer.expected.audience = null
	sasl.oauthbearer.expected.issuer = null
	sasl.oauthbearer.header.urlencode = false
	sasl.oauthbearer.jwks.endpoint.refresh.ms = 3600000
	sasl.oauthbearer.jwks.endpoint.retry.backoff.max.ms = 10000
	sasl.oauthbearer.jwks.endpoint.retry.backoff.ms = 100
	sasl.oauthbearer.jwks.endpoint.url = null
	sasl.oauthbearer.scope.claim.name = scope
	sasl.oauthbearer.sub.claim.name = sub
	sasl.oauthbearer.token.endpoint.url = null
	security.protocol = PLAINTEXT
	security.providers = null
	send.buffer.bytes = 131072
	session.timeout.ms = 45000
	socket.connection.setup.timeout.max.ms = 30000
	socket.connection.setup.timeout.ms = 10000
	ssl.cipher.suites = null
	ssl.enabled.protocols = [TLSv1.2, TLSv1.3]
	ssl.endpoint.identification.algorithm = https
	ssl.engine.factory.class = null
	ssl.key.password = null
	ssl.keymanager.algorithm = SunX509
	ssl.keystore.certificate.chain = null
	ssl.keystore.key = null
	ssl.keystore.location = null
	ssl.keystore.password = null
	ssl.keystore.type = JKS
	ssl.protocol = TLSv1.3
	ssl.provider = null
	ssl.secure.random.implementation = null
	ssl.trustmanager.algorithm = PKIX
	ssl.truststore.certificates = null
	ssl.truststore.location = null
	ssl.truststore.password = null
	ssl.truststore.type = JKS
	value.deserializer = class io.apicurio.registry.serde.avro.AvroKafkaDeserializer

2025-07-31 20:43:31,765 INFO  [org.apa.kaf.com.tel.int.KafkaMetricsCollector] (main) initializing Kafka metrics collector
2025-07-31 20:43:31,771 INFO  [org.apa.kaf.cli.con.ConsumerConfig] (main) These configurations '[apicurio.registry.url]' were supplied but are not used yet.
2025-07-31 20:43:31,771 INFO  [org.apa.kaf.com.uti.AppInfoParser] (main) Kafka version: 3.9.1
2025-07-31 20:43:31,771 INFO  [org.apa.kaf.com.uti.AppInfoParser] (main) Kafka commitId: f745dfdcee2b9851
2025-07-31 20:43:31,771 INFO  [org.apa.kaf.com.uti.AppInfoParser] (main) Kafka startTimeMs: 1753994611771
2025-07-31 20:43:31,772 INFO  [org.apa.kaf.cli.con.int.ClassicKafkaConsumer] (Thread-688) [Consumer clientId=consumer-Consumer-topic-26efb405_f7d3_45e3_ace6_e3476aa94831-12, groupId=Consumer-topic-26efb405_f7d3_45e3_ace6_e3476aa94831] Subscribed to topic(s): topic-26efb405_f7d3_45e3_ace6_e3476aa94831
2025-07-31 20:43:31,776 INFO  [org.apa.kaf.cli.Metadata] (Thread-688) [Consumer clientId=consumer-Consumer-topic-26efb405_f7d3_45e3_ace6_e3476aa94831-12, groupId=Consumer-topic-26efb405_f7d3_45e3_ace6_e3476aa94831] Cluster ID: 6lKjf0w6TFCctmqQa8E77g
2025-07-31 20:43:31,776 INFO  [org.apa.kaf.cli.con.int.ConsumerCoordinator] (Thread-688) [Consumer clientId=consumer-Consumer-topic-26efb405_f7d3_45e3_ace6_e3476aa94831-12, groupId=Consumer-topic-26efb405_f7d3_45e3_ace6_e3476aa94831] Discovered group coordinator localhost:32770 (id: 2147483647 rack: null)
2025-07-31 20:43:31,777 INFO  [org.apa.kaf.cli.con.int.ConsumerCoordinator] (Thread-688) [Consumer clientId=consumer-Consumer-topic-26efb405_f7d3_45e3_ace6_e3476aa94831-12, groupId=Consumer-topic-26efb405_f7d3_45e3_ace6_e3476aa94831] (Re-)joining group
2025-07-31 20:43:31,780 INFO  [org.apa.kaf.cli.con.int.ConsumerCoordinator] (Thread-688) [Consumer clientId=consumer-Consumer-topic-26efb405_f7d3_45e3_ace6_e3476aa94831-12, groupId=Consumer-topic-26efb405_f7d3_45e3_ace6_e3476aa94831] Request joining group due to: need to re-join with the given member-id: consumer-Consumer-topic-26efb405_f7d3_45e3_ace6_e3476aa94831-12-8111a4ac-9465-45de-9bc1-85437b2c3766
2025-07-31 20:43:31,781 INFO  [org.apa.kaf.cli.con.int.ConsumerCoordinator] (Thread-688) [Consumer clientId=consumer-Consumer-topic-26efb405_f7d3_45e3_ace6_e3476aa94831-12, groupId=Consumer-topic-26efb405_f7d3_45e3_ace6_e3476aa94831] (Re-)joining group
2025-07-31 20:43:31,782 INFO  [org.apa.kaf.cli.con.int.ConsumerCoordinator] (Thread-688) [Consumer clientId=consumer-Consumer-topic-26efb405_f7d3_45e3_ace6_e3476aa94831-12, groupId=Consumer-topic-26efb405_f7d3_45e3_ace6_e3476aa94831] Successfully joined group with generation Generation{generationId=5, memberId='consumer-Consumer-topic-26efb405_f7d3_45e3_ace6_e3476aa94831-12-8111a4ac-9465-45de-9bc1-85437b2c3766', protocol='range'}
2025-07-31 20:43:31,783 INFO  [org.apa.kaf.cli.con.int.ConsumerCoordinator] (Thread-688) [Consumer clientId=consumer-Consumer-topic-26efb405_f7d3_45e3_ace6_e3476aa94831-12, groupId=Consumer-topic-26efb405_f7d3_45e3_ace6_e3476aa94831] Finished assignment for group at generation 5: {consumer-Consumer-topic-26efb405_f7d3_45e3_ace6_e3476aa94831-12-8111a4ac-9465-45de-9bc1-85437b2c3766=Assignment(partitions=[topic-26efb405_f7d3_45e3_ace6_e3476aa94831-0])}
2025-07-31 20:43:31,784 INFO  [org.apa.kaf.cli.con.int.ConsumerCoordinator] (Thread-688) [Consumer clientId=consumer-Consumer-topic-26efb405_f7d3_45e3_ace6_e3476aa94831-12, groupId=Consumer-topic-26efb405_f7d3_45e3_ace6_e3476aa94831] Successfully synced group in generation Generation{generationId=5, memberId='consumer-Consumer-topic-26efb405_f7d3_45e3_ace6_e3476aa94831-12-8111a4ac-9465-45de-9bc1-85437b2c3766', protocol='range'}
2025-07-31 20:43:31,784 INFO  [org.apa.kaf.cli.con.int.ConsumerCoordinator] (Thread-688) [Consumer clientId=consumer-Consumer-topic-26efb405_f7d3_45e3_ace6_e3476aa94831-12, groupId=Consumer-topic-26efb405_f7d3_45e3_ace6_e3476aa94831] Notifying assignor about the new Assignment(partitions=[topic-26efb405_f7d3_45e3_ace6_e3476aa94831-0])
2025-07-31 20:43:31,787 INFO  [org.apa.kaf.cli.con.int.ConsumerRebalanceListenerInvoker] (Thread-688) [Consumer clientId=consumer-Consumer-topic-26efb405_f7d3_45e3_ace6_e3476aa94831-12, groupId=Consumer-topic-26efb405_f7d3_45e3_ace6_e3476aa94831] Adding newly assigned partitions: topic-26efb405_f7d3_45e3_ace6_e3476aa94831-0
2025-07-31 20:43:31,793 INFO  [org.apa.kaf.cli.con.int.ConsumerUtils] (Thread-688) Setting offset for partition topic-26efb405_f7d3_45e3_ace6_e3476aa94831-0 to the committed offset FetchPosition{offset=30, offsetEpoch=Optional[0], currentLeader=LeaderAndEpoch{leader=Optional[localhost:32770 (id: 0 rack: null)], epoch=0}}
2025-07-31 20:43:32,346 INFO  [io.api.tes.ser.api.KafkaSerdesTester] (Thread-688) topic-26efb405_f7d3_45e3_ace6_e3476aa94831 0 30 {"key11753994605246": "value-0", "key21753994607397": "value-0", "key31753994609953": "value-0"}
2025-07-31 20:43:32,346 INFO  [io.api.tes.ser.api.KafkaSerdesTester] (Thread-688) topic-26efb405_f7d3_45e3_ace6_e3476aa94831 0 31 {"key11753994605246": "value-1", "key21753994607397": "value-1", "key31753994609953": "value-1"}
2025-07-31 20:43:32,346 INFO  [io.api.tes.ser.api.KafkaSerdesTester] (Thread-688) topic-26efb405_f7d3_45e3_ace6_e3476aa94831 0 32 {"key11753994605246": "value-2", "key21753994607397": "value-2", "key31753994609953": "value-2"}
2025-07-31 20:43:32,346 INFO  [io.api.tes.ser.api.KafkaSerdesTester] (Thread-688) topic-26efb405_f7d3_45e3_ace6_e3476aa94831 0 33 {"key11753994605246": "value-3", "key21753994607397": "value-3", "key31753994609953": "value-3"}
2025-07-31 20:43:32,346 INFO  [io.api.tes.ser.api.KafkaSerdesTester] (Thread-688) topic-26efb405_f7d3_45e3_ace6_e3476aa94831 0 34 {"key11753994605246": "value-4", "key21753994607397": "value-4", "key31753994609953": "value-4"}
2025-07-31 20:43:32,346 INFO  [io.api.tes.ser.api.KafkaSerdesTester] (Thread-688) topic-26efb405_f7d3_45e3_ace6_e3476aa94831 0 35 {"key11753994605246": "value-5", "key21753994607397": "value-5", "key31753994609953": "value-5"}
2025-07-31 20:43:32,346 INFO  [io.api.tes.ser.api.KafkaSerdesTester] (Thread-688) topic-26efb405_f7d3_45e3_ace6_e3476aa94831 0 36 {"key11753994605246": "value-6", "key21753994607397": "value-6", "key31753994609953": "value-6"}
2025-07-31 20:43:32,346 INFO  [io.api.tes.ser.api.KafkaSerdesTester] (Thread-688) topic-26efb405_f7d3_45e3_ace6_e3476aa94831 0 37 {"key11753994605246": "value-7", "key21753994607397": "value-7", "key31753994609953": "value-7"}
2025-07-31 20:43:32,346 INFO  [io.api.tes.ser.api.KafkaSerdesTester] (Thread-688) topic-26efb405_f7d3_45e3_ace6_e3476aa94831 0 38 {"key11753994605246": "value-8", "key21753994607397": "value-8", "key31753994609953": "value-8"}
2025-07-31 20:43:32,347 INFO  [io.api.tes.ser.api.KafkaSerdesTester] (Thread-688) topic-26efb405_f7d3_45e3_ace6_e3476aa94831 0 39 {"key11753994605246": "value-9", "key21753994607397": "value-9", "key31753994609953": "value-9"}
2025-07-31 20:43:32,347 INFO  [io.api.tes.ser.api.KafkaSerdesTester] (Thread-688) topic-26efb405_f7d3_45e3_ace6_e3476aa94831 0 40 {"key11753994605246": "value-0", "key21753994607397": "value-0"}
2025-07-31 20:43:32,347 INFO  [io.api.tes.ser.api.KafkaSerdesTester] (Thread-688) topic-26efb405_f7d3_45e3_ace6_e3476aa94831 0 41 {"key11753994605246": "value-1", "key21753994607397": "value-1"}
2025-07-31 20:43:32,347 INFO  [io.api.tes.ser.api.KafkaSerdesTester] (Thread-688) topic-26efb405_f7d3_45e3_ace6_e3476aa94831 0 42 {"key11753994605246": "value-2", "key21753994607397": "value-2"}
2025-07-31 20:43:32,347 INFO  [io.api.tes.ser.api.KafkaSerdesTester] (Thread-688) topic-26efb405_f7d3_45e3_ace6_e3476aa94831 0 43 {"key11753994605246": "value-3", "key21753994607397": "value-3"}
2025-07-31 20:43:32,347 INFO  [io.api.tes.ser.api.KafkaSerdesTester] (Thread-688) topic-26efb405_f7d3_45e3_ace6_e3476aa94831 0 44 {"key11753994605246": "value-4", "key21753994607397": "value-4"}
2025-07-31 20:43:32,347 INFO  [io.api.tes.ser.api.KafkaSerdesTester] (Thread-688) topic-26efb405_f7d3_45e3_ace6_e3476aa94831 0 45 {"key11753994605246": "value-5", "key21753994607397": "value-5"}
2025-07-31 20:43:32,347 INFO  [io.api.tes.ser.api.KafkaSerdesTester] (Thread-688) topic-26efb405_f7d3_45e3_ace6_e3476aa94831 0 46 {"key11753994605246": "value-6", "key21753994607397": "value-6"}
2025-07-31 20:43:32,347 INFO  [io.api.tes.ser.api.KafkaSerdesTester] (Thread-688) topic-26efb405_f7d3_45e3_ace6_e3476aa94831 0 47 {"key11753994605246": "value-7", "key21753994607397": "value-7"}
2025-07-31 20:43:32,347 INFO  [io.api.tes.ser.api.KafkaSerdesTester] (Thread-688) topic-26efb405_f7d3_45e3_ace6_e3476aa94831 0 48 {"key11753994605246": "value-8", "key21753994607397": "value-8"}
2025-07-31 20:43:32,347 INFO  [io.api.tes.ser.api.KafkaSerdesTester] (Thread-688) topic-26efb405_f7d3_45e3_ace6_e3476aa94831 0 49 {"key11753994605246": "value-9", "key21753994607397": "value-9"}
2025-07-31 20:43:32,347 INFO  [io.api.tes.ser.api.KafkaSerdesTester] (Thread-688) topic-26efb405_f7d3_45e3_ace6_e3476aa94831 0 50 {"key11753994605246": "value-0"}
2025-07-31 20:43:32,347 INFO  [io.api.tes.ser.api.KafkaSerdesTester] (Thread-688) topic-26efb405_f7d3_45e3_ace6_e3476aa94831 0 51 {"key11753994605246": "value-1"}
2025-07-31 20:43:32,347 INFO  [io.api.tes.ser.api.KafkaSerdesTester] (Thread-688) topic-26efb405_f7d3_45e3_ace6_e3476aa94831 0 52 {"key11753994605246": "value-2"}
2025-07-31 20:43:32,347 INFO  [io.api.tes.ser.api.KafkaSerdesTester] (Thread-688) topic-26efb405_f7d3_45e3_ace6_e3476aa94831 0 53 {"key11753994605246": "value-3"}
2025-07-31 20:43:32,347 INFO  [io.api.tes.ser.api.KafkaSerdesTester] (Thread-688) topic-26efb405_f7d3_45e3_ace6_e3476aa94831 0 54 {"key11753994605246": "value-4"}
2025-07-31 20:43:32,347 INFO  [io.api.tes.ser.api.KafkaSerdesTester] (Thread-688) topic-26efb405_f7d3_45e3_ace6_e3476aa94831 0 55 {"key11753994605246": "value-5"}
2025-07-31 20:43:32,347 INFO  [io.api.tes.ser.api.KafkaSerdesTester] (Thread-688) topic-26efb405_f7d3_45e3_ace6_e3476aa94831 0 56 {"key11753994605246": "value-6"}
2025-07-31 20:43:32,347 INFO  [io.api.tes.ser.api.KafkaSerdesTester] (Thread-688) topic-26efb405_f7d3_45e3_ace6_e3476aa94831 0 57 {"key11753994605246": "value-7"}
2025-07-31 20:43:32,347 INFO  [io.api.tes.ser.api.KafkaSerdesTester] (Thread-688) topic-26efb405_f7d3_45e3_ace6_e3476aa94831 0 58 {"key11753994605246": "value-8"}
2025-07-31 20:43:32,347 INFO  [io.api.tes.ser.api.KafkaSerdesTester] (Thread-688) topic-26efb405_f7d3_45e3_ace6_e3476aa94831 0 59 {"key11753994605246": "value-9"}
2025-07-31 20:43:32,347 INFO  [io.api.tes.ser.api.KafkaSerdesTester] (Thread-688) Consumed 30 messages
2025-07-31 20:43:32,349 INFO  [org.apa.kaf.cli.con.int.ConsumerRebalanceListenerInvoker] (Thread-688) [Consumer clientId=consumer-Consumer-topic-26efb405_f7d3_45e3_ace6_e3476aa94831-12, groupId=Consumer-topic-26efb405_f7d3_45e3_ace6_e3476aa94831] Revoke previously assigned partitions topic-26efb405_f7d3_45e3_ace6_e3476aa94831-0
2025-07-31 20:43:32,349 INFO  [org.apa.kaf.cli.con.int.ConsumerCoordinator] (Thread-688) [Consumer clientId=consumer-Consumer-topic-26efb405_f7d3_45e3_ace6_e3476aa94831-12, groupId=Consumer-topic-26efb405_f7d3_45e3_ace6_e3476aa94831] Member consumer-Consumer-topic-26efb405_f7d3_45e3_ace6_e3476aa94831-12-8111a4ac-9465-45de-9bc1-85437b2c3766 sending LeaveGroup request to coordinator localhost:32770 (id: 2147483647 rack: null) due to the consumer is being closed
2025-07-31 20:43:32,350 INFO  [org.apa.kaf.cli.con.int.ConsumerCoordinator] (Thread-688) [Consumer clientId=consumer-Consumer-topic-26efb405_f7d3_45e3_ace6_e3476aa94831-12, groupId=Consumer-topic-26efb405_f7d3_45e3_ace6_e3476aa94831] Resetting generation and member id due to: consumer pro-actively leaving the group
2025-07-31 20:43:32,350 INFO  [org.apa.kaf.cli.con.int.ConsumerCoordinator] (Thread-688) [Consumer clientId=consumer-Consumer-topic-26efb405_f7d3_45e3_ace6_e3476aa94831-12, groupId=Consumer-topic-26efb405_f7d3_45e3_ace6_e3476aa94831] Request joining group due to: consumer pro-actively leaving the group
2025-07-31 20:43:32,848 INFO  [org.apa.kaf.com.met.Metrics] (Thread-688) Metrics scheduler closed
2025-07-31 20:43:32,848 INFO  [org.apa.kaf.com.met.Metrics] (Thread-688) Closing reporter org.apache.kafka.common.metrics.JmxReporter
2025-07-31 20:43:32,848 INFO  [org.apa.kaf.com.met.Metrics] (Thread-688) Closing reporter org.apache.kafka.common.telemetry.internals.ClientTelemetryReporter
2025-07-31 20:43:32,848 INFO  [org.apa.kaf.com.met.Metrics] (Thread-688) Metrics reporters closed
2025-07-31 20:43:32,850 INFO  [org.apa.kaf.com.uti.AppInfoParser] (Thread-688) App info kafka.consumer for consumer-Consumer-topic-26efb405_f7d3_45e3_ace6_e3476aa94831-12 unregistered
2025-07-31 20:43:32,850 INFO  [org.apa.kaf.cli.pro.KafkaProducer] (main) [Producer clientId=Producer-topic-26efb405_f7d3_45e3_ace6_e3476aa94831] Closing the Kafka producer with timeoutMillis = 9223372036854775807 ms.
2025-07-31 20:43:32,850 INFO  [org.apa.kaf.com.met.Metrics] (main) Metrics scheduler closed
2025-07-31 20:43:32,851 INFO  [org.apa.kaf.com.met.Metrics] (main) Closing reporter org.apache.kafka.common.metrics.JmxReporter
2025-07-31 20:43:32,851 INFO  [org.apa.kaf.com.met.Metrics] (main) Closing reporter org.apache.kafka.common.telemetry.internals.ClientTelemetryReporter
2025-07-31 20:43:32,851 INFO  [org.apa.kaf.com.met.Metrics] (main) Metrics reporters closed
2025-07-31 20:43:32,851 INFO  [org.apa.kaf.com.uti.AppInfoParser] (main) App info kafka.producer for Producer-topic-26efb405_f7d3_45e3_ace6_e3476aa94831 unregistered
2025-07-31 20:43:32,851 INFO  [io.api.tes.uti.TestSeparator] (main) io.apicurio.tests.serdes.apicurio.AvroSerdeIT.testEvolveAvroApicurio-FINISHED
2025-07-31 20:43:32,851 INFO  [io.api.tes.uti.TestSeparator] (main) ############################################################################
Test passed: testEvolveAvroApicurio
]]></system-out>
  </testcase>
  <testcase name="testTopicRecordIdStrategydFindLatest" classname="io.apicurio.tests.serdes.apicurio.AvroSerdeIT" time="2.321">
    <system-out><![CDATA[2025-07-31 20:43:32,857 INFO  [io.api.tes.uti.TestSeparator] (main) ############################################################################
2025-07-31 20:43:32,857 INFO  [io.api.tes.uti.TestSeparator] (main) io.apicurio.tests.serdes.apicurio.AvroSerdeIT.testTopicRecordIdStrategydFindLatest-STARTED
2025-07-31 20:43:32,858 INFO  [io.api.tes.ser.api.AvroSerdeIT] (main) Registering Avro Schema: {"type":"record","name":"s62dd61b1x712ex495ex86faxe4fc67ae13ea","namespace":"s583cd7e4x9c22x46f2x9451xe7889ba72cd4","fields":[{"name":"key11753994612857","type":"string"}]}
**** Registry Base URL: http://registry-app-mysql.apps.ci419.apicurio-testing.org:80
2025-07-31 20:43:34,039 INFO  [org.apa.kaf.cli.pro.ProducerConfig] (main) ProducerConfig values: 
	acks = -1
	auto.include.jmx.reporter = true
	batch.size = 16384
	bootstrap.servers = [PLAINTEXT://localhost:32770]
	buffer.memory = 33554432
	client.dns.lookup = use_all_dns_ips
	client.id = Producer-topic-ed55f36e_e550_40c3_80a7_ae8ef07fe1c5
	compression.gzip.level = -1
	compression.lz4.level = 9
	compression.type = none
	compression.zstd.level = 3
	connections.max.idle.ms = 10000
	delivery.timeout.ms = 120000
	enable.idempotence = true
	enable.metrics.push = true
	interceptor.classes = []
	key.serializer = class org.apache.kafka.common.serialization.StringSerializer
	linger.ms = 0
	max.block.ms = 60000
	max.in.flight.requests.per.connection = 5
	max.request.size = 1048576
	metadata.max.age.ms = 300000
	metadata.max.idle.ms = 300000
	metadata.recovery.strategy = none
	metric.reporters = []
	metrics.num.samples = 2
	metrics.recording.level = INFO
	metrics.sample.window.ms = 30000
	partitioner.adaptive.partitioning.enable = true
	partitioner.availability.timeout.ms = 0
	partitioner.class = null
	partitioner.ignore.keys = false
	receive.buffer.bytes = 32768
	reconnect.backoff.max.ms = 1000
	reconnect.backoff.ms = 50
	request.timeout.ms = 5000
	retries = 2147483647
	retry.backoff.max.ms = 1000
	retry.backoff.ms = 100
	sasl.client.callback.handler.class = null
	sasl.jaas.config = null
	sasl.kerberos.kinit.cmd = /usr/bin/kinit
	sasl.kerberos.min.time.before.relogin = 60000
	sasl.kerberos.service.name = null
	sasl.kerberos.ticket.renew.jitter = 0.05
	sasl.kerberos.ticket.renew.window.factor = 0.8
	sasl.login.callback.handler.class = null
	sasl.login.class = null
	sasl.login.connect.timeout.ms = null
	sasl.login.read.timeout.ms = null
	sasl.login.refresh.buffer.seconds = 300
	sasl.login.refresh.min.period.seconds = 60
	sasl.login.refresh.window.factor = 0.8
	sasl.login.refresh.window.jitter = 0.05
	sasl.login.retry.backoff.max.ms = 10000
	sasl.login.retry.backoff.ms = 100
	sasl.mechanism = GSSAPI
	sasl.oauthbearer.clock.skew.seconds = 30
	sasl.oauthbearer.expected.audience = null
	sasl.oauthbearer.expected.issuer = null
	sasl.oauthbearer.header.urlencode = false
	sasl.oauthbearer.jwks.endpoint.refresh.ms = 3600000
	sasl.oauthbearer.jwks.endpoint.retry.backoff.max.ms = 10000
	sasl.oauthbearer.jwks.endpoint.retry.backoff.ms = 100
	sasl.oauthbearer.jwks.endpoint.url = null
	sasl.oauthbearer.scope.claim.name = scope
	sasl.oauthbearer.sub.claim.name = sub
	sasl.oauthbearer.token.endpoint.url = null
	security.protocol = PLAINTEXT
	security.providers = null
	send.buffer.bytes = 131072
	socket.connection.setup.timeout.max.ms = 30000
	socket.connection.setup.timeout.ms = 10000
	ssl.cipher.suites = null
	ssl.enabled.protocols = [TLSv1.2, TLSv1.3]
	ssl.endpoint.identification.algorithm = https
	ssl.engine.factory.class = null
	ssl.key.password = null
	ssl.keymanager.algorithm = SunX509
	ssl.keystore.certificate.chain = null
	ssl.keystore.key = null
	ssl.keystore.location = null
	ssl.keystore.password = null
	ssl.keystore.type = JKS
	ssl.protocol = TLSv1.3
	ssl.provider = null
	ssl.secure.random.implementation = null
	ssl.trustmanager.algorithm = PKIX
	ssl.truststore.certificates = null
	ssl.truststore.location = null
	ssl.truststore.password = null
	ssl.truststore.type = JKS
	transaction.timeout.ms = 60000
	transactional.id = null
	value.serializer = class io.apicurio.registry.serde.avro.AvroKafkaSerializer

2025-07-31 20:43:34,040 INFO  [org.apa.kaf.com.tel.int.KafkaMetricsCollector] (main) initializing Kafka metrics collector
2025-07-31 20:43:34,043 INFO  [org.apa.kaf.cli.pro.KafkaProducer] (main) [Producer clientId=Producer-topic-ed55f36e_e550_40c3_80a7_ae8ef07fe1c5] Instantiated an idempotent producer.
2025-07-31 20:43:34,046 INFO  [org.apa.kaf.cli.pro.ProducerConfig] (main) These configurations '[apicurio.registry.find-latest, apicurio.registry.url, apicurio.registry.artifact-resolver-strategy]' were supplied but are not used yet.
2025-07-31 20:43:34,046 INFO  [org.apa.kaf.com.uti.AppInfoParser] (main) Kafka version: 3.9.1
2025-07-31 20:43:34,046 INFO  [org.apa.kaf.com.uti.AppInfoParser] (main) Kafka commitId: f745dfdcee2b9851
2025-07-31 20:43:34,046 INFO  [org.apa.kaf.com.uti.AppInfoParser] (main) Kafka startTimeMs: 1753994614046
2025-07-31 20:43:34,047 INFO  [io.api.tes.ser.api.SimpleSerdesTesterBuilder$SimpleSerdesTester] (main) Using producer configuration: {apicurio.registry.find-latest=true, apicurio.registry.url=http://registry-app-mysql.apps.ci419.apicurio-testing.org:80/apis/registry/v3, apicurio.registry.artifact-resolver-strategy=io.apicurio.registry.serde.avro.strategy.TopicRecordIdStrategy, value.serializer=io.apicurio.registry.serde.avro.AvroKafkaSerializer, request.timeout.ms=5000, acks=all, bootstrap.servers=PLAINTEXT://localhost:32770, connections.max.idle.ms=10000, key.serializer=org.apache.kafka.common.serialization.StringSerializer, client.id=Producer-topic-ed55f36e_e550_40c3_80a7_ae8ef07fe1c5}
2025-07-31 20:43:34,048 INFO  [io.api.tes.ser.api.SimpleSerdesTesterBuilder$SimpleSerdesTester] (main) Using consumer configuration: {}
2025-07-31 20:43:34,048 INFO  [io.api.tes.ser.api.KafkaSerdesTester] (Thread-691) Sending message {"key11753994612857": "value-0"} to topic topic-ed55f36e_e550_40c3_80a7_ae8ef07fe1c5
2025-07-31 20:43:34,050 INFO  [org.apa.kaf.cli.Metadata] (kafka-producer-network-thread | Producer-topic-ed55f36e_e550_40c3_80a7_ae8ef07fe1c5) [Producer clientId=Producer-topic-ed55f36e_e550_40c3_80a7_ae8ef07fe1c5] Cluster ID: 6lKjf0w6TFCctmqQa8E77g
2025-07-31 20:43:34,051 INFO  [org.apa.kaf.cli.pro.int.TransactionManager] (kafka-producer-network-thread | Producer-topic-ed55f36e_e550_40c3_80a7_ae8ef07fe1c5) [Producer clientId=Producer-topic-ed55f36e_e550_40c3_80a7_ae8ef07fe1c5] ProducerId set to 18 with epoch 0
2025-07-31 20:43:34,380 INFO  [io.api.tes.ser.api.KafkaSerdesTester] (Thread-691) Sending message {"key11753994612857": "value-1"} to topic topic-ed55f36e_e550_40c3_80a7_ae8ef07fe1c5
2025-07-31 20:43:34,381 INFO  [io.api.tes.ser.api.KafkaSerdesTester] (Thread-691) Sending message {"key11753994612857": "value-2"} to topic topic-ed55f36e_e550_40c3_80a7_ae8ef07fe1c5
2025-07-31 20:43:34,383 INFO  [io.api.tes.ser.api.KafkaSerdesTester] (Thread-691) Sending message {"key11753994612857": "value-3"} to topic topic-ed55f36e_e550_40c3_80a7_ae8ef07fe1c5
2025-07-31 20:43:34,384 INFO  [io.api.tes.ser.api.KafkaSerdesTester] (Thread-691) Sending message {"key11753994612857": "value-4"} to topic topic-ed55f36e_e550_40c3_80a7_ae8ef07fe1c5
2025-07-31 20:43:34,385 INFO  [io.api.tes.ser.api.KafkaSerdesTester] (Thread-691) Sending message {"key11753994612857": "value-5"} to topic topic-ed55f36e_e550_40c3_80a7_ae8ef07fe1c5
2025-07-31 20:43:34,386 INFO  [io.api.tes.ser.api.KafkaSerdesTester] (Thread-691) Sending message {"key11753994612857": "value-6"} to topic topic-ed55f36e_e550_40c3_80a7_ae8ef07fe1c5
2025-07-31 20:43:34,387 INFO  [io.api.tes.ser.api.KafkaSerdesTester] (Thread-691) Sending message {"key11753994612857": "value-7"} to topic topic-ed55f36e_e550_40c3_80a7_ae8ef07fe1c5
2025-07-31 20:43:34,388 INFO  [io.api.tes.ser.api.KafkaSerdesTester] (Thread-691) Sending message {"key11753994612857": "value-8"} to topic topic-ed55f36e_e550_40c3_80a7_ae8ef07fe1c5
2025-07-31 20:43:34,389 INFO  [io.api.tes.ser.api.KafkaSerdesTester] (Thread-691) Sending message {"key11753994612857": "value-9"} to topic topic-ed55f36e_e550_40c3_80a7_ae8ef07fe1c5
2025-07-31 20:43:34,391 INFO  [io.api.tes.ser.api.KafkaSerdesTester] (Thread-691) Produced 10 messages
2025-07-31 20:43:34,391 INFO  [org.apa.kaf.cli.pro.KafkaProducer] (Thread-691) [Producer clientId=Producer-topic-ed55f36e_e550_40c3_80a7_ae8ef07fe1c5] Closing the Kafka producer with timeoutMillis = 9223372036854775807 ms.
2025-07-31 20:43:34,392 INFO  [org.apa.kaf.com.met.Metrics] (Thread-691) Metrics scheduler closed
2025-07-31 20:43:34,392 INFO  [org.apa.kaf.com.met.Metrics] (Thread-691) Closing reporter org.apache.kafka.common.metrics.JmxReporter
2025-07-31 20:43:34,392 INFO  [org.apa.kaf.com.met.Metrics] (Thread-691) Closing reporter org.apache.kafka.common.telemetry.internals.ClientTelemetryReporter
2025-07-31 20:43:34,392 INFO  [org.apa.kaf.com.met.Metrics] (Thread-691) Metrics reporters closed
2025-07-31 20:43:34,392 INFO  [org.apa.kaf.com.uti.AppInfoParser] (Thread-691) App info kafka.producer for Producer-topic-ed55f36e_e550_40c3_80a7_ae8ef07fe1c5 unregistered
**** Registry Base URL: http://registry-app-mysql.apps.ci419.apicurio-testing.org:80
2025-07-31 20:43:34,393 INFO  [org.apa.kaf.cli.con.ConsumerConfig] (main) ConsumerConfig values: 
	allow.auto.create.topics = true
	auto.commit.interval.ms = 500
	auto.include.jmx.reporter = true
	auto.offset.reset = earliest
	bootstrap.servers = [PLAINTEXT://localhost:32770]
	check.crcs = true
	client.dns.lookup = use_all_dns_ips
	client.id = consumer-Consumer-topic-ed55f36e_e550_40c3_80a7_ae8ef07fe1c5-13
	client.rack = 
	connections.max.idle.ms = 10000
	default.api.timeout.ms = 60000
	enable.auto.commit = true
	enable.metrics.push = true
	exclude.internal.topics = true
	fetch.max.bytes = 52428800
	fetch.max.wait.ms = 500
	fetch.min.bytes = 1
	group.id = Consumer-topic-ed55f36e_e550_40c3_80a7_ae8ef07fe1c5
	group.instance.id = null
	group.protocol = classic
	group.remote.assignor = null
	heartbeat.interval.ms = 3000
	interceptor.classes = []
	internal.leave.group.on.close = true
	internal.throw.on.fetch.stable.offset.unsupported = false
	isolation.level = read_uncommitted
	key.deserializer = class org.apache.kafka.common.serialization.StringDeserializer
	max.partition.fetch.bytes = 1048576
	max.poll.interval.ms = 300000
	max.poll.records = 500
	metadata.max.age.ms = 300000
	metadata.recovery.strategy = none
	metric.reporters = []
	metrics.num.samples = 2
	metrics.recording.level = INFO
	metrics.sample.window.ms = 30000
	partition.assignment.strategy = [class org.apache.kafka.clients.consumer.RangeAssignor, class org.apache.kafka.clients.consumer.CooperativeStickyAssignor]
	receive.buffer.bytes = 65536
	reconnect.backoff.max.ms = 1000
	reconnect.backoff.ms = 50
	request.timeout.ms = 5000
	retry.backoff.max.ms = 1000
	retry.backoff.ms = 100
	sasl.client.callback.handler.class = null
	sasl.jaas.config = null
	sasl.kerberos.kinit.cmd = /usr/bin/kinit
	sasl.kerberos.min.time.before.relogin = 60000
	sasl.kerberos.service.name = null
	sasl.kerberos.ticket.renew.jitter = 0.05
	sasl.kerberos.ticket.renew.window.factor = 0.8
	sasl.login.callback.handler.class = null
	sasl.login.class = null
	sasl.login.connect.timeout.ms = null
	sasl.login.read.timeout.ms = null
	sasl.login.refresh.buffer.seconds = 300
	sasl.login.refresh.min.period.seconds = 60
	sasl.login.refresh.window.factor = 0.8
	sasl.login.refresh.window.jitter = 0.05
	sasl.login.retry.backoff.max.ms = 10000
	sasl.login.retry.backoff.ms = 100
	sasl.mechanism = GSSAPI
	sasl.oauthbearer.clock.skew.seconds = 30
	sasl.oauthbearer.expected.audience = null
	sasl.oauthbearer.expected.issuer = null
	sasl.oauthbearer.header.urlencode = false
	sasl.oauthbearer.jwks.endpoint.refresh.ms = 3600000
	sasl.oauthbearer.jwks.endpoint.retry.backoff.max.ms = 10000
	sasl.oauthbearer.jwks.endpoint.retry.backoff.ms = 100
	sasl.oauthbearer.jwks.endpoint.url = null
	sasl.oauthbearer.scope.claim.name = scope
	sasl.oauthbearer.sub.claim.name = sub
	sasl.oauthbearer.token.endpoint.url = null
	security.protocol = PLAINTEXT
	security.providers = null
	send.buffer.bytes = 131072
	session.timeout.ms = 45000
	socket.connection.setup.timeout.max.ms = 30000
	socket.connection.setup.timeout.ms = 10000
	ssl.cipher.suites = null
	ssl.enabled.protocols = [TLSv1.2, TLSv1.3]
	ssl.endpoint.identification.algorithm = https
	ssl.engine.factory.class = null
	ssl.key.password = null
	ssl.keymanager.algorithm = SunX509
	ssl.keystore.certificate.chain = null
	ssl.keystore.key = null
	ssl.keystore.location = null
	ssl.keystore.password = null
	ssl.keystore.type = JKS
	ssl.protocol = TLSv1.3
	ssl.provider = null
	ssl.secure.random.implementation = null
	ssl.trustmanager.algorithm = PKIX
	ssl.truststore.certificates = null
	ssl.truststore.location = null
	ssl.truststore.password = null
	ssl.truststore.type = JKS
	value.deserializer = class io.apicurio.registry.serde.avro.AvroKafkaDeserializer

2025-07-31 20:43:34,393 INFO  [org.apa.kaf.com.tel.int.KafkaMetricsCollector] (main) initializing Kafka metrics collector
2025-07-31 20:43:34,399 INFO  [org.apa.kaf.cli.con.ConsumerConfig] (main) These configurations '[apicurio.registry.url]' were supplied but are not used yet.
2025-07-31 20:43:34,399 INFO  [org.apa.kaf.com.uti.AppInfoParser] (main) Kafka version: 3.9.1
2025-07-31 20:43:34,399 INFO  [org.apa.kaf.com.uti.AppInfoParser] (main) Kafka commitId: f745dfdcee2b9851
2025-07-31 20:43:34,399 INFO  [org.apa.kaf.com.uti.AppInfoParser] (main) Kafka startTimeMs: 1753994614399
2025-07-31 20:43:34,399 INFO  [org.apa.kaf.cli.con.int.ClassicKafkaConsumer] (Thread-694) [Consumer clientId=consumer-Consumer-topic-ed55f36e_e550_40c3_80a7_ae8ef07fe1c5-13, groupId=Consumer-topic-ed55f36e_e550_40c3_80a7_ae8ef07fe1c5] Subscribed to topic(s): topic-ed55f36e_e550_40c3_80a7_ae8ef07fe1c5
2025-07-31 20:43:34,403 INFO  [org.apa.kaf.cli.Metadata] (Thread-694) [Consumer clientId=consumer-Consumer-topic-ed55f36e_e550_40c3_80a7_ae8ef07fe1c5-13, groupId=Consumer-topic-ed55f36e_e550_40c3_80a7_ae8ef07fe1c5] Cluster ID: 6lKjf0w6TFCctmqQa8E77g
2025-07-31 20:43:34,405 INFO  [org.apa.kaf.cli.con.int.ConsumerCoordinator] (Thread-694) [Consumer clientId=consumer-Consumer-topic-ed55f36e_e550_40c3_80a7_ae8ef07fe1c5-13, groupId=Consumer-topic-ed55f36e_e550_40c3_80a7_ae8ef07fe1c5] Discovered group coordinator localhost:32770 (id: 2147483647 rack: null)
2025-07-31 20:43:34,408 INFO  [org.apa.kaf.cli.con.int.ConsumerCoordinator] (Thread-694) [Consumer clientId=consumer-Consumer-topic-ed55f36e_e550_40c3_80a7_ae8ef07fe1c5-13, groupId=Consumer-topic-ed55f36e_e550_40c3_80a7_ae8ef07fe1c5] (Re-)joining group
2025-07-31 20:43:34,413 INFO  [org.apa.kaf.cli.con.int.ConsumerCoordinator] (Thread-694) [Consumer clientId=consumer-Consumer-topic-ed55f36e_e550_40c3_80a7_ae8ef07fe1c5-13, groupId=Consumer-topic-ed55f36e_e550_40c3_80a7_ae8ef07fe1c5] Request joining group due to: need to re-join with the given member-id: consumer-Consumer-topic-ed55f36e_e550_40c3_80a7_ae8ef07fe1c5-13-27a5fc46-4ec7-4a44-8757-b3b8b4d0718d
2025-07-31 20:43:34,413 INFO  [org.apa.kaf.cli.con.int.ConsumerCoordinator] (Thread-694) [Consumer clientId=consumer-Consumer-topic-ed55f36e_e550_40c3_80a7_ae8ef07fe1c5-13, groupId=Consumer-topic-ed55f36e_e550_40c3_80a7_ae8ef07fe1c5] (Re-)joining group
2025-07-31 20:43:34,417 INFO  [org.apa.kaf.cli.con.int.ConsumerCoordinator] (Thread-694) [Consumer clientId=consumer-Consumer-topic-ed55f36e_e550_40c3_80a7_ae8ef07fe1c5-13, groupId=Consumer-topic-ed55f36e_e550_40c3_80a7_ae8ef07fe1c5] Successfully joined group with generation Generation{generationId=1, memberId='consumer-Consumer-topic-ed55f36e_e550_40c3_80a7_ae8ef07fe1c5-13-27a5fc46-4ec7-4a44-8757-b3b8b4d0718d', protocol='range'}
2025-07-31 20:43:34,417 INFO  [org.apa.kaf.cli.con.int.ConsumerCoordinator] (Thread-694) [Consumer clientId=consumer-Consumer-topic-ed55f36e_e550_40c3_80a7_ae8ef07fe1c5-13, groupId=Consumer-topic-ed55f36e_e550_40c3_80a7_ae8ef07fe1c5] Finished assignment for group at generation 1: {consumer-Consumer-topic-ed55f36e_e550_40c3_80a7_ae8ef07fe1c5-13-27a5fc46-4ec7-4a44-8757-b3b8b4d0718d=Assignment(partitions=[topic-ed55f36e_e550_40c3_80a7_ae8ef07fe1c5-0])}
2025-07-31 20:43:34,419 INFO  [org.apa.kaf.cli.con.int.ConsumerCoordinator] (kafka-coordinator-heartbeat-thread | Consumer-topic-ed55f36e_e550_40c3_80a7_ae8ef07fe1c5) [Consumer clientId=consumer-Consumer-topic-ed55f36e_e550_40c3_80a7_ae8ef07fe1c5-13, groupId=Consumer-topic-ed55f36e_e550_40c3_80a7_ae8ef07fe1c5] Successfully synced group in generation Generation{generationId=1, memberId='consumer-Consumer-topic-ed55f36e_e550_40c3_80a7_ae8ef07fe1c5-13-27a5fc46-4ec7-4a44-8757-b3b8b4d0718d', protocol='range'}
2025-07-31 20:43:34,419 INFO  [org.apa.kaf.cli.con.int.ConsumerCoordinator] (Thread-694) [Consumer clientId=consumer-Consumer-topic-ed55f36e_e550_40c3_80a7_ae8ef07fe1c5-13, groupId=Consumer-topic-ed55f36e_e550_40c3_80a7_ae8ef07fe1c5] Notifying assignor about the new Assignment(partitions=[topic-ed55f36e_e550_40c3_80a7_ae8ef07fe1c5-0])
2025-07-31 20:43:34,419 INFO  [org.apa.kaf.cli.con.int.ConsumerRebalanceListenerInvoker] (Thread-694) [Consumer clientId=consumer-Consumer-topic-ed55f36e_e550_40c3_80a7_ae8ef07fe1c5-13, groupId=Consumer-topic-ed55f36e_e550_40c3_80a7_ae8ef07fe1c5] Adding newly assigned partitions: topic-ed55f36e_e550_40c3_80a7_ae8ef07fe1c5-0
2025-07-31 20:43:34,421 INFO  [org.apa.kaf.cli.con.int.ConsumerCoordinator] (Thread-694) [Consumer clientId=consumer-Consumer-topic-ed55f36e_e550_40c3_80a7_ae8ef07fe1c5-13, groupId=Consumer-topic-ed55f36e_e550_40c3_80a7_ae8ef07fe1c5] Found no committed offset for partition topic-ed55f36e_e550_40c3_80a7_ae8ef07fe1c5-0
2025-07-31 20:43:34,423 INFO  [org.apa.kaf.cli.con.int.SubscriptionState] (Thread-694) [Consumer clientId=consumer-Consumer-topic-ed55f36e_e550_40c3_80a7_ae8ef07fe1c5-13, groupId=Consumer-topic-ed55f36e_e550_40c3_80a7_ae8ef07fe1c5] Resetting offset for partition topic-ed55f36e_e550_40c3_80a7_ae8ef07fe1c5-0 to position FetchPosition{offset=0, offsetEpoch=Optional.empty, currentLeader=LeaderAndEpoch{leader=Optional[localhost:32770 (id: 0 rack: null)], epoch=0}}.
2025-07-31 20:43:34,668 INFO  [io.api.tes.ser.api.KafkaSerdesTester] (Thread-694) topic-ed55f36e_e550_40c3_80a7_ae8ef07fe1c5 0 0 {"key11753994612857": "value-0"}
2025-07-31 20:43:34,668 INFO  [io.api.tes.ser.api.KafkaSerdesTester] (Thread-694) topic-ed55f36e_e550_40c3_80a7_ae8ef07fe1c5 0 1 {"key11753994612857": "value-1"}
2025-07-31 20:43:34,668 INFO  [io.api.tes.ser.api.KafkaSerdesTester] (Thread-694) topic-ed55f36e_e550_40c3_80a7_ae8ef07fe1c5 0 2 {"key11753994612857": "value-2"}
2025-07-31 20:43:34,668 INFO  [io.api.tes.ser.api.KafkaSerdesTester] (Thread-694) topic-ed55f36e_e550_40c3_80a7_ae8ef07fe1c5 0 3 {"key11753994612857": "value-3"}
2025-07-31 20:43:34,668 INFO  [io.api.tes.ser.api.KafkaSerdesTester] (Thread-694) topic-ed55f36e_e550_40c3_80a7_ae8ef07fe1c5 0 4 {"key11753994612857": "value-4"}
2025-07-31 20:43:34,668 INFO  [io.api.tes.ser.api.KafkaSerdesTester] (Thread-694) topic-ed55f36e_e550_40c3_80a7_ae8ef07fe1c5 0 5 {"key11753994612857": "value-5"}
2025-07-31 20:43:34,668 INFO  [io.api.tes.ser.api.KafkaSerdesTester] (Thread-694) topic-ed55f36e_e550_40c3_80a7_ae8ef07fe1c5 0 6 {"key11753994612857": "value-6"}
2025-07-31 20:43:34,668 INFO  [io.api.tes.ser.api.KafkaSerdesTester] (Thread-694) topic-ed55f36e_e550_40c3_80a7_ae8ef07fe1c5 0 7 {"key11753994612857": "value-7"}
2025-07-31 20:43:34,668 INFO  [io.api.tes.ser.api.KafkaSerdesTester] (Thread-694) topic-ed55f36e_e550_40c3_80a7_ae8ef07fe1c5 0 8 {"key11753994612857": "value-8"}
2025-07-31 20:43:34,668 INFO  [io.api.tes.ser.api.KafkaSerdesTester] (Thread-694) topic-ed55f36e_e550_40c3_80a7_ae8ef07fe1c5 0 9 {"key11753994612857": "value-9"}
2025-07-31 20:43:34,668 INFO  [io.api.tes.ser.api.KafkaSerdesTester] (Thread-694) Consumed 10 messages
2025-07-31 20:43:34,671 INFO  [org.apa.kaf.cli.con.int.ConsumerRebalanceListenerInvoker] (Thread-694) [Consumer clientId=consumer-Consumer-topic-ed55f36e_e550_40c3_80a7_ae8ef07fe1c5-13, groupId=Consumer-topic-ed55f36e_e550_40c3_80a7_ae8ef07fe1c5] Revoke previously assigned partitions topic-ed55f36e_e550_40c3_80a7_ae8ef07fe1c5-0
2025-07-31 20:43:34,671 INFO  [org.apa.kaf.cli.con.int.ConsumerCoordinator] (Thread-694) [Consumer clientId=consumer-Consumer-topic-ed55f36e_e550_40c3_80a7_ae8ef07fe1c5-13, groupId=Consumer-topic-ed55f36e_e550_40c3_80a7_ae8ef07fe1c5] Member consumer-Consumer-topic-ed55f36e_e550_40c3_80a7_ae8ef07fe1c5-13-27a5fc46-4ec7-4a44-8757-b3b8b4d0718d sending LeaveGroup request to coordinator localhost:32770 (id: 2147483647 rack: null) due to the consumer is being closed
2025-07-31 20:43:34,671 INFO  [org.apa.kaf.cli.con.int.ConsumerCoordinator] (Thread-694) [Consumer clientId=consumer-Consumer-topic-ed55f36e_e550_40c3_80a7_ae8ef07fe1c5-13, groupId=Consumer-topic-ed55f36e_e550_40c3_80a7_ae8ef07fe1c5] Resetting generation and member id due to: consumer pro-actively leaving the group
2025-07-31 20:43:34,671 INFO  [org.apa.kaf.cli.con.int.ConsumerCoordinator] (Thread-694) [Consumer clientId=consumer-Consumer-topic-ed55f36e_e550_40c3_80a7_ae8ef07fe1c5-13, groupId=Consumer-topic-ed55f36e_e550_40c3_80a7_ae8ef07fe1c5] Request joining group due to: consumer pro-actively leaving the group
2025-07-31 20:43:35,170 INFO  [org.apa.kaf.com.met.Metrics] (Thread-694) Metrics scheduler closed
2025-07-31 20:43:35,170 INFO  [org.apa.kaf.com.met.Metrics] (Thread-694) Closing reporter org.apache.kafka.common.metrics.JmxReporter
2025-07-31 20:43:35,170 INFO  [org.apa.kaf.com.met.Metrics] (Thread-694) Closing reporter org.apache.kafka.common.telemetry.internals.ClientTelemetryReporter
2025-07-31 20:43:35,170 INFO  [org.apa.kaf.com.met.Metrics] (Thread-694) Metrics reporters closed
2025-07-31 20:43:35,172 INFO  [org.apa.kaf.com.uti.AppInfoParser] (Thread-694) App info kafka.consumer for consumer-Consumer-topic-ed55f36e_e550_40c3_80a7_ae8ef07fe1c5-13 unregistered
2025-07-31 20:43:35,173 INFO  [io.api.tes.uti.TestSeparator] (main) io.apicurio.tests.serdes.apicurio.AvroSerdeIT.testTopicRecordIdStrategydFindLatest-FINISHED
2025-07-31 20:43:35,173 INFO  [io.api.tes.uti.TestSeparator] (main) ############################################################################
Test passed: testTopicRecordIdStrategydFindLatest
]]></system-out>
  </testcase>
  <testcase name="testAvroConfluentForMultipleTopics" classname="io.apicurio.tests.serdes.apicurio.AvroSerdeIT" time="4.282">
    <system-out><![CDATA[2025-07-31 20:43:35,177 INFO  [io.api.tes.uti.TestSeparator] (main) ############################################################################
2025-07-31 20:43:35,177 INFO  [io.api.tes.uti.TestSeparator] (main) io.apicurio.tests.serdes.apicurio.AvroSerdeIT.testAvroConfluentForMultipleTopics-STARTED
2025-07-31 20:43:35,178 INFO  [io.api.tes.ser.api.AvroSerdeIT] (main) Registering Avro Schema: {"type":"record","name":"myrecordconfluent","fields":[{"name":"key11753994615177","type":"string"}]}
**** Registry Base URL: http://registry-app-mysql.apps.ci419.apicurio-testing.org:80
2025-07-31 20:43:36,354 INFO  [org.apa.kaf.cli.pro.ProducerConfig] (main) ProducerConfig values: 
	acks = -1
	auto.include.jmx.reporter = true
	batch.size = 16384
	bootstrap.servers = [PLAINTEXT://localhost:32770]
	buffer.memory = 33554432
	client.dns.lookup = use_all_dns_ips
	client.id = Producer-topic-5da38f94_ae43_4d1c_a306_19c78d0ab886
	compression.gzip.level = -1
	compression.lz4.level = 9
	compression.type = none
	compression.zstd.level = 3
	connections.max.idle.ms = 10000
	delivery.timeout.ms = 120000
	enable.idempotence = true
	enable.metrics.push = true
	interceptor.classes = []
	key.serializer = class org.apache.kafka.common.serialization.StringSerializer
	linger.ms = 0
	max.block.ms = 60000
	max.in.flight.requests.per.connection = 5
	max.request.size = 1048576
	metadata.max.age.ms = 300000
	metadata.max.idle.ms = 300000
	metadata.recovery.strategy = none
	metric.reporters = []
	metrics.num.samples = 2
	metrics.recording.level = INFO
	metrics.sample.window.ms = 30000
	partitioner.adaptive.partitioning.enable = true
	partitioner.availability.timeout.ms = 0
	partitioner.class = null
	partitioner.ignore.keys = false
	receive.buffer.bytes = 32768
	reconnect.backoff.max.ms = 1000
	reconnect.backoff.ms = 50
	request.timeout.ms = 5000
	retries = 2147483647
	retry.backoff.max.ms = 1000
	retry.backoff.ms = 100
	sasl.client.callback.handler.class = null
	sasl.jaas.config = null
	sasl.kerberos.kinit.cmd = /usr/bin/kinit
	sasl.kerberos.min.time.before.relogin = 60000
	sasl.kerberos.service.name = null
	sasl.kerberos.ticket.renew.jitter = 0.05
	sasl.kerberos.ticket.renew.window.factor = 0.8
	sasl.login.callback.handler.class = null
	sasl.login.class = null
	sasl.login.connect.timeout.ms = null
	sasl.login.read.timeout.ms = null
	sasl.login.refresh.buffer.seconds = 300
	sasl.login.refresh.min.period.seconds = 60
	sasl.login.refresh.window.factor = 0.8
	sasl.login.refresh.window.jitter = 0.05
	sasl.login.retry.backoff.max.ms = 10000
	sasl.login.retry.backoff.ms = 100
	sasl.mechanism = GSSAPI
	sasl.oauthbearer.clock.skew.seconds = 30
	sasl.oauthbearer.expected.audience = null
	sasl.oauthbearer.expected.issuer = null
	sasl.oauthbearer.header.urlencode = false
	sasl.oauthbearer.jwks.endpoint.refresh.ms = 3600000
	sasl.oauthbearer.jwks.endpoint.retry.backoff.max.ms = 10000
	sasl.oauthbearer.jwks.endpoint.retry.backoff.ms = 100
	sasl.oauthbearer.jwks.endpoint.url = null
	sasl.oauthbearer.scope.claim.name = scope
	sasl.oauthbearer.sub.claim.name = sub
	sasl.oauthbearer.token.endpoint.url = null
	security.protocol = PLAINTEXT
	security.providers = null
	send.buffer.bytes = 131072
	socket.connection.setup.timeout.max.ms = 30000
	socket.connection.setup.timeout.ms = 10000
	ssl.cipher.suites = null
	ssl.enabled.protocols = [TLSv1.2, TLSv1.3]
	ssl.endpoint.identification.algorithm = https
	ssl.engine.factory.class = null
	ssl.key.password = null
	ssl.keymanager.algorithm = SunX509
	ssl.keystore.certificate.chain = null
	ssl.keystore.key = null
	ssl.keystore.location = null
	ssl.keystore.password = null
	ssl.keystore.type = JKS
	ssl.protocol = TLSv1.3
	ssl.provider = null
	ssl.secure.random.implementation = null
	ssl.trustmanager.algorithm = PKIX
	ssl.truststore.certificates = null
	ssl.truststore.location = null
	ssl.truststore.password = null
	ssl.truststore.type = JKS
	transaction.timeout.ms = 60000
	transactional.id = null
	value.serializer = class io.apicurio.registry.serde.avro.AvroKafkaSerializer

2025-07-31 20:43:36,354 INFO  [org.apa.kaf.com.tel.int.KafkaMetricsCollector] (main) initializing Kafka metrics collector
2025-07-31 20:43:36,357 INFO  [org.apa.kaf.cli.pro.KafkaProducer] (main) [Producer clientId=Producer-topic-5da38f94_ae43_4d1c_a306_19c78d0ab886] Instantiated an idempotent producer.
2025-07-31 20:43:36,359 INFO  [org.apa.kaf.cli.pro.ProducerConfig] (main) These configurations '[apicurio.registry.url, apicurio.registry.artifact-resolver-strategy]' were supplied but are not used yet.
2025-07-31 20:43:36,359 INFO  [org.apa.kaf.com.uti.AppInfoParser] (main) Kafka version: 3.9.1
2025-07-31 20:43:36,359 INFO  [org.apa.kaf.com.uti.AppInfoParser] (main) Kafka commitId: f745dfdcee2b9851
2025-07-31 20:43:36,359 INFO  [org.apa.kaf.com.uti.AppInfoParser] (main) Kafka startTimeMs: 1753994616359
**** Registry Base URL: http://registry-app-mysql.apps.ci419.apicurio-testing.org:80
2025-07-31 20:43:36,360 INFO  [org.apa.kaf.cli.pro.ProducerConfig] (main) ProducerConfig values: 
	acks = -1
	auto.include.jmx.reporter = true
	batch.size = 16384
	bootstrap.servers = [PLAINTEXT://localhost:32770]
	buffer.memory = 33554432
	client.dns.lookup = use_all_dns_ips
	client.id = Producer-topic-6e31f6fd_b1ed_4cdf_ab1e_06a90efc2ca3
	compression.gzip.level = -1
	compression.lz4.level = 9
	compression.type = none
	compression.zstd.level = 3
	connections.max.idle.ms = 10000
	delivery.timeout.ms = 120000
	enable.idempotence = true
	enable.metrics.push = true
	interceptor.classes = []
	key.serializer = class org.apache.kafka.common.serialization.StringSerializer
	linger.ms = 0
	max.block.ms = 60000
	max.in.flight.requests.per.connection = 5
	max.request.size = 1048576
	metadata.max.age.ms = 300000
	metadata.max.idle.ms = 300000
	metadata.recovery.strategy = none
	metric.reporters = []
	metrics.num.samples = 2
	metrics.recording.level = INFO
	metrics.sample.window.ms = 30000
	partitioner.adaptive.partitioning.enable = true
	partitioner.availability.timeout.ms = 0
	partitioner.class = null
	partitioner.ignore.keys = false
	receive.buffer.bytes = 32768
	reconnect.backoff.max.ms = 1000
	reconnect.backoff.ms = 50
	request.timeout.ms = 5000
	retries = 2147483647
	retry.backoff.max.ms = 1000
	retry.backoff.ms = 100
	sasl.client.callback.handler.class = null
	sasl.jaas.config = null
	sasl.kerberos.kinit.cmd = /usr/bin/kinit
	sasl.kerberos.min.time.before.relogin = 60000
	sasl.kerberos.service.name = null
	sasl.kerberos.ticket.renew.jitter = 0.05
	sasl.kerberos.ticket.renew.window.factor = 0.8
	sasl.login.callback.handler.class = null
	sasl.login.class = null
	sasl.login.connect.timeout.ms = null
	sasl.login.read.timeout.ms = null
	sasl.login.refresh.buffer.seconds = 300
	sasl.login.refresh.min.period.seconds = 60
	sasl.login.refresh.window.factor = 0.8
	sasl.login.refresh.window.jitter = 0.05
	sasl.login.retry.backoff.max.ms = 10000
	sasl.login.retry.backoff.ms = 100
	sasl.mechanism = GSSAPI
	sasl.oauthbearer.clock.skew.seconds = 30
	sasl.oauthbearer.expected.audience = null
	sasl.oauthbearer.expected.issuer = null
	sasl.oauthbearer.header.urlencode = false
	sasl.oauthbearer.jwks.endpoint.refresh.ms = 3600000
	sasl.oauthbearer.jwks.endpoint.retry.backoff.max.ms = 10000
	sasl.oauthbearer.jwks.endpoint.retry.backoff.ms = 100
	sasl.oauthbearer.jwks.endpoint.url = null
	sasl.oauthbearer.scope.claim.name = scope
	sasl.oauthbearer.sub.claim.name = sub
	sasl.oauthbearer.token.endpoint.url = null
	security.protocol = PLAINTEXT
	security.providers = null
	send.buffer.bytes = 131072
	socket.connection.setup.timeout.max.ms = 30000
	socket.connection.setup.timeout.ms = 10000
	ssl.cipher.suites = null
	ssl.enabled.protocols = [TLSv1.2, TLSv1.3]
	ssl.endpoint.identification.algorithm = https
	ssl.engine.factory.class = null
	ssl.key.password = null
	ssl.keymanager.algorithm = SunX509
	ssl.keystore.certificate.chain = null
	ssl.keystore.key = null
	ssl.keystore.location = null
	ssl.keystore.password = null
	ssl.keystore.type = JKS
	ssl.protocol = TLSv1.3
	ssl.provider = null
	ssl.secure.random.implementation = null
	ssl.trustmanager.algorithm = PKIX
	ssl.truststore.certificates = null
	ssl.truststore.location = null
	ssl.truststore.password = null
	ssl.truststore.type = JKS
	transaction.timeout.ms = 60000
	transactional.id = null
	value.serializer = class io.apicurio.registry.serde.avro.AvroKafkaSerializer

2025-07-31 20:43:36,360 INFO  [org.apa.kaf.com.tel.int.KafkaMetricsCollector] (main) initializing Kafka metrics collector
2025-07-31 20:43:36,364 INFO  [org.apa.kaf.cli.Metadata] (kafka-producer-network-thread | Producer-topic-5da38f94_ae43_4d1c_a306_19c78d0ab886) [Producer clientId=Producer-topic-5da38f94_ae43_4d1c_a306_19c78d0ab886] Cluster ID: 6lKjf0w6TFCctmqQa8E77g
2025-07-31 20:43:36,364 INFO  [org.apa.kaf.cli.pro.int.TransactionManager] (kafka-producer-network-thread | Producer-topic-5da38f94_ae43_4d1c_a306_19c78d0ab886) [Producer clientId=Producer-topic-5da38f94_ae43_4d1c_a306_19c78d0ab886] ProducerId set to 19 with epoch 0
2025-07-31 20:43:36,365 INFO  [org.apa.kaf.cli.pro.KafkaProducer] (main) [Producer clientId=Producer-topic-6e31f6fd_b1ed_4cdf_ab1e_06a90efc2ca3] Instantiated an idempotent producer.
2025-07-31 20:43:36,369 INFO  [org.apa.kaf.cli.pro.ProducerConfig] (main) These configurations '[apicurio.registry.url, apicurio.registry.artifact-resolver-strategy]' were supplied but are not used yet.
2025-07-31 20:43:36,369 INFO  [org.apa.kaf.com.uti.AppInfoParser] (main) Kafka version: 3.9.1
2025-07-31 20:43:36,369 INFO  [org.apa.kaf.com.uti.AppInfoParser] (main) Kafka commitId: f745dfdcee2b9851
2025-07-31 20:43:36,369 INFO  [org.apa.kaf.com.uti.AppInfoParser] (main) Kafka startTimeMs: 1753994616369
**** Registry Base URL: http://registry-app-mysql.apps.ci419.apicurio-testing.org:80
2025-07-31 20:43:36,370 INFO  [org.apa.kaf.cli.pro.ProducerConfig] (main) ProducerConfig values: 
	acks = -1
	auto.include.jmx.reporter = true
	batch.size = 16384
	bootstrap.servers = [PLAINTEXT://localhost:32770]
	buffer.memory = 33554432
	client.dns.lookup = use_all_dns_ips
	client.id = Producer-topic-7d2bed46_c3db_4e6f_94e8_a4d481a40c86
	compression.gzip.level = -1
	compression.lz4.level = 9
	compression.type = none
	compression.zstd.level = 3
	connections.max.idle.ms = 10000
	delivery.timeout.ms = 120000
	enable.idempotence = true
	enable.metrics.push = true
	interceptor.classes = []
	key.serializer = class org.apache.kafka.common.serialization.StringSerializer
	linger.ms = 0
	max.block.ms = 60000
	max.in.flight.requests.per.connection = 5
	max.request.size = 1048576
	metadata.max.age.ms = 300000
	metadata.max.idle.ms = 300000
	metadata.recovery.strategy = none
	metric.reporters = []
	metrics.num.samples = 2
	metrics.recording.level = INFO
	metrics.sample.window.ms = 30000
	partitioner.adaptive.partitioning.enable = true
	partitioner.availability.timeout.ms = 0
	partitioner.class = null
	partitioner.ignore.keys = false
	receive.buffer.bytes = 32768
	reconnect.backoff.max.ms = 1000
	reconnect.backoff.ms = 50
	request.timeout.ms = 5000
	retries = 2147483647
	retry.backoff.max.ms = 1000
	retry.backoff.ms = 100
	sasl.client.callback.handler.class = null
	sasl.jaas.config = null
	sasl.kerberos.kinit.cmd = /usr/bin/kinit
	sasl.kerberos.min.time.before.relogin = 60000
	sasl.kerberos.service.name = null
	sasl.kerberos.ticket.renew.jitter = 0.05
	sasl.kerberos.ticket.renew.window.factor = 0.8
	sasl.login.callback.handler.class = null
	sasl.login.class = null
	sasl.login.connect.timeout.ms = null
	sasl.login.read.timeout.ms = null
	sasl.login.refresh.buffer.seconds = 300
	sasl.login.refresh.min.period.seconds = 60
	sasl.login.refresh.window.factor = 0.8
	sasl.login.refresh.window.jitter = 0.05
	sasl.login.retry.backoff.max.ms = 10000
	sasl.login.retry.backoff.ms = 100
	sasl.mechanism = GSSAPI
	sasl.oauthbearer.clock.skew.seconds = 30
	sasl.oauthbearer.expected.audience = null
	sasl.oauthbearer.expected.issuer = null
	sasl.oauthbearer.header.urlencode = false
	sasl.oauthbearer.jwks.endpoint.refresh.ms = 3600000
	sasl.oauthbearer.jwks.endpoint.retry.backoff.max.ms = 10000
	sasl.oauthbearer.jwks.endpoint.retry.backoff.ms = 100
	sasl.oauthbearer.jwks.endpoint.url = null
	sasl.oauthbearer.scope.claim.name = scope
	sasl.oauthbearer.sub.claim.name = sub
	sasl.oauthbearer.token.endpoint.url = null
	security.protocol = PLAINTEXT
	security.providers = null
	send.buffer.bytes = 131072
	socket.connection.setup.timeout.max.ms = 30000
	socket.connection.setup.timeout.ms = 10000
	ssl.cipher.suites = null
	ssl.enabled.protocols = [TLSv1.2, TLSv1.3]
	ssl.endpoint.identification.algorithm = https
	ssl.engine.factory.class = null
	ssl.key.password = null
	ssl.keymanager.algorithm = SunX509
	ssl.keystore.certificate.chain = null
	ssl.keystore.key = null
	ssl.keystore.location = null
	ssl.keystore.password = null
	ssl.keystore.type = JKS
	ssl.protocol = TLSv1.3
	ssl.provider = null
	ssl.secure.random.implementation = null
	ssl.trustmanager.algorithm = PKIX
	ssl.truststore.certificates = null
	ssl.truststore.location = null
	ssl.truststore.password = null
	ssl.truststore.type = JKS
	transaction.timeout.ms = 60000
	transactional.id = null
	value.serializer = class io.apicurio.registry.serde.avro.AvroKafkaSerializer

2025-07-31 20:43:36,370 INFO  [org.apa.kaf.com.tel.int.KafkaMetricsCollector] (main) initializing Kafka metrics collector
2025-07-31 20:43:36,387 INFO  [org.apa.kaf.cli.pro.KafkaProducer] (main) [Producer clientId=Producer-topic-7d2bed46_c3db_4e6f_94e8_a4d481a40c86] Instantiated an idempotent producer.
2025-07-31 20:43:36,391 INFO  [org.apa.kaf.cli.Metadata] (kafka-producer-network-thread | Producer-topic-6e31f6fd_b1ed_4cdf_ab1e_06a90efc2ca3) [Producer clientId=Producer-topic-6e31f6fd_b1ed_4cdf_ab1e_06a90efc2ca3] Cluster ID: 6lKjf0w6TFCctmqQa8E77g
2025-07-31 20:43:36,391 INFO  [org.apa.kaf.cli.pro.int.TransactionManager] (kafka-producer-network-thread | Producer-topic-6e31f6fd_b1ed_4cdf_ab1e_06a90efc2ca3) [Producer clientId=Producer-topic-6e31f6fd_b1ed_4cdf_ab1e_06a90efc2ca3] ProducerId set to 20 with epoch 0
2025-07-31 20:43:36,393 INFO  [org.apa.kaf.cli.pro.ProducerConfig] (main) These configurations '[apicurio.registry.url, apicurio.registry.artifact-resolver-strategy]' were supplied but are not used yet.
2025-07-31 20:43:36,393 INFO  [org.apa.kaf.com.uti.AppInfoParser] (main) Kafka version: 3.9.1
2025-07-31 20:43:36,393 INFO  [org.apa.kaf.com.uti.AppInfoParser] (main) Kafka commitId: f745dfdcee2b9851
2025-07-31 20:43:36,393 INFO  [org.apa.kaf.com.uti.AppInfoParser] (main) Kafka startTimeMs: 1753994616393
**** Registry Base URL: http://registry-app-mysql.apps.ci419.apicurio-testing.org:80
2025-07-31 20:43:36,395 INFO  [org.apa.kaf.cli.con.ConsumerConfig] (main) ConsumerConfig values: 
	allow.auto.create.topics = true
	auto.commit.interval.ms = 500
	auto.include.jmx.reporter = true
	auto.offset.reset = earliest
	bootstrap.servers = [PLAINTEXT://localhost:32770]
	check.crcs = true
	client.dns.lookup = use_all_dns_ips
	client.id = consumer-Consumer-topic-5da38f94_ae43_4d1c_a306_19c78d0ab886-14
	client.rack = 
	connections.max.idle.ms = 10000
	default.api.timeout.ms = 60000
	enable.auto.commit = true
	enable.metrics.push = true
	exclude.internal.topics = true
	fetch.max.bytes = 52428800
	fetch.max.wait.ms = 500
	fetch.min.bytes = 1
	group.id = Consumer-topic-5da38f94_ae43_4d1c_a306_19c78d0ab886
	group.instance.id = null
	group.protocol = classic
	group.remote.assignor = null
	heartbeat.interval.ms = 3000
	interceptor.classes = []
	internal.leave.group.on.close = true
	internal.throw.on.fetch.stable.offset.unsupported = false
	isolation.level = read_uncommitted
	key.deserializer = class org.apache.kafka.common.serialization.StringDeserializer
	max.partition.fetch.bytes = 1048576
	max.poll.interval.ms = 300000
	max.poll.records = 500
	metadata.max.age.ms = 300000
	metadata.recovery.strategy = none
	metric.reporters = []
	metrics.num.samples = 2
	metrics.recording.level = INFO
	metrics.sample.window.ms = 30000
	partition.assignment.strategy = [class org.apache.kafka.clients.consumer.RangeAssignor, class org.apache.kafka.clients.consumer.CooperativeStickyAssignor]
	receive.buffer.bytes = 65536
	reconnect.backoff.max.ms = 1000
	reconnect.backoff.ms = 50
	request.timeout.ms = 5000
	retry.backoff.max.ms = 1000
	retry.backoff.ms = 100
	sasl.client.callback.handler.class = null
	sasl.jaas.config = null
	sasl.kerberos.kinit.cmd = /usr/bin/kinit
	sasl.kerberos.min.time.before.relogin = 60000
	sasl.kerberos.service.name = null
	sasl.kerberos.ticket.renew.jitter = 0.05
	sasl.kerberos.ticket.renew.window.factor = 0.8
	sasl.login.callback.handler.class = null
	sasl.login.class = null
	sasl.login.connect.timeout.ms = null
	sasl.login.read.timeout.ms = null
	sasl.login.refresh.buffer.seconds = 300
	sasl.login.refresh.min.period.seconds = 60
	sasl.login.refresh.window.factor = 0.8
	sasl.login.refresh.window.jitter = 0.05
	sasl.login.retry.backoff.max.ms = 10000
	sasl.login.retry.backoff.ms = 100
	sasl.mechanism = GSSAPI
	sasl.oauthbearer.clock.skew.seconds = 30
	sasl.oauthbearer.expected.audience = null
	sasl.oauthbearer.expected.issuer = null
	sasl.oauthbearer.header.urlencode = false
	sasl.oauthbearer.jwks.endpoint.refresh.ms = 3600000
	sasl.oauthbearer.jwks.endpoint.retry.backoff.max.ms = 10000
	sasl.oauthbearer.jwks.endpoint.retry.backoff.ms = 100
	sasl.oauthbearer.jwks.endpoint.url = null
	sasl.oauthbearer.scope.claim.name = scope
	sasl.oauthbearer.sub.claim.name = sub
	sasl.oauthbearer.token.endpoint.url = null
	security.protocol = PLAINTEXT
	security.providers = null
	send.buffer.bytes = 131072
	session.timeout.ms = 45000
	socket.connection.setup.timeout.max.ms = 30000
	socket.connection.setup.timeout.ms = 10000
	ssl.cipher.suites = null
	ssl.enabled.protocols = [TLSv1.2, TLSv1.3]
	ssl.endpoint.identification.algorithm = https
	ssl.engine.factory.class = null
	ssl.key.password = null
	ssl.keymanager.algorithm = SunX509
	ssl.keystore.certificate.chain = null
	ssl.keystore.key = null
	ssl.keystore.location = null
	ssl.keystore.password = null
	ssl.keystore.type = JKS
	ssl.protocol = TLSv1.3
	ssl.provider = null
	ssl.secure.random.implementation = null
	ssl.trustmanager.algorithm = PKIX
	ssl.truststore.certificates = null
	ssl.truststore.location = null
	ssl.truststore.password = null
	ssl.truststore.type = JKS
	value.deserializer = class io.apicurio.registry.serde.avro.AvroKafkaDeserializer

2025-07-31 20:43:36,395 INFO  [org.apa.kaf.com.tel.int.KafkaMetricsCollector] (main) initializing Kafka metrics collector
2025-07-31 20:43:36,405 INFO  [org.apa.kaf.cli.Metadata] (kafka-producer-network-thread | Producer-topic-7d2bed46_c3db_4e6f_94e8_a4d481a40c86) [Producer clientId=Producer-topic-7d2bed46_c3db_4e6f_94e8_a4d481a40c86] Cluster ID: 6lKjf0w6TFCctmqQa8E77g
2025-07-31 20:43:36,409 INFO  [org.apa.kaf.cli.pro.int.TransactionManager] (kafka-producer-network-thread | Producer-topic-7d2bed46_c3db_4e6f_94e8_a4d481a40c86) [Producer clientId=Producer-topic-7d2bed46_c3db_4e6f_94e8_a4d481a40c86] ProducerId set to 21 with epoch 0
2025-07-31 20:43:36,416 INFO  [org.apa.kaf.cli.con.ConsumerConfig] (main) These configurations '[apicurio.registry.url]' were supplied but are not used yet.
2025-07-31 20:43:36,416 INFO  [org.apa.kaf.com.uti.AppInfoParser] (main) Kafka version: 3.9.1
2025-07-31 20:43:36,417 INFO  [org.apa.kaf.com.uti.AppInfoParser] (main) Kafka commitId: f745dfdcee2b9851
2025-07-31 20:43:36,417 INFO  [org.apa.kaf.com.uti.AppInfoParser] (main) Kafka startTimeMs: 1753994616416
**** Registry Base URL: http://registry-app-mysql.apps.ci419.apicurio-testing.org:80
2025-07-31 20:43:36,417 INFO  [org.apa.kaf.cli.con.ConsumerConfig] (main) ConsumerConfig values: 
	allow.auto.create.topics = true
	auto.commit.interval.ms = 500
	auto.include.jmx.reporter = true
	auto.offset.reset = earliest
	bootstrap.servers = [PLAINTEXT://localhost:32770]
	check.crcs = true
	client.dns.lookup = use_all_dns_ips
	client.id = consumer-Consumer-topic-6e31f6fd_b1ed_4cdf_ab1e_06a90efc2ca3-15
	client.rack = 
	connections.max.idle.ms = 10000
	default.api.timeout.ms = 60000
	enable.auto.commit = true
	enable.metrics.push = true
	exclude.internal.topics = true
	fetch.max.bytes = 52428800
	fetch.max.wait.ms = 500
	fetch.min.bytes = 1
	group.id = Consumer-topic-6e31f6fd_b1ed_4cdf_ab1e_06a90efc2ca3
	group.instance.id = null
	group.protocol = classic
	group.remote.assignor = null
	heartbeat.interval.ms = 3000
	interceptor.classes = []
	internal.leave.group.on.close = true
	internal.throw.on.fetch.stable.offset.unsupported = false
	isolation.level = read_uncommitted
	key.deserializer = class org.apache.kafka.common.serialization.StringDeserializer
	max.partition.fetch.bytes = 1048576
	max.poll.interval.ms = 300000
	max.poll.records = 500
	metadata.max.age.ms = 300000
	metadata.recovery.strategy = none
	metric.reporters = []
	metrics.num.samples = 2
	metrics.recording.level = INFO
	metrics.sample.window.ms = 30000
	partition.assignment.strategy = [class org.apache.kafka.clients.consumer.RangeAssignor, class org.apache.kafka.clients.consumer.CooperativeStickyAssignor]
	receive.buffer.bytes = 65536
	reconnect.backoff.max.ms = 1000
	reconnect.backoff.ms = 50
	request.timeout.ms = 5000
	retry.backoff.max.ms = 1000
	retry.backoff.ms = 100
	sasl.client.callback.handler.class = null
	sasl.jaas.config = null
	sasl.kerberos.kinit.cmd = /usr/bin/kinit
	sasl.kerberos.min.time.before.relogin = 60000
	sasl.kerberos.service.name = null
	sasl.kerberos.ticket.renew.jitter = 0.05
	sasl.kerberos.ticket.renew.window.factor = 0.8
	sasl.login.callback.handler.class = null
	sasl.login.class = null
	sasl.login.connect.timeout.ms = null
	sasl.login.read.timeout.ms = null
	sasl.login.refresh.buffer.seconds = 300
	sasl.login.refresh.min.period.seconds = 60
	sasl.login.refresh.window.factor = 0.8
	sasl.login.refresh.window.jitter = 0.05
	sasl.login.retry.backoff.max.ms = 10000
	sasl.login.retry.backoff.ms = 100
	sasl.mechanism = GSSAPI
	sasl.oauthbearer.clock.skew.seconds = 30
	sasl.oauthbearer.expected.audience = null
	sasl.oauthbearer.expected.issuer = null
	sasl.oauthbearer.header.urlencode = false
	sasl.oauthbearer.jwks.endpoint.refresh.ms = 3600000
	sasl.oauthbearer.jwks.endpoint.retry.backoff.max.ms = 10000
	sasl.oauthbearer.jwks.endpoint.retry.backoff.ms = 100
	sasl.oauthbearer.jwks.endpoint.url = null
	sasl.oauthbearer.scope.claim.name = scope
	sasl.oauthbearer.sub.claim.name = sub
	sasl.oauthbearer.token.endpoint.url = null
	security.protocol = PLAINTEXT
	security.providers = null
	send.buffer.bytes = 131072
	session.timeout.ms = 45000
	socket.connection.setup.timeout.max.ms = 30000
	socket.connection.setup.timeout.ms = 10000
	ssl.cipher.suites = null
	ssl.enabled.protocols = [TLSv1.2, TLSv1.3]
	ssl.endpoint.identification.algorithm = https
	ssl.engine.factory.class = null
	ssl.key.password = null
	ssl.keymanager.algorithm = SunX509
	ssl.keystore.certificate.chain = null
	ssl.keystore.key = null
	ssl.keystore.location = null
	ssl.keystore.password = null
	ssl.keystore.type = JKS
	ssl.protocol = TLSv1.3
	ssl.provider = null
	ssl.secure.random.implementation = null
	ssl.trustmanager.algorithm = PKIX
	ssl.truststore.certificates = null
	ssl.truststore.location = null
	ssl.truststore.password = null
	ssl.truststore.type = JKS
	value.deserializer = class io.apicurio.registry.serde.avro.AvroKafkaDeserializer

2025-07-31 20:43:36,417 INFO  [org.apa.kaf.com.tel.int.KafkaMetricsCollector] (main) initializing Kafka metrics collector
2025-07-31 20:43:36,433 INFO  [org.apa.kaf.cli.con.ConsumerConfig] (main) These configurations '[apicurio.registry.url]' were supplied but are not used yet.
2025-07-31 20:43:36,433 INFO  [org.apa.kaf.com.uti.AppInfoParser] (main) Kafka version: 3.9.1
2025-07-31 20:43:36,433 INFO  [org.apa.kaf.com.uti.AppInfoParser] (main) Kafka commitId: f745dfdcee2b9851
2025-07-31 20:43:36,433 INFO  [org.apa.kaf.com.uti.AppInfoParser] (main) Kafka startTimeMs: 1753994616433
**** Registry Base URL: http://registry-app-mysql.apps.ci419.apicurio-testing.org:80
2025-07-31 20:43:36,434 INFO  [org.apa.kaf.cli.con.ConsumerConfig] (main) ConsumerConfig values: 
	allow.auto.create.topics = true
	auto.commit.interval.ms = 500
	auto.include.jmx.reporter = true
	auto.offset.reset = earliest
	bootstrap.servers = [PLAINTEXT://localhost:32770]
	check.crcs = true
	client.dns.lookup = use_all_dns_ips
	client.id = consumer-Consumer-topic-7d2bed46_c3db_4e6f_94e8_a4d481a40c86-16
	client.rack = 
	connections.max.idle.ms = 10000
	default.api.timeout.ms = 60000
	enable.auto.commit = true
	enable.metrics.push = true
	exclude.internal.topics = true
	fetch.max.bytes = 52428800
	fetch.max.wait.ms = 500
	fetch.min.bytes = 1
	group.id = Consumer-topic-7d2bed46_c3db_4e6f_94e8_a4d481a40c86
	group.instance.id = null
	group.protocol = classic
	group.remote.assignor = null
	heartbeat.interval.ms = 3000
	interceptor.classes = []
	internal.leave.group.on.close = true
	internal.throw.on.fetch.stable.offset.unsupported = false
	isolation.level = read_uncommitted
	key.deserializer = class org.apache.kafka.common.serialization.StringDeserializer
	max.partition.fetch.bytes = 1048576
	max.poll.interval.ms = 300000
	max.poll.records = 500
	metadata.max.age.ms = 300000
	metadata.recovery.strategy = none
	metric.reporters = []
	metrics.num.samples = 2
	metrics.recording.level = INFO
	metrics.sample.window.ms = 30000
	partition.assignment.strategy = [class org.apache.kafka.clients.consumer.RangeAssignor, class org.apache.kafka.clients.consumer.CooperativeStickyAssignor]
	receive.buffer.bytes = 65536
	reconnect.backoff.max.ms = 1000
	reconnect.backoff.ms = 50
	request.timeout.ms = 5000
	retry.backoff.max.ms = 1000
	retry.backoff.ms = 100
	sasl.client.callback.handler.class = null
	sasl.jaas.config = null
	sasl.kerberos.kinit.cmd = /usr/bin/kinit
	sasl.kerberos.min.time.before.relogin = 60000
	sasl.kerberos.service.name = null
	sasl.kerberos.ticket.renew.jitter = 0.05
	sasl.kerberos.ticket.renew.window.factor = 0.8
	sasl.login.callback.handler.class = null
	sasl.login.class = null
	sasl.login.connect.timeout.ms = null
	sasl.login.read.timeout.ms = null
	sasl.login.refresh.buffer.seconds = 300
	sasl.login.refresh.min.period.seconds = 60
	sasl.login.refresh.window.factor = 0.8
	sasl.login.refresh.window.jitter = 0.05
	sasl.login.retry.backoff.max.ms = 10000
	sasl.login.retry.backoff.ms = 100
	sasl.mechanism = GSSAPI
	sasl.oauthbearer.clock.skew.seconds = 30
	sasl.oauthbearer.expected.audience = null
	sasl.oauthbearer.expected.issuer = null
	sasl.oauthbearer.header.urlencode = false
	sasl.oauthbearer.jwks.endpoint.refresh.ms = 3600000
	sasl.oauthbearer.jwks.endpoint.retry.backoff.max.ms = 10000
	sasl.oauthbearer.jwks.endpoint.retry.backoff.ms = 100
	sasl.oauthbearer.jwks.endpoint.url = null
	sasl.oauthbearer.scope.claim.name = scope
	sasl.oauthbearer.sub.claim.name = sub
	sasl.oauthbearer.token.endpoint.url = null
	security.protocol = PLAINTEXT
	security.providers = null
	send.buffer.bytes = 131072
	session.timeout.ms = 45000
	socket.connection.setup.timeout.max.ms = 30000
	socket.connection.setup.timeout.ms = 10000
	ssl.cipher.suites = null
	ssl.enabled.protocols = [TLSv1.2, TLSv1.3]
	ssl.endpoint.identification.algorithm = https
	ssl.engine.factory.class = null
	ssl.key.password = null
	ssl.keymanager.algorithm = SunX509
	ssl.keystore.certificate.chain = null
	ssl.keystore.key = null
	ssl.keystore.location = null
	ssl.keystore.password = null
	ssl.keystore.type = JKS
	ssl.protocol = TLSv1.3
	ssl.provider = null
	ssl.secure.random.implementation = null
	ssl.trustmanager.algorithm = PKIX
	ssl.truststore.certificates = null
	ssl.truststore.location = null
	ssl.truststore.password = null
	ssl.truststore.type = JKS
	value.deserializer = class io.apicurio.registry.serde.avro.AvroKafkaDeserializer

2025-07-31 20:43:36,434 INFO  [org.apa.kaf.com.tel.int.KafkaMetricsCollector] (main) initializing Kafka metrics collector
2025-07-31 20:43:36,444 INFO  [org.apa.kaf.cli.con.ConsumerConfig] (main) These configurations '[apicurio.registry.url]' were supplied but are not used yet.
2025-07-31 20:43:36,445 INFO  [org.apa.kaf.com.uti.AppInfoParser] (main) Kafka version: 3.9.1
2025-07-31 20:43:36,445 INFO  [org.apa.kaf.com.uti.AppInfoParser] (main) Kafka commitId: f745dfdcee2b9851
2025-07-31 20:43:36,445 INFO  [org.apa.kaf.com.uti.AppInfoParser] (main) Kafka startTimeMs: 1753994616444
2025-07-31 20:43:36,445 INFO  [io.api.tes.ser.api.KafkaSerdesTester] (Thread-707) Sending message {"key11753994615177": "value-0"} to topic topic-5da38f94_ae43_4d1c_a306_19c78d0ab886
2025-07-31 20:43:36,451 INFO  [DefaultSchemaResolver] (Thread-707) Retrieving schema content using string: {"type":"record","name":"myrecordconfluent","fields":[{"name":"key11753994615177","type":"string"}]}
2025-07-31 20:43:36,765 INFO  [io.api.tes.ser.api.KafkaSerdesTester] (Thread-707) Sending message {"key11753994615177": "value-1"} to topic topic-5da38f94_ae43_4d1c_a306_19c78d0ab886
2025-07-31 20:43:36,766 INFO  [io.api.tes.ser.api.KafkaSerdesTester] (Thread-707) Sending message {"key11753994615177": "value-2"} to topic topic-5da38f94_ae43_4d1c_a306_19c78d0ab886
2025-07-31 20:43:36,767 INFO  [io.api.tes.ser.api.KafkaSerdesTester] (Thread-707) Sending message {"key11753994615177": "value-3"} to topic topic-5da38f94_ae43_4d1c_a306_19c78d0ab886
2025-07-31 20:43:36,771 INFO  [io.api.tes.ser.api.KafkaSerdesTester] (Thread-707) Sending message {"key11753994615177": "value-4"} to topic topic-5da38f94_ae43_4d1c_a306_19c78d0ab886
2025-07-31 20:43:36,773 INFO  [io.api.tes.ser.api.KafkaSerdesTester] (Thread-707) Sending message {"key11753994615177": "value-5"} to topic topic-5da38f94_ae43_4d1c_a306_19c78d0ab886
2025-07-31 20:43:36,777 INFO  [io.api.tes.ser.api.KafkaSerdesTester] (Thread-707) Sending message {"key11753994615177": "value-6"} to topic topic-5da38f94_ae43_4d1c_a306_19c78d0ab886
2025-07-31 20:43:36,778 INFO  [io.api.tes.ser.api.KafkaSerdesTester] (Thread-707) Sending message {"key11753994615177": "value-7"} to topic topic-5da38f94_ae43_4d1c_a306_19c78d0ab886
2025-07-31 20:43:36,779 INFO  [io.api.tes.ser.api.KafkaSerdesTester] (Thread-707) Sending message {"key11753994615177": "value-8"} to topic topic-5da38f94_ae43_4d1c_a306_19c78d0ab886
2025-07-31 20:43:36,781 INFO  [io.api.tes.ser.api.KafkaSerdesTester] (Thread-707) Sending message {"key11753994615177": "value-9"} to topic topic-5da38f94_ae43_4d1c_a306_19c78d0ab886
2025-07-31 20:43:36,782 INFO  [io.api.tes.ser.api.KafkaSerdesTester] (Thread-707) Produced 10 messages
2025-07-31 20:43:36,782 INFO  [org.apa.kaf.cli.pro.KafkaProducer] (Thread-707) [Producer clientId=Producer-topic-5da38f94_ae43_4d1c_a306_19c78d0ab886] Closing the Kafka producer with timeoutMillis = 9223372036854775807 ms.
2025-07-31 20:43:36,783 INFO  [org.apa.kaf.com.met.Metrics] (Thread-707) Metrics scheduler closed
2025-07-31 20:43:36,783 INFO  [org.apa.kaf.com.met.Metrics] (Thread-707) Closing reporter org.apache.kafka.common.metrics.JmxReporter
2025-07-31 20:43:36,783 INFO  [org.apa.kaf.com.met.Metrics] (Thread-707) Closing reporter org.apache.kafka.common.telemetry.internals.ClientTelemetryReporter
2025-07-31 20:43:36,783 INFO  [org.apa.kaf.com.met.Metrics] (Thread-707) Metrics reporters closed
2025-07-31 20:43:36,784 INFO  [org.apa.kaf.com.uti.AppInfoParser] (Thread-707) App info kafka.producer for Producer-topic-5da38f94_ae43_4d1c_a306_19c78d0ab886 unregistered
2025-07-31 20:43:36,785 INFO  [io.api.tes.ser.api.KafkaSerdesTester] (Thread-708) Sending message {"key11753994615177": "value-0"} to topic topic-6e31f6fd_b1ed_4cdf_ab1e_06a90efc2ca3
2025-07-31 20:43:36,790 INFO  [DefaultSchemaResolver] (Thread-708) Retrieving schema content using string: {"type":"record","name":"myrecordconfluent","fields":[{"name":"key11753994615177","type":"string"}]}
2025-07-31 20:43:36,946 INFO  [io.api.tes.ser.api.KafkaSerdesTester] (Thread-708) Sending message {"key11753994615177": "value-1"} to topic topic-6e31f6fd_b1ed_4cdf_ab1e_06a90efc2ca3
2025-07-31 20:43:36,947 INFO  [io.api.tes.ser.api.KafkaSerdesTester] (Thread-708) Sending message {"key11753994615177": "value-2"} to topic topic-6e31f6fd_b1ed_4cdf_ab1e_06a90efc2ca3
2025-07-31 20:43:36,948 INFO  [io.api.tes.ser.api.KafkaSerdesTester] (Thread-708) Sending message {"key11753994615177": "value-3"} to topic topic-6e31f6fd_b1ed_4cdf_ab1e_06a90efc2ca3
2025-07-31 20:43:36,949 INFO  [io.api.tes.ser.api.KafkaSerdesTester] (Thread-708) Sending message {"key11753994615177": "value-4"} to topic topic-6e31f6fd_b1ed_4cdf_ab1e_06a90efc2ca3
2025-07-31 20:43:36,951 INFO  [io.api.tes.ser.api.KafkaSerdesTester] (Thread-708) Sending message {"key11753994615177": "value-5"} to topic topic-6e31f6fd_b1ed_4cdf_ab1e_06a90efc2ca3
2025-07-31 20:43:36,953 INFO  [io.api.tes.ser.api.KafkaSerdesTester] (Thread-708) Sending message {"key11753994615177": "value-6"} to topic topic-6e31f6fd_b1ed_4cdf_ab1e_06a90efc2ca3
2025-07-31 20:43:36,954 INFO  [io.api.tes.ser.api.KafkaSerdesTester] (Thread-708) Sending message {"key11753994615177": "value-7"} to topic topic-6e31f6fd_b1ed_4cdf_ab1e_06a90efc2ca3
2025-07-31 20:43:36,955 INFO  [io.api.tes.ser.api.KafkaSerdesTester] (Thread-708) Sending message {"key11753994615177": "value-8"} to topic topic-6e31f6fd_b1ed_4cdf_ab1e_06a90efc2ca3
2025-07-31 20:43:36,956 INFO  [io.api.tes.ser.api.KafkaSerdesTester] (Thread-708) Sending message {"key11753994615177": "value-9"} to topic topic-6e31f6fd_b1ed_4cdf_ab1e_06a90efc2ca3
2025-07-31 20:43:36,957 INFO  [io.api.tes.ser.api.KafkaSerdesTester] (Thread-708) Produced 10 messages
2025-07-31 20:43:36,957 INFO  [org.apa.kaf.cli.pro.KafkaProducer] (Thread-708) [Producer clientId=Producer-topic-6e31f6fd_b1ed_4cdf_ab1e_06a90efc2ca3] Closing the Kafka producer with timeoutMillis = 9223372036854775807 ms.
2025-07-31 20:43:36,959 INFO  [org.apa.kaf.com.met.Metrics] (Thread-708) Metrics scheduler closed
2025-07-31 20:43:36,959 INFO  [org.apa.kaf.com.met.Metrics] (Thread-708) Closing reporter org.apache.kafka.common.metrics.JmxReporter
2025-07-31 20:43:36,959 INFO  [org.apa.kaf.com.met.Metrics] (Thread-708) Closing reporter org.apache.kafka.common.telemetry.internals.ClientTelemetryReporter
2025-07-31 20:43:36,959 INFO  [org.apa.kaf.com.met.Metrics] (Thread-708) Metrics reporters closed
2025-07-31 20:43:36,959 INFO  [org.apa.kaf.com.uti.AppInfoParser] (Thread-708) App info kafka.producer for Producer-topic-6e31f6fd_b1ed_4cdf_ab1e_06a90efc2ca3 unregistered
2025-07-31 20:43:36,960 INFO  [io.api.tes.ser.api.KafkaSerdesTester] (Thread-709) Sending message {"key11753994615177": "value-0"} to topic topic-7d2bed46_c3db_4e6f_94e8_a4d481a40c86
2025-07-31 20:43:36,964 INFO  [DefaultSchemaResolver] (Thread-709) Retrieving schema content using string: {"type":"record","name":"myrecordconfluent","fields":[{"name":"key11753994615177","type":"string"}]}
2025-07-31 20:43:37,126 INFO  [io.api.tes.ser.api.KafkaSerdesTester] (Thread-709) Sending message {"key11753994615177": "value-1"} to topic topic-7d2bed46_c3db_4e6f_94e8_a4d481a40c86
2025-07-31 20:43:37,128 INFO  [io.api.tes.ser.api.KafkaSerdesTester] (Thread-709) Sending message {"key11753994615177": "value-2"} to topic topic-7d2bed46_c3db_4e6f_94e8_a4d481a40c86
2025-07-31 20:43:37,130 INFO  [io.api.tes.ser.api.KafkaSerdesTester] (Thread-709) Sending message {"key11753994615177": "value-3"} to topic topic-7d2bed46_c3db_4e6f_94e8_a4d481a40c86
2025-07-31 20:43:37,131 INFO  [io.api.tes.ser.api.KafkaSerdesTester] (Thread-709) Sending message {"key11753994615177": "value-4"} to topic topic-7d2bed46_c3db_4e6f_94e8_a4d481a40c86
2025-07-31 20:43:37,133 INFO  [io.api.tes.ser.api.KafkaSerdesTester] (Thread-709) Sending message {"key11753994615177": "value-5"} to topic topic-7d2bed46_c3db_4e6f_94e8_a4d481a40c86
2025-07-31 20:43:37,134 INFO  [io.api.tes.ser.api.KafkaSerdesTester] (Thread-709) Sending message {"key11753994615177": "value-6"} to topic topic-7d2bed46_c3db_4e6f_94e8_a4d481a40c86
2025-07-31 20:43:37,136 INFO  [io.api.tes.ser.api.KafkaSerdesTester] (Thread-709) Sending message {"key11753994615177": "value-7"} to topic topic-7d2bed46_c3db_4e6f_94e8_a4d481a40c86
2025-07-31 20:43:37,138 INFO  [io.api.tes.ser.api.KafkaSerdesTester] (Thread-709) Sending message {"key11753994615177": "value-8"} to topic topic-7d2bed46_c3db_4e6f_94e8_a4d481a40c86
2025-07-31 20:43:37,139 INFO  [io.api.tes.ser.api.KafkaSerdesTester] (Thread-709) Sending message {"key11753994615177": "value-9"} to topic topic-7d2bed46_c3db_4e6f_94e8_a4d481a40c86
2025-07-31 20:43:37,141 INFO  [io.api.tes.ser.api.KafkaSerdesTester] (Thread-709) Produced 10 messages
2025-07-31 20:43:37,141 INFO  [org.apa.kaf.cli.pro.KafkaProducer] (Thread-709) [Producer clientId=Producer-topic-7d2bed46_c3db_4e6f_94e8_a4d481a40c86] Closing the Kafka producer with timeoutMillis = 9223372036854775807 ms.
2025-07-31 20:43:37,144 INFO  [org.apa.kaf.com.met.Metrics] (Thread-709) Metrics scheduler closed
2025-07-31 20:43:37,144 INFO  [org.apa.kaf.com.met.Metrics] (Thread-709) Closing reporter org.apache.kafka.common.metrics.JmxReporter
2025-07-31 20:43:37,144 INFO  [org.apa.kaf.com.met.Metrics] (Thread-709) Closing reporter org.apache.kafka.common.telemetry.internals.ClientTelemetryReporter
2025-07-31 20:43:37,144 INFO  [org.apa.kaf.com.met.Metrics] (Thread-709) Metrics reporters closed
2025-07-31 20:43:37,144 INFO  [org.apa.kaf.com.uti.AppInfoParser] (Thread-709) App info kafka.producer for Producer-topic-7d2bed46_c3db_4e6f_94e8_a4d481a40c86 unregistered
2025-07-31 20:43:37,145 INFO  [org.apa.kaf.cli.con.int.ClassicKafkaConsumer] (Thread-710) [Consumer clientId=consumer-Consumer-topic-5da38f94_ae43_4d1c_a306_19c78d0ab886-14, groupId=Consumer-topic-5da38f94_ae43_4d1c_a306_19c78d0ab886] Subscribed to topic(s): topic-5da38f94_ae43_4d1c_a306_19c78d0ab886
2025-07-31 20:43:37,152 INFO  [org.apa.kaf.cli.Metadata] (Thread-710) [Consumer clientId=consumer-Consumer-topic-5da38f94_ae43_4d1c_a306_19c78d0ab886-14, groupId=Consumer-topic-5da38f94_ae43_4d1c_a306_19c78d0ab886] Cluster ID: 6lKjf0w6TFCctmqQa8E77g
2025-07-31 20:43:37,154 INFO  [org.apa.kaf.cli.con.int.ConsumerCoordinator] (Thread-710) [Consumer clientId=consumer-Consumer-topic-5da38f94_ae43_4d1c_a306_19c78d0ab886-14, groupId=Consumer-topic-5da38f94_ae43_4d1c_a306_19c78d0ab886] Discovered group coordinator localhost:32770 (id: 2147483647 rack: null)
2025-07-31 20:43:37,156 INFO  [org.apa.kaf.cli.con.int.ConsumerCoordinator] (Thread-710) [Consumer clientId=consumer-Consumer-topic-5da38f94_ae43_4d1c_a306_19c78d0ab886-14, groupId=Consumer-topic-5da38f94_ae43_4d1c_a306_19c78d0ab886] (Re-)joining group
2025-07-31 20:43:37,159 INFO  [org.apa.kaf.cli.con.int.ConsumerCoordinator] (Thread-710) [Consumer clientId=consumer-Consumer-topic-5da38f94_ae43_4d1c_a306_19c78d0ab886-14, groupId=Consumer-topic-5da38f94_ae43_4d1c_a306_19c78d0ab886] Request joining group due to: need to re-join with the given member-id: consumer-Consumer-topic-5da38f94_ae43_4d1c_a306_19c78d0ab886-14-d56b931f-838d-439d-8a1e-50276886ed36
2025-07-31 20:43:37,159 INFO  [org.apa.kaf.cli.con.int.ConsumerCoordinator] (Thread-710) [Consumer clientId=consumer-Consumer-topic-5da38f94_ae43_4d1c_a306_19c78d0ab886-14, groupId=Consumer-topic-5da38f94_ae43_4d1c_a306_19c78d0ab886] (Re-)joining group
2025-07-31 20:43:37,162 INFO  [org.apa.kaf.cli.con.int.ConsumerCoordinator] (Thread-710) [Consumer clientId=consumer-Consumer-topic-5da38f94_ae43_4d1c_a306_19c78d0ab886-14, groupId=Consumer-topic-5da38f94_ae43_4d1c_a306_19c78d0ab886] Successfully joined group with generation Generation{generationId=1, memberId='consumer-Consumer-topic-5da38f94_ae43_4d1c_a306_19c78d0ab886-14-d56b931f-838d-439d-8a1e-50276886ed36', protocol='range'}
2025-07-31 20:43:37,162 INFO  [org.apa.kaf.cli.con.int.ConsumerCoordinator] (Thread-710) [Consumer clientId=consumer-Consumer-topic-5da38f94_ae43_4d1c_a306_19c78d0ab886-14, groupId=Consumer-topic-5da38f94_ae43_4d1c_a306_19c78d0ab886] Finished assignment for group at generation 1: {consumer-Consumer-topic-5da38f94_ae43_4d1c_a306_19c78d0ab886-14-d56b931f-838d-439d-8a1e-50276886ed36=Assignment(partitions=[topic-5da38f94_ae43_4d1c_a306_19c78d0ab886-0])}
2025-07-31 20:43:37,165 INFO  [org.apa.kaf.cli.con.int.ConsumerCoordinator] (Thread-710) [Consumer clientId=consumer-Consumer-topic-5da38f94_ae43_4d1c_a306_19c78d0ab886-14, groupId=Consumer-topic-5da38f94_ae43_4d1c_a306_19c78d0ab886] Successfully synced group in generation Generation{generationId=1, memberId='consumer-Consumer-topic-5da38f94_ae43_4d1c_a306_19c78d0ab886-14-d56b931f-838d-439d-8a1e-50276886ed36', protocol='range'}
2025-07-31 20:43:37,165 INFO  [org.apa.kaf.cli.con.int.ConsumerCoordinator] (Thread-710) [Consumer clientId=consumer-Consumer-topic-5da38f94_ae43_4d1c_a306_19c78d0ab886-14, groupId=Consumer-topic-5da38f94_ae43_4d1c_a306_19c78d0ab886] Notifying assignor about the new Assignment(partitions=[topic-5da38f94_ae43_4d1c_a306_19c78d0ab886-0])
2025-07-31 20:43:37,165 INFO  [org.apa.kaf.cli.con.int.ConsumerRebalanceListenerInvoker] (Thread-710) [Consumer clientId=consumer-Consumer-topic-5da38f94_ae43_4d1c_a306_19c78d0ab886-14, groupId=Consumer-topic-5da38f94_ae43_4d1c_a306_19c78d0ab886] Adding newly assigned partitions: topic-5da38f94_ae43_4d1c_a306_19c78d0ab886-0
2025-07-31 20:43:37,166 INFO  [org.apa.kaf.cli.con.int.ConsumerCoordinator] (Thread-710) [Consumer clientId=consumer-Consumer-topic-5da38f94_ae43_4d1c_a306_19c78d0ab886-14, groupId=Consumer-topic-5da38f94_ae43_4d1c_a306_19c78d0ab886] Found no committed offset for partition topic-5da38f94_ae43_4d1c_a306_19c78d0ab886-0
2025-07-31 20:43:37,170 INFO  [org.apa.kaf.cli.con.int.SubscriptionState] (Thread-710) [Consumer clientId=consumer-Consumer-topic-5da38f94_ae43_4d1c_a306_19c78d0ab886-14, groupId=Consumer-topic-5da38f94_ae43_4d1c_a306_19c78d0ab886] Resetting offset for partition topic-5da38f94_ae43_4d1c_a306_19c78d0ab886-0 to position FetchPosition{offset=0, offsetEpoch=Optional.empty, currentLeader=LeaderAndEpoch{leader=Optional[localhost:32770 (id: 0 rack: null)], epoch=0}}.
2025-07-31 20:43:37,405 INFO  [io.api.tes.ser.api.KafkaSerdesTester] (Thread-710) topic-5da38f94_ae43_4d1c_a306_19c78d0ab886 0 0 {"key11753994615177": "value-0"}
2025-07-31 20:43:37,405 INFO  [io.api.tes.ser.api.KafkaSerdesTester] (Thread-710) topic-5da38f94_ae43_4d1c_a306_19c78d0ab886 0 1 {"key11753994615177": "value-1"}
2025-07-31 20:43:37,405 INFO  [io.api.tes.ser.api.KafkaSerdesTester] (Thread-710) topic-5da38f94_ae43_4d1c_a306_19c78d0ab886 0 2 {"key11753994615177": "value-2"}
2025-07-31 20:43:37,405 INFO  [io.api.tes.ser.api.KafkaSerdesTester] (Thread-710) topic-5da38f94_ae43_4d1c_a306_19c78d0ab886 0 3 {"key11753994615177": "value-3"}
2025-07-31 20:43:37,405 INFO  [io.api.tes.ser.api.KafkaSerdesTester] (Thread-710) topic-5da38f94_ae43_4d1c_a306_19c78d0ab886 0 4 {"key11753994615177": "value-4"}
2025-07-31 20:43:37,405 INFO  [io.api.tes.ser.api.KafkaSerdesTester] (Thread-710) topic-5da38f94_ae43_4d1c_a306_19c78d0ab886 0 5 {"key11753994615177": "value-5"}
2025-07-31 20:43:37,405 INFO  [io.api.tes.ser.api.KafkaSerdesTester] (Thread-710) topic-5da38f94_ae43_4d1c_a306_19c78d0ab886 0 6 {"key11753994615177": "value-6"}
2025-07-31 20:43:37,405 INFO  [io.api.tes.ser.api.KafkaSerdesTester] (Thread-710) topic-5da38f94_ae43_4d1c_a306_19c78d0ab886 0 7 {"key11753994615177": "value-7"}
2025-07-31 20:43:37,405 INFO  [io.api.tes.ser.api.KafkaSerdesTester] (Thread-710) topic-5da38f94_ae43_4d1c_a306_19c78d0ab886 0 8 {"key11753994615177": "value-8"}
2025-07-31 20:43:37,405 INFO  [io.api.tes.ser.api.KafkaSerdesTester] (Thread-710) topic-5da38f94_ae43_4d1c_a306_19c78d0ab886 0 9 {"key11753994615177": "value-9"}
2025-07-31 20:43:37,405 INFO  [io.api.tes.ser.api.KafkaSerdesTester] (Thread-710) Consumed 10 messages
2025-07-31 20:43:37,408 INFO  [org.apa.kaf.cli.con.int.ConsumerRebalanceListenerInvoker] (Thread-710) [Consumer clientId=consumer-Consumer-topic-5da38f94_ae43_4d1c_a306_19c78d0ab886-14, groupId=Consumer-topic-5da38f94_ae43_4d1c_a306_19c78d0ab886] Revoke previously assigned partitions topic-5da38f94_ae43_4d1c_a306_19c78d0ab886-0
2025-07-31 20:43:37,408 INFO  [org.apa.kaf.cli.con.int.ConsumerCoordinator] (Thread-710) [Consumer clientId=consumer-Consumer-topic-5da38f94_ae43_4d1c_a306_19c78d0ab886-14, groupId=Consumer-topic-5da38f94_ae43_4d1c_a306_19c78d0ab886] Member consumer-Consumer-topic-5da38f94_ae43_4d1c_a306_19c78d0ab886-14-d56b931f-838d-439d-8a1e-50276886ed36 sending LeaveGroup request to coordinator localhost:32770 (id: 2147483647 rack: null) due to the consumer is being closed
2025-07-31 20:43:37,408 INFO  [org.apa.kaf.cli.con.int.ConsumerCoordinator] (Thread-710) [Consumer clientId=consumer-Consumer-topic-5da38f94_ae43_4d1c_a306_19c78d0ab886-14, groupId=Consumer-topic-5da38f94_ae43_4d1c_a306_19c78d0ab886] Resetting generation and member id due to: consumer pro-actively leaving the group
2025-07-31 20:43:37,408 INFO  [org.apa.kaf.cli.con.int.ConsumerCoordinator] (Thread-710) [Consumer clientId=consumer-Consumer-topic-5da38f94_ae43_4d1c_a306_19c78d0ab886-14, groupId=Consumer-topic-5da38f94_ae43_4d1c_a306_19c78d0ab886] Request joining group due to: consumer pro-actively leaving the group
2025-07-31 20:43:37,910 INFO  [org.apa.kaf.com.met.Metrics] (Thread-710) Metrics scheduler closed
2025-07-31 20:43:37,910 INFO  [org.apa.kaf.com.met.Metrics] (Thread-710) Closing reporter org.apache.kafka.common.metrics.JmxReporter
2025-07-31 20:43:37,910 INFO  [org.apa.kaf.com.met.Metrics] (Thread-710) Closing reporter org.apache.kafka.common.telemetry.internals.ClientTelemetryReporter
2025-07-31 20:43:37,910 INFO  [org.apa.kaf.com.met.Metrics] (Thread-710) Metrics reporters closed
2025-07-31 20:43:37,912 INFO  [org.apa.kaf.com.uti.AppInfoParser] (Thread-710) App info kafka.consumer for consumer-Consumer-topic-5da38f94_ae43_4d1c_a306_19c78d0ab886-14 unregistered
2025-07-31 20:43:37,913 INFO  [org.apa.kaf.cli.con.int.ClassicKafkaConsumer] (Thread-711) [Consumer clientId=consumer-Consumer-topic-6e31f6fd_b1ed_4cdf_ab1e_06a90efc2ca3-15, groupId=Consumer-topic-6e31f6fd_b1ed_4cdf_ab1e_06a90efc2ca3] Subscribed to topic(s): topic-6e31f6fd_b1ed_4cdf_ab1e_06a90efc2ca3
2025-07-31 20:43:37,917 INFO  [org.apa.kaf.cli.Metadata] (Thread-711) [Consumer clientId=consumer-Consumer-topic-6e31f6fd_b1ed_4cdf_ab1e_06a90efc2ca3-15, groupId=Consumer-topic-6e31f6fd_b1ed_4cdf_ab1e_06a90efc2ca3] Cluster ID: 6lKjf0w6TFCctmqQa8E77g
2025-07-31 20:43:37,918 INFO  [org.apa.kaf.cli.con.int.ConsumerCoordinator] (Thread-711) [Consumer clientId=consumer-Consumer-topic-6e31f6fd_b1ed_4cdf_ab1e_06a90efc2ca3-15, groupId=Consumer-topic-6e31f6fd_b1ed_4cdf_ab1e_06a90efc2ca3] Discovered group coordinator localhost:32770 (id: 2147483647 rack: null)
2025-07-31 20:43:37,919 INFO  [org.apa.kaf.cli.con.int.ConsumerCoordinator] (Thread-711) [Consumer clientId=consumer-Consumer-topic-6e31f6fd_b1ed_4cdf_ab1e_06a90efc2ca3-15, groupId=Consumer-topic-6e31f6fd_b1ed_4cdf_ab1e_06a90efc2ca3] (Re-)joining group
2025-07-31 20:43:37,923 INFO  [org.apa.kaf.cli.con.int.ConsumerCoordinator] (Thread-711) [Consumer clientId=consumer-Consumer-topic-6e31f6fd_b1ed_4cdf_ab1e_06a90efc2ca3-15, groupId=Consumer-topic-6e31f6fd_b1ed_4cdf_ab1e_06a90efc2ca3] Request joining group due to: need to re-join with the given member-id: consumer-Consumer-topic-6e31f6fd_b1ed_4cdf_ab1e_06a90efc2ca3-15-d2cf1e7d-6109-4234-b221-a26eeeebbe6c
2025-07-31 20:43:37,924 INFO  [org.apa.kaf.cli.con.int.ConsumerCoordinator] (Thread-711) [Consumer clientId=consumer-Consumer-topic-6e31f6fd_b1ed_4cdf_ab1e_06a90efc2ca3-15, groupId=Consumer-topic-6e31f6fd_b1ed_4cdf_ab1e_06a90efc2ca3] (Re-)joining group
2025-07-31 20:43:37,926 INFO  [org.apa.kaf.cli.con.int.ConsumerCoordinator] (Thread-711) [Consumer clientId=consumer-Consumer-topic-6e31f6fd_b1ed_4cdf_ab1e_06a90efc2ca3-15, groupId=Consumer-topic-6e31f6fd_b1ed_4cdf_ab1e_06a90efc2ca3] Successfully joined group with generation Generation{generationId=1, memberId='consumer-Consumer-topic-6e31f6fd_b1ed_4cdf_ab1e_06a90efc2ca3-15-d2cf1e7d-6109-4234-b221-a26eeeebbe6c', protocol='range'}
2025-07-31 20:43:37,926 INFO  [org.apa.kaf.cli.con.int.ConsumerCoordinator] (Thread-711) [Consumer clientId=consumer-Consumer-topic-6e31f6fd_b1ed_4cdf_ab1e_06a90efc2ca3-15, groupId=Consumer-topic-6e31f6fd_b1ed_4cdf_ab1e_06a90efc2ca3] Finished assignment for group at generation 1: {consumer-Consumer-topic-6e31f6fd_b1ed_4cdf_ab1e_06a90efc2ca3-15-d2cf1e7d-6109-4234-b221-a26eeeebbe6c=Assignment(partitions=[topic-6e31f6fd_b1ed_4cdf_ab1e_06a90efc2ca3-0])}
2025-07-31 20:43:37,928 INFO  [org.apa.kaf.cli.con.int.ConsumerCoordinator] (Thread-711) [Consumer clientId=consumer-Consumer-topic-6e31f6fd_b1ed_4cdf_ab1e_06a90efc2ca3-15, groupId=Consumer-topic-6e31f6fd_b1ed_4cdf_ab1e_06a90efc2ca3] Successfully synced group in generation Generation{generationId=1, memberId='consumer-Consumer-topic-6e31f6fd_b1ed_4cdf_ab1e_06a90efc2ca3-15-d2cf1e7d-6109-4234-b221-a26eeeebbe6c', protocol='range'}
2025-07-31 20:43:37,928 INFO  [org.apa.kaf.cli.con.int.ConsumerCoordinator] (Thread-711) [Consumer clientId=consumer-Consumer-topic-6e31f6fd_b1ed_4cdf_ab1e_06a90efc2ca3-15, groupId=Consumer-topic-6e31f6fd_b1ed_4cdf_ab1e_06a90efc2ca3] Notifying assignor about the new Assignment(partitions=[topic-6e31f6fd_b1ed_4cdf_ab1e_06a90efc2ca3-0])
2025-07-31 20:43:37,928 INFO  [org.apa.kaf.cli.con.int.ConsumerRebalanceListenerInvoker] (Thread-711) [Consumer clientId=consumer-Consumer-topic-6e31f6fd_b1ed_4cdf_ab1e_06a90efc2ca3-15, groupId=Consumer-topic-6e31f6fd_b1ed_4cdf_ab1e_06a90efc2ca3] Adding newly assigned partitions: topic-6e31f6fd_b1ed_4cdf_ab1e_06a90efc2ca3-0
2025-07-31 20:43:37,929 INFO  [org.apa.kaf.cli.con.int.ConsumerCoordinator] (Thread-711) [Consumer clientId=consumer-Consumer-topic-6e31f6fd_b1ed_4cdf_ab1e_06a90efc2ca3-15, groupId=Consumer-topic-6e31f6fd_b1ed_4cdf_ab1e_06a90efc2ca3] Found no committed offset for partition topic-6e31f6fd_b1ed_4cdf_ab1e_06a90efc2ca3-0
2025-07-31 20:43:37,933 INFO  [org.apa.kaf.cli.con.int.SubscriptionState] (Thread-711) [Consumer clientId=consumer-Consumer-topic-6e31f6fd_b1ed_4cdf_ab1e_06a90efc2ca3-15, groupId=Consumer-topic-6e31f6fd_b1ed_4cdf_ab1e_06a90efc2ca3] Resetting offset for partition topic-6e31f6fd_b1ed_4cdf_ab1e_06a90efc2ca3-0 to position FetchPosition{offset=0, offsetEpoch=Optional.empty, currentLeader=LeaderAndEpoch{leader=Optional[localhost:32770 (id: 0 rack: null)], epoch=0}}.
2025-07-31 20:43:38,171 INFO  [io.api.tes.ser.api.KafkaSerdesTester] (Thread-711) topic-6e31f6fd_b1ed_4cdf_ab1e_06a90efc2ca3 0 0 {"key11753994615177": "value-0"}
2025-07-31 20:43:38,171 INFO  [io.api.tes.ser.api.KafkaSerdesTester] (Thread-711) topic-6e31f6fd_b1ed_4cdf_ab1e_06a90efc2ca3 0 1 {"key11753994615177": "value-1"}
2025-07-31 20:43:38,171 INFO  [io.api.tes.ser.api.KafkaSerdesTester] (Thread-711) topic-6e31f6fd_b1ed_4cdf_ab1e_06a90efc2ca3 0 2 {"key11753994615177": "value-2"}
2025-07-31 20:43:38,172 INFO  [io.api.tes.ser.api.KafkaSerdesTester] (Thread-711) topic-6e31f6fd_b1ed_4cdf_ab1e_06a90efc2ca3 0 3 {"key11753994615177": "value-3"}
2025-07-31 20:43:38,172 INFO  [io.api.tes.ser.api.KafkaSerdesTester] (Thread-711) topic-6e31f6fd_b1ed_4cdf_ab1e_06a90efc2ca3 0 4 {"key11753994615177": "value-4"}
2025-07-31 20:43:38,172 INFO  [io.api.tes.ser.api.KafkaSerdesTester] (Thread-711) topic-6e31f6fd_b1ed_4cdf_ab1e_06a90efc2ca3 0 5 {"key11753994615177": "value-5"}
2025-07-31 20:43:38,172 INFO  [io.api.tes.ser.api.KafkaSerdesTester] (Thread-711) topic-6e31f6fd_b1ed_4cdf_ab1e_06a90efc2ca3 0 6 {"key11753994615177": "value-6"}
2025-07-31 20:43:38,172 INFO  [io.api.tes.ser.api.KafkaSerdesTester] (Thread-711) topic-6e31f6fd_b1ed_4cdf_ab1e_06a90efc2ca3 0 7 {"key11753994615177": "value-7"}
2025-07-31 20:43:38,172 INFO  [io.api.tes.ser.api.KafkaSerdesTester] (Thread-711) topic-6e31f6fd_b1ed_4cdf_ab1e_06a90efc2ca3 0 8 {"key11753994615177": "value-8"}
2025-07-31 20:43:38,172 INFO  [io.api.tes.ser.api.KafkaSerdesTester] (Thread-711) topic-6e31f6fd_b1ed_4cdf_ab1e_06a90efc2ca3 0 9 {"key11753994615177": "value-9"}
2025-07-31 20:43:38,172 INFO  [io.api.tes.ser.api.KafkaSerdesTester] (Thread-711) Consumed 10 messages
2025-07-31 20:43:38,174 INFO  [org.apa.kaf.cli.con.int.ConsumerRebalanceListenerInvoker] (Thread-711) [Consumer clientId=consumer-Consumer-topic-6e31f6fd_b1ed_4cdf_ab1e_06a90efc2ca3-15, groupId=Consumer-topic-6e31f6fd_b1ed_4cdf_ab1e_06a90efc2ca3] Revoke previously assigned partitions topic-6e31f6fd_b1ed_4cdf_ab1e_06a90efc2ca3-0
2025-07-31 20:43:38,174 INFO  [org.apa.kaf.cli.con.int.ConsumerCoordinator] (Thread-711) [Consumer clientId=consumer-Consumer-topic-6e31f6fd_b1ed_4cdf_ab1e_06a90efc2ca3-15, groupId=Consumer-topic-6e31f6fd_b1ed_4cdf_ab1e_06a90efc2ca3] Member consumer-Consumer-topic-6e31f6fd_b1ed_4cdf_ab1e_06a90efc2ca3-15-d2cf1e7d-6109-4234-b221-a26eeeebbe6c sending LeaveGroup request to coordinator localhost:32770 (id: 2147483647 rack: null) due to the consumer is being closed
2025-07-31 20:43:38,174 INFO  [org.apa.kaf.cli.con.int.ConsumerCoordinator] (Thread-711) [Consumer clientId=consumer-Consumer-topic-6e31f6fd_b1ed_4cdf_ab1e_06a90efc2ca3-15, groupId=Consumer-topic-6e31f6fd_b1ed_4cdf_ab1e_06a90efc2ca3] Resetting generation and member id due to: consumer pro-actively leaving the group
2025-07-31 20:43:38,174 INFO  [org.apa.kaf.cli.con.int.ConsumerCoordinator] (Thread-711) [Consumer clientId=consumer-Consumer-topic-6e31f6fd_b1ed_4cdf_ab1e_06a90efc2ca3-15, groupId=Consumer-topic-6e31f6fd_b1ed_4cdf_ab1e_06a90efc2ca3] Request joining group due to: consumer pro-actively leaving the group
2025-07-31 20:43:38,674 INFO  [org.apa.kaf.com.met.Metrics] (Thread-711) Metrics scheduler closed
2025-07-31 20:43:38,674 INFO  [org.apa.kaf.com.met.Metrics] (Thread-711) Closing reporter org.apache.kafka.common.metrics.JmxReporter
2025-07-31 20:43:38,674 INFO  [org.apa.kaf.com.met.Metrics] (Thread-711) Closing reporter org.apache.kafka.common.telemetry.internals.ClientTelemetryReporter
2025-07-31 20:43:38,674 INFO  [org.apa.kaf.com.met.Metrics] (Thread-711) Metrics reporters closed
2025-07-31 20:43:38,677 INFO  [org.apa.kaf.com.uti.AppInfoParser] (Thread-711) App info kafka.consumer for consumer-Consumer-topic-6e31f6fd_b1ed_4cdf_ab1e_06a90efc2ca3-15 unregistered
2025-07-31 20:43:38,677 INFO  [org.apa.kaf.cli.con.int.ClassicKafkaConsumer] (Thread-712) [Consumer clientId=consumer-Consumer-topic-7d2bed46_c3db_4e6f_94e8_a4d481a40c86-16, groupId=Consumer-topic-7d2bed46_c3db_4e6f_94e8_a4d481a40c86] Subscribed to topic(s): topic-7d2bed46_c3db_4e6f_94e8_a4d481a40c86
2025-07-31 20:43:38,684 INFO  [org.apa.kaf.cli.Metadata] (Thread-712) [Consumer clientId=consumer-Consumer-topic-7d2bed46_c3db_4e6f_94e8_a4d481a40c86-16, groupId=Consumer-topic-7d2bed46_c3db_4e6f_94e8_a4d481a40c86] Cluster ID: 6lKjf0w6TFCctmqQa8E77g
2025-07-31 20:43:38,686 INFO  [org.apa.kaf.cli.con.int.ConsumerCoordinator] (Thread-712) [Consumer clientId=consumer-Consumer-topic-7d2bed46_c3db_4e6f_94e8_a4d481a40c86-16, groupId=Consumer-topic-7d2bed46_c3db_4e6f_94e8_a4d481a40c86] Discovered group coordinator localhost:32770 (id: 2147483647 rack: null)
2025-07-31 20:43:38,687 INFO  [org.apa.kaf.cli.con.int.ConsumerCoordinator] (Thread-712) [Consumer clientId=consumer-Consumer-topic-7d2bed46_c3db_4e6f_94e8_a4d481a40c86-16, groupId=Consumer-topic-7d2bed46_c3db_4e6f_94e8_a4d481a40c86] (Re-)joining group
2025-07-31 20:43:38,693 INFO  [org.apa.kaf.cli.con.int.ConsumerCoordinator] (Thread-712) [Consumer clientId=consumer-Consumer-topic-7d2bed46_c3db_4e6f_94e8_a4d481a40c86-16, groupId=Consumer-topic-7d2bed46_c3db_4e6f_94e8_a4d481a40c86] Request joining group due to: need to re-join with the given member-id: consumer-Consumer-topic-7d2bed46_c3db_4e6f_94e8_a4d481a40c86-16-47b2e5c9-5561-4cc2-86ed-c27fc54a85bf
2025-07-31 20:43:38,693 INFO  [org.apa.kaf.cli.con.int.ConsumerCoordinator] (Thread-712) [Consumer clientId=consumer-Consumer-topic-7d2bed46_c3db_4e6f_94e8_a4d481a40c86-16, groupId=Consumer-topic-7d2bed46_c3db_4e6f_94e8_a4d481a40c86] (Re-)joining group
2025-07-31 20:43:38,699 INFO  [org.apa.kaf.cli.con.int.ConsumerCoordinator] (Thread-712) [Consumer clientId=consumer-Consumer-topic-7d2bed46_c3db_4e6f_94e8_a4d481a40c86-16, groupId=Consumer-topic-7d2bed46_c3db_4e6f_94e8_a4d481a40c86] Successfully joined group with generation Generation{generationId=1, memberId='consumer-Consumer-topic-7d2bed46_c3db_4e6f_94e8_a4d481a40c86-16-47b2e5c9-5561-4cc2-86ed-c27fc54a85bf', protocol='range'}
2025-07-31 20:43:38,699 INFO  [org.apa.kaf.cli.con.int.ConsumerCoordinator] (Thread-712) [Consumer clientId=consumer-Consumer-topic-7d2bed46_c3db_4e6f_94e8_a4d481a40c86-16, groupId=Consumer-topic-7d2bed46_c3db_4e6f_94e8_a4d481a40c86] Finished assignment for group at generation 1: {consumer-Consumer-topic-7d2bed46_c3db_4e6f_94e8_a4d481a40c86-16-47b2e5c9-5561-4cc2-86ed-c27fc54a85bf=Assignment(partitions=[topic-7d2bed46_c3db_4e6f_94e8_a4d481a40c86-0])}
2025-07-31 20:43:38,706 INFO  [org.apa.kaf.cli.con.int.ConsumerCoordinator] (Thread-712) [Consumer clientId=consumer-Consumer-topic-7d2bed46_c3db_4e6f_94e8_a4d481a40c86-16, groupId=Consumer-topic-7d2bed46_c3db_4e6f_94e8_a4d481a40c86] Successfully synced group in generation Generation{generationId=1, memberId='consumer-Consumer-topic-7d2bed46_c3db_4e6f_94e8_a4d481a40c86-16-47b2e5c9-5561-4cc2-86ed-c27fc54a85bf', protocol='range'}
2025-07-31 20:43:38,706 INFO  [org.apa.kaf.cli.con.int.ConsumerCoordinator] (Thread-712) [Consumer clientId=consumer-Consumer-topic-7d2bed46_c3db_4e6f_94e8_a4d481a40c86-16, groupId=Consumer-topic-7d2bed46_c3db_4e6f_94e8_a4d481a40c86] Notifying assignor about the new Assignment(partitions=[topic-7d2bed46_c3db_4e6f_94e8_a4d481a40c86-0])
2025-07-31 20:43:38,706 INFO  [org.apa.kaf.cli.con.int.ConsumerRebalanceListenerInvoker] (Thread-712) [Consumer clientId=consumer-Consumer-topic-7d2bed46_c3db_4e6f_94e8_a4d481a40c86-16, groupId=Consumer-topic-7d2bed46_c3db_4e6f_94e8_a4d481a40c86] Adding newly assigned partitions: topic-7d2bed46_c3db_4e6f_94e8_a4d481a40c86-0
2025-07-31 20:43:38,707 INFO  [org.apa.kaf.cli.con.int.ConsumerCoordinator] (Thread-712) [Consumer clientId=consumer-Consumer-topic-7d2bed46_c3db_4e6f_94e8_a4d481a40c86-16, groupId=Consumer-topic-7d2bed46_c3db_4e6f_94e8_a4d481a40c86] Found no committed offset for partition topic-7d2bed46_c3db_4e6f_94e8_a4d481a40c86-0
2025-07-31 20:43:38,710 INFO  [org.apa.kaf.cli.con.int.SubscriptionState] (Thread-712) [Consumer clientId=consumer-Consumer-topic-7d2bed46_c3db_4e6f_94e8_a4d481a40c86-16, groupId=Consumer-topic-7d2bed46_c3db_4e6f_94e8_a4d481a40c86] Resetting offset for partition topic-7d2bed46_c3db_4e6f_94e8_a4d481a40c86-0 to position FetchPosition{offset=0, offsetEpoch=Optional.empty, currentLeader=LeaderAndEpoch{leader=Optional[localhost:32770 (id: 0 rack: null)], epoch=0}}.
2025-07-31 20:43:38,951 INFO  [io.api.tes.ser.api.KafkaSerdesTester] (Thread-712) topic-7d2bed46_c3db_4e6f_94e8_a4d481a40c86 0 0 {"key11753994615177": "value-0"}
2025-07-31 20:43:38,951 INFO  [io.api.tes.ser.api.KafkaSerdesTester] (Thread-712) topic-7d2bed46_c3db_4e6f_94e8_a4d481a40c86 0 1 {"key11753994615177": "value-1"}
2025-07-31 20:43:38,951 INFO  [io.api.tes.ser.api.KafkaSerdesTester] (Thread-712) topic-7d2bed46_c3db_4e6f_94e8_a4d481a40c86 0 2 {"key11753994615177": "value-2"}
2025-07-31 20:43:38,951 INFO  [io.api.tes.ser.api.KafkaSerdesTester] (Thread-712) topic-7d2bed46_c3db_4e6f_94e8_a4d481a40c86 0 3 {"key11753994615177": "value-3"}
2025-07-31 20:43:38,951 INFO  [io.api.tes.ser.api.KafkaSerdesTester] (Thread-712) topic-7d2bed46_c3db_4e6f_94e8_a4d481a40c86 0 4 {"key11753994615177": "value-4"}
2025-07-31 20:43:38,951 INFO  [io.api.tes.ser.api.KafkaSerdesTester] (Thread-712) topic-7d2bed46_c3db_4e6f_94e8_a4d481a40c86 0 5 {"key11753994615177": "value-5"}
2025-07-31 20:43:38,951 INFO  [io.api.tes.ser.api.KafkaSerdesTester] (Thread-712) topic-7d2bed46_c3db_4e6f_94e8_a4d481a40c86 0 6 {"key11753994615177": "value-6"}
2025-07-31 20:43:38,951 INFO  [io.api.tes.ser.api.KafkaSerdesTester] (Thread-712) topic-7d2bed46_c3db_4e6f_94e8_a4d481a40c86 0 7 {"key11753994615177": "value-7"}
2025-07-31 20:43:38,951 INFO  [io.api.tes.ser.api.KafkaSerdesTester] (Thread-712) topic-7d2bed46_c3db_4e6f_94e8_a4d481a40c86 0 8 {"key11753994615177": "value-8"}
2025-07-31 20:43:38,951 INFO  [io.api.tes.ser.api.KafkaSerdesTester] (Thread-712) topic-7d2bed46_c3db_4e6f_94e8_a4d481a40c86 0 9 {"key11753994615177": "value-9"}
2025-07-31 20:43:38,951 INFO  [io.api.tes.ser.api.KafkaSerdesTester] (Thread-712) Consumed 10 messages
2025-07-31 20:43:38,954 INFO  [org.apa.kaf.cli.con.int.ConsumerRebalanceListenerInvoker] (Thread-712) [Consumer clientId=consumer-Consumer-topic-7d2bed46_c3db_4e6f_94e8_a4d481a40c86-16, groupId=Consumer-topic-7d2bed46_c3db_4e6f_94e8_a4d481a40c86] Revoke previously assigned partitions topic-7d2bed46_c3db_4e6f_94e8_a4d481a40c86-0
2025-07-31 20:43:38,954 INFO  [org.apa.kaf.cli.con.int.ConsumerCoordinator] (Thread-712) [Consumer clientId=consumer-Consumer-topic-7d2bed46_c3db_4e6f_94e8_a4d481a40c86-16, groupId=Consumer-topic-7d2bed46_c3db_4e6f_94e8_a4d481a40c86] Member consumer-Consumer-topic-7d2bed46_c3db_4e6f_94e8_a4d481a40c86-16-47b2e5c9-5561-4cc2-86ed-c27fc54a85bf sending LeaveGroup request to coordinator localhost:32770 (id: 2147483647 rack: null) due to the consumer is being closed
2025-07-31 20:43:38,954 INFO  [org.apa.kaf.cli.con.int.ConsumerCoordinator] (Thread-712) [Consumer clientId=consumer-Consumer-topic-7d2bed46_c3db_4e6f_94e8_a4d481a40c86-16, groupId=Consumer-topic-7d2bed46_c3db_4e6f_94e8_a4d481a40c86] Resetting generation and member id due to: consumer pro-actively leaving the group
2025-07-31 20:43:38,954 INFO  [org.apa.kaf.cli.con.int.ConsumerCoordinator] (Thread-712) [Consumer clientId=consumer-Consumer-topic-7d2bed46_c3db_4e6f_94e8_a4d481a40c86-16, groupId=Consumer-topic-7d2bed46_c3db_4e6f_94e8_a4d481a40c86] Request joining group due to: consumer pro-actively leaving the group
2025-07-31 20:43:39,454 INFO  [org.apa.kaf.com.met.Metrics] (Thread-712) Metrics scheduler closed
2025-07-31 20:43:39,455 INFO  [org.apa.kaf.com.met.Metrics] (Thread-712) Closing reporter org.apache.kafka.common.metrics.JmxReporter
2025-07-31 20:43:39,455 INFO  [org.apa.kaf.com.met.Metrics] (Thread-712) Closing reporter org.apache.kafka.common.telemetry.internals.ClientTelemetryReporter
2025-07-31 20:43:39,455 INFO  [org.apa.kaf.com.met.Metrics] (Thread-712) Metrics reporters closed
2025-07-31 20:43:39,456 INFO  [org.apa.kaf.com.uti.AppInfoParser] (Thread-712) App info kafka.consumer for consumer-Consumer-topic-7d2bed46_c3db_4e6f_94e8_a4d481a40c86-16 unregistered
2025-07-31 20:43:39,457 INFO  [io.api.tes.uti.TestSeparator] (main) io.apicurio.tests.serdes.apicurio.AvroSerdeIT.testAvroConfluentForMultipleTopics-FINISHED
2025-07-31 20:43:39,457 INFO  [io.api.tes.uti.TestSeparator] (main) ############################################################################
Test passed: testAvroConfluentForMultipleTopics
]]></system-out>
  </testcase>
  <testcase name="testFirstRequestFailsRateLimited" classname="io.apicurio.tests.serdes.apicurio.AvroSerdeIT" time="1.103">
    <system-out><![CDATA[2025-07-31 20:43:39,459 INFO  [io.api.tes.uti.TestSeparator] (main) ############################################################################
2025-07-31 20:43:39,459 INFO  [io.api.tes.uti.TestSeparator] (main) io.apicurio.tests.serdes.apicurio.AvroSerdeIT.testFirstRequestFailsRateLimited-STARTED
2025-07-31 20:43:39,949 WARN  [org.ecl.jet.ser.AbstractConnector] (main) Acceptors should be <= availableProcessors: NetworkTrafficServerConnector@61ae8f75{HTTP/1.1, (http/1.1, h2c)}{0.0.0.0:0} 
2025-07-31 20:43:40,081 INFO  [org.ecl.jet.ser.Server] (main) jetty-11.0.15; built: 2023-04-11T18:37:53.775Z; git: 5bc5e562c8d05c5862505aebe5cf83a61bdbcb96; jvm 17.0.16+8
2025-07-31 20:43:40,116 INFO  [org.ecl.jet.ser.han.ContextHandler] (main) Started o.e.j.s.ServletContextHandler@4aa007c6{/__admin,null,AVAILABLE}
2025-07-31 20:43:40,128 INFO  [org.ecl.jet.ser.han.Con.ROOT] (main) RequestHandlerClass from context returned com.github.tomakehurst.wiremock.http.StubRequestHandler. Normalized mapped under returned 'null'
2025-07-31 20:43:40,131 INFO  [org.ecl.jet.ser.han.ContextHandler] (main) Started o.e.j.s.ServletContextHandler@4da86d09{/,null,AVAILABLE}
2025-07-31 20:43:40,139 INFO  [org.ecl.jet.ser.AbstractConnector] (main) Started NetworkTrafficServerConnector@61ae8f75{HTTP/1.1, (http/1.1, h2c)}{0.0.0.0:45307}
2025-07-31 20:43:40,141 INFO  [org.ecl.jet.ser.Server] (main) Started Server@18b362c2{STARTING}[11.0.15,sto=1000] @73850ms
**** Registry Base URL: http://registry-app-mysql.apps.ci419.apicurio-testing.org:80
2025-07-31 20:43:40,164 INFO  [org.apa.kaf.cli.pro.ProducerConfig] (main) ProducerConfig values: 
	acks = -1
	auto.include.jmx.reporter = true
	batch.size = 16384
	bootstrap.servers = [PLAINTEXT://localhost:32770]
	buffer.memory = 33554432
	client.dns.lookup = use_all_dns_ips
	client.id = Producer-topic-2af5e8e6_7f86_4873_b88d_6f6419b5fd33
	compression.gzip.level = -1
	compression.lz4.level = 9
	compression.type = none
	compression.zstd.level = 3
	connections.max.idle.ms = 10000
	delivery.timeout.ms = 120000
	enable.idempotence = true
	enable.metrics.push = true
	interceptor.classes = []
	key.serializer = class org.apache.kafka.common.serialization.StringSerializer
	linger.ms = 0
	max.block.ms = 60000
	max.in.flight.requests.per.connection = 5
	max.request.size = 1048576
	metadata.max.age.ms = 300000
	metadata.max.idle.ms = 300000
	metadata.recovery.strategy = none
	metric.reporters = []
	metrics.num.samples = 2
	metrics.recording.level = INFO
	metrics.sample.window.ms = 30000
	partitioner.adaptive.partitioning.enable = true
	partitioner.availability.timeout.ms = 0
	partitioner.class = null
	partitioner.ignore.keys = false
	receive.buffer.bytes = 32768
	reconnect.backoff.max.ms = 1000
	reconnect.backoff.ms = 50
	request.timeout.ms = 5000
	retries = 2147483647
	retry.backoff.max.ms = 1000
	retry.backoff.ms = 100
	sasl.client.callback.handler.class = null
	sasl.jaas.config = null
	sasl.kerberos.kinit.cmd = /usr/bin/kinit
	sasl.kerberos.min.time.before.relogin = 60000
	sasl.kerberos.service.name = null
	sasl.kerberos.ticket.renew.jitter = 0.05
	sasl.kerberos.ticket.renew.window.factor = 0.8
	sasl.login.callback.handler.class = null
	sasl.login.class = null
	sasl.login.connect.timeout.ms = null
	sasl.login.read.timeout.ms = null
	sasl.login.refresh.buffer.seconds = 300
	sasl.login.refresh.min.period.seconds = 60
	sasl.login.refresh.window.factor = 0.8
	sasl.login.refresh.window.jitter = 0.05
	sasl.login.retry.backoff.max.ms = 10000
	sasl.login.retry.backoff.ms = 100
	sasl.mechanism = GSSAPI
	sasl.oauthbearer.clock.skew.seconds = 30
	sasl.oauthbearer.expected.audience = null
	sasl.oauthbearer.expected.issuer = null
	sasl.oauthbearer.header.urlencode = false
	sasl.oauthbearer.jwks.endpoint.refresh.ms = 3600000
	sasl.oauthbearer.jwks.endpoint.retry.backoff.max.ms = 10000
	sasl.oauthbearer.jwks.endpoint.retry.backoff.ms = 100
	sasl.oauthbearer.jwks.endpoint.url = null
	sasl.oauthbearer.scope.claim.name = scope
	sasl.oauthbearer.sub.claim.name = sub
	sasl.oauthbearer.token.endpoint.url = null
	security.protocol = PLAINTEXT
	security.providers = null
	send.buffer.bytes = 131072
	socket.connection.setup.timeout.max.ms = 30000
	socket.connection.setup.timeout.ms = 10000
	ssl.cipher.suites = null
	ssl.enabled.protocols = [TLSv1.2, TLSv1.3]
	ssl.endpoint.identification.algorithm = https
	ssl.engine.factory.class = null
	ssl.key.password = null
	ssl.keymanager.algorithm = SunX509
	ssl.keystore.certificate.chain = null
	ssl.keystore.key = null
	ssl.keystore.location = null
	ssl.keystore.password = null
	ssl.keystore.type = JKS
	ssl.protocol = TLSv1.3
	ssl.provider = null
	ssl.secure.random.implementation = null
	ssl.trustmanager.algorithm = PKIX
	ssl.truststore.certificates = null
	ssl.truststore.location = null
	ssl.truststore.password = null
	ssl.truststore.type = JKS
	transaction.timeout.ms = 60000
	transactional.id = null
	value.serializer = class io.apicurio.registry.serde.avro.AvroKafkaSerializer

2025-07-31 20:43:40,165 INFO  [org.apa.kaf.com.tel.int.KafkaMetricsCollector] (main) initializing Kafka metrics collector
2025-07-31 20:43:40,189 INFO  [org.apa.kaf.cli.pro.KafkaProducer] (main) [Producer clientId=Producer-topic-2af5e8e6_7f86_4873_b88d_6f6419b5fd33] Instantiated an idempotent producer.
2025-07-31 20:43:40,194 INFO  [org.apa.kaf.cli.pro.ProducerConfig] (main) These configurations '[apicurio.registry.url, apicurio.registry.artifact-resolver-strategy]' were supplied but are not used yet.
2025-07-31 20:43:40,194 INFO  [org.apa.kaf.com.uti.AppInfoParser] (main) Kafka version: 3.9.1
2025-07-31 20:43:40,196 INFO  [org.apa.kaf.com.uti.AppInfoParser] (main) Kafka commitId: f745dfdcee2b9851
2025-07-31 20:43:40,196 INFO  [org.apa.kaf.com.uti.AppInfoParser] (main) Kafka startTimeMs: 1753994620194
2025-07-31 20:43:40,201 INFO  [io.api.tes.ser.api.KafkaSerdesTester] (Thread-723) Sending message {"keyB": "value-0"} to topic topic-2af5e8e6_7f86_4873_b88d_6f6419b5fd33
2025-07-31 20:43:40,224 WARN  [org.apa.kaf.cli.NetworkClient] (kafka-producer-network-thread | Producer-topic-2af5e8e6_7f86_4873_b88d_6f6419b5fd33) [Producer clientId=Producer-topic-2af5e8e6_7f86_4873_b88d_6f6419b5fd33] The metadata response from the cluster reported a recoverable issue with correlation id 2 : {topic-2af5e8e6_7f86_4873_b88d_6f6419b5fd33=LEADER_NOT_AVAILABLE}
2025-07-31 20:43:40,224 INFO  [org.apa.kaf.cli.Metadata] (kafka-producer-network-thread | Producer-topic-2af5e8e6_7f86_4873_b88d_6f6419b5fd33) [Producer clientId=Producer-topic-2af5e8e6_7f86_4873_b88d_6f6419b5fd33] Cluster ID: 6lKjf0w6TFCctmqQa8E77g
2025-07-31 20:43:40,225 INFO  [org.apa.kaf.cli.pro.int.TransactionManager] (kafka-producer-network-thread | Producer-topic-2af5e8e6_7f86_4873_b88d_6f6419b5fd33) [Producer clientId=Producer-topic-2af5e8e6_7f86_4873_b88d_6f6419b5fd33] ProducerId set to 22 with epoch 0
2025-07-31 20:43:40,331 INFO  [DefaultSchemaResolver] (Thread-723) Retrieving schema content using string: {"type":"record","name":"myrecord","namespace":"mygroup","fields":[{"name":"keyB","type":"string"}]}
2025-07-31 20:43:40,542 INFO  [org.apa.kaf.cli.pro.KafkaProducer] (Thread-723) [Producer clientId=Producer-topic-2af5e8e6_7f86_4873_b88d_6f6419b5fd33] Closing the Kafka producer with timeoutMillis = 9223372036854775807 ms.
2025-07-31 20:43:40,545 INFO  [org.apa.kaf.com.met.Metrics] (Thread-723) Metrics scheduler closed
2025-07-31 20:43:40,545 INFO  [org.apa.kaf.com.met.Metrics] (Thread-723) Closing reporter org.apache.kafka.common.metrics.JmxReporter
2025-07-31 20:43:40,545 INFO  [org.apa.kaf.com.met.Metrics] (Thread-723) Closing reporter org.apache.kafka.common.telemetry.internals.ClientTelemetryReporter
2025-07-31 20:43:40,545 INFO  [org.apa.kaf.com.met.Metrics] (Thread-723) Metrics reporters closed
2025-07-31 20:43:40,549 INFO  [org.apa.kaf.com.uti.AppInfoParser] (Thread-723) App info kafka.producer for Producer-topic-2af5e8e6_7f86_4873_b88d_6f6419b5fd33 unregistered
2025-07-31 20:43:40,549 INFO  [org.ecl.jet.ser.Server] (main) Stopped Server@18b362c2{STOPPING}[11.0.15,sto=1000]
2025-07-31 20:43:40,551 INFO  [org.ecl.jet.ser.Server] (main) Shutdown Server@18b362c2{STOPPING}[11.0.15,sto=1000]
2025-07-31 20:43:40,557 INFO  [org.ecl.jet.ser.AbstractConnector] (main) Stopped NetworkTrafficServerConnector@61ae8f75{HTTP/1.1, (http/1.1, h2c)}{0.0.0.0:0}
2025-07-31 20:43:40,558 INFO  [org.ecl.jet.ser.han.ContextHandler] (main) Stopped o.e.j.s.ServletContextHandler@4da86d09{/,null,STOPPED}
2025-07-31 20:43:40,559 INFO  [org.ecl.jet.ser.han.ContextHandler] (main) Stopped o.e.j.s.ServletContextHandler@4aa007c6{/__admin,null,STOPPED}
2025-07-31 20:43:40,561 INFO  [io.api.tes.uti.TestSeparator] (main) io.apicurio.tests.serdes.apicurio.AvroSerdeIT.testFirstRequestFailsRateLimited-FINISHED
2025-07-31 20:43:40,561 INFO  [io.api.tes.uti.TestSeparator] (main) ############################################################################
Test passed: testFirstRequestFailsRateLimited
]]></system-out>
    <system-err><![CDATA[com.microsoft.kiota.ApiException: the server returned an unexpected status code and no error class is registered for this code 429
	at com.microsoft.kiota.ApiExceptionBuilder.withMessage(ApiExceptionBuilder.java:45)
	at io.kiota.http.vertx.VertXRequestAdapter.throwIfFailedResponse(VertXRequestAdapter.java:370)
	at io.kiota.http.vertx.VertXRequestAdapter.send(VertXRequestAdapter.java:170)
	at io.apicurio.registry.rest.client.search.versions.VersionsRequestBuilder.post(VersionsRequestBuilder.java:94)
	at io.apicurio.registry.resolver.client.RegistryClientFacadeImpl.searchVersionsByContent(RegistryClientFacadeImpl.java:104)
	at io.apicurio.registry.resolver.DefaultSchemaResolver.lambda$handleResolveSchemaByContent$3(DefaultSchemaResolver.java:258)
	at io.apicurio.registry.resolver.cache.ERCache.lambda$getValue$0(ERCache.java:174)
	at io.apicurio.registry.resolver.cache.ERCache.retry(ERCache.java:227)
	at io.apicurio.registry.resolver.cache.ERCache.getValue(ERCache.java:173)
	at io.apicurio.registry.resolver.cache.ERCache.getByContent(ERCache.java:147)
	at io.apicurio.registry.resolver.DefaultSchemaResolver.handleResolveSchemaByContent(DefaultSchemaResolver.java:253)
	at io.apicurio.registry.resolver.DefaultSchemaResolver.getSchemaFromRegistry(DefaultSchemaResolver.java:138)
	at io.apicurio.registry.resolver.DefaultSchemaResolver.lambda$resolveSchema$0(DefaultSchemaResolver.java:84)
	at java.base/java.util.Optional.orElseGet(Optional.java:364)
	at io.apicurio.registry.resolver.DefaultSchemaResolver.resolveSchema(DefaultSchemaResolver.java:84)
	at io.apicurio.registry.serde.AbstractSerializer.serializeData(AbstractSerializer.java:62)
	at io.apicurio.registry.serde.KafkaSerializer.serialize(KafkaSerializer.java:77)
	at org.apache.kafka.clients.producer.KafkaProducer.doSend(KafkaProducer.java:1046)
	at org.apache.kafka.clients.producer.KafkaProducer.send(KafkaProducer.java:993)
	at org.apache.kafka.clients.producer.KafkaProducer.send(KafkaProducer.java:875)
	at io.apicurio.tests.serdes.apicurio.KafkaSerdesTester.lambda$produceMessages$3(KafkaSerdesTester.java:138)
	at java.base/java.util.concurrent.CompletableFuture$AsyncSupply.run(CompletableFuture.java:1768)
	at java.base/java.lang.Thread.run(Thread.java:840)
]]></system-err>
  </testcase>
  <testcase name="testFirstEmptyFieldConfusedAsMagicByte" classname="io.apicurio.tests.serdes.apicurio.AvroSerdeIT" time="1.307">
    <system-out><![CDATA[2025-07-31 20:43:40,567 INFO  [io.api.tes.uti.TestSeparator] (main) ############################################################################
2025-07-31 20:43:40,567 INFO  [io.api.tes.uti.TestSeparator] (main) io.apicurio.tests.serdes.apicurio.AvroSerdeIT.testFirstEmptyFieldConfusedAsMagicByte-STARTED
**** Registry Base URL: http://registry-app-mysql.apps.ci419.apicurio-testing.org:80
2025-07-31 20:43:40,579 INFO  [org.apa.kaf.cli.pro.ProducerConfig] (main) ProducerConfig values: 
	acks = -1
	auto.include.jmx.reporter = true
	batch.size = 16384
	bootstrap.servers = [PLAINTEXT://localhost:32770]
	buffer.memory = 33554432
	client.dns.lookup = use_all_dns_ips
	client.id = Producer-topic-6ac05679_eef5_4704_b664_fc369dd611f9
	compression.gzip.level = -1
	compression.lz4.level = 9
	compression.type = none
	compression.zstd.level = 3
	connections.max.idle.ms = 10000
	delivery.timeout.ms = 120000
	enable.idempotence = true
	enable.metrics.push = true
	interceptor.classes = []
	key.serializer = class org.apache.kafka.common.serialization.StringSerializer
	linger.ms = 0
	max.block.ms = 60000
	max.in.flight.requests.per.connection = 5
	max.request.size = 1048576
	metadata.max.age.ms = 300000
	metadata.max.idle.ms = 300000
	metadata.recovery.strategy = none
	metric.reporters = []
	metrics.num.samples = 2
	metrics.recording.level = INFO
	metrics.sample.window.ms = 30000
	partitioner.adaptive.partitioning.enable = true
	partitioner.availability.timeout.ms = 0
	partitioner.class = null
	partitioner.ignore.keys = false
	receive.buffer.bytes = 32768
	reconnect.backoff.max.ms = 1000
	reconnect.backoff.ms = 50
	request.timeout.ms = 5000
	retries = 2147483647
	retry.backoff.max.ms = 1000
	retry.backoff.ms = 100
	sasl.client.callback.handler.class = null
	sasl.jaas.config = null
	sasl.kerberos.kinit.cmd = /usr/bin/kinit
	sasl.kerberos.min.time.before.relogin = 60000
	sasl.kerberos.service.name = null
	sasl.kerberos.ticket.renew.jitter = 0.05
	sasl.kerberos.ticket.renew.window.factor = 0.8
	sasl.login.callback.handler.class = null
	sasl.login.class = null
	sasl.login.connect.timeout.ms = null
	sasl.login.read.timeout.ms = null
	sasl.login.refresh.buffer.seconds = 300
	sasl.login.refresh.min.period.seconds = 60
	sasl.login.refresh.window.factor = 0.8
	sasl.login.refresh.window.jitter = 0.05
	sasl.login.retry.backoff.max.ms = 10000
	sasl.login.retry.backoff.ms = 100
	sasl.mechanism = GSSAPI
	sasl.oauthbearer.clock.skew.seconds = 30
	sasl.oauthbearer.expected.audience = null
	sasl.oauthbearer.expected.issuer = null
	sasl.oauthbearer.header.urlencode = false
	sasl.oauthbearer.jwks.endpoint.refresh.ms = 3600000
	sasl.oauthbearer.jwks.endpoint.retry.backoff.max.ms = 10000
	sasl.oauthbearer.jwks.endpoint.retry.backoff.ms = 100
	sasl.oauthbearer.jwks.endpoint.url = null
	sasl.oauthbearer.scope.claim.name = scope
	sasl.oauthbearer.sub.claim.name = sub
	sasl.oauthbearer.token.endpoint.url = null
	security.protocol = PLAINTEXT
	security.providers = null
	send.buffer.bytes = 131072
	socket.connection.setup.timeout.max.ms = 30000
	socket.connection.setup.timeout.ms = 10000
	ssl.cipher.suites = null
	ssl.enabled.protocols = [TLSv1.2, TLSv1.3]
	ssl.endpoint.identification.algorithm = https
	ssl.engine.factory.class = null
	ssl.key.password = null
	ssl.keymanager.algorithm = SunX509
	ssl.keystore.certificate.chain = null
	ssl.keystore.key = null
	ssl.keystore.location = null
	ssl.keystore.password = null
	ssl.keystore.type = JKS
	ssl.protocol = TLSv1.3
	ssl.provider = null
	ssl.secure.random.implementation = null
	ssl.trustmanager.algorithm = PKIX
	ssl.truststore.certificates = null
	ssl.truststore.location = null
	ssl.truststore.password = null
	ssl.truststore.type = JKS
	transaction.timeout.ms = 60000
	transactional.id = null
	value.serializer = class io.apicurio.registry.serde.avro.AvroKafkaSerializer

2025-07-31 20:43:40,579 INFO  [org.apa.kaf.com.tel.int.KafkaMetricsCollector] (main) initializing Kafka metrics collector
2025-07-31 20:43:40,588 INFO  [org.apa.kaf.cli.pro.KafkaProducer] (main) [Producer clientId=Producer-topic-6ac05679_eef5_4704_b664_fc369dd611f9] Instantiated an idempotent producer.
2025-07-31 20:43:40,591 INFO  [org.apa.kaf.cli.pro.ProducerConfig] (main) These configurations '[apicurio.registry.url, apicurio.registry.auto-register, apicurio.registry.artifact-resolver-strategy]' were supplied but are not used yet.
2025-07-31 20:43:40,591 INFO  [org.apa.kaf.com.uti.AppInfoParser] (main) Kafka version: 3.9.1
2025-07-31 20:43:40,592 INFO  [org.apa.kaf.com.uti.AppInfoParser] (main) Kafka commitId: f745dfdcee2b9851
2025-07-31 20:43:40,592 INFO  [org.apa.kaf.com.uti.AppInfoParser] (main) Kafka startTimeMs: 1753994620591
2025-07-31 20:43:40,592 INFO  [io.api.tes.ser.api.SimpleSerdesTesterBuilder$SimpleSerdesTester] (main) Using producer configuration: {apicurio.registry.url=http://registry-app-mysql.apps.ci419.apicurio-testing.org:80/apis/registry/v3, apicurio.registry.auto-register=true, apicurio.registry.artifact-resolver-strategy=io.apicurio.registry.serde.strategy.SimpleTopicIdStrategy, value.serializer=io.apicurio.registry.serde.avro.AvroKafkaSerializer, request.timeout.ms=5000, acks=all, bootstrap.servers=PLAINTEXT://localhost:32770, connections.max.idle.ms=10000, key.serializer=org.apache.kafka.common.serialization.StringSerializer, client.id=Producer-topic-6ac05679_eef5_4704_b664_fc369dd611f9}
2025-07-31 20:43:40,592 INFO  [io.api.tes.ser.api.SimpleSerdesTesterBuilder$SimpleSerdesTester] (main) Using consumer configuration: {}
2025-07-31 20:43:40,595 INFO  [io.api.tes.ser.api.KafkaSerdesTester] (Thread-726) Sending message {"username": null} to topic topic-6ac05679_eef5_4704_b664_fc369dd611f9
2025-07-31 20:43:40,626 WARN  [org.apa.kaf.cli.NetworkClient] (kafka-producer-network-thread | Producer-topic-6ac05679_eef5_4704_b664_fc369dd611f9) [Producer clientId=Producer-topic-6ac05679_eef5_4704_b664_fc369dd611f9] The metadata response from the cluster reported a recoverable issue with correlation id 2 : {topic-6ac05679_eef5_4704_b664_fc369dd611f9=LEADER_NOT_AVAILABLE}
2025-07-31 20:43:40,626 INFO  [org.apa.kaf.cli.Metadata] (kafka-producer-network-thread | Producer-topic-6ac05679_eef5_4704_b664_fc369dd611f9) [Producer clientId=Producer-topic-6ac05679_eef5_4704_b664_fc369dd611f9] Cluster ID: 6lKjf0w6TFCctmqQa8E77g
2025-07-31 20:43:40,628 INFO  [org.apa.kaf.cli.pro.int.TransactionManager] (kafka-producer-network-thread | Producer-topic-6ac05679_eef5_4704_b664_fc369dd611f9) [Producer clientId=Producer-topic-6ac05679_eef5_4704_b664_fc369dd611f9] ProducerId set to 23 with epoch 0
2025-07-31 20:43:40,938 INFO  [io.api.tes.ser.api.KafkaSerdesTester] (Thread-726) Sending message {"username": null} to topic topic-6ac05679_eef5_4704_b664_fc369dd611f9
2025-07-31 20:43:40,941 INFO  [io.api.tes.ser.api.KafkaSerdesTester] (Thread-726) Sending message {"username": "value-2"} to topic topic-6ac05679_eef5_4704_b664_fc369dd611f9
2025-07-31 20:43:40,946 INFO  [io.api.tes.ser.api.KafkaSerdesTester] (Thread-726) Sending message {"username": null} to topic topic-6ac05679_eef5_4704_b664_fc369dd611f9
2025-07-31 20:43:40,949 INFO  [io.api.tes.ser.api.KafkaSerdesTester] (Thread-726) Sending message {"username": "value-4"} to topic topic-6ac05679_eef5_4704_b664_fc369dd611f9
2025-07-31 20:43:40,950 INFO  [io.api.tes.ser.api.KafkaSerdesTester] (Thread-726) Sending message {"username": null} to topic topic-6ac05679_eef5_4704_b664_fc369dd611f9
2025-07-31 20:43:40,952 INFO  [io.api.tes.ser.api.KafkaSerdesTester] (Thread-726) Sending message {"username": "value-6"} to topic topic-6ac05679_eef5_4704_b664_fc369dd611f9
2025-07-31 20:43:40,953 INFO  [io.api.tes.ser.api.KafkaSerdesTester] (Thread-726) Sending message {"username": null} to topic topic-6ac05679_eef5_4704_b664_fc369dd611f9
2025-07-31 20:43:40,954 INFO  [io.api.tes.ser.api.KafkaSerdesTester] (Thread-726) Sending message {"username": "value-8"} to topic topic-6ac05679_eef5_4704_b664_fc369dd611f9
2025-07-31 20:43:40,955 INFO  [io.api.tes.ser.api.KafkaSerdesTester] (Thread-726) Sending message {"username": null} to topic topic-6ac05679_eef5_4704_b664_fc369dd611f9
2025-07-31 20:43:40,956 INFO  [io.api.tes.ser.api.KafkaSerdesTester] (Thread-726) Produced 10 messages
2025-07-31 20:43:40,956 INFO  [org.apa.kaf.cli.pro.KafkaProducer] (Thread-726) [Producer clientId=Producer-topic-6ac05679_eef5_4704_b664_fc369dd611f9] Closing the Kafka producer with timeoutMillis = 9223372036854775807 ms.
2025-07-31 20:43:40,957 INFO  [org.apa.kaf.com.met.Metrics] (Thread-726) Metrics scheduler closed
2025-07-31 20:43:40,957 INFO  [org.apa.kaf.com.met.Metrics] (Thread-726) Closing reporter org.apache.kafka.common.metrics.JmxReporter
2025-07-31 20:43:40,957 INFO  [org.apa.kaf.com.met.Metrics] (Thread-726) Closing reporter org.apache.kafka.common.telemetry.internals.ClientTelemetryReporter
2025-07-31 20:43:40,957 INFO  [org.apa.kaf.com.met.Metrics] (Thread-726) Metrics reporters closed
2025-07-31 20:43:40,958 INFO  [org.apa.kaf.com.uti.AppInfoParser] (Thread-726) App info kafka.producer for Producer-topic-6ac05679_eef5_4704_b664_fc369dd611f9 unregistered
**** Registry Base URL: http://registry-app-mysql.apps.ci419.apicurio-testing.org:80
2025-07-31 20:43:41,109 INFO  [org.apa.kaf.cli.con.ConsumerConfig] (main) ConsumerConfig values: 
	allow.auto.create.topics = true
	auto.commit.interval.ms = 500
	auto.include.jmx.reporter = true
	auto.offset.reset = earliest
	bootstrap.servers = [PLAINTEXT://localhost:32770]
	check.crcs = true
	client.dns.lookup = use_all_dns_ips
	client.id = consumer-Consumer-topic-6ac05679_eef5_4704_b664_fc369dd611f9-17
	client.rack = 
	connections.max.idle.ms = 10000
	default.api.timeout.ms = 60000
	enable.auto.commit = true
	enable.metrics.push = true
	exclude.internal.topics = true
	fetch.max.bytes = 52428800
	fetch.max.wait.ms = 500
	fetch.min.bytes = 1
	group.id = Consumer-topic-6ac05679_eef5_4704_b664_fc369dd611f9
	group.instance.id = null
	group.protocol = classic
	group.remote.assignor = null
	heartbeat.interval.ms = 3000
	interceptor.classes = []
	internal.leave.group.on.close = true
	internal.throw.on.fetch.stable.offset.unsupported = false
	isolation.level = read_uncommitted
	key.deserializer = class org.apache.kafka.common.serialization.StringDeserializer
	max.partition.fetch.bytes = 1048576
	max.poll.interval.ms = 300000
	max.poll.records = 500
	metadata.max.age.ms = 300000
	metadata.recovery.strategy = none
	metric.reporters = []
	metrics.num.samples = 2
	metrics.recording.level = INFO
	metrics.sample.window.ms = 30000
	partition.assignment.strategy = [class org.apache.kafka.clients.consumer.RangeAssignor, class org.apache.kafka.clients.consumer.CooperativeStickyAssignor]
	receive.buffer.bytes = 65536
	reconnect.backoff.max.ms = 1000
	reconnect.backoff.ms = 50
	request.timeout.ms = 5000
	retry.backoff.max.ms = 1000
	retry.backoff.ms = 100
	sasl.client.callback.handler.class = null
	sasl.jaas.config = null
	sasl.kerberos.kinit.cmd = /usr/bin/kinit
	sasl.kerberos.min.time.before.relogin = 60000
	sasl.kerberos.service.name = null
	sasl.kerberos.ticket.renew.jitter = 0.05
	sasl.kerberos.ticket.renew.window.factor = 0.8
	sasl.login.callback.handler.class = null
	sasl.login.class = null
	sasl.login.connect.timeout.ms = null
	sasl.login.read.timeout.ms = null
	sasl.login.refresh.buffer.seconds = 300
	sasl.login.refresh.min.period.seconds = 60
	sasl.login.refresh.window.factor = 0.8
	sasl.login.refresh.window.jitter = 0.05
	sasl.login.retry.backoff.max.ms = 10000
	sasl.login.retry.backoff.ms = 100
	sasl.mechanism = GSSAPI
	sasl.oauthbearer.clock.skew.seconds = 30
	sasl.oauthbearer.expected.audience = null
	sasl.oauthbearer.expected.issuer = null
	sasl.oauthbearer.header.urlencode = false
	sasl.oauthbearer.jwks.endpoint.refresh.ms = 3600000
	sasl.oauthbearer.jwks.endpoint.retry.backoff.max.ms = 10000
	sasl.oauthbearer.jwks.endpoint.retry.backoff.ms = 100
	sasl.oauthbearer.jwks.endpoint.url = null
	sasl.oauthbearer.scope.claim.name = scope
	sasl.oauthbearer.sub.claim.name = sub
	sasl.oauthbearer.token.endpoint.url = null
	security.protocol = PLAINTEXT
	security.providers = null
	send.buffer.bytes = 131072
	session.timeout.ms = 45000
	socket.connection.setup.timeout.max.ms = 30000
	socket.connection.setup.timeout.ms = 10000
	ssl.cipher.suites = null
	ssl.enabled.protocols = [TLSv1.2, TLSv1.3]
	ssl.endpoint.identification.algorithm = https
	ssl.engine.factory.class = null
	ssl.key.password = null
	ssl.keymanager.algorithm = SunX509
	ssl.keystore.certificate.chain = null
	ssl.keystore.key = null
	ssl.keystore.location = null
	ssl.keystore.password = null
	ssl.keystore.type = JKS
	ssl.protocol = TLSv1.3
	ssl.provider = null
	ssl.secure.random.implementation = null
	ssl.trustmanager.algorithm = PKIX
	ssl.truststore.certificates = null
	ssl.truststore.location = null
	ssl.truststore.password = null
	ssl.truststore.type = JKS
	value.deserializer = class io.apicurio.registry.serde.avro.AvroKafkaDeserializer

2025-07-31 20:43:41,109 INFO  [org.apa.kaf.com.tel.int.KafkaMetricsCollector] (main) initializing Kafka metrics collector
2025-07-31 20:43:41,117 INFO  [org.apa.kaf.cli.con.ConsumerConfig] (main) These configurations '[apicurio.registry.url]' were supplied but are not used yet.
2025-07-31 20:43:41,117 INFO  [org.apa.kaf.com.uti.AppInfoParser] (main) Kafka version: 3.9.1
2025-07-31 20:43:41,117 INFO  [org.apa.kaf.com.uti.AppInfoParser] (main) Kafka commitId: f745dfdcee2b9851
2025-07-31 20:43:41,117 INFO  [org.apa.kaf.com.uti.AppInfoParser] (main) Kafka startTimeMs: 1753994621117
2025-07-31 20:43:41,117 INFO  [org.apa.kaf.cli.con.int.ClassicKafkaConsumer] (Thread-729) [Consumer clientId=consumer-Consumer-topic-6ac05679_eef5_4704_b664_fc369dd611f9-17, groupId=Consumer-topic-6ac05679_eef5_4704_b664_fc369dd611f9] Subscribed to topic(s): topic-6ac05679_eef5_4704_b664_fc369dd611f9
2025-07-31 20:43:41,121 INFO  [org.apa.kaf.cli.Metadata] (Thread-729) [Consumer clientId=consumer-Consumer-topic-6ac05679_eef5_4704_b664_fc369dd611f9-17, groupId=Consumer-topic-6ac05679_eef5_4704_b664_fc369dd611f9] Cluster ID: 6lKjf0w6TFCctmqQa8E77g
2025-07-31 20:43:41,121 INFO  [org.apa.kaf.cli.con.int.ConsumerCoordinator] (Thread-729) [Consumer clientId=consumer-Consumer-topic-6ac05679_eef5_4704_b664_fc369dd611f9-17, groupId=Consumer-topic-6ac05679_eef5_4704_b664_fc369dd611f9] Discovered group coordinator localhost:32770 (id: 2147483647 rack: null)
2025-07-31 20:43:41,122 INFO  [org.apa.kaf.cli.con.int.ConsumerCoordinator] (Thread-729) [Consumer clientId=consumer-Consumer-topic-6ac05679_eef5_4704_b664_fc369dd611f9-17, groupId=Consumer-topic-6ac05679_eef5_4704_b664_fc369dd611f9] (Re-)joining group
2025-07-31 20:43:41,126 INFO  [org.apa.kaf.cli.con.int.ConsumerCoordinator] (Thread-729) [Consumer clientId=consumer-Consumer-topic-6ac05679_eef5_4704_b664_fc369dd611f9-17, groupId=Consumer-topic-6ac05679_eef5_4704_b664_fc369dd611f9] Request joining group due to: need to re-join with the given member-id: consumer-Consumer-topic-6ac05679_eef5_4704_b664_fc369dd611f9-17-2e45818b-f924-4d5c-9c53-9397c39eb056
2025-07-31 20:43:41,126 INFO  [org.apa.kaf.cli.con.int.ConsumerCoordinator] (Thread-729) [Consumer clientId=consumer-Consumer-topic-6ac05679_eef5_4704_b664_fc369dd611f9-17, groupId=Consumer-topic-6ac05679_eef5_4704_b664_fc369dd611f9] (Re-)joining group
2025-07-31 20:43:41,129 INFO  [org.apa.kaf.cli.con.int.ConsumerCoordinator] (Thread-729) [Consumer clientId=consumer-Consumer-topic-6ac05679_eef5_4704_b664_fc369dd611f9-17, groupId=Consumer-topic-6ac05679_eef5_4704_b664_fc369dd611f9] Successfully joined group with generation Generation{generationId=1, memberId='consumer-Consumer-topic-6ac05679_eef5_4704_b664_fc369dd611f9-17-2e45818b-f924-4d5c-9c53-9397c39eb056', protocol='range'}
2025-07-31 20:43:41,129 INFO  [org.apa.kaf.cli.con.int.ConsumerCoordinator] (Thread-729) [Consumer clientId=consumer-Consumer-topic-6ac05679_eef5_4704_b664_fc369dd611f9-17, groupId=Consumer-topic-6ac05679_eef5_4704_b664_fc369dd611f9] Finished assignment for group at generation 1: {consumer-Consumer-topic-6ac05679_eef5_4704_b664_fc369dd611f9-17-2e45818b-f924-4d5c-9c53-9397c39eb056=Assignment(partitions=[topic-6ac05679_eef5_4704_b664_fc369dd611f9-0])}
2025-07-31 20:43:41,131 INFO  [org.apa.kaf.cli.con.int.ConsumerCoordinator] (Thread-729) [Consumer clientId=consumer-Consumer-topic-6ac05679_eef5_4704_b664_fc369dd611f9-17, groupId=Consumer-topic-6ac05679_eef5_4704_b664_fc369dd611f9] Successfully synced group in generation Generation{generationId=1, memberId='consumer-Consumer-topic-6ac05679_eef5_4704_b664_fc369dd611f9-17-2e45818b-f924-4d5c-9c53-9397c39eb056', protocol='range'}
2025-07-31 20:43:41,131 INFO  [org.apa.kaf.cli.con.int.ConsumerCoordinator] (Thread-729) [Consumer clientId=consumer-Consumer-topic-6ac05679_eef5_4704_b664_fc369dd611f9-17, groupId=Consumer-topic-6ac05679_eef5_4704_b664_fc369dd611f9] Notifying assignor about the new Assignment(partitions=[topic-6ac05679_eef5_4704_b664_fc369dd611f9-0])
2025-07-31 20:43:41,132 INFO  [org.apa.kaf.cli.con.int.ConsumerRebalanceListenerInvoker] (Thread-729) [Consumer clientId=consumer-Consumer-topic-6ac05679_eef5_4704_b664_fc369dd611f9-17, groupId=Consumer-topic-6ac05679_eef5_4704_b664_fc369dd611f9] Adding newly assigned partitions: topic-6ac05679_eef5_4704_b664_fc369dd611f9-0
2025-07-31 20:43:41,132 INFO  [org.apa.kaf.cli.con.int.ConsumerCoordinator] (Thread-729) [Consumer clientId=consumer-Consumer-topic-6ac05679_eef5_4704_b664_fc369dd611f9-17, groupId=Consumer-topic-6ac05679_eef5_4704_b664_fc369dd611f9] Found no committed offset for partition topic-6ac05679_eef5_4704_b664_fc369dd611f9-0
2025-07-31 20:43:41,137 INFO  [org.apa.kaf.cli.con.int.SubscriptionState] (Thread-729) [Consumer clientId=consumer-Consumer-topic-6ac05679_eef5_4704_b664_fc369dd611f9-17, groupId=Consumer-topic-6ac05679_eef5_4704_b664_fc369dd611f9] Resetting offset for partition topic-6ac05679_eef5_4704_b664_fc369dd611f9-0 to position FetchPosition{offset=0, offsetEpoch=Optional.empty, currentLeader=LeaderAndEpoch{leader=Optional[localhost:32770 (id: 0 rack: null)], epoch=0}}.
2025-07-31 20:43:41,366 INFO  [io.api.tes.ser.api.KafkaSerdesTester] (Thread-729) topic-6ac05679_eef5_4704_b664_fc369dd611f9 0 0 {"username": null}
2025-07-31 20:43:41,366 INFO  [io.api.tes.ser.api.KafkaSerdesTester] (Thread-729) topic-6ac05679_eef5_4704_b664_fc369dd611f9 0 1 {"username": null}
2025-07-31 20:43:41,366 INFO  [io.api.tes.ser.api.KafkaSerdesTester] (Thread-729) topic-6ac05679_eef5_4704_b664_fc369dd611f9 0 2 {"username": "value-2"}
2025-07-31 20:43:41,366 INFO  [io.api.tes.ser.api.KafkaSerdesTester] (Thread-729) topic-6ac05679_eef5_4704_b664_fc369dd611f9 0 3 {"username": null}
2025-07-31 20:43:41,366 INFO  [io.api.tes.ser.api.KafkaSerdesTester] (Thread-729) topic-6ac05679_eef5_4704_b664_fc369dd611f9 0 4 {"username": "value-4"}
2025-07-31 20:43:41,366 INFO  [io.api.tes.ser.api.KafkaSerdesTester] (Thread-729) topic-6ac05679_eef5_4704_b664_fc369dd611f9 0 5 {"username": null}
2025-07-31 20:43:41,366 INFO  [io.api.tes.ser.api.KafkaSerdesTester] (Thread-729) topic-6ac05679_eef5_4704_b664_fc369dd611f9 0 6 {"username": "value-6"}
2025-07-31 20:43:41,366 INFO  [io.api.tes.ser.api.KafkaSerdesTester] (Thread-729) topic-6ac05679_eef5_4704_b664_fc369dd611f9 0 7 {"username": null}
2025-07-31 20:43:41,366 INFO  [io.api.tes.ser.api.KafkaSerdesTester] (Thread-729) topic-6ac05679_eef5_4704_b664_fc369dd611f9 0 8 {"username": "value-8"}
2025-07-31 20:43:41,366 INFO  [io.api.tes.ser.api.KafkaSerdesTester] (Thread-729) topic-6ac05679_eef5_4704_b664_fc369dd611f9 0 9 {"username": null}
2025-07-31 20:43:41,366 INFO  [io.api.tes.ser.api.KafkaSerdesTester] (Thread-729) Consumed 10 messages
2025-07-31 20:43:41,369 INFO  [org.apa.kaf.cli.con.int.ConsumerRebalanceListenerInvoker] (Thread-729) [Consumer clientId=consumer-Consumer-topic-6ac05679_eef5_4704_b664_fc369dd611f9-17, groupId=Consumer-topic-6ac05679_eef5_4704_b664_fc369dd611f9] Revoke previously assigned partitions topic-6ac05679_eef5_4704_b664_fc369dd611f9-0
2025-07-31 20:43:41,369 INFO  [org.apa.kaf.cli.con.int.ConsumerCoordinator] (Thread-729) [Consumer clientId=consumer-Consumer-topic-6ac05679_eef5_4704_b664_fc369dd611f9-17, groupId=Consumer-topic-6ac05679_eef5_4704_b664_fc369dd611f9] Member consumer-Consumer-topic-6ac05679_eef5_4704_b664_fc369dd611f9-17-2e45818b-f924-4d5c-9c53-9397c39eb056 sending LeaveGroup request to coordinator localhost:32770 (id: 2147483647 rack: null) due to the consumer is being closed
2025-07-31 20:43:41,369 INFO  [org.apa.kaf.cli.con.int.ConsumerCoordinator] (Thread-729) [Consumer clientId=consumer-Consumer-topic-6ac05679_eef5_4704_b664_fc369dd611f9-17, groupId=Consumer-topic-6ac05679_eef5_4704_b664_fc369dd611f9] Resetting generation and member id due to: consumer pro-actively leaving the group
2025-07-31 20:43:41,369 INFO  [org.apa.kaf.cli.con.int.ConsumerCoordinator] (Thread-729) [Consumer clientId=consumer-Consumer-topic-6ac05679_eef5_4704_b664_fc369dd611f9-17, groupId=Consumer-topic-6ac05679_eef5_4704_b664_fc369dd611f9] Request joining group due to: consumer pro-actively leaving the group
2025-07-31 20:43:41,869 INFO  [org.apa.kaf.com.met.Metrics] (Thread-729) Metrics scheduler closed
2025-07-31 20:43:41,869 INFO  [org.apa.kaf.com.met.Metrics] (Thread-729) Closing reporter org.apache.kafka.common.metrics.JmxReporter
2025-07-31 20:43:41,869 INFO  [org.apa.kaf.com.met.Metrics] (Thread-729) Closing reporter org.apache.kafka.common.telemetry.internals.ClientTelemetryReporter
2025-07-31 20:43:41,869 INFO  [org.apa.kaf.com.met.Metrics] (Thread-729) Metrics reporters closed
2025-07-31 20:43:41,871 INFO  [org.apa.kaf.com.uti.AppInfoParser] (Thread-729) App info kafka.consumer for consumer-Consumer-topic-6ac05679_eef5_4704_b664_fc369dd611f9-17 unregistered
2025-07-31 20:43:41,871 INFO  [io.api.tes.uti.TestSeparator] (main) io.apicurio.tests.serdes.apicurio.AvroSerdeIT.testFirstEmptyFieldConfusedAsMagicByte-FINISHED
2025-07-31 20:43:41,871 INFO  [io.api.tes.uti.TestSeparator] (main) ############################################################################
Test passed: testFirstEmptyFieldConfusedAsMagicByte
]]></system-out>
  </testcase>
  <testcase name="testAvroSerDesFailDifferentSchemaByContent" classname="io.apicurio.tests.serdes.apicurio.AvroSerdeIT" time="1.434">
    <system-out><![CDATA[2025-07-31 20:43:41,874 INFO  [io.api.tes.uti.TestSeparator] (main) ############################################################################
2025-07-31 20:43:41,874 INFO  [io.api.tes.uti.TestSeparator] (main) io.apicurio.tests.serdes.apicurio.AvroSerdeIT.testAvroSerDesFailDifferentSchemaByContent-STARTED
**** Registry Base URL: http://registry-app-mysql.apps.ci419.apicurio-testing.org:80
2025-07-31 20:43:43,060 INFO  [org.apa.kaf.cli.pro.ProducerConfig] (main) ProducerConfig values: 
	acks = -1
	auto.include.jmx.reporter = true
	batch.size = 16384
	bootstrap.servers = [PLAINTEXT://localhost:32770]
	buffer.memory = 33554432
	client.dns.lookup = use_all_dns_ips
	client.id = Producer-topic-2802b433_c63a_4e95_ace2_7b49138c5408
	compression.gzip.level = -1
	compression.lz4.level = 9
	compression.type = none
	compression.zstd.level = 3
	connections.max.idle.ms = 10000
	delivery.timeout.ms = 120000
	enable.idempotence = true
	enable.metrics.push = true
	interceptor.classes = []
	key.serializer = class org.apache.kafka.common.serialization.StringSerializer
	linger.ms = 0
	max.block.ms = 60000
	max.in.flight.requests.per.connection = 5
	max.request.size = 1048576
	metadata.max.age.ms = 300000
	metadata.max.idle.ms = 300000
	metadata.recovery.strategy = none
	metric.reporters = []
	metrics.num.samples = 2
	metrics.recording.level = INFO
	metrics.sample.window.ms = 30000
	partitioner.adaptive.partitioning.enable = true
	partitioner.availability.timeout.ms = 0
	partitioner.class = null
	partitioner.ignore.keys = false
	receive.buffer.bytes = 32768
	reconnect.backoff.max.ms = 1000
	reconnect.backoff.ms = 50
	request.timeout.ms = 5000
	retries = 2147483647
	retry.backoff.max.ms = 1000
	retry.backoff.ms = 100
	sasl.client.callback.handler.class = null
	sasl.jaas.config = null
	sasl.kerberos.kinit.cmd = /usr/bin/kinit
	sasl.kerberos.min.time.before.relogin = 60000
	sasl.kerberos.service.name = null
	sasl.kerberos.ticket.renew.jitter = 0.05
	sasl.kerberos.ticket.renew.window.factor = 0.8
	sasl.login.callback.handler.class = null
	sasl.login.class = null
	sasl.login.connect.timeout.ms = null
	sasl.login.read.timeout.ms = null
	sasl.login.refresh.buffer.seconds = 300
	sasl.login.refresh.min.period.seconds = 60
	sasl.login.refresh.window.factor = 0.8
	sasl.login.refresh.window.jitter = 0.05
	sasl.login.retry.backoff.max.ms = 10000
	sasl.login.retry.backoff.ms = 100
	sasl.mechanism = GSSAPI
	sasl.oauthbearer.clock.skew.seconds = 30
	sasl.oauthbearer.expected.audience = null
	sasl.oauthbearer.expected.issuer = null
	sasl.oauthbearer.header.urlencode = false
	sasl.oauthbearer.jwks.endpoint.refresh.ms = 3600000
	sasl.oauthbearer.jwks.endpoint.retry.backoff.max.ms = 10000
	sasl.oauthbearer.jwks.endpoint.retry.backoff.ms = 100
	sasl.oauthbearer.jwks.endpoint.url = null
	sasl.oauthbearer.scope.claim.name = scope
	sasl.oauthbearer.sub.claim.name = sub
	sasl.oauthbearer.token.endpoint.url = null
	security.protocol = PLAINTEXT
	security.providers = null
	send.buffer.bytes = 131072
	socket.connection.setup.timeout.max.ms = 30000
	socket.connection.setup.timeout.ms = 10000
	ssl.cipher.suites = null
	ssl.enabled.protocols = [TLSv1.2, TLSv1.3]
	ssl.endpoint.identification.algorithm = https
	ssl.engine.factory.class = null
	ssl.key.password = null
	ssl.keymanager.algorithm = SunX509
	ssl.keystore.certificate.chain = null
	ssl.keystore.key = null
	ssl.keystore.location = null
	ssl.keystore.password = null
	ssl.keystore.type = JKS
	ssl.protocol = TLSv1.3
	ssl.provider = null
	ssl.secure.random.implementation = null
	ssl.trustmanager.algorithm = PKIX
	ssl.truststore.certificates = null
	ssl.truststore.location = null
	ssl.truststore.password = null
	ssl.truststore.type = JKS
	transaction.timeout.ms = 60000
	transactional.id = null
	value.serializer = class io.apicurio.registry.serde.avro.AvroKafkaSerializer

2025-07-31 20:43:43,061 INFO  [org.apa.kaf.com.tel.int.KafkaMetricsCollector] (main) initializing Kafka metrics collector
2025-07-31 20:43:43,064 INFO  [org.apa.kaf.cli.pro.KafkaProducer] (main) [Producer clientId=Producer-topic-2802b433_c63a_4e95_ace2_7b49138c5408] Instantiated an idempotent producer.
2025-07-31 20:43:43,066 INFO  [org.apa.kaf.cli.pro.ProducerConfig] (main) These configurations '[apicurio.registry.url, apicurio.registry.artifact-resolver-strategy]' were supplied but are not used yet.
2025-07-31 20:43:43,066 INFO  [org.apa.kaf.com.uti.AppInfoParser] (main) Kafka version: 3.9.1
2025-07-31 20:43:43,066 INFO  [org.apa.kaf.com.uti.AppInfoParser] (main) Kafka commitId: f745dfdcee2b9851
2025-07-31 20:43:43,066 INFO  [org.apa.kaf.com.uti.AppInfoParser] (main) Kafka startTimeMs: 1753994623066
2025-07-31 20:43:43,068 INFO  [io.api.tes.ser.api.KafkaSerdesTester] (Thread-732) Sending message {"keyB": "value-0"} to topic topic-2802b433_c63a_4e95_ace2_7b49138c5408
2025-07-31 20:43:43,071 INFO  [org.apa.kaf.cli.Metadata] (kafka-producer-network-thread | Producer-topic-2802b433_c63a_4e95_ace2_7b49138c5408) [Producer clientId=Producer-topic-2802b433_c63a_4e95_ace2_7b49138c5408] Cluster ID: 6lKjf0w6TFCctmqQa8E77g
2025-07-31 20:43:43,071 INFO  [org.apa.kaf.cli.pro.int.TransactionManager] (kafka-producer-network-thread | Producer-topic-2802b433_c63a_4e95_ace2_7b49138c5408) [Producer clientId=Producer-topic-2802b433_c63a_4e95_ace2_7b49138c5408] ProducerId set to 24 with epoch 0
2025-07-31 20:43:43,071 INFO  [DefaultSchemaResolver] (Thread-732) Retrieving schema content using string: {"type":"record","name":"sd8cdd055x8e4fx46edx98dcx4a3b20b13f29","namespace":"sa4d3e8d3x78bdx42f3x8f8ax2fe4cdede5ee","fields":[{"name":"keyB","type":"string"}]}
2025-07-31 20:43:43,305 INFO  [org.apa.kaf.cli.pro.KafkaProducer] (Thread-732) [Producer clientId=Producer-topic-2802b433_c63a_4e95_ace2_7b49138c5408] Closing the Kafka producer with timeoutMillis = 9223372036854775807 ms.
2025-07-31 20:43:43,306 INFO  [org.apa.kaf.com.met.Metrics] (Thread-732) Metrics scheduler closed
2025-07-31 20:43:43,306 INFO  [org.apa.kaf.com.met.Metrics] (Thread-732) Closing reporter org.apache.kafka.common.metrics.JmxReporter
2025-07-31 20:43:43,306 INFO  [org.apa.kaf.com.met.Metrics] (Thread-732) Closing reporter org.apache.kafka.common.telemetry.internals.ClientTelemetryReporter
2025-07-31 20:43:43,306 INFO  [org.apa.kaf.com.met.Metrics] (Thread-732) Metrics reporters closed
2025-07-31 20:43:43,307 INFO  [org.apa.kaf.com.uti.AppInfoParser] (Thread-732) App info kafka.producer for Producer-topic-2802b433_c63a_4e95_ace2_7b49138c5408 unregistered
2025-07-31 20:43:43,308 INFO  [io.api.tes.uti.TestSeparator] (main) io.apicurio.tests.serdes.apicurio.AvroSerdeIT.testAvroSerDesFailDifferentSchemaByContent-FINISHED
2025-07-31 20:43:43,308 INFO  [io.api.tes.uti.TestSeparator] (main) ############################################################################
Test passed: testAvroSerDesFailDifferentSchemaByContent
]]></system-out>
    <system-err><![CDATA[java.lang.RuntimeException: Could not resolve artifact reference by content: {"type":"record","name":"sd8cdd055x8e4fx46edx98dcx4a3b20b13f29","namespace":"sa4d3e8d3x78bdx42f3x8f8ax2fe4cdede5ee","fields":[{"name":"keyB","type":"string"}]}&ArtifactReference [groupId=sa4d3e8d3x78bdx42f3x8f8ax2fe4cdede5ee, artifactId=sd8cdd055x8e4fx46edx98dcx4a3b20b13f29, version=null, globalId=null, contentId=null, contentHash=null]
	at io.apicurio.registry.resolver.DefaultSchemaResolver.lambda$handleResolveSchemaByContent$3(DefaultSchemaResolver.java:265)
	at io.apicurio.registry.resolver.cache.ERCache.lambda$getValue$0(ERCache.java:174)
	at io.apicurio.registry.resolver.cache.ERCache.retry(ERCache.java:227)
	at io.apicurio.registry.resolver.cache.ERCache.getValue(ERCache.java:173)
	at io.apicurio.registry.resolver.cache.ERCache.getByContent(ERCache.java:147)
	at io.apicurio.registry.resolver.DefaultSchemaResolver.handleResolveSchemaByContent(DefaultSchemaResolver.java:253)
	at io.apicurio.registry.resolver.DefaultSchemaResolver.getSchemaFromRegistry(DefaultSchemaResolver.java:138)
	at io.apicurio.registry.resolver.DefaultSchemaResolver.lambda$resolveSchema$0(DefaultSchemaResolver.java:84)
	at java.base/java.util.Optional.orElseGet(Optional.java:364)
	at io.apicurio.registry.resolver.DefaultSchemaResolver.resolveSchema(DefaultSchemaResolver.java:84)
	at io.apicurio.registry.serde.AbstractSerializer.serializeData(AbstractSerializer.java:62)
	at io.apicurio.registry.serde.KafkaSerializer.serialize(KafkaSerializer.java:77)
	at org.apache.kafka.clients.producer.KafkaProducer.doSend(KafkaProducer.java:1046)
	at org.apache.kafka.clients.producer.KafkaProducer.send(KafkaProducer.java:993)
	at org.apache.kafka.clients.producer.KafkaProducer.send(KafkaProducer.java:875)
	at io.apicurio.tests.serdes.apicurio.KafkaSerdesTester.lambda$produceMessages$3(KafkaSerdesTester.java:138)
	at java.base/java.util.concurrent.CompletableFuture$AsyncSupply.run(CompletableFuture.java:1768)
	at java.base/java.lang.Thread.run(Thread.java:840)
]]></system-err>
  </testcase>
  <testcase name="testGlobalIdInBody" classname="io.apicurio.tests.serdes.apicurio.AvroSerdeIT" time="1.314">
    <system-out><![CDATA[2025-07-31 20:43:43,311 INFO  [io.api.tes.uti.TestSeparator] (main) ############################################################################
2025-07-31 20:43:43,311 INFO  [io.api.tes.uti.TestSeparator] (main) io.apicurio.tests.serdes.apicurio.AvroSerdeIT.testGlobalIdInBody-STARTED
**** Registry Base URL: http://registry-app-mysql.apps.ci419.apicurio-testing.org:80
2025-07-31 20:43:43,315 INFO  [org.apa.kaf.cli.pro.ProducerConfig] (main) ProducerConfig values: 
	acks = -1
	auto.include.jmx.reporter = true
	batch.size = 16384
	bootstrap.servers = [PLAINTEXT://localhost:32770]
	buffer.memory = 33554432
	client.dns.lookup = use_all_dns_ips
	client.id = Producer-topic-cb43a051_c5f7_456f_8b88_80f9ee15c003
	compression.gzip.level = -1
	compression.lz4.level = 9
	compression.type = none
	compression.zstd.level = 3
	connections.max.idle.ms = 10000
	delivery.timeout.ms = 120000
	enable.idempotence = true
	enable.metrics.push = true
	interceptor.classes = []
	key.serializer = class org.apache.kafka.common.serialization.StringSerializer
	linger.ms = 0
	max.block.ms = 60000
	max.in.flight.requests.per.connection = 5
	max.request.size = 1048576
	metadata.max.age.ms = 300000
	metadata.max.idle.ms = 300000
	metadata.recovery.strategy = none
	metric.reporters = []
	metrics.num.samples = 2
	metrics.recording.level = INFO
	metrics.sample.window.ms = 30000
	partitioner.adaptive.partitioning.enable = true
	partitioner.availability.timeout.ms = 0
	partitioner.class = null
	partitioner.ignore.keys = false
	receive.buffer.bytes = 32768
	reconnect.backoff.max.ms = 1000
	reconnect.backoff.ms = 50
	request.timeout.ms = 5000
	retries = 2147483647
	retry.backoff.max.ms = 1000
	retry.backoff.ms = 100
	sasl.client.callback.handler.class = null
	sasl.jaas.config = null
	sasl.kerberos.kinit.cmd = /usr/bin/kinit
	sasl.kerberos.min.time.before.relogin = 60000
	sasl.kerberos.service.name = null
	sasl.kerberos.ticket.renew.jitter = 0.05
	sasl.kerberos.ticket.renew.window.factor = 0.8
	sasl.login.callback.handler.class = null
	sasl.login.class = null
	sasl.login.connect.timeout.ms = null
	sasl.login.read.timeout.ms = null
	sasl.login.refresh.buffer.seconds = 300
	sasl.login.refresh.min.period.seconds = 60
	sasl.login.refresh.window.factor = 0.8
	sasl.login.refresh.window.jitter = 0.05
	sasl.login.retry.backoff.max.ms = 10000
	sasl.login.retry.backoff.ms = 100
	sasl.mechanism = GSSAPI
	sasl.oauthbearer.clock.skew.seconds = 30
	sasl.oauthbearer.expected.audience = null
	sasl.oauthbearer.expected.issuer = null
	sasl.oauthbearer.header.urlencode = false
	sasl.oauthbearer.jwks.endpoint.refresh.ms = 3600000
	sasl.oauthbearer.jwks.endpoint.retry.backoff.max.ms = 10000
	sasl.oauthbearer.jwks.endpoint.retry.backoff.ms = 100
	sasl.oauthbearer.jwks.endpoint.url = null
	sasl.oauthbearer.scope.claim.name = scope
	sasl.oauthbearer.sub.claim.name = sub
	sasl.oauthbearer.token.endpoint.url = null
	security.protocol = PLAINTEXT
	security.providers = null
	send.buffer.bytes = 131072
	socket.connection.setup.timeout.max.ms = 30000
	socket.connection.setup.timeout.ms = 10000
	ssl.cipher.suites = null
	ssl.enabled.protocols = [TLSv1.2, TLSv1.3]
	ssl.endpoint.identification.algorithm = https
	ssl.engine.factory.class = null
	ssl.key.password = null
	ssl.keymanager.algorithm = SunX509
	ssl.keystore.certificate.chain = null
	ssl.keystore.key = null
	ssl.keystore.location = null
	ssl.keystore.password = null
	ssl.keystore.type = JKS
	ssl.protocol = TLSv1.3
	ssl.provider = null
	ssl.secure.random.implementation = null
	ssl.trustmanager.algorithm = PKIX
	ssl.truststore.certificates = null
	ssl.truststore.location = null
	ssl.truststore.password = null
	ssl.truststore.type = JKS
	transaction.timeout.ms = 60000
	transactional.id = null
	value.serializer = class io.apicurio.registry.serde.avro.AvroKafkaSerializer

2025-07-31 20:43:43,316 INFO  [org.apa.kaf.com.tel.int.KafkaMetricsCollector] (main) initializing Kafka metrics collector
2025-07-31 20:43:43,324 INFO  [org.apa.kaf.cli.pro.KafkaProducer] (main) [Producer clientId=Producer-topic-cb43a051_c5f7_456f_8b88_80f9ee15c003] Instantiated an idempotent producer.
2025-07-31 20:43:43,326 INFO  [org.apa.kaf.cli.pro.ProducerConfig] (main) These configurations '[apicurio.registry.url, apicurio.registry.auto-register, apicurio.registry.use-id, apicurio.registry.artifact-resolver-strategy]' were supplied but are not used yet.
2025-07-31 20:43:43,326 INFO  [org.apa.kaf.com.uti.AppInfoParser] (main) Kafka version: 3.9.1
2025-07-31 20:43:43,326 INFO  [org.apa.kaf.com.uti.AppInfoParser] (main) Kafka commitId: f745dfdcee2b9851
2025-07-31 20:43:43,326 INFO  [org.apa.kaf.com.uti.AppInfoParser] (main) Kafka startTimeMs: 1753994623326
2025-07-31 20:43:43,326 INFO  [io.api.tes.ser.api.SimpleSerdesTesterBuilder$SimpleSerdesTester] (main) Using producer configuration: {apicurio.registry.url=http://registry-app-mysql.apps.ci419.apicurio-testing.org:80/apis/registry/v3, apicurio.registry.auto-register=true, apicurio.registry.use-id=globalId, apicurio.registry.artifact-resolver-strategy=io.apicurio.registry.serde.strategy.TopicIdStrategy, value.serializer=io.apicurio.registry.serde.avro.AvroKafkaSerializer, request.timeout.ms=5000, acks=all, bootstrap.servers=PLAINTEXT://localhost:32770, connections.max.idle.ms=10000, key.serializer=org.apache.kafka.common.serialization.StringSerializer, client.id=Producer-topic-cb43a051_c5f7_456f_8b88_80f9ee15c003}
2025-07-31 20:43:43,326 INFO  [io.api.tes.ser.api.SimpleSerdesTesterBuilder$SimpleSerdesTester] (main) Using consumer configuration: {apicurio.registry.use-id=globalId}
2025-07-31 20:43:43,328 INFO  [io.api.tes.ser.api.KafkaSerdesTester] (Thread-735) Sending message {"key11753994623313": "value-0"} to topic topic-cb43a051_c5f7_456f_8b88_80f9ee15c003
2025-07-31 20:43:43,341 WARN  [org.apa.kaf.cli.NetworkClient] (kafka-producer-network-thread | Producer-topic-cb43a051_c5f7_456f_8b88_80f9ee15c003) [Producer clientId=Producer-topic-cb43a051_c5f7_456f_8b88_80f9ee15c003] The metadata response from the cluster reported a recoverable issue with correlation id 2 : {topic-cb43a051_c5f7_456f_8b88_80f9ee15c003=LEADER_NOT_AVAILABLE}
2025-07-31 20:43:43,345 INFO  [org.apa.kaf.cli.Metadata] (kafka-producer-network-thread | Producer-topic-cb43a051_c5f7_456f_8b88_80f9ee15c003) [Producer clientId=Producer-topic-cb43a051_c5f7_456f_8b88_80f9ee15c003] Cluster ID: 6lKjf0w6TFCctmqQa8E77g
2025-07-31 20:43:43,345 INFO  [org.apa.kaf.cli.pro.int.TransactionManager] (kafka-producer-network-thread | Producer-topic-cb43a051_c5f7_456f_8b88_80f9ee15c003) [Producer clientId=Producer-topic-cb43a051_c5f7_456f_8b88_80f9ee15c003] ProducerId set to 25 with epoch 0
2025-07-31 20:43:43,646 INFO  [io.api.tes.ser.api.KafkaSerdesTester] (Thread-735) Sending message {"key11753994623313": "value-1"} to topic topic-cb43a051_c5f7_456f_8b88_80f9ee15c003
2025-07-31 20:43:43,648 INFO  [io.api.tes.ser.api.KafkaSerdesTester] (Thread-735) Sending message {"key11753994623313": "value-2"} to topic topic-cb43a051_c5f7_456f_8b88_80f9ee15c003
2025-07-31 20:43:43,649 INFO  [io.api.tes.ser.api.KafkaSerdesTester] (Thread-735) Sending message {"key11753994623313": "value-3"} to topic topic-cb43a051_c5f7_456f_8b88_80f9ee15c003
2025-07-31 20:43:43,650 INFO  [io.api.tes.ser.api.KafkaSerdesTester] (Thread-735) Sending message {"key11753994623313": "value-4"} to topic topic-cb43a051_c5f7_456f_8b88_80f9ee15c003
2025-07-31 20:43:43,652 INFO  [io.api.tes.ser.api.KafkaSerdesTester] (Thread-735) Sending message {"key11753994623313": "value-5"} to topic topic-cb43a051_c5f7_456f_8b88_80f9ee15c003
2025-07-31 20:43:43,654 INFO  [io.api.tes.ser.api.KafkaSerdesTester] (Thread-735) Sending message {"key11753994623313": "value-6"} to topic topic-cb43a051_c5f7_456f_8b88_80f9ee15c003
2025-07-31 20:43:43,656 INFO  [io.api.tes.ser.api.KafkaSerdesTester] (Thread-735) Sending message {"key11753994623313": "value-7"} to topic topic-cb43a051_c5f7_456f_8b88_80f9ee15c003
2025-07-31 20:43:43,657 INFO  [io.api.tes.ser.api.KafkaSerdesTester] (Thread-735) Sending message {"key11753994623313": "value-8"} to topic topic-cb43a051_c5f7_456f_8b88_80f9ee15c003
2025-07-31 20:43:43,658 INFO  [io.api.tes.ser.api.KafkaSerdesTester] (Thread-735) Sending message {"key11753994623313": "value-9"} to topic topic-cb43a051_c5f7_456f_8b88_80f9ee15c003
2025-07-31 20:43:43,660 INFO  [io.api.tes.ser.api.KafkaSerdesTester] (Thread-735) Produced 10 messages
2025-07-31 20:43:43,660 INFO  [org.apa.kaf.cli.pro.KafkaProducer] (Thread-735) [Producer clientId=Producer-topic-cb43a051_c5f7_456f_8b88_80f9ee15c003] Closing the Kafka producer with timeoutMillis = 9223372036854775807 ms.
2025-07-31 20:43:43,662 INFO  [org.apa.kaf.com.met.Metrics] (Thread-735) Metrics scheduler closed
2025-07-31 20:43:43,662 INFO  [org.apa.kaf.com.met.Metrics] (Thread-735) Closing reporter org.apache.kafka.common.metrics.JmxReporter
2025-07-31 20:43:43,662 INFO  [org.apa.kaf.com.met.Metrics] (Thread-735) Closing reporter org.apache.kafka.common.telemetry.internals.ClientTelemetryReporter
2025-07-31 20:43:43,662 INFO  [org.apa.kaf.com.met.Metrics] (Thread-735) Metrics reporters closed
2025-07-31 20:43:43,664 INFO  [org.apa.kaf.com.uti.AppInfoParser] (Thread-735) App info kafka.producer for Producer-topic-cb43a051_c5f7_456f_8b88_80f9ee15c003 unregistered
**** Registry Base URL: http://registry-app-mysql.apps.ci419.apicurio-testing.org:80
2025-07-31 20:43:43,816 INFO  [org.apa.kaf.cli.con.ConsumerConfig] (main) ConsumerConfig values: 
	allow.auto.create.topics = true
	auto.commit.interval.ms = 500
	auto.include.jmx.reporter = true
	auto.offset.reset = earliest
	bootstrap.servers = [PLAINTEXT://localhost:32770]
	check.crcs = true
	client.dns.lookup = use_all_dns_ips
	client.id = consumer-Consumer-topic-cb43a051_c5f7_456f_8b88_80f9ee15c003-18
	client.rack = 
	connections.max.idle.ms = 10000
	default.api.timeout.ms = 60000
	enable.auto.commit = true
	enable.metrics.push = true
	exclude.internal.topics = true
	fetch.max.bytes = 52428800
	fetch.max.wait.ms = 500
	fetch.min.bytes = 1
	group.id = Consumer-topic-cb43a051_c5f7_456f_8b88_80f9ee15c003
	group.instance.id = null
	group.protocol = classic
	group.remote.assignor = null
	heartbeat.interval.ms = 3000
	interceptor.classes = []
	internal.leave.group.on.close = true
	internal.throw.on.fetch.stable.offset.unsupported = false
	isolation.level = read_uncommitted
	key.deserializer = class org.apache.kafka.common.serialization.StringDeserializer
	max.partition.fetch.bytes = 1048576
	max.poll.interval.ms = 300000
	max.poll.records = 500
	metadata.max.age.ms = 300000
	metadata.recovery.strategy = none
	metric.reporters = []
	metrics.num.samples = 2
	metrics.recording.level = INFO
	metrics.sample.window.ms = 30000
	partition.assignment.strategy = [class org.apache.kafka.clients.consumer.RangeAssignor, class org.apache.kafka.clients.consumer.CooperativeStickyAssignor]
	receive.buffer.bytes = 65536
	reconnect.backoff.max.ms = 1000
	reconnect.backoff.ms = 50
	request.timeout.ms = 5000
	retry.backoff.max.ms = 1000
	retry.backoff.ms = 100
	sasl.client.callback.handler.class = null
	sasl.jaas.config = null
	sasl.kerberos.kinit.cmd = /usr/bin/kinit
	sasl.kerberos.min.time.before.relogin = 60000
	sasl.kerberos.service.name = null
	sasl.kerberos.ticket.renew.jitter = 0.05
	sasl.kerberos.ticket.renew.window.factor = 0.8
	sasl.login.callback.handler.class = null
	sasl.login.class = null
	sasl.login.connect.timeout.ms = null
	sasl.login.read.timeout.ms = null
	sasl.login.refresh.buffer.seconds = 300
	sasl.login.refresh.min.period.seconds = 60
	sasl.login.refresh.window.factor = 0.8
	sasl.login.refresh.window.jitter = 0.05
	sasl.login.retry.backoff.max.ms = 10000
	sasl.login.retry.backoff.ms = 100
	sasl.mechanism = GSSAPI
	sasl.oauthbearer.clock.skew.seconds = 30
	sasl.oauthbearer.expected.audience = null
	sasl.oauthbearer.expected.issuer = null
	sasl.oauthbearer.header.urlencode = false
	sasl.oauthbearer.jwks.endpoint.refresh.ms = 3600000
	sasl.oauthbearer.jwks.endpoint.retry.backoff.max.ms = 10000
	sasl.oauthbearer.jwks.endpoint.retry.backoff.ms = 100
	sasl.oauthbearer.jwks.endpoint.url = null
	sasl.oauthbearer.scope.claim.name = scope
	sasl.oauthbearer.sub.claim.name = sub
	sasl.oauthbearer.token.endpoint.url = null
	security.protocol = PLAINTEXT
	security.providers = null
	send.buffer.bytes = 131072
	session.timeout.ms = 45000
	socket.connection.setup.timeout.max.ms = 30000
	socket.connection.setup.timeout.ms = 10000
	ssl.cipher.suites = null
	ssl.enabled.protocols = [TLSv1.2, TLSv1.3]
	ssl.endpoint.identification.algorithm = https
	ssl.engine.factory.class = null
	ssl.key.password = null
	ssl.keymanager.algorithm = SunX509
	ssl.keystore.certificate.chain = null
	ssl.keystore.key = null
	ssl.keystore.location = null
	ssl.keystore.password = null
	ssl.keystore.type = JKS
	ssl.protocol = TLSv1.3
	ssl.provider = null
	ssl.secure.random.implementation = null
	ssl.trustmanager.algorithm = PKIX
	ssl.truststore.certificates = null
	ssl.truststore.location = null
	ssl.truststore.password = null
	ssl.truststore.type = JKS
	value.deserializer = class io.apicurio.registry.serde.avro.AvroKafkaDeserializer

2025-07-31 20:43:43,816 INFO  [org.apa.kaf.com.tel.int.KafkaMetricsCollector] (main) initializing Kafka metrics collector
2025-07-31 20:43:43,820 INFO  [org.apa.kaf.cli.con.ConsumerConfig] (main) These configurations '[apicurio.registry.url, apicurio.registry.use-id]' were supplied but are not used yet.
2025-07-31 20:43:43,820 INFO  [org.apa.kaf.com.uti.AppInfoParser] (main) Kafka version: 3.9.1
2025-07-31 20:43:43,820 INFO  [org.apa.kaf.com.uti.AppInfoParser] (main) Kafka commitId: f745dfdcee2b9851
2025-07-31 20:43:43,820 INFO  [org.apa.kaf.com.uti.AppInfoParser] (main) Kafka startTimeMs: 1753994623820
2025-07-31 20:43:43,821 INFO  [org.apa.kaf.cli.con.int.ClassicKafkaConsumer] (Thread-738) [Consumer clientId=consumer-Consumer-topic-cb43a051_c5f7_456f_8b88_80f9ee15c003-18, groupId=Consumer-topic-cb43a051_c5f7_456f_8b88_80f9ee15c003] Subscribed to topic(s): topic-cb43a051_c5f7_456f_8b88_80f9ee15c003
2025-07-31 20:43:43,826 INFO  [org.apa.kaf.cli.Metadata] (Thread-738) [Consumer clientId=consumer-Consumer-topic-cb43a051_c5f7_456f_8b88_80f9ee15c003-18, groupId=Consumer-topic-cb43a051_c5f7_456f_8b88_80f9ee15c003] Cluster ID: 6lKjf0w6TFCctmqQa8E77g
2025-07-31 20:43:43,826 INFO  [org.apa.kaf.cli.con.int.ConsumerCoordinator] (Thread-738) [Consumer clientId=consumer-Consumer-topic-cb43a051_c5f7_456f_8b88_80f9ee15c003-18, groupId=Consumer-topic-cb43a051_c5f7_456f_8b88_80f9ee15c003] Discovered group coordinator localhost:32770 (id: 2147483647 rack: null)
2025-07-31 20:43:43,828 INFO  [org.apa.kaf.cli.con.int.ConsumerCoordinator] (Thread-738) [Consumer clientId=consumer-Consumer-topic-cb43a051_c5f7_456f_8b88_80f9ee15c003-18, groupId=Consumer-topic-cb43a051_c5f7_456f_8b88_80f9ee15c003] (Re-)joining group
2025-07-31 20:43:43,832 INFO  [org.apa.kaf.cli.con.int.ConsumerCoordinator] (Thread-738) [Consumer clientId=consumer-Consumer-topic-cb43a051_c5f7_456f_8b88_80f9ee15c003-18, groupId=Consumer-topic-cb43a051_c5f7_456f_8b88_80f9ee15c003] Request joining group due to: need to re-join with the given member-id: consumer-Consumer-topic-cb43a051_c5f7_456f_8b88_80f9ee15c003-18-cd2685d7-ee43-4932-95cc-e5b2b15fae99
2025-07-31 20:43:43,832 INFO  [org.apa.kaf.cli.con.int.ConsumerCoordinator] (Thread-738) [Consumer clientId=consumer-Consumer-topic-cb43a051_c5f7_456f_8b88_80f9ee15c003-18, groupId=Consumer-topic-cb43a051_c5f7_456f_8b88_80f9ee15c003] (Re-)joining group
2025-07-31 20:43:43,839 INFO  [org.apa.kaf.cli.con.int.ConsumerCoordinator] (Thread-738) [Consumer clientId=consumer-Consumer-topic-cb43a051_c5f7_456f_8b88_80f9ee15c003-18, groupId=Consumer-topic-cb43a051_c5f7_456f_8b88_80f9ee15c003] Successfully joined group with generation Generation{generationId=1, memberId='consumer-Consumer-topic-cb43a051_c5f7_456f_8b88_80f9ee15c003-18-cd2685d7-ee43-4932-95cc-e5b2b15fae99', protocol='range'}
2025-07-31 20:43:43,839 INFO  [org.apa.kaf.cli.con.int.ConsumerCoordinator] (Thread-738) [Consumer clientId=consumer-Consumer-topic-cb43a051_c5f7_456f_8b88_80f9ee15c003-18, groupId=Consumer-topic-cb43a051_c5f7_456f_8b88_80f9ee15c003] Finished assignment for group at generation 1: {consumer-Consumer-topic-cb43a051_c5f7_456f_8b88_80f9ee15c003-18-cd2685d7-ee43-4932-95cc-e5b2b15fae99=Assignment(partitions=[topic-cb43a051_c5f7_456f_8b88_80f9ee15c003-0])}
2025-07-31 20:43:43,861 INFO  [org.apa.kaf.cli.con.int.ConsumerCoordinator] (Thread-738) [Consumer clientId=consumer-Consumer-topic-cb43a051_c5f7_456f_8b88_80f9ee15c003-18, groupId=Consumer-topic-cb43a051_c5f7_456f_8b88_80f9ee15c003] Successfully synced group in generation Generation{generationId=1, memberId='consumer-Consumer-topic-cb43a051_c5f7_456f_8b88_80f9ee15c003-18-cd2685d7-ee43-4932-95cc-e5b2b15fae99', protocol='range'}
2025-07-31 20:43:43,862 INFO  [org.apa.kaf.cli.con.int.ConsumerCoordinator] (Thread-738) [Consumer clientId=consumer-Consumer-topic-cb43a051_c5f7_456f_8b88_80f9ee15c003-18, groupId=Consumer-topic-cb43a051_c5f7_456f_8b88_80f9ee15c003] Notifying assignor about the new Assignment(partitions=[topic-cb43a051_c5f7_456f_8b88_80f9ee15c003-0])
2025-07-31 20:43:43,862 INFO  [org.apa.kaf.cli.con.int.ConsumerRebalanceListenerInvoker] (Thread-738) [Consumer clientId=consumer-Consumer-topic-cb43a051_c5f7_456f_8b88_80f9ee15c003-18, groupId=Consumer-topic-cb43a051_c5f7_456f_8b88_80f9ee15c003] Adding newly assigned partitions: topic-cb43a051_c5f7_456f_8b88_80f9ee15c003-0
2025-07-31 20:43:43,863 INFO  [org.apa.kaf.cli.con.int.ConsumerCoordinator] (Thread-738) [Consumer clientId=consumer-Consumer-topic-cb43a051_c5f7_456f_8b88_80f9ee15c003-18, groupId=Consumer-topic-cb43a051_c5f7_456f_8b88_80f9ee15c003] Found no committed offset for partition topic-cb43a051_c5f7_456f_8b88_80f9ee15c003-0
2025-07-31 20:43:43,867 INFO  [org.apa.kaf.cli.con.int.SubscriptionState] (Thread-738) [Consumer clientId=consumer-Consumer-topic-cb43a051_c5f7_456f_8b88_80f9ee15c003-18, groupId=Consumer-topic-cb43a051_c5f7_456f_8b88_80f9ee15c003] Resetting offset for partition topic-cb43a051_c5f7_456f_8b88_80f9ee15c003-0 to position FetchPosition{offset=0, offsetEpoch=Optional.empty, currentLeader=LeaderAndEpoch{leader=Optional[localhost:32770 (id: 0 rack: null)], epoch=0}}.
2025-07-31 20:43:44,115 INFO  [io.api.tes.ser.api.KafkaSerdesTester] (Thread-738) topic-cb43a051_c5f7_456f_8b88_80f9ee15c003 0 0 {"key11753994623313": "value-0"}
2025-07-31 20:43:44,115 INFO  [io.api.tes.ser.api.KafkaSerdesTester] (Thread-738) topic-cb43a051_c5f7_456f_8b88_80f9ee15c003 0 1 {"key11753994623313": "value-1"}
2025-07-31 20:43:44,115 INFO  [io.api.tes.ser.api.KafkaSerdesTester] (Thread-738) topic-cb43a051_c5f7_456f_8b88_80f9ee15c003 0 2 {"key11753994623313": "value-2"}
2025-07-31 20:43:44,115 INFO  [io.api.tes.ser.api.KafkaSerdesTester] (Thread-738) topic-cb43a051_c5f7_456f_8b88_80f9ee15c003 0 3 {"key11753994623313": "value-3"}
2025-07-31 20:43:44,115 INFO  [io.api.tes.ser.api.KafkaSerdesTester] (Thread-738) topic-cb43a051_c5f7_456f_8b88_80f9ee15c003 0 4 {"key11753994623313": "value-4"}
2025-07-31 20:43:44,115 INFO  [io.api.tes.ser.api.KafkaSerdesTester] (Thread-738) topic-cb43a051_c5f7_456f_8b88_80f9ee15c003 0 5 {"key11753994623313": "value-5"}
2025-07-31 20:43:44,115 INFO  [io.api.tes.ser.api.KafkaSerdesTester] (Thread-738) topic-cb43a051_c5f7_456f_8b88_80f9ee15c003 0 6 {"key11753994623313": "value-6"}
2025-07-31 20:43:44,115 INFO  [io.api.tes.ser.api.KafkaSerdesTester] (Thread-738) topic-cb43a051_c5f7_456f_8b88_80f9ee15c003 0 7 {"key11753994623313": "value-7"}
2025-07-31 20:43:44,116 INFO  [io.api.tes.ser.api.KafkaSerdesTester] (Thread-738) topic-cb43a051_c5f7_456f_8b88_80f9ee15c003 0 8 {"key11753994623313": "value-8"}
2025-07-31 20:43:44,116 INFO  [io.api.tes.ser.api.KafkaSerdesTester] (Thread-738) topic-cb43a051_c5f7_456f_8b88_80f9ee15c003 0 9 {"key11753994623313": "value-9"}
2025-07-31 20:43:44,116 INFO  [io.api.tes.ser.api.KafkaSerdesTester] (Thread-738) Consumed 10 messages
2025-07-31 20:43:44,118 INFO  [org.apa.kaf.cli.con.int.ConsumerRebalanceListenerInvoker] (Thread-738) [Consumer clientId=consumer-Consumer-topic-cb43a051_c5f7_456f_8b88_80f9ee15c003-18, groupId=Consumer-topic-cb43a051_c5f7_456f_8b88_80f9ee15c003] Revoke previously assigned partitions topic-cb43a051_c5f7_456f_8b88_80f9ee15c003-0
2025-07-31 20:43:44,118 INFO  [org.apa.kaf.cli.con.int.ConsumerCoordinator] (Thread-738) [Consumer clientId=consumer-Consumer-topic-cb43a051_c5f7_456f_8b88_80f9ee15c003-18, groupId=Consumer-topic-cb43a051_c5f7_456f_8b88_80f9ee15c003] Member consumer-Consumer-topic-cb43a051_c5f7_456f_8b88_80f9ee15c003-18-cd2685d7-ee43-4932-95cc-e5b2b15fae99 sending LeaveGroup request to coordinator localhost:32770 (id: 2147483647 rack: null) due to the consumer is being closed
2025-07-31 20:43:44,118 INFO  [org.apa.kaf.cli.con.int.ConsumerCoordinator] (Thread-738) [Consumer clientId=consumer-Consumer-topic-cb43a051_c5f7_456f_8b88_80f9ee15c003-18, groupId=Consumer-topic-cb43a051_c5f7_456f_8b88_80f9ee15c003] Resetting generation and member id due to: consumer pro-actively leaving the group
2025-07-31 20:43:44,118 INFO  [org.apa.kaf.cli.con.int.ConsumerCoordinator] (Thread-738) [Consumer clientId=consumer-Consumer-topic-cb43a051_c5f7_456f_8b88_80f9ee15c003-18, groupId=Consumer-topic-cb43a051_c5f7_456f_8b88_80f9ee15c003] Request joining group due to: consumer pro-actively leaving the group
2025-07-31 20:43:44,620 INFO  [org.apa.kaf.com.met.Metrics] (Thread-738) Metrics scheduler closed
2025-07-31 20:43:44,620 INFO  [org.apa.kaf.com.met.Metrics] (Thread-738) Closing reporter org.apache.kafka.common.metrics.JmxReporter
2025-07-31 20:43:44,620 INFO  [org.apa.kaf.com.met.Metrics] (Thread-738) Closing reporter org.apache.kafka.common.telemetry.internals.ClientTelemetryReporter
2025-07-31 20:43:44,620 INFO  [org.apa.kaf.com.met.Metrics] (Thread-738) Metrics reporters closed
2025-07-31 20:43:44,622 INFO  [org.apa.kaf.com.uti.AppInfoParser] (Thread-738) App info kafka.consumer for consumer-Consumer-topic-cb43a051_c5f7_456f_8b88_80f9ee15c003-18 unregistered
2025-07-31 20:43:44,622 INFO  [io.api.tes.uti.TestSeparator] (main) io.apicurio.tests.serdes.apicurio.AvroSerdeIT.testGlobalIdInBody-FINISHED
2025-07-31 20:43:44,622 INFO  [io.api.tes.uti.TestSeparator] (main) ############################################################################
Test passed: testGlobalIdInBody
]]></system-out>
  </testcase>
  <testcase name="testProducerUsesGlobalIdConsumerUsesDefault" classname="io.apicurio.tests.serdes.apicurio.AvroSerdeIT" time="0.0">
    <skipped message="void io.apicurio.tests.serdes.apicurio.AvroSerdeIT.testProducerUsesGlobalIdConsumerUsesDefault() throws java.lang.Exception is @Disabled"/>
  </testcase>
</testsuite>